#                                                                                           --- full sequence --- -------------- this domain -------------   hmm coord   ali coord   env coord
# target name                       accession   tlen query name           accession   qlen   E-value  score  bias   #  of  c-Evalue  i-Evalue  score  bias  from    to  from    to  from    to  acc description of target
#               ------------------- ---------- ----- -------------------- ---------- ----- --------- ------ ----- --- --- --------- --------- ------ ----- ----- ----- ----- ----- ----- ----- ---- ---------------------
TRINITY_DN14395_c0_g1_i1:194-3235   -           1014 10143at7898          -            890  3.1e-199  664.1  58.0   1   2   1.1e-65   1.2e-63  215.5  23.7     2   351    39   416    38   424 0.84 -
TRINITY_DN14395_c0_g1_i1:194-3235   -           1014 10143at7898          -            890  3.1e-199  664.1  58.0   2   2  1.1e-137  1.2e-135  453.7  26.3   360   882   468  1014   450  1014 0.91 -
TRINITY_DN14395_c0_g1_i2:194-3250   -           1019 10143at7898          -            890  8.4e-199  662.7  57.7   1   2   1.1e-65   1.2e-63  215.5  23.7     2   351    39   416    38   424 0.84 -
TRINITY_DN14395_c0_g1_i2:194-3250   -           1019 10143at7898          -            890  8.4e-199  662.7  57.7   2   2    3e-137  3.3e-135  452.3  26.0   360   882   468  1019   450  1019 0.90 -
TRINITY_DN18518_c0_g1_i1:523-3123   -            867 10143at7898          -            890   6.6e-49  166.7  28.9   1   4   1.7e-06   0.00019   19.7   0.4   531   625     9   107     3   112 0.84 -
TRINITY_DN18518_c0_g1_i1:523-3123   -            867 10143at7898          -            890   6.6e-49  166.7  28.9   2   4    0.0014      0.15   10.0   4.6   509   612    60   168    58   180 0.80 -
TRINITY_DN18518_c0_g1_i1:523-3123   -            867 10143at7898          -            890   6.6e-49  166.7  28.9   3   4   1.2e-05    0.0014   16.8   0.4   578   624   236   282   206   305 0.78 -
TRINITY_DN18518_c0_g1_i1:523-3123   -            867 10143at7898          -            890   6.6e-49  166.7  28.9   4   4   9.4e-42     1e-39  136.3  11.0   370   877   338   864   279   867 0.76 -
TRINITY_DN1957_c0_g1_i2:157-2451    -            765 10143at7898          -            890   7.3e-40  136.8  17.2   1   5   0.00071     0.079   11.0   0.0   578   620    14    56     2    63 0.61 -
TRINITY_DN1957_c0_g1_i2:157-2451    -            765 10143at7898          -            890   7.3e-40  136.8  17.2   2   5    0.0021      0.24    9.4   0.2   577   617    61   101    54   119 0.83 -
TRINITY_DN1957_c0_g1_i2:157-2451    -            765 10143at7898          -            890   7.3e-40  136.8  17.2   3   5     0.082         9    4.2   1.0   546   576   314   344   270   371 0.59 -
TRINITY_DN1957_c0_g1_i2:157-2451    -            765 10143at7898          -            890   7.3e-40  136.8  17.2   4   5   8.6e-06   0.00095   17.3   1.3   509   591   325   416   321   418 0.79 -
TRINITY_DN1957_c0_g1_i2:157-2451    -            765 10143at7898          -            890   7.3e-40  136.8  17.2   5   5   8.9e-37   9.9e-35  119.8   2.9   505   873   376   762   371   764 0.80 -
TRINITY_DN2884_c0_g1_i3:74-1402     -            443 10143at7898          -            890   2.1e-31  108.8  45.9   1   4   6.4e-09   7.1e-07   27.7   6.4   506   623    87   207    83   209 0.85 -
TRINITY_DN2884_c0_g1_i3:74-1402     -            443 10143at7898          -            890   2.1e-31  108.8  45.9   2   4     1e-06   0.00012   20.4   6.4   557   625   162   233   157   247 0.86 -
TRINITY_DN2884_c0_g1_i3:74-1402     -            443 10143at7898          -            890   2.1e-31  108.8  45.9   3   4   3.3e-11   3.6e-09   35.2   5.1   506   622   207   326   204   331 0.88 -
TRINITY_DN2884_c0_g1_i3:74-1402     -            443 10143at7898          -            890   2.1e-31  108.8  45.9   4   4   7.3e-21   8.1e-19   67.2   4.2   505   680   254   435   252   441 0.88 -
TRINITY_DN2884_c0_g1_i5:74-1402     -            443 10143at7898          -            890   2.1e-31  108.8  45.9   1   4   6.4e-09   7.1e-07   27.7   6.4   506   623    87   207    83   209 0.85 -
TRINITY_DN2884_c0_g1_i5:74-1402     -            443 10143at7898          -            890   2.1e-31  108.8  45.9   2   4     1e-06   0.00012   20.4   6.4   557   625   162   233   157   247 0.86 -
TRINITY_DN2884_c0_g1_i5:74-1402     -            443 10143at7898          -            890   2.1e-31  108.8  45.9   3   4   3.3e-11   3.6e-09   35.2   5.1   506   622   207   326   204   331 0.88 -
TRINITY_DN2884_c0_g1_i5:74-1402     -            443 10143at7898          -            890   2.1e-31  108.8  45.9   4   4   7.3e-21   8.1e-19   67.2   4.2   505   680   254   435   252   441 0.88 -
TRINITY_DN10110_c0_g1_i2:132-1928   -            599 10143at7898          -            890   1.5e-30  106.0  37.9   1   7   6.6e-07   7.3e-05   21.0   1.1   545   621    68   145    39   148 0.76 -
TRINITY_DN10110_c0_g1_i2:132-1928   -            599 10143at7898          -            890   1.5e-30  106.0  37.9   2   7   1.6e-08   1.7e-06   26.4   3.0   554   618   146   211   143   213 0.88 -
TRINITY_DN10110_c0_g1_i2:132-1928   -            599 10143at7898          -            890   1.5e-30  106.0  37.9   3   7   1.2e-10   1.4e-08   33.3   3.2   555   619   193   258   190   266 0.90 -
TRINITY_DN10110_c0_g1_i2:132-1928   -            599 10143at7898          -            890   1.5e-30  106.0  37.9   4   7   2.7e-06   0.00029   19.0   0.8   533   623   260   353   256   363 0.82 -
TRINITY_DN10110_c0_g1_i2:132-1928   -            599 10143at7898          -            890   1.5e-30  106.0  37.9   5   7      0.94     1e+02    0.7   0.0   572   602   390   420   383   423 0.85 -
TRINITY_DN10110_c0_g1_i2:132-1928   -            599 10143at7898          -            890   1.5e-30  106.0  37.9   6   7   1.4e-10   1.6e-08   33.1   3.7   515   622   428   535   423   540 0.87 -
TRINITY_DN10110_c0_g1_i2:132-1928   -            599 10143at7898          -            890   1.5e-30  106.0  37.9   7   7      0.03       3.4    5.6   0.0   571   615   532   575   529   582 0.79 -
TRINITY_DN8002_c0_g2_i1:163-1395    -            411 10143at7898          -            890   4.5e-30  104.4  25.4   1   4   1.2e-09   1.3e-07   30.1   0.2   543   621    12    90     2    92 0.84 -
TRINITY_DN8002_c0_g2_i1:163-1395    -            411 10143at7898          -            890   4.5e-30  104.4  25.4   2   4   5.7e-11   6.3e-09   34.5   2.5   507   620    92   204    89   208 0.83 -
TRINITY_DN8002_c0_g2_i1:163-1395    -            411 10143at7898          -            890   4.5e-30  104.4  25.4   3   4   3.7e-09   4.1e-07   28.4   1.5   537   618   189   274   187   278 0.88 -
TRINITY_DN8002_c0_g2_i1:163-1395    -            411 10143at7898          -            890   4.5e-30  104.4  25.4   4   4   4.7e-09   5.2e-07   28.1   4.8   508   621   280   392   276   409 0.82 -
TRINITY_DN11092_c2_g1_i1:92-1669    -            526 10143at7898          -            890     1e-27   96.6  23.3   1   4     0.019       2.2    6.2   0.6   532   614    29   111     9   138 0.80 -
TRINITY_DN11092_c2_g1_i1:92-1669    -            526 10143at7898          -            890     1e-27   96.6  23.3   2   4   2.1e-08   2.3e-06   26.0   6.6   503   618    93   211    80   219 0.83 -
TRINITY_DN11092_c2_g1_i1:92-1669    -            526 10143at7898          -            890     1e-27   96.6  23.3   3   4   3.4e-05    0.0037   15.4   0.2   222   274   220   272   211   274 0.82 -
TRINITY_DN11092_c2_g1_i1:92-1669    -            526 10143at7898          -            890     1e-27   96.6  23.3   4   4   1.9e-20   2.1e-18   65.8   3.0   512   687   268   451   266   460 0.85 -
TRINITY_DN11968_c0_g1_i1:655-1782   -            376 10143at7898          -            890   1.2e-27   96.4  24.0   1   4   2.8e-13   3.1e-11   42.1   1.7   513   618    35   143    22   147 0.87 -
TRINITY_DN11968_c0_g1_i1:655-1782   -            376 10143at7898          -            890   1.2e-27   96.4  24.0   2   4     1e-14   1.1e-12   46.9   4.9   509   621    79   194    77   197 0.92 -
TRINITY_DN11968_c0_g1_i1:655-1782   -            376 10143at7898          -            890   1.2e-27   96.4  24.0   3   4   3.9e-05    0.0043   15.2   0.1   130   182   191   245   190   255 0.86 -
TRINITY_DN11968_c0_g1_i1:655-1782   -            376 10143at7898          -            890   1.2e-27   96.4  24.0   4   4   1.9e-08   2.1e-06   26.1   0.5   517   624   254   361   247   376 0.74 -
TRINITY_DN11968_c0_g1_i2:646-1773   -            376 10143at7898          -            890   1.2e-27   96.4  24.0   1   4   2.8e-13   3.1e-11   42.1   1.7   513   618    35   143    22   147 0.87 -
TRINITY_DN11968_c0_g1_i2:646-1773   -            376 10143at7898          -            890   1.2e-27   96.4  24.0   2   4     1e-14   1.1e-12   46.9   4.9   509   621    79   194    77   197 0.92 -
TRINITY_DN11968_c0_g1_i2:646-1773   -            376 10143at7898          -            890   1.2e-27   96.4  24.0   3   4   3.9e-05    0.0043   15.2   0.1   130   182   191   245   190   255 0.86 -
TRINITY_DN11968_c0_g1_i2:646-1773   -            376 10143at7898          -            890   1.2e-27   96.4  24.0   4   4   1.9e-08   2.1e-06   26.1   0.5   517   624   254   361   247   376 0.74 -
TRINITY_DN15575_c0_g1_i1:326-2140   -            605 10143at7898          -            890     4e-27   94.7  34.1   1   3     0.015       1.7    6.6   0.0   155   193     8    46     2    50 0.86 -
TRINITY_DN15575_c0_g1_i1:326-2140   -            605 10143at7898          -            890     4e-27   94.7  34.1   2   3   4.3e-14   4.8e-12   44.8  15.1   125   530    72   503    70   508 0.74 -
TRINITY_DN15575_c0_g1_i1:326-2140   -            605 10143at7898          -            890     4e-27   94.7  34.1   3   3   5.6e-20   6.2e-18   64.3  11.0   358   676   280   604   272   605 0.80 -
TRINITY_DN29863_c0_g1_i6:854-2326   -            491 10143at7898          -            890   7.5e-27   93.8  19.8   1   5   2.1e-07   2.3e-05   22.7   0.1   579   629     8    58     5    63 0.93 -
TRINITY_DN29863_c0_g1_i6:854-2326   -            491 10143at7898          -            890   7.5e-27   93.8  19.8   2   5   3.5e-06   0.00039   18.6   1.2   537   618    57   139    53   144 0.82 -
TRINITY_DN29863_c0_g1_i6:854-2326   -            491 10143at7898          -            890   7.5e-27   93.8  19.8   3   5   1.2e-05    0.0013   16.9   0.2   556   618   145   208   135   212 0.69 -
TRINITY_DN29863_c0_g1_i6:854-2326   -            491 10143at7898          -            890   7.5e-27   93.8  19.8   4   5   1.3e-11   1.4e-09   36.6   0.1   508   618   214   323   211   328 0.86 -
TRINITY_DN29863_c0_g1_i6:854-2326   -            491 10143at7898          -            890   7.5e-27   93.8  19.8   5   5   0.00048     0.054   11.5   0.5   559   616   332   390   325   397 0.75 -
TRINITY_DN29863_c0_g1_i7:836-2308   -            491 10143at7898          -            890   7.5e-27   93.8  19.8   1   5   2.1e-07   2.3e-05   22.7   0.1   579   629     8    58     5    63 0.93 -
TRINITY_DN29863_c0_g1_i7:836-2308   -            491 10143at7898          -            890   7.5e-27   93.8  19.8   2   5   3.5e-06   0.00039   18.6   1.2   537   618    57   139    53   144 0.82 -
TRINITY_DN29863_c0_g1_i7:836-2308   -            491 10143at7898          -            890   7.5e-27   93.8  19.8   3   5   1.2e-05    0.0013   16.9   0.2   556   618   145   208   135   212 0.69 -
TRINITY_DN29863_c0_g1_i7:836-2308   -            491 10143at7898          -            890   7.5e-27   93.8  19.8   4   5   1.3e-11   1.4e-09   36.6   0.1   508   618   214   323   211   328 0.86 -
TRINITY_DN29863_c0_g1_i7:836-2308   -            491 10143at7898          -            890   7.5e-27   93.8  19.8   5   5   0.00048     0.054   11.5   0.5   559   616   332   390   325   397 0.75 -
TRINITY_DN1692_c0_g1_i1:874-2097    -            408 10143at7898          -            890   1.2e-26   93.1  30.3   1   5    0.0012      0.13   10.3   0.0   579   622    19    62     1    63 0.75 -
TRINITY_DN1692_c0_g1_i1:874-2097    -            408 10143at7898          -            890   1.2e-26   93.1  30.3   2   5   3.7e-13   4.1e-11   41.7   1.4   504   621    61   181    56   185 0.84 -
TRINITY_DN1692_c0_g1_i1:874-2097    -            408 10143at7898          -            890   1.2e-26   93.1  30.3   3   5   2.2e-11   2.4e-09   35.8   1.4   504   618    85   202    83   213 0.88 -
TRINITY_DN1692_c0_g1_i1:874-2097    -            408 10143at7898          -            890   1.2e-26   93.1  30.3   4   5   1.3e-05    0.0014   16.8   0.3    86   193   188   293   186   295 0.75 -
TRINITY_DN1692_c0_g1_i1:874-2097    -            408 10143at7898          -            890   1.2e-26   93.1  30.3   5   5     6e-11   6.6e-09   34.4   4.5   504   647   253   400   250   407 0.87 -
TRINITY_DN29863_c0_g1_i3:855-2327   -            491 10143at7898          -            890   1.2e-26   93.0  20.2   1   5     2e-07   2.2e-05   22.7   0.2   579   629     8    58     5    65 0.92 -
TRINITY_DN29863_c0_g1_i3:855-2327   -            491 10143at7898          -            890   1.2e-26   93.0  20.2   2   5   3.8e-06   0.00042   18.5   1.2   538   618    58   139    54   143 0.82 -
TRINITY_DN29863_c0_g1_i3:855-2327   -            491 10143at7898          -            890   1.2e-26   93.0  20.2   3   5   1.1e-05    0.0012   17.0   0.2   555   617   144   207   133   212 0.69 -
TRINITY_DN29863_c0_g1_i3:855-2327   -            491 10143at7898          -            890   1.2e-26   93.0  20.2   4   5   1.1e-11   1.2e-09   36.9   0.1   508   618   214   323   195   330 0.86 -
TRINITY_DN29863_c0_g1_i3:855-2327   -            491 10143at7898          -            890   1.2e-26   93.0  20.2   5   5   0.00044     0.049   11.7   0.4   559   617   332   391   324   398 0.75 -
TRINITY_DN4003_c0_g1_i1:56-1147     -            364 10143at7898          -            890   6.9e-25   87.3   2.2   1   4   2.4e-06   0.00026   19.2   0.2   150   191    74   115    59   120 0.83 -
TRINITY_DN4003_c0_g1_i1:56-1147     -            364 10143at7898          -            890   6.9e-25   87.3   2.2   2   4   1.1e-09   1.2e-07   30.2   0.1   125   186   118   179   115   190 0.91 -
TRINITY_DN4003_c0_g1_i1:56-1147     -            364 10143at7898          -            890   6.9e-25   87.3   2.2   3   4   9.3e-09     1e-06   27.1   0.0   129   193   193   258   185   262 0.88 -
TRINITY_DN4003_c0_g1_i1:56-1147     -            364 10143at7898          -            890   6.9e-25   87.3   2.2   4   4    0.0043      0.47    8.4   0.0   134   180   267   315   258   320 0.84 -
TRINITY_DN13127_c1_g2_i1:454-882    -            143 10143at7898          -            890   1.3e-23   83.1   0.1   1   1   1.4e-25   1.6e-23   82.8   0.1   735   873     3   143     2   143 0.89 -
TRINITY_DN13127_c1_g2_i2:1586-2014  -            143 10143at7898          -            890   1.3e-23   83.1   0.1   1   1   1.4e-25   1.6e-23   82.8   0.1   735   873     3   143     2   143 0.89 -
TRINITY_DN17537_c0_g1_i1:496-1509   -            338 10143at7898          -            890   2.1e-23   82.4   8.0   1   2   9.1e-15     1e-12   47.0   0.5    71   188    53   166    49   173 0.83 -
TRINITY_DN17537_c0_g1_i1:496-1509   -            338 10143at7898          -            890   2.1e-23   82.4   8.0   2   2   5.5e-10   6.1e-08   31.2   0.3   553   616   180   243   164   252 0.90 -
TRINITY_DN26885_c0_g1_i1:4-432      -            143 10143at7898          -            890   4.6e-22   77.9   0.2   1   1   4.6e-24   5.1e-22   77.8   0.2   750   873    10   140     1   142 0.88 -
TRINITY_DN26898_c0_g1_i1:15-1118    -            368 10143at7898          -            890   3.2e-21   75.1  16.2   1   3    0.0093         1    7.3   0.9   563   625     9    73     3   116 0.43 -
TRINITY_DN26898_c0_g1_i1:15-1118    -            368 10143at7898          -            890   3.2e-21   75.1  16.2   2   3     7e-16   7.8e-14   50.7   3.1   510   623   114   226    85   248 0.84 -
TRINITY_DN26898_c0_g1_i1:15-1118    -            368 10143at7898          -            890   3.2e-21   75.1  16.2   3   3   1.4e-07   1.6e-05   23.2   1.6   516   630   238   353   228   360 0.74 -
TRINITY_DN4648_c0_g1_i5:274-1842    -            523 10143at7898          -            890   3.3e-21   75.1  16.6   1   6    0.0044      0.49    8.3   0.1   579   620    12    53     8    58 0.88 -
TRINITY_DN4648_c0_g1_i5:274-1842    -            523 10143at7898          -            890   3.3e-21   75.1  16.6   2   6   7.4e-05    0.0082   14.2   0.1   220   256    34    70    21    75 0.91 -
TRINITY_DN4648_c0_g1_i5:274-1842    -            523 10143at7898          -            890   3.3e-21   75.1  16.6   3   6   7.7e-05    0.0086   14.2   0.2   539   618    63   143    60   145 0.72 -
TRINITY_DN4648_c0_g1_i5:274-1842    -            523 10143at7898          -            890   3.3e-21   75.1  16.6   4   6   4.2e-08   4.7e-06   25.0   2.0   516   619   111   213   107   220 0.72 -
TRINITY_DN4648_c0_g1_i5:274-1842    -            523 10143at7898          -            890   3.3e-21   75.1  16.6   5   6   9.6e-09   1.1e-06   27.1   0.2   509   620   219   329   214   331 0.86 -
TRINITY_DN4648_c0_g1_i5:274-1842    -            523 10143at7898          -            890   3.3e-21   75.1  16.6   6   6    0.0011      0.12   10.4   0.1   207   288   319   399   316   406 0.62 -
TRINITY_DN26898_c0_g1_i2:62-1165    -            368 10143at7898          -            890   4.3e-21   74.7  15.1   1   4      0.15        16    3.3   0.1   223   257     5    39     2    47 0.85 -
TRINITY_DN26898_c0_g1_i2:62-1165    -            368 10143at7898          -            890   4.3e-21   74.7  15.1   2   4     0.027         3    5.7   0.0   556   627    49   116    42   117 0.90 -
TRINITY_DN26898_c0_g1_i2:62-1165    -            368 10143at7898          -            890   4.3e-21   74.7  15.1   3   4     1e-15   1.1e-13   50.1   2.8   510   623   114   226    81   248 0.82 -
TRINITY_DN26898_c0_g1_i2:62-1165    -            368 10143at7898          -            890   4.3e-21   74.7  15.1   4   4   1.4e-07   1.6e-05   23.2   1.7   516   630   238   353   229   361 0.74 -
TRINITY_DN4648_c0_g1_i4:984-2552    -            523 10143at7898          -            890     5e-21   74.5  16.4   1   6    0.0044      0.49    8.4   0.1   579   620    12    53     8    58 0.88 -
TRINITY_DN4648_c0_g1_i4:984-2552    -            523 10143at7898          -            890     5e-21   74.5  16.4   2   6   7.9e-05    0.0088   14.1   0.2   220   256    34    70    23    74 0.91 -
TRINITY_DN4648_c0_g1_i4:984-2552    -            523 10143at7898          -            890     5e-21   74.5  16.4   3   6   0.00022     0.025   12.6   0.1   553   618    77   143    70   146 0.89 -
TRINITY_DN4648_c0_g1_i4:984-2552    -            523 10143at7898          -            890     5e-21   74.5  16.4   4   6   6.7e-07   7.4e-05   21.0   2.6   537   620   130   214   128   223 0.71 -
TRINITY_DN4648_c0_g1_i4:984-2552    -            523 10143at7898          -            890     5e-21   74.5  16.4   5   6   1.1e-08   1.2e-06   26.9   0.2   509   620   219   329   214   332 0.86 -
TRINITY_DN4648_c0_g1_i4:984-2552    -            523 10143at7898          -            890     5e-21   74.5  16.4   6   6   0.00099      0.11   10.5   0.1   207   288   319   399   316   406 0.64 -
TRINITY_DN4648_c0_g1_i1:274-1842    -            523 10143at7898          -            890   8.4e-21   73.7  16.6   1   5   0.00023     0.025   12.6   0.2   220   256    34    70     7    75 0.87 -
TRINITY_DN4648_c0_g1_i1:274-1842    -            523 10143at7898          -            890   8.4e-21   73.7  16.6   2   5   4.3e-05    0.0048   15.0   0.2   537   618    61   143    59   147 0.72 -
TRINITY_DN4648_c0_g1_i1:274-1842    -            523 10143at7898          -            890   8.4e-21   73.7  16.6   3   5   3.7e-07   4.1e-05   21.9   2.4   537   619   130   213   127   217 0.80 -
TRINITY_DN4648_c0_g1_i1:274-1842    -            523 10143at7898          -            890   8.4e-21   73.7  16.6   4   5     1e-08   1.1e-06   27.0   0.2   509   620   219   329   216   332 0.86 -
TRINITY_DN4648_c0_g1_i1:274-1842    -            523 10143at7898          -            890   8.4e-21   73.7  16.6   5   5    0.0012      0.13   10.2   0.1   221   287   334   398   317   406 0.61 -
TRINITY_DN15628_c0_g2_i2:1-2181     -            727 10143at7898          -            890   8.9e-21   73.7  23.7   1   3    0.0013      0.14   10.1   0.9   560   625    57   124    35   127 0.85 -
TRINITY_DN15628_c0_g2_i2:1-2181     -            727 10143at7898          -            890   8.9e-21   73.7  23.7   2   3   1.5e-09   1.7e-07   29.7   5.7   511   623   126   241   124   255 0.89 -
TRINITY_DN15628_c0_g2_i2:1-2181     -            727 10143at7898          -            890   8.9e-21   73.7  23.7   3   3   3.3e-13   3.7e-11   41.9   4.5   504   679   266   444   244   453 0.78 -
TRINITY_DN13127_c1_g3_i1:159-1679   -            507 10143at7898          -            890     4e-20   71.5  33.2   1   4   0.00016     0.017   13.2   0.1   149   192    33    76     8    89 0.81 -
TRINITY_DN13127_c1_g3_i1:159-1679   -            507 10143at7898          -            890     4e-20   71.5  33.2   2   4     7e-09   7.8e-07   27.5  16.4   361   616    94   349    81   354 0.71 -
TRINITY_DN13127_c1_g3_i1:159-1679   -            507 10143at7898          -            890     4e-20   71.5  33.2   3   4   2.4e-08   2.7e-06   25.8   6.7   407   619   191   399   181   405 0.85 -
TRINITY_DN13127_c1_g3_i1:159-1679   -            507 10143at7898          -            890     4e-20   71.5  33.2   4   4   1.9e-11   2.1e-09   36.0   4.7   507   622   356   474   349   489 0.88 -
TRINITY_DN1610_c0_g2_i5:3228-4118   -            297 10143at7898          -            890   6.2e-20   70.9  12.9   1   3   7.5e-13   8.4e-11   40.7   0.3    70   188     4   116     1   129 0.83 -
TRINITY_DN1610_c0_g2_i5:3228-4118   -            297 10143at7898          -            890   6.2e-20   70.9  12.9   2   3   1.1e-08   1.2e-06   26.9   1.9   555   616   135   196   128   211 0.91 -
TRINITY_DN1610_c0_g2_i5:3228-4118   -            297 10143at7898          -            890   6.2e-20   70.9  12.9   3   3    0.0013      0.15   10.1   0.4   138   177   207   245   197   259 0.51 -
TRINITY_DN2534_c0_g2_i4:418-1170    -            251 10143at7898          -            890     7e-20   70.7   9.8   1   2   3.2e-10   3.5e-08   32.0   3.1   515   623     4   114     1   116 0.87 -
TRINITY_DN2534_c0_g2_i4:418-1170    -            251 10143at7898          -            890     7e-20   70.7   9.8   2   2   1.1e-12   1.2e-10   40.2   0.7   554   679   114   247   111   250 0.86 -
TRINITY_DN32578_c0_g1_i1:185-853    -            223 10143at7898          -            890   3.6e-19   68.3  20.1   1   3   1.7e-10   1.9e-08   32.9   4.0   508   618    19   128     4   132 0.88 -
TRINITY_DN32578_c0_g1_i1:185-853    -            223 10143at7898          -            890   3.6e-19   68.3  20.1   2   3   1.3e-11   1.4e-09   36.6   2.7   508   598    65   155    60   158 0.87 -
TRINITY_DN32578_c0_g1_i1:185-853    -            223 10143at7898          -            890   3.6e-19   68.3  20.1   3   3   3.5e-07   3.9e-05   21.9   0.3   537   617   115   195   114   210 0.85 -
TRINITY_DN32578_c0_g1_i2:185-853    -            223 10143at7898          -            890   3.6e-19   68.3  20.1   1   3   1.7e-10   1.9e-08   32.9   4.0   508   618    19   128     4   132 0.88 -
TRINITY_DN32578_c0_g1_i2:185-853    -            223 10143at7898          -            890   3.6e-19   68.3  20.1   2   3   1.3e-11   1.4e-09   36.6   2.7   508   598    65   155    60   158 0.87 -
TRINITY_DN32578_c0_g1_i2:185-853    -            223 10143at7898          -            890   3.6e-19   68.3  20.1   3   3   3.5e-07   3.9e-05   21.9   0.3   537   617   115   195   114   210 0.85 -
TRINITY_DN37520_c0_g1_i1:3-740      -            246 10143at7898          -            890   7.2e-19   67.3   1.1   1   2   4.2e-07   4.6e-05   21.7   0.1   552   619    26    96     8   101 0.79 -
TRINITY_DN37520_c0_g1_i1:3-740      -            246 10143at7898          -            890   7.2e-19   67.3   1.1   2   2   3.7e-14   4.1e-12   45.0   0.1   506   642   100   242    97   246 0.89 -
TRINITY_DN7137_c0_g1_i1:64-2265     -            734 10143at7898          -            890   1.5e-18   66.3  22.6   1   5   2.7e-09   2.9e-07   28.9   3.8   508   600    54   148    50   149 0.88 -
TRINITY_DN7137_c0_g1_i1:64-2265     -            734 10143at7898          -            890   1.5e-18   66.3  22.6   2   5   3.3e-11   3.6e-09   35.2   4.5   504   619   145   262   144   265 0.84 -
TRINITY_DN7137_c0_g1_i1:64-2265     -            734 10143at7898          -            890   1.5e-18   66.3  22.6   3   5     7e-07   7.7e-05   20.9   0.6   556   616   244   305   241   321 0.86 -
TRINITY_DN7137_c0_g1_i1:64-2265     -            734 10143at7898          -            890   1.5e-18   66.3  22.6   4   5   0.00016     0.017   13.1   1.0   508   599   267   360   263   379 0.78 -
TRINITY_DN7137_c0_g1_i1:64-2265     -            734 10143at7898          -            890   1.5e-18   66.3  22.6   5   5     0.048       5.4    4.9   0.1   542   590   325   374   307   402 0.59 -
TRINITY_DN27838_c1_g3_i1:261-842    -            194 10143at7898          -            890   3.1e-18   65.3   3.5   1   2   6.8e-15   7.5e-13   47.4   0.8   500   620     9   127     3   131 0.88 -
TRINITY_DN27838_c1_g3_i1:261-842    -            194 10143at7898          -            890   3.1e-18   65.3   3.5   2   2   2.5e-06   0.00028   19.1   0.0   555   615   130   190   127   192 0.89 -
TRINITY_DN6022_c0_g1_i1:24-1184     -            387 10143at7898          -            890   6.8e-18   64.1  25.1   1   2   3.7e-11   4.1e-09   35.1  14.3   364   596    57   283    57   303 0.83 -
TRINITY_DN6022_c0_g1_i1:24-1184     -            387 10143at7898          -            890   6.8e-18   64.1  25.1   2   2   3.7e-09   4.1e-07   28.5   2.9   506   574   309   377   294   386 0.90 -
TRINITY_DN37419_c0_g1_i1:49-873     -            275 10143at7898          -            890     1e-17   63.6   2.3   1   2   1.1e-12   1.3e-10   40.1   0.2   482   619     2   140     1   150 0.82 -
TRINITY_DN37419_c0_g1_i1:49-873     -            275 10143at7898          -            890     1e-17   63.6   2.3   2   2     9e-08   9.9e-06   23.9   0.2   511   619   147   253   142   260 0.85 -
TRINITY_DN15628_c0_g2_i5:148-1071   -            308 10143at7898          -            890   4.3e-17   61.5  12.2   1   3   2.8e-05    0.0031   15.6   0.1   560   625    35   102    17   105 0.91 -
TRINITY_DN15628_c0_g2_i5:148-1071   -            308 10143at7898          -            890   4.3e-17   61.5  12.2   2   3   9.8e-11   1.1e-08   33.7   4.5   511   621   104   217   102   222 0.89 -
TRINITY_DN15628_c0_g2_i5:148-1071   -            308 10143at7898          -            890   4.3e-17   61.5  12.2   3   3   1.2e-05    0.0013   16.9   0.1   557   623   222   291   218   305 0.84 -
TRINITY_DN27588_c0_g2_i1:1-1461     -            487 10143at7898          -            890   5.8e-16   57.7  38.1   1   3    0.0014      0.16   10.0   6.2   515   621     7   119     5   122 0.79 -
TRINITY_DN27588_c0_g2_i1:1-1461     -            487 10143at7898          -            890   5.8e-16   57.7  38.1   2   3   2.6e-05    0.0029   15.7   3.2   557   636   124   211   119   232 0.62 -
TRINITY_DN27588_c0_g2_i1:1-1461     -            487 10143at7898          -            890   5.8e-16   57.7  38.1   3   3   2.1e-13   2.4e-11   42.5  16.3   481   756   200   485   196   487 0.75 -
TRINITY_DN18660_c0_g1_i1:2-517      -            172 10143at7898          -            890   9.5e-16   57.0  10.3   1   2   4.1e-12   4.6e-10   38.2   1.6   546   618     4    79     1    86 0.86 -
TRINITY_DN18660_c0_g1_i1:2-517      -            172 10143at7898          -            890   9.5e-16   57.0  10.3   2   2   7.6e-08   8.4e-06   24.1   1.8   557   623    87   156    78   170 0.83 -
TRINITY_DN4717_c0_g1_i8:627-1439    -            271 10143at7898          -            890   5.4e-15   54.5   6.9   1   3   2.3e-09   2.5e-07   29.2   0.3   513   630    16   139    12   141 0.80 -
TRINITY_DN4717_c0_g1_i8:627-1439    -            271 10143at7898          -            890   5.4e-15   54.5   6.9   2   3   3.3e-05    0.0036   15.4   0.0   138   187   136   185   134   191 0.91 -
TRINITY_DN4717_c0_g1_i8:627-1439    -            271 10143at7898          -            890   5.4e-15   54.5   6.9   3   3   7.4e-05    0.0082   14.2   0.7   504   569   201   267   195   269 0.85 -
TRINITY_DN1692_c0_g1_i1:1795-2430   -            212 10143at7898          -            890     8e-15   54.0   2.6   1   3   5.6e-10   6.2e-08   31.2   0.5   532   623    31   126    22   130 0.88 -
TRINITY_DN1692_c0_g1_i1:1795-2430   -            212 10143at7898          -            890     8e-15   54.0   2.6   2   3    0.0013      0.14   10.2   0.0   580   622   131   173   126   174 0.90 -
TRINITY_DN1692_c0_g1_i1:1795-2430   -            212 10143at7898          -            890     8e-15   54.0   2.6   3   3   0.00021     0.024   12.7   0.1   504   544   172   211   170   212 0.88 -
TRINITY_DN4717_c0_g1_i7:627-1445    -            273 10143at7898          -            890   1.2e-14   53.3   6.4   1   3   1.9e-09   2.1e-07   29.4   0.3   513   630    18   141    11   143 0.80 -
TRINITY_DN4717_c0_g1_i7:627-1445    -            273 10143at7898          -            890   1.2e-14   53.3   6.4   2   3   9.4e-05      0.01   13.9   0.0   138   187   138   187   134   194 0.90 -
TRINITY_DN4717_c0_g1_i7:627-1445    -            273 10143at7898          -            890   1.2e-14   53.3   6.4   3   3   7.9e-05    0.0087   14.1   0.5   505   569   204   269   196   271 0.84 -
TRINITY_DN4717_c0_g1_i10:627-1439   -            271 10143at7898          -            890   1.4e-14   53.2   6.3   1   3   2.3e-09   2.5e-07   29.2   0.3   513   630    16   139    12   141 0.80 -
TRINITY_DN4717_c0_g1_i10:627-1439   -            271 10143at7898          -            890   1.4e-14   53.2   6.3   2   3   9.2e-05      0.01   13.9   0.0   138   187   136   185   131   191 0.90 -
TRINITY_DN4717_c0_g1_i10:627-1439   -            271 10143at7898          -            890   1.4e-14   53.2   6.3   3   3   7.8e-05    0.0086   14.2   0.5   505   569   202   267   194   269 0.84 -
TRINITY_DN4717_c0_g1_i3:613-1425    -            271 10143at7898          -            890   1.4e-14   53.2   6.3   1   3   2.3e-09   2.5e-07   29.2   0.3   513   630    16   139    12   141 0.80 -
TRINITY_DN4717_c0_g1_i3:613-1425    -            271 10143at7898          -            890   1.4e-14   53.2   6.3   2   3   9.2e-05      0.01   13.9   0.0   138   187   136   185   131   191 0.90 -
TRINITY_DN4717_c0_g1_i3:613-1425    -            271 10143at7898          -            890   1.4e-14   53.2   6.3   3   3   7.8e-05    0.0086   14.2   0.5   505   569   202   267   194   269 0.84 -
TRINITY_DN4717_c0_g1_i9:627-1439    -            271 10143at7898          -            890   1.4e-14   53.2   6.3   1   3   2.3e-09   2.5e-07   29.2   0.3   513   630    16   139    12   141 0.80 -
TRINITY_DN4717_c0_g1_i9:627-1439    -            271 10143at7898          -            890   1.4e-14   53.2   6.3   2   3   9.2e-05      0.01   13.9   0.0   138   187   136   185   131   191 0.90 -
TRINITY_DN4717_c0_g1_i9:627-1439    -            271 10143at7898          -            890   1.4e-14   53.2   6.3   3   3   7.8e-05    0.0086   14.2   0.5   505   569   202   267   194   269 0.84 -
TRINITY_DN2534_c0_g2_i1:104-874     -            257 10143at7898          -            890   1.4e-14   53.1  15.3   1   2   1.1e-07   1.2e-05   23.6   1.3   533   625    38   133    22   135 0.87 -
TRINITY_DN2534_c0_g2_i1:104-874     -            257 10143at7898          -            890   1.4e-14   53.1  15.3   2   2   5.5e-08     6e-06   24.6   0.3   579   623   135   179   133   183 0.92 -
TRINITY_DN4717_c0_g1_i5:627-1517    -            297 10143at7898          -            890   2.2e-14   52.5   6.5   1   3   2.7e-09   2.9e-07   28.9   0.3   513   630    42   165    35   167 0.80 -
TRINITY_DN4717_c0_g1_i5:627-1517    -            297 10143at7898          -            890   2.2e-14   52.5   6.5   2   3   0.00012     0.013   13.6   0.0   138   187   162   211   160   218 0.90 -
TRINITY_DN4717_c0_g1_i5:627-1517    -            297 10143at7898          -            890   2.2e-14   52.5   6.5   3   3   9.1e-05      0.01   13.9   0.5   505   569   228   293   220   295 0.84 -
TRINITY_DN2534_c0_g2_i3:78-932      -            285 10143at7898          -            890   2.3e-14   52.5  15.2   1   2   1.4e-07   1.5e-05   23.3   1.3   533   625    66   161    50   163 0.87 -
TRINITY_DN2534_c0_g2_i3:78-932      -            285 10143at7898          -            890   2.3e-14   52.5  15.2   2   2     7e-08   7.8e-06   24.2   0.3   579   623   163   207   161   210 0.92 -
TRINITY_DN2232_c2_g1_i1:4-681       -            226 10143at7898          -            890   2.4e-14   52.4  10.2   1   3   7.4e-05    0.0082   14.2   2.8   537   620     2    87     1    95 0.77 -
TRINITY_DN2232_c2_g1_i1:4-681       -            226 10143at7898          -            890   2.4e-14   52.4  10.2   2   3   1.4e-11   1.6e-09   36.5   4.7   509   622    69   183    69   186 0.87 -
TRINITY_DN2232_c2_g1_i1:4-681       -            226 10143at7898          -            890   2.4e-14   52.4  10.2   3   3   1.8e-08     2e-06   26.2   0.2   512   594   143   225   141   226 0.46 -
TRINITY_DN2232_c2_g1_i3:4-681       -            226 10143at7898          -            890   2.9e-14   52.1  11.3   1   3   9.9e-05     0.011   13.8   3.7   537   620     2    87     1    97 0.75 -
TRINITY_DN2232_c2_g1_i3:4-681       -            226 10143at7898          -            890   2.9e-14   52.1  11.3   2   3   9.1e-12     1e-09   37.1   5.4   508   623    68   184    66   188 0.87 -
TRINITY_DN2232_c2_g1_i3:4-681       -            226 10143at7898          -            890   2.9e-14   52.1  11.3   3   3   2.7e-08     3e-06   25.6   0.3   512   594   143   225   142   226 0.48 -
TRINITY_DN11818_c0_g3_i1:44-817     -            258 10143at7898          -            890   1.1e-13   50.2   5.4   1   1   1.5e-14   1.6e-12   46.3   5.4   514   678     5   175     3   183 0.82 -
TRINITY_DN2534_c0_g2_i2:5-556       -            184 10143at7898          -            890   1.2e-13   50.1   4.8   1   2   8.7e-09   9.6e-07   27.2   0.4   563   623     9    72     3    76 0.80 -
TRINITY_DN2534_c0_g2_i2:5-556       -            184 10143at7898          -            890   1.2e-13   50.1   4.8   2   2     2e-08   2.3e-06   26.0   0.5   554   652    72   179    69   184 0.83 -
TRINITY_DN2928_c0_g1_i10:132-1166   -            345 10143at7898          -            890   3.3e-13   48.6   8.6   1   2   3.9e-07   4.3e-05   21.8   1.2   512   616    75   182    58   188 0.89 -
TRINITY_DN2928_c0_g1_i10:132-1166   -            345 10143at7898          -            890   3.3e-13   48.6   8.6   2   2   9.1e-10     1e-07   30.5   1.1   505   622   189   303   184   317 0.87 -
TRINITY_DN2928_c0_g1_i11:132-1166   -            345 10143at7898          -            890   3.3e-13   48.6   8.6   1   2   3.9e-07   4.3e-05   21.8   1.2   512   616    75   182    58   188 0.89 -
TRINITY_DN2928_c0_g1_i11:132-1166   -            345 10143at7898          -            890   3.3e-13   48.6   8.6   2   2   9.1e-10     1e-07   30.5   1.1   505   622   189   303   184   317 0.87 -
TRINITY_DN2928_c0_g1_i3:132-1166    -            345 10143at7898          -            890   3.3e-13   48.6   8.6   1   2   3.9e-07   4.3e-05   21.8   1.2   512   616    75   182    58   188 0.89 -
TRINITY_DN2928_c0_g1_i3:132-1166    -            345 10143at7898          -            890   3.3e-13   48.6   8.6   2   2   9.1e-10     1e-07   30.5   1.1   505   622   189   303   184   317 0.87 -
TRINITY_DN2928_c0_g1_i8:132-1166    -            345 10143at7898          -            890   3.3e-13   48.6   8.6   1   2   3.9e-07   4.3e-05   21.8   1.2   512   616    75   182    58   188 0.89 -
TRINITY_DN2928_c0_g1_i8:132-1166    -            345 10143at7898          -            890   3.3e-13   48.6   8.6   2   2   9.1e-10     1e-07   30.5   1.1   505   622   189   303   184   317 0.87 -
TRINITY_DN20994_c0_g7_i1:38-892     -            285 10143at7898          -            890     7e-13   47.5   3.2   1   2   3.8e-08   4.2e-06   25.1   0.4   556   637    79   163    61   167 0.70 -
TRINITY_DN20994_c0_g7_i1:38-892     -            285 10143at7898          -            890     7e-13   47.5   3.2   2   2   2.5e-08   2.7e-06   25.7   0.4   516   616   155   253   151   262 0.84 -
TRINITY_DN5279_c0_g1_i4:5-1150      -            382 10143at7898          -            890   1.5e-12   46.4   8.3   1   2     3e-13   3.3e-11   42.0   4.0   490   625    53   187    41   191 0.85 -
TRINITY_DN5279_c0_g1_i4:5-1150      -            382 10143at7898          -            890   1.5e-12   46.4   8.3   2   2    0.0043      0.48    8.4   0.2   578   617   187   225   173   233 0.73 -
TRINITY_DN5279_c0_g1_i2:5-1117      -            371 10143at7898          -            890   1.6e-12   46.4   7.3   1   2   3.1e-13   3.5e-11   41.9   2.9   491   625    43   176    28   180 0.85 -
TRINITY_DN5279_c0_g1_i2:5-1117      -            371 10143at7898          -            890   1.6e-12   46.4   7.3   2   2    0.0019      0.21    9.6   0.5   565   617   161   214   153   222 0.76 -
TRINITY_DN16127_c0_g1_i2:583-1227   -            215 10143at7898          -            890   1.6e-12   46.3   9.3   1   2     2e-12   2.2e-10   39.3   4.6   508   618    21   132    17   136 0.86 -
TRINITY_DN16127_c0_g1_i2:583-1227   -            215 10143at7898          -            890   1.6e-12   46.3   9.3   2   2    0.0028      0.31    9.0   0.1   223   258   141   176   137   180 0.92 -
TRINITY_DN16127_c0_g1_i3:308-952    -            215 10143at7898          -            890   1.6e-12   46.3   9.3   1   2     2e-12   2.2e-10   39.3   4.6   508   618    21   132    17   136 0.86 -
TRINITY_DN16127_c0_g1_i3:308-952    -            215 10143at7898          -            890   1.6e-12   46.3   9.3   2   2    0.0028      0.31    9.0   0.1   223   258   141   176   137   180 0.92 -
TRINITY_DN16127_c0_g1_i4:205-849    -            215 10143at7898          -            890   1.6e-12   46.3   9.3   1   2     2e-12   2.2e-10   39.3   4.6   508   618    21   132    17   136 0.86 -
TRINITY_DN16127_c0_g1_i4:205-849    -            215 10143at7898          -            890   1.6e-12   46.3   9.3   2   2    0.0028      0.31    9.0   0.1   223   258   141   176   137   180 0.92 -
TRINITY_DN16127_c0_g1_i5:217-861    -            215 10143at7898          -            890   1.6e-12   46.3   9.3   1   2     2e-12   2.2e-10   39.3   4.6   508   618    21   132    17   136 0.86 -
TRINITY_DN16127_c0_g1_i5:217-861    -            215 10143at7898          -            890   1.6e-12   46.3   9.3   2   2    0.0028      0.31    9.0   0.1   223   258   141   176   137   180 0.92 -
TRINITY_DN13639_c0_g1_i1:7-630      -            208 10143at7898          -            890   1.7e-12   46.3   7.5   1   2   6.1e-11   6.8e-09   34.3   1.1   508   627    15   133     2   147 0.51 -
TRINITY_DN13639_c0_g1_i1:7-630      -            208 10143at7898          -            890   1.7e-12   46.3   7.5   2   2   6.8e-06   0.00075   17.7   1.5   554   622   105   174   101   192 0.77 -
TRINITY_DN15628_c1_g2_i1:4-1440     -            479 10143at7898          -            890   2.4e-12   45.8   2.1   1   1   3.3e-14   3.6e-12   45.2   2.1   510   681    33   211     8   218 0.81 -
TRINITY_DN15234_c0_g1_i2:342-2306   -            655 10143at7898          -            890   2.5e-12   45.7  16.5   1   4   1.9e-06   0.00022   19.5   3.3   139   258   343   477   333   484 0.75 -
TRINITY_DN15234_c0_g1_i2:342-2306   -            655 10143at7898          -            890   2.5e-12   45.7  16.5   2   4   1.9e-09   2.1e-07   29.4   1.7   509   596   463   552   462   557 0.89 -
TRINITY_DN15234_c0_g1_i2:342-2306   -            655 10143at7898          -            890   2.5e-12   45.7  16.5   3   4   0.00058     0.064   11.3   0.1   222   257   558   593   553   600 0.91 -
TRINITY_DN15234_c0_g1_i2:342-2306   -            655 10143at7898          -            890   2.5e-12   45.7  16.5   4   4       1.3   1.5e+02    0.1   0.1   222   257   604   641   593   650 0.64 -
TRINITY_DN15234_c0_g1_i1:377-2332   -            652 10143at7898          -            890   3.9e-12   45.1  16.9   1   4   1.6e-06   0.00018   19.7   3.0   139   258   343   477   333   482 0.75 -
TRINITY_DN15234_c0_g1_i1:377-2332   -            652 10143at7898          -            890   3.9e-12   45.1  16.9   2   4   3.9e-07   4.3e-05   21.8   0.5   520   596   474   552   473   556 0.82 -
TRINITY_DN15234_c0_g1_i1:377-2332   -            652 10143at7898          -            890   3.9e-12   45.1  16.9   3   4   0.00055     0.061   11.3   0.2   222   257   558   593   553   602 0.90 -
TRINITY_DN15234_c0_g1_i1:377-2332   -            652 10143at7898          -            890   3.9e-12   45.1  16.9   4   4       1.2   1.3e+02    0.3   0.1   213   257   594   641   588   646 0.64 -
TRINITY_DN40089_c0_g1_i1:5-535      -            177 10143at7898          -            890   4.1e-12   45.0   4.5   1   2   7.1e-08   7.8e-06   24.2   0.9   559   637     4    87     1    88 0.84 -
TRINITY_DN40089_c0_g1_i1:5-535      -            177 10143at7898          -            890   4.1e-12   45.0   4.5   2   2   1.9e-08   2.1e-06   26.1   0.7   537   621    75   160    72   176 0.87 -
TRINITY_DN5279_c0_g1_i3:519-2210    -            564 10143at7898          -            890   4.7e-12   44.8   8.2   1   2     6e-13   6.6e-11   41.0   3.9   490   625    53   187    41   191 0.85 -
TRINITY_DN5279_c0_g1_i3:519-2210    -            564 10143at7898          -            890   4.7e-12   44.8   8.2   2   2    0.0034      0.37    8.7   0.5   565   617   172   225   164   233 0.76 -
TRINITY_DN8002_c0_g2_i1:898-1473    -            192 10143at7898          -            890     5e-12   44.7   8.4   1   2   2.4e-08   2.7e-06   25.8   0.6   547   619     3    76     1    79 0.86 -
TRINITY_DN8002_c0_g2_i1:898-1473    -            192 10143at7898          -            890     5e-12   44.7   8.4   2   2   1.3e-07   1.4e-05   23.3   1.5   508   593    81   167    76   185 0.60 -
TRINITY_DN40428_c0_g1_i1:66-596     -            177 10143at7898          -            890   5.4e-12   44.6   7.7   1   2   4.5e-05    0.0049   15.0   2.8   545   616     7    82     2    84 0.60 -
TRINITY_DN40428_c0_g1_i1:66-596     -            177 10143at7898          -            890   5.4e-12   44.6   7.7   2   2   1.6e-12   1.8e-10   39.6   1.1   508   618    67   176    63   177 0.85 -
TRINITY_DN22773_c0_g1_i7:356-889    -            178 10143at7898          -            890   1.5e-11   43.1   4.6   1   2   7.2e-11     8e-09   34.1   0.8   510   627     6   123     3   126 0.84 -
TRINITY_DN22773_c0_g1_i7:356-889    -            178 10143at7898          -            890   1.5e-11   43.1   4.6   2   2   0.00044     0.049   11.7   0.3   224   274   124   174   118   178 0.68 -
TRINITY_DN1870_c0_g1_i1:988-1542    -            185 10143at7898          -            890   1.7e-11   42.9   3.5   1   3     0.014       1.5    6.7   0.0   151   186    11    45     8    47 0.89 -
TRINITY_DN1870_c0_g1_i1:988-1542    -            185 10143at7898          -            890   1.7e-11   42.9   3.5   2   3   0.00024     0.026   12.6   0.3   580   634    44    96    42   103 0.89 -
TRINITY_DN1870_c0_g1_i1:988-1542    -            185 10143at7898          -            890   1.7e-11   42.9   3.5   3   3   1.3e-08   1.4e-06   26.6   0.7   107   182    83   155    80   167 0.82 -
TRINITY_DN15628_c1_g1_i1:15-788     -            258 10143at7898          -            890   4.2e-11   41.6  12.0   1   3   0.00011     0.012   13.6   0.3   580   617    54    91    36    97 0.85 -
TRINITY_DN15628_c1_g1_i1:15-788     -            258 10143at7898          -            890   4.2e-11   41.6  12.0   2   3    0.0031      0.34    8.9   0.9   579   626   100   147    97   156 0.60 -
TRINITY_DN15628_c1_g1_i1:15-788     -            258 10143at7898          -            890   4.2e-11   41.6  12.0   3   3     2e-08   2.2e-06   26.0   1.6   513   617   150   257   147   258 0.87 -
TRINITY_DN15628_c1_g1_i2:15-788     -            258 10143at7898          -            890   4.2e-11   41.6  12.0   1   3   0.00011     0.012   13.6   0.3   580   617    54    91    36    97 0.85 -
TRINITY_DN15628_c1_g1_i2:15-788     -            258 10143at7898          -            890   4.2e-11   41.6  12.0   2   3    0.0031      0.34    8.9   0.9   579   626   100   147    97   156 0.60 -
TRINITY_DN15628_c1_g1_i2:15-788     -            258 10143at7898          -            890   4.2e-11   41.6  12.0   3   3     2e-08   2.2e-06   26.0   1.6   513   617   150   257   147   258 0.87 -
TRINITY_DN22425_c0_g1_i1:184-696    -            171 10143at7898          -            890   6.5e-11   41.0   7.7   1   2     4e-08   4.5e-06   25.0   2.6   516   619     1   102     1   106 0.83 -
TRINITY_DN22425_c0_g1_i1:184-696    -            171 10143at7898          -            890   6.5e-11   41.0   7.7   2   2   1.1e-07   1.2e-05   23.6   1.5   517   616    70   167    65   169 0.82 -
TRINITY_DN22425_c0_g1_i2:184-696    -            171 10143at7898          -            890   6.5e-11   41.0   7.7   1   2     4e-08   4.5e-06   25.0   2.6   516   619     1   102     1   106 0.83 -
TRINITY_DN22425_c0_g1_i2:184-696    -            171 10143at7898          -            890   6.5e-11   41.0   7.7   2   2   1.1e-07   1.2e-05   23.6   1.5   517   616    70   167    65   169 0.82 -
TRINITY_DN22773_c0_g1_i4:172-960    -            263 10143at7898          -            890   1.5e-10   39.8   7.4   1   3       1.4   1.6e+02    0.0   0.1   559   597    25    63    21    68 0.71 -
TRINITY_DN22773_c0_g1_i4:172-960    -            263 10143at7898          -            890   1.5e-10   39.8   7.4   2   3   4.3e-10   4.7e-08   31.6   0.8   510   628    68   186    65   196 0.81 -
TRINITY_DN22773_c0_g1_i4:172-960    -            263 10143at7898          -            890   1.5e-10   39.8   7.4   3   3   0.00042     0.046   11.7   0.4   509   569   183   241   178   253 0.55 -
TRINITY_DN22773_c0_g1_i11:1024-1665 -            214 10143at7898          -            890   1.8e-10   39.5   6.3   1   2   9.5e-10   1.1e-07   30.4   1.5   509   616    39   146    18   155 0.82 -
TRINITY_DN22773_c0_g1_i11:1024-1665 -            214 10143at7898          -            890   1.8e-10   39.5   6.3   2   2   0.00043     0.048   11.7   0.4   509   566   155   210   151   214 0.42 -
TRINITY_DN22773_c0_g1_i2:1072-1713  -            214 10143at7898          -            890   1.8e-10   39.5   6.3   1   2   9.5e-10   1.1e-07   30.4   1.5   509   616    39   146    18   155 0.82 -
TRINITY_DN22773_c0_g1_i2:1072-1713  -            214 10143at7898          -            890   1.8e-10   39.5   6.3   2   2   0.00043     0.048   11.7   0.4   509   566   155   210   151   214 0.42 -
TRINITY_DN22773_c0_g1_i9:1072-1797  -            242 10143at7898          -            890   2.3e-10   39.2   7.3   1   3       1.3   1.4e+02    0.2   0.1   559   597    25    63    21    68 0.71 -
TRINITY_DN22773_c0_g1_i9:1072-1797  -            242 10143at7898          -            890   2.3e-10   39.2   7.3   2   3   6.1e-10   6.7e-08   31.1   0.5   510   622    68   180    64   187 0.82 -
TRINITY_DN22773_c0_g1_i9:1072-1797  -            242 10143at7898          -            890   2.3e-10   39.2   7.3   3   3    0.0011      0.13   10.3   0.5   224   273   186   235   180   240 0.65 -
TRINITY_DN22773_c0_g1_i6:895-1536   -            214 10143at7898          -            890   2.4e-10   39.1   6.1   1   2   8.1e-10   8.9e-08   30.6   1.2   509   616    39   146    17   153 0.82 -
TRINITY_DN22773_c0_g1_i6:895-1536   -            214 10143at7898          -            890   2.4e-10   39.1   6.1   2   2   0.00065     0.072   11.1   0.2   223   273   157   207   148   213 0.59 -
TRINITY_DN47274_c0_g1_i1:71-511     -            147 10143at7898          -            890   2.5e-10   39.1   5.8   1   2   3.3e-09   3.7e-07   28.6   0.2   560   623     2    68     1    71 0.86 -
TRINITY_DN47274_c0_g1_i1:71-511     -            147 10143at7898          -            890   2.5e-10   39.1   5.8   2   2   7.5e-05    0.0083   14.2   1.2    62   114    67   123    65   127 0.80 -
TRINITY_DN32389_c0_g2_i1:106-819    -            238 10143at7898          -            890   3.6e-10   38.6   6.5   1   2     0.086       9.6    4.1   0.0   226   613    53    87    46    97 0.54 -
TRINITY_DN32389_c0_g2_i1:106-819    -            238 10143at7898          -            890   3.6e-10   38.6   6.5   2   2   1.1e-10   1.3e-08   33.5   6.2   511   652    78   233    75   237 0.82 -
TRINITY_DN28114_c0_g1_i1:955-1332   -            126 10143at7898          -            890   3.6e-10   38.6   1.6   1   2   2.9e-06   0.00032   18.9   0.3   560   618     1    60     1    64 0.87 -
TRINITY_DN28114_c0_g1_i1:955-1332   -            126 10143at7898          -            890   3.6e-10   38.6   1.6   2   2   1.4e-06   0.00016   19.9   0.0   296   350    64   124    59   126 0.51 -
TRINITY_DN28114_c0_g1_i4:349-726    -            126 10143at7898          -            890   3.6e-10   38.6   1.6   1   2   2.9e-06   0.00032   18.9   0.3   560   618     1    60     1    64 0.87 -
TRINITY_DN28114_c0_g1_i4:349-726    -            126 10143at7898          -            890   3.6e-10   38.6   1.6   2   2   1.4e-06   0.00016   19.9   0.0   296   350    64   124    59   126 0.51 -
TRINITY_DN37520_c0_g1_i2:33-593     -            187 10143at7898          -            890   4.9e-10   38.1   0.3   1   2   2.6e-07   2.9e-05   22.3   0.1   554   619    18    86     3    93 0.80 -
TRINITY_DN37520_c0_g1_i2:33-593     -            187 10143at7898          -            890   4.9e-10   38.1   0.3   2   2     9e-05      0.01   13.9   0.0   509   575    93   159    88   179 0.60 -
TRINITY_DN7600_c0_g2_i1:170-550     -            127 10143at7898          -            890   6.2e-10   37.8   5.9   1   1   1.7e-11   1.9e-09   36.2   5.9   527   637     5   122     1   126 0.76 -
TRINITY_DN45477_c0_g2_i1:20-418     -            133 10143at7898          -            890   3.3e-09   35.4   3.7   1   3     0.069       7.7    4.4   0.0   583   622     2    43     1    50 0.80 -
TRINITY_DN45477_c0_g2_i1:20-418     -            133 10143at7898          -            890   3.3e-09   35.4   3.7   2   3   2.6e-06   0.00028   19.1   0.4   574   620    45    90    42    99 0.88 -
TRINITY_DN45477_c0_g2_i1:20-418     -            133 10143at7898          -            890   3.3e-09   35.4   3.7   3   3   0.00016     0.018   13.1   0.1   224   256    98   130    89   132 0.89 -
TRINITY_DN4197_c0_g1_i5:68-2581     -            838 10143at7898          -            890   3.8e-09   35.2   8.7   1   4       3.6     4e+02   -1.3   0.1   578   614   476   516   437   531 0.71 -
TRINITY_DN4197_c0_g1_i5:68-2581     -            838 10143at7898          -            890   3.8e-09   35.2   8.7   2   4       1.6   1.8e+02   -0.1   4.9    81   187   525   630   470   647 0.60 -
TRINITY_DN4197_c0_g1_i5:68-2581     -            838 10143at7898          -            890   3.8e-09   35.2   8.7   3   4   0.00053     0.059   11.4   8.6   504   618   574   690   547   694 0.75 -
TRINITY_DN4197_c0_g1_i5:68-2581     -            838 10143at7898          -            890   3.8e-09   35.2   8.7   4   4   3.4e-11   3.8e-09   35.2   8.7   508   636   648   780   644   798 0.86 -
TRINITY_DN4197_c0_g1_i6:617-3130    -            838 10143at7898          -            890   3.8e-09   35.2   8.7   1   4       3.6     4e+02   -1.3   0.1   578   614   476   516   437   531 0.71 -
TRINITY_DN4197_c0_g1_i6:617-3130    -            838 10143at7898          -            890   3.8e-09   35.2   8.7   2   4       1.6   1.8e+02   -0.1   4.9    81   187   525   630   470   647 0.60 -
TRINITY_DN4197_c0_g1_i6:617-3130    -            838 10143at7898          -            890   3.8e-09   35.2   8.7   3   4   0.00053     0.059   11.4   8.6   504   618   574   690   547   694 0.75 -
TRINITY_DN4197_c0_g1_i6:617-3130    -            838 10143at7898          -            890   3.8e-09   35.2   8.7   4   4   3.4e-11   3.8e-09   35.2   8.7   508   636   648   780   644   798 0.86 -
TRINITY_DN7600_c0_g2_i3:170-604     -            145 10143at7898          -            890   4.8e-09   34.9   6.7   1   1   1.3e-10   1.4e-08   33.3   6.7   526   636    22   139    10   144 0.74 -
TRINITY_DN7600_c0_g2_i4:170-604     -            145 10143at7898          -            890   4.8e-09   34.9   6.7   1   1   1.3e-10   1.4e-08   33.3   6.7   526   636    22   139    10   144 0.74 -
TRINITY_DN4197_c0_g1_i1:264-2771    -            836 10143at7898          -            890   5.6e-09   34.6   8.9   1   4       3.4   3.7e+02   -1.2   0.1   578   614   474   514   433   530 0.70 -
TRINITY_DN4197_c0_g1_i1:264-2771    -            836 10143at7898          -            890   5.6e-09   34.6   8.9   2   4       1.8     2e+02   -0.3   5.0    80   187   522   628   462   644 0.62 -
TRINITY_DN4197_c0_g1_i1:264-2771    -            836 10143at7898          -            890   5.6e-09   34.6   8.9   3   4   0.00045     0.049   11.6   8.3   504   618   572   688   545   692 0.75 -
TRINITY_DN4197_c0_g1_i1:264-2771    -            836 10143at7898          -            890   5.6e-09   34.6   8.9   4   4   5.1e-11   5.6e-09   34.6   8.9   508   636   646   778   644   796 0.86 -
TRINITY_DN4197_c0_g1_i7:264-2771    -            836 10143at7898          -            890   5.6e-09   34.6   8.9   1   4       3.4   3.7e+02   -1.2   0.1   578   614   474   514   433   530 0.70 -
TRINITY_DN4197_c0_g1_i7:264-2771    -            836 10143at7898          -            890   5.6e-09   34.6   8.9   2   4       1.8     2e+02   -0.3   5.0    80   187   522   628   462   644 0.62 -
TRINITY_DN4197_c0_g1_i7:264-2771    -            836 10143at7898          -            890   5.6e-09   34.6   8.9   3   4   0.00045     0.049   11.6   8.3   504   618   572   688   545   692 0.75 -
TRINITY_DN4197_c0_g1_i7:264-2771    -            836 10143at7898          -            890   5.6e-09   34.6   8.9   4   4   5.1e-11   5.6e-09   34.6   8.9   508   636   646   778   644   796 0.86 -
TRINITY_DN19162_c0_g1_i1:273-1223   -            317 10143at7898          -            890   6.1e-09   34.5   1.5   1   2   7.6e-10   8.5e-08   30.7   0.1   503   634    64   194    36   200 0.87 -
TRINITY_DN19162_c0_g1_i1:273-1223   -            317 10143at7898          -            890   6.1e-09   34.5   1.5   2   2      0.21        23    2.8   0.2   222   258   205   241   190   262 0.76 -
TRINITY_DN19162_c0_g1_i4:273-1223   -            317 10143at7898          -            890   6.1e-09   34.5   1.5   1   2   7.6e-10   8.5e-08   30.7   0.1   503   634    64   194    36   200 0.87 -
TRINITY_DN19162_c0_g1_i4:273-1223   -            317 10143at7898          -            890   6.1e-09   34.5   1.5   2   2      0.21        23    2.8   0.2   222   258   205   241   190   262 0.76 -
TRINITY_DN13295_c0_g1_i1:4897-5499  -            201 10143at7898          -            890   7.1e-09   34.3   4.5   1   3   0.00036     0.039   12.0   0.1   578   619    18    59     8    69 0.64 -
TRINITY_DN13295_c0_g1_i1:4897-5499  -            201 10143at7898          -            890   7.1e-09   34.3   4.5   2   3   0.00079     0.088   10.8   0.1   219   273    67   123    60   125 0.88 -
TRINITY_DN13295_c0_g1_i1:4897-5499  -            201 10143at7898          -            890   7.1e-09   34.3   4.5   3   3   3.6e-05     0.004   15.3   0.1   508   589   119   201   115   201 0.71 -
TRINITY_DN25647_c0_g2_i1:225-899    -            225 10143at7898          -            890   7.5e-09   34.2  12.2   1   2   1.2e-05    0.0013   16.9   0.7   561   622    34    98    22   101 0.80 -
TRINITY_DN25647_c0_g2_i1:225-899    -            225 10143at7898          -            890   7.5e-09   34.2  12.2   2   2   2.7e-07     3e-05   22.3   4.9   557   650   102   202    98   223 0.76 -
TRINITY_DN11960_c0_g1_i1:292-816    -            175 10143at7898          -            890   1.7e-08   33.1   1.6   1   1   1.9e-10   2.1e-08   32.7   1.6   514   639    22   156    13   172 0.80 -
TRINITY_DN13127_c1_g2_i1:1093-1698  -            202 10143at7898          -            890   6.3e-08   31.1   6.8   1   1   1.2e-09   1.3e-07   30.1   6.8   504   667    26   202     2   202 0.70 -
TRINITY_DN13127_c1_g2_i2:2225-2830  -            202 10143at7898          -            890   6.3e-08   31.1   6.8   1   1   1.2e-09   1.3e-07   30.1   6.8   504   667    26   202     2   202 0.70 -
TRINITY_DN7320_c0_g1_i2:102-1781    -            560 10143at7898          -            890   1.2e-07   30.2   0.0   1   2      0.51        56    1.5   0.0   149   190    66   107    62   117 0.92 -
TRINITY_DN7320_c0_g1_i2:102-1781    -            560 10143at7898          -            890   1.2e-07   30.2   0.0   2   2   2.4e-08   2.7e-06   25.7   0.1   581   676   127   222   122   263 0.82 -
TRINITY_DN7320_c0_g1_i3:102-1781    -            560 10143at7898          -            890   1.2e-07   30.2   0.0   1   2      0.51        56    1.5   0.0   149   190    66   107    62   117 0.92 -
TRINITY_DN7320_c0_g1_i3:102-1781    -            560 10143at7898          -            890   1.2e-07   30.2   0.0   2   2   2.4e-08   2.7e-06   25.7   0.1   581   676   127   222   122   263 0.82 -
TRINITY_DN7320_c0_g1_i4:355-2046    -            564 10143at7898          -            890   1.2e-07   30.2   0.0   1   2      0.51        57    1.5   0.0   149   190    70   111    66   121 0.92 -
TRINITY_DN7320_c0_g1_i4:355-2046    -            564 10143at7898          -            890   1.2e-07   30.2   0.0   2   2   2.5e-08   2.7e-06   25.7   0.1   581   676   131   226   126   267 0.82 -
TRINITY_DN4073_c0_g2_i1:4678-5466   -            263 10143at7898          -            890   1.3e-07   30.1   2.4   1   2     0.023       2.6    5.9   0.0   563   619     1    55     1    58 0.87 -
TRINITY_DN4073_c0_g2_i1:4678-5466   -            263 10143at7898          -            890   1.3e-07   30.1   2.4   2   2   6.7e-07   7.5e-05   21.0   0.7    69   166    87   181    79   243 0.48 -
TRINITY_DN4073_c0_g2_i3:5080-5868   -            263 10143at7898          -            890   1.3e-07   30.1   2.4   1   2     0.023       2.6    5.9   0.0   563   619     1    55     1    58 0.87 -
TRINITY_DN4073_c0_g2_i3:5080-5868   -            263 10143at7898          -            890   1.3e-07   30.1   2.4   2   2   6.7e-07   7.5e-05   21.0   0.7    69   166    87   181    79   243 0.48 -
TRINITY_DN25647_c0_g1_i1:7-738      -            244 10143at7898          -            890   7.6e-07   27.6   5.7   1   2    0.0013      0.15   10.1   0.5   562   622    77   140    25   142 0.70 -
TRINITY_DN25647_c0_g1_i1:7-738      -            244 10143at7898          -            890   7.6e-07   27.6   5.7   2   2   8.2e-07   9.1e-05   20.7   0.1   505   574   140   208   137   222 0.92 -
TRINITY_DN24696_c0_g3_i2:23-415     -            131 10143at7898          -            890   1.3e-06   26.8   7.4   1   2     0.001      0.11   10.5   0.1   220   258     5    43     1    53 0.86 -
TRINITY_DN24696_c0_g3_i2:23-415     -            131 10143at7898          -            890   1.3e-06   26.8   7.4   2   2   3.6e-06    0.0004   18.6   3.0   554   626    48   121    44   131 0.77 -
TRINITY_DN2772_c0_g2_i1:456-929     -            158 10143at7898          -            890   9.8e-06   23.9   0.1   1   1   1.1e-07   1.2e-05   23.6   0.1   607   704    49   153    24   158 0.80 -
TRINITY_DN2772_c0_g1_i1:696-1085    -            130 10143at7898          -            890    0.0023   16.0   0.1   1   1   2.6e-05    0.0029   15.7   0.1   606   677    48   122    26   128 0.82 -
TRINITY_DN4450_c0_g1_i12:240-1091   -            284 10143at7898          -            890    0.0038   15.3   1.1   1   2   4.9e-05    0.0054   14.8   0.3   736   793   149   201   146   224 0.74 -
TRINITY_DN4450_c0_g1_i12:240-1091   -            284 10143at7898          -            890    0.0038   15.3   1.1   2   2       6.7   7.4e+02   -2.2   0.0   104   129   248   273   240   279 0.78 -
TRINITY_DN4450_c0_g1_i14:239-1090   -            284 10143at7898          -            890    0.0038   15.3   1.1   1   2   4.9e-05    0.0054   14.8   0.3   736   793   149   201   146   224 0.74 -
TRINITY_DN4450_c0_g1_i14:239-1090   -            284 10143at7898          -            890    0.0038   15.3   1.1   2   2       6.7   7.4e+02   -2.2   0.0   104   129   248   273   240   279 0.78 -
TRINITY_DN4450_c0_g1_i8:239-1090    -            284 10143at7898          -            890    0.0038   15.3   1.1   1   2   4.9e-05    0.0054   14.8   0.3   736   793   149   201   146   224 0.74 -
TRINITY_DN4450_c0_g1_i8:239-1090    -            284 10143at7898          -            890    0.0038   15.3   1.1   2   2       6.7   7.4e+02   -2.2   0.0   104   129   248   273   240   279 0.78 -
TRINITY_DN4450_c0_g1_i9:239-1090    -            284 10143at7898          -            890    0.0038   15.3   1.1   1   2   4.9e-05    0.0054   14.8   0.3   736   793   149   201   146   224 0.74 -
TRINITY_DN4450_c0_g1_i9:239-1090    -            284 10143at7898          -            890    0.0038   15.3   1.1   2   2       6.7   7.4e+02   -2.2   0.0   104   129   248   273   240   279 0.78 -
TRINITY_DN53559_c0_g1_i1:118-648    -            177 10143at7898          -            890     0.004   15.3   6.0   1   1   4.3e-05    0.0048   15.0   6.0   349   470     7   122     1   149 0.77 -
TRINITY_DN35607_c0_g1_i1:14-415     -            134 10143at7898          -            890    0.0074   14.4   0.7   1   1   7.6e-05    0.0084   14.2   0.7   535   612    13    91     4   114 0.59 -
TRINITY_DN563_c0_g1_i14:394-2288    -            249 10143at7898          -            890     0.057   11.4   0.5   1   1   0.00067     0.074   11.1   0.5   556   620    40   105    28   138 0.80 -
TRINITY_DN563_c0_g1_i6:394-1140     -            249 10143at7898          -            890     0.057   11.4   0.5   1   1   0.00067     0.074   11.1   0.5   556   620    40   105    28   138 0.80 -
TRINITY_DN563_c0_g1_i10:415-1904    -            251 10143at7898          -            890     0.058   11.4   0.5   1   1   0.00068     0.075   11.0   0.5   556   620    40   105    28   138 0.80 -
TRINITY_DN563_c0_g1_i11:415-1904    -            251 10143at7898          -            890     0.058   11.4   0.5   1   1   0.00068     0.075   11.0   0.5   556   620    40   105    28   138 0.80 -
TRINITY_DN563_c0_g1_i12:415-1167    -            251 10143at7898          -            890     0.058   11.4   0.5   1   1   0.00068     0.075   11.0   0.5   556   620    40   105    28   138 0.80 -
TRINITY_DN563_c0_g1_i3:394-1146     -            251 10143at7898          -            890     0.058   11.4   0.5   1   1   0.00068     0.075   11.0   0.5   556   620    40   105    28   138 0.80 -
TRINITY_DN563_c0_g1_i4:394-2294     -            251 10143at7898          -            890     0.058   11.4   0.5   1   1   0.00068     0.075   11.0   0.5   556   620    40   105    28   138 0.80 -
#
# Program:         hmmsearch
# Version:         3.1b2 (February 2015)
# Pipeline mode:   SEARCH
# Query file:      /home/ericjuo/Projects/salmo_trutta_rna_seq/busco_downloads/lineages/actinopterygii_odb10/hmms/10143at7898.hmm
# Target file:     /home/ericjuo/Projects/salmo_trutta_rna_seq/data/02_intermediate/busco/run_actinopterygii_odb10/metaeuk_output/initial_results/trinity.Trinity.fasta.modified.fas
# Option settings: hmmsearch --domtblout /home/ericjuo/Projects/salmo_trutta_rna_seq/data/02_intermediate/busco/run_actinopterygii_odb10/hmmer_output/initial_run_results/10143at7898.out --cpu 1 /home/ericjuo/Projects/salmo_trutta_rna_seq/busco_downloads/lineages/actinopterygii_odb10/hmms/10143at7898.hmm /home/ericjuo/Projects/salmo_trutta_rna_seq/data/02_intermediate/busco/run_actinopterygii_odb10/metaeuk_output/initial_results/trinity.Trinity.fasta.modified.fas 
# Current dir:     /home/ericjuo/Projects/salmo_trutta_rna_seq
# Date:            Fri Apr 29 12:53:05 2022
# [ok]
