#                                                                                           --- full sequence --- -------------- this domain -------------   hmm coord   ali coord   env coord
# target name                       accession   tlen query name           accession   qlen   E-value  score  bias   #  of  c-Evalue  i-Evalue  score  bias  from    to  from    to  from    to  acc description of target
#               ------------------- ---------- ----- -------------------- ---------- ----- --------- ------ ----- --- --- --------- --------- ------ ----- ----- ----- ----- ----- ----- ----- ---- ---------------------
TRINITY_DN2530_c0_g1_i8:130-975     -            282 103348at7898         -            217  3.3e-119  395.6  10.2   1   1  1.5e-119  2.2e-117  389.6  10.2     1   217    33   282    33   282 0.94 -
TRINITY_DN2530_c0_g1_i6:65-931      -            289 103348at7898         -            217  1.4e-117  390.2  10.0   1   1  5.6e-118  8.2e-116  384.5  10.0     1   217    40   289    40   289 0.93 -
TRINITY_DN20082_c0_g1_i1:475-1209   -            245 103348at7898         -            217   2.5e-29  101.8   1.7   1   1   4.6e-30   6.8e-28   97.1   1.7     1   213     4   242     4   245 0.83 -
TRINITY_DN11108_c0_g2_i1:1153-1926  -            258 103348at7898         -            217   1.6e-25   89.3   5.4   1   1   7.1e-26     1e-23   83.4   5.4     1   212    11   258    11   258 0.76 -
TRINITY_DN43231_c0_g1_i2:47-820     -            258 103348at7898         -            217   2.2e-23   82.3   1.3   1   1   4.8e-24   7.1e-22   77.4   1.3     3   212     8   255     6   258 0.75 -
TRINITY_DN14349_c0_g2_i1:1689-2420  -            244 103348at7898         -            217   3.6e-23   81.7   6.1   1   1   1.2e-24   1.7e-22   79.4   6.1     6   213     2   244     1   244 0.76 -
TRINITY_DN14901_c0_g1_i1:1750-2496  -            249 103348at7898         -            217   3.7e-23   81.6   3.4   1   1   1.3e-24     2e-22   79.2   3.4     2   212     6   249     5   249 0.77 -
TRINITY_DN1201_c0_g1_i5:253-1017    -            255 103348at7898         -            217   9.3e-23   80.3   0.2   1   1   1.1e-24   1.7e-22   79.5   0.2     4   177    11   202     8   255 0.85 -
TRINITY_DN3843_c0_g1_i2:509-1396    -            296 103348at7898         -            217   5.6e-19   67.9   0.6   1   1   4.5e-20   6.6e-18   64.4   0.6     2   212    33   277    32   281 0.79 -
TRINITY_DN3843_c0_g1_i1:439-1338    -            300 103348at7898         -            217     6e-19   67.8   0.6   1   1   4.7e-20     7e-18   64.4   0.6     2   212    32   276    31   280 0.79 -
TRINITY_DN1166_c1_g1_i13:3698-5902  -            735 103348at7898         -            217   3.6e-18   65.3   0.3   1   1   4.5e-20   6.6e-18   64.4   0.3     2   167     5   193     4   207 0.82 -
TRINITY_DN1166_c1_g1_i1:3666-5870   -            735 103348at7898         -            217   3.6e-18   65.3   0.3   1   1   4.5e-20   6.6e-18   64.4   0.3     2   167     5   193     4   207 0.82 -
TRINITY_DN1166_c1_g1_i6:4423-6627   -            735 103348at7898         -            217   3.6e-18   65.3   0.3   1   1   4.5e-20   6.6e-18   64.4   0.3     2   167     5   193     4   207 0.82 -
TRINITY_DN67555_c0_g1_i1:342-1031   -            230 103348at7898         -            217   1.9e-17   62.9   1.6   1   1     7e-19     1e-16   60.5   1.5     4   179     1   201     1   219 0.79 -
TRINITY_DN22126_c0_g1_i1:1-510      -            170 103348at7898         -            217     2e-17   62.8   2.0   1   1   1.7e-19   2.5e-17   62.6   2.0    17   171     1   170     1   170 0.85 -
TRINITY_DN40556_c0_g1_i1:728-1690   -            321 103348at7898         -            217     5e-17   61.5   0.1   1   2   0.00079      0.12   11.3   0.0     2    43    32    73    31    87 0.94 -
TRINITY_DN40556_c0_g1_i1:728-1690   -            321 103348at7898         -            217     5e-17   61.5   0.1   2   2   3.6e-15   5.3e-13   48.4   0.0    65   191   108   238    96   262 0.78 -
TRINITY_DN49709_c0_g1_i2:42-926     -            295 103348at7898         -            217     2e-15   56.3   0.3   1   1   2.8e-17   4.1e-15   55.3   0.3     4   177    53   248    50   253 0.78 -
TRINITY_DN4643_c0_g1_i10:1385-2215  -            277 103348at7898         -            217   2.7e-15   55.9   0.0   1   1   2.8e-17   4.1e-15   55.3   0.0     4   176    45   237    42   255 0.79 -
TRINITY_DN4643_c0_g1_i1:1330-2160   -            277 103348at7898         -            217   2.7e-15   55.9   0.0   1   1   2.8e-17   4.1e-15   55.3   0.0     4   176    45   237    42   255 0.79 -
TRINITY_DN4643_c0_g1_i5:1206-2036   -            277 103348at7898         -            217   2.7e-15   55.9   0.0   1   1   2.8e-17   4.1e-15   55.3   0.0     4   176    45   237    42   255 0.79 -
TRINITY_DN4643_c0_g1_i9:1221-2051   -            277 103348at7898         -            217   2.7e-15   55.9   0.0   1   1   2.8e-17   4.1e-15   55.3   0.0     4   176    45   237    42   255 0.79 -
TRINITY_DN15221_c0_g1_i1:235-951    -            239 103348at7898         -            217     4e-15   55.3   0.4   1   1   3.6e-17   5.3e-15   54.9   0.4     4   168     1   186     1   201 0.78 -
TRINITY_DN15221_c0_g1_i2:235-951    -            239 103348at7898         -            217     4e-15   55.3   0.4   1   1   3.6e-17   5.3e-15   54.9   0.4     4   168     1   186     1   201 0.78 -
TRINITY_DN6539_c0_g1_i17:207-1076   -            290 103348at7898         -            217   6.3e-15   54.7   0.9   1   2   2.7e-13     4e-11   42.3   0.7     2   163     7   176     6   177 0.76 -
TRINITY_DN6539_c0_g1_i17:207-1076   -            290 103348at7898         -            217   6.3e-15   54.7   0.9   2   2    0.0028      0.41    9.5   0.0   134   177   173   216   169   223 0.89 -
TRINITY_DN15221_c0_g1_i4:40-747     -            236 103348at7898         -            217   1.5e-14   53.4   0.5   1   1   1.4e-16     2e-14   53.0   0.5     7   168     1   183     1   198 0.78 -
TRINITY_DN53217_c0_g1_i1:353-1069   -            239 103348at7898         -            217   6.1e-14   51.5   0.5   1   1     1e-15   1.5e-13   50.2   0.5     7   182     2   201     1   213 0.75 -
TRINITY_DN43231_c0_g1_i1:39-581     -            181 103348at7898         -            217   7.5e-14   51.2   0.1   1   1   1.6e-14   2.4e-12   46.2   0.1    69   212    11   178     3   181 0.73 -
TRINITY_DN3652_c1_g1_i1:1734-2540   -            269 103348at7898         -            217   1.1e-13   50.6   0.0   1   1   1.2e-15   1.8e-13   49.9   0.0     4   173    37   226    35   238 0.75 -
TRINITY_DN3652_c1_g1_i2:1736-2542   -            269 103348at7898         -            217   1.1e-13   50.6   0.0   1   1   1.2e-15   1.8e-13   49.9   0.0     4   173    37   226    35   238 0.75 -
TRINITY_DN4876_c1_g2_i1:166-948     -            261 103348at7898         -            217   3.5e-13   49.0   3.1   1   1   2.3e-14   3.4e-12   45.8   3.1     2   212     4   249     3   254 0.70 -
TRINITY_DN1675_c0_g1_i1:65-676      -            204 103348at7898         -            217   8.1e-13   47.8   0.7   1   1   1.3e-14   1.9e-12   46.6   0.7     2   176     2   192     1   203 0.75 -
TRINITY_DN1675_c0_g1_i8:65-676      -            204 103348at7898         -            217   8.1e-13   47.8   0.7   1   1   1.3e-14   1.9e-12   46.6   0.7     2   176     2   192     1   203 0.75 -
TRINITY_DN1675_c0_g1_i9:65-676      -            204 103348at7898         -            217   8.1e-13   47.8   0.7   1   1   1.3e-14   1.9e-12   46.6   0.7     2   176     2   192     1   203 0.75 -
TRINITY_DN1675_c0_g1_i3:65-811      -            249 103348at7898         -            217   1.4e-12   47.0   0.7   1   1   2.2e-14   3.2e-12   45.8   0.7     2   177     2   193     1   207 0.75 -
TRINITY_DN28350_c0_g1_i1:276-1199   -            308 103348at7898         -            217   2.5e-12   46.2   0.1   1   1   3.2e-14   4.7e-12   45.3   0.1     2   152    32   188    31   201 0.80 -
TRINITY_DN68327_c0_g1_i1:455-1105   -            217 103348at7898         -            217   3.8e-12   45.6   0.0   1   2    0.0035      0.51    9.2   0.0     2    33    10    41     9    66 0.88 -
TRINITY_DN68327_c0_g1_i1:455-1105   -            217 103348at7898         -            217   3.8e-12   45.6   0.0   2   2   5.5e-11     8e-09   34.7   0.0    48   154    85   202    74   217 0.75 -
TRINITY_DN10178_c0_g1_i1:507-1085   -            193 103348at7898         -            217   4.4e-12   45.4   0.0   1   1   3.6e-14   5.3e-12   45.1   0.0     3   137     2   145     1   173 0.81 -
TRINITY_DN10178_c0_g1_i3:507-1085   -            193 103348at7898         -            217   4.4e-12   45.4   0.0   1   1   3.6e-14   5.3e-12   45.1   0.0     3   137     2   145     1   173 0.81 -
TRINITY_DN6539_c0_g1_i15:728-1597   -            290 103348at7898         -            217     7e-12   44.7   1.5   1   2   7.8e-11   1.2e-08   34.2   0.7     2   135     7   146     6   171 0.79 -
TRINITY_DN6539_c0_g1_i15:728-1597   -            290 103348at7898         -            217     7e-12   44.7   1.5   2   2    0.0093       1.4    7.8   0.0   134   173   173   212   158   220 0.89 -
TRINITY_DN6539_c0_g1_i20:742-1611   -            290 103348at7898         -            217     7e-12   44.7   1.5   1   2   7.8e-11   1.2e-08   34.2   0.7     2   135     7   146     6   171 0.79 -
TRINITY_DN6539_c0_g1_i20:742-1611   -            290 103348at7898         -            217     7e-12   44.7   1.5   2   2    0.0093       1.4    7.8   0.0   134   173   173   212   158   220 0.89 -
TRINITY_DN49815_c0_g1_i1:321-1238   -            306 103348at7898         -            217   8.2e-12   44.5   1.3   1   2   2.7e-10     4e-08   32.4   0.7     2   133    26   163    25   177 0.82 -
TRINITY_DN49815_c0_g1_i1:321-1238   -            306 103348at7898         -            217   8.2e-12   44.5   1.3   2   2     0.002      0.29   10.0   0.0   135   179   193   239   185   245 0.88 -
TRINITY_DN1201_c0_g1_i1:253-708     -            152 103348at7898         -            217   3.2e-11   42.6   0.0   1   1   4.8e-13   7.1e-11   41.5   0.0    91   177     5    99     3   152 0.84 -
TRINITY_DN1201_c0_g1_i4:253-708     -            152 103348at7898         -            217   3.2e-11   42.6   0.0   1   1   4.8e-13   7.1e-11   41.5   0.0    91   177     5    99     3   152 0.84 -
TRINITY_DN6539_c0_g1_i22:728-1597   -            290 103348at7898         -            217   5.4e-11   41.8   2.0   1   2   4.9e-11   7.2e-09   34.9   1.1     2   135     7   146     6   152 0.79 -
TRINITY_DN6539_c0_g1_i22:728-1597   -            290 103348at7898         -            217   5.4e-11   41.8   2.0   2   2      0.11        16    4.3   0.0   129   175   168   214   153   220 0.85 -
TRINITY_DN6539_c0_g1_i26:742-1611   -            290 103348at7898         -            217   5.6e-11   41.8   1.4   1   2   9.4e-12   1.4e-09   37.2   0.6     2   135     7   146     6   166 0.80 -
TRINITY_DN6539_c0_g1_i26:742-1611   -            290 103348at7898         -            217   5.6e-11   41.8   1.4   2   2      0.68     1e+02    1.7   0.0   135   175   174   214   158   220 0.85 -
TRINITY_DN6539_c0_g1_i12:742-1611   -            290 103348at7898         -            217   5.9e-11   41.7   1.5   1   2   9.3e-12   1.4e-09   37.2   0.6     2   135     7   146     6   162 0.79 -
TRINITY_DN6539_c0_g1_i12:742-1611   -            290 103348at7898         -            217   5.9e-11   41.7   1.5   2   2      0.64        94    1.8   0.0   134   175   173   214   154   220 0.85 -
TRINITY_DN6539_c0_g1_i2:135-629     -            165 103348at7898         -            217   6.9e-11   41.5   0.7   1   1   2.1e-12   3.1e-10   39.4   0.7     2   129    31   164    30   165 0.77 -
TRINITY_DN4859_c1_g1_i1:116-673     -            186 103348at7898         -            217   9.1e-11   41.1   0.2   1   1   8.4e-13   1.2e-10   40.7   0.2     6   171     1   185     1   186 0.82 -
TRINITY_DN38437_c0_g1_i11:2664-3584 -            307 103348at7898         -            217   1.4e-10   40.5   0.0   1   1   1.8e-12   2.6e-10   39.6   0.0     2   165     5   190     4   198 0.76 -
TRINITY_DN60771_c0_g1_i1:38-685     -            216 103348at7898         -            217   1.6e-10   40.3   0.1   1   2     0.037       5.5    5.9   0.0     1    34     6    39     6    56 0.81 -
TRINITY_DN60771_c0_g1_i1:38-685     -            216 103348at7898         -            217   1.6e-10   40.3   0.1   2   2   2.2e-10   3.2e-08   32.8   0.0    48   139    84   178    81   216 0.79 -
TRINITY_DN38437_c0_g1_i7:2661-3719  -            353 103348at7898         -            217   2.1e-10   39.9   0.0   1   1   2.6e-12   3.9e-10   39.0   0.0     2   165    51   236    50   244 0.76 -
TRINITY_DN38437_c0_g1_i3:2654-3730  -            359 103348at7898         -            217   2.2e-10   39.8   0.0   1   1   2.8e-12   4.1e-10   39.0   0.0     2   165    57   242    56   250 0.76 -
TRINITY_DN38437_c0_g1_i9:2659-3717  -            353 103348at7898         -            217   2.4e-10   39.7   0.0   1   1     3e-12   4.4e-10   38.9   0.0     2   165    51   236    50   244 0.76 -
TRINITY_DN38437_c0_g1_i2:2654-3730  -            359 103348at7898         -            217   2.5e-10   39.7   0.0   1   1   3.1e-12   4.6e-10   38.8   0.0     2   165    57   242    56   250 0.76 -
TRINITY_DN38437_c0_g1_i1:2656-3732  -            359 103348at7898         -            217   2.5e-10   39.7   0.0   1   1   3.1e-12   4.6e-10   38.8   0.0     2   165    57   242    56   250 0.76 -
TRINITY_DN14940_c1_g1_i1:216-1082   -            289 103348at7898         -            217   2.5e-10   39.6   1.1   1   2   7.9e-08   1.2e-05   24.4   0.6     3   133     2   142     1   154 0.72 -
TRINITY_DN14940_c1_g1_i1:216-1082   -            289 103348at7898         -            217   2.5e-10   39.6   1.1   2   2    0.0014      0.21   10.5   0.0   134   175   164   208   159   212 0.83 -
TRINITY_DN6539_c0_g1_i8:739-1611    -            291 103348at7898         -            217   2.8e-10   39.5   1.6   1   2     8e-11   1.2e-08   34.2   0.5     2   135     8   147     7   165 0.79 -
TRINITY_DN6539_c0_g1_i8:739-1611    -            291 103348at7898         -            217   2.8e-10   39.5   1.6   2   2      0.37        54    2.6   0.0   134   173   174   213   160   220 0.87 -
TRINITY_DN167_c3_g1_i1:666-1235     -            190 103348at7898         -            217   4.1e-09   35.7   0.1   1   1   3.2e-11   4.7e-09   35.5   0.1     8   169     1   186     1   190 0.71 -
TRINITY_DN13641_c0_g2_i1:1144-1800  -            219 103348at7898         -            217   4.5e-09   35.5   4.7   1   2   1.1e-10   1.6e-08   33.8   2.9     2   128     1   142     1   152 0.73 -
TRINITY_DN13641_c0_g2_i1:1144-1800  -            219 103348at7898         -            217   4.5e-09   35.5   4.7   2   2       8.5   1.2e+03   -1.8   0.0     4    19   190   205   187   214 0.81 -
TRINITY_DN6539_c0_g1_i14:137-601    -            155 103348at7898         -            217     6e-09   35.1   0.4   1   1   1.8e-10   2.6e-08   33.1   0.4     2   129    21   154    20   155 0.77 -
TRINITY_DN40585_c0_g1_i1:218-1054   -            279 103348at7898         -            217   1.8e-08   33.6   2.3   1   2   8.9e-08   1.3e-05   24.2   1.2     2   134     1   141     1   152 0.76 -
TRINITY_DN40585_c0_g1_i1:218-1054   -            279 103348at7898         -            217   1.8e-08   33.6   2.3   2   2     0.008       1.2    8.0   0.0   134   177   162   205   158   239 0.89 -
TRINITY_DN3727_c0_g1_i12:2-859      -            286 103348at7898         -            217   3.3e-08   32.7   0.1   1   1   3.2e-10   4.7e-08   32.2   0.1     8   176    26   209    21   218 0.82 -
TRINITY_DN3727_c0_g1_i2:221-1141    -            307 103348at7898         -            217   4.2e-08   32.4   0.1   1   1   4.1e-10     6e-08   31.9   0.1     8   176    26   209    21   218 0.82 -
TRINITY_DN3727_c0_g1_i3:209-1147    -            313 103348at7898         -            217   4.3e-08   32.4   0.1   1   1   4.2e-10   6.1e-08   31.9   0.1     8   176    28   211    23   220 0.82 -
TRINITY_DN3727_c0_g1_i8:209-1147    -            313 103348at7898         -            217   4.3e-08   32.4   0.1   1   1   4.2e-10   6.1e-08   31.9   0.1     8   176    28   211    23   220 0.82 -
TRINITY_DN3727_c0_g1_i7:158-1078    -            307 103348at7898         -            217   4.7e-08   32.2   0.0   1   1   4.6e-10   6.8e-08   31.7   0.0     8   175    26   208    21   216 0.82 -
TRINITY_DN68517_c0_g1_i1:267-1163   -            299 103348at7898         -            217   7.5e-08   31.6   0.1   1   2   1.3e-06   0.00019   20.5   0.1     2   134    18   158    17   165 0.80 -
TRINITY_DN68517_c0_g1_i1:267-1163   -            299 103348at7898         -            217   7.5e-08   31.6   0.1   2   2    0.0048      0.71    8.8   0.0   132   178   177   223   174   228 0.92 -
TRINITY_DN26198_c0_g2_i1:1-840      -            280 103348at7898         -            217   7.6e-08   31.6   0.2   1   1   1.7e-09   2.5e-07   29.8   0.2     4   148    67   223    65   258 0.69 -
TRINITY_DN630_c0_g1_i2:508-1293     -            262 103348at7898         -            217   2.4e-07   29.9   0.0   1   2   6.2e-09   9.1e-07   28.0   0.0     2    89     5   102     4   171 0.71 -
TRINITY_DN630_c0_g1_i2:508-1293     -            262 103348at7898         -            217   2.4e-07   29.9   0.0   2   2       3.6   5.3e+02   -0.6   0.0   136   174   197   239   177   253 0.69 -
TRINITY_DN630_c0_g1_i1:1151-1696    -            182 103348at7898         -            217     3e-07   29.6   0.0   1   1   2.6e-09   3.9e-07   29.2   0.0     2    87    15   110    14   170 0.71 -
TRINITY_DN1342_c0_g1_i12:201-749    -            183 103348at7898         -            217   6.7e-07   28.5   0.2   1   1     6e-09   8.8e-07   28.1   0.2     6   154     2   168     1   183 0.76 -
TRINITY_DN1342_c0_g1_i20:201-749    -            183 103348at7898         -            217   6.7e-07   28.5   0.2   1   1     6e-09   8.8e-07   28.1   0.2     6   154     2   168     1   183 0.76 -
TRINITY_DN20765_c0_g1_i1:331-1277   -            205 103348at7898         -            217   7.3e-07   28.3   0.5   1   1   8.6e-09   1.3e-06   27.6   0.5     2   122     7   128     6   145 0.67 -
TRINITY_DN20765_c0_g1_i2:331-1199   -            205 103348at7898         -            217   7.3e-07   28.3   0.5   1   1   8.6e-09   1.3e-06   27.6   0.5     2   122     7   128     6   145 0.67 -
TRINITY_DN37584_c0_g1_i1:65-631     -            189 103348at7898         -            217   7.7e-07   28.3   0.0   1   2   1.2e-05    0.0017   17.3   0.1     2    45     8    51     7    64 0.87 -
TRINITY_DN37584_c0_g1_i1:65-631     -            189 103348at7898         -            217   7.7e-07   28.3   0.0   2   2    0.0038      0.56    9.1   0.0    73   133    92   149    83   164 0.85 -
TRINITY_DN4299_c0_g1_i1:441-920     -            160 103348at7898         -            217     8e-07   28.2   0.1   1   1   6.6e-09   9.8e-07   27.9   0.1    42   170    19   159     1   160 0.74 -
TRINITY_DN43367_c0_g1_i1:334-1125   -            264 103348at7898         -            217   2.1e-06   26.8   2.8   1   2   8.4e-08   1.2e-05   24.3   1.3     2   135    42   183    41   203 0.80 -
TRINITY_DN43367_c0_g1_i1:334-1125   -            264 103348at7898         -            217   2.1e-06   26.8   2.8   2   2       1.1   1.7e+02    1.0   0.0   135   172   205   242   191   247 0.83 -
TRINITY_DN314_c2_g1_i1:551-1234     -            228 103348at7898         -            217   2.6e-06   26.5   0.1   1   2   6.9e-06     0.001   18.1   0.2     5   134     1   137     1   149 0.64 -
TRINITY_DN314_c2_g1_i1:551-1234     -            228 103348at7898         -            217   2.6e-06   26.5   0.1   2   2     0.069        10    5.0   0.0   134   171   187   228   180   228 0.83 -
TRINITY_DN43367_c0_g1_i2:60-1019    -            320 103348at7898         -            217   3.1e-06   26.3   2.5   1   2   1.5e-07   2.2e-05   23.5   1.3     2   135    42   183    41   195 0.79 -
TRINITY_DN43367_c0_g1_i2:60-1019    -            320 103348at7898         -            217   3.1e-06   26.3   2.5   2   2       1.5   2.2e+02    0.6   0.0   135   173   205   243   194   249 0.83 -
TRINITY_DN17683_c1_g1_i3:169-777    -            203 103348at7898         -            217   3.3e-06   26.2   1.9   1   1   1.2e-07   1.8e-05   23.8   1.9     2   142     3   149     2   159 0.73 -
TRINITY_DN3528_c0_g1_i1:26-967      -            314 103348at7898         -            217   4.7e-06   25.7   0.3   1   1   4.6e-08   6.7e-06   25.2   0.3     9   174    44   224    38   236 0.73 -
TRINITY_DN3528_c0_g1_i4:541-1515    -            325 103348at7898         -            217   4.9e-06   25.6   0.2   1   1   4.8e-08   7.1e-06   25.1   0.2     9   174    44   224    38   239 0.73 -
TRINITY_DN3528_c0_g1_i2:240-1223    -            328 103348at7898         -            217     5e-06   25.6   0.2   1   1   4.9e-08   7.2e-06   25.1   0.2     9   174    44   224    38   239 0.73 -
TRINITY_DN3528_c0_g1_i5:240-1431    -            327 103348at7898         -            217   5.1e-06   25.6   0.2   1   1   4.9e-08   7.2e-06   25.1   0.2     9   174    44   224    38   239 0.73 -
TRINITY_DN60337_c0_g1_i1:210-1115   -            302 103348at7898         -            217   1.7e-05   23.9   0.0   1   1   2.1e-07     3e-05   23.0   0.0     7   172    20   200    15   210 0.80 -
TRINITY_DN3473_c2_g1_i10:508-1371   -            288 103348at7898         -            217     5e-05   22.3   0.0   1   1   8.9e-07   0.00013   21.0   0.0     3   176     8   199     6   210 0.77 -
TRINITY_DN3473_c2_g1_i11:513-1376   -            288 103348at7898         -            217     5e-05   22.3   0.0   1   1   8.9e-07   0.00013   21.0   0.0     3   176     8   199     6   210 0.77 -
TRINITY_DN3473_c2_g1_i1:538-1401    -            288 103348at7898         -            217     5e-05   22.3   0.0   1   1   8.9e-07   0.00013   21.0   0.0     3   176     8   199     6   210 0.77 -
TRINITY_DN5519_c0_g2_i1:154-471     -            106 103348at7898         -            217   5.6e-05   22.2   0.1   1   1   6.7e-07   9.8e-05   21.4   0.1     2    82     7    98     6   101 0.73 -
TRINITY_DN5519_c0_g2_i2:154-471     -            106 103348at7898         -            217   5.6e-05   22.2   0.1   1   1   6.7e-07   9.8e-05   21.4   0.1     2    82     7    98     6   101 0.73 -
TRINITY_DN37615_c0_g2_i1:136-816    -            227 103348at7898         -            217   0.00021   20.3   0.1   1   1   2.4e-06   0.00035   19.6   0.1     2    47   119   164   118   168 0.93 -
TRINITY_DN21077_c0_g1_i1:168-1163   -            332 103348at7898         -            217    0.0083   15.1   0.0   1   1    0.0001     0.015   14.2   0.0    77   174   124   228    40   234 0.65 -
TRINITY_DN2149_c1_g3_i1:0-569       -            190 103348at7898         -            217      0.03   13.3   0.0   1   2       1.1   1.6e+02    1.0   0.0    93   136     5    52     3    64 0.71 -
TRINITY_DN2149_c1_g3_i1:0-569       -            190 103348at7898         -            217      0.03   13.3   0.0   2   2    0.0018      0.26   10.2   0.0   131   177    68   116    57   141 0.85 -
TRINITY_DN36372_c0_g1_i1:66-701     -            212 103348at7898         -            217      0.29   10.0   2.0   1   3       2.2   3.2e+02    0.1   0.0     8    27     2    21     1    41 0.84 -
TRINITY_DN36372_c0_g1_i1:66-701     -            212 103348at7898         -            217      0.29   10.0   2.0   2   3       5.9   8.7e+02   -1.3   0.2    71    84    79    92    63   100 0.79 -
TRINITY_DN36372_c0_g1_i1:66-701     -            212 103348at7898         -            217      0.29   10.0   2.0   3   3     0.012       1.7    7.5   0.0   131   167   176   212   167   212 0.92 -
#
# Program:         hmmsearch
# Version:         3.1b2 (February 2015)
# Pipeline mode:   SEARCH
# Query file:      /home/ericjuo/Projects/salmo_trutta_rna_seq/busco_downloads/lineages/actinopterygii_odb10/hmms/103348at7898.hmm
# Target file:     /home/ericjuo/Projects/salmo_trutta_rna_seq/data/02_intermediate/busco/run_actinopterygii_odb10/metaeuk_output/initial_results/trinity.Trinity.fasta.modified.fas
# Option settings: hmmsearch --domtblout /home/ericjuo/Projects/salmo_trutta_rna_seq/data/02_intermediate/busco/run_actinopterygii_odb10/hmmer_output/initial_run_results/103348at7898.out --cpu 1 /home/ericjuo/Projects/salmo_trutta_rna_seq/busco_downloads/lineages/actinopterygii_odb10/hmms/103348at7898.hmm /home/ericjuo/Projects/salmo_trutta_rna_seq/data/02_intermediate/busco/run_actinopterygii_odb10/metaeuk_output/initial_results/trinity.Trinity.fasta.modified.fas 
# Current dir:     /home/ericjuo/Projects/salmo_trutta_rna_seq
# Date:            Fri Apr 29 12:52:55 2022
# [ok]
