#                                                                                           --- full sequence --- -------------- this domain -------------   hmm coord   ali coord   env coord
# target name                       accession   tlen query name           accession   qlen   E-value  score  bias   #  of  c-Evalue  i-Evalue  score  bias  from    to  from    to  from    to  acc description of target
#               ------------------- ---------- ----- -------------------- ---------- ----- --------- ------ ----- --- --- --------- --------- ------ ----- ----- ----- ----- ----- ----- ----- ---- ---------------------
TRINITY_DN3642_c0_g1_i8:174-3447    -           1056 10709at7898          -            919         0 1035.6   0.9   1   2  3.8e-273  1.2e-270  900.1   0.1     1   766     1   850     1   872 0.89 -
TRINITY_DN3642_c0_g1_i8:174-3447    -           1056 10709at7898          -            919         0 1035.6   0.9   2   2   3.1e-41   9.8e-39  132.6   0.1   776   919   891  1034   873  1034 0.92 -
TRINITY_DN40359_c0_g1_i33:1434-5137 -           1072 10709at7898          -            919         0 1035.4   3.3   1   1         0         0 1028.2   3.3     1   919    10  1047    10  1047 0.86 -
TRINITY_DN40359_c0_g1_i23:1653-5268 -           1042 10709at7898          -            919         0 1032.0   3.4   1   1         0         0 1024.7   3.4     1   915    10  1041    10  1042 0.86 -
TRINITY_DN3642_c0_g1_i9:174-3245    -           1024 10709at7898          -            919         0 1030.5   1.7   1   2  4.2e-273  1.3e-270  900.0   0.1     1   765     1   849     1   858 0.89 -
TRINITY_DN3642_c0_g1_i9:174-3245    -           1024 10709at7898          -            919         0 1030.5   1.7   2   2   7.2e-40   2.3e-37  128.1   0.1   776   905   891  1019   870  1023 0.93 -
TRINITY_DN40359_c0_g1_i22:1434-5490 -           1071 10709at7898          -            919         0 1025.3   2.9   1   1         0         0 1018.1   2.9     1   919    10  1046    10  1046 0.86 -
TRINITY_DN40359_c0_g1_i9:1653-5338  -           1040 10709at7898          -            919         0 1025.0   2.9   1   1         0         0 1017.7   2.9     1   915    10  1039    10  1040 0.86 -
TRINITY_DN40359_c0_g1_i7:1653-4643  -            997 10709at7898          -            919  1.3e-299  996.0   5.0   1   1  6.6e-300  2.1e-297  988.7   5.0    39   915    14   996     1   997 0.86 -
TRINITY_DN3642_c0_g1_i7:174-2765    -            864 10709at7898          -            919  1.7e-271  902.9   0.1   1   1  2.6e-273  8.2e-271  900.6   0.1     1   765     1   849     1   858 0.89 -
TRINITY_DN6311_c0_g1_i11:287-3445   -           1053 10709at7898          -            919  2.2e-237  790.0   0.4   1   2  1.2e-213  3.7e-211  703.2   0.0     1   761    20   856    20   865 0.85 -
TRINITY_DN6311_c0_g1_i11:287-3445   -           1053 10709at7898          -            919  2.2e-237  790.0   0.4   2   2   8.5e-27   2.7e-24   84.9   0.4   777   912   904  1041   885  1048 0.89 -
TRINITY_DN7917_c1_g2_i1:534-3638    -           1035 10709at7898          -            919  1.5e-187  625.1   0.3   1   2  4.4e-155  1.4e-152  509.4   0.0     1   770     2   836     2   846 0.79 -
TRINITY_DN7917_c1_g2_i1:534-3638    -           1035 10709at7898          -            919  1.5e-187  625.1   0.3   2   2   1.4e-35   4.5e-33  113.9   0.0   776   916   879  1019   863  1022 0.91 -
TRINITY_DN24548_c0_g1_i1:0-2690     -            897 10709at7898          -            919  2.4e-161  538.4   0.9   1   2  5.8e-132  1.8e-129  432.9   0.0   133   765    19   692     2   702 0.81 -
TRINITY_DN24548_c0_g1_i1:0-2690     -            897 10709at7898          -            919  2.4e-161  538.4   0.9   2   2   1.3e-32     4e-30  104.1   0.1   774   914   737   877   720   882 0.87 -
TRINITY_DN8475_c0_g1_i17:617-3607   -            997 10709at7898          -            919   6.5e-97  325.2   0.3   1   2   2.4e-84   7.6e-82  275.3   0.1     1   760     1   814     1   824 0.71 -
TRINITY_DN8475_c0_g1_i17:617-3607   -            997 10709at7898          -            919   6.5e-97  325.2   0.3   2   2   2.8e-14   8.9e-12   43.4   0.0   774   904   864   997   849   997 0.84 -
TRINITY_DN8475_c0_g1_i16:598-3627   -           1010 10709at7898          -            919   8.4e-96  321.5   0.1   1   2   3.2e-83     1e-80  271.6   0.0     1   760    14   827    14   837 0.71 -
TRINITY_DN8475_c0_g1_i16:598-3627   -           1010 10709at7898          -            919   8.4e-96  321.5   0.1   2   2   2.9e-14   9.1e-12   43.4   0.0   774   904   877  1010   862  1010 0.84 -
TRINITY_DN8475_c0_g1_i18:618-3647   -           1010 10709at7898          -            919   8.4e-96  321.5   0.1   1   2   3.2e-83     1e-80  271.6   0.0     1   760    14   827    14   837 0.71 -
TRINITY_DN8475_c0_g1_i18:618-3647   -           1010 10709at7898          -            919   8.4e-96  321.5   0.1   2   2   2.9e-14   9.1e-12   43.4   0.0   774   904   877  1010   862  1010 0.84 -
TRINITY_DN8475_c0_g1_i19:560-3589   -           1010 10709at7898          -            919   8.4e-96  321.5   0.1   1   2   3.2e-83     1e-80  271.6   0.0     1   760    14   827    14   837 0.71 -
TRINITY_DN8475_c0_g1_i19:560-3589   -           1010 10709at7898          -            919   8.4e-96  321.5   0.1   2   2   2.9e-14   9.1e-12   43.4   0.0   774   904   877  1010   862  1010 0.84 -
TRINITY_DN9068_c1_g2_i5:197-3394    -           1066 10709at7898          -            919   3.2e-76  256.7   3.3   1   2   2.1e-71   6.5e-69  232.5   0.4     1   591    11   640    11   697 0.76 -
TRINITY_DN9068_c1_g2_i5:197-3394    -           1066 10709at7898          -            919   3.2e-76  256.7   3.3   2   2   1.2e-08   3.9e-06   24.8   0.2   780   911   925  1056   921  1063 0.73 -
TRINITY_DN9068_c1_g2_i1:197-3656    -           1066 10709at7898          -            919   3.5e-76  256.5   3.3   1   2   2.2e-71   6.8e-69  232.4   0.4     1   591    11   640    11   690 0.76 -
TRINITY_DN9068_c1_g2_i1:197-3656    -           1066 10709at7898          -            919   3.5e-76  256.5   3.3   2   2   1.2e-08   3.9e-06   24.8   0.2   780   911   925  1056   921  1063 0.73 -
TRINITY_DN9068_c1_g2_i4:197-2650    -            818 10709at7898          -            919   2.8e-69  233.7   0.9   1   1   1.5e-71   4.6e-69  233.0   0.8     1   591    11   640    11   649 0.74 -
TRINITY_DN9068_c1_g2_i3:197-1930    -            578 10709at7898          -            919   9.6e-69  231.9   1.4   1   1   3.5e-71   1.1e-68  231.7   1.4     1   470    11   497    11   569 0.81 -
TRINITY_DN26202_c0_g1_i2:119-2395   -            759 10709at7898          -            919   1.2e-59  201.9   1.3   1   1   2.4e-61   7.7e-59  199.2   1.3    12   560    14   625     3   751 0.71 -
TRINITY_DN26202_c0_g1_i1:119-2395   -            759 10709at7898          -            919   1.8e-59  201.3   1.6   1   1   3.8e-61   1.2e-58  198.5   1.6    12   560    14   625     3   749 0.71 -
TRINITY_DN30202_c0_g1_i3:22-2716    -            643 10709at7898          -            919   1.7e-52  178.2   0.0   1   1   1.8e-52   5.7e-50  169.8   0.0   329   906     8   641     2   643 0.66 -
TRINITY_DN5065_c1_g1_i2:0-1097      -            366 10709at7898          -            919   1.5e-47  161.8   0.3   1   1   5.4e-50   1.7e-47  161.6   0.3     1   352     6   363     6   366 0.79 -
TRINITY_DN5065_c0_g1_i21:855-2861   -            669 10709at7898          -            919   2.4e-39  134.7   0.4   1   2   8.4e-32   2.6e-29  101.4   0.1   321   622     7   330     3   378 0.67 -
TRINITY_DN5065_c0_g1_i21:855-2861   -            669 10709at7898          -            919   2.4e-39  134.7   0.4   2   2   1.4e-10   4.3e-08   31.2   0.0   783   909   528   656   516   662 0.80 -
TRINITY_DN30202_c0_g1_i1:1-2569     -            609 10709at7898          -            919     1e-38  132.5   0.1   1   1   1.8e-38   5.7e-36  123.5   0.1   375   906    22   607     4   609 0.67 -
TRINITY_DN1258_c2_g1_i2:3756-6005   -            750 10709at7898          -            919     5e-38  130.3   0.0   1   2     1e-37   3.2e-35  121.0   0.2   167   566     2   420     1   445 0.68 -
TRINITY_DN1258_c2_g1_i2:3756-6005   -            750 10709at7898          -            919     5e-38  130.3   0.0   2   2     0.006       1.9    5.9   0.0   739   903   585   750   549   750 0.67 -
TRINITY_DN1258_c2_g1_i3:125-2374    -            750 10709at7898          -            919   5.3e-38  130.2   0.0   1   2   1.1e-37   3.5e-35  120.9   0.1   167   565     2   419     1   437 0.67 -
TRINITY_DN1258_c2_g1_i3:125-2374    -            750 10709at7898          -            919   5.3e-38  130.2   0.0   2   2    0.0063         2    5.9   0.0   739   903   585   750   556   750 0.66 -
TRINITY_DN4855_c1_g2_i3:17-1864     -            616 10709at7898          -            919   1.2e-37  129.0   2.7   1   2   2.2e-23   6.8e-21   73.6   0.1   328   454    10   147     2   202 0.82 -
TRINITY_DN4855_c1_g2_i3:17-1864     -            616 10709at7898          -            919   1.2e-37  129.0   2.7   2   2   5.1e-18   1.6e-15   55.8   0.5   598   909   281   615   244   616 0.68 -
TRINITY_DN4855_c1_g2_i2:17-1864     -            616 10709at7898          -            919   1.8e-37  128.4   5.3   1   2   2.2e-23   6.8e-21   73.6   0.1   328   454    10   147     2   201 0.82 -
TRINITY_DN4855_c1_g2_i2:17-1864     -            616 10709at7898          -            919   1.8e-37  128.4   5.3   2   2   3.4e-18   1.1e-15   56.4   1.8   599   909   282   615   247   616 0.69 -
TRINITY_DN1919_c1_g1_i10:1115-2914  -            600 10709at7898          -            919   2.3e-37  128.1   0.0   1   1     1e-39   3.2e-37  127.6   0.0   151   560     2   432     1   482 0.77 -
TRINITY_DN1919_c1_g1_i1:1115-2914   -            600 10709at7898          -            919   2.3e-37  128.1   0.0   1   1     1e-39   3.2e-37  127.6   0.0   151   560     2   432     1   482 0.77 -
TRINITY_DN1919_c1_g1_i4:1115-2914   -            600 10709at7898          -            919   2.3e-37  128.1   0.0   1   1     1e-39   3.2e-37  127.6   0.0   151   560     2   432     1   482 0.77 -
TRINITY_DN1919_c1_g1_i5:1115-2914   -            600 10709at7898          -            919   2.3e-37  128.1   0.0   1   1     1e-39   3.2e-37  127.6   0.0   151   560     2   432     1   482 0.77 -
TRINITY_DN1919_c1_g1_i6:306-1394    -            363 10709at7898          -            919   2.3e-35  121.5   0.0   1   1   8.7e-38   2.7e-35  121.2   0.0   150   451     1   303     1   330 0.81 -
TRINITY_DN5065_c0_g1_i17:836-2761   -            642 10709at7898          -            919   1.5e-34  118.7   0.5   1   2     5e-27   1.6e-24   85.6   0.2   339   623     1   304     1   351 0.69 -
TRINITY_DN5065_c0_g1_i17:836-2761   -            642 10709at7898          -            919   1.5e-34  118.7   0.5   2   2   1.3e-10   4.1e-08   31.3   0.0   783   909   501   629   489   635 0.80 -
TRINITY_DN20803_c0_g1_i5:3-1796     -            598 10709at7898          -            919   5.1e-31  107.1   0.2   1   1   2.1e-33   6.5e-31  106.7   0.2   349   906     5   593     2   598 0.73 -
TRINITY_DN20803_c0_g1_i7:3-1796     -            598 10709at7898          -            919   6.5e-31  106.7   0.2   1   1   2.7e-33   8.5e-31  106.4   0.2   349   908     5   595     2   598 0.75 -
TRINITY_DN20803_c0_g1_i2:3-1796     -            598 10709at7898          -            919   6.8e-31  106.7   0.2   1   1   2.8e-33   8.8e-31  106.3   0.2   349   906     5   593     2   598 0.75 -
TRINITY_DN11092_c0_g1_i6:1215-3005  -            597 10709at7898          -            919   1.4e-30  105.7   3.0   1   2   3.5e-31   1.1e-28   99.4   0.6   138   471     2   348     1   370 0.75 -
TRINITY_DN11092_c0_g1_i6:1215-3005  -            597 10709at7898          -            919   1.4e-30  105.7   3.0   2   2    0.0033         1    6.8   0.1   573   656   432   526   408   587 0.68 -
TRINITY_DN1534_c0_g1_i1:1652-3367   -            572 10709at7898          -            919   1.8e-30  105.3   0.0   1   1   7.9e-33   2.5e-30  104.8   0.0   165   554     7   429     4   462 0.76 -
TRINITY_DN11092_c0_g1_i10:192-1763  -            524 10709at7898          -            919   2.4e-30  104.9   1.5   1   2   2.1e-31   6.6e-29  100.1   0.4   138   472     2   349     1   378 0.75 -
TRINITY_DN11092_c0_g1_i10:192-1763  -            524 10709at7898          -            919   2.4e-30  104.9   1.5   2   2     0.021       6.5    4.2   0.0   573   646   432   516   407   524 0.71 -
TRINITY_DN11092_c0_g1_i4:1215-2804  -            530 10709at7898          -            919   3.7e-25   87.7   1.0   1   2   3.1e-25   9.7e-23   79.7   0.1   210   472     1   282     1   306 0.74 -
TRINITY_DN11092_c0_g1_i4:1215-2804  -            530 10709at7898          -            919   3.7e-25   87.7   1.0   2   2    0.0027      0.84    7.1   0.1   573   656   365   459   341   520 0.68 -
TRINITY_DN5065_c0_g1_i5:1332-2957   -            542 10709at7898          -            919   9.7e-24   83.0   0.1   1   1   4.8e-26   1.5e-23   82.4   0.1   339   622     1   303     1   351 0.67 -
TRINITY_DN20803_c0_g1_i3:6-1610     -            535 10709at7898          -            919   3.6e-22   77.8   0.3   1   1   1.4e-24   4.3e-22   77.6   0.3   404   908     2   532     1   535 0.73 -
#
# Program:         hmmsearch
# Version:         3.1b2 (February 2015)
# Pipeline mode:   SEARCH
# Query file:      /home/ericjuo/Projects/salmo_trutta_rna_seq/busco_downloads/lineages/actinopterygii_odb10/hmms/10709at7898.hmm
# Target file:     /home/ericjuo/Projects/salmo_trutta_rna_seq/data/02_intermediate/busco/run_actinopterygii_odb10/metaeuk_output/initial_results/trinity.Trinity.fasta.modified.fas
# Option settings: hmmsearch --domtblout /home/ericjuo/Projects/salmo_trutta_rna_seq/data/02_intermediate/busco/run_actinopterygii_odb10/hmmer_output/initial_run_results/10709at7898.out --cpu 1 /home/ericjuo/Projects/salmo_trutta_rna_seq/busco_downloads/lineages/actinopterygii_odb10/hmms/10709at7898.hmm /home/ericjuo/Projects/salmo_trutta_rna_seq/data/02_intermediate/busco/run_actinopterygii_odb10/metaeuk_output/initial_results/trinity.Trinity.fasta.modified.fas 
# Current dir:     /home/ericjuo/Projects/salmo_trutta_rna_seq
# Date:            Fri Apr 29 12:53:00 2022
# [ok]
