#                                                                                         --- full sequence --- -------------- this domain -------------   hmm coord   ali coord   env coord
# target name                     accession   tlen query name           accession   qlen   E-value  score  bias   #  of  c-Evalue  i-Evalue  score  bias  from    to  from    to  from    to  acc description of target
#             ------------------- ---------- ----- -------------------- ---------- ----- --------- ------ ----- --- --- --------- --------- ------ ----- ----- ----- ----- ----- ----- ----- ---- ---------------------
TRINITY_DN949_c0_g1_i6:83-1198    -            372 112615at7898         -            296    2e-153  509.6  26.7   1   2   1.3e-98   9.9e-96  320.2  10.6     1   182     1   205     1   247 0.87 -
TRINITY_DN949_c0_g1_i6:83-1198    -            372 112615at7898         -            296    2e-153  509.6  26.7   2   2   4.3e-60   3.3e-57  193.7  10.1   176   296   250   372   234   372 0.94 -
TRINITY_DN949_c0_g1_i2:139-1254   -            372 112615at7898         -            296  8.8e-153  507.5  30.7   1   2     3e-98   2.3e-95  319.0  14.5     1   225     1   248     1   255 0.85 -
TRINITY_DN949_c0_g1_i2:139-1254   -            372 112615at7898         -            296  8.8e-153  507.5  30.7   2   2   2.2e-59   1.7e-56  191.4  13.0   179   296   253   372   228   372 0.88 -
TRINITY_DN949_c0_g1_i5:83-1198    -            372 112615at7898         -            296  5.7e-150  498.2  26.8   1   2   3.4e-95   2.6e-92  309.0  10.6     1   182     1   205     1   248 0.86 -
TRINITY_DN949_c0_g1_i5:83-1198    -            372 112615at7898         -            296  5.7e-150  498.2  26.8   2   2   3.9e-60     3e-57  193.8   9.9   176   296   250   372   236   372 0.94 -
TRINITY_DN949_c0_g1_i4:89-1204    -            372 112615at7898         -            296  1.6e-149  496.8  30.2   1   2   5.1e-95   3.9e-92  308.4  13.9     1   225     1   248     1   255 0.85 -
TRINITY_DN949_c0_g1_i4:89-1204    -            372 112615at7898         -            296  1.6e-149  496.8  30.2   2   2   2.8e-59   2.1e-56  191.0  13.7   175   296   240   372   224   372 0.86 -
TRINITY_DN654_c0_g1_i19:1643-2674 -            344 112615at7898         -            296   3.4e-65  219.9  36.0   1   3   8.7e-17   6.7e-14   51.5   7.3     1    85     1    95     1   100 0.80 -
TRINITY_DN654_c0_g1_i19:1643-2674 -            344 112615at7898         -            296   3.4e-65  219.9  36.0   2   3   1.2e-41   9.4e-39  133.1   7.9    89   175   121   207   114   216 0.96 -
TRINITY_DN654_c0_g1_i19:1643-2674 -            344 112615at7898         -            296   3.4e-65  219.9  36.0   3   3   1.2e-15   9.5e-13   47.7   4.9   236   296   276   344   270   344 0.82 -
TRINITY_DN654_c0_g1_i1:2139-3164  -            342 112615at7898         -            296   2.6e-63  213.7  39.3   1   3     1e-18   7.9e-16   57.9   8.6     1    88     1    98     1   102 0.81 -
TRINITY_DN654_c0_g1_i1:2139-3164  -            342 112615at7898         -            296   2.6e-63  213.7  39.3   2   3   3.3e-39   2.5e-36  125.1   9.2    89   175   121   207   113   223 0.94 -
TRINITY_DN654_c0_g1_i1:2139-3164  -            342 112615at7898         -            296   2.6e-63  213.7  39.3   3   3   2.9e-14   2.2e-11   43.2   5.5   236   296   274   342   268   342 0.82 -
TRINITY_DN654_c0_g1_i18:1643-2581 -            313 112615at7898         -            296   1.7e-62  211.1  29.4   1   3   9.6e-14   7.4e-11   41.5   1.4    35    85    11    64     1    69 0.76 -
TRINITY_DN654_c0_g1_i18:1643-2581 -            313 112615at7898         -            296   1.7e-62  211.1  29.4   2   3     1e-41   7.9e-39  133.4   7.9    89   175    90   176    83   185 0.96 -
TRINITY_DN654_c0_g1_i18:1643-2581 -            313 112615at7898         -            296   1.7e-62  211.1  29.4   3   3   1.1e-15   8.1e-13   48.0   4.9   236   296   245   313   239   313 0.82 -
TRINITY_DN654_c0_g1_i15:2139-2669 -            177 112615at7898         -            296     4e-24   85.1  12.2   1   2   1.2e-14   8.9e-12   44.6   0.5   134   175     1    42     1    60 0.93 -
TRINITY_DN654_c0_g1_i15:2139-2669 -            177 112615at7898         -            296     4e-24   85.1  12.2   2   2   8.4e-15   6.4e-12   45.0   5.5   236   296   109   177   103   177 0.82 -
TRINITY_DN654_c0_g1_i16:2139-2669 -            177 112615at7898         -            296     4e-24   85.1  12.2   1   2   1.2e-14   8.9e-12   44.6   0.5   134   175     1    42     1    60 0.93 -
TRINITY_DN654_c0_g1_i16:2139-2669 -            177 112615at7898         -            296     4e-24   85.1  12.2   2   2   8.4e-15   6.4e-12   45.0   5.5   236   296   109   177   103   177 0.82 -
TRINITY_DN3972_c0_g1_i5:78-695    -            206 112615at7898         -            296   2.5e-20   72.6   7.1   1   1   3.8e-23   2.9e-20   72.4   7.1    93   178    85   169    49   199 0.81 -
TRINITY_DN3972_c0_g1_i4:96-695    -            200 112615at7898         -            296   1.1e-19   70.5   7.9   1   1   1.9e-22   1.5e-19   70.1   7.9    86   177    72   163    42   191 0.84 -
TRINITY_DN4388_c0_g1_i1:68-466    -            133 112615at7898         -            296   3.7e-17   62.2   5.6   1   1   5.6e-20   4.3e-17   62.0   5.6   100   175    34   109    22   125 0.94 -
TRINITY_DN4388_c0_g1_i2:29-442    -            138 112615at7898         -            296   8.3e-17   61.1   6.6   1   1   1.4e-19   1.1e-16   60.7   6.6   100   175    47   122    35   131 0.94 -
TRINITY_DN3972_c0_g1_i1:78-449    -            124 112615at7898         -            296   7.6e-10   38.2   6.2   1   1   1.2e-12   9.1e-10   38.0   6.2    92   132    84   123    48   124 0.77 -
TRINITY_DN466_c0_g1_i3:527-1387   -            287 112615at7898         -            296      0.59    9.0   3.8   1   1    0.0014       1.1    8.2   3.8    99   156   226   282   201   286 0.77 -
TRINITY_DN1605_c1_g1_i1:1055-2044 -            330 112615at7898         -            296       6.8    5.5   7.1   1   1     0.015        12    4.8   7.1    88   160   247   319   226   324 0.83 -
TRINITY_DN1605_c1_g1_i2:1051-2040 -            330 112615at7898         -            296       6.8    5.5   7.1   1   1     0.015        12    4.8   7.1    88   160   247   319   226   324 0.83 -
TRINITY_DN1605_c1_g1_i3:1051-2040 -            330 112615at7898         -            296       6.8    5.5   7.1   1   1     0.015        12    4.8   7.1    88   160   247   319   226   324 0.83 -
#
# Program:         hmmsearch
# Version:         3.1b2 (February 2015)
# Pipeline mode:   SEARCH
# Query file:      /home/ericjuo/Projects/salmo_trutta_rna_seq/busco_downloads/lineages/actinopterygii_odb10/hmms/112615at7898.hmm
# Target file:     /home/ericjuo/Projects/salmo_trutta_rna_seq/data/02_intermediate/busco/run_actinopterygii_odb10/metaeuk_output/initial_results/trinity.Trinity.fasta.modified.fas
# Option settings: hmmsearch --domtblout /home/ericjuo/Projects/salmo_trutta_rna_seq/data/02_intermediate/busco/run_actinopterygii_odb10/hmmer_output/initial_run_results/112615at7898.out --cpu 1 /home/ericjuo/Projects/salmo_trutta_rna_seq/busco_downloads/lineages/actinopterygii_odb10/hmms/112615at7898.hmm /home/ericjuo/Projects/salmo_trutta_rna_seq/data/02_intermediate/busco/run_actinopterygii_odb10/metaeuk_output/initial_results/trinity.Trinity.fasta.modified.fas 
# Current dir:     /home/ericjuo/Projects/salmo_trutta_rna_seq
# Date:            Fri Apr 29 12:53:05 2022
# [ok]
