#                                                                                          --- full sequence --- -------------- this domain -------------   hmm coord   ali coord   env coord
# target name                      accession   tlen query name           accession   qlen   E-value  score  bias   #  of  c-Evalue  i-Evalue  score  bias  from    to  from    to  from    to  acc description of target
#              ------------------- ---------- ----- -------------------- ---------- ----- --------- ------ ----- --- --- --------- --------- ------ ----- ----- ----- ----- ----- ----- ----- ---- ---------------------
TRINITY_DN5931_c0_g1_i1:142-723    -            194 113518at7898         -            161  3.3e-112  371.4   0.1   1   1  1.1e-113  3.8e-112  371.2   0.1     1   161     3   163     3   163 1.00 -
TRINITY_DN5931_c0_g1_i2:187-768    -            194 113518at7898         -            161  6.1e-112  370.5   0.1   1   1    2e-113  7.1e-112  370.3   0.1     1   161     3   163     3   163 1.00 -
TRINITY_DN16903_c0_g1_i2:283-651   -            123 113518at7898         -            161   1.6e-68  229.4   0.0   1   1   5.1e-70   1.8e-68  229.2   0.0     1   120     3   122     3   123 0.99 -
TRINITY_DN16903_c0_g1_i1:214-564   -            117 113518at7898         -            161     2e-65  219.3   0.0   1   1   6.1e-67   2.2e-65  219.2   0.0     6   120     2   116     1   117 0.99 -
TRINITY_DN683_c1_g1_i2:1789-2310   -            174 113518at7898         -            161   2.1e-56  190.0   0.1   1   1   6.8e-58   2.4e-56  189.8   0.1     4   160     2   158     1   159 0.98 -
TRINITY_DN683_c1_g1_i4:1299-1820   -            174 113518at7898         -            161   2.1e-56  190.0   0.1   1   1   6.8e-58   2.4e-56  189.8   0.1     4   160     2   158     1   159 0.98 -
TRINITY_DN683_c1_g1_i5:1254-1775   -            174 113518at7898         -            161   2.1e-56  190.0   0.1   1   1   6.8e-58   2.4e-56  189.8   0.1     4   160     2   158     1   159 0.98 -
TRINITY_DN683_c1_g1_i7:1806-2327   -            174 113518at7898         -            161   2.1e-56  190.0   0.1   1   1   6.8e-58   2.4e-56  189.8   0.1     4   160     2   158     1   159 0.98 -
TRINITY_DN2661_c0_g1_i1:295-882    -            196 113518at7898         -            161   1.8e-55  187.0   0.1   1   1   5.9e-57   2.1e-55  186.7   0.1     4   160     2   158     1   159 0.98 -
TRINITY_DN2661_c0_g1_i3:198-785    -            196 113518at7898         -            161   1.8e-55  187.0   0.1   1   1   5.9e-57   2.1e-55  186.7   0.1     4   160     2   158     1   159 0.98 -
TRINITY_DN21845_c0_g1_i1:425-1003  -            193 113518at7898         -            161   8.8e-55  184.7   0.0   1   1   2.9e-56     1e-54  184.5   0.0     4   160     2   158     1   159 0.98 -
TRINITY_DN21845_c0_g1_i2:425-1003  -            193 113518at7898         -            161   8.8e-55  184.7   0.0   1   1   2.9e-56     1e-54  184.5   0.0     4   160     2   158     1   159 0.98 -
TRINITY_DN9513_c0_g1_i1:274-861    -            196 113518at7898         -            161   2.5e-54  183.2   0.1   1   1   8.2e-56   2.9e-54  183.0   0.1     2   160     2   160     1   161 0.98 -
TRINITY_DN9513_c0_g1_i3:251-838    -            196 113518at7898         -            161   2.5e-54  183.2   0.1   1   1   8.2e-56   2.9e-54  183.0   0.1     2   160     2   160     1   161 0.98 -
TRINITY_DN9513_c0_g1_i5:270-857    -            196 113518at7898         -            161   2.5e-54  183.2   0.1   1   1   8.2e-56   2.9e-54  183.0   0.1     2   160     2   160     1   161 0.98 -
TRINITY_DN2661_c0_g2_i1:0-569      -            190 113518at7898         -            161   4.3e-54  182.5   0.1   1   1   1.4e-55   5.1e-54  182.2   0.1     9   160     1   152     1   153 0.99 -
TRINITY_DN27548_c0_g1_i1:32-841    -            270 113518at7898         -            161   7.3e-51  172.0   0.3   1   2   5.3e-27   1.9e-25   89.4   0.1     4   102    40   138    38   140 0.97 -
TRINITY_DN27548_c0_g1_i1:32-841    -            270 113518at7898         -            161   7.3e-51  172.0   0.3   2   2   1.4e-24   4.9e-23   81.5   0.0    54   160   139   246   137   247 0.96 -
TRINITY_DN1599_c0_g1_i3:1575-2135  -            187 113518at7898         -            161   1.9e-46  157.6   0.1   1   1   6.1e-48   2.2e-46  157.4   0.1     2   160     2   160     1   161 0.98 -
TRINITY_DN12377_c1_g4_i1:1799-2329 -            177 113518at7898         -            161     5e-46  156.3   0.0   1   1   1.7e-47     6e-46  156.0   0.0     4   160     8   164     6   165 0.99 -
TRINITY_DN1932_c0_g1_i4:193-702    -            170 113518at7898         -            161   5.4e-46  156.1   0.1   1   1   1.7e-47   6.1e-46  156.0   0.1     2   160     2   160     1   161 0.98 -
TRINITY_DN1932_c0_g1_i5:193-702    -            170 113518at7898         -            161   5.4e-46  156.1   0.1   1   1   1.7e-47   6.1e-46  156.0   0.1     2   160     2   160     1   161 0.98 -
TRINITY_DN15267_c0_g1_i4:230-853   -            208 113518at7898         -            161   5.5e-46  156.1   0.0   1   1     2e-47   7.2e-46  155.7   0.0     4   160    10   166     8   167 0.99 -
TRINITY_DN15267_c0_g1_i1:196-825   -            210 113518at7898         -            161   5.7e-46  156.1   0.0   1   1   2.1e-47   7.4e-46  155.7   0.0     4   160    12   168    10   169 0.99 -
TRINITY_DN15267_c0_g1_i6:196-825   -            210 113518at7898         -            161   5.7e-46  156.1   0.0   1   1   2.1e-47   7.4e-46  155.7   0.0     4   160    12   168    10   169 0.99 -
TRINITY_DN15267_c0_g1_i3:196-825   -            210 113518at7898         -            161   5.7e-46  156.1   0.0   1   1   2.1e-47   7.4e-46  155.7   0.0     4   160    12   168    10   169 0.99 -
TRINITY_DN1932_c0_g1_i11:193-702   -            170 113518at7898         -            161   5.8e-46  156.0   0.1   1   1   1.9e-47   6.6e-46  155.9   0.1     2   160     2   160     1   161 0.98 -
TRINITY_DN1932_c0_g1_i12:193-702   -            170 113518at7898         -            161   5.8e-46  156.0   0.1   1   1   1.9e-47   6.6e-46  155.9   0.1     2   160     2   160     1   161 0.98 -
TRINITY_DN12377_c1_g2_i1:1124-1654 -            177 113518at7898         -            161   6.2e-46  156.0   0.1   1   1   2.1e-47   7.5e-46  155.7   0.1     4   160     8   164     6   165 0.99 -
TRINITY_DN358_c0_g1_i15:756-1229   -            158 113518at7898         -            161   1.3e-45  154.9   0.1   1   1     4e-47   1.4e-45  154.8   0.1     5   158     1   154     1   157 0.98 -
TRINITY_DN358_c0_g1_i19:474-953    -            160 113518at7898         -            161   1.3e-45  154.9   0.1   1   1   4.3e-47   1.5e-45  154.7   0.1     5   158     1   154     1   157 0.98 -
TRINITY_DN1599_c0_g1_i8:191-751    -            187 113518at7898         -            161   1.8e-45  154.5   0.1   1   1   5.8e-47   2.1e-45  154.3   0.1     2   160     2   160     1   161 0.98 -
TRINITY_DN1599_c0_g1_i10:1759-2319 -            187 113518at7898         -            161   2.7e-45  153.9   0.1   1   1   8.9e-47   3.2e-45  153.7   0.1     2   160     2   160     1   161 0.98 -
TRINITY_DN1599_c0_g1_i14:1759-2319 -            187 113518at7898         -            161   2.7e-45  153.9   0.1   1   1   8.9e-47   3.2e-45  153.7   0.1     2   160     2   160     1   161 0.98 -
TRINITY_DN3735_c0_g1_i13:154-801   -            216 113518at7898         -            161   5.5e-45  152.9   0.1   1   1     2e-46   7.2e-45  152.5   0.1     4   160    12   168    10   169 0.99 -
TRINITY_DN3735_c0_g1_i6:154-801    -            216 113518at7898         -            161   5.5e-45  152.9   0.1   1   1     2e-46   7.2e-45  152.5   0.1     4   160    12   168    10   169 0.99 -
TRINITY_DN3735_c0_g1_i2:154-801    -            216 113518at7898         -            161   9.4e-45  152.1   0.1   1   1   3.5e-46   1.2e-44  151.7   0.1     4   160    12   168    10   169 0.99 -
TRINITY_DN3735_c0_g1_i7:154-801    -            216 113518at7898         -            161   9.4e-45  152.1   0.1   1   1   3.5e-46   1.2e-44  151.7   0.1     4   160    12   168    10   169 0.99 -
TRINITY_DN3735_c0_g1_i1:154-801    -            216 113518at7898         -            161   5.7e-44  149.6   0.0   1   1   2.1e-45   7.4e-44  149.2   0.0     4   160    12   168    10   169 0.99 -
TRINITY_DN3735_c0_g1_i5:154-801    -            216 113518at7898         -            161   5.7e-44  149.6   0.0   1   1   2.1e-45   7.4e-44  149.2   0.0     4   160    12   168    10   169 0.99 -
TRINITY_DN3735_c0_g1_i12:154-801   -            216 113518at7898         -            161   9.7e-44  148.8   0.0   1   1   3.5e-45   1.3e-43  148.5   0.0     4   160    12   168    10   169 0.99 -
TRINITY_DN1599_c0_g1_i5:3294-3767  -            158 113518at7898         -            161   9.8e-44  148.8   0.1   1   1   3.3e-45   1.2e-43  148.6   0.1     2   155     2   155     1   157 0.98 -
TRINITY_DN1727_c2_g1_i1:17-514     -            166 113518at7898         -            161   2.6e-41  140.9   0.1   1   1   8.6e-43     3e-41  140.7   0.1     5   159     7   161     4   163 0.98 -
TRINITY_DN1727_c2_g3_i1:286-783    -            166 113518at7898         -            161   4.6e-41  140.1   0.1   1   1   1.5e-42   5.3e-41  139.9   0.1     5   159     7   161     4   163 0.98 -
TRINITY_DN1727_c2_g3_i2:279-776    -            166 113518at7898         -            161   4.6e-41  140.1   0.1   1   1   1.5e-42   5.3e-41  139.9   0.1     5   159     7   161     4   163 0.98 -
TRINITY_DN1138_c0_g1_i3:1077-1619  -            181 113518at7898         -            161   4.7e-41  140.1   0.1   1   1   1.6e-42   5.5e-41  139.9   0.1     5   159    18   172    15   174 0.98 -
TRINITY_DN1138_c0_g1_i4:1077-1619  -            181 113518at7898         -            161   4.7e-41  140.1   0.1   1   1   1.6e-42   5.5e-41  139.9   0.1     5   159    18   172    15   174 0.98 -
TRINITY_DN1138_c0_g1_i5:1077-1619  -            181 113518at7898         -            161   4.7e-41  140.1   0.1   1   1   1.6e-42   5.5e-41  139.9   0.1     5   159    18   172    15   174 0.98 -
TRINITY_DN2329_c0_g1_i10:168-665   -            166 113518at7898         -            161   1.7e-40  138.3   0.0   1   1   5.7e-42     2e-40  138.0   0.0     5   158     6   159     3   162 0.98 -
TRINITY_DN2329_c0_g1_i11:168-665   -            166 113518at7898         -            161   1.7e-40  138.3   0.0   1   1   5.7e-42     2e-40  138.0   0.0     5   158     6   159     3   162 0.98 -
TRINITY_DN2329_c0_g1_i15:168-665   -            166 113518at7898         -            161   1.7e-40  138.3   0.0   1   1   5.7e-42     2e-40  138.0   0.0     5   158     6   159     3   162 0.98 -
TRINITY_DN2329_c0_g1_i18:168-665   -            166 113518at7898         -            161   1.7e-40  138.3   0.0   1   1   5.7e-42     2e-40  138.0   0.0     5   158     6   159     3   162 0.98 -
TRINITY_DN2329_c0_g1_i19:168-665   -            166 113518at7898         -            161   1.7e-40  138.3   0.0   1   1   5.7e-42     2e-40  138.0   0.0     5   158     6   159     3   162 0.98 -
TRINITY_DN2329_c0_g1_i20:168-665   -            166 113518at7898         -            161   1.7e-40  138.3   0.0   1   1   5.7e-42     2e-40  138.0   0.0     5   158     6   159     3   162 0.98 -
TRINITY_DN2329_c0_g1_i6:168-665    -            166 113518at7898         -            161   1.7e-40  138.3   0.0   1   1   5.7e-42     2e-40  138.0   0.0     5   158     6   159     3   162 0.98 -
TRINITY_DN1138_c0_g1_i7:435-977    -            181 113518at7898         -            161   3.4e-40  137.3   0.1   1   1   1.1e-41     4e-40  137.1   0.1     5   159    18   172    15   174 0.98 -
TRINITY_DN358_c0_g1_i10:213-680    -            156 113518at7898         -            161   3.5e-40  137.2   0.0   1   1   1.1e-41   4.1e-40  137.0   0.0     5   140     1   136     1   154 0.94 -
TRINITY_DN358_c0_g1_i13:213-680    -            156 113518at7898         -            161   3.5e-40  137.2   0.0   1   1   1.1e-41   4.1e-40  137.0   0.0     5   140     1   136     1   154 0.94 -
TRINITY_DN6298_c0_g1_i1:268-774    -            169 113518at7898         -            161   3.8e-40  137.1   0.3   1   1   1.2e-41   4.4e-40  136.9   0.3     5   160     7   161     4   162 0.97 -
TRINITY_DN6298_c0_g1_i4:245-751    -            169 113518at7898         -            161   3.8e-40  137.1   0.3   1   1   1.2e-41   4.4e-40  136.9   0.3     5   160     7   161     4   162 0.97 -
TRINITY_DN6298_c0_g1_i2:245-763    -            173 113518at7898         -            161   4.1e-40  137.0   0.3   1   1   1.3e-41   4.8e-40  136.8   0.3     5   160     7   161     4   162 0.97 -
TRINITY_DN16008_c0_g1_i2:785-1291  -            169 113518at7898         -            161   4.3e-40  137.0   0.1   1   1   1.4e-41     5e-40  136.7   0.1     4   160     7   164     5   165 0.97 -
TRINITY_DN436_c0_g1_i4:506-1051    -            182 113518at7898         -            161   8.2e-40  136.1   0.1   1   1   2.8e-41     1e-39  135.8   0.1     5   158    11   164     8   167 0.97 -
TRINITY_DN436_c0_g1_i6:506-1051    -            182 113518at7898         -            161   8.2e-40  136.1   0.1   1   1   2.8e-41     1e-39  135.8   0.1     5   158    11   164     8   167 0.97 -
TRINITY_DN2916_c0_g1_i1:1531-2019  -            163 113518at7898         -            161   1.5e-39  135.2   0.0   1   1   4.5e-41   1.6e-39  135.1   0.0     4   159     1   161     1   163 0.91 -
TRINITY_DN2916_c0_g1_i3:1531-2019  -            163 113518at7898         -            161   1.5e-39  135.2   0.0   1   1   4.5e-41   1.6e-39  135.1   0.0     4   159     1   161     1   163 0.91 -
TRINITY_DN2916_c0_g1_i4:1506-1994  -            163 113518at7898         -            161   1.5e-39  135.2   0.0   1   1   4.5e-41   1.6e-39  135.1   0.0     4   159     1   161     1   163 0.91 -
TRINITY_DN2916_c0_g1_i6:1525-2013  -            163 113518at7898         -            161   1.5e-39  135.2   0.0   1   1   4.5e-41   1.6e-39  135.1   0.0     4   159     1   161     1   163 0.91 -
TRINITY_DN14008_c0_g1_i1:567-1070  -            168 113518at7898         -            161   2.5e-39  134.5   0.2   1   1   8.7e-41   3.1e-39  134.2   0.2     5   158     5   158     3   161 0.98 -
TRINITY_DN2326_c0_g3_i2:1458-1961  -            168 113518at7898         -            161   3.9e-39  133.8   0.1   1   1   1.4e-40   4.9e-39  133.5   0.1     5   158     5   158     3   161 0.98 -
TRINITY_DN2326_c0_g3_i8:418-921    -            168 113518at7898         -            161   3.9e-39  133.8   0.1   1   1   1.4e-40   4.9e-39  133.5   0.1     5   158     5   158     3   161 0.98 -
TRINITY_DN6243_c0_g1_i10:155-658   -            168 113518at7898         -            161   5.3e-39  133.4   0.1   1   1   1.9e-40   6.6e-39  133.1   0.1     5   159     5   159     3   161 0.98 -
TRINITY_DN6243_c0_g1_i7:155-658    -            168 113518at7898         -            161   5.3e-39  133.4   0.1   1   1   1.9e-40   6.6e-39  133.1   0.1     5   159     5   159     3   161 0.98 -
TRINITY_DN6243_c0_g1_i3:156-659    -            168 113518at7898         -            161   7.1e-39  133.0   0.1   1   1   2.5e-40   8.8e-39  132.7   0.1     5   159     5   159     3   161 0.98 -
TRINITY_DN6243_c0_g1_i5:156-659    -            168 113518at7898         -            161   7.1e-39  133.0   0.1   1   1   2.5e-40   8.8e-39  132.7   0.1     5   159     5   159     3   161 0.98 -
TRINITY_DN4616_c0_g1_i9:79-627     -            183 113518at7898         -            161   8.7e-39  132.7   0.0   1   1   3.1e-40   1.1e-38  132.4   0.0     5   159     8   162     6   164 0.98 -
TRINITY_DN682_c0_g1_i6:1568-2095   -            176 113518at7898         -            161   2.2e-38  131.4   0.0   1   1     7e-40   2.5e-38  131.2   0.0     4   160     3   163     1   164 0.94 -
TRINITY_DN436_c0_g1_i5:58-630      -            191 113518at7898         -            161   2.2e-38  131.4   0.2   1   1   8.1e-40   2.9e-38  131.0   0.2     5   159     5   159     3   161 0.98 -
TRINITY_DN6642_c0_g1_i2:182-778    -            199 113518at7898         -            161   2.8e-38  131.1   0.0   1   1   9.7e-40   3.4e-38  130.8   0.0     4   160     5   165     3   166 0.94 -
TRINITY_DN6642_c0_g1_i4:182-778    -            199 113518at7898         -            161   2.8e-38  131.1   0.0   1   1   9.7e-40   3.4e-38  130.8   0.0     4   160     5   165     3   166 0.94 -
TRINITY_DN682_c0_g1_i11:1560-2144  -            195 113518at7898         -            161   4.5e-38  130.4   0.0   1   1   1.5e-39   5.2e-38  130.2   0.0     4   160     1   161     1   162 0.94 -
TRINITY_DN682_c0_g1_i3:1509-2093   -            195 113518at7898         -            161   4.5e-38  130.4   0.0   1   1   1.5e-39   5.2e-38  130.2   0.0     4   160     1   161     1   162 0.94 -
TRINITY_DN682_c0_g1_i5:1167-1751   -            195 113518at7898         -            161   4.5e-38  130.4   0.0   1   1   1.5e-39   5.2e-38  130.2   0.0     4   160     1   161     1   162 0.94 -
TRINITY_DN682_c0_g1_i8:1611-2096   -            162 113518at7898         -            161   7.2e-38  129.7   0.0   1   1   2.3e-39     8e-38  129.6   0.0     4   160     2   162     1   162 0.94 -
TRINITY_DN2441_c0_g1_i1:105-614    -            170 113518at7898         -            161   9.2e-38  129.4   0.0   1   1   2.9e-39     1e-37  129.3   0.0     3   159     8   168     6   170 0.90 -
TRINITY_DN2441_c0_g1_i2:113-622    -            170 113518at7898         -            161   9.2e-38  129.4   0.0   1   1   2.9e-39     1e-37  129.3   0.0     3   159     8   168     6   170 0.90 -
TRINITY_DN436_c0_g1_i2:58-627      -            190 113518at7898         -            161   2.2e-37  128.2   0.2   1   1   7.9e-39   2.8e-37  127.8   0.2     5   159     5   159     3   161 0.98 -
TRINITY_DN4616_c0_g1_i2:1228-1698  -            157 113518at7898         -            161   2.2e-37  128.1   0.1   1   1   7.4e-39   2.6e-37  127.9   0.1     5   157     5   157     3   157 0.98 -
TRINITY_DN4616_c0_g1_i4:710-1189   -            160 113518at7898         -            161   2.3e-37  128.1   0.1   1   1   7.9e-39   2.8e-37  127.8   0.1     5   157     8   160     6   160 0.98 -
TRINITY_DN4616_c0_g1_i6:1228-1707  -            160 113518at7898         -            161   2.3e-37  128.1   0.1   1   1   7.9e-39   2.8e-37  127.8   0.1     5   157     8   160     6   160 0.98 -
TRINITY_DN1599_c0_g1_i13:320-700   -            127 113518at7898         -            161   2.6e-37  127.9   0.0   1   1   8.1e-39   2.9e-37  127.8   0.0     2   124     5   127     4   127 0.98 -
TRINITY_DN2426_c0_g2_i1:1593-2099  -            169 113518at7898         -            161     6e-37  126.7   0.0   1   1   2.1e-38   7.3e-37  126.5   0.0     5   158     6   159     3   162 0.97 -
TRINITY_DN2426_c0_g2_i2:833-1339   -            169 113518at7898         -            161     6e-37  126.7   0.0   1   1   2.1e-38   7.3e-37  126.5   0.0     5   158     6   159     3   162 0.97 -
TRINITY_DN1097_c0_g2_i1:2189-2668  -            160 113518at7898         -            161   6.4e-37  126.7   0.0   1   1   2.2e-38   7.6e-37  126.4   0.0     5   157     8   160     6   160 0.98 -
TRINITY_DN4916_c0_g1_i1:457-948    -            164 113518at7898         -            161   2.7e-36  124.6   0.1   1   1   8.6e-38     3e-36  124.5   0.1     4   160     2   162     1   163 0.93 -
TRINITY_DN1120_c1_g1_i1:666-1184   -            173 113518at7898         -            161   2.9e-36  124.5   0.1   1   1   9.4e-38   3.3e-36  124.3   0.1     5   160     5   160     2   161 0.98 -
TRINITY_DN9832_c0_g1_i1:1124-1645  -            174 113518at7898         -            161   7.5e-36  123.2   0.2   1   1   2.5e-37   8.9e-36  122.9   0.2     4   158     7   162     5   165 0.96 -
TRINITY_DN4890_c0_g1_i21:0-413     -            138 113518at7898         -            161     1e-35  122.7   0.0   1   1   3.3e-37   1.2e-35  122.5   0.0     4   130    12   138    10   138 0.98 -
TRINITY_DN4890_c0_g1_i9:0-413      -            138 113518at7898         -            161     1e-35  122.7   0.0   1   1   3.4e-37   1.2e-35  122.5   0.0     4   130    12   138    10   138 0.98 -
TRINITY_DN1040_c0_g1_i12:571-1071  -            167 113518at7898         -            161   1.1e-35  122.7   0.5   1   1   3.6e-37   1.3e-35  122.4   0.5     5   158     5   158     3   161 0.97 -
TRINITY_DN1040_c0_g1_i14:565-1065  -            167 113518at7898         -            161   1.1e-35  122.7   0.5   1   1   3.6e-37   1.3e-35  122.4   0.5     5   158     5   158     3   161 0.97 -
TRINITY_DN1040_c0_g1_i19:565-1065  -            167 113518at7898         -            161   1.1e-35  122.7   0.5   1   1   3.6e-37   1.3e-35  122.4   0.5     5   158     5   158     3   161 0.97 -
TRINITY_DN1040_c0_g1_i5:565-1065   -            167 113518at7898         -            161   1.1e-35  122.7   0.5   1   1   3.6e-37   1.3e-35  122.4   0.5     5   158     5   158     3   161 0.97 -
TRINITY_DN1040_c0_g1_i6:565-1065   -            167 113518at7898         -            161   1.1e-35  122.7   0.5   1   1   3.6e-37   1.3e-35  122.4   0.5     5   158     5   158     3   161 0.97 -
TRINITY_DN2916_c0_g1_i5:514-924    -            137 113518at7898         -            161   1.9e-35  121.9   0.0   1   1   5.7e-37     2e-35  121.8   0.0     4   136     1   134     1   137 0.96 -
TRINITY_DN4916_c0_g1_i2:420-1016   -            199 113518at7898         -            161   2.4e-35  121.5   0.1   1   1   8.4e-37     3e-35  121.2   0.1     4   160     7   167     4   168 0.93 -
TRINITY_DN4916_c0_g1_i4:420-1016   -            199 113518at7898         -            161   2.4e-35  121.5   0.1   1   1   8.4e-37     3e-35  121.2   0.1     4   160     7   167     4   168 0.93 -
TRINITY_DN4890_c0_g1_i13:0-413     -            138 113518at7898         -            161   3.3e-35  121.1   0.0   1   1   1.1e-36   3.9e-35  120.9   0.0     4   130    12   138    10   138 0.98 -
TRINITY_DN4890_c0_g1_i7:0-413      -            138 113518at7898         -            161   3.3e-35  121.1   0.0   1   1   1.1e-36   3.9e-35  120.9   0.0     4   130    12   138    10   138 0.98 -
TRINITY_DN17605_c0_g1_i1:383-913   -            177 113518at7898         -            161   5.5e-35  120.4   0.0   1   1   1.8e-36   6.3e-35  120.2   0.0     6   159     3   158     1   160 0.94 -
TRINITY_DN5021_c2_g1_i1:492-998    -            169 113518at7898         -            161     1e-33  116.2   0.1   1   1   3.4e-35   1.2e-33  116.0   0.1     4   158     7   162     5   165 0.96 -
TRINITY_DN4890_c0_g1_i6:2-385      -            128 113518at7898         -            161   1.4e-33  115.8   0.0   1   1   4.7e-35   1.7e-33  115.5   0.0     4   120    12   128    10   128 0.99 -
TRINITY_DN4890_c0_g1_i19:2-385     -            128 113518at7898         -            161   1.5e-33  115.7   0.0   1   1   4.8e-35   1.7e-33  115.5   0.0     4   120    12   128    10   128 0.99 -
TRINITY_DN60935_c0_g1_i1:36-632    -            199 113518at7898         -            161   1.5e-33  115.7   0.2   1   1   5.2e-35   1.8e-33  115.4   0.2     4   159     7   163     5   165 0.96 -
TRINITY_DN35211_c0_g2_i1:192-824   -            211 113518at7898         -            161   1.6e-33  115.6   0.0   1   1   5.8e-35     2e-33  115.3   0.0     4   161     5   164     3   164 0.95 -
TRINITY_DN4890_c0_g1_i18:2-385     -            128 113518at7898         -            161   3.3e-33  114.6   0.0   1   1   1.1e-34   3.8e-33  114.4   0.0     4   120    12   128    10   128 0.99 -
TRINITY_DN11294_c0_g1_i1:555-1061  -            169 113518at7898         -            161   4.2e-33  114.3   0.2   1   1   1.5e-34   5.1e-33  114.0   0.2     4   157     7   161     6   165 0.97 -
TRINITY_DN11294_c0_g1_i2:555-1061  -            169 113518at7898         -            161   4.2e-33  114.3   0.2   1   1   1.5e-34   5.1e-33  114.0   0.2     4   157     7   161     6   165 0.97 -
TRINITY_DN39974_c0_g2_i2:380-925   -            182 113518at7898         -            161   1.2e-32  112.7   0.0   1   1   3.9e-34   1.4e-32  112.5   0.0     3   157     3   157     1   161 0.97 -
TRINITY_DN39974_c0_g2_i1:229-711   -            161 113518at7898         -            161   1.1e-31  109.6   0.0   1   1   3.8e-33   1.3e-31  109.4   0.0     3   154     3   154     1   160 0.97 -
TRINITY_DN39974_c0_g2_i3:837-1319  -            161 113518at7898         -            161   1.1e-31  109.6   0.0   1   1   3.8e-33   1.3e-31  109.4   0.0     3   154     3   154     1   160 0.97 -
TRINITY_DN1040_c0_g1_i20:109-639   -            177 113518at7898         -            161   6.9e-31  107.0   0.1   1   1   2.8e-32   9.8e-31  106.5   0.1     5   158     5   168     3   171 0.88 -
TRINITY_DN36324_c0_g2_i1:879-1289  -            137 113518at7898         -            161   1.1e-30  106.4   0.0   1   1   3.4e-32   1.2e-30  106.3   0.0    33   159     2   128     1   130 0.98 -
TRINITY_DN18093_c0_g2_i3:54-638    -            195 113518at7898         -            161     3e-30  105.0   0.0   1   1   1.1e-31   3.8e-30  104.6   0.0     4   158     2   160     1   163 0.92 -
TRINITY_DN18093_c0_g2_i5:134-718   -            195 113518at7898         -            161   2.9e-29  101.8   0.0   1   1   9.9e-31   3.5e-29  101.5   0.0     4   158     2   160     1   163 0.92 -
TRINITY_DN18093_c0_g2_i2:54-638    -            195 113518at7898         -            161   3.5e-29  101.5   0.0   1   1   1.2e-30   4.4e-29  101.2   0.0     4   158     2   160     1   163 0.92 -
TRINITY_DN4890_c0_g1_i14:0-353     -            118 113518at7898         -            161     4e-29  101.3   0.0   1   1   1.3e-30   4.6e-29  101.1   0.0     4   110    12   118    10   118 0.98 -
TRINITY_DN2569_c1_g1_i4:755-1279   -            175 113518at7898         -            161   2.1e-28   99.0   0.1   1   1   6.9e-30   2.4e-28   98.8   0.1     5   160     1   159     1   160 0.94 -
TRINITY_DN1040_c0_g1_i21:85-651    -            189 113518at7898         -            161   6.5e-28   97.4   0.0   1   1   2.7e-29   9.5e-28   96.8   0.0     5   155    13   174    11   179 0.86 -
TRINITY_DN52876_c0_g1_i1:522-1037  -            172 113518at7898         -            161   1.3e-27   96.3   0.0   1   1   4.3e-29   1.5e-27   96.2   0.0     5   156     3   158     1   163 0.94 -
TRINITY_DN260_c0_g2_i13:3533-4039  -            169 113518at7898         -            161   1.6e-26   92.8   0.0   1   1   5.4e-28   1.9e-26   92.6   0.0     5   154     2   152     1   159 0.96 -
TRINITY_DN260_c0_g2_i21:3551-4057  -            169 113518at7898         -            161   1.6e-26   92.8   0.0   1   1   5.4e-28   1.9e-26   92.6   0.0     5   154     2   152     1   159 0.96 -
TRINITY_DN260_c0_g2_i14:1799-2251  -            151 113518at7898         -            161   2.7e-26   92.1   0.0   1   1   8.2e-28   2.9e-26   92.0   0.0     5   152     2   150     1   151 0.96 -
TRINITY_DN260_c0_g2_i2:3533-3985   -            151 113518at7898         -            161   2.7e-26   92.1   0.0   1   1   8.2e-28   2.9e-26   92.0   0.0     5   152     2   150     1   151 0.96 -
TRINITY_DN260_c0_g2_i3:3509-3961   -            151 113518at7898         -            161   2.7e-26   92.1   0.0   1   1   8.2e-28   2.9e-26   92.0   0.0     5   152     2   150     1   151 0.96 -
TRINITY_DN1040_c0_g1_i2:90-653     -            188 113518at7898         -            161   3.8e-26   91.6   0.0   1   1   1.4e-27   5.1e-26   91.2   0.0     4   155    11   173     9   178 0.86 -
TRINITY_DN30543_c0_g1_i1:462-1100  -            213 113518at7898         -            161   4.1e-26   91.5   0.0   1   1   1.4e-27   5.1e-26   91.2   0.0     4   158     5   163     3   166 0.91 -
TRINITY_DN2161_c0_g1_i1:366-725    -            120 113518at7898         -            161   9.4e-26   90.3   0.1   1   1   2.9e-27     1e-25   90.2   0.1    53   158     3   107     1   110 0.95 -
TRINITY_DN2161_c0_g1_i2:498-857    -            120 113518at7898         -            161   1.2e-25   90.0   0.1   1   1   3.8e-27   1.4e-25   89.8   0.1    53   158     3   107     1   110 0.95 -
TRINITY_DN46059_c0_g1_i1:67-519    -            151 113518at7898         -            161   1.3e-25   89.9   0.0   1   1   4.3e-27   1.5e-25   89.7   0.0    37   160     5   128     2   129 0.95 -
TRINITY_DN6600_c3_g2_i1:922-1470   -            183 113518at7898         -            161     5e-25   88.0   0.1   1   1   1.8e-26   6.3e-25   87.7   0.1     4   155    13   170    10   176 0.87 -
TRINITY_DN3483_c0_g1_i4:942-1292   -            117 113518at7898         -            161   7.8e-25   87.4   0.1   1   1   2.6e-26   9.2e-25   87.1   0.1     4   123     2   116     1   117 0.94 -
TRINITY_DN3483_c0_g1_i3:480-824    -            115 113518at7898         -            161   9.6e-25   87.1   0.0   1   1   3.2e-26   1.1e-24   86.8   0.0     4   122     2   115     1   115 0.94 -
TRINITY_DN7782_c0_g1_i7:1523-2002  -            160 113518at7898         -            161   1.4e-24   86.5   0.0   1   1   4.4e-26   1.6e-24   86.4   0.0     2   160     1   159     1   160 0.95 -
TRINITY_DN13780_c0_g1_i1:856-1530  -            225 113518at7898         -            161     3e-24   85.4   0.0   1   1   1.8e-25   6.3e-24   84.4   0.0     5   153    13   172    10   179 0.86 -
TRINITY_DN13780_c0_g1_i2:688-1362  -            225 113518at7898         -            161     3e-24   85.4   0.0   1   1   1.8e-25   6.3e-24   84.4   0.0     5   153    13   172    10   179 0.86 -
TRINITY_DN13780_c0_g1_i4:750-1424  -            225 113518at7898         -            161     3e-24   85.4   0.0   1   1   1.8e-25   6.3e-24   84.4   0.0     5   153    13   172    10   179 0.86 -
TRINITY_DN1040_c0_g1_i16:90-653    -            188 113518at7898         -            161   4.7e-24   84.8   0.0   1   1   1.9e-25   6.6e-24   84.3   0.0     4   155    11   173     9   178 0.84 -
TRINITY_DN790_c0_g1_i2:293-811     -            173 113518at7898         -            161   8.5e-24   84.0   0.0   1   1   2.8e-25   9.9e-24   83.8   0.0     2   158     7   163     6   166 0.91 -
TRINITY_DN790_c0_g1_i3:293-811     -            173 113518at7898         -            161   8.5e-24   84.0   0.0   1   1   2.8e-25   9.9e-24   83.8   0.0     2   158     7   163     6   166 0.91 -
TRINITY_DN4951_c0_g1_i16:257-715   -            153 113518at7898         -            161   1.2e-23   83.5   0.1   1   1   3.7e-25   1.3e-23   83.4   0.1     5   155     1   152     1   153 0.93 -
TRINITY_DN4951_c0_g1_i4:257-715    -            153 113518at7898         -            161   1.2e-23   83.5   0.1   1   1   3.7e-25   1.3e-23   83.4   0.1     5   155     1   152     1   153 0.93 -
TRINITY_DN18598_c0_g2_i1:519-1088  -            190 113518at7898         -            161   1.7e-23   83.0   0.0   1   1     6e-25   2.1e-23   82.7   0.0     4   159    12   166    10   168 0.95 -
TRINITY_DN5174_c0_g2_i4:791-1324   -            178 113518at7898         -            161   1.8e-23   82.9   0.0   1   1     6e-25   2.1e-23   82.7   0.0     1   159     3   162     3   164 0.92 -
TRINITY_DN18598_c0_g2_i3:519-1088  -            190 113518at7898         -            161   2.4e-23   82.5   0.0   1   1   8.1e-25   2.9e-23   82.3   0.0     4   159    12   166    10   168 0.95 -
TRINITY_DN18598_c0_g2_i4:519-1088  -            190 113518at7898         -            161   2.4e-23   82.5   0.0   1   1   8.1e-25   2.9e-23   82.3   0.0     4   159    12   166    10   168 0.95 -
TRINITY_DN4890_c0_g1_i17:0-308     -            103 113518at7898         -            161   5.5e-23   81.4   0.0   1   1   1.7e-24   6.1e-23   81.2   0.0     4    91    12    99    10   103 0.95 -
TRINITY_DN4951_c0_g1_i13:257-715   -            153 113518at7898         -            161     6e-23   81.2   0.1   1   1   1.9e-24   6.6e-23   81.1   0.1     5   155     1   152     1   153 0.93 -
TRINITY_DN4951_c0_g1_i14:219-677   -            153 113518at7898         -            161   7.9e-23   80.8   0.1   1   1   2.5e-24   8.7e-23   80.7   0.1     5   155     1   152     1   153 0.92 -
TRINITY_DN4951_c0_g1_i1:49-507     -            153 113518at7898         -            161   7.9e-23   80.8   0.1   1   1   2.5e-24   8.7e-23   80.7   0.1     5   155     1   152     1   153 0.92 -
TRINITY_DN4951_c0_g1_i2:219-677    -            153 113518at7898         -            161   7.9e-23   80.8   0.1   1   1   2.5e-24   8.7e-23   80.7   0.1     5   155     1   152     1   153 0.92 -
TRINITY_DN4951_c0_g1_i8:219-677    -            153 113518at7898         -            161   7.9e-23   80.8   0.1   1   1   2.5e-24   8.7e-23   80.7   0.1     5   155     1   152     1   153 0.92 -
TRINITY_DN4951_c0_g1_i9:257-715    -            153 113518at7898         -            161   7.9e-23   80.8   0.1   1   1   2.5e-24   8.7e-23   80.7   0.1     5   155     1   152     1   153 0.92 -
TRINITY_DN682_c0_g2_i1:1134-1535   -            134 113518at7898         -            161   8.9e-23   80.7   0.0   1   1   3.2e-24   1.1e-22   80.3   0.0    55   160     4   113     2   114 0.91 -
TRINITY_DN682_c0_g2_i2:1134-1535   -            134 113518at7898         -            161   8.9e-23   80.7   0.0   1   1   3.2e-24   1.1e-22   80.3   0.0    55   160     4   113     2   114 0.91 -
TRINITY_DN4951_c0_g1_i15:219-677   -            153 113518at7898         -            161     1e-22   80.5   0.1   1   1   3.2e-24   1.1e-22   80.4   0.1     5   155     1   152     1   153 0.92 -
TRINITY_DN7782_c0_g1_i1:1157-1639  -            161 113518at7898         -            161   1.8e-22   79.7   0.0   1   1   5.7e-24     2e-22   79.5   0.0     5   160     2   157     1   158 0.94 -
TRINITY_DN775_c0_g1_i12:2294-2833  -            180 113518at7898         -            161   2.7e-22   79.1   0.0   1   1   8.9e-24   3.1e-22   78.9   0.0     4   159    11   166     8   168 0.94 -
TRINITY_DN775_c0_g1_i13:736-1275   -            180 113518at7898         -            161   2.7e-22   79.1   0.0   1   1   8.9e-24   3.1e-22   78.9   0.0     4   159    11   166     8   168 0.94 -
TRINITY_DN775_c0_g1_i6:2294-2833   -            180 113518at7898         -            161   2.7e-22   79.1   0.0   1   1   8.9e-24   3.1e-22   78.9   0.0     4   159    11   166     8   168 0.94 -
TRINITY_DN9338_c0_g1_i2:1013-1522  -            170 113518at7898         -            161   2.9e-22   79.0   0.0   1   1   9.3e-24   3.3e-22   78.8   0.0     2   160     8   166     7   167 0.95 -
TRINITY_DN9338_c0_g1_i4:1043-1552  -            170 113518at7898         -            161   2.9e-22   79.0   0.0   1   1   9.3e-24   3.3e-22   78.8   0.0     2   160     8   166     7   167 0.95 -
TRINITY_DN5174_c0_g2_i1:889-1446   -            186 113518at7898         -            161   3.8e-22   78.6   0.0   1   1   1.3e-23   4.6e-22   78.4   0.0     1   158     3   161     3   164 0.91 -
TRINITY_DN5174_c0_g2_i3:915-1472   -            186 113518at7898         -            161   3.8e-22   78.6   0.0   1   1   1.3e-23   4.6e-22   78.4   0.0     1   158     3   161     3   164 0.91 -
TRINITY_DN5174_c0_g2_i6:889-1446   -            186 113518at7898         -            161   3.8e-22   78.6   0.0   1   1   1.3e-23   4.6e-22   78.4   0.0     1   158     3   161     3   164 0.91 -
TRINITY_DN775_c0_g1_i15:1924-2463  -            180 113518at7898         -            161   5.1e-22   78.2   0.0   1   1   1.7e-23   6.1e-22   78.0   0.0     4   159    11   166     8   168 0.92 -
TRINITY_DN775_c0_g1_i3:1982-2521   -            180 113518at7898         -            161   5.1e-22   78.2   0.0   1   1   1.7e-23   6.1e-22   78.0   0.0     4   159    11   166     8   168 0.92 -
TRINITY_DN775_c0_g1_i9:1982-2521   -            180 113518at7898         -            161   5.1e-22   78.2   0.0   1   1   1.7e-23   6.1e-22   78.0   0.0     4   159    11   166     8   168 0.92 -
TRINITY_DN5877_c0_g2_i1:219-704    -            162 113518at7898         -            161   6.1e-22   78.0   0.1   1   1   1.9e-23   6.9e-22   77.8   0.1     5   159     1   155     1   157 0.90 -
TRINITY_DN7058_c1_g1_i1:120-758    -            213 113518at7898         -            161     7e-22   77.8   0.1   1   1   2.9e-23     1e-21   77.2   0.1     4   156    14   172    11   176 0.87 -
TRINITY_DN175_c1_g1_i1:1532-2068   -            179 113518at7898         -            161   7.9e-22   77.6   0.0   1   1   2.6e-23   9.2e-22   77.4   0.0     5   159     1   156     1   158 0.91 -
TRINITY_DN175_c1_g1_i2:1531-2067   -            179 113518at7898         -            161   7.9e-22   77.6   0.0   1   1   2.6e-23   9.2e-22   77.4   0.0     5   159     1   156     1   158 0.91 -
TRINITY_DN175_c1_g1_i5:1460-1996   -            179 113518at7898         -            161   7.9e-22   77.6   0.0   1   1   2.6e-23   9.2e-22   77.4   0.0     5   159     1   156     1   158 0.91 -
TRINITY_DN175_c1_g1_i6:1459-1995   -            179 113518at7898         -            161   7.9e-22   77.6   0.0   1   1   2.6e-23   9.2e-22   77.4   0.0     5   159     1   156     1   158 0.91 -
TRINITY_DN3426_c1_g1_i1:596-1159   -            188 113518at7898         -            161   9.4e-22   77.3   0.0   1   1   3.2e-23   1.1e-21   77.1   0.0     4   161     5   161     3   161 0.95 -
TRINITY_DN3426_c1_g1_i2:596-1159   -            188 113518at7898         -            161   9.4e-22   77.3   0.0   1   1   3.2e-23   1.1e-21   77.1   0.0     4   161     5   161     3   161 0.95 -
TRINITY_DN7058_c1_g1_i2:1063-1701  -            213 113518at7898         -            161   1.1e-21   77.1   0.1   1   1   4.5e-23   1.6e-21   76.6   0.1     4   156    14   172    11   176 0.88 -
TRINITY_DN7058_c1_g1_i3:1082-1720  -            213 113518at7898         -            161   1.1e-21   77.1   0.1   1   1   4.5e-23   1.6e-21   76.6   0.1     4   156    14   172    11   176 0.88 -
TRINITY_DN7058_c1_g1_i5:1173-1811  -            213 113518at7898         -            161   1.1e-21   77.1   0.1   1   1   4.5e-23   1.6e-21   76.6   0.1     4   156    14   172    11   176 0.88 -
TRINITY_DN14110_c0_g2_i1:224-628   -            135 113518at7898         -            161   3.4e-21   75.5   0.0   1   1   1.1e-22   3.9e-21   75.3   0.0     2   103    12   114    11   134 0.91 -
TRINITY_DN44324_c0_g1_i1:293-841   -            183 113518at7898         -            161   6.2e-21   74.7   0.0   1   1     2e-22   7.2e-21   74.5   0.0     5   158     2   154     1   157 0.91 -
TRINITY_DN44324_c0_g1_i2:293-841   -            183 113518at7898         -            161   6.2e-21   74.7   0.0   1   1     2e-22   7.2e-21   74.5   0.0     5   158     2   154     1   157 0.91 -
TRINITY_DN44324_c0_g1_i4:293-841   -            183 113518at7898         -            161   6.2e-21   74.7   0.0   1   1     2e-22   7.2e-21   74.5   0.0     5   158     2   154     1   157 0.91 -
TRINITY_DN44324_c0_g1_i5:293-841   -            183 113518at7898         -            161   6.2e-21   74.7   0.0   1   1     2e-22   7.2e-21   74.5   0.0     5   158     2   154     1   157 0.91 -
TRINITY_DN10242_c0_g1_i4:164-652   -            163 113518at7898         -            161   3.2e-19   69.1   0.1   1   1     1e-20   3.6e-19   68.9   0.1     5   158     2   156     1   159 0.91 -
TRINITY_DN13780_c0_g1_i3:763-1350  -            196 113518at7898         -            161   6.9e-19   68.0   0.0   1   1   2.7e-20   9.6e-19   67.6   0.0    45   153    35   143     2   150 0.88 -
TRINITY_DN19745_c0_g2_i3:1772-2257 -            162 113518at7898         -            161   9.4e-19   67.6   0.1   1   1     3e-20   1.1e-18   67.4   0.1     5   160     1   156     1   157 0.88 -
TRINITY_DN19745_c0_g2_i5:1772-2257 -            162 113518at7898         -            161   9.4e-19   67.6   0.1   1   1     3e-20   1.1e-18   67.4   0.1     5   160     1   156     1   157 0.88 -
TRINITY_DN175_c3_g1_i1:6-416       -            137 113518at7898         -            161   2.2e-18   66.4   0.0   1   1   6.7e-20   2.4e-18   66.3   0.0     1   133     3   135     3   137 0.90 -
TRINITY_DN19745_c0_g2_i4:1573-2058 -            162 113518at7898         -            161   4.2e-18   65.5   0.2   1   1   1.3e-19   4.7e-18   65.3   0.2     5   160     1   156     1   157 0.88 -
TRINITY_DN19745_c0_g2_i6:733-1218  -            162 113518at7898         -            161   4.2e-18   65.5   0.2   1   1   1.3e-19   4.7e-18   65.3   0.2     5   160     1   156     1   157 0.88 -
TRINITY_DN5924_c0_g1_i2:490-966    -            159 113518at7898         -            161   6.5e-18   64.9   0.1   1   1   2.1e-19   7.5e-18   64.7   0.1     5   154     2   148     1   154 0.88 -
TRINITY_DN5924_c0_g1_i3:483-959    -            159 113518at7898         -            161   6.5e-18   64.9   0.1   1   1   2.1e-19   7.5e-18   64.7   0.1     5   154     2   148     1   154 0.88 -
TRINITY_DN5924_c0_g1_i4:483-959    -            159 113518at7898         -            161   6.5e-18   64.9   0.1   1   1   2.1e-19   7.5e-18   64.7   0.1     5   154     2   148     1   154 0.88 -
TRINITY_DN15210_c0_g1_i1:120-599   -            160 113518at7898         -            161   9.5e-18   64.3   0.0   1   1   2.9e-19     1e-17   64.2   0.0     8   157     2   156     1   160 0.90 -
TRINITY_DN18056_c0_g1_i5:43-504    -            125 113518at7898         -            161   9.9e-18   64.3   0.0   1   1   3.2e-19   1.1e-17   64.1   0.0     3   107    21   125    19   125 0.89 -
TRINITY_DN18056_c0_g1_i1:0-374     -            125 113518at7898         -            161   1.4e-17   63.8   0.0   1   1   4.7e-19   1.7e-17   63.5   0.0     3   107    21   125    19   125 0.91 -
TRINITY_DN7385_c0_g2_i3:2685-3257  -            191 113518at7898         -            161   1.6e-17   63.6   0.0   1   1   1.3e-18   4.8e-17   62.1   0.0     3   158     6   173     4   176 0.78 -
TRINITY_DN7385_c0_g2_i5:4184-4756  -            191 113518at7898         -            161   1.6e-17   63.6   0.0   1   1   1.3e-18   4.8e-17   62.1   0.0     3   158     6   173     4   176 0.78 -
TRINITY_DN5924_c1_g1_i1:115-615    -            167 113518at7898         -            161   1.7e-17   63.5   0.1   1   1   5.6e-19     2e-17   63.3   0.1     4   129     9   132     7   159 0.92 -
TRINITY_DN5924_c1_g1_i2:134-634    -            167 113518at7898         -            161   1.7e-17   63.5   0.1   1   1   5.6e-19     2e-17   63.3   0.1     4   129     9   132     7   159 0.92 -
TRINITY_DN5924_c1_g1_i3:209-709    -            167 113518at7898         -            161   1.7e-17   63.5   0.1   1   1   5.6e-19     2e-17   63.3   0.1     4   129     9   132     7   159 0.92 -
TRINITY_DN7782_c0_g1_i2:26-427     -            134 113518at7898         -            161   1.8e-17   63.4   0.0   1   1   5.7e-19     2e-17   63.3   0.0     2   134     1   133     1   134 0.93 -
TRINITY_DN7385_c0_g2_i4:471-1046   -            192 113518at7898         -            161   1.9e-17   63.3   0.0   1   1   1.7e-18     6e-17   61.7   0.0     3   158     6   173     4   176 0.78 -
TRINITY_DN7385_c0_g2_i1:824-1261   -            146 113518at7898         -            161   1.7e-16   60.3   0.0   1   1   5.5e-18   1.9e-16   60.1   0.0     3   125     6   127     4   139 0.90 -
TRINITY_DN19521_c0_g2_i1:971-1747  -            259 113518at7898         -            161   4.3e-16   58.9   0.2   1   1   1.7e-17   6.1e-16   58.4   0.2     5   160    39   198    36   199 0.79 -
TRINITY_DN28574_c0_g1_i1:3-257     -             85 113518at7898         -            161   1.1e-15   57.6   0.0   1   1   3.2e-17   1.1e-15   57.6   0.0    33   103    13    83     1    85 0.92 -
TRINITY_DN2759_c0_g1_i3:729-1229   -            167 113518at7898         -            161   1.8e-15   56.9   0.0   1   1   6.4e-17   2.3e-15   56.6   0.0     6   158     5   167     2   167 0.85 -
TRINITY_DN2759_c0_g1_i5:730-1230   -            167 113518at7898         -            161   1.8e-15   56.9   0.0   1   1   6.4e-17   2.3e-15   56.6   0.0     6   158     5   167     2   167 0.85 -
TRINITY_DN1304_c0_g1_i3:106-627    -            174 113518at7898         -            161   2.3e-15   56.6   0.0   1   1   1.5e-16   5.2e-15   55.4   0.0     5   158     1   166     1   169 0.83 -
TRINITY_DN1304_c0_g1_i4:1412-1933  -            174 113518at7898         -            161   2.3e-15   56.6   0.0   1   1   1.5e-16   5.2e-15   55.4   0.0     5   158     1   166     1   169 0.83 -
TRINITY_DN1304_c0_g1_i5:106-627    -            174 113518at7898         -            161   2.3e-15   56.6   0.0   1   1   1.5e-16   5.2e-15   55.4   0.0     5   158     1   166     1   169 0.83 -
TRINITY_DN1304_c0_g1_i7:1374-1895  -            174 113518at7898         -            161   2.3e-15   56.6   0.0   1   1   1.5e-16   5.2e-15   55.4   0.0     5   158     1   166     1   169 0.83 -
TRINITY_DN2759_c0_g1_i1:127-627    -            167 113518at7898         -            161   2.5e-15   56.5   0.0   1   1   8.8e-17   3.1e-15   56.1   0.0     6   158     5   167     2   167 0.85 -
TRINITY_DN1304_c0_g2_i1:106-627    -            174 113518at7898         -            161   3.1e-15   56.2   0.0   1   1   1.9e-16   6.8e-15   55.1   0.0     5   158     1   166     1   169 0.83 -
TRINITY_DN606_c0_g3_i1:28-549      -            174 113518at7898         -            161   5.1e-15   55.4   0.0   1   1   3.2e-16   1.1e-14   54.3   0.0     5   158     1   166     1   169 0.83 -
TRINITY_DN606_c0_g3_i2:28-549      -            174 113518at7898         -            161   5.1e-15   55.4   0.0   1   1   3.2e-16   1.1e-14   54.3   0.0     5   158     1   166     1   169 0.83 -
TRINITY_DN4210_c0_g1_i1:219-788    -            190 113518at7898         -            161   5.6e-15   55.3   0.0   1   1   2.1e-16   7.4e-15   54.9   0.0     4   157     4   162     2   166 0.85 -
TRINITY_DN4241_c0_g2_i11:1831-2136 -            102 113518at7898         -            161   5.8e-15   55.3   0.1   1   1     2e-16   6.9e-15   55.0   0.1    95   160     1    66     1    67 0.97 -
TRINITY_DN4241_c0_g1_i1:1242-1547  -            102 113518at7898         -            161     7e-15   55.0   0.1   1   1   2.4e-16   8.4e-15   54.7   0.1    95   160     1    66     1    67 0.97 -
TRINITY_DN4241_c0_g1_i3:1242-1547  -            102 113518at7898         -            161     7e-15   55.0   0.1   1   1   2.4e-16   8.4e-15   54.7   0.1    95   160     1    66     1    67 0.97 -
TRINITY_DN35291_c0_g1_i3:3-284     -             94 113518at7898         -            161   7.2e-15   55.0   0.0   1   1   2.3e-16     8e-15   54.8   0.0    81   160     4    83     1    84 0.97 -
TRINITY_DN2759_c0_g2_i1:653-1234   -            194 113518at7898         -            161   7.4e-15   54.9   0.0   1   1   2.7e-16   9.5e-15   54.6   0.0     6   159     5   167     2   169 0.86 -
TRINITY_DN2759_c0_g2_i2:653-1234   -            194 113518at7898         -            161   7.4e-15   54.9   0.0   1   1   2.7e-16   9.5e-15   54.6   0.0     6   159     5   167     2   169 0.86 -
TRINITY_DN2759_c0_g2_i3:207-788    -            194 113518at7898         -            161   7.4e-15   54.9   0.0   1   1   2.7e-16   9.5e-15   54.6   0.0     6   159     5   167     2   169 0.86 -
TRINITY_DN8901_c1_g1_i1:369-941    -            191 113518at7898         -            161   1.1e-14   54.4   0.0   1   1   5.7e-16     2e-14   53.5   0.0     4   156     5   169     3   174 0.78 -
TRINITY_DN9832_c0_g1_i4:1133-1408  -             92 113518at7898         -            161   1.6e-14   53.8   0.0   1   1   5.1e-16   1.8e-14   53.7   0.0    76   158     1    83     1    86 0.95 -
TRINITY_DN13347_c0_g1_i3:248-808   -            187 113518at7898         -            161   3.4e-14   52.8   0.0   1   1   1.6e-15   5.7e-14   52.0   0.0     5   157     6   170     3   174 0.77 -
TRINITY_DN9247_c0_g2_i1:44-430     -            129 113518at7898         -            161   3.5e-14   52.7   0.0   1   1   1.1e-15   3.8e-14   52.6   0.0     5   126     1   125     1   129 0.88 -
TRINITY_DN13347_c0_g1_i2:248-799   -            184 113518at7898         -            161   7.5e-14   51.7   0.0   1   1     3e-15   1.1e-13   51.2   0.0     5   157     6   167     3   171 0.80 -
TRINITY_DN13467_c0_g1_i12:825-1346 -            174 113518at7898         -            161   8.2e-14   51.5   0.0   1   1   5.9e-15   2.1e-13   50.2   0.0     5   157     2   166     1   169 0.77 -
TRINITY_DN13467_c0_g1_i5:659-1180  -            174 113518at7898         -            161   8.2e-14   51.5   0.0   1   1   5.9e-15   2.1e-13   50.2   0.0     5   157     2   166     1   169 0.77 -
TRINITY_DN13467_c0_g1_i8:710-1231  -            174 113518at7898         -            161   8.2e-14   51.5   0.0   1   1   5.9e-15   2.1e-13   50.2   0.0     5   157     2   166     1   169 0.77 -
TRINITY_DN13467_c0_g1_i9:124-645   -            174 113518at7898         -            161   8.2e-14   51.5   0.0   1   1   5.9e-15   2.1e-13   50.2   0.0     5   157     2   166     1   169 0.77 -
TRINITY_DN4265_c0_g1_i1:881-1432   -            184 113518at7898         -            161   1.6e-13   50.6   0.0   1   1   7.1e-15   2.5e-13   49.9   0.0     5   157    11   175     7   179 0.74 -
TRINITY_DN42503_c0_g1_i1:389-610   -             74 113518at7898         -            161   2.3e-13   50.1   0.0   1   1   6.7e-15   2.4e-13   50.0   0.0    23    94     2    74     1    74 0.93 -
TRINITY_DN4265_c0_g2_i1:1060-1581  -            174 113518at7898         -            161   2.3e-13   50.1   0.0   1   1     1e-14   3.5e-13   49.5   0.0     5   157     1   165     1   169 0.74 -
TRINITY_DN13347_c0_g1_i1:248-793   -            182 113518at7898         -            161   3.2e-13   49.6   0.0   1   1   1.5e-14   5.2e-13   48.9   0.0     5   157     1   165     1   169 0.77 -
TRINITY_DN177_c0_g1_i5:113-670     -            186 113518at7898         -            161   4.3e-13   49.2   0.0   1   1   1.4e-14   5.1e-13   49.0   0.0     4   149     3   147     1   163 0.88 -
TRINITY_DN177_c0_g1_i8:113-670     -            186 113518at7898         -            161   4.3e-13   49.2   0.0   1   1   1.4e-14   5.1e-13   49.0   0.0     4   149     3   147     1   163 0.88 -
TRINITY_DN177_c0_g1_i9:113-670     -            186 113518at7898         -            161   4.3e-13   49.2   0.0   1   1   1.4e-14   5.1e-13   49.0   0.0     4   149     3   147     1   163 0.88 -
TRINITY_DN177_c0_g1_i11:82-639     -            186 113518at7898         -            161   5.7e-13   48.8   0.0   1   1   1.9e-14   6.8e-13   48.5   0.0     4   140     3   138     1   169 0.86 -
TRINITY_DN18803_c1_g1_i1:82-636    -            185 113518at7898         -            161   1.3e-12   47.6   0.1   1   1   1.6e-13   5.8e-12   45.5   0.1     4   158     1   167     1   170 0.77 -
TRINITY_DN6764_c0_g1_i2:311-862    -            184 113518at7898         -            161   1.5e-12   47.4   0.0   1   1   4.9e-14   1.7e-12   47.2   0.0     5   151     2   147     1   160 0.90 -
TRINITY_DN6764_c0_g1_i5:311-862    -            184 113518at7898         -            161   1.5e-12   47.4   0.0   1   1   4.9e-14   1.7e-12   47.2   0.0     5   151     2   147     1   160 0.90 -
TRINITY_DN6764_c0_g1_i7:311-862    -            184 113518at7898         -            161   1.5e-12   47.4   0.0   1   1   4.9e-14   1.7e-12   47.2   0.0     5   151     2   147     1   160 0.90 -
TRINITY_DN6764_c0_g1_i3:311-862    -            184 113518at7898         -            161   1.5e-12   47.4   0.0   1   1   5.2e-14   1.8e-12   47.1   0.0     5   151     2   147     1   159 0.90 -
TRINITY_DN16330_c1_g1_i1:122-670   -            183 113518at7898         -            161   2.2e-12   46.9   0.0   1   1   1.3e-13   4.6e-12   45.8   0.0     3   129     5   130     3   175 0.78 -
TRINITY_DN178_c2_g1_i2:269-691     -            141 113518at7898         -            161   2.3e-12   46.8   0.0   1   1   7.7e-14   2.7e-12   46.6   0.0     3   129     7   132     5   139 0.88 -
TRINITY_DN436_c1_g1_i1:3-257       -             85 113518at7898         -            161   2.4e-12   46.7   0.2   1   1   7.7e-14   2.7e-12   46.6   0.2    80   148    16    84     8    85 0.96 -
TRINITY_DN30543_c0_g3_i1:0-281     -             94 113518at7898         -            161   2.5e-12   46.7   0.0   1   1   8.1e-14   2.9e-12   46.5   0.0    62   148     1    93     1    94 0.91 -
TRINITY_DN178_c2_g1_i1:163-570     -            136 113518at7898         -            161   2.7e-12   46.6   0.0   1   1   9.2e-14   3.2e-12   46.3   0.0     4   129     3   127     1   134 0.88 -
TRINITY_DN539_c0_g1_i11:2923-3462  -            180 113518at7898         -            161   2.8e-12   46.6   0.0   1   1   8.9e-14   3.1e-12   46.4   0.0     3   127     6   129     4   166 0.90 -
TRINITY_DN1826_c0_g1_i1:66-614     -            183 113518at7898         -            161   2.9e-12   46.5   0.0   1   1   9.2e-14   3.2e-12   46.3   0.0     5   133     2   129     1   159 0.90 -
TRINITY_DN1826_c0_g1_i2:93-641     -            183 113518at7898         -            161   2.9e-12   46.5   0.0   1   1   9.2e-14   3.2e-12   46.3   0.0     5   133     2   129     1   159 0.90 -
TRINITY_DN1826_c0_g1_i3:93-641     -            183 113518at7898         -            161   2.9e-12   46.5   0.0   1   1   9.2e-14   3.2e-12   46.3   0.0     5   133     2   129     1   159 0.90 -
TRINITY_DN1826_c0_g1_i4:66-614     -            183 113518at7898         -            161   2.9e-12   46.5   0.0   1   1   9.2e-14   3.2e-12   46.3   0.0     5   133     2   129     1   159 0.90 -
TRINITY_DN539_c0_g1_i14:807-1334   -            176 113518at7898         -            161   3.3e-12   46.3   0.0   1   1   1.2e-13   4.1e-12   46.0   0.0     4   127     3   125     1   145 0.89 -
TRINITY_DN539_c0_g1_i32:818-1345   -            176 113518at7898         -            161   3.3e-12   46.3   0.0   1   1   1.2e-13   4.1e-12   46.0   0.0     4   127     3   125     1   145 0.89 -
TRINITY_DN539_c0_g1_i18:1545-2072  -            176 113518at7898         -            161   3.5e-12   46.2   0.0   1   1   1.1e-13   3.9e-12   46.1   0.0     4   127     3   125     1   162 0.90 -
TRINITY_DN539_c0_g1_i27:1567-2094  -            176 113518at7898         -            161   3.5e-12   46.2   0.0   1   1   1.1e-13   3.9e-12   46.1   0.0     4   127     3   125     1   162 0.90 -
TRINITY_DN14852_c0_g1_i5:97-675    -            193 113518at7898         -            161   3.9e-12   46.1   0.0   1   1   1.9e-13   6.7e-12   45.3   0.0     2   127     8   132     7   179 0.76 -
TRINITY_DN30543_c0_g3_i2:0-281     -             94 113518at7898         -            161   4.9e-12   45.8   0.0   1   1   1.6e-13   5.5e-12   45.6   0.0    62   148     1    93     1    94 0.91 -
TRINITY_DN15222_c0_g4_i1:237-965   -            243 113518at7898         -            161   5.2e-12   45.7   0.0   1   1   2.8e-13     1e-11   44.8   0.0     2   158    33   201    32   204 0.78 -
TRINITY_DN15222_c0_g4_i2:237-965   -            243 113518at7898         -            161   5.3e-12   45.7   0.0   1   1   2.8e-13     1e-11   44.8   0.0     2   158    33   201    32   204 0.78 -
TRINITY_DN539_c0_g1_i12:3088-3609  -            174 113518at7898         -            161   5.8e-12   45.5   0.0   1   1   1.8e-13   6.5e-12   45.3   0.0     5   127     2   123     1   160 0.90 -
TRINITY_DN539_c0_g1_i2:2923-3444   -            174 113518at7898         -            161   5.8e-12   45.5   0.0   1   1   1.8e-13   6.5e-12   45.3   0.0     5   127     2   123     1   160 0.90 -
TRINITY_DN14852_c0_g1_i3:119-670   -            184 113518at7898         -            161   9.8e-12   44.8   0.0   1   1   4.8e-13   1.7e-11   44.0   0.0     5   127     2   123     1   170 0.76 -
TRINITY_DN8376_c0_g1_i2:883-1431   -            183 113518at7898         -            161   1.1e-11   44.7   0.0   1   1   3.3e-13   1.2e-11   44.5   0.0     5   133     2   129     1   160 0.90 -
TRINITY_DN178_c2_g2_i1:153-680     -            176 113518at7898         -            161   1.6e-11   44.1   0.0   1   1   5.6e-13     2e-11   43.8   0.0     4   129     3   127     1   139 0.88 -
TRINITY_DN8942_c0_g1_i1:0-491      -            164 113518at7898         -            161   4.4e-11   42.6   0.0   1   1   1.5e-12   5.3e-11   42.4   0.0    54   160     7   116     1   117 0.85 -
TRINITY_DN8942_c0_g1_i4:0-491      -            164 113518at7898         -            161   4.4e-11   42.6   0.0   1   1   1.5e-12   5.3e-11   42.4   0.0    54   160     7   116     1   117 0.85 -
TRINITY_DN8376_c0_g1_i1:883-1699   -            182 113518at7898         -            161   4.7e-11   42.6   0.0   1   1   1.5e-12   5.3e-11   42.4   0.0     5   133     2   128     1   159 0.89 -
TRINITY_DN18056_c0_g1_i4:52-276    -             75 113518at7898         -            161     1e-10   41.5   0.3   1   1     3e-12   1.1e-10   41.4   0.3    48   103    21    74     5    75 0.85 -
TRINITY_DN606_c0_g1_i1:1-408       -            136 113518at7898         -            161     1e-10   41.4   0.0   1   1   3.3e-12   1.2e-10   41.3   0.0    15   123     1   108     1   135 0.86 -
TRINITY_DN606_c0_g1_i2:1-408       -            136 113518at7898         -            161     1e-10   41.4   0.0   1   1   3.3e-12   1.2e-10   41.3   0.0    15   123     1   108     1   135 0.86 -
TRINITY_DN4444_c1_g1_i1:134-832    -            233 113518at7898         -            161     5e-10   39.2   0.0   1   1   2.2e-11   7.8e-10   38.6   0.0     3   112     6   126     4   142 0.78 -
TRINITY_DN9170_c0_g1_i4:336-869    -            178 113518at7898         -            161   9.3e-10   38.3   0.1   1   1     3e-11   1.1e-09   38.1   0.1     2   128    15   137    14   165 0.86 -
TRINITY_DN2360_c0_g1_i4:138-602    -            155 113518at7898         -            161   1.2e-09   38.0   0.0   1   1   3.8e-11   1.4e-09   37.8   0.0     3   121     3   118     1   145 0.87 -
TRINITY_DN7297_c0_g1_i3:182-673    -            164 113518at7898         -            161   1.3e-09   37.9   0.0   1   1   4.6e-11   1.6e-09   37.5   0.0     3   122     1   116     1   129 0.88 -
TRINITY_DN2360_c0_g1_i3:123-587    -            155 113518at7898         -            161   4.1e-09   36.3   0.0   1   1   1.3e-10   4.6e-09   36.1   0.0     3   122     3   119     1   142 0.88 -
TRINITY_DN63708_c0_g1_i1:1049-1543 -            165 113518at7898         -            161   6.2e-09   35.7   0.0   1   1   2.2e-10   7.7e-09   35.4   0.0     7   149     2   148     1   157 0.82 -
TRINITY_DN1434_c1_g1_i1:177-641    -            155 113518at7898         -            161   6.9e-09   35.5   0.0   1   1   2.3e-10     8e-09   35.3   0.0     3   121     3   118     1   136 0.89 -
TRINITY_DN7297_c0_g1_i2:26-1762    -            579 113518at7898         -            161   8.6e-09   35.2   0.0   1   1   5.3e-10   1.9e-08   34.1   0.0     3   121   409   523   407   536 0.88 -
TRINITY_DN7297_c0_g1_i9:26-1762    -            579 113518at7898         -            161   8.6e-09   35.2   0.0   1   1   5.3e-10   1.9e-08   34.1   0.0     3   121   409   523   407   536 0.88 -
TRINITY_DN21421_c0_g1_i1:964-1437  -            158 113518at7898         -            161   8.6e-09   35.2   0.1   1   1   2.9e-10     1e-08   35.0   0.1     3   123     2   118     1   133 0.86 -
TRINITY_DN9982_c0_g1_i2:650-1144   -            165 113518at7898         -            161   1.5e-08   34.4   0.1   1   1   4.9e-10   1.7e-08   34.2   0.1     3   121     2   116     1   141 0.83 -
TRINITY_DN9982_c0_g1_i3:106-600    -            165 113518at7898         -            161   1.5e-08   34.4   0.1   1   1   4.9e-10   1.7e-08   34.2   0.1     3   121     2   116     1   141 0.83 -
TRINITY_DN9982_c0_g1_i5:650-1186   -            179 113518at7898         -            161   1.6e-08   34.3   0.1   1   1   5.4e-10   1.9e-08   34.1   0.1     3   121    16   130    14   154 0.83 -
TRINITY_DN8875_c0_g1_i4:992-1486   -            165 113518at7898         -            161     2e-08   34.0   0.0   1   1   7.4e-10   2.6e-08   33.6   0.0     6   150     1   149     1   160 0.78 -
TRINITY_DN1434_c0_g1_i16:297-809   -            171 113518at7898         -            161     2e-08   34.0   0.0   1   1   6.6e-10   2.3e-08   33.8   0.0     3   121    13   128    11   164 0.87 -
TRINITY_DN1434_c0_g1_i18:297-809   -            171 113518at7898         -            161     2e-08   34.0   0.0   1   1   6.6e-10   2.3e-08   33.8   0.0     3   121    13   128    11   164 0.87 -
TRINITY_DN1434_c0_g1_i29:297-809   -            171 113518at7898         -            161     2e-08   34.0   0.0   1   1   6.6e-10   2.3e-08   33.8   0.0     3   121    13   128    11   164 0.87 -
TRINITY_DN1434_c0_g1_i2:297-809    -            171 113518at7898         -            161     2e-08   34.0   0.0   1   1   6.6e-10   2.3e-08   33.8   0.0     3   121    13   128    11   164 0.87 -
TRINITY_DN1434_c0_g1_i10:297-809   -            171 113518at7898         -            161   2.1e-08   34.0   0.0   1   1   6.6e-10   2.3e-08   33.8   0.0     3   121    13   128    11   164 0.88 -
TRINITY_DN1434_c0_g1_i12:297-809   -            171 113518at7898         -            161   2.1e-08   34.0   0.0   1   1   6.6e-10   2.3e-08   33.8   0.0     3   121    13   128    11   164 0.88 -
TRINITY_DN40505_c0_g2_i1:204-629   -            142 113518at7898         -            161   2.1e-08   33.9   0.0   1   1   1.6e-09   5.6e-08   32.6   0.0     3   133     2   140     1   142 0.77 -
TRINITY_DN41070_c0_g3_i1:1-375     -            125 113518at7898         -            161   2.7e-08   33.6   0.0   1   1   8.9e-10   3.2e-08   33.4   0.0     2    93    34   124    33   125 0.90 -
TRINITY_DN8875_c0_g1_i2:955-1449   -            165 113518at7898         -            161   3.8e-08   33.1   0.0   1   1   1.4e-09   5.1e-08   32.7   0.0     6   150     1   149     1   160 0.79 -
TRINITY_DN3954_c0_g1_i3:1078-1551  -            158 113518at7898         -            161   7.1e-08   32.2   0.0   1   1   2.5e-09   8.7e-08   31.9   0.0     2   123     1   118     1   128 0.83 -
TRINITY_DN7259_c0_g1_i1:1369-1842  -            158 113518at7898         -            161   7.1e-08   32.2   0.0   1   1   2.5e-09   8.7e-08   31.9   0.0     2   123     1   118     1   128 0.83 -
TRINITY_DN7259_c0_g1_i10:1407-1880 -            158 113518at7898         -            161   7.1e-08   32.2   0.0   1   1   2.5e-09   8.7e-08   31.9   0.0     2   123     1   118     1   128 0.83 -
TRINITY_DN7259_c0_g1_i3:1407-1880  -            158 113518at7898         -            161   7.1e-08   32.2   0.0   1   1   2.5e-09   8.7e-08   31.9   0.0     2   123     1   118     1   128 0.83 -
TRINITY_DN3954_c0_g1_i4:1078-1587  -            170 113518at7898         -            161   7.2e-08   32.2   0.0   1   1   2.6e-09   9.1e-08   31.9   0.0     2   123    13   130    12   140 0.83 -
TRINITY_DN13086_c2_g1_i3:125-610   -            162 113518at7898         -            161   1.1e-07   31.6   0.0   1   1   3.9e-09   1.4e-07   31.3   0.0     2   122     1   117     1   130 0.86 -
TRINITY_DN10100_c0_g1_i12:871-1365 -            165 113518at7898         -            161   1.3e-07   31.4   0.0   1   1   4.5e-09   1.6e-07   31.1   0.0     2   122     1   117     1   129 0.87 -
TRINITY_DN10100_c0_g1_i14:815-1309 -            165 113518at7898         -            161   1.3e-07   31.4   0.0   1   1   4.5e-09   1.6e-07   31.1   0.0     2   122     1   117     1   129 0.87 -
TRINITY_DN10100_c0_g1_i1:817-1311  -            165 113518at7898         -            161   1.3e-07   31.4   0.0   1   1   4.5e-09   1.6e-07   31.1   0.0     2   122     1   117     1   129 0.87 -
TRINITY_DN10100_c0_g1_i5:870-1364  -            165 113518at7898         -            161   1.3e-07   31.4   0.0   1   1   4.5e-09   1.6e-07   31.1   0.0     2   122     1   117     1   129 0.87 -
TRINITY_DN10100_c0_g1_i9:808-1302  -            165 113518at7898         -            161   1.3e-07   31.4   0.0   1   1   4.5e-09   1.6e-07   31.1   0.0     2   122     1   117     1   129 0.87 -
TRINITY_DN1542_c0_g1_i1:1-489      -            163 113518at7898         -            161   1.3e-07   31.4   0.0   1   1   3.9e-09   1.4e-07   31.3   0.0    53   126    27   100     2   145 0.84 -
TRINITY_DN1542_c0_g1_i2:1-489      -            163 113518at7898         -            161   1.3e-07   31.4   0.0   1   1   3.9e-09   1.4e-07   31.3   0.0    53   126    27   100     2   145 0.84 -
TRINITY_DN1542_c0_g1_i3:1-489      -            163 113518at7898         -            161   1.3e-07   31.4   0.0   1   1   3.9e-09   1.4e-07   31.3   0.0    53   126    27   100     2   145 0.84 -
TRINITY_DN1542_c0_g1_i4:1-489      -            163 113518at7898         -            161   1.3e-07   31.4   0.0   1   1   3.9e-09   1.4e-07   31.3   0.0    53   126    27   100     2   145 0.84 -
TRINITY_DN1542_c0_g1_i5:1-489      -            163 113518at7898         -            161   1.3e-07   31.4   0.0   1   1   3.9e-09   1.4e-07   31.3   0.0    53   126    27   100     2   145 0.84 -
TRINITY_DN1542_c0_g1_i6:1-489      -            163 113518at7898         -            161   1.3e-07   31.4   0.0   1   1   3.9e-09   1.4e-07   31.3   0.0    53   126    27   100     2   145 0.84 -
TRINITY_DN923_c1_g1_i1:763-2505    -            581 113518at7898         -            161   1.4e-07   31.2   0.0   1   2   1.4e-06   4.8e-05   23.0   0.0     2   158     3   160     2   163 0.80 -
TRINITY_DN923_c1_g1_i1:763-2505    -            581 113518at7898         -            161   1.4e-07   31.2   0.0   2   2      0.29        10    5.7   0.0     8   127   423   538   416   548 0.72 -
TRINITY_DN8495_c0_g1_i2:656-1291   -            212 113518at7898         -            161   1.8e-07   30.9   0.0   1   1   1.3e-08   4.5e-07   29.6   0.0     6   157     9   172     4   176 0.75 -
TRINITY_DN923_c1_g1_i2:1491-3344   -            618 113518at7898         -            161   1.8e-07   30.9   0.0   1   2   1.5e-06   5.4e-05   22.9   0.0     2   158     3   160     2   163 0.80 -
TRINITY_DN923_c1_g1_i2:1491-3344   -            618 113518at7898         -            161   1.8e-07   30.9   0.0   2   2      0.32        11    5.6   0.0     8   127   423   538   416   548 0.72 -
TRINITY_DN9170_c0_g1_i1:348-641    -             98 113518at7898         -            161   4.1e-07   29.7   0.0   1   1   1.3e-08   4.7e-07   29.6   0.0     2    87    15    95    14    98 0.90 -
TRINITY_DN36496_c0_g1_i1:91-642    -            184 113518at7898         -            161   6.3e-07   29.1   0.0   1   1   2.5e-08   8.8e-07   28.7   0.0    77   157    37   118     5   122 0.88 -
TRINITY_DN33472_c0_g1_i2:20-316    -             99 113518at7898         -            161   6.9e-07   29.0   0.0   1   1   2.2e-08   7.9e-07   28.8   0.0     3    91     4    88     2    98 0.85 -
TRINITY_DN8376_c0_g1_i4:881-1330   -            150 113518at7898         -            161   1.2e-06   28.2   0.0   1   1     4e-08   1.4e-06   28.0   0.0    43   133     6    96     3   134 0.88 -
TRINITY_DN8376_c0_g1_i6:883-1332   -            150 113518at7898         -            161   1.2e-06   28.2   0.0   1   1     4e-08   1.4e-06   28.0   0.0    43   133     6    96     3   134 0.88 -
TRINITY_DN8376_c0_g1_i7:876-1325   -            150 113518at7898         -            161   1.2e-06   28.2   0.0   1   1     4e-08   1.4e-06   28.0   0.0    43   133     6    96     3   134 0.88 -
TRINITY_DN33708_c0_g1_i1:84-389    -            102 113518at7898         -            161     2e-06   27.5   0.0   1   1   6.3e-08   2.2e-06   27.4   0.0     7   100     4    93     1    99 0.84 -
TRINITY_DN5750_c0_g1_i2:812-1312   -            167 113518at7898         -            161   6.7e-06   25.8   0.0   1   1   2.3e-07   8.2e-06   25.5   0.0     7   121     2   117     1   132 0.85 -
TRINITY_DN5750_c0_g1_i3:792-1292   -            167 113518at7898         -            161   6.7e-06   25.8   0.0   1   1   2.3e-07   8.2e-06   25.5   0.0     7   121     2   117     1   132 0.85 -
TRINITY_DN5750_c0_g1_i4:792-1292   -            167 113518at7898         -            161   6.7e-06   25.8   0.0   1   1   2.3e-07   8.2e-06   25.5   0.0     7   121     2   117     1   132 0.85 -
TRINITY_DN13312_c0_g1_i2:808-1353  -            182 113518at7898         -            161   1.4e-05   24.8   0.0   1   1   4.7e-07   1.7e-05   24.5   0.0     3   121    13   132    11   148 0.73 -
TRINITY_DN13312_c0_g1_i3:808-1353  -            182 113518at7898         -            161   1.4e-05   24.8   0.0   1   1   4.7e-07   1.7e-05   24.5   0.0     3   121    13   132    11   148 0.73 -
TRINITY_DN13312_c0_g1_i5:781-1326  -            182 113518at7898         -            161   1.4e-05   24.8   0.0   1   1   4.7e-07   1.7e-05   24.5   0.0     3   121    13   132    11   148 0.73 -
TRINITY_DN1198_c0_g2_i1:633-1184   -            184 113518at7898         -            161   2.4e-05   24.0   0.0   1   1   7.9e-07   2.8e-05   23.8   0.0     2   120    15   129    14   163 0.76 -
TRINITY_DN9787_c1_g1_i1:1183-1755  -            191 113518at7898         -            161   5.8e-05   22.7   0.0   1   1   2.1e-06   7.4e-05   22.4   0.0     3   122    18   142    16   153 0.74 -
TRINITY_DN2725_c0_g1_i2:80-655     -            192 113518at7898         -            161   0.00013   21.6   0.1   1   1   5.2e-06   0.00019   21.1   0.1    52   147    55   151     3   164 0.70 -
TRINITY_DN2725_c0_g1_i5:114-689    -            192 113518at7898         -            161   0.00013   21.6   0.1   1   1   5.2e-06   0.00019   21.1   0.1    52   147    55   151     3   164 0.70 -
TRINITY_DN9400_c0_g1_i2:510-1112   -            201 113518at7898         -            161   0.00015   21.4   0.0   1   1   5.2e-06   0.00019   21.1   0.0    39   128    58   146    16   159 0.74 -
TRINITY_DN9400_c0_g1_i4:510-1251   -            201 113518at7898         -            161   0.00015   21.4   0.0   1   1   5.2e-06   0.00019   21.1   0.0    39   128    58   146    16   159 0.74 -
TRINITY_DN9400_c0_g2_i1:520-1122   -            201 113518at7898         -            161   0.00015   21.4   0.0   1   1   5.2e-06   0.00019   21.1   0.0    39   128    58   146    16   159 0.74 -
TRINITY_DN2725_c0_g1_i1:38-613     -            192 113518at7898         -            161   0.00016   21.3   0.1   1   1   6.7e-06   0.00024   20.8   0.1    52   147    55   151     3   164 0.69 -
TRINITY_DN9400_c0_g1_i6:510-1366   -            201 113518at7898         -            161   0.00017   21.3   0.0   1   1   5.8e-06    0.0002   21.0   0.0    40   128    59   146    17   159 0.75 -
TRINITY_DN67452_c0_g1_i1:495-986   -            164 113518at7898         -            161   0.00024   20.7   0.0   1   1   7.5e-06   0.00027   20.6   0.0     6   126     1   121     1   159 0.85 -
TRINITY_DN1330_c0_g2_i1:143-631    -            163 113518at7898         -            161   0.00029   20.5   0.0   1   1     1e-05   0.00036   20.2   0.0     2   122     2   118     1   130 0.85 -
TRINITY_DN1330_c0_g2_i2:143-631    -            163 113518at7898         -            161   0.00029   20.5   0.0   1   1     1e-05   0.00036   20.2   0.0     2   122     2   118     1   130 0.85 -
TRINITY_DN1330_c0_g2_i3:143-631    -            163 113518at7898         -            161   0.00029   20.5   0.0   1   1     1e-05   0.00036   20.2   0.0     2   122     2   118     1   130 0.85 -
TRINITY_DN1330_c0_g2_i4:143-631    -            163 113518at7898         -            161   0.00029   20.5   0.0   1   1     1e-05   0.00036   20.2   0.0     2   122     2   118     1   130 0.85 -
TRINITY_DN1330_c0_g1_i1:109-597    -            163 113518at7898         -            161   0.00036   20.2   0.0   1   1   1.3e-05   0.00044   19.9   0.0     2   122     2   118     1   129 0.85 -
TRINITY_DN1330_c0_g1_i2:125-613    -            163 113518at7898         -            161   0.00036   20.2   0.0   1   1   1.3e-05   0.00044   19.9   0.0     2   122     2   118     1   129 0.85 -
TRINITY_DN49350_c0_g1_i1:49-552    -            168 113518at7898         -            161   0.00038   20.1   0.0   1   1   1.2e-05   0.00044   19.9   0.0     2    88     3    86     2   132 0.77 -
TRINITY_DN5829_c0_g2_i2:282-2138   -            619 113518at7898         -            161   0.00044   19.9   0.0   1   1   4.9e-05    0.0017   18.0   0.0     3   158     4   160     2   163 0.76 -
TRINITY_DN5829_c0_g1_i7:332-2191   -            620 113518at7898         -            161   0.00046   19.8   0.2   1   1   9.9e-05    0.0035   17.0   0.1     3   158     4   160     2   163 0.76 -
TRINITY_DN1000_c0_g1_i1:2650-3099  -            150 113518at7898         -            161   0.00053   19.6   0.0   1   1   1.8e-05   0.00064   19.4   0.0     4   124    18   134    15   143 0.83 -
TRINITY_DN13312_c0_g1_i7:776-1261  -            162 113518at7898         -            161   0.00059   19.5   0.0   1   1   2.1e-05   0.00074   19.2   0.0    14   121     4   112     2   128 0.70 -
TRINITY_DN1000_c0_g1_i2:2459-2950  -            164 113518at7898         -            161    0.0006   19.5   0.0   1   1   1.9e-05   0.00067   19.3   0.0     4   126     4   122     1   146 0.84 -
TRINITY_DN2143_c0_g1_i2:149-637    -            163 113518at7898         -            161   0.00061   19.4   0.0   1   1   2.2e-05   0.00077   19.1   0.0     2   122     2   118     1   129 0.85 -
TRINITY_DN2143_c0_g1_i6:149-637    -            163 113518at7898         -            161   0.00061   19.4   0.0   1   1   2.2e-05   0.00077   19.1   0.0     2   122     2   118     1   129 0.85 -
TRINITY_DN2143_c0_g1_i7:149-637    -            163 113518at7898         -            161   0.00061   19.4   0.0   1   1   2.2e-05   0.00077   19.1   0.0     2   122     2   118     1   129 0.85 -
TRINITY_DN2143_c0_g1_i8:149-637    -            163 113518at7898         -            161   0.00061   19.4   0.0   1   1   2.2e-05   0.00077   19.1   0.0     2   122     2   118     1   129 0.85 -
TRINITY_DN2143_c0_g1_i9:149-637    -            163 113518at7898         -            161   0.00061   19.4   0.0   1   1   2.2e-05   0.00077   19.1   0.0     2   122     2   118     1   129 0.85 -
TRINITY_DN179_c0_g1_i2:821-1318    -            166 113518at7898         -            161   0.00062   19.4   0.0   1   1     2e-05    0.0007   19.2   0.0     4   126     4   122     1   146 0.84 -
TRINITY_DN179_c0_g1_i3:384-881     -            166 113518at7898         -            161   0.00062   19.4   0.0   1   1     2e-05    0.0007   19.2   0.0     4   126     4   122     1   146 0.84 -
TRINITY_DN179_c0_g1_i4:821-1318    -            166 113518at7898         -            161   0.00062   19.4   0.0   1   1     2e-05    0.0007   19.2   0.0     4   126     4   122     1   146 0.84 -
TRINITY_DN179_c0_g1_i5:380-877     -            166 113518at7898         -            161   0.00062   19.4   0.0   1   1     2e-05    0.0007   19.2   0.0     4   126     4   122     1   146 0.84 -
TRINITY_DN1000_c0_g1_i3:2494-3027  -            178 113518at7898         -            161   0.00075   19.1   0.0   1   1   2.5e-05   0.00088   18.9   0.0     4   126    18   136    15   160 0.84 -
TRINITY_DN7133_c2_g1_i1:247-750    -            168 113518at7898         -            161   0.00081   19.0   0.0   1   1   2.8e-05   0.00097   18.8   0.0     5   126     6   123     2   131 0.78 -
TRINITY_DN1304_c0_g1_i1:1352-1693  -            114 113518at7898         -            161     0.001   18.7   0.0   1   1   7.4e-05    0.0026   17.4   0.0    80   158     8    99     1   102 0.72 -
TRINITY_DN1304_c0_g1_i6:1389-1730  -            114 113518at7898         -            161     0.001   18.7   0.0   1   1   7.4e-05    0.0026   17.4   0.0    80   158     8    99     1   102 0.72 -
TRINITY_DN1304_c0_g1_i8:1392-1733  -            114 113518at7898         -            161     0.001   18.7   0.0   1   1   7.4e-05    0.0026   17.4   0.0    80   158     8    99     1   102 0.72 -
TRINITY_DN8788_c0_g1_i2:46-585     -            180 113518at7898         -            161    0.0016   18.1   0.0   1   1   5.7e-05     0.002   17.8   0.0     3   120    17   130    15   145 0.85 -
TRINITY_DN8788_c0_g1_i3:46-585     -            180 113518at7898         -            161    0.0016   18.1   0.0   1   1   5.7e-05     0.002   17.8   0.0     3   120    17   130    15   145 0.85 -
TRINITY_DN5538_c1_g1_i1:1992-2381  -            130 113518at7898         -            161    0.0018   17.9   0.0   1   1   0.00011    0.0038   16.8   0.0    59   126     1    69     1   116 0.78 -
TRINITY_DN5538_c1_g1_i2:2004-2393  -            130 113518at7898         -            161    0.0018   17.9   0.0   1   1   0.00011    0.0038   16.8   0.0    59   126     1    69     1   116 0.78 -
TRINITY_DN41070_c0_g1_i2:2928-3290 -            121 113518at7898         -            161    0.0032   17.1   0.0   1   1   0.00028      0.01   15.5   0.0    94   158     5    81     1    85 0.69 -
TRINITY_DN41070_c0_g1_i1:2939-3301 -            121 113518at7898         -            161    0.0033   17.1   0.0   1   1   0.00028    0.0099   15.5   0.0    94   158     5    81     1    86 0.69 -
TRINITY_DN7225_c0_g1_i2:145-864    -            240 113518at7898         -            161    0.0085   15.7   0.0   1   1   0.00035     0.012   15.2   0.0     5   131    73   195    70   222 0.85 -
TRINITY_DN7225_c0_g1_i1:166-909    -            248 113518at7898         -            161     0.011   15.4   0.0   1   1   0.00043     0.015   14.9   0.0     5   131    81   203    78   229 0.85 -
TRINITY_DN21087_c0_g1_i1:240-890   -            217 113518at7898         -            161     0.011   15.4   0.0   1   1    0.0004     0.014   15.0   0.0     2   119    21   134    20   155 0.79 -
TRINITY_DN60013_c0_g1_i1:4-306     -            101 113518at7898         -            161     0.011   15.3   0.0   1   1   0.00037     0.013   15.1   0.0    53   122     8    78     2    88 0.87 -
TRINITY_DN34715_c0_g1_i1:0-386     -            129 113518at7898         -            161     0.014   15.0   0.1   1   1    0.0008     0.028   14.0   0.0   108   159     7    58     2    60 0.92 -
TRINITY_DN24852_c0_g2_i1:69-437    -            123 113518at7898         -            161     0.019   14.6   0.0   1   1   0.00064     0.023   14.3   0.0    47   113    42   114     1   123 0.63 -
TRINITY_DN15490_c0_g2_i1:279-692   -            138 113518at7898         -            161      0.09   12.4   0.0   1   1     0.003      0.11   12.1   0.0    51    84    58    91     2   116 0.65 -
TRINITY_DN17612_c0_g1_i1:106-696   -            197 113518at7898         -            161      0.15   11.7   0.0   1   1    0.0066      0.23   11.0   0.0    30    84    92   144    84   156 0.88 -
#
# Program:         hmmsearch
# Version:         3.1b2 (February 2015)
# Pipeline mode:   SEARCH
# Query file:      /home/ericjuo/Projects/salmo_trutta_rna_seq/busco_downloads/lineages/actinopterygii_odb10/hmms/113518at7898.hmm
# Target file:     /home/ericjuo/Projects/salmo_trutta_rna_seq/data/02_intermediate/busco/run_actinopterygii_odb10/metaeuk_output/initial_results/trinity.Trinity.fasta.modified.fas
# Option settings: hmmsearch --domtblout /home/ericjuo/Projects/salmo_trutta_rna_seq/data/02_intermediate/busco/run_actinopterygii_odb10/hmmer_output/initial_run_results/113518at7898.out --cpu 1 /home/ericjuo/Projects/salmo_trutta_rna_seq/busco_downloads/lineages/actinopterygii_odb10/hmms/113518at7898.hmm /home/ericjuo/Projects/salmo_trutta_rna_seq/data/02_intermediate/busco/run_actinopterygii_odb10/metaeuk_output/initial_results/trinity.Trinity.fasta.modified.fas 
# Current dir:     /home/ericjuo/Projects/salmo_trutta_rna_seq
# Date:            Fri Apr 29 12:52:58 2022
# [ok]
