#                                                                                           --- full sequence --- -------------- this domain -------------   hmm coord   ali coord   env coord
# target name                       accession   tlen query name           accession   qlen   E-value  score  bias   #  of  c-Evalue  i-Evalue  score  bias  from    to  from    to  from    to  acc description of target
#               ------------------- ---------- ----- -------------------- ---------- ----- --------- ------ ----- --- --- --------- --------- ------ ----- ----- ----- ----- ----- ----- ----- ---- ---------------------
TRINITY_DN49729_c0_g1_i1:74-916     -            281 116533at7898         -            202  2.6e-107  356.7   5.0   1   1  5.6e-109    8e-107  355.1   5.0     2   196    14   228    13   242 0.93 -
TRINITY_DN19041_c0_g1_i1:2-616      -            205 116533at7898         -            202     6e-18   64.9   0.0   1   2     3e-10   4.3e-08   32.7   0.0    28    93    13    78     7    89 0.90 -
TRINITY_DN19041_c0_g1_i1:2-616      -            205 116533at7898         -            202     6e-18   64.9   0.0   2   2   1.6e-09   2.2e-07   30.4   0.0    21    99    92   172    82   185 0.86 -
TRINITY_DN5447_c2_g1_i1:648-1310    -            221 116533at7898         -            202   7.2e-17   61.4   0.0   1   2   1.7e-05    0.0024   17.3   0.0    39    79    11    51     1    90 0.78 -
TRINITY_DN5447_c2_g1_i1:648-1310    -            221 116533at7898         -            202   7.2e-17   61.4   0.0   2   2   2.9e-13   4.1e-11   42.6   0.0    27   103    98   174    79   192 0.89 -
TRINITY_DN5447_c2_g1_i4:798-1460    -            221 116533at7898         -            202   7.2e-17   61.4   0.0   1   2   1.7e-05    0.0024   17.3   0.0    39    79    11    51     1    90 0.78 -
TRINITY_DN5447_c2_g1_i4:798-1460    -            221 116533at7898         -            202   7.2e-17   61.4   0.0   2   2   2.9e-13   4.1e-11   42.6   0.0    27   103    98   174    79   192 0.89 -
TRINITY_DN5447_c2_g1_i6:798-1460    -            221 116533at7898         -            202   7.2e-17   61.4   0.0   1   2   1.7e-05    0.0024   17.3   0.0    39    79    11    51     1    90 0.78 -
TRINITY_DN5447_c2_g1_i6:798-1460    -            221 116533at7898         -            202   7.2e-17   61.4   0.0   2   2   2.9e-13   4.1e-11   42.6   0.0    27   103    98   174    79   192 0.89 -
TRINITY_DN38275_c2_g2_i1:92-2824    -            911 116533at7898         -            202   1.3e-16   60.6   5.9   1   5   0.00032     0.045   13.1   0.0    31    90     5    63     2   109 0.87 -
TRINITY_DN38275_c2_g2_i1:92-2824    -            911 116533at7898         -            202   1.3e-16   60.6   5.9   2   5      0.57        81    2.5   0.1    36   100   289   350   271   379 0.65 -
TRINITY_DN38275_c2_g2_i1:92-2824    -            911 116533at7898         -            202   1.3e-16   60.6   5.9   3   5   4.6e-05    0.0066   15.8   0.0    21    99   383   461   369   495 0.82 -
TRINITY_DN38275_c2_g2_i1:92-2824    -            911 116533at7898         -            202   1.3e-16   60.6   5.9   4   5    0.0022      0.31   10.3   0.0    24    83   681   743   663   764 0.82 -
TRINITY_DN38275_c2_g2_i1:92-2824    -            911 116533at7898         -            202   1.3e-16   60.6   5.9   5   5     3e-05    0.0042   16.4   0.1    15    99   773   862   757   894 0.77 -
TRINITY_DN364_c0_g1_i1:722-1369     -            216 116533at7898         -            202     2e-16   60.0   0.0   1   2     1e-08   1.5e-06   27.7   0.0    30    97     3    70     1    76 0.93 -
TRINITY_DN364_c0_g1_i1:722-1369     -            216 116533at7898         -            202     2e-16   60.0   0.0   2   2   1.7e-09   2.4e-07   30.3   0.0    24   108    85   167    76   184 0.85 -
TRINITY_DN364_c0_g1_i3:733-1380     -            216 116533at7898         -            202     2e-16   60.0   0.0   1   2     1e-08   1.5e-06   27.7   0.0    30    97     3    70     1    76 0.93 -
TRINITY_DN364_c0_g1_i3:733-1380     -            216 116533at7898         -            202     2e-16   60.0   0.0   2   2   1.7e-09   2.4e-07   30.3   0.0    24   108    85   167    76   184 0.85 -
TRINITY_DN364_c0_g1_i4:718-1365     -            216 116533at7898         -            202     2e-16   60.0   0.0   1   2     1e-08   1.5e-06   27.7   0.0    30    97     3    70     1    76 0.93 -
TRINITY_DN364_c0_g1_i4:718-1365     -            216 116533at7898         -            202     2e-16   60.0   0.0   2   2   1.7e-09   2.4e-07   30.3   0.0    24   108    85   167    76   184 0.85 -
TRINITY_DN364_c0_g1_i5:718-1365     -            216 116533at7898         -            202     2e-16   60.0   0.0   1   2     1e-08   1.5e-06   27.7   0.0    30    97     3    70     1    76 0.93 -
TRINITY_DN364_c0_g1_i5:718-1365     -            216 116533at7898         -            202     2e-16   60.0   0.0   2   2   1.7e-09   2.4e-07   30.3   0.0    24   108    85   167    76   184 0.85 -
TRINITY_DN364_c0_g1_i6:718-1365     -            216 116533at7898         -            202     2e-16   60.0   0.0   1   2     1e-08   1.5e-06   27.7   0.0    30    97     3    70     1    76 0.93 -
TRINITY_DN364_c0_g1_i6:718-1365     -            216 116533at7898         -            202     2e-16   60.0   0.0   2   2   1.7e-09   2.4e-07   30.3   0.0    24   108    85   167    76   184 0.85 -
TRINITY_DN14583_c0_g1_i2:367-807    -            147 116533at7898         -            202     8e-16   58.0   0.1   1   2   2.5e-08   3.6e-06   26.5   0.0    33   121     4    91     1    92 0.84 -
TRINITY_DN14583_c0_g1_i2:367-807    -            147 116533at7898         -            202     8e-16   58.0   0.1   2   2     3e-10   4.3e-08   32.7   0.1    26    86    86   146    62   147 0.85 -
TRINITY_DN5168_c0_g1_i12:1516-2007  -            164 116533at7898         -            202   1.4e-15   57.2   0.2   1   2   6.8e-09   9.7e-07   28.3   0.0    30   107     2    77     1    93 0.84 -
TRINITY_DN5168_c0_g1_i12:1516-2007  -            164 116533at7898         -            202   1.4e-15   57.2   0.2   2   2     1e-08   1.5e-06   27.8   0.0    29    91    93   154    78   162 0.88 -
TRINITY_DN5168_c0_g1_i14:1526-2017  -            164 116533at7898         -            202   1.4e-15   57.2   0.2   1   2   6.8e-09   9.7e-07   28.3   0.0    30   107     2    77     1    93 0.84 -
TRINITY_DN5168_c0_g1_i14:1526-2017  -            164 116533at7898         -            202   1.4e-15   57.2   0.2   2   2     1e-08   1.5e-06   27.8   0.0    29    91    93   154    78   162 0.88 -
TRINITY_DN5168_c0_g1_i2:1526-2017   -            164 116533at7898         -            202   1.4e-15   57.2   0.2   1   2   6.8e-09   9.7e-07   28.3   0.0    30   107     2    77     1    93 0.84 -
TRINITY_DN5168_c0_g1_i2:1526-2017   -            164 116533at7898         -            202   1.4e-15   57.2   0.2   2   2     1e-08   1.5e-06   27.8   0.0    29    91    93   154    78   162 0.88 -
TRINITY_DN1975_c0_g1_i25:950-1720   -            257 116533at7898         -            202   1.7e-15   56.9   0.0   1   2   3.2e-05    0.0045   16.3   0.0    36    76    14    54     5    77 0.83 -
TRINITY_DN1975_c0_g1_i25:950-1720   -            257 116533at7898         -            202   1.7e-15   56.9   0.0   2   2   4.6e-12   6.6e-10   38.7   0.0    27   102   102   177    75   187 0.88 -
TRINITY_DN1975_c0_g1_i4:950-1702    -            251 116533at7898         -            202   2.1e-15   56.6   0.0   1   2   3.6e-05    0.0052   16.2   0.0    39    77    11    50     1    74 0.82 -
TRINITY_DN1975_c0_g1_i4:950-1702    -            251 116533at7898         -            202   2.1e-15   56.6   0.0   2   2   4.5e-12   6.5e-10   38.7   0.0    27   101    96   170    70   180 0.88 -
TRINITY_DN9861_c0_g1_i3:179-1180    -            334 116533at7898         -            202   6.5e-14   51.8   0.0   1   3       3.2   4.5e+02    0.0   0.0    31    74     1    48     1    87 0.69 -
TRINITY_DN9861_c0_g1_i3:179-1180    -            334 116533at7898         -            202   6.5e-14   51.8   0.0   2   3   1.1e-08   1.6e-06   27.6   0.0    29    95   104   170    80   182 0.82 -
TRINITY_DN9861_c0_g1_i3:179-1180    -            334 116533at7898         -            202   6.5e-14   51.8   0.0   3   3   2.1e-06    0.0003   20.2   0.0    26   101   209   278   186   284 0.84 -
TRINITY_DN5168_c0_g1_i8:1094-1744   -            217 116533at7898         -            202   1.5e-13   50.6   0.2   1   2   3.9e-08   5.6e-06   25.8   0.0    30    91     3    63     1    75 0.91 -
TRINITY_DN5168_c0_g1_i8:1094-1744   -            217 116533at7898         -            202   1.5e-13   50.6   0.2   2   2   2.7e-07   3.9e-05   23.1   0.1    21   100    97   174    76   202 0.77 -
TRINITY_DN1823_c0_g1_i20:314-781    -            156 116533at7898         -            202   4.1e-13   49.1   0.3   1   2     2e-08   2.8e-06   26.8   0.0    28    84     1    58     1    71 0.85 -
TRINITY_DN1823_c0_g1_i20:314-781    -            156 116533at7898         -            202   4.1e-13   49.1   0.3   2   2   1.2e-06   0.00017   21.0   0.1    17    84    74   141    67   155 0.86 -
TRINITY_DN1823_c0_g1_i23:314-781    -            156 116533at7898         -            202   4.1e-13   49.1   0.3   1   2     2e-08   2.8e-06   26.8   0.0    28    84     1    58     1    71 0.85 -
TRINITY_DN1823_c0_g1_i23:314-781    -            156 116533at7898         -            202   4.1e-13   49.1   0.3   2   2   1.2e-06   0.00017   21.0   0.1    17    84    74   141    67   155 0.86 -
TRINITY_DN1823_c0_g1_i2:314-781     -            156 116533at7898         -            202   4.1e-13   49.1   0.3   1   2     2e-08   2.8e-06   26.8   0.0    28    84     1    58     1    71 0.85 -
TRINITY_DN1823_c0_g1_i2:314-781     -            156 116533at7898         -            202   4.1e-13   49.1   0.3   2   2   1.2e-06   0.00017   21.0   0.1    17    84    74   141    67   155 0.86 -
TRINITY_DN544_c0_g1_i4:1693-2610    -            306 116533at7898         -            202   7.4e-13   48.3   0.1   1   3   1.7e-10   2.4e-08   33.6   0.0    30   134    46   147    37   156 0.81 -
TRINITY_DN544_c0_g1_i4:1693-2610    -            306 116533at7898         -            202   7.4e-13   48.3   0.1   2   3      0.92   1.3e+02    1.8   0.1    30    82   127   181   121   193 0.68 -
TRINITY_DN544_c0_g1_i4:1693-2610    -            306 116533at7898         -            202   7.4e-13   48.3   0.1   3   3    0.0013      0.18   11.1   0.0    28    98   220   283   214   301 0.79 -
TRINITY_DN544_c0_g1_i8:1664-2581    -            306 116533at7898         -            202   7.4e-13   48.3   0.1   1   3   1.7e-10   2.4e-08   33.6   0.0    30   134    46   147    37   156 0.81 -
TRINITY_DN544_c0_g1_i8:1664-2581    -            306 116533at7898         -            202   7.4e-13   48.3   0.1   2   3      0.92   1.3e+02    1.8   0.1    30    82   127   181   121   193 0.68 -
TRINITY_DN544_c0_g1_i8:1664-2581    -            306 116533at7898         -            202   7.4e-13   48.3   0.1   3   3    0.0013      0.18   11.1   0.0    28    98   220   283   214   301 0.79 -
TRINITY_DN544_c0_g1_i7:1664-2581    -            306 116533at7898         -            202   7.5e-13   48.3   0.1   1   3   1.9e-10   2.7e-08   33.4   0.0    30   133    46   146    38   156 0.79 -
TRINITY_DN544_c0_g1_i7:1664-2581    -            306 116533at7898         -            202   7.5e-13   48.3   0.1   2   3      0.74   1.1e+02    2.1   0.0    29    82   126   181   114   190 0.71 -
TRINITY_DN544_c0_g1_i7:1664-2581    -            306 116533at7898         -            202   7.5e-13   48.3   0.1   3   3    0.0013      0.18   11.1   0.0    28    98   220   283   214   301 0.79 -
TRINITY_DN241_c0_g1_i13:62-520      -            153 116533at7898         -            202     1e-12   47.8   0.2   1   2   7.5e-05     0.011   15.1   0.0    30    82     6    58     3    65 0.90 -
TRINITY_DN241_c0_g1_i13:62-520      -            153 116533at7898         -            202     1e-12   47.8   0.2   2   2   9.6e-10   1.4e-07   31.1   0.0    29    82    96   149    71   153 0.90 -
TRINITY_DN241_c0_g1_i2:62-520       -            153 116533at7898         -            202     1e-12   47.8   0.2   1   2   7.5e-05     0.011   15.1   0.0    30    82     6    58     3    65 0.90 -
TRINITY_DN241_c0_g1_i2:62-520       -            153 116533at7898         -            202     1e-12   47.8   0.2   2   2   9.6e-10   1.4e-07   31.1   0.0    29    82    96   149    71   153 0.90 -
TRINITY_DN241_c0_g1_i6:62-520       -            153 116533at7898         -            202     1e-12   47.8   0.2   1   2   7.5e-05     0.011   15.1   0.0    30    82     6    58     3    65 0.90 -
TRINITY_DN241_c0_g1_i6:62-520       -            153 116533at7898         -            202     1e-12   47.8   0.2   2   2   9.6e-10   1.4e-07   31.1   0.0    29    82    96   149    71   153 0.90 -
TRINITY_DN1889_c0_g1_i7:2825-3262   -            146 116533at7898         -            202   1.6e-12   47.2   0.1   1   2   7.3e-12     1e-09   38.0   0.0    30    83    25    78     5   101 0.77 -
TRINITY_DN1889_c0_g1_i7:2825-3262   -            146 116533at7898         -            202   1.6e-12   47.2   0.1   2   2     0.016       2.3    7.5   0.0    29    57   111   139   100   144 0.88 -
TRINITY_DN1889_c0_g1_i12:2828-3265  -            146 116533at7898         -            202   3.1e-12   46.3   0.1   1   2   7.3e-12     1e-09   38.0   0.0    30    83    25    78     5   101 0.77 -
TRINITY_DN1889_c0_g1_i12:2828-3265  -            146 116533at7898         -            202   3.1e-12   46.3   0.1   2   2      0.03       4.2    6.7   0.0    29    57   111   139   100   144 0.88 -
TRINITY_DN1889_c0_g1_i2:2983-3420   -            146 116533at7898         -            202   3.1e-12   46.3   0.1   1   2   7.3e-12     1e-09   38.0   0.0    30    83    25    78     5   101 0.77 -
TRINITY_DN1889_c0_g1_i2:2983-3420   -            146 116533at7898         -            202   3.1e-12   46.3   0.1   2   2      0.03       4.2    6.7   0.0    29    57   111   139   100   144 0.88 -
TRINITY_DN1889_c0_g1_i5:2979-3416   -            146 116533at7898         -            202   3.1e-12   46.3   0.1   1   2   7.3e-12     1e-09   38.0   0.0    30    83    25    78     5   101 0.77 -
TRINITY_DN1889_c0_g1_i5:2979-3416   -            146 116533at7898         -            202   3.1e-12   46.3   0.1   2   2      0.03       4.2    6.7   0.0    29    57   111   139   100   144 0.88 -
TRINITY_DN1889_c0_g1_i6:2306-2743   -            146 116533at7898         -            202   3.1e-12   46.3   0.1   1   2   7.3e-12     1e-09   38.0   0.0    30    83    25    78     5   101 0.77 -
TRINITY_DN1889_c0_g1_i6:2306-2743   -            146 116533at7898         -            202   3.1e-12   46.3   0.1   2   2      0.03       4.2    6.7   0.0    29    57   111   139   100   144 0.88 -
TRINITY_DN1889_c0_g1_i8:2311-2748   -            146 116533at7898         -            202   3.1e-12   46.3   0.1   1   2   7.3e-12     1e-09   38.0   0.0    30    83    25    78     5   101 0.77 -
TRINITY_DN1889_c0_g1_i8:2311-2748   -            146 116533at7898         -            202   3.1e-12   46.3   0.1   2   2      0.03       4.2    6.7   0.0    29    57   111   139   100   144 0.88 -
TRINITY_DN1889_c0_g1_i9:2983-3420   -            146 116533at7898         -            202   3.1e-12   46.3   0.1   1   2   7.3e-12     1e-09   38.0   0.0    30    83    25    78     5   101 0.77 -
TRINITY_DN1889_c0_g1_i9:2983-3420   -            146 116533at7898         -            202   3.1e-12   46.3   0.1   2   2      0.03       4.2    6.7   0.0    29    57   111   139   100   144 0.88 -
TRINITY_DN1101_c0_g1_i3:250-1821    -            524 116533at7898         -            202   8.3e-12   44.9   1.1   1   3   1.3e-11   1.9e-09   37.2   0.1    30    99    50   119    46   147 0.81 -
TRINITY_DN1101_c0_g1_i3:250-1821    -            524 116533at7898         -            202   8.3e-12   44.9   1.1   2   3      0.22        31    3.8   0.1    64    83   167   185   130   191 0.79 -
TRINITY_DN1101_c0_g1_i3:250-1821    -            524 116533at7898         -            202   8.3e-12   44.9   1.1   3   3       2.3   3.2e+02    0.5   0.0    27    94   222   283   208   298 0.68 -
TRINITY_DN1101_c0_g1_i6:253-1851    -            533 116533at7898         -            202   8.9e-12   44.8   1.1   1   3   1.3e-11   1.9e-09   37.2   0.1    30    99    50   119    46   147 0.81 -
TRINITY_DN1101_c0_g1_i6:253-1851    -            533 116533at7898         -            202   8.9e-12   44.8   1.1   2   3      0.22        32    3.8   0.1    64    83   167   185   130   191 0.79 -
TRINITY_DN1101_c0_g1_i6:253-1851    -            533 116533at7898         -            202   8.9e-12   44.8   1.1   3   3       2.3   3.3e+02    0.5   0.0    27    94   222   283   208   298 0.68 -
TRINITY_DN24625_c0_g3_i1:1531-2022  -            164 116533at7898         -            202   1.5e-11   44.1   0.3   1   2   0.00017     0.024   14.0   0.0    30    82     8    60     4    82 0.89 -
TRINITY_DN24625_c0_g3_i1:1531-2022  -            164 116533at7898         -            202   1.5e-11   44.1   0.3   2   2   5.6e-09     8e-07   28.6   0.1    29    82    98   151    74   159 0.88 -
TRINITY_DN1101_c0_g1_i5:4369-5937   -            523 116533at7898         -            202   1.9e-11   43.7   1.2   1   3   2.7e-11   3.9e-09   36.2   0.1    30    99    50   119    46   147 0.81 -
TRINITY_DN1101_c0_g1_i5:4369-5937   -            523 116533at7898         -            202   1.9e-11   43.7   1.2   2   3      0.22        31    3.8   0.1    64    83   167   185   130   191 0.79 -
TRINITY_DN1101_c0_g1_i5:4369-5937   -            523 116533at7898         -            202   1.9e-11   43.7   1.2   3   3       2.3   3.2e+02    0.5   0.0    27    94   222   283   208   298 0.68 -
TRINITY_DN171_c1_g1_i1:181-432      -             84 116533at7898         -            202     8e-11   41.7   0.0   1   1   5.6e-13     8e-11   41.7   0.0    26   100     8    82     1    84 0.92 -
TRINITY_DN6468_c0_g1_i1:14-517      -            168 116533at7898         -            202   8.4e-11   41.6   6.9   1   1     4e-11   5.7e-09   35.6   6.9    30   119     1    93     1   168 0.66 -
TRINITY_DN3504_c0_g1_i2:175-837     -            221 116533at7898         -            202   2.6e-10   40.0   0.0   1   1   1.8e-12   2.6e-10   40.0   0.0    28   104    10    86     5   111 0.91 -
TRINITY_DN1244_c0_g1_i22:1510-1923  -            138 116533at7898         -            202   2.9e-10   39.9   0.0   1   2   1.2e-10   1.8e-08   34.0   0.0    30   104    28   102    19   110 0.92 -
TRINITY_DN1244_c0_g1_i22:1510-1923  -            138 116533at7898         -            202   2.9e-10   39.9   0.0   2   2      0.16        23    4.2   0.0    26    54   110   138   105   138 0.89 -
TRINITY_DN2256_c0_g1_i1:433-2811    -            793 116533at7898         -            202   3.7e-10   39.5   2.9   1   4   0.00048     0.068   12.5   0.0    29    90     5    66     1    82 0.89 -
TRINITY_DN2256_c0_g1_i1:433-2811    -            793 116533at7898         -            202   3.7e-10   39.5   2.9   2   4    0.0024      0.35   10.2   0.7    38   155   126   238    96   247 0.74 -
TRINITY_DN2256_c0_g1_i1:433-2811    -            793 116533at7898         -            202   3.7e-10   39.5   2.9   3   4    0.0028      0.39   10.0   0.0    30    83   330   383   318   393 0.87 -
TRINITY_DN2256_c0_g1_i1:433-2811    -            793 116533at7898         -            202   3.7e-10   39.5   2.9   4   4      0.44        62    2.8   0.0    61    84   525   548   465   558 0.80 -
TRINITY_DN20836_c0_g1_i3:9-848      -            280 116533at7898         -            202     7e-10   38.6   0.0   1   1   7.4e-12   1.1e-09   38.0   0.0    30   113    25   108    18   115 0.94 -
TRINITY_DN8545_c0_g1_i24:265-1896   -            544 116533at7898         -            202   7.6e-10   38.5   1.7   1   3   1.1e-08   1.6e-06   27.6   0.1    30    95    27    91    22   121 0.86 -
TRINITY_DN8545_c0_g1_i24:265-1896   -            544 116533at7898         -            202   7.6e-10   38.5   1.7   2   3      0.47        67    2.7   0.1    66    83   145   162   107   170 0.82 -
TRINITY_DN8545_c0_g1_i24:265-1896   -            544 116533at7898         -            202   7.6e-10   38.5   1.7   3   3     0.058       8.2    5.7   0.0    27    95   199   261   185   294 0.77 -
TRINITY_DN20836_c0_g1_i2:9-1028     -            340 116533at7898         -            202     1e-09   38.1   0.0   1   1   1.1e-11   1.5e-09   37.5   0.0    30   113    25   108    18   115 0.94 -
TRINITY_DN8545_c0_g1_i11:5-1786     -            594 116533at7898         -            202     1e-09   38.0   1.6   1   3   1.3e-08   1.8e-06   27.4   0.1    30    95    91   155    86   185 0.86 -
TRINITY_DN8545_c0_g1_i11:5-1786     -            594 116533at7898         -            202     1e-09   38.0   1.6   2   3      0.52        74    2.6   0.0    66    83   209   226   171   234 0.82 -
TRINITY_DN8545_c0_g1_i11:5-1786     -            594 116533at7898         -            202     1e-09   38.0   1.6   3   3     0.066       9.3    5.5   0.0    27    95   263   325   249   358 0.77 -
TRINITY_DN8545_c0_g1_i16:242-2065   -            608 116533at7898         -            202   1.1e-09   37.9   1.6   1   3   1.3e-08   1.9e-06   27.4   0.1    30    95    91   155    86   185 0.86 -
TRINITY_DN8545_c0_g1_i16:242-2065   -            608 116533at7898         -            202   1.1e-09   37.9   1.6   2   3      0.54        76    2.5   0.0    66    83   209   226   171   234 0.82 -
TRINITY_DN8545_c0_g1_i16:242-2065   -            608 116533at7898         -            202   1.1e-09   37.9   1.6   3   3     0.068       9.7    5.5   0.0    27    95   263   325   249   358 0.77 -
TRINITY_DN8545_c0_g1_i1:241-2064    -            608 116533at7898         -            202   1.1e-09   37.9   1.6   1   3   1.3e-08   1.9e-06   27.4   0.1    30    95    91   155    86   185 0.86 -
TRINITY_DN8545_c0_g1_i1:241-2064    -            608 116533at7898         -            202   1.1e-09   37.9   1.6   2   3      0.54        76    2.5   0.0    66    83   209   226   171   234 0.82 -
TRINITY_DN8545_c0_g1_i1:241-2064    -            608 116533at7898         -            202   1.1e-09   37.9   1.6   3   3     0.068       9.7    5.5   0.0    27    95   263   325   249   358 0.77 -
TRINITY_DN8545_c0_g1_i27:266-2089   -            608 116533at7898         -            202   1.1e-09   37.9   1.6   1   3   1.3e-08   1.9e-06   27.4   0.1    30    95    91   155    86   185 0.86 -
TRINITY_DN8545_c0_g1_i27:266-2089   -            608 116533at7898         -            202   1.1e-09   37.9   1.6   2   3      0.54        76    2.5   0.0    66    83   209   226   171   234 0.82 -
TRINITY_DN8545_c0_g1_i27:266-2089   -            608 116533at7898         -            202   1.1e-09   37.9   1.6   3   3     0.068       9.7    5.5   0.0    27    95   263   325   249   358 0.77 -
TRINITY_DN8545_c0_g1_i8:242-2065    -            608 116533at7898         -            202   1.1e-09   37.9   1.6   1   3   1.3e-08   1.9e-06   27.4   0.1    30    95    91   155    86   185 0.86 -
TRINITY_DN8545_c0_g1_i8:242-2065    -            608 116533at7898         -            202   1.1e-09   37.9   1.6   2   3      0.54        76    2.5   0.0    66    83   209   226   171   234 0.82 -
TRINITY_DN8545_c0_g1_i8:242-2065    -            608 116533at7898         -            202   1.1e-09   37.9   1.6   3   3     0.068       9.7    5.5   0.0    27    95   263   325   249   358 0.77 -
TRINITY_DN237_c0_g1_i1:91-984       -            298 116533at7898         -            202   1.2e-09   37.9   0.1   1   3       4.3   6.1e+02   -0.4   0.0   143   184    60   102    38   116 0.75 -
TRINITY_DN237_c0_g1_i1:91-984       -            298 116533at7898         -            202   1.2e-09   37.9   0.1   2   3       5.4   7.7e+02   -0.7   0.0    77   105   107   135   100   142 0.77 -
TRINITY_DN237_c0_g1_i1:91-984       -            298 116533at7898         -            202   1.2e-09   37.9   0.1   3   3   9.3e-11   1.3e-08   34.4   0.0    29    86   218   276   212   281 0.87 -
TRINITY_DN1244_c0_g1_i1:1621-1923   -            101 116533at7898         -            202   1.9e-08   33.9   0.0   1   1   1.5e-10   2.1e-08   33.7   0.0    30   101    28    99    19   101 0.93 -
TRINITY_DN1244_c0_g1_i21:2153-2455  -            101 116533at7898         -            202   1.9e-08   33.9   0.0   1   1   1.5e-10   2.1e-08   33.7   0.0    30   101    28    99    19   101 0.93 -
TRINITY_DN171_c0_g4_i2:608-874      -             89 116533at7898         -            202   2.3e-08   33.6   0.0   1   1   1.6e-10   2.3e-08   33.6   0.0    25    99    13    87     1    89 0.88 -
TRINITY_DN1085_c0_g1_i12:1769-2428  -            220 116533at7898         -            202   7.4e-08   32.0   0.1   1   2    0.0022      0.31   10.3   0.1    50    99     2    50     1    70 0.70 -
TRINITY_DN1085_c0_g1_i12:1769-2428  -            220 116533at7898         -            202   7.4e-08   32.0   0.1   2   2     2e-06   0.00028   20.3   0.0    26    80    63   116    52   125 0.87 -
TRINITY_DN1085_c0_g1_i13:1751-2410  -            220 116533at7898         -            202   7.4e-08   32.0   0.1   1   2    0.0022      0.31   10.3   0.1    50    99     2    50     1    70 0.70 -
TRINITY_DN1085_c0_g1_i13:1751-2410  -            220 116533at7898         -            202   7.4e-08   32.0   0.1   2   2     2e-06   0.00028   20.3   0.0    26    80    63   116    52   125 0.87 -
TRINITY_DN1085_c0_g1_i14:466-1125   -            220 116533at7898         -            202   7.4e-08   32.0   0.1   1   2    0.0022      0.31   10.3   0.1    50    99     2    50     1    70 0.70 -
TRINITY_DN1085_c0_g1_i14:466-1125   -            220 116533at7898         -            202   7.4e-08   32.0   0.1   2   2     2e-06   0.00028   20.3   0.0    26    80    63   116    52   125 0.87 -
TRINITY_DN1085_c0_g1_i2:1156-1815   -            220 116533at7898         -            202   7.4e-08   32.0   0.1   1   2    0.0022      0.31   10.3   0.1    50    99     2    50     1    70 0.70 -
TRINITY_DN1085_c0_g1_i2:1156-1815   -            220 116533at7898         -            202   7.4e-08   32.0   0.1   2   2     2e-06   0.00028   20.3   0.0    26    80    63   116    52   125 0.87 -
TRINITY_DN10799_c0_g1_i3:65-1432    -            456 116533at7898         -            202   3.8e-07   29.7   0.2   1   1   7.1e-09     1e-06   28.3   0.0    28   103   240   315   232   343 0.89 -
TRINITY_DN10799_c0_g1_i4:65-1626    -            456 116533at7898         -            202   3.8e-07   29.7   0.2   1   1   7.1e-09     1e-06   28.3   0.0    28   103   240   315   232   343 0.89 -
TRINITY_DN1085_c0_g1_i4:197-817     -            207 116533at7898         -            202   1.7e-06   27.6   0.0   1   2     0.089        13    5.1   0.0    65    87     7    29     2    52 0.72 -
TRINITY_DN1085_c0_g1_i4:197-817     -            207 116533at7898         -            202   1.7e-06   27.6   0.0   2   2   1.3e-06   0.00018   20.9   0.0    26    80    53   106    38   136 0.87 -
TRINITY_DN1085_c0_g1_i5:494-1114    -            207 116533at7898         -            202   1.7e-06   27.6   0.0   1   2     0.089        13    5.1   0.0    65    87     7    29     2    52 0.72 -
TRINITY_DN1085_c0_g1_i5:494-1114    -            207 116533at7898         -            202   1.7e-06   27.6   0.0   2   2   1.3e-06   0.00018   20.9   0.0    26    80    53   106    38   136 0.87 -
TRINITY_DN1085_c0_g1_i6:479-1099    -            207 116533at7898         -            202   1.7e-06   27.6   0.0   1   2     0.089        13    5.1   0.0    65    87     7    29     2    52 0.72 -
TRINITY_DN1085_c0_g1_i6:479-1099    -            207 116533at7898         -            202   1.7e-06   27.6   0.0   2   2   1.3e-06   0.00018   20.9   0.0    26    80    53   106    38   136 0.87 -
TRINITY_DN3150_c0_g1_i11:123-1134   -            321 116533at7898         -            202   4.1e-06   26.3   0.0   1   2    0.0022      0.31   10.4   0.0    31    80     9    59     4    74 0.79 -
TRINITY_DN3150_c0_g1_i11:123-1134   -            321 116533at7898         -            202   4.1e-06   26.3   0.0   2   2   0.00019     0.028   13.8   0.0    30   110   101   181    93   210 0.75 -
TRINITY_DN1244_c0_g1_i20:29-478     -            150 116533at7898         -            202   5.4e-06   25.9   0.0   1   1   4.7e-08   6.6e-06   25.6   0.0    29   100    76   147    54   150 0.90 -
TRINITY_DN1244_c0_g1_i10:1481-1930  -            150 116533at7898         -            202   5.7e-06   25.8   0.0   1   1   5.2e-08   7.4e-06   25.4   0.0    29   100    76   147    62   150 0.90 -
TRINITY_DN1244_c0_g1_i22:949-1398   -            150 116533at7898         -            202   5.7e-06   25.8   0.0   1   1   5.2e-08   7.4e-06   25.4   0.0    29   100    76   147    62   150 0.90 -
TRINITY_DN1244_c0_g1_i3:949-1398    -            150 116533at7898         -            202   5.7e-06   25.8   0.0   1   1   5.2e-08   7.4e-06   25.4   0.0    29   100    76   147    62   150 0.90 -
TRINITY_DN1244_c0_g1_i19:953-1402   -            150 116533at7898         -            202   7.5e-06   25.4   0.0   1   1     7e-08     1e-05   25.0   0.0    30   100    77   147    70   150 0.91 -
TRINITY_DN1244_c0_g1_i1:949-1398    -            150 116533at7898         -            202   7.5e-06   25.4   0.0   1   1     7e-08     1e-05   25.0   0.0    30   100    77   147    70   150 0.91 -
TRINITY_DN1244_c0_g1_i21:1481-1930  -            150 116533at7898         -            202   7.5e-06   25.4   0.0   1   1     7e-08     1e-05   25.0   0.0    30   100    77   147    70   150 0.91 -
TRINITY_DN3150_c0_g1_i10:0-446      -            149 116533at7898         -            202   2.7e-05   23.6   0.1   1   2    0.0005     0.071   12.4   0.0    31    80     9    59     4    75 0.79 -
TRINITY_DN3150_c0_g1_i10:0-446      -            149 116533at7898         -            202   2.7e-05   23.6   0.1   2   2    0.0042      0.59    9.4   0.1    30    77   101   148    88   149 0.83 -
TRINITY_DN41540_c0_g1_i4:93-548     -            152 116533at7898         -            202   3.7e-05   23.2   0.1   1   1   3.3e-07   4.6e-05   22.8   0.1    11   100    20   111    12   121 0.82 -
TRINITY_DN41540_c0_g1_i1:93-584     -            164 116533at7898         -            202   4.1e-05   23.0   0.1   1   1   3.1e-07   4.5e-05   22.9   0.1    11   101    20   112    12   150 0.85 -
TRINITY_DN13699_c0_g1_i19:308-544   -             79 116533at7898         -            202   4.7e-05   22.8   0.0   1   1   3.3e-07   4.7e-05   22.8   0.0    24    92     3    68     1    78 0.80 -
TRINITY_DN13699_c0_g1_i3:1058-1294  -             79 116533at7898         -            202   4.7e-05   22.8   0.0   1   1   3.3e-07   4.7e-05   22.8   0.0    24    92     3    68     1    78 0.80 -
TRINITY_DN11691_c0_g1_i1:518-1360   -            281 116533at7898         -            202   0.00011   21.6   0.6   1   3    0.0019      0.27   10.5   0.0    30    79    12    62     7    77 0.73 -
TRINITY_DN11691_c0_g1_i1:518-1360   -            281 116533at7898         -            202   0.00011   21.6   0.6   2   3       1.9   2.8e+02    0.7   0.1   124   162    78   116    67   122 0.84 -
TRINITY_DN11691_c0_g1_i1:518-1360   -            281 116533at7898         -            202   0.00011   21.6   0.6   3   3     0.023       3.3    7.0   0.0    28    90   207   264   197   275 0.83 -
TRINITY_DN11691_c0_g1_i3:518-1360   -            281 116533at7898         -            202   0.00011   21.6   0.6   1   3    0.0019      0.27   10.5   0.0    30    79    12    62     7    77 0.73 -
TRINITY_DN11691_c0_g1_i3:518-1360   -            281 116533at7898         -            202   0.00011   21.6   0.6   2   3       1.9   2.8e+02    0.7   0.1   124   162    78   116    67   122 0.84 -
TRINITY_DN11691_c0_g1_i3:518-1360   -            281 116533at7898         -            202   0.00011   21.6   0.6   3   3     0.023       3.3    7.0   0.0    28    90   207   264   197   275 0.83 -
TRINITY_DN22512_c0_g1_i1:218-484    -             89 116533at7898         -            202    0.0007   19.0   0.0   1   1   5.5e-06   0.00078   18.8   0.0    29    99    24    88     9    89 0.91 -
TRINITY_DN13699_c0_g1_i15:1081-1293 -             71 116533at7898         -            202    0.0015   17.9   0.0   1   1   1.1e-05    0.0015   17.9   0.0    30    92     1    60     1    70 0.79 -
TRINITY_DN13699_c0_g1_i1:1049-1261  -             71 116533at7898         -            202    0.0015   17.9   0.0   1   1   1.1e-05    0.0015   17.9   0.0    30    92     1    60     1    70 0.79 -
TRINITY_DN24518_c0_g1_i1:1058-1237  -             60 116533at7898         -            202    0.0026   17.2   0.0   1   1   1.8e-05    0.0026   17.1   0.0    30    77     1    45     1    58 0.87 -
TRINITY_DN3150_c0_g1_i8:590-1318    -            243 116533at7898         -            202     0.003   16.9   0.1   1   1     3e-05    0.0042   16.4   0.1    30   114    23   107    16   135 0.75 -
TRINITY_DN11854_c0_g1_i2:445-1319   -            285 116533at7898         -            202    0.0048   16.3   0.0   1   2    0.0013      0.18   11.1   0.0    33    82     7    58     2    68 0.72 -
TRINITY_DN11854_c0_g1_i2:445-1319   -            285 116533at7898         -            202    0.0048   16.3   0.0   2   2      0.38        54    3.0   0.0    64    87   132   155    98   181 0.85 -
TRINITY_DN11854_c0_g1_i3:445-1299   -            285 116533at7898         -            202    0.0049   16.2   0.0   1   2    0.0013      0.18   11.1   0.0    33    82     7    58     2    68 0.72 -
TRINITY_DN11854_c0_g1_i3:445-1299   -            285 116533at7898         -            202    0.0049   16.2   0.0   2   2      0.38        54    3.0   0.0    64    87   132   155    98   181 0.85 -
TRINITY_DN4491_c0_g1_i1:16-1374     -            453 116533at7898         -            202      0.02   14.2   0.1   1   2      0.66        94    2.2   0.0    30    76   185   229   168   235 0.85 -
TRINITY_DN4491_c0_g1_i1:16-1374     -            453 116533at7898         -            202      0.02   14.2   0.1   2   2    0.0036      0.52    9.6   0.1    30   116   314   399   307   429 0.83 -
TRINITY_DN4491_c0_g1_i4:192-1778    -            529 116533at7898         -            202     0.026   13.9   0.2   1   2      0.81   1.2e+02    2.0   0.0    30    76   284   328   267   334 0.85 -
TRINITY_DN4491_c0_g1_i4:192-1778    -            529 116533at7898         -            202     0.026   13.9   0.2   2   2    0.0087       1.2    8.4   0.1    29   115   389   474   377   504 0.87 -
TRINITY_DN12583_c0_g1_i1:95-469     -            125 116533at7898         -            202     0.028   13.8   0.2   1   1   0.00034     0.049   13.0   0.1    29    99    20    87     5   114 0.75 -
TRINITY_DN12583_c0_g1_i2:91-465     -            125 116533at7898         -            202     0.028   13.8   0.2   1   1   0.00034     0.049   13.0   0.1    29    99    20    87     5   114 0.75 -
TRINITY_DN12583_c0_g1_i3:95-469     -            125 116533at7898         -            202     0.028   13.8   0.2   1   1   0.00034     0.049   13.0   0.1    29    99    20    87     5   114 0.75 -
TRINITY_DN12583_c0_g1_i4:95-469     -            125 116533at7898         -            202     0.028   13.8   0.2   1   1   0.00034     0.049   13.0   0.1    29    99    20    87     5   114 0.75 -
TRINITY_DN4491_c0_g1_i2:192-1817    -            542 116533at7898         -            202     0.029   13.7   0.1   1   2      0.84   1.2e+02    1.9   0.0    30    76   297   341   280   347 0.85 -
TRINITY_DN4491_c0_g1_i2:192-1817    -            542 116533at7898         -            202     0.029   13.7   0.1   2   2    0.0092       1.3    8.3   0.1    29   115   402   487   391   517 0.86 -
TRINITY_DN64575_c0_g1_i1:263-442    -             60 116533at7898         -            202     0.034   13.5   0.0   1   1   0.00026     0.037   13.4   0.0    30    77     1    45     1    55 0.85 -
TRINITY_DN22943_c0_g1_i5:566-1180   -            205 116533at7898         -            202      0.14   11.5   0.0   1   1    0.0015      0.22   10.8   0.0    30    83     1    56     1    69 0.84 -
TRINITY_DN22943_c0_g1_i6:566-1180   -            205 116533at7898         -            202      0.14   11.5   0.0   1   1    0.0015      0.22   10.8   0.0    30    83     1    56     1    69 0.84 -
#
# Program:         hmmsearch
# Version:         3.1b2 (February 2015)
# Pipeline mode:   SEARCH
# Query file:      /home/ericjuo/Projects/salmo_trutta_rna_seq/busco_downloads/lineages/actinopterygii_odb10/hmms/116533at7898.hmm
# Target file:     /home/ericjuo/Projects/salmo_trutta_rna_seq/data/02_intermediate/busco/run_actinopterygii_odb10/metaeuk_output/initial_results/trinity.Trinity.fasta.modified.fas
# Option settings: hmmsearch --domtblout /home/ericjuo/Projects/salmo_trutta_rna_seq/data/02_intermediate/busco/run_actinopterygii_odb10/hmmer_output/initial_run_results/116533at7898.out --cpu 1 /home/ericjuo/Projects/salmo_trutta_rna_seq/busco_downloads/lineages/actinopterygii_odb10/hmms/116533at7898.hmm /home/ericjuo/Projects/salmo_trutta_rna_seq/data/02_intermediate/busco/run_actinopterygii_odb10/metaeuk_output/initial_results/trinity.Trinity.fasta.modified.fas 
# Current dir:     /home/ericjuo/Projects/salmo_trutta_rna_seq
# Date:            Fri Apr 29 12:52:56 2022
# [ok]
