#                                                                                         --- full sequence --- -------------- this domain -------------   hmm coord   ali coord   env coord
# target name                     accession   tlen query name           accession   qlen   E-value  score  bias   #  of  c-Evalue  i-Evalue  score  bias  from    to  from    to  from    to  acc description of target
#             ------------------- ---------- ----- -------------------- ---------- ----- --------- ------ ----- --- --- --------- --------- ------ ----- ----- ----- ----- ----- ----- ----- ---- ---------------------
TRINITY_DN60001_c0_g1_i1:685-1299 -            205 117446at7898         -            165   8.1e-70  233.5   0.1   1   2   0.00035       0.8    9.1   0.0     1    28     1    35     1    61 0.76 -
TRINITY_DN60001_c0_g1_i1:685-1299 -            205 117446at7898         -            165   8.1e-70  233.5   0.1   2   2   8.2e-70   1.9e-66  222.6   0.1    22   165    59   205    44   205 0.92 -
TRINITY_DN3999_c4_g1_i2:1118-1549 -            144 117446at7898         -            165   1.1e-40  138.7   0.2   1   1     6e-44   1.4e-40  138.4   0.2    36   164     5   142     1   144 0.89 -
TRINITY_DN1349_c1_g2_i1:737-1180  -            148 117446at7898         -            165   1.3e-31  109.3   0.1   1   1   6.7e-35   1.5e-31  109.0   0.1    30   163     4   147     1   148 0.90 -
TRINITY_DN1349_c1_g2_i2:737-1180  -            148 117446at7898         -            165   1.3e-31  109.3   0.1   1   1   6.7e-35   1.5e-31  109.0   0.1    30   163     4   147     1   148 0.90 -
TRINITY_DN1349_c1_g2_i4:737-1180  -            148 117446at7898         -            165   1.3e-31  109.3   0.1   1   1   6.7e-35   1.5e-31  109.0   0.1    30   163     4   147     1   148 0.90 -
TRINITY_DN69962_c0_g1_i1:37-483   -            149 117446at7898         -            165   7.1e-25   87.3   0.1   1   1     1e-27   2.4e-24   85.6   0.1    34   162     3   147     1   149 0.85 -
#
# Program:         hmmsearch
# Version:         3.1b2 (February 2015)
# Pipeline mode:   SEARCH
# Query file:      /home/ericjuo/Projects/salmo_trutta_rna_seq/busco_downloads/lineages/actinopterygii_odb10/hmms/117446at7898.hmm
# Target file:     /home/ericjuo/Projects/salmo_trutta_rna_seq/data/02_intermediate/busco/run_actinopterygii_odb10/metaeuk_output/initial_results/trinity.Trinity.fasta.modified.fas
# Option settings: hmmsearch --domtblout /home/ericjuo/Projects/salmo_trutta_rna_seq/data/02_intermediate/busco/run_actinopterygii_odb10/hmmer_output/initial_run_results/117446at7898.out --cpu 1 /home/ericjuo/Projects/salmo_trutta_rna_seq/busco_downloads/lineages/actinopterygii_odb10/hmms/117446at7898.hmm /home/ericjuo/Projects/salmo_trutta_rna_seq/data/02_intermediate/busco/run_actinopterygii_odb10/metaeuk_output/initial_results/trinity.Trinity.fasta.modified.fas 
# Current dir:     /home/ericjuo/Projects/salmo_trutta_rna_seq
# Date:            Fri Apr 29 12:53:01 2022
# [ok]
