#                                                                                           --- full sequence --- -------------- this domain -------------   hmm coord   ali coord   env coord
# target name                       accession   tlen query name           accession   qlen   E-value  score  bias   #  of  c-Evalue  i-Evalue  score  bias  from    to  from    to  from    to  acc description of target
#               ------------------- ---------- ----- -------------------- ---------- ----- --------- ------ ----- --- --- --------- --------- ------ ----- ----- ----- ----- ----- ----- ----- ---- ---------------------
TRINITY_DN41484_c0_g1_i1:271-720    -            150 118207at7898         -            173   1.1e-41  141.8   0.0   1   1   4.8e-44   1.3e-41  141.7   0.0    29   170     1   145     1   148 0.92 -
TRINITY_DN4126_c0_g1_i1:439-843     -            135 118207at7898         -            173   4.5e-22   78.0   0.1   1   1   2.4e-24   6.3e-22   77.5   0.1    30   163     3   132     1   135 0.88 -
TRINITY_DN4126_c0_g1_i2:1325-1729   -            135 118207at7898         -            173   4.5e-22   78.0   0.1   1   1   2.4e-24   6.3e-22   77.5   0.1    30   163     3   132     1   135 0.88 -
TRINITY_DN4126_c0_g1_i4:1271-1675   -            135 118207at7898         -            173   4.5e-22   78.0   0.1   1   1   2.4e-24   6.3e-22   77.5   0.1    30   163     3   132     1   135 0.88 -
TRINITY_DN6225_c0_g2_i1:98-1297     -            400 118207at7898         -            173   5.9e-22   77.6   0.0   1   1   3.4e-24   8.9e-22   77.0   0.0    30   167   181   315   172   321 0.91 -
TRINITY_DN6225_c0_g1_i5:379-1512    -            378 118207at7898         -            173   1.1e-21   76.7   0.0   1   1   8.4e-24   2.2e-21   75.8   0.0    30   167   190   324   186   330 0.87 -
TRINITY_DN6225_c0_g1_i8:379-1512    -            378 118207at7898         -            173   1.1e-21   76.7   0.0   1   1   8.4e-24   2.2e-21   75.8   0.0    30   167   190   324   186   330 0.87 -
TRINITY_DN6225_c0_g1_i10:141-1274   -            378 118207at7898         -            173   1.2e-21   76.7   0.0   1   1   8.4e-24   2.2e-21   75.8   0.0    30   167   190   324   186   330 0.87 -
TRINITY_DN6225_c0_g1_i9:141-1274    -            378 118207at7898         -            173   1.2e-21   76.7   0.0   1   1   8.4e-24   2.2e-21   75.8   0.0    30   167   190   324   186   330 0.87 -
TRINITY_DN36523_c0_g1_i1:178-657    -            160 118207at7898         -            173   1.2e-21   76.6   0.0   1   1   5.3e-24   1.4e-21   76.4   0.0    31   170    15   151     4   154 0.88 -
TRINITY_DN22047_c0_g3_i1:109-1218   -            370 118207at7898         -            173   2.9e-21   75.4   0.0   1   1   1.7e-23   4.5e-21   74.7   0.0    30   167   175   309   145   315 0.89 -
TRINITY_DN22047_c0_g3_i2:109-1218   -            370 118207at7898         -            173   2.9e-21   75.4   0.0   1   1   1.7e-23   4.5e-21   74.7   0.0    30   167   175   309   145   315 0.89 -
TRINITY_DN13295_c1_g3_i3:145-561    -            139 118207at7898         -            173   1.4e-20   73.2   0.0   1   1     6e-23   1.6e-20   73.0   0.0    30   169     1   137     1   139 0.94 -
TRINITY_DN13295_c1_g3_i6:145-561    -            139 118207at7898         -            173   1.4e-20   73.2   0.0   1   1     6e-23   1.6e-20   73.0   0.0    30   169     1   137     1   139 0.94 -
TRINITY_DN13295_c1_g3_i5:145-561    -            139 118207at7898         -            173     5e-20   71.3   0.0   1   1   2.2e-22   5.7e-20   71.1   0.0    30   169     1   137     1   139 0.93 -
TRINITY_DN23357_c1_g2_i1:276-671    -            132 118207at7898         -            173   7.7e-20   70.7   0.0   1   1   3.6e-22   9.4e-20   70.4   0.0    33   163     3   130     1   132 0.89 -
TRINITY_DN8586_c0_g1_i4:134-805     -            224 118207at7898         -            173   1.5e-19   69.8   0.0   1   1   7.9e-22   2.1e-19   69.3   0.0    28   169    30   175    19   178 0.89 -
TRINITY_DN8586_c0_g1_i1:134-805     -            224 118207at7898         -            173   1.5e-19   69.8   0.0   1   1   7.9e-22   2.1e-19   69.3   0.0    28   169    30   175    19   178 0.89 -
TRINITY_DN28479_c0_g3_i1:153-500    -            116 118207at7898         -            173   3.2e-19   68.7   0.1   1   1   2.2e-21   5.6e-19   67.9   0.1    30   146     4   115     2   116 0.92 -
TRINITY_DN8586_c0_g1_i3:139-810     -            224 118207at7898         -            173   5.3e-19   68.0   0.0   1   1   2.7e-21     7e-19   67.6   0.0    28   169    30   175    17   178 0.88 -
TRINITY_DN13295_c1_g1_i2:132-539    -            136 118207at7898         -            173   1.6e-18   66.4   0.0   1   1   7.2e-21   1.9e-18   66.2   0.0    32   168     3   136     1   136 0.87 -
TRINITY_DN13295_c1_g1_i4:132-539    -            136 118207at7898         -            173   1.6e-18   66.4   0.0   1   1   7.2e-21   1.9e-18   66.2   0.0    32   168     3   136     1   136 0.87 -
TRINITY_DN60517_c0_g1_i1:14-418     -            135 118207at7898         -            173   5.5e-18   64.7   0.0   1   1   2.4e-20   6.2e-18   64.5   0.0    44   165     3   122     1   129 0.87 -
TRINITY_DN13295_c1_g3_i1:145-513    -            123 118207at7898         -            173   3.4e-17   62.1   0.0   1   1   1.5e-19     4e-17   61.9   0.0    50   169     6   121     2   123 0.88 -
TRINITY_DN28287_c0_g2_i1:54-884     -            277 118207at7898         -            173   6.1e-17   61.3   0.0   1   1   1.1e-18   2.9e-16   59.1   0.0    31   163   141   271   134   276 0.82 -
TRINITY_DN13295_c1_g1_i3:129-458    -            110 118207at7898         -            173   1.2e-16   60.3   0.0   1   1   5.3e-19   1.4e-16   60.1   0.0    76   169    16   110     5   110 0.93 -
TRINITY_DN11831_c0_g1_i10:1502-2512 -            337 118207at7898         -            173   2.8e-16   59.1   0.0   1   1   1.7e-18   4.4e-16   58.5   0.0    30   164   186   319   181   326 0.87 -
TRINITY_DN11831_c0_g1_i2:1568-2578  -            337 118207at7898         -            173   2.8e-16   59.1   0.0   1   1   1.7e-18   4.4e-16   58.5   0.0    30   164   186   319   181   326 0.87 -
TRINITY_DN11831_c0_g1_i8:1502-2512  -            337 118207at7898         -            173   2.8e-16   59.1   0.0   1   1   1.7e-18   4.4e-16   58.5   0.0    30   164   186   319   181   326 0.87 -
TRINITY_DN13295_c1_g1_i5:132-491    -            120 118207at7898         -            173   2.9e-16   59.1   0.0   1   1   1.2e-18   3.2e-16   58.9   0.0    75   168    26   120     4   120 0.84 -
TRINITY_DN2866_c3_g2_i2:478-1476    -            333 118207at7898         -            173   3.5e-16   58.8   0.0   1   1   2.4e-18   6.3e-16   58.0   0.0    31   164   184   316   178   322 0.85 -
TRINITY_DN2866_c3_g2_i1:523-1464    -            314 118207at7898         -            173   5.1e-16   58.3   0.0   1   1   3.2e-18   8.4e-16   57.6   0.0    31   162   180   310   174   314 0.86 -
TRINITY_DN6225_c0_g1_i12:194-439    -             82 118207at7898         -            173   5.3e-14   51.7   0.0   1   1   2.1e-16   5.5e-14   51.7   0.0   107   167     6    67     1    74 0.90 -
TRINITY_DN5211_c0_g1_i5:611-1018    -            136 118207at7898         -            173   7.5e-14   51.2   0.0   1   1   3.5e-16   9.1e-14   50.9   0.0    33   163     6   133     2   136 0.88 -
TRINITY_DN5211_c0_g1_i7:538-945     -            136 118207at7898         -            173   7.5e-14   51.2   0.0   1   1   3.5e-16   9.1e-14   50.9   0.0    33   163     6   133     2   136 0.88 -
TRINITY_DN43461_c0_g1_i1:34-387     -            118 118207at7898         -            173   2.6e-12   46.2   0.1   1   1   4.8e-14   1.3e-11   44.0   0.1    31   147     5   118     2   118 0.84 -
TRINITY_DN67097_c0_g1_i1:49-324     -             92 118207at7898         -            173   2.3e-11   43.1   0.0   1   1     1e-13   2.7e-11   42.9   0.0    98   164     4    69     1    77 0.86 -
TRINITY_DN53755_c0_g1_i1:60-329     -             90 118207at7898         -            173   1.5e-09   37.2   0.1   1   1   6.1e-12   1.6e-09   37.1   0.1    78   163     4    90     1    90 0.92 -
TRINITY_DN5844_c1_g1_i8:630-1043    -            138 118207at7898         -            173   8.7e-07   28.2   0.0   1   1   4.2e-09   1.1e-06   27.9   0.0    67   145    50   129    41   135 0.88 -
TRINITY_DN11385_c0_g1_i1:162-572    -            137 118207at7898         -            173   2.8e-06   26.6   0.0   1   1   1.3e-08   3.3e-06   26.3   0.0    69   147    51   130    41   135 0.84 -
TRINITY_DN11385_c0_g1_i2:162-572    -            137 118207at7898         -            173   2.8e-06   26.6   0.0   1   1   1.3e-08   3.3e-06   26.3   0.0    69   147    51   130    41   135 0.84 -
TRINITY_DN5844_c1_g1_i11:920-1348   -            143 118207at7898         -            173   4.1e-06   26.0   0.0   1   1   1.9e-08     5e-06   25.8   0.0    67   145    50   129    41   139 0.87 -
TRINITY_DN2272_c3_g1_i1:564-1097    -            178 118207at7898         -            173   0.00044   19.4   0.0   1   1   2.3e-06    0.0006   19.0   0.0    94   133   101   140    57   170 0.80 -
TRINITY_DN25505_c0_g1_i1:47-433     -            129 118207at7898         -            173     0.001   18.2   0.1   1   1   4.9e-06    0.0013   17.9   0.1   108   159    69   121    54   127 0.86 -
TRINITY_DN17653_c0_g1_i1:457-909    -            151 118207at7898         -            173    0.0026   16.9   0.0   1   1   1.1e-05     0.003   16.7   0.0   101   150    81   130    26   139 0.77 -
TRINITY_DN81_c1_g1_i1:418-1002      -            195 118207at7898         -            173     0.016   14.3   0.0   1   1   9.8e-05     0.026   13.7   0.0    58   113   119   173   100   179 0.85 -
TRINITY_DN81_c1_g1_i6:728-1312      -            195 118207at7898         -            173     0.016   14.3   0.0   1   1   9.8e-05     0.026   13.7   0.0    58   113   119   173   100   179 0.85 -
TRINITY_DN18432_c1_g1_i1:892-1851   -            320 118207at7898         -            173     0.022   13.9   0.1   1   2       2.4   6.1e+02   -0.6   0.0    90   171   151   236   134   238 0.63 -
TRINITY_DN18432_c1_g1_i1:892-1851   -            320 118207at7898         -            173     0.022   13.9   0.1   2   2   0.00041      0.11   11.7   0.1   112   134   250   272   244   297 0.90 -
TRINITY_DN81_c1_g1_i3:121-879       -            253 118207at7898         -            173     0.026   13.7   0.0   1   1   0.00017     0.044   12.9   0.0    58   113   177   231   159   236 0.85 -
TRINITY_DN42721_c0_g1_i1:213-1142   -            310 118207at7898         -            173     0.034   13.3   0.0   1   1   0.00028     0.073   12.2   0.0    90   135   220   271   191   298 0.71 -
TRINITY_DN6225_c0_g1_i2:141-914     -            258 118207at7898         -            173     0.043   12.9   0.0   1   1   0.00032     0.084   12.0   0.0    30   102   190   258   186   258 0.80 -
TRINITY_DN18432_c1_g1_i3:889-1848   -            320 118207at7898         -            173     0.078   12.1   0.1   1   2       2.4   6.1e+02   -0.6   0.0    90   171   151   236   134   238 0.63 -
TRINITY_DN18432_c1_g1_i3:889-1848   -            320 118207at7898         -            173     0.078   12.1   0.1   2   2    0.0015      0.39    9.8   0.1   112   134   250   272   244   297 0.90 -
TRINITY_DN13617_c0_g1_i15:1215-2111 -            299 118207at7898         -            173     0.086   11.9   0.1   1   2       7.5     2e+03   -2.2   0.0   115   150   112   147    83   154 0.72 -
TRINITY_DN13617_c0_g1_i15:1215-2111 -            299 118207at7898         -            173     0.086   11.9   0.1   2   2   0.00086      0.23   10.6   0.1   110   150   236   281   220   290 0.69 -
#
# Program:         hmmsearch
# Version:         3.1b2 (February 2015)
# Pipeline mode:   SEARCH
# Query file:      /home/ericjuo/Projects/salmo_trutta_rna_seq/busco_downloads/lineages/actinopterygii_odb10/hmms/118207at7898.hmm
# Target file:     /home/ericjuo/Projects/salmo_trutta_rna_seq/data/02_intermediate/busco/run_actinopterygii_odb10/metaeuk_output/initial_results/trinity.Trinity.fasta.modified.fas
# Option settings: hmmsearch --domtblout /home/ericjuo/Projects/salmo_trutta_rna_seq/data/02_intermediate/busco/run_actinopterygii_odb10/hmmer_output/initial_run_results/118207at7898.out --cpu 1 /home/ericjuo/Projects/salmo_trutta_rna_seq/busco_downloads/lineages/actinopterygii_odb10/hmms/118207at7898.hmm /home/ericjuo/Projects/salmo_trutta_rna_seq/data/02_intermediate/busco/run_actinopterygii_odb10/metaeuk_output/initial_results/trinity.Trinity.fasta.modified.fas 
# Current dir:     /home/ericjuo/Projects/salmo_trutta_rna_seq
# Date:            Fri Apr 29 12:53:03 2022
# [ok]
