#                                                                                          --- full sequence --- -------------- this domain -------------   hmm coord   ali coord   env coord
# target name                      accession   tlen query name           accession   qlen   E-value  score  bias   #  of  c-Evalue  i-Evalue  score  bias  from    to  from    to  from    to  acc description of target
#              ------------------- ---------- ----- -------------------- ---------- ----- --------- ------ ----- --- --- --------- --------- ------ ----- ----- ----- ----- ----- ----- ----- ---- ---------------------
TRINITY_DN1198_c0_g2_i1:633-1184   -            184 118421at7898         -            159   4.5e-98  324.8   0.6   1   1   1.2e-99   5.7e-98  324.5   0.6     1   159    11   181    11   181 0.96 -
TRINITY_DN8788_c0_g1_i2:46-585     -            180 118421at7898         -            159   5.5e-52  175.1   0.0   1   1   1.5e-53     7e-52  174.7   0.0     4   156    15   179    12   180 0.91 -
TRINITY_DN8788_c0_g1_i3:46-585     -            180 118421at7898         -            159   5.5e-52  175.1   0.0   1   1   1.5e-53     7e-52  174.7   0.0     4   156    15   179    12   180 0.91 -
TRINITY_DN1330_c0_g2_i1:143-631    -            163 118421at7898         -            159     3e-45  153.2   0.2   1   1   7.7e-47   3.6e-45  152.9   0.2     5   152     2   161     1   163 0.91 -
TRINITY_DN1330_c0_g2_i2:143-631    -            163 118421at7898         -            159     3e-45  153.2   0.2   1   1   7.7e-47   3.6e-45  152.9   0.2     5   152     2   161     1   163 0.91 -
TRINITY_DN1330_c0_g2_i3:143-631    -            163 118421at7898         -            159     3e-45  153.2   0.2   1   1   7.7e-47   3.6e-45  152.9   0.2     5   152     2   161     1   163 0.91 -
TRINITY_DN1330_c0_g2_i4:143-631    -            163 118421at7898         -            159     3e-45  153.2   0.2   1   1   7.7e-47   3.6e-45  152.9   0.2     5   152     2   161     1   163 0.91 -
TRINITY_DN1330_c0_g1_i1:109-597    -            163 118421at7898         -            159   3.9e-45  152.8   0.1   1   1     1e-46   4.8e-45  152.5   0.1     5   152     2   161     1   163 0.90 -
TRINITY_DN1330_c0_g1_i2:125-613    -            163 118421at7898         -            159   3.9e-45  152.8   0.1   1   1     1e-46   4.8e-45  152.5   0.1     5   152     2   161     1   163 0.90 -
TRINITY_DN2143_c0_g1_i2:149-637    -            163 118421at7898         -            159   4.9e-45  152.5   0.2   1   1   1.3e-46     6e-45  152.2   0.2     5   152     2   161     1   163 0.90 -
TRINITY_DN2143_c0_g1_i6:149-637    -            163 118421at7898         -            159   4.9e-45  152.5   0.2   1   1   1.3e-46     6e-45  152.2   0.2     5   152     2   161     1   163 0.90 -
TRINITY_DN2143_c0_g1_i7:149-637    -            163 118421at7898         -            159   4.9e-45  152.5   0.2   1   1   1.3e-46     6e-45  152.2   0.2     5   152     2   161     1   163 0.90 -
TRINITY_DN2143_c0_g1_i8:149-637    -            163 118421at7898         -            159   4.9e-45  152.5   0.2   1   1   1.3e-46     6e-45  152.2   0.2     5   152     2   161     1   163 0.90 -
TRINITY_DN2143_c0_g1_i9:149-637    -            163 118421at7898         -            159   4.9e-45  152.5   0.2   1   1   1.3e-46     6e-45  152.2   0.2     5   152     2   161     1   163 0.90 -
TRINITY_DN179_c0_g1_i2:821-1318    -            166 118421at7898         -            159   4.7e-44  149.3   0.2   1   1   1.2e-45   5.8e-44  149.0   0.2     5   156     2   165     1   166 0.91 -
TRINITY_DN179_c0_g1_i3:384-881     -            166 118421at7898         -            159   4.7e-44  149.3   0.2   1   1   1.2e-45   5.8e-44  149.0   0.2     5   156     2   165     1   166 0.91 -
TRINITY_DN179_c0_g1_i4:821-1318    -            166 118421at7898         -            159   4.7e-44  149.3   0.2   1   1   1.2e-45   5.8e-44  149.0   0.2     5   156     2   165     1   166 0.91 -
TRINITY_DN179_c0_g1_i5:380-877     -            166 118421at7898         -            159   4.7e-44  149.3   0.2   1   1   1.2e-45   5.8e-44  149.0   0.2     5   156     2   165     1   166 0.91 -
TRINITY_DN1000_c0_g1_i2:2459-2950  -            164 118421at7898         -            159   9.5e-44  148.3   0.2   1   1   2.5e-45   1.2e-43  148.0   0.2     5   154     2   163     1   164 0.91 -
TRINITY_DN1000_c0_g1_i3:2494-3027  -            178 118421at7898         -            159   9.6e-44  148.3   0.1   1   1   2.6e-45   1.2e-43  147.9   0.1     5   154    16   177    13   178 0.91 -
TRINITY_DN10100_c0_g1_i12:871-1365 -            165 118421at7898         -            159   6.1e-42  142.4   0.1   1   1   1.6e-43   7.4e-42  142.1   0.1     5   155     1   163     1   165 0.90 -
TRINITY_DN10100_c0_g1_i14:815-1309 -            165 118421at7898         -            159   6.1e-42  142.4   0.1   1   1   1.6e-43   7.4e-42  142.1   0.1     5   155     1   163     1   165 0.90 -
TRINITY_DN10100_c0_g1_i1:817-1311  -            165 118421at7898         -            159   6.1e-42  142.4   0.1   1   1   1.6e-43   7.4e-42  142.1   0.1     5   155     1   163     1   165 0.90 -
TRINITY_DN10100_c0_g1_i5:870-1364  -            165 118421at7898         -            159   6.1e-42  142.4   0.1   1   1   1.6e-43   7.4e-42  142.1   0.1     5   155     1   163     1   165 0.90 -
TRINITY_DN10100_c0_g1_i9:808-1302  -            165 118421at7898         -            159   6.1e-42  142.4   0.1   1   1   1.6e-43   7.4e-42  142.1   0.1     5   155     1   163     1   165 0.90 -
TRINITY_DN13086_c2_g1_i3:125-610   -            162 118421at7898         -            159   1.4e-41  141.3   0.1   1   1   3.5e-43   1.7e-41  141.0   0.1     5   153     1   161     1   162 0.90 -
TRINITY_DN7133_c2_g1_i1:247-750    -            168 118421at7898         -            159   1.6e-41  141.0   0.1   1   1   4.6e-43   2.2e-41  140.6   0.1     4   156     2   167     1   168 0.87 -
TRINITY_DN3954_c0_g1_i4:1078-1587  -            170 118421at7898         -            159   3.6e-41  139.9   0.0   1   1     1e-42   4.7e-41  139.5   0.0     4   150    12   170    10   170 0.90 -
TRINITY_DN3954_c0_g1_i3:1078-1551  -            158 118421at7898         -            159   7.1e-41  139.0   0.0   1   1   1.8e-42   8.6e-41  138.7   0.0     5   150     1   158     1   158 0.90 -
TRINITY_DN7259_c0_g1_i1:1369-1842  -            158 118421at7898         -            159   7.1e-41  139.0   0.0   1   1   1.8e-42   8.6e-41  138.7   0.0     5   150     1   158     1   158 0.90 -
TRINITY_DN7259_c0_g1_i10:1407-1880 -            158 118421at7898         -            159   1.1e-40  138.3   0.0   1   1   2.8e-42   1.3e-40  138.1   0.0     5   150     1   158     1   158 0.90 -
TRINITY_DN7259_c0_g1_i3:1407-1880  -            158 118421at7898         -            159   1.1e-40  138.3   0.0   1   1   2.8e-42   1.3e-40  138.1   0.0     5   150     1   158     1   158 0.90 -
TRINITY_DN1000_c0_g1_i1:2650-3099  -            150 118421at7898         -            159   1.2e-39  135.0   0.1   1   1     3e-41   1.4e-39  134.7   0.1     5   121    16   136    13   143 0.92 -
TRINITY_DN9982_c0_g1_i5:650-1186   -            179 118421at7898         -            159   4.3e-39  133.2   0.3   1   1   1.2e-40   5.4e-39  132.8   0.3     5   154    15   176    12   179 0.89 -
TRINITY_DN9982_c0_g1_i2:650-1144   -            165 118421at7898         -            159   6.7e-39  132.5   0.4   1   1   1.7e-40     8e-39  132.3   0.4     6   154     2   162     1   165 0.89 -
TRINITY_DN9982_c0_g1_i3:106-600    -            165 118421at7898         -            159   6.7e-39  132.5   0.4   1   1   1.7e-40     8e-39  132.3   0.4     6   154     2   162     1   165 0.89 -
TRINITY_DN21421_c0_g1_i1:964-1437  -            158 118421at7898         -            159   1.4e-37  128.2   0.3   1   1   3.8e-39   1.8e-37  127.9   0.3     6   150     2   158     1   158 0.88 -
TRINITY_DN7297_c0_g1_i3:182-673    -            164 118421at7898         -            159   1.4e-36  125.0   0.1   1   1   3.7e-38   1.8e-36  124.7   0.1     6   154     1   162     1   164 0.87 -
TRINITY_DN9170_c0_g1_i4:336-869    -            178 118421at7898         -            159   2.7e-36  124.1   0.4   1   1   7.4e-38   3.5e-36  123.7   0.4     4   153    14   175    12   178 0.89 -
TRINITY_DN7297_c0_g1_i2:26-1762    -            579 118421at7898         -            159   4.7e-36  123.3   0.1   1   1     3e-37   1.4e-35  121.7   0.1     5   156   408   572   406   575 0.87 -
TRINITY_DN7297_c0_g1_i9:26-1762    -            579 118421at7898         -            159   4.7e-36  123.3   0.1   1   1     3e-37   1.4e-35  121.7   0.1     5   156   408   572   406   575 0.87 -
TRINITY_DN67452_c0_g1_i1:495-986   -            164 118421at7898         -            159   4.1e-33  113.7   0.0   1   1   1.4e-34   6.4e-33  113.1   0.0    10   148     2   157     1   163 0.83 -
TRINITY_DN49350_c0_g1_i1:49-552    -            168 118421at7898         -            159   5.3e-30  103.6   0.1   1   1   1.5e-31   7.2e-30  103.2   0.1     3   154     1   168     1   168 0.82 -
TRINITY_DN21087_c0_g1_i1:240-890   -            217 118421at7898         -            159   1.5e-29  102.1   0.0   1   1   6.5e-31   3.1e-29  101.1   0.0     3   156    19   193    17   195 0.81 -
TRINITY_DN13312_c0_g1_i2:808-1353  -            182 118421at7898         -            159   3.4e-29  101.0   0.0   1   1   1.1e-30   5.1e-29  100.4   0.0     7   155    14   180    10   182 0.84 -
TRINITY_DN13312_c0_g1_i3:808-1353  -            182 118421at7898         -            159   3.4e-29  101.0   0.0   1   1   1.1e-30   5.1e-29  100.4   0.0     7   155    14   180    10   182 0.84 -
TRINITY_DN13312_c0_g1_i5:781-1326  -            182 118421at7898         -            159   3.4e-29  101.0   0.0   1   1   1.1e-30   5.1e-29  100.4   0.0     7   155    14   180    10   182 0.84 -
TRINITY_DN9400_c0_g1_i2:510-1112   -            201 118421at7898         -            159   7.8e-29   99.8   0.3   1   1   4.2e-30     2e-28   98.5   0.3     5   155    16   188    13   192 0.80 -
TRINITY_DN9400_c0_g1_i4:510-1251   -            201 118421at7898         -            159   7.8e-29   99.8   0.3   1   1   4.2e-30     2e-28   98.5   0.3     5   155    16   188    13   192 0.80 -
TRINITY_DN9400_c0_g2_i1:520-1122   -            201 118421at7898         -            159   7.8e-29   99.8   0.3   1   1   4.2e-30     2e-28   98.5   0.3     5   155    16   188    13   192 0.80 -
TRINITY_DN9400_c0_g1_i6:510-1366   -            201 118421at7898         -            159   5.9e-28   97.0   0.3   1   1   3.1e-29   1.4e-27   95.7   0.3     5   155    16   188    13   192 0.80 -
TRINITY_DN13312_c0_g1_i7:776-1261  -            162 118421at7898         -            159   7.5e-26   90.1   0.0   1   1   2.2e-27   1.1e-25   89.6   0.0    14   155     1   160     1   162 0.84 -
TRINITY_DN5750_c0_g1_i2:812-1312   -            167 118421at7898         -            159   3.7e-25   87.9   0.0   1   1   1.1e-26   5.2e-25   87.4   0.0    11   154     3   164     1   167 0.81 -
TRINITY_DN5750_c0_g1_i3:792-1292   -            167 118421at7898         -            159   3.7e-25   87.9   0.0   1   1   1.1e-26   5.2e-25   87.4   0.0    11   154     3   164     1   167 0.81 -
TRINITY_DN5750_c0_g1_i4:792-1292   -            167 118421at7898         -            159   3.7e-25   87.9   0.0   1   1   1.1e-26   5.2e-25   87.4   0.0    11   154     3   164     1   167 0.81 -
TRINITY_DN1434_c0_g1_i10:297-809   -            171 118421at7898         -            159   3.5e-24   84.7   0.0   1   1   9.8e-26   4.6e-24   84.3   0.0     5   150    12   170    10   171 0.85 -
TRINITY_DN1434_c0_g1_i12:297-809   -            171 118421at7898         -            159   3.5e-24   84.7   0.0   1   1   9.8e-26   4.6e-24   84.3   0.0     5   150    12   170    10   171 0.85 -
TRINITY_DN1434_c1_g1_i1:177-641    -            155 118421at7898         -            159   4.8e-24   84.2   0.0   1   1   1.2e-25   5.5e-24   84.1   0.0     5   122     2   124     1   153 0.83 -
TRINITY_DN60013_c0_g1_i1:4-306     -            101 118421at7898         -            159   5.5e-24   84.1   0.1   1   1   1.2e-25   5.5e-24   84.1   0.1    49   122     9    83     1   101 0.89 -
TRINITY_DN1434_c0_g1_i16:297-809   -            171 118421at7898         -            159   7.2e-24   83.7   0.0   1   1     2e-25   9.3e-24   83.3   0.0     5   150    12   170    10   171 0.85 -
TRINITY_DN1434_c0_g1_i18:297-809   -            171 118421at7898         -            159   7.2e-24   83.7   0.0   1   1     2e-25   9.3e-24   83.3   0.0     5   150    12   170    10   171 0.85 -
TRINITY_DN1434_c0_g1_i29:297-809   -            171 118421at7898         -            159   7.2e-24   83.7   0.0   1   1     2e-25   9.3e-24   83.3   0.0     5   150    12   170    10   171 0.85 -
TRINITY_DN1434_c0_g1_i2:297-809    -            171 118421at7898         -            159   7.2e-24   83.7   0.0   1   1     2e-25   9.3e-24   83.3   0.0     5   150    12   170    10   171 0.85 -
TRINITY_DN9787_c1_g1_i1:1183-1755  -            191 118421at7898         -            159   1.1e-23   83.1   0.1   1   1   8.5e-25     4e-23   81.3   0.1     7   152    19   186    16   191 0.80 -
TRINITY_DN2360_c0_g1_i3:123-587    -            155 118421at7898         -            159   1.9e-23   82.3   0.0   1   1   4.5e-25   2.1e-23   82.2   0.0     5   123     2   125     1   153 0.84 -
TRINITY_DN2360_c0_g1_i4:138-602    -            155 118421at7898         -            159     6e-23   80.7   0.0   1   1   1.4e-24   6.5e-23   80.6   0.0     5   127     2   129     1   153 0.84 -
TRINITY_DN9170_c0_g1_i1:348-641    -             98 118421at7898         -            159     4e-21   74.8   0.1   1   1   9.9e-23   4.7e-21   74.6   0.1     4    85    14    98    12    98 0.91 -
TRINITY_DN14297_c0_g1_i1:133-564   -            144 118421at7898         -            159   1.7e-18   66.2   0.0   1   1   4.7e-20   2.2e-18   65.8   0.0     8   119    17   132    12   136 0.85 -
TRINITY_DN9787_c0_g1_i1:609-953    -            115 118421at7898         -            159   3.4e-17   62.0   0.0   1   1   1.2e-18   5.6e-17   61.3   0.0    53   154     1   112     1   115 0.82 -
TRINITY_DN9787_c0_g1_i2:610-954    -            115 118421at7898         -            159   3.4e-17   62.0   0.0   1   1   1.2e-18   5.6e-17   61.3   0.0    53   154     1   112     1   115 0.82 -
TRINITY_DN1989_c0_g1_i4:210-638    -            143 118421at7898         -            159   7.5e-17   60.9   0.0   1   1     2e-18   9.4e-17   60.6   0.0     8   118    17   131    12   138 0.84 -
TRINITY_DN1989_c0_g1_i7:210-638    -            143 118421at7898         -            159   7.5e-17   60.9   0.0   1   1     2e-18   9.4e-17   60.6   0.0     8   118    17   131    12   138 0.84 -
TRINITY_DN1989_c0_g1_i5:214-642    -            143 118421at7898         -            159   8.8e-17   60.7   0.0   1   1   2.3e-18   1.1e-16   60.4   0.0     8   118    17   131    12   138 0.84 -
TRINITY_DN1989_c0_g1_i10:214-642   -            143 118421at7898         -            159   9.7e-17   60.5   0.0   1   1   2.5e-18   1.2e-16   60.2   0.0     8   118    17   131    12   138 0.84 -
TRINITY_DN1989_c0_g1_i1:210-638    -            143 118421at7898         -            159   9.7e-17   60.5   0.0   1   1   2.5e-18   1.2e-16   60.2   0.0     8   118    17   131    12   138 0.84 -
TRINITY_DN1989_c0_g1_i2:214-642    -            143 118421at7898         -            159   9.7e-17   60.5   0.0   1   1   2.5e-18   1.2e-16   60.2   0.0     8   118    17   131    12   138 0.84 -
TRINITY_DN1989_c0_g1_i3:214-642    -            143 118421at7898         -            159   9.7e-17   60.5   0.0   1   1   2.5e-18   1.2e-16   60.2   0.0     8   118    17   131    12   138 0.84 -
TRINITY_DN33472_c0_g1_i2:20-316    -             99 118421at7898         -            159   2.6e-15   55.9   0.0   1   1   5.9e-17   2.8e-15   55.8   0.0     5    96     3    99     1    99 0.86 -
TRINITY_DN7225_c0_g1_i2:145-864    -            240 118421at7898         -            159     4e-15   55.3   0.0   1   1   1.6e-16   7.5e-15   54.4   0.0     7   119    72   187    66   199 0.81 -
TRINITY_DN7225_c0_g1_i1:166-909    -            248 118421at7898         -            159   6.3e-15   54.6   0.0   1   1     3e-16   1.4e-14   53.5   0.0     8   119    81   195    75   204 0.81 -
TRINITY_DN33708_c0_g1_i1:84-389    -            102 118421at7898         -            159     8e-15   54.3   0.0   1   1   1.9e-16   8.7e-15   54.2   0.0     7   103     1   102     1   102 0.86 -
TRINITY_DN27548_c0_g1_i1:32-841    -            270 118421at7898         -            159   4.1e-12   45.5   0.5   1   2   3.9e-08   1.8e-06   27.1   0.1     6    82    39   123    35   135 0.81 -
TRINITY_DN27548_c0_g1_i1:32-841    -            270 118421at7898         -            159   4.1e-12   45.5   0.5   2   2   6.1e-05    0.0029   16.7   0.1    48   121   138   211   132   254 0.72 -
TRINITY_DN1040_c0_g1_i12:571-1071  -            167 118421at7898         -            159   5.1e-11   41.9   0.1   1   1   1.3e-12   6.1e-11   41.7   0.1     8   116     5   121     2   153 0.87 -
TRINITY_DN1040_c0_g1_i14:565-1065  -            167 118421at7898         -            159   5.1e-11   41.9   0.1   1   1   1.3e-12   6.1e-11   41.7   0.1     8   116     5   121     2   153 0.87 -
TRINITY_DN1040_c0_g1_i19:565-1065  -            167 118421at7898         -            159   5.1e-11   41.9   0.1   1   1   1.3e-12   6.1e-11   41.7   0.1     8   116     5   121     2   153 0.87 -
TRINITY_DN1040_c0_g1_i5:565-1065   -            167 118421at7898         -            159   5.1e-11   41.9   0.1   1   1   1.3e-12   6.1e-11   41.7   0.1     8   116     5   121     2   153 0.87 -
TRINITY_DN1040_c0_g1_i6:565-1065   -            167 118421at7898         -            159   5.1e-11   41.9   0.1   1   1   1.3e-12   6.1e-11   41.7   0.1     8   116     5   121     2   153 0.87 -
TRINITY_DN580_c0_g2_i1:194-499     -            102 118421at7898         -            159     1e-09   37.7   0.0   1   1   2.7e-11   1.3e-09   37.4   0.0    65   143     1    88     1    99 0.86 -
TRINITY_DN436_c0_g1_i5:58-630      -            191 118421at7898         -            159   1.2e-09   37.4   0.2   1   1   3.2e-11   1.5e-09   37.2   0.2     8   116     5   121     2   168 0.86 -
TRINITY_DN14008_c0_g1_i1:567-1070  -            168 118421at7898         -            159   2.1e-09   36.7   0.2   1   1     6e-11   2.8e-09   36.3   0.2     8   116     5   121     2   135 0.83 -
TRINITY_DN436_c0_g1_i2:58-627      -            190 118421at7898         -            159   2.3e-09   36.5   0.1   1   1     6e-11   2.8e-09   36.3   0.1     8   116     5   121     2   168 0.83 -
TRINITY_DN30543_c0_g1_i1:462-1100  -            213 118421at7898         -            159   2.8e-09   36.3   0.0   1   1   8.6e-11     4e-09   35.8   0.0     6   110     4   117     2   142 0.85 -
TRINITY_DN39974_c0_g2_i1:229-711   -            161 118421at7898         -            159   4.3e-09   35.7   0.1   1   1   1.2e-10   5.4e-09   35.3   0.1     5   146     2   156     1   161 0.73 -
TRINITY_DN39974_c0_g2_i3:837-1319  -            161 118421at7898         -            159   4.3e-09   35.7   0.1   1   1   1.2e-10   5.4e-09   35.3   0.1     5   146     2   156     1   161 0.73 -
TRINITY_DN4616_c0_g1_i4:710-1189   -            160 118421at7898         -            159   6.4e-09   35.1   0.1   1   1   1.9e-10   8.7e-09   34.7   0.1     8   143     8   156     4   159 0.70 -
TRINITY_DN4616_c0_g1_i6:1228-1707  -            160 118421at7898         -            159   6.4e-09   35.1   0.1   1   1   1.9e-10   8.7e-09   34.7   0.1     8   143     8   156     4   159 0.70 -
TRINITY_DN4616_c0_g1_i2:1228-1698  -            157 118421at7898         -            159   6.5e-09   35.1   0.1   1   1   1.9e-10   9.1e-09   34.6   0.1     9   143     6   153     3   156 0.70 -
TRINITY_DN4616_c0_g1_i9:79-627     -            183 118421at7898         -            159   7.4e-09   34.9   0.1   1   1   2.1e-10   9.7e-09   34.5   0.1     8   144     8   157     4   172 0.71 -
TRINITY_DN7565_c0_g1_i6:183-689    -            169 118421at7898         -            159   1.1e-08   34.4   0.0   1   1   3.9e-10   1.8e-08   33.6   0.0    10   123     4   129     1   168 0.69 -
TRINITY_DN1727_c2_g1_i1:17-514     -            166 118421at7898         -            159   1.2e-08   34.3   0.2   1   1   3.2e-10   1.5e-08   33.9   0.2     7   116     6   123     2   137 0.74 -
TRINITY_DN1727_c2_g3_i1:286-783    -            166 118421at7898         -            159   1.3e-08   34.1   0.2   1   1   3.4e-10   1.6e-08   33.8   0.2     7   116     6   123     2   137 0.74 -
TRINITY_DN1727_c2_g3_i2:279-776    -            166 118421at7898         -            159   1.3e-08   34.1   0.2   1   1   3.4e-10   1.6e-08   33.8   0.2     7   116     6   123     2   137 0.74 -
TRINITY_DN6243_c0_g1_i3:156-659    -            168 118421at7898         -            159   1.3e-08   34.1   0.1   1   1   3.4e-10   1.6e-08   33.8   0.1     8   117     5   122     2   147 0.76 -
TRINITY_DN6243_c0_g1_i5:156-659    -            168 118421at7898         -            159   1.3e-08   34.1   0.1   1   1   3.4e-10   1.6e-08   33.8   0.1     8   117     5   122     2   147 0.76 -
TRINITY_DN6243_c0_g1_i10:155-658   -            168 118421at7898         -            159   1.8e-08   33.6   0.2   1   1   5.1e-10   2.4e-08   33.2   0.2     8   116     5   121     2   136 0.74 -
TRINITY_DN6243_c0_g1_i7:155-658    -            168 118421at7898         -            159   1.8e-08   33.6   0.2   1   1   5.1e-10   2.4e-08   33.2   0.2     8   116     5   121     2   136 0.74 -
TRINITY_DN1138_c0_g1_i7:435-977    -            181 118421at7898         -            159   1.8e-08   33.6   0.2   1   1     5e-10   2.3e-08   33.3   0.2     7   116    17   134    12   150 0.75 -
TRINITY_DN1138_c0_g1_i3:1077-1619  -            181 118421at7898         -            159   1.8e-08   33.6   0.2   1   1   5.1e-10   2.4e-08   33.2   0.2     7   116    17   134    12   148 0.74 -
TRINITY_DN1138_c0_g1_i4:1077-1619  -            181 118421at7898         -            159   1.8e-08   33.6   0.2   1   1   5.1e-10   2.4e-08   33.2   0.2     7   116    17   134    12   148 0.74 -
TRINITY_DN1138_c0_g1_i5:1077-1619  -            181 118421at7898         -            159   1.8e-08   33.6   0.2   1   1   5.1e-10   2.4e-08   33.2   0.2     7   116    17   134    12   148 0.74 -
TRINITY_DN6600_c3_g2_i1:922-1470   -            183 118421at7898         -            159   2.1e-08   33.4   0.1   1   1   5.3e-10   2.5e-08   33.2   0.1     3   132     9   150     7   182 0.76 -
TRINITY_DN2326_c0_g3_i2:1458-1961  -            168 118421at7898         -            159   2.3e-08   33.3   0.1   1   1   6.9e-10   3.2e-08   32.8   0.1     8   115     5   120     2   129 0.78 -
TRINITY_DN2326_c0_g3_i8:418-921    -            168 118421at7898         -            159   2.3e-08   33.3   0.1   1   1   6.9e-10   3.2e-08   32.8   0.1     8   115     5   120     2   129 0.78 -
TRINITY_DN1040_c0_g1_i20:109-639   -            177 118421at7898         -            159   4.4e-08   32.4   0.3   1   1   1.4e-08   6.6e-07   28.6   0.3    38   116    53   131     2   162 0.83 -
TRINITY_DN6298_c0_g1_i2:245-763    -            173 118421at7898         -            159   4.6e-08   32.3   0.2   1   1   1.6e-09   7.7e-08   31.6   0.1     7    95     6   103     3   135 0.70 -
TRINITY_DN6298_c0_g1_i1:268-774    -            169 118421at7898         -            159   4.7e-08   32.3   0.1   1   1   1.3e-09   6.1e-08   31.9   0.1     7   116     6   122     3   146 0.71 -
TRINITY_DN6298_c0_g1_i4:245-751    -            169 118421at7898         -            159   4.7e-08   32.3   0.1   1   1   1.3e-09   6.1e-08   31.9   0.1     7   116     6   122     3   146 0.71 -
TRINITY_DN13166_c0_g2_i1:111-374   -             88 118421at7898         -            159   5.1e-08   32.2   0.0   1   1   1.3e-09     6e-08   31.9   0.0     8    72    20    87    15    88 0.76 -
TRINITY_DN9832_c0_g1_i1:1124-1645  -            174 118421at7898         -            159   5.5e-08   32.1   0.1   1   1   1.5e-09   7.1e-08   31.7   0.1     8   121     8   130     4   168 0.77 -
TRINITY_DN1097_c0_g2_i1:2189-2668  -            160 118421at7898         -            159   6.9e-08   31.7   0.0   1   1   2.1e-09   9.7e-08   31.3   0.0     8   143     8   156     4   159 0.69 -
TRINITY_DN2329_c0_g1_i10:168-665   -            166 118421at7898         -            159   1.2e-07   31.0   0.0   1   1   3.2e-09   1.5e-07   30.7   0.0    10   117     8   123     4   158 0.69 -
TRINITY_DN2329_c0_g1_i11:168-665   -            166 118421at7898         -            159   1.2e-07   31.0   0.0   1   1   3.2e-09   1.5e-07   30.7   0.0    10   117     8   123     4   158 0.69 -
TRINITY_DN2329_c0_g1_i15:168-665   -            166 118421at7898         -            159   1.2e-07   31.0   0.0   1   1   3.2e-09   1.5e-07   30.7   0.0    10   117     8   123     4   158 0.69 -
TRINITY_DN2329_c0_g1_i18:168-665   -            166 118421at7898         -            159   1.2e-07   31.0   0.0   1   1   3.2e-09   1.5e-07   30.7   0.0    10   117     8   123     4   158 0.69 -
TRINITY_DN2329_c0_g1_i19:168-665   -            166 118421at7898         -            159   1.2e-07   31.0   0.0   1   1   3.2e-09   1.5e-07   30.7   0.0    10   117     8   123     4   158 0.69 -
TRINITY_DN2329_c0_g1_i20:168-665   -            166 118421at7898         -            159   1.2e-07   31.0   0.0   1   1   3.2e-09   1.5e-07   30.7   0.0    10   117     8   123     4   158 0.69 -
TRINITY_DN2329_c0_g1_i6:168-665    -            166 118421at7898         -            159   1.2e-07   31.0   0.0   1   1   3.2e-09   1.5e-07   30.7   0.0    10   117     8   123     4   158 0.69 -
TRINITY_DN436_c0_g1_i4:506-1051    -            182 118421at7898         -            159   1.5e-07   30.7   0.1   1   1     4e-09   1.9e-07   30.3   0.1     7    92    10   104     4   146 0.76 -
TRINITY_DN436_c0_g1_i6:506-1051    -            182 118421at7898         -            159   1.5e-07   30.7   0.1   1   1     4e-09   1.9e-07   30.3   0.1     7    92    10   104     4   146 0.76 -
TRINITY_DN60935_c0_g1_i1:36-632    -            199 118421at7898         -            159   1.6e-07   30.6   0.1   1   1   4.8e-09   2.2e-07   30.1   0.1     8   115     8   124     4   144 0.83 -
TRINITY_DN16903_c0_g1_i2:283-651   -            123 118421at7898         -            159   1.6e-07   30.5   0.0   1   1   3.8e-09   1.8e-07   30.4   0.0     5   114     4   121     1   123 0.83 -
TRINITY_DN1120_c1_g1_i1:666-1184   -            173 118421at7898         -            159   2.2e-07   30.1   0.1   1   1   5.1e-09   2.4e-07   30.0   0.1     7   117     4   122     1   161 0.87 -
TRINITY_DN39974_c0_g2_i2:380-925   -            182 118421at7898         -            159   2.6e-07   29.9   0.0   1   1   6.9e-09   3.2e-07   29.6   0.0     5   144     2   154     1   165 0.69 -
TRINITY_DN52876_c0_g1_i1:522-1037  -            172 118421at7898         -            159   2.7e-07   29.8   0.0   1   1   6.6e-09   3.1e-07   29.6   0.0     8   116     3   119     1   170 0.77 -
TRINITY_DN5021_c2_g1_i1:492-998    -            169 118421at7898         -            159     3e-07   29.7   0.0   1   1   8.6e-09   4.1e-07   29.2   0.0     8   116     8   124     4   136 0.77 -
TRINITY_DN16008_c0_g1_i2:785-1291  -            169 118421at7898         -            159     3e-07   29.7   0.1   1   1   7.6e-09   3.6e-07   29.4   0.1     8    84     8    92     4   169 0.70 -
TRINITY_DN35211_c0_g2_i1:192-824   -            211 118421at7898         -            159   3.3e-07   29.5   0.0   1   1   9.5e-09   4.4e-07   29.1   0.0     6   115     4   123     2   152 0.77 -
TRINITY_DN2426_c0_g2_i1:1593-2099  -            169 118421at7898         -            159   4.3e-07   29.2   0.0   1   1   1.2e-08   5.7e-07   28.8   0.0    10   143     8   154     4   163 0.67 -
TRINITY_DN2426_c0_g2_i2:833-1339   -            169 118421at7898         -            159   4.3e-07   29.2   0.0   1   1   1.2e-08   5.7e-07   28.8   0.0    10   143     8   154     4   163 0.67 -
TRINITY_DN2441_c0_g1_i1:105-614    -            170 118421at7898         -            159   8.4e-07   28.2   0.1   1   1   2.1e-08     1e-06   28.0   0.1     7   143     9   158     5   170 0.64 -
TRINITY_DN2441_c0_g1_i2:113-622    -            170 118421at7898         -            159   8.4e-07   28.2   0.1   1   1   2.1e-08     1e-06   28.0   0.1     7   143     9   158     5   170 0.64 -
TRINITY_DN11294_c0_g1_i1:555-1061  -            169 118421at7898         -            159   9.9e-07   28.0   0.0   1   1   2.9e-08   1.4e-06   27.6   0.0     8   117     8   125     4   137 0.74 -
TRINITY_DN11294_c0_g1_i2:555-1061  -            169 118421at7898         -            159   9.9e-07   28.0   0.0   1   1   2.9e-08   1.4e-06   27.6   0.0     8   117     8   125     4   137 0.74 -
TRINITY_DN260_c0_g2_i13:3533-4039  -            169 118421at7898         -            159   1.1e-06   27.8   0.1   1   1   4.6e-08   2.2e-06   26.9   0.1     9   149     3   157     1   164 0.71 -
TRINITY_DN260_c0_g2_i21:3551-4057  -            169 118421at7898         -            159   1.1e-06   27.8   0.1   1   1   4.6e-08   2.2e-06   26.9   0.1     9   149     3   157     1   164 0.71 -
TRINITY_DN1932_c0_g1_i11:193-702   -            170 118421at7898         -            159   1.3e-06   27.6   0.1   1   1   3.3e-08   1.6e-06   27.4   0.1     5   117     2   122     1   160 0.79 -
TRINITY_DN1932_c0_g1_i12:193-702   -            170 118421at7898         -            159   1.3e-06   27.6   0.1   1   1   3.3e-08   1.6e-06   27.4   0.1     5   117     2   122     1   160 0.79 -
TRINITY_DN1932_c0_g1_i4:193-702    -            170 118421at7898         -            159   1.3e-06   27.6   0.1   1   1   3.4e-08   1.6e-06   27.3   0.1     5   117     2   122     1   160 0.79 -
TRINITY_DN1932_c0_g1_i5:193-702    -            170 118421at7898         -            159   1.3e-06   27.6   0.1   1   1   3.4e-08   1.6e-06   27.3   0.1     5   117     2   122     1   160 0.79 -
TRINITY_DN5931_c0_g1_i1:142-723    -            194 118421at7898         -            159   1.3e-06   27.6   0.0   1   1   3.3e-08   1.6e-06   27.3   0.0     5   116     4   123     2   166 0.74 -
TRINITY_DN36324_c0_g2_i1:879-1289  -            137 118421at7898         -            159   1.9e-06   27.1   0.0   1   1     5e-08   2.3e-06   26.8   0.0    46   143    20   122     3   130 0.73 -
TRINITY_DN2916_c0_g1_i1:1531-2019  -            163 118421at7898         -            159   2.4e-06   26.7   0.1   1   1   5.5e-08   2.6e-06   26.6   0.1     8    85     2    87     1   163 0.69 -
TRINITY_DN2916_c0_g1_i3:1531-2019  -            163 118421at7898         -            159   2.4e-06   26.7   0.1   1   1   5.5e-08   2.6e-06   26.6   0.1     8    85     2    87     1   163 0.69 -
TRINITY_DN2916_c0_g1_i4:1506-1994  -            163 118421at7898         -            159   2.4e-06   26.7   0.1   1   1   5.5e-08   2.6e-06   26.6   0.1     8    85     2    87     1   163 0.69 -
TRINITY_DN2916_c0_g1_i6:1525-2013  -            163 118421at7898         -            159   2.4e-06   26.7   0.1   1   1   5.5e-08   2.6e-06   26.6   0.1     8    85     2    87     1   163 0.69 -
TRINITY_DN5931_c0_g1_i2:187-768    -            194 118421at7898         -            159   2.4e-06   26.7   0.0   1   1   6.1e-08   2.9e-06   26.5   0.0     5   116     4   123     2   166 0.74 -
TRINITY_DN1599_c0_g1_i5:3294-3767  -            158 118421at7898         -            159   2.6e-06   26.7   0.1   1   1   6.3e-08     3e-06   26.4   0.1     5   124     2   130     1   156 0.74 -
TRINITY_DN1599_c0_g1_i13:320-700   -            127 118421at7898         -            159   2.8e-06   26.5   0.1   1   1   7.5e-08   3.5e-06   26.2   0.1     5   116     5   124     2   126 0.80 -
TRINITY_DN1599_c0_g1_i3:1575-2135  -            187 118421at7898         -            159   2.9e-06   26.5   0.1   1   1     8e-08   3.8e-06   26.1   0.1     5   118     2   123     1   162 0.74 -
TRINITY_DN17605_c0_g1_i1:383-913   -            177 118421at7898         -            159   3.1e-06   26.4   0.0   1   1   8.7e-08   4.1e-06   26.0   0.0     8    84     2    87     1   127 0.76 -
TRINITY_DN2916_c0_g1_i5:514-924    -            137 118421at7898         -            159   3.2e-06   26.4   0.1   1   1   7.6e-08   3.6e-06   26.2   0.1     8    84     2    86     1   120 0.79 -
TRINITY_DN4890_c0_g1_i13:0-413     -            138 118421at7898         -            159   3.2e-06   26.3   0.1   1   1   8.8e-08   4.1e-06   26.0   0.1     8   115    13   128     5   134 0.78 -
TRINITY_DN4890_c0_g1_i7:0-413      -            138 118421at7898         -            159   3.4e-06   26.2   0.1   1   1   9.1e-08   4.3e-06   25.9   0.1     8   115    13   128     6   134 0.78 -
TRINITY_DN358_c0_g1_i10:213-680    -            156 118421at7898         -            159   3.4e-06   26.2   0.1   1   1   8.1e-08   3.8e-06   26.1   0.1     9   135     2   137     1   151 0.72 -
TRINITY_DN358_c0_g1_i13:213-680    -            156 118421at7898         -            159   3.4e-06   26.2   0.1   1   1   8.1e-08   3.8e-06   26.1   0.1     9   135     2   137     1   151 0.72 -
TRINITY_DN1599_c0_g1_i8:191-751    -            187 118421at7898         -            159   3.8e-06   26.1   0.1   1   1     1e-07   4.7e-06   25.8   0.1     5   124     2   130     1   162 0.74 -
TRINITY_DN358_c0_g1_i19:474-953    -            160 118421at7898         -            159   3.8e-06   26.1   0.1   1   1   8.4e-08   3.9e-06   26.0   0.1     9   150     2   152     1   160 0.69 -
TRINITY_DN1599_c0_g1_i10:1759-2319 -            187 118421at7898         -            159   4.5e-06   25.8   0.1   1   1   1.3e-07   5.9e-06   25.5   0.1     5   118     2   123     1   162 0.73 -
TRINITY_DN1599_c0_g1_i14:1759-2319 -            187 118421at7898         -            159   4.5e-06   25.8   0.1   1   1   1.3e-07   5.9e-06   25.5   0.1     5   118     2   123     1   162 0.73 -
TRINITY_DN16903_c0_g1_i1:214-564   -            117 118421at7898         -            159     5e-06   25.7   0.0   1   1   1.2e-07   5.5e-06   25.6   0.0    10   114     3   115     1   117 0.81 -
TRINITY_DN1040_c0_g1_i21:85-651    -            189 118421at7898         -            159   5.1e-06   25.7   0.1   1   1   1.7e-06   7.9e-05   21.8   0.1    30   152    53   181     8   187 0.73 -
TRINITY_DN260_c0_g2_i14:1799-2251  -            151 118421at7898         -            159   5.1e-06   25.7   0.1   1   1     2e-07   9.5e-06   24.8   0.1     9   142     3   150     1   151 0.68 -
TRINITY_DN260_c0_g2_i2:3533-3985   -            151 118421at7898         -            159   5.1e-06   25.7   0.1   1   1     2e-07   9.5e-06   24.8   0.1     9   142     3   150     1   151 0.68 -
TRINITY_DN260_c0_g2_i3:3509-3961   -            151 118421at7898         -            159   5.1e-06   25.7   0.1   1   1     2e-07   9.5e-06   24.8   0.1     9   142     3   150     1   151 0.68 -
TRINITY_DN1040_c0_g1_i2:90-653     -            188 118421at7898         -            159   5.2e-06   25.7   0.1   1   1   1.7e-06     8e-05   21.8   0.1    31   152    53   180     7   186 0.71 -
TRINITY_DN4890_c0_g1_i21:0-413     -            138 118421at7898         -            159   5.6e-06   25.6   0.1   1   1   1.5e-07     7e-06   25.2   0.1     8   115    13   128     6   134 0.77 -
TRINITY_DN28574_c0_g1_i1:3-257     -             85 118421at7898         -            159   5.8e-06   25.5   0.1   1   1   1.4e-07   6.5e-06   25.3   0.1    39    87    24    72     7    82 0.82 -
TRINITY_DN4890_c0_g1_i9:0-413      -            138 118421at7898         -            159   5.8e-06   25.5   0.1   1   1   1.6e-07   7.3e-06   25.2   0.1     8   115    13   128     6   134 0.77 -
TRINITY_DN358_c0_g1_i15:756-1229   -            158 118421at7898         -            159   5.8e-06   25.5   0.1   1   1   1.3e-07     6e-06   25.5   0.1     9   116     2   117     1   157 0.72 -
TRINITY_DN3735_c0_g1_i12:154-801   -            216 118421at7898         -            159   7.5e-06   25.1   0.1   1   1     2e-07   9.3e-06   24.8   0.1     8   142    13   160     6   177 0.70 -
TRINITY_DN13166_c0_g1_i1:304-612   -            103 118421at7898         -            159   9.2e-06   24.8   0.0   1   1   3.1e-07   1.4e-05   24.2   0.0    72   119     1    49     1    76 0.87 -
TRINITY_DN2569_c1_g1_i4:755-1279   -            175 118421at7898         -            159     1e-05   24.7   0.0   1   1   3.4e-07   1.6e-05   24.1   0.0    11   142     4   151     1   159 0.71 -
TRINITY_DN3735_c0_g1_i1:154-801    -            216 118421at7898         -            159   1.1e-05   24.6   0.1   1   1   2.9e-07   1.4e-05   24.3   0.1     8   142    13   160     6   177 0.70 -
TRINITY_DN3735_c0_g1_i5:154-801    -            216 118421at7898         -            159   1.1e-05   24.6   0.1   1   1   2.9e-07   1.4e-05   24.3   0.1     8   142    13   160     6   177 0.70 -
TRINITY_DN14110_c0_g2_i1:224-628   -            135 118421at7898         -            159   1.1e-05   24.5   0.1   1   1     3e-07   1.4e-05   24.2   0.1     2    79     9    95     8   107 0.80 -
TRINITY_DN3735_c0_g1_i2:154-801    -            216 118421at7898         -            159   1.6e-05   24.1   0.1   1   1   4.1e-07   1.9e-05   23.8   0.1     8   116    13   129     6   175 0.75 -
TRINITY_DN3735_c0_g1_i7:154-801    -            216 118421at7898         -            159   1.6e-05   24.1   0.1   1   1   4.1e-07   1.9e-05   23.8   0.1     8   116    13   129     6   175 0.75 -
TRINITY_DN3735_c0_g1_i13:154-801   -            216 118421at7898         -            159   2.3e-05   23.6   0.1   1   1     6e-07   2.8e-05   23.3   0.1     8   116    13   129     6   175 0.75 -
TRINITY_DN3735_c0_g1_i6:154-801    -            216 118421at7898         -            159   2.3e-05   23.6   0.1   1   1     6e-07   2.8e-05   23.3   0.1     8   116    13   129     6   175 0.75 -
TRINITY_DN4890_c0_g1_i6:2-385      -            128 118421at7898         -            159   2.3e-05   23.5   0.1   1   1   5.7e-07   2.7e-05   23.3   0.1     8   115    13   128     6   128 0.73 -
TRINITY_DN4890_c0_g1_i19:2-385     -            128 118421at7898         -            159   2.4e-05   23.5   0.1   1   1     6e-07   2.8e-05   23.3   0.1     8   115    13   128     6   128 0.73 -
TRINITY_DN4951_c0_g1_i14:219-677   -            153 118421at7898         -            159     3e-05   23.2   0.0   1   1     7e-07   3.3e-05   23.0   0.0    10   139     3   146     1   152 0.70 -
TRINITY_DN4951_c0_g1_i1:49-507     -            153 118421at7898         -            159     3e-05   23.2   0.0   1   1     7e-07   3.3e-05   23.0   0.0    10   139     3   146     1   152 0.70 -
TRINITY_DN4951_c0_g1_i2:219-677    -            153 118421at7898         -            159     3e-05   23.2   0.0   1   1     7e-07   3.3e-05   23.0   0.0    10   139     3   146     1   152 0.70 -
TRINITY_DN4951_c0_g1_i8:219-677    -            153 118421at7898         -            159     3e-05   23.2   0.0   1   1     7e-07   3.3e-05   23.0   0.0    10   139     3   146     1   152 0.70 -
TRINITY_DN4951_c0_g1_i9:257-715    -            153 118421at7898         -            159     3e-05   23.2   0.0   1   1     7e-07   3.3e-05   23.0   0.0    10   139     3   146     1   152 0.70 -
TRINITY_DN4951_c0_g1_i15:219-677   -            153 118421at7898         -            159   3.6e-05   22.9   0.0   1   1   8.5e-07     4e-05   22.8   0.0    10   139     3   146     1   152 0.70 -
TRINITY_DN4890_c0_g1_i18:2-385     -            128 118421at7898         -            159   3.9e-05   22.8   0.1   1   1   9.5e-07   4.5e-05   22.6   0.1     8   115    13   128     6   128 0.73 -
TRINITY_DN790_c0_g1_i2:293-811     -            173 118421at7898         -            159   4.1e-05   22.7   0.0   1   1   1.1e-06   5.2e-05   22.4   0.0     5   116     7   126     4   143 0.79 -
TRINITY_DN790_c0_g1_i3:293-811     -            173 118421at7898         -            159   4.1e-05   22.7   0.0   1   1   1.1e-06   5.2e-05   22.4   0.0     5   116     7   126     4   143 0.79 -
TRINITY_DN1040_c0_g1_i16:90-653    -            188 118421at7898         -            159   4.5e-05   22.6   0.1   1   1   1.4e-05   0.00066   18.8   0.1    31   116    53   139     7   186 0.71 -
TRINITY_DN4951_c0_g1_i13:257-715   -            153 118421at7898         -            159   5.4e-05   22.3   0.0   1   1   1.3e-06   6.1e-05   22.2   0.0    10   139     3   146     1   152 0.68 -
TRINITY_DN4890_c0_g1_i17:0-308     -            103 118421at7898         -            159   0.00014   21.0   0.0   1   1   3.5e-06   0.00016   20.8   0.0     8    84    13    97     4   102 0.75 -
TRINITY_DN4890_c0_g1_i14:0-353     -            118 118421at7898         -            159   0.00024   20.2   0.0   1   1   6.2e-06   0.00029   20.0   0.0     8    89    13   103     6   114 0.72 -
TRINITY_DN15267_c0_g1_i4:230-853   -            208 118421at7898         -            159   0.00034   19.8   0.0   1   1   9.4e-06   0.00044   19.4   0.0     8   117    11   128     7   174 0.72 -
TRINITY_DN15267_c0_g1_i1:196-825   -            210 118421at7898         -            159   0.00034   19.7   0.0   1   1   9.7e-06   0.00046   19.3   0.0     8   117    13   130     9   176 0.72 -
TRINITY_DN15267_c0_g1_i6:196-825   -            210 118421at7898         -            159   0.00034   19.7   0.0   1   1   9.7e-06   0.00046   19.3   0.0     8   117    13   130     9   176 0.72 -
TRINITY_DN15267_c0_g1_i3:196-825   -            210 118421at7898         -            159   0.00035   19.7   0.0   1   1   9.7e-06   0.00046   19.3   0.0     8   117    13   130     9   176 0.72 -
TRINITY_DN4951_c0_g1_i16:257-715   -            153 118421at7898         -            159   0.00035   19.7   0.0   1   1   8.2e-06   0.00038   19.6   0.0    10   139     3   146     1   152 0.66 -
TRINITY_DN4951_c0_g1_i4:257-715    -            153 118421at7898         -            159   0.00035   19.7   0.0   1   1   8.2e-06   0.00038   19.6   0.0    10   139     3   146     1   152 0.66 -
TRINITY_DN18056_c0_g1_i5:43-504    -            125 118421at7898         -            159   0.00036   19.7   0.0   1   1   9.5e-06   0.00045   19.4   0.0     4    83    19   106    16   120 0.84 -
TRINITY_DN18056_c0_g1_i1:0-374     -            125 118421at7898         -            159   0.00039   19.6   0.0   1   1   9.9e-06   0.00047   19.3   0.0     4    83    19   106    16   122 0.82 -
TRINITY_DN26424_c0_g2_i1:691-1092  -            134 118421at7898         -            159   0.00042   19.5   0.3   1   1   5.4e-05    0.0026   16.9   0.3     5   115     1   134     1   134 0.56 -
TRINITY_DN2161_c0_g1_i2:498-857    -            120 118421at7898         -            159    0.0005   19.2   0.0   1   1   1.3e-05   0.00061   18.9   0.0    48    83     3    38     1    87 0.75 -
TRINITY_DN2161_c0_g1_i1:366-725    -            120 118421at7898         -            159   0.00051   19.2   0.0   1   1   1.4e-05   0.00064   18.9   0.0    48    83     3    38     1    86 0.76 -
TRINITY_DN8251_c1_g1_i3:137-418    -             94 118421at7898         -            159   0.00052   19.2   0.0   1   1   1.1e-05   0.00052   19.1   0.0    39    81     9    49     2    94 0.72 -
TRINITY_DN12377_c1_g2_i1:1124-1654 -            177 118421at7898         -            159   0.00052   19.2   0.1   1   1   1.4e-05   0.00065   18.8   0.1     8   117     9   126     5   172 0.71 -
TRINITY_DN7058_c1_g1_i2:1063-1701  -            213 118421at7898         -            159   0.00053   19.1   0.1   1   1   1.8e-05   0.00086   18.4   0.1     3    81    10    97     8   138 0.73 -
TRINITY_DN7058_c1_g1_i3:1082-1720  -            213 118421at7898         -            159   0.00053   19.1   0.1   1   1   1.8e-05   0.00086   18.4   0.1     3    81    10    97     8   138 0.73 -
TRINITY_DN7058_c1_g1_i5:1173-1811  -            213 118421at7898         -            159   0.00053   19.1   0.1   1   1   1.8e-05   0.00086   18.4   0.1     3    81    10    97     8   138 0.73 -
TRINITY_DN13780_c0_g1_i1:856-1530  -            225 118421at7898         -            159   0.00055   19.1   0.1   1   1     6e-05    0.0028   16.8   0.1    48   157    71   186     8   188 0.82 -
TRINITY_DN13780_c0_g1_i2:688-1362  -            225 118421at7898         -            159   0.00055   19.1   0.1   1   1     6e-05    0.0028   16.8   0.1    48   157    71   186     8   188 0.82 -
TRINITY_DN13780_c0_g1_i4:750-1424  -            225 118421at7898         -            159   0.00055   19.1   0.1   1   1     6e-05    0.0028   16.8   0.1    48   157    71   186     8   188 0.82 -
TRINITY_DN7058_c1_g1_i1:120-758    -            213 118421at7898         -            159   0.00064   18.9   0.1   1   1   2.2e-05     0.001   18.2   0.1     3    81    10    97     8   138 0.73 -
TRINITY_DN8251_c1_g1_i1:137-418    -             94 118421at7898         -            159   0.00065   18.8   0.0   1   1   1.4e-05   0.00065   18.8   0.0    39    80     9    48     2    94 0.75 -
TRINITY_DN8251_c1_g1_i2:137-418    -             94 118421at7898         -            159   0.00065   18.8   0.0   1   1   1.4e-05   0.00065   18.8   0.0    39    80     9    48     2    94 0.75 -
TRINITY_DN8251_c1_g1_i4:137-418    -             94 118421at7898         -            159   0.00065   18.8   0.0   1   1   1.4e-05   0.00065   18.8   0.0    39    80     9    48     2    94 0.75 -
TRINITY_DN12377_c1_g4_i1:1799-2329 -            177 118421at7898         -            159   0.00074   18.7   0.1   1   1     2e-05   0.00095   18.3   0.1     8   117     9   126     5   172 0.71 -
TRINITY_DN3426_c1_g1_i1:596-1159   -            188 118421at7898         -            159   0.00097   18.3   0.0   1   1   2.9e-05    0.0014   17.8   0.0     7    84     5    90     2   120 0.78 -
TRINITY_DN3426_c1_g1_i2:596-1159   -            188 118421at7898         -            159   0.00097   18.3   0.0   1   1   2.9e-05    0.0014   17.8   0.0     7    84     5    90     2   120 0.78 -
TRINITY_DN18598_c0_g2_i3:519-1088  -            190 118421at7898         -            159    0.0011   18.1   0.0   1   1   3.2e-05    0.0015   17.6   0.0     7    87    12   100     6   128 0.79 -
TRINITY_DN18598_c0_g2_i4:519-1088  -            190 118421at7898         -            159    0.0011   18.1   0.0   1   1   3.2e-05    0.0015   17.6   0.0     7    87    12   100     6   128 0.79 -
TRINITY_DN18598_c0_g2_i1:519-1088  -            190 118421at7898         -            159    0.0011   18.1   0.0   1   1   3.2e-05    0.0015   17.6   0.0     7    87    12   100     6   128 0.79 -
TRINITY_DN5924_c1_g1_i1:115-615    -            167 118421at7898         -            159    0.0011   18.0   0.0   1   1   3.1e-05    0.0015   17.7   0.0     6    84     8    94     4   145 0.81 -
TRINITY_DN5924_c1_g1_i2:134-634    -            167 118421at7898         -            159    0.0011   18.0   0.0   1   1   3.1e-05    0.0015   17.7   0.0     6    84     8    94     4   145 0.81 -
TRINITY_DN5924_c1_g1_i3:209-709    -            167 118421at7898         -            159    0.0011   18.0   0.0   1   1   3.1e-05    0.0015   17.7   0.0     6    84     8    94     4   145 0.81 -
TRINITY_DN18093_c0_g2_i5:134-718   -            195 118421at7898         -            159    0.0012   17.9   0.0   1   1   3.5e-05    0.0017   17.5   0.0     8   131     3   136     1   141 0.74 -
TRINITY_DN5924_c0_g1_i2:490-966    -            159 118421at7898         -            159    0.0012   17.9   0.1   1   1   3.3e-05    0.0015   17.6   0.1     8    84     2    86     1   137 0.82 -
TRINITY_DN5924_c0_g1_i3:483-959    -            159 118421at7898         -            159    0.0012   17.9   0.1   1   1   3.3e-05    0.0015   17.6   0.1     8    84     2    86     1   137 0.82 -
TRINITY_DN5924_c0_g1_i4:483-959    -            159 118421at7898         -            159    0.0012   17.9   0.1   1   1   3.3e-05    0.0015   17.6   0.1     8    84     2    86     1   137 0.82 -
TRINITY_DN13780_c0_g1_i3:763-1350  -            196 118421at7898         -            159    0.0019   17.3   0.0   1   1     5e-05    0.0024   17.0   0.0    48   157    42   157     5   159 0.84 -
TRINITY_DN6642_c0_g1_i2:182-778    -            199 118421at7898         -            159     0.002   17.2   0.0   1   1   5.7e-05    0.0027   16.8   0.0     7    81     5    87     1   152 0.71 -
TRINITY_DN6642_c0_g1_i4:182-778    -            199 118421at7898         -            159     0.002   17.2   0.0   1   1   5.7e-05    0.0027   16.8   0.0     7    81     5    87     1   152 0.71 -
TRINITY_DN9513_c0_g1_i1:274-861    -            196 118421at7898         -            159    0.0029   16.7   0.0   1   1   7.8e-05    0.0037   16.4   0.0     7   117     4   122     2   156 0.71 -
TRINITY_DN9513_c0_g1_i3:251-838    -            196 118421at7898         -            159    0.0029   16.7   0.0   1   1   7.8e-05    0.0037   16.4   0.0     7   117     4   122     2   156 0.71 -
TRINITY_DN9513_c0_g1_i5:270-857    -            196 118421at7898         -            159    0.0029   16.7   0.0   1   1   7.8e-05    0.0037   16.4   0.0     7   117     4   122     2   156 0.71 -
TRINITY_DN682_c0_g1_i6:1568-2095   -            176 118421at7898         -            159     0.003   16.7   0.0   1   1   8.1e-05    0.0038   16.3   0.0     8    81     4    85     2   164 0.71 -
TRINITY_DN5406_c0_g1_i4:1022-1312  -             97 118421at7898         -            159    0.0035   16.5   0.1   1   1   0.00011    0.0052   15.9   0.1    49    83    20    54     4    97 0.59 -
TRINITY_DN46059_c0_g1_i1:67-519    -            151 118421at7898         -            159    0.0035   16.5   0.0   1   1   0.00014    0.0066   15.6   0.0    41    80    14    53     4    64 0.85 -
TRINITY_DN682_c0_g1_i8:1611-2096   -            162 118421at7898         -            159    0.0036   16.4   0.0   1   1   9.3e-05    0.0044   16.1   0.0     8    81     3    84     1   140 0.73 -
TRINITY_DN8251_c0_g4_i1:689-994    -            102 118421at7898         -            159    0.0038   16.3   0.0   1   1   0.00013     0.006   15.7   0.0    51   115     1    76     1    86 0.63 -
TRINITY_DN7225_c0_g1_i3:166-555    -            130 118421at7898         -            159    0.0039   16.3   0.0   1   1   0.00012    0.0058   15.7   0.0     8    46    81   120    74   127 0.82 -
TRINITY_DN3483_c0_g1_i4:942-1292   -            117 118421at7898         -            159    0.0047   16.0   0.1   1   1   0.00011    0.0052   15.9   0.1     7    82     2    80     1   115 0.71 -
TRINITY_DN682_c0_g1_i11:1560-2144  -            195 118421at7898         -            159    0.0049   16.0   0.0   1   1   0.00013     0.006   15.7   0.0     8    81     2    83     1   163 0.71 -
TRINITY_DN682_c0_g1_i3:1509-2093   -            195 118421at7898         -            159    0.0049   16.0   0.0   1   1   0.00013     0.006   15.7   0.0     8    81     2    83     1   163 0.71 -
TRINITY_DN682_c0_g1_i5:1167-1751   -            195 118421at7898         -            159    0.0049   16.0   0.0   1   1   0.00013     0.006   15.7   0.0     8    81     2    83     1   163 0.71 -
TRINITY_DN5406_c0_g1_i9:12-335     -            108 118421at7898         -            159    0.0049   16.0   0.1   1   1   0.00015    0.0068   15.5   0.1    49    83    31    65     8   108 0.61 -
TRINITY_DN19469_c0_g2_i1:745-1689  -            315 118421at7898         -            159    0.0062   15.6   0.0   1   1   0.00025     0.012   14.8   0.0     8    88     9   103     4   134 0.60 -
TRINITY_DN19469_c0_g2_i2:711-1655  -            315 118421at7898         -            159    0.0062   15.6   0.0   1   1   0.00025     0.012   14.8   0.0     8    88     9   103     4   134 0.60 -
TRINITY_DN5406_c0_g1_i11:42-395    -            118 118421at7898         -            159    0.0066   15.6   0.1   1   1   0.00022      0.01   14.9   0.1    50    83    42    75    24   118 0.60 -
TRINITY_DN5406_c0_g1_i1:76-444     -            123 118421at7898         -            159    0.0075   15.4   0.1   1   1   0.00025     0.012   14.8   0.1    50    83    47    80    29   123 0.61 -
TRINITY_DN18093_c0_g2_i2:54-638    -            195 118421at7898         -            159    0.0083   15.2   0.0   1   1   0.00023     0.011   14.9   0.0     8   122     3   129     1   140 0.65 -
TRINITY_DN5406_c0_g1_i12:1020-1409 -            130 118421at7898         -            159    0.0086   15.2   0.1   1   1    0.0003     0.014   14.5   0.1    50    83    54    87    37   130 0.61 -
TRINITY_DN5406_c0_g1_i7:944-1333   -            130 118421at7898         -            159    0.0086   15.2   0.1   1   1    0.0003     0.014   14.5   0.1    50    83    54    87    37   130 0.61 -
TRINITY_DN683_c1_g1_i2:1789-2310   -            174 118421at7898         -            159    0.0086   15.2   0.0   1   1    0.0002    0.0094   15.1   0.0     7   115     2   118     1   151 0.69 -
TRINITY_DN683_c1_g1_i4:1299-1820   -            174 118421at7898         -            159    0.0086   15.2   0.0   1   1    0.0002    0.0094   15.1   0.0     7   115     2   118     1   151 0.69 -
TRINITY_DN683_c1_g1_i5:1254-1775   -            174 118421at7898         -            159    0.0086   15.2   0.0   1   1    0.0002    0.0094   15.1   0.0     7   115     2   118     1   151 0.69 -
TRINITY_DN683_c1_g1_i7:1806-2327   -            174 118421at7898         -            159    0.0086   15.2   0.0   1   1    0.0002    0.0094   15.1   0.0     7   115     2   118     1   151 0.69 -
TRINITY_DN7745_c0_g1_i11:923-1318  -            132 118421at7898         -            159      0.01   14.9   0.0   1   1   0.00031     0.014   14.5   0.0    49    82    53    86    29   132 0.67 -
TRINITY_DN7745_c0_g1_i19:848-1243  -            132 118421at7898         -            159      0.01   14.9   0.0   1   1   0.00031     0.014   14.5   0.0    49    82    53    86    29   132 0.67 -
TRINITY_DN7745_c0_g1_i6:923-1318   -            132 118421at7898         -            159      0.01   14.9   0.0   1   1   0.00031     0.014   14.5   0.0    49    82    53    86    29   132 0.67 -
TRINITY_DN7745_c0_g1_i8:116-511    -            132 118421at7898         -            159      0.01   14.9   0.0   1   1   0.00031     0.014   14.5   0.0    49    82    53    86    29   132 0.67 -
TRINITY_DN775_c0_g1_i15:1924-2463  -            180 118421at7898         -            159     0.016   14.4   0.0   1   1   0.00042      0.02   14.0   0.0     4   117     8   129     5   142 0.71 -
TRINITY_DN775_c0_g1_i3:1982-2521   -            180 118421at7898         -            159     0.016   14.4   0.0   1   1   0.00042      0.02   14.0   0.0     4   117     8   129     5   142 0.71 -
TRINITY_DN775_c0_g1_i9:1982-2521   -            180 118421at7898         -            159     0.016   14.4   0.0   1   1   0.00042      0.02   14.0   0.0     4   117     8   129     5   142 0.71 -
TRINITY_DN2661_c0_g1_i1:295-882    -            196 118421at7898         -            159     0.016   14.3   0.0   1   1    0.0004     0.019   14.1   0.0     7    92     2    95     1   151 0.68 -
TRINITY_DN2661_c0_g1_i3:198-785    -            196 118421at7898         -            159     0.016   14.3   0.0   1   1    0.0004     0.019   14.1   0.0     7    92     2    95     1   151 0.68 -
TRINITY_DN18093_c0_g2_i3:54-638    -            195 118421at7898         -            159     0.019   14.1   0.0   1   1   0.00052     0.024   13.7   0.0     8   123     3   130     1   141 0.66 -
TRINITY_DN3483_c0_g1_i3:480-824    -            115 118421at7898         -            159     0.024   13.7   0.0   1   1   0.00053     0.025   13.7   0.0     7    74     2    72     1   114 0.74 -
TRINITY_DN42503_c0_g1_i1:389-610   -             74 118421at7898         -            159     0.025   13.7   0.0   1   1   0.00053     0.025   13.7   0.0    45    81    29    66     7    73 0.80 -
TRINITY_DN15490_c0_g2_i1:279-692   -            138 118421at7898         -            159     0.028   13.5   0.0   1   1    0.0027      0.13   11.4   0.0     8    79     5    91     2   130 0.71 -
TRINITY_DN10242_c0_g1_i4:164-652   -            163 118421at7898         -            159     0.032   13.3   0.0   1   1   0.00073     0.034   13.2   0.0    47   116    48   118     2   144 0.80 -
TRINITY_DN7782_c0_g1_i2:26-427     -            134 118421at7898         -            159     0.033   13.3   0.0   1   1   0.00086      0.04   13.0   0.0     5   117     1   121     1   126 0.83 -
TRINITY_DN775_c0_g1_i12:2294-2833  -            180 118421at7898         -            159     0.036   13.2   0.0   1   1   0.00097     0.046   12.8   0.0     4   117     8   129     5   142 0.70 -
TRINITY_DN775_c0_g1_i13:736-1275   -            180 118421at7898         -            159     0.036   13.2   0.0   1   1   0.00097     0.046   12.8   0.0     4   117     8   129     5   142 0.70 -
TRINITY_DN775_c0_g1_i6:2294-2833   -            180 118421at7898         -            159     0.036   13.2   0.0   1   1   0.00097     0.046   12.8   0.0     4   117     8   129     5   142 0.70 -
TRINITY_DN4444_c1_g1_i1:134-832    -            233 118421at7898         -            159     0.038   13.1   0.1   1   1    0.0016     0.075   12.1   0.1    47    86    60   103     5   127 0.68 -
TRINITY_DN18056_c0_g1_i4:52-276    -             75 118421at7898         -            159     0.042   12.9   0.0   1   1   0.00092     0.043   12.9   0.0    31    83     4    59     1    70 0.81 -
TRINITY_DN2661_c0_g2_i1:0-569      -            190 118421at7898         -            159     0.064   12.4   0.0   1   1    0.0015      0.07   12.2   0.0    40   115    37   112     1   146 0.68 -
TRINITY_DN21845_c0_g1_i1:425-1003  -            193 118421at7898         -            159     0.069   12.3   0.0   1   1    0.0017     0.082   12.0   0.0     8   116     3   119     1   153 0.64 -
TRINITY_DN21845_c0_g1_i2:425-1003  -            193 118421at7898         -            159     0.069   12.3   0.0   1   1    0.0017     0.082   12.0   0.0     8   116     3   119     1   153 0.64 -
TRINITY_DN2759_c0_g1_i3:729-1229   -            167 118421at7898         -            159     0.094   11.8   0.0   1   1    0.0027      0.13   11.4   0.0     8    87     4    93     1   127 0.73 -
TRINITY_DN2759_c0_g1_i5:730-1230   -            167 118421at7898         -            159     0.094   11.8   0.0   1   1    0.0027      0.13   11.4   0.0     8    87     4    93     1   127 0.73 -
TRINITY_DN2759_c0_g1_i1:127-627    -            167 118421at7898         -            159      0.11   11.6   0.0   1   1    0.0028      0.13   11.4   0.0     8    87     4    93     1   139 0.75 -
#
# Program:         hmmsearch
# Version:         3.1b2 (February 2015)
# Pipeline mode:   SEARCH
# Query file:      /home/ericjuo/Projects/salmo_trutta_rna_seq/busco_downloads/lineages/actinopterygii_odb10/hmms/118421at7898.hmm
# Target file:     /home/ericjuo/Projects/salmo_trutta_rna_seq/data/02_intermediate/busco/run_actinopterygii_odb10/metaeuk_output/initial_results/trinity.Trinity.fasta.modified.fas
# Option settings: hmmsearch --domtblout /home/ericjuo/Projects/salmo_trutta_rna_seq/data/02_intermediate/busco/run_actinopterygii_odb10/hmmer_output/initial_run_results/118421at7898.out --cpu 1 /home/ericjuo/Projects/salmo_trutta_rna_seq/busco_downloads/lineages/actinopterygii_odb10/hmms/118421at7898.hmm /home/ericjuo/Projects/salmo_trutta_rna_seq/data/02_intermediate/busco/run_actinopterygii_odb10/metaeuk_output/initial_results/trinity.Trinity.fasta.modified.fas 
# Current dir:     /home/ericjuo/Projects/salmo_trutta_rna_seq
# Date:            Fri Apr 29 12:53:04 2022
# [ok]
