#                                                                                          --- full sequence --- -------------- this domain -------------   hmm coord   ali coord   env coord
# target name                      accession   tlen query name           accession   qlen   E-value  score  bias   #  of  c-Evalue  i-Evalue  score  bias  from    to  from    to  from    to  acc description of target
#              ------------------- ---------- ----- -------------------- ---------- ----- --------- ------ ----- --- --- --------- --------- ------ ----- ----- ----- ----- ----- ----- ----- ---- ---------------------
TRINITY_DN67452_c0_g1_i1:495-986   -            164 119357at7898         -            148   3.8e-48  162.3   0.0   1   1   3.4e-49   1.3e-47  160.5   0.0     2   146     1   164     1   164 0.86 -
TRINITY_DN1330_c0_g1_i1:109-597    -            163 119357at7898         -            148   2.6e-43  146.6   0.0   1   1     9e-45   3.5e-43  146.2   0.0     2   138     6   156     5   162 0.89 -
TRINITY_DN1330_c0_g1_i2:125-613    -            163 119357at7898         -            148   2.6e-43  146.6   0.0   1   1     9e-45   3.5e-43  146.2   0.0     2   138     6   156     5   162 0.89 -
TRINITY_DN1330_c0_g2_i1:143-631    -            163 119357at7898         -            148     5e-43  145.7   0.0   1   1   1.7e-44   6.8e-43  145.3   0.0     2   138     6   156     5   162 0.89 -
TRINITY_DN1330_c0_g2_i2:143-631    -            163 119357at7898         -            148     5e-43  145.7   0.0   1   1   1.7e-44   6.8e-43  145.3   0.0     2   138     6   156     5   162 0.89 -
TRINITY_DN1330_c0_g2_i3:143-631    -            163 119357at7898         -            148     5e-43  145.7   0.0   1   1   1.7e-44   6.8e-43  145.3   0.0     2   138     6   156     5   162 0.89 -
TRINITY_DN1330_c0_g2_i4:143-631    -            163 119357at7898         -            148     5e-43  145.7   0.0   1   1   1.7e-44   6.8e-43  145.3   0.0     2   138     6   156     5   162 0.89 -
TRINITY_DN2143_c0_g1_i2:149-637    -            163 119357at7898         -            148   8.1e-43  145.0   0.0   1   1   2.8e-44   1.1e-42  144.6   0.0     2   138     6   156     5   162 0.89 -
TRINITY_DN2143_c0_g1_i6:149-637    -            163 119357at7898         -            148   8.1e-43  145.0   0.0   1   1   2.8e-44   1.1e-42  144.6   0.0     2   138     6   156     5   162 0.89 -
TRINITY_DN2143_c0_g1_i7:149-637    -            163 119357at7898         -            148   8.1e-43  145.0   0.0   1   1   2.8e-44   1.1e-42  144.6   0.0     2   138     6   156     5   162 0.89 -
TRINITY_DN2143_c0_g1_i8:149-637    -            163 119357at7898         -            148   8.1e-43  145.0   0.0   1   1   2.8e-44   1.1e-42  144.6   0.0     2   138     6   156     5   162 0.89 -
TRINITY_DN2143_c0_g1_i9:149-637    -            163 119357at7898         -            148   8.1e-43  145.0   0.0   1   1   2.8e-44   1.1e-42  144.6   0.0     2   138     6   156     5   162 0.89 -
TRINITY_DN7133_c2_g1_i1:247-750    -            168 119357at7898         -            148   1.9e-42  143.8   0.3   1   1   1.4e-43   5.7e-42  142.3   0.3     2   142     7   162     6   168 0.87 -
TRINITY_DN179_c0_g1_i2:821-1318    -            166 119357at7898         -            148   5.1e-42  142.4   0.1   1   1   1.6e-43   6.4e-42  142.1   0.1     2   139     6   157     5   166 0.88 -
TRINITY_DN179_c0_g1_i3:384-881     -            166 119357at7898         -            148   5.1e-42  142.4   0.1   1   1   1.6e-43   6.4e-42  142.1   0.1     2   139     6   157     5   166 0.88 -
TRINITY_DN179_c0_g1_i4:821-1318    -            166 119357at7898         -            148   5.1e-42  142.4   0.1   1   1   1.6e-43   6.4e-42  142.1   0.1     2   139     6   157     5   166 0.88 -
TRINITY_DN179_c0_g1_i5:380-877     -            166 119357at7898         -            148   5.1e-42  142.4   0.1   1   1   1.6e-43   6.4e-42  142.1   0.1     2   139     6   157     5   166 0.88 -
TRINITY_DN1000_c0_g1_i2:2459-2950  -            164 119357at7898         -            148   6.5e-42  142.1   0.1   1   1   2.2e-43   8.6e-42  141.7   0.1     2   138     6   156     5   163 0.88 -
TRINITY_DN1000_c0_g1_i3:2494-3027  -            178 119357at7898         -            148   8.7e-42  141.7   0.1   1   1     3e-43   1.2e-41  141.3   0.1     2   138    20   170    19   177 0.88 -
TRINITY_DN580_c0_g2_i1:194-499     -            102 119357at7898         -            148   5.6e-41  139.0   0.2   1   1     2e-42     8e-41  138.5   0.2    57   148     1   102     1   102 0.92 -
TRINITY_DN3954_c0_g1_i3:1078-1551  -            158 119357at7898         -            148   4.4e-40  136.1   0.0   1   1   1.4e-41   5.4e-40  135.8   0.0     2   137     5   154     4   158 0.88 -
TRINITY_DN7259_c0_g1_i1:1369-1842  -            158 119357at7898         -            148   4.4e-40  136.1   0.0   1   1   1.4e-41   5.4e-40  135.8   0.0     2   137     5   154     4   158 0.88 -
TRINITY_DN3954_c0_g1_i4:1078-1587  -            170 119357at7898         -            148   5.7e-40  135.8   0.0   1   1   1.8e-41   7.2e-40  135.4   0.0     2   137    17   166    16   170 0.88 -
TRINITY_DN7259_c0_g1_i10:1407-1880 -            158 119357at7898         -            148   6.3e-40  135.6   0.0   1   1     2e-41   7.8e-40  135.3   0.0     2   137     5   154     4   158 0.88 -
TRINITY_DN7259_c0_g1_i3:1407-1880  -            158 119357at7898         -            148   6.3e-40  135.6   0.0   1   1     2e-41   7.8e-40  135.3   0.0     2   137     5   154     4   158 0.88 -
TRINITY_DN7297_c0_g1_i3:182-673    -            164 119357at7898         -            148   2.8e-39  133.5   0.0   1   1   1.7e-40   6.6e-39  132.3   0.0     2   139     4   156     3   163 0.87 -
TRINITY_DN10100_c0_g1_i12:871-1365 -            165 119357at7898         -            148   5.1e-39  132.7   0.1   1   1   1.6e-40   6.4e-39  132.4   0.1     2   146     5   163     4   165 0.90 -
TRINITY_DN10100_c0_g1_i14:815-1309 -            165 119357at7898         -            148   5.1e-39  132.7   0.1   1   1   1.6e-40   6.4e-39  132.4   0.1     2   146     5   163     4   165 0.90 -
TRINITY_DN10100_c0_g1_i1:817-1311  -            165 119357at7898         -            148   5.1e-39  132.7   0.1   1   1   1.6e-40   6.4e-39  132.4   0.1     2   146     5   163     4   165 0.90 -
TRINITY_DN10100_c0_g1_i5:870-1364  -            165 119357at7898         -            148   5.1e-39  132.7   0.1   1   1   1.6e-40   6.4e-39  132.4   0.1     2   146     5   163     4   165 0.90 -
TRINITY_DN10100_c0_g1_i9:808-1302  -            165 119357at7898         -            148   5.1e-39  132.7   0.1   1   1   1.6e-40   6.4e-39  132.4   0.1     2   146     5   163     4   165 0.90 -
TRINITY_DN13086_c2_g1_i3:125-610   -            162 119357at7898         -            148     1e-38  131.7   0.1   1   1   3.2e-40   1.3e-38  131.4   0.1     2   139     5   156     4   162 0.90 -
TRINITY_DN1000_c0_g1_i1:2650-3099  -            150 119357at7898         -            148     2e-38  130.7   0.1   1   1   6.4e-40   2.5e-38  130.4   0.1     2   117    20   141    19   146 0.92 -
TRINITY_DN9982_c0_g1_i2:650-1144   -            165 119357at7898         -            148     6e-38  129.2   0.3   1   1   2.2e-39   8.6e-38  128.7   0.3     1   139     4   156     4   164 0.90 -
TRINITY_DN9982_c0_g1_i3:106-600    -            165 119357at7898         -            148     6e-38  129.2   0.3   1   1   2.2e-39   8.6e-38  128.7   0.3     1   139     4   156     4   164 0.90 -
TRINITY_DN9170_c0_g1_i4:336-869    -            178 119357at7898         -            148   7.9e-38  128.8   0.2   1   1   2.8e-39   1.1e-37  128.3   0.2     1   137    18   168    18   176 0.88 -
TRINITY_DN7297_c0_g1_i2:26-1762    -            579 119357at7898         -            148   8.1e-38  128.8   0.0   1   1   4.5e-39   1.8e-37  127.7   0.0     2   139   412   564   411   572 0.87 -
TRINITY_DN7297_c0_g1_i9:26-1762    -            579 119357at7898         -            148   8.1e-38  128.8   0.0   1   1   4.5e-39   1.8e-37  127.7   0.0     2   139   412   564   411   572 0.87 -
TRINITY_DN9982_c0_g1_i5:650-1186   -            179 119357at7898         -            148   8.1e-38  128.8   0.3   1   1     3e-39   1.2e-37  128.3   0.3     1   139    18   170    18   178 0.90 -
TRINITY_DN8788_c0_g1_i2:46-585     -            180 119357at7898         -            148   8.2e-38  128.8   0.0   1   1   2.8e-39   1.1e-37  128.4   0.0     2   145    20   177    19   180 0.88 -
TRINITY_DN8788_c0_g1_i3:46-585     -            180 119357at7898         -            148   8.2e-38  128.8   0.0   1   1   2.8e-39   1.1e-37  128.4   0.0     2   145    20   177    19   180 0.88 -
TRINITY_DN21421_c0_g1_i1:964-1437  -            158 119357at7898         -            148   1.7e-37  127.7   0.1   1   1   5.5e-39   2.2e-37  127.4   0.1     1   138     4   155     4   158 0.91 -
TRINITY_DN13312_c0_g1_i2:808-1353  -            182 119357at7898         -            148   5.3e-36  122.9   0.0   1   1   3.7e-37   1.5e-35  121.5   0.0     2   147    16   181    15   182 0.82 -
TRINITY_DN13312_c0_g1_i3:808-1353  -            182 119357at7898         -            148   5.3e-36  122.9   0.0   1   1   3.7e-37   1.5e-35  121.5   0.0     2   147    16   181    15   182 0.82 -
TRINITY_DN13312_c0_g1_i5:781-1326  -            182 119357at7898         -            148   5.3e-36  122.9   0.0   1   1   3.7e-37   1.5e-35  121.5   0.0     2   147    16   181    15   182 0.82 -
TRINITY_DN5750_c0_g1_i2:812-1312   -            167 119357at7898         -            148   2.5e-35  120.7   0.0   1   1   1.8e-36   7.3e-35  119.2   0.0     3   147     2   166     1   167 0.83 -
TRINITY_DN5750_c0_g1_i3:792-1292   -            167 119357at7898         -            148   2.5e-35  120.7   0.0   1   1   1.8e-36   7.3e-35  119.2   0.0     3   147     2   166     1   167 0.83 -
TRINITY_DN5750_c0_g1_i4:792-1292   -            167 119357at7898         -            148   2.5e-35  120.7   0.0   1   1   1.8e-36   7.3e-35  119.2   0.0     3   147     2   166     1   167 0.83 -
TRINITY_DN9787_c1_g1_i1:1183-1755  -            191 119357at7898         -            148     2e-34  117.8   0.0   1   1   1.5e-35   5.9e-34  116.3   0.0     2   147    21   190    20   191 0.83 -
TRINITY_DN1198_c0_g2_i1:633-1184   -            184 119357at7898         -            148   3.3e-34  117.1   0.0   1   1   1.1e-35   4.4e-34  116.7   0.0     2   134    19   165    18   178 0.86 -
TRINITY_DN13312_c0_g1_i7:776-1261  -            162 119357at7898         -            148   4.1e-33  113.5   0.0   1   1     3e-34   1.2e-32  112.0   0.0     7   147     1   161     1   162 0.81 -
TRINITY_DN9400_c0_g1_i2:510-1112   -            201 119357at7898         -            148   3.8e-29  100.6   0.2   1   1   5.3e-30   2.1e-28   98.2   0.2     2   144    20   186    19   190 0.79 -
TRINITY_DN9400_c0_g1_i4:510-1251   -            201 119357at7898         -            148   3.8e-29  100.6   0.2   1   1   5.3e-30   2.1e-28   98.2   0.2     2   144    20   186    19   190 0.79 -
TRINITY_DN9400_c0_g2_i1:520-1122   -            201 119357at7898         -            148   3.8e-29  100.6   0.2   1   1   5.3e-30   2.1e-28   98.2   0.2     2   144    20   186    19   190 0.79 -
TRINITY_DN9400_c0_g1_i6:510-1366   -            201 119357at7898         -            148   1.2e-27   95.8   0.3   1   1   1.7e-28   6.5e-27   93.4   0.3     2   144    20   186    19   190 0.79 -
TRINITY_DN60013_c0_g1_i1:4-306     -            101 119357at7898         -            148   1.2e-26   92.6   0.0   1   1   3.5e-28   1.4e-26   92.3   0.0    37   116     5    86     2    98 0.94 -
TRINITY_DN49350_c0_g1_i1:49-552    -            168 119357at7898         -            148   1.6e-26   92.2   0.0   1   1   5.1e-28     2e-26   91.8   0.0     1   137     6   160     6   168 0.84 -
TRINITY_DN1434_c1_g1_i1:177-641    -            155 119357at7898         -            148     8e-26   89.9   0.0   1   1   2.4e-27   9.5e-26   89.6   0.0     3   115     7   126     5   142 0.88 -
TRINITY_DN2360_c0_g1_i3:123-587    -            155 119357at7898         -            148   1.7e-25   88.8   0.0   1   1   5.1e-27     2e-25   88.6   0.0     3   115     7   126     5   141 0.88 -
TRINITY_DN1434_c0_g1_i16:297-809   -            171 119357at7898         -            148   3.9e-25   87.6   0.0   1   1   1.2e-26   4.8e-25   87.4   0.0     3   117    17   138    15   153 0.88 -
TRINITY_DN1434_c0_g1_i18:297-809   -            171 119357at7898         -            148   3.9e-25   87.6   0.0   1   1   1.2e-26   4.8e-25   87.4   0.0     3   117    17   138    15   153 0.88 -
TRINITY_DN1434_c0_g1_i29:297-809   -            171 119357at7898         -            148   3.9e-25   87.6   0.0   1   1   1.2e-26   4.8e-25   87.4   0.0     3   117    17   138    15   153 0.88 -
TRINITY_DN1434_c0_g1_i2:297-809    -            171 119357at7898         -            148   3.9e-25   87.6   0.0   1   1   1.2e-26   4.8e-25   87.4   0.0     3   117    17   138    15   153 0.88 -
TRINITY_DN2360_c0_g1_i4:138-602    -            155 119357at7898         -            148   4.9e-25   87.3   0.0   1   1   1.5e-26   5.8e-25   87.1   0.0     3   118     7   129     5   143 0.87 -
TRINITY_DN1434_c0_g1_i10:297-809   -            171 119357at7898         -            148   5.4e-25   87.2   0.0   1   1   1.7e-26   6.6e-25   86.9   0.0     3   117    17   138    15   153 0.88 -
TRINITY_DN1434_c0_g1_i12:297-809   -            171 119357at7898         -            148   5.4e-25   87.2   0.0   1   1   1.7e-26   6.6e-25   86.9   0.0     3   117    17   138    15   153 0.88 -
TRINITY_DN9787_c0_g1_i1:609-953    -            115 119357at7898         -            148   6.8e-25   86.9   0.0   1   1   5.6e-26   2.2e-24   85.2   0.0    45   146     1   113     1   115 0.85 -
TRINITY_DN9787_c0_g1_i2:610-954    -            115 119357at7898         -            148   6.8e-25   86.9   0.0   1   1   5.6e-26   2.2e-24   85.2   0.0    45   146     1   113     1   115 0.85 -
TRINITY_DN21087_c0_g1_i1:240-890   -            217 119357at7898         -            148     3e-23   81.5   0.0   1   1   1.2e-24   4.8e-23   80.9   0.0     2   118    25   147    24   182 0.78 -
TRINITY_DN9170_c0_g1_i1:348-641    -             98 119357at7898         -            148     8e-23   80.1   0.1   1   1   2.4e-24   9.3e-23   79.9   0.1     1    77    18    98    18    98 0.92 -
TRINITY_DN7225_c0_g1_i1:166-909    -            248 119357at7898         -            148   4.8e-22   77.6   0.0   1   1   1.8e-23     7e-22   77.1   0.0     1   114    81   199    81   220 0.89 -
TRINITY_DN7225_c0_g1_i2:145-864    -            240 119357at7898         -            148   5.2e-22   77.5   0.0   1   1   1.9e-23   7.4e-22   77.0   0.0     1   114    73   191    73   212 0.90 -
TRINITY_DN14297_c0_g1_i1:133-564   -            144 119357at7898         -            148   1.5e-19   69.5   0.0   1   1   5.1e-21     2e-19   69.1   0.0     2   110    18   132    17   139 0.86 -
TRINITY_DN1989_c0_g1_i4:210-638    -            143 119357at7898         -            148   3.1e-18   65.3   0.0   1   1     1e-19     4e-18   64.9   0.0     2   111    18   133    17   140 0.85 -
TRINITY_DN1989_c0_g1_i7:210-638    -            143 119357at7898         -            148   3.1e-18   65.3   0.0   1   1     1e-19     4e-18   64.9   0.0     2   111    18   133    17   140 0.85 -
TRINITY_DN1989_c0_g1_i5:214-642    -            143 119357at7898         -            148   3.4e-18   65.1   0.0   1   1   1.1e-19   4.4e-18   64.8   0.0     2   111    18   133    17   140 0.85 -
TRINITY_DN1989_c0_g1_i10:214-642   -            143 119357at7898         -            148   3.5e-18   65.1   0.0   1   1   1.2e-19   4.6e-18   64.7   0.0     2   111    18   133    17   140 0.85 -
TRINITY_DN1989_c0_g1_i1:210-638    -            143 119357at7898         -            148   3.5e-18   65.1   0.0   1   1   1.2e-19   4.6e-18   64.7   0.0     2   111    18   133    17   140 0.85 -
TRINITY_DN1989_c0_g1_i2:214-642    -            143 119357at7898         -            148   3.5e-18   65.1   0.0   1   1   1.2e-19   4.6e-18   64.7   0.0     2   111    18   133    17   140 0.85 -
TRINITY_DN1989_c0_g1_i3:214-642    -            143 119357at7898         -            148   3.5e-18   65.1   0.0   1   1   1.2e-19   4.6e-18   64.7   0.0     2   111    18   133    17   140 0.85 -
TRINITY_DN33472_c0_g1_i2:20-316    -             99 119357at7898         -            148     1e-17   63.5   0.0   1   1   2.9e-19   1.2e-17   63.4   0.0     3    88     8    98     6    99 0.89 -
TRINITY_DN33708_c0_g1_i1:84-389    -            102 119357at7898         -            148   1.3e-17   63.2   0.0   1   1     4e-19   1.6e-17   63.0   0.0     3    90     4    96     2   100 0.89 -
TRINITY_DN7565_c0_g1_i6:183-689    -            169 119357at7898         -            148   7.4e-16   57.5   0.3   1   1   6.4e-17   2.5e-15   55.8   0.3    23   117    38   132     2   165 0.82 -
TRINITY_DN39974_c0_g2_i1:229-711   -            161 119357at7898         -            148   7.6e-15   54.3   0.1   1   1   2.2e-16   8.6e-15   54.1   0.1     2   138     6   157     5   161 0.81 -
TRINITY_DN39974_c0_g2_i3:837-1319  -            161 119357at7898         -            148   7.6e-15   54.3   0.1   1   1   2.2e-16   8.6e-15   54.1   0.1     2   138     6   157     5   161 0.81 -
TRINITY_DN60935_c0_g1_i1:36-632    -            199 119357at7898         -            148     2e-13   49.7   0.0   1   1   6.9e-15   2.7e-13   49.2   0.0     2   147     9   170     8   171 0.80 -
TRINITY_DN27548_c0_g1_i1:32-841    -            270 119357at7898         -            148   2.6e-13   49.3   0.2   1   2   2.8e-08   1.1e-06   27.8   0.1     1    88    41   137    41   138 0.85 -
TRINITY_DN27548_c0_g1_i1:32-841    -            270 119357at7898         -            148   2.6e-13   49.3   0.2   2   2   1.2e-06   4.9e-05   22.4   0.0    37   113   135   212   130   251 0.81 -
TRINITY_DN6298_c0_g1_i1:268-774    -            169 119357at7898         -            148   2.6e-13   49.3   0.1   1   1   7.9e-15   3.1e-13   49.0   0.1     2   145     8   165     7   168 0.82 -
TRINITY_DN6298_c0_g1_i4:245-751    -            169 119357at7898         -            148   2.6e-13   49.3   0.1   1   1   7.9e-15   3.1e-13   49.0   0.1     2   145     8   165     7   168 0.82 -
TRINITY_DN6298_c0_g1_i2:245-763    -            173 119357at7898         -            148   2.7e-13   49.2   0.1   1   1   8.7e-15   3.4e-13   48.9   0.1     2   145     8   165     7   168 0.82 -
TRINITY_DN9832_c0_g1_i1:1124-1645  -            174 119357at7898         -            148   3.3e-13   48.9   0.1   1   1   1.2e-14   4.5e-13   48.5   0.1     1   147     8   170     8   171 0.81 -
TRINITY_DN6243_c0_g1_i3:156-659    -            168 119357at7898         -            148   7.7e-13   47.7   0.0   1   1   2.3e-14   9.3e-13   47.5   0.0     2   147     6   166     5   167 0.83 -
TRINITY_DN6243_c0_g1_i5:156-659    -            168 119357at7898         -            148   7.7e-13   47.7   0.0   1   1   2.3e-14   9.3e-13   47.5   0.0     2   147     6   166     5   167 0.83 -
TRINITY_DN6243_c0_g1_i10:155-658   -            168 119357at7898         -            148   7.9e-13   47.7   0.0   1   1   2.4e-14   9.5e-13   47.5   0.0     2   147     6   166     5   167 0.83 -
TRINITY_DN6243_c0_g1_i7:155-658    -            168 119357at7898         -            148   7.9e-13   47.7   0.0   1   1   2.4e-14   9.5e-13   47.5   0.0     2   147     6   166     5   167 0.83 -
TRINITY_DN1138_c0_g1_i3:1077-1619  -            181 119357at7898         -            148   1.5e-12   46.8   0.1   1   1   4.6e-14   1.8e-12   46.5   0.1     2   147    19   179    18   180 0.82 -
TRINITY_DN1138_c0_g1_i4:1077-1619  -            181 119357at7898         -            148   1.5e-12   46.8   0.1   1   1   4.6e-14   1.8e-12   46.5   0.1     2   147    19   179    18   180 0.82 -
TRINITY_DN1138_c0_g1_i5:1077-1619  -            181 119357at7898         -            148   1.5e-12   46.8   0.1   1   1   4.6e-14   1.8e-12   46.5   0.1     2   147    19   179    18   180 0.82 -
TRINITY_DN1138_c0_g1_i7:435-977    -            181 119357at7898         -            148   2.1e-12   46.3   0.0   1   1   6.5e-14   2.6e-12   46.0   0.0     2   147    19   179    18   180 0.82 -
TRINITY_DN436_c0_g1_i2:58-627      -            190 119357at7898         -            148   2.9e-12   45.9   0.1   1   1   9.4e-14   3.7e-12   45.5   0.1     2   147     6   166     5   167 0.80 -
TRINITY_DN1040_c0_g1_i12:571-1071  -            167 119357at7898         -            148   3.8e-12   45.5   0.1   1   1   1.2e-13   4.8e-12   45.2   0.1     2   143     6   162     5   166 0.79 -
TRINITY_DN1040_c0_g1_i14:565-1065  -            167 119357at7898         -            148   3.8e-12   45.5   0.1   1   1   1.2e-13   4.8e-12   45.2   0.1     2   143     6   162     5   166 0.79 -
TRINITY_DN1040_c0_g1_i19:565-1065  -            167 119357at7898         -            148   3.8e-12   45.5   0.1   1   1   1.2e-13   4.8e-12   45.2   0.1     2   143     6   162     5   166 0.79 -
TRINITY_DN1040_c0_g1_i5:565-1065   -            167 119357at7898         -            148   3.8e-12   45.5   0.1   1   1   1.2e-13   4.8e-12   45.2   0.1     2   143     6   162     5   166 0.79 -
TRINITY_DN1040_c0_g1_i6:565-1065   -            167 119357at7898         -            148   3.8e-12   45.5   0.1   1   1   1.2e-13   4.8e-12   45.2   0.1     2   143     6   162     5   166 0.79 -
TRINITY_DN436_c0_g1_i5:58-630      -            191 119357at7898         -            148     5e-12   45.1   0.1   1   1   1.6e-13   6.3e-12   44.8   0.1     2   147     6   166     5   167 0.80 -
TRINITY_DN14008_c0_g1_i1:567-1070  -            168 119357at7898         -            148   7.7e-12   44.5   0.1   1   1   2.4e-13   9.4e-12   44.2   0.1     2   147     6   166     5   167 0.76 -
TRINITY_DN1599_c0_g1_i3:1575-2135  -            187 119357at7898         -            148   9.4e-12   44.2   0.0   1   1   3.4e-13   1.3e-11   43.7   0.0     2   143     6   162     5   165 0.81 -
TRINITY_DN1727_c2_g1_i1:17-514     -            166 119357at7898         -            148   9.5e-12   44.2   0.1   1   1   2.8e-13   1.1e-11   44.0   0.1     2   143     8   164     7   166 0.81 -
TRINITY_DN1932_c0_g1_i11:193-702   -            170 119357at7898         -            148   1.4e-11   43.7   0.0   1   1   5.1e-13     2e-11   43.1   0.0     2   142     6   161     5   165 0.79 -
TRINITY_DN1932_c0_g1_i12:193-702   -            170 119357at7898         -            148   1.4e-11   43.7   0.0   1   1   5.1e-13     2e-11   43.1   0.0     2   142     6   161     5   165 0.79 -
TRINITY_DN1932_c0_g1_i4:193-702    -            170 119357at7898         -            148   1.4e-11   43.7   0.0   1   1   5.2e-13   2.1e-11   43.1   0.0     2   142     6   161     5   165 0.80 -
TRINITY_DN1932_c0_g1_i5:193-702    -            170 119357at7898         -            148   1.4e-11   43.7   0.0   1   1   5.2e-13   2.1e-11   43.1   0.0     2   142     6   161     5   165 0.80 -
TRINITY_DN2326_c0_g3_i2:1458-1961  -            168 119357at7898         -            148   2.2e-11   43.0   0.0   1   1   6.9e-13   2.7e-11   42.7   0.0     2   114     6   128     5   166 0.74 -
TRINITY_DN2326_c0_g3_i8:418-921    -            168 119357at7898         -            148   2.2e-11   43.0   0.0   1   1   6.9e-13   2.7e-11   42.7   0.0     2   114     6   128     5   166 0.74 -
TRINITY_DN1599_c0_g1_i10:1759-2319 -            187 119357at7898         -            148   2.3e-11   43.0   0.1   1   1   8.1e-13   3.2e-11   42.5   0.1     2   143     6   162     5   165 0.81 -
TRINITY_DN1599_c0_g1_i14:1759-2319 -            187 119357at7898         -            148   2.3e-11   43.0   0.1   1   1   8.1e-13   3.2e-11   42.5   0.1     2   143     6   162     5   165 0.81 -
TRINITY_DN1727_c2_g3_i1:286-783    -            166 119357at7898         -            148   3.8e-11   42.2   0.0   1   1   1.1e-12   4.4e-11   42.0   0.0     2   142     8   163     7   166 0.80 -
TRINITY_DN1727_c2_g3_i2:279-776    -            166 119357at7898         -            148   3.8e-11   42.2   0.0   1   1   1.1e-12   4.4e-11   42.0   0.0     2   142     8   163     7   166 0.80 -
TRINITY_DN39974_c0_g2_i2:380-925   -            182 119357at7898         -            148   5.7e-11   41.7   0.0   1   1   1.8e-12   7.1e-11   41.4   0.0     2   147     6   166     5   167 0.82 -
TRINITY_DN436_c0_g1_i4:506-1051    -            182 119357at7898         -            148   5.8e-11   41.7   0.0   1   1   1.9e-12   7.4e-11   41.3   0.0     2   145    12   170    11   173 0.81 -
TRINITY_DN436_c0_g1_i6:506-1051    -            182 119357at7898         -            148   5.8e-11   41.7   0.0   1   1   1.9e-12   7.4e-11   41.3   0.0     2   145    12   170    11   173 0.81 -
TRINITY_DN1599_c0_g1_i8:191-751    -            187 119357at7898         -            148   5.8e-11   41.6   0.1   1   1   2.3e-12   8.9e-11   41.0   0.1     2   142     6   161     5   165 0.78 -
TRINITY_DN1599_c0_g1_i5:3294-3767  -            158 119357at7898         -            148     2e-10   39.9   0.2   1   1   1.3e-11   4.9e-10   38.6   0.2     2   112     6   126     5   156 0.80 -
TRINITY_DN52876_c0_g1_i1:522-1037  -            172 119357at7898         -            148   2.5e-10   39.6   0.0   1   1   7.9e-12   3.1e-10   39.3   0.0     3   147     5   168     3   169 0.73 -
TRINITY_DN1599_c0_g1_i13:320-700   -            127 119357at7898         -            148   4.4e-10   38.8   0.1   1   1   1.3e-11   5.1e-10   38.6   0.1     2   108     9   125     8   127 0.84 -
TRINITY_DN1040_c0_g1_i20:109-639   -            177 119357at7898         -            148   9.3e-10   37.7   0.2   1   1   1.1e-10   4.1e-09   35.6   0.2    35   143    58   172     5   176 0.85 -
TRINITY_DN2161_c0_g1_i1:366-725    -            120 119357at7898         -            148   2.6e-09   36.3   0.1   1   1   8.3e-11   3.3e-09   36.0   0.1    39   145     2   113     1   116 0.83 -
TRINITY_DN2161_c0_g1_i2:498-857    -            120 119357at7898         -            148   2.7e-09   36.2   0.0   1   1   8.8e-11   3.5e-09   35.9   0.0    39   145     2   113     1   116 0.83 -
TRINITY_DN4890_c0_g1_i9:0-413      -            138 119357at7898         -            148   2.9e-09   36.1   0.0   1   1     9e-11   3.5e-09   35.9   0.0     1   108    13   130    13   136 0.83 -
TRINITY_DN4890_c0_g1_i21:0-413     -            138 119357at7898         -            148   2.9e-09   36.1   0.0   1   1     9e-11   3.5e-09   35.9   0.0     1   108    13   130    13   136 0.83 -
TRINITY_DN2569_c1_g1_i4:755-1279   -            175 119357at7898         -            148   3.3e-09   35.9   0.0   1   1   1.1e-10   4.3e-09   35.6   0.0     2   142     2   160     1   165 0.74 -
TRINITY_DN3735_c0_g1_i13:154-801   -            216 119357at7898         -            148   4.1e-09   35.6   0.0   1   1   1.4e-10   5.6e-09   35.2   0.0     1   145    13   172    13   175 0.78 -
TRINITY_DN3735_c0_g1_i6:154-801    -            216 119357at7898         -            148   4.1e-09   35.6   0.0   1   1   1.4e-10   5.6e-09   35.2   0.0     1   145    13   172    13   175 0.78 -
TRINITY_DN3735_c0_g1_i2:154-801    -            216 119357at7898         -            148   4.3e-09   35.6   0.0   1   1   1.5e-10   5.9e-09   35.1   0.0     1   145    13   172    13   175 0.78 -
TRINITY_DN3735_c0_g1_i7:154-801    -            216 119357at7898         -            148   4.3e-09   35.6   0.0   1   1   1.5e-10   5.9e-09   35.1   0.0     1   145    13   172    13   175 0.78 -
TRINITY_DN18093_c0_g2_i5:134-718   -            195 119357at7898         -            148   4.4e-09   35.6   0.0   1   1   1.6e-10   6.2e-09   35.1   0.0     1   109     3   125     3   139 0.74 -
TRINITY_DN4890_c0_g1_i13:0-413     -            138 119357at7898         -            148   4.8e-09   35.4   0.0   1   1   1.5e-10   5.8e-09   35.2   0.0     1   108    13   130    13   136 0.83 -
TRINITY_DN4890_c0_g1_i7:0-413      -            138 119357at7898         -            148   4.8e-09   35.4   0.0   1   1   1.5e-10   5.8e-09   35.2   0.0     1   108    13   130    13   136 0.83 -
TRINITY_DN683_c1_g1_i2:1789-2310   -            174 119357at7898         -            148   5.3e-09   35.3   0.1   1   1   1.7e-10   6.8e-09   34.9   0.1     2   146     4   163     3   165 0.77 -
TRINITY_DN683_c1_g1_i4:1299-1820   -            174 119357at7898         -            148   5.3e-09   35.3   0.1   1   1   1.7e-10   6.8e-09   34.9   0.1     2   146     4   163     3   165 0.77 -
TRINITY_DN683_c1_g1_i5:1254-1775   -            174 119357at7898         -            148   5.3e-09   35.3   0.1   1   1   1.7e-10   6.8e-09   34.9   0.1     2   146     4   163     3   165 0.77 -
TRINITY_DN683_c1_g1_i7:1806-2327   -            174 119357at7898         -            148   5.3e-09   35.3   0.1   1   1   1.7e-10   6.8e-09   34.9   0.1     2   146     4   163     3   165 0.77 -
TRINITY_DN4210_c0_g1_i1:219-788    -            190 119357at7898         -            148   5.5e-09   35.2   0.1   1   1   4.5e-10   1.8e-08   33.6   0.1     2   140     6   164     5   173 0.75 -
TRINITY_DN13166_c0_g1_i1:304-612   -            103 119357at7898         -            148     7e-09   34.9   0.1   1   2   8.7e-10   3.4e-08   32.7   0.0    66   111     3    50     1    55 0.91 -
TRINITY_DN13166_c0_g1_i1:304-612   -            103 119357at7898         -            148     7e-09   34.9   0.1   2   2       9.6   3.8e+02    0.1   0.0   119   139    78    98    66   102 0.77 -
TRINITY_DN2661_c0_g1_i1:295-882    -            196 119357at7898         -            148   9.5e-09   34.5   0.1   1   1   3.2e-10   1.3e-08   34.1   0.1     2   146     4   163     3   165 0.77 -
TRINITY_DN2661_c0_g1_i3:198-785    -            196 119357at7898         -            148   9.5e-09   34.5   0.1   1   1   3.2e-10   1.3e-08   34.1   0.1     2   146     4   163     3   165 0.77 -
TRINITY_DN3735_c0_g1_i1:154-801    -            216 119357at7898         -            148   1.2e-08   34.1   0.0   1   1   4.2e-10   1.6e-08   33.7   0.0     1   112    13   134    13   178 0.76 -
TRINITY_DN3735_c0_g1_i5:154-801    -            216 119357at7898         -            148   1.2e-08   34.1   0.0   1   1   4.2e-10   1.6e-08   33.7   0.0     1   112    13   134    13   178 0.76 -
TRINITY_DN3735_c0_g1_i12:154-801   -            216 119357at7898         -            148   1.3e-08   34.1   0.0   1   1   4.5e-10   1.8e-08   33.6   0.0     1   112    13   134    13   175 0.76 -
TRINITY_DN4616_c0_g1_i9:79-627     -            183 119357at7898         -            148   1.6e-08   33.7   0.0   1   1   5.2e-10   2.1e-08   33.4   0.0     3   145    10   167     8   170 0.77 -
TRINITY_DN9513_c0_g1_i1:274-861    -            196 119357at7898         -            148   2.1e-08   33.3   0.1   1   1   7.3e-10   2.9e-08   32.9   0.1     2   146     6   165     5   167 0.77 -
TRINITY_DN9513_c0_g1_i3:251-838    -            196 119357at7898         -            148   2.1e-08   33.3   0.1   1   1   7.3e-10   2.9e-08   32.9   0.1     2   146     6   165     5   167 0.77 -
TRINITY_DN9513_c0_g1_i5:270-857    -            196 119357at7898         -            148   2.1e-08   33.3   0.1   1   1   7.3e-10   2.9e-08   32.9   0.1     2   146     6   165     5   167 0.77 -
TRINITY_DN7244_c0_g1_i2:67-858     -            264 119357at7898         -            148   4.1e-08   32.4   0.0   1   1   1.5e-09     6e-08   31.9   0.0     2   123    61   195    60   217 0.75 -
TRINITY_DN4265_c0_g2_i1:1060-1581  -            174 119357at7898         -            148   4.4e-08   32.3   0.0   1   1   2.4e-09   9.4e-08   31.2   0.0     2   118     2   128     1   171 0.76 -
TRINITY_DN2441_c0_g1_i1:105-614    -            170 119357at7898         -            148   4.4e-08   32.3   0.0   1   1   1.3e-09   5.2e-08   32.1   0.0     2   140    11   164    10   170 0.72 -
TRINITY_DN2441_c0_g1_i2:113-622    -            170 119357at7898         -            148   4.4e-08   32.3   0.0   1   1   1.3e-09   5.2e-08   32.1   0.0     2   140    11   164    10   170 0.72 -
TRINITY_DN2661_c0_g2_i1:0-569      -            190 119357at7898         -            148   4.5e-08   32.3   0.1   1   1   1.4e-09   5.4e-08   32.0   0.1    24   146    25   157     1   159 0.74 -
TRINITY_DN4890_c0_g1_i19:2-385     -            128 119357at7898         -            148   4.6e-08   32.2   0.0   1   1   1.3e-09   5.3e-08   32.1   0.0     1   106    13   128    13   128 0.84 -
TRINITY_DN4890_c0_g1_i6:2-385      -            128 119357at7898         -            148   4.6e-08   32.2   0.0   1   1   1.3e-09   5.3e-08   32.1   0.0     1   106    13   128    13   128 0.84 -
TRINITY_DN18093_c0_g2_i2:54-638    -            195 119357at7898         -            148   5.6e-08   32.0   0.0   1   1     2e-09     8e-08   31.5   0.0     1   108     3   124     3   138 0.73 -
TRINITY_DN7244_c0_g1_i1:10-828     -            273 119357at7898         -            148   5.8e-08   31.9   0.0   1   1   2.8e-09   1.1e-07   31.0   0.0     2   119    70   200    69   219 0.75 -
TRINITY_DN4890_c0_g1_i18:2-385     -            128 119357at7898         -            148   7.4e-08   31.6   0.0   1   1   2.2e-09   8.5e-08   31.4   0.0     1   106    13   128    13   128 0.84 -
TRINITY_DN358_c0_g1_i19:474-953    -            160 119357at7898         -            148   7.4e-08   31.6   0.0   1   1   2.5e-09   9.9e-08   31.2   0.0     2   112     2   122     1   160 0.73 -
TRINITY_DN2916_c0_g1_i1:1531-2019  -            163 119357at7898         -            148   7.8e-08   31.5   0.0   1   1   2.3e-09   9.2e-08   31.3   0.0     2   139     3   156     2   163 0.69 -
TRINITY_DN2916_c0_g1_i3:1531-2019  -            163 119357at7898         -            148   7.8e-08   31.5   0.0   1   1   2.3e-09   9.2e-08   31.3   0.0     2   139     3   156     2   163 0.69 -
TRINITY_DN2916_c0_g1_i4:1506-1994  -            163 119357at7898         -            148   7.8e-08   31.5   0.0   1   1   2.3e-09   9.2e-08   31.3   0.0     2   139     3   156     2   163 0.69 -
TRINITY_DN2916_c0_g1_i6:1525-2013  -            163 119357at7898         -            148   7.8e-08   31.5   0.0   1   1   2.3e-09   9.2e-08   31.3   0.0     2   139     3   156     2   163 0.69 -
TRINITY_DN4616_c0_g1_i2:1228-1698  -            157 119357at7898         -            148     8e-08   31.5   0.0   1   1   2.3e-09     9e-08   31.3   0.0     3   137     7   156     5   157 0.71 -
TRINITY_DN4616_c0_g1_i4:710-1189   -            160 119357at7898         -            148   8.5e-08   31.4   0.0   1   1   2.5e-09   9.7e-08   31.2   0.0     3   137    10   159     8   160 0.71 -
TRINITY_DN4616_c0_g1_i6:1228-1707  -            160 119357at7898         -            148   8.5e-08   31.4   0.0   1   1   2.5e-09   9.7e-08   31.2   0.0     3   137    10   159     8   160 0.71 -
TRINITY_DN358_c0_g1_i15:756-1229   -            158 119357at7898         -            148     9e-08   31.3   0.1   1   1   3.2e-09   1.3e-07   30.8   0.1     2   110     2   120     1   157 0.77 -
TRINITY_DN358_c0_g1_i10:213-680    -            156 119357at7898         -            148     1e-07   31.1   0.1   1   1     4e-09   1.6e-07   30.5   0.1     2   109     2   119     1   138 0.76 -
TRINITY_DN358_c0_g1_i13:213-680    -            156 119357at7898         -            148     1e-07   31.1   0.1   1   1     4e-09   1.6e-07   30.5   0.1     2   109     2   119     1   138 0.76 -
TRINITY_DN4265_c0_g1_i1:881-1432   -            184 119357at7898         -            148     1e-07   31.1   0.0   1   1   5.9e-09   2.3e-07   30.0   0.0     2   118    12   138    11   181 0.76 -
TRINITY_DN2916_c0_g1_i5:514-924    -            137 119357at7898         -            148   1.6e-07   30.5   0.0   1   1   5.1e-09     2e-07   30.2   0.0     2   108     3   120     2   127 0.76 -
TRINITY_DN17605_c0_g1_i1:383-913   -            177 119357at7898         -            148   1.7e-07   30.4   0.0   1   1   5.4e-09   2.1e-07   30.1   0.0     2   143     3   161     2   165 0.71 -
TRINITY_DN21845_c0_g1_i1:425-1003  -            193 119357at7898         -            148   1.8e-07   30.3   0.0   1   1   6.1e-09   2.4e-07   29.9   0.0     2   145     4   162     3   165 0.75 -
TRINITY_DN21845_c0_g1_i2:425-1003  -            193 119357at7898         -            148   1.8e-07   30.3   0.0   1   1   6.1e-09   2.4e-07   29.9   0.0     2   145     4   162     3   165 0.75 -
TRINITY_DN1120_c1_g1_i1:666-1184   -            173 119357at7898         -            148   2.1e-07   30.1   0.0   1   1   6.8e-09   2.7e-07   29.8   0.0     2   145     6   164     5   167 0.77 -
TRINITY_DN12377_c1_g2_i1:1124-1654 -            177 119357at7898         -            148   2.3e-07   30.0   0.0   1   1   7.1e-09   2.8e-07   29.7   0.0     1   147     9   170     9   171 0.79 -
TRINITY_DN2329_c0_g1_i10:168-665   -            166 119357at7898         -            148   2.4e-07   29.9   0.0   1   1   7.1e-09   2.8e-07   29.7   0.0     3   114     8   129     6   166 0.72 -
TRINITY_DN2329_c0_g1_i11:168-665   -            166 119357at7898         -            148   2.4e-07   29.9   0.0   1   1   7.1e-09   2.8e-07   29.7   0.0     3   114     8   129     6   166 0.72 -
TRINITY_DN2329_c0_g1_i15:168-665   -            166 119357at7898         -            148   2.4e-07   29.9   0.0   1   1   7.1e-09   2.8e-07   29.7   0.0     3   114     8   129     6   166 0.72 -
TRINITY_DN2329_c0_g1_i18:168-665   -            166 119357at7898         -            148   2.4e-07   29.9   0.0   1   1   7.1e-09   2.8e-07   29.7   0.0     3   114     8   129     6   166 0.72 -
TRINITY_DN2329_c0_g1_i19:168-665   -            166 119357at7898         -            148   2.4e-07   29.9   0.0   1   1   7.1e-09   2.8e-07   29.7   0.0     3   114     8   129     6   166 0.72 -
TRINITY_DN2329_c0_g1_i20:168-665   -            166 119357at7898         -            148   2.4e-07   29.9   0.0   1   1   7.1e-09   2.8e-07   29.7   0.0     3   114     8   129     6   166 0.72 -
TRINITY_DN2329_c0_g1_i6:168-665    -            166 119357at7898         -            148   2.4e-07   29.9   0.0   1   1   7.1e-09   2.8e-07   29.7   0.0     3   114     8   129     6   166 0.72 -
TRINITY_DN18093_c0_g2_i3:54-638    -            195 119357at7898         -            148   3.6e-07   29.3   0.0   1   1   1.3e-08   5.1e-07   28.9   0.0     1   109     3   125     3   139 0.72 -
TRINITY_DN1097_c0_g2_i1:2189-2668  -            160 119357at7898         -            148   4.1e-07   29.2   0.0   1   1   1.2e-08   4.7e-07   29.0   0.0     3   137    10   159     8   160 0.68 -
TRINITY_DN18598_c0_g2_i1:519-1088  -            190 119357at7898         -            148   4.4e-07   29.1   0.0   1   1   1.7e-08   6.9e-07   28.4   0.0     3   107    15   128    13   172 0.84 -
TRINITY_DN682_c0_g1_i6:1568-2095   -            176 119357at7898         -            148   4.7e-07   29.0   0.0   1   1   1.7e-08   6.7e-07   28.5   0.0     1   143     4   165     4   171 0.65 -
TRINITY_DN18598_c0_g2_i3:519-1088  -            190 119357at7898         -            148   4.7e-07   29.0   0.0   1   1   2.5e-08     1e-06   27.9   0.0     3   107    15   128    13   139 0.83 -
TRINITY_DN18598_c0_g2_i4:519-1088  -            190 119357at7898         -            148   4.7e-07   29.0   0.0   1   1   2.5e-08     1e-06   27.9   0.0     3   107    15   128    13   139 0.83 -
TRINITY_DN260_c0_g2_i13:3533-4039  -            169 119357at7898         -            148   4.9e-07   28.9   0.0   1   1   1.7e-08   6.6e-07   28.5   0.0     1   147     2   164     2   165 0.81 -
TRINITY_DN260_c0_g2_i21:3551-4057  -            169 119357at7898         -            148   4.9e-07   28.9   0.0   1   1   1.7e-08   6.6e-07   28.5   0.0     1   147     2   164     2   165 0.81 -
TRINITY_DN28574_c0_g1_i1:3-257     -             85 119357at7898         -            148   5.8e-07   28.7   0.0   1   1   1.6e-08   6.4e-07   28.5   0.0    29    88    20    81     6    84 0.86 -
TRINITY_DN682_c0_g1_i11:1560-2144  -            195 119357at7898         -            148   6.6e-07   28.5   0.0   1   1   2.5e-08   9.7e-07   27.9   0.0     1   143     2   163     2   169 0.65 -
TRINITY_DN682_c0_g1_i3:1509-2093   -            195 119357at7898         -            148   6.6e-07   28.5   0.0   1   1   2.5e-08   9.7e-07   27.9   0.0     1   143     2   163     2   169 0.65 -
TRINITY_DN682_c0_g1_i5:1167-1751   -            195 119357at7898         -            148   6.6e-07   28.5   0.0   1   1   2.5e-08   9.7e-07   27.9   0.0     1   143     2   163     2   169 0.65 -
TRINITY_DN6600_c3_g2_i1:922-1470   -            183 119357at7898         -            148   7.4e-07   28.3   0.1   1   1   2.2e-08   8.7e-07   28.1   0.1     2   108    15   135    14   179 0.75 -
TRINITY_DN5406_c0_g1_i4:1022-1312  -             97 119357at7898         -            148   1.2e-06   27.7   0.0   1   1   1.9e-07   7.6e-06   25.0   0.0    38   106    17    97     2    97 0.74 -
TRINITY_DN1304_c0_g1_i3:106-627    -            174 119357at7898         -            148   1.2e-06   27.7   0.0   1   1   5.2e-08     2e-06   26.9   0.0     2   120     2   130     1   171 0.74 -
TRINITY_DN1304_c0_g1_i4:1412-1933  -            174 119357at7898         -            148   1.2e-06   27.7   0.0   1   1   5.2e-08     2e-06   26.9   0.0     2   120     2   130     1   171 0.74 -
TRINITY_DN1304_c0_g1_i5:106-627    -            174 119357at7898         -            148   1.2e-06   27.7   0.0   1   1   5.2e-08     2e-06   26.9   0.0     2   120     2   130     1   171 0.74 -
TRINITY_DN1304_c0_g1_i7:1374-1895  -            174 119357at7898         -            148   1.2e-06   27.7   0.0   1   1   5.2e-08     2e-06   26.9   0.0     2   120     2   130     1   171 0.74 -
TRINITY_DN11294_c0_g1_i1:555-1061  -            169 119357at7898         -            148   1.2e-06   27.6   0.0   1   1   3.8e-08   1.5e-06   27.4   0.0     2   108     9   125     8   163 0.82 -
TRINITY_DN11294_c0_g1_i2:555-1061  -            169 119357at7898         -            148   1.2e-06   27.6   0.0   1   1   3.8e-08   1.5e-06   27.4   0.0     2   108     9   125     8   163 0.82 -
TRINITY_DN13166_c0_g2_i1:111-374   -             88 119357at7898         -            148   1.3e-06   27.6   0.0   1   1   4.1e-08   1.6e-06   27.2   0.0     2    62    21    85    20    88 0.79 -
TRINITY_DN5931_c0_g1_i2:187-768    -            194 119357at7898         -            148   1.3e-06   27.5   0.0   1   1   4.3e-08   1.7e-06   27.2   0.0     2   145     8   166     7   168 0.75 -
TRINITY_DN606_c0_g3_i1:28-549      -            174 119357at7898         -            148   1.4e-06   27.5   0.0   1   1   6.1e-08   2.4e-06   26.7   0.0     2   119     2   129     1   171 0.74 -
TRINITY_DN606_c0_g3_i2:28-549      -            174 119357at7898         -            148   1.4e-06   27.5   0.0   1   1   6.1e-08   2.4e-06   26.7   0.0     2   119     2   129     1   171 0.74 -
TRINITY_DN5406_c0_g1_i9:12-335     -            108 119357at7898         -            148   1.4e-06   27.4   0.0   1   1   2.2e-07   8.6e-06   24.9   0.0    38   106    28   108     7   108 0.73 -
TRINITY_DN6642_c0_g1_i2:182-778    -            199 119357at7898         -            148   1.5e-06   27.3   0.0   1   1   5.6e-08   2.2e-06   26.8   0.0     1   143     6   167     6   173 0.63 -
TRINITY_DN6642_c0_g1_i4:182-778    -            199 119357at7898         -            148   1.5e-06   27.3   0.0   1   1   5.6e-08   2.2e-06   26.8   0.0     1   143     6   167     6   173 0.63 -
TRINITY_DN2426_c0_g2_i1:1593-2099  -            169 119357at7898         -            148   1.5e-06   27.3   0.0   1   1   4.7e-08   1.8e-06   27.0   0.0     3   146     8   166     6   168 0.73 -
TRINITY_DN2426_c0_g2_i2:833-1339   -            169 119357at7898         -            148   1.5e-06   27.3   0.0   1   1   4.7e-08   1.8e-06   27.0   0.0     3   146     8   166     6   168 0.73 -
TRINITY_DN5931_c0_g1_i1:142-723    -            194 119357at7898         -            148   1.5e-06   27.3   0.0   1   1     5e-08     2e-06   27.0   0.0     2   145     8   166     7   168 0.75 -
TRINITY_DN4916_c0_g1_i1:457-948    -            164 119357at7898         -            148   1.6e-06   27.3   0.0   1   1   5.6e-08   2.2e-06   26.8   0.0     1   107     3   119     3   139 0.81 -
TRINITY_DN775_c0_g1_i15:1924-2463  -            180 119357at7898         -            148   1.6e-06   27.2   0.0   1   1   4.8e-08   1.9e-06   27.0   0.0     4   147    15   173    12   174 0.76 -
TRINITY_DN775_c0_g1_i3:1982-2521   -            180 119357at7898         -            148   1.6e-06   27.2   0.0   1   1   4.8e-08   1.9e-06   27.0   0.0     4   147    15   173    12   174 0.76 -
TRINITY_DN775_c0_g1_i9:1982-2521   -            180 119357at7898         -            148   1.6e-06   27.2   0.0   1   1   4.8e-08   1.9e-06   27.0   0.0     4   147    15   173    12   174 0.76 -
TRINITY_DN775_c0_g1_i12:2294-2833  -            180 119357at7898         -            148     2e-06   26.9   0.0   1   1   5.9e-08   2.3e-06   26.7   0.0     4   147    15   173    12   174 0.75 -
TRINITY_DN775_c0_g1_i13:736-1275   -            180 119357at7898         -            148     2e-06   26.9   0.0   1   1   5.9e-08   2.3e-06   26.7   0.0     4   147    15   173    12   174 0.75 -
TRINITY_DN775_c0_g1_i6:2294-2833   -            180 119357at7898         -            148     2e-06   26.9   0.0   1   1   5.9e-08   2.3e-06   26.7   0.0     4   147    15   173    12   174 0.75 -
TRINITY_DN5406_c0_g1_i11:42-395    -            118 119357at7898         -            148   2.1e-06   26.9   0.0   1   1   3.1e-07   1.2e-05   24.4   0.0    38   106    38   118    17   118 0.73 -
TRINITY_DN7058_c1_g1_i2:1063-1701  -            213 119357at7898         -            148   2.3e-06   26.8   0.0   1   1   8.7e-08   3.4e-06   26.2   0.0     2   109    16   138    15   157 0.66 -
TRINITY_DN7058_c1_g1_i3:1082-1720  -            213 119357at7898         -            148   2.3e-06   26.8   0.0   1   1   8.7e-08   3.4e-06   26.2   0.0     2   109    16   138    15   157 0.66 -
TRINITY_DN7058_c1_g1_i5:1173-1811  -            213 119357at7898         -            148   2.3e-06   26.8   0.0   1   1   8.7e-08   3.4e-06   26.2   0.0     2   109    16   138    15   157 0.66 -
TRINITY_DN682_c0_g1_i8:1611-2096   -            162 119357at7898         -            148   2.3e-06   26.7   0.0   1   1   7.7e-08     3e-06   26.3   0.0     1   140     3   161     3   162 0.62 -
TRINITY_DN5406_c0_g1_i1:76-444     -            123 119357at7898         -            148   2.4e-06   26.7   0.0   1   1   3.6e-07   1.4e-05   24.2   0.0    38   106    43   123    22   123 0.73 -
TRINITY_DN7745_c0_g1_i11:923-1318  -            132 119357at7898         -            148   2.4e-06   26.7   0.1   1   1   3.3e-07   1.3e-05   24.3   0.1    37   106    49   130    16   132 0.74 -
TRINITY_DN7745_c0_g1_i19:848-1243  -            132 119357at7898         -            148   2.4e-06   26.7   0.1   1   1   3.3e-07   1.3e-05   24.3   0.1    37   106    49   130    16   132 0.74 -
TRINITY_DN7745_c0_g1_i6:923-1318   -            132 119357at7898         -            148   2.4e-06   26.7   0.1   1   1   3.3e-07   1.3e-05   24.3   0.1    37   106    49   130    16   132 0.74 -
TRINITY_DN7745_c0_g1_i8:116-511    -            132 119357at7898         -            148   2.4e-06   26.7   0.1   1   1   3.3e-07   1.3e-05   24.3   0.1    37   106    49   130    16   132 0.74 -
TRINITY_DN5406_c0_g1_i12:1020-1409 -            130 119357at7898         -            148   2.5e-06   26.6   0.0   1   1   4.2e-07   1.7e-05   23.9   0.0    38   106    50   130    29   130 0.73 -
TRINITY_DN5406_c0_g1_i7:944-1333   -            130 119357at7898         -            148   2.5e-06   26.6   0.0   1   1   4.2e-07   1.7e-05   23.9   0.0    38   106    50   130    29   130 0.73 -
TRINITY_DN1304_c0_g2_i1:106-627    -            174 119357at7898         -            148   2.5e-06   26.6   0.0   1   1   1.1e-07   4.2e-06   25.9   0.0     2   119     2   129     1   171 0.75 -
TRINITY_DN12377_c1_g4_i1:1799-2329 -            177 119357at7898         -            148     3e-06   26.3   0.0   1   1   9.7e-08   3.8e-06   26.0   0.0     1   147     9   170     9   171 0.76 -
TRINITY_DN8251_c1_g1_i1:137-418    -             94 119357at7898         -            148   3.1e-06   26.3   0.0   1   1     9e-08   3.5e-06   26.1   0.0    35    87    11    63     1    71 0.83 -
TRINITY_DN8251_c1_g1_i2:137-418    -             94 119357at7898         -            148   3.1e-06   26.3   0.0   1   1     9e-08   3.5e-06   26.1   0.0    35    87    11    63     1    71 0.83 -
TRINITY_DN8251_c1_g1_i4:137-418    -             94 119357at7898         -            148   3.1e-06   26.3   0.0   1   1     9e-08   3.5e-06   26.1   0.0    35    87    11    63     1    71 0.83 -
TRINITY_DN5021_c2_g1_i1:492-998    -            169 119357at7898         -            148   3.2e-06   26.3   0.0   1   1   9.8e-08   3.9e-06   26.0   0.0     2   111     9   128     8   168 0.74 -
TRINITY_DN36324_c0_g2_i1:879-1289  -            137 119357at7898         -            148   3.3e-06   26.2   0.0   1   1   9.2e-08   3.6e-06   26.1   0.0    28   145    10   133     1   136 0.74 -
TRINITY_DN16008_c0_g1_i2:785-1291  -            169 119357at7898         -            148   3.3e-06   26.2   0.1   1   1   9.7e-08   3.8e-06   26.0   0.1     2   112     9   129     8   167 0.77 -
TRINITY_DN8251_c1_g1_i3:137-418    -             94 119357at7898         -            148   3.8e-06   26.0   0.0   1   1   1.1e-07   4.3e-06   25.9   0.0    35    84    11    60     1    71 0.82 -
TRINITY_DN4951_c0_g1_i14:219-677   -            153 119357at7898         -            148   4.8e-06   25.7   0.0   1   1   1.7e-07   6.6e-06   25.3   0.0     2   126     2   140     1   150 0.71 -
TRINITY_DN4951_c0_g1_i1:49-507     -            153 119357at7898         -            148   4.8e-06   25.7   0.0   1   1   1.7e-07   6.6e-06   25.3   0.0     2   126     2   140     1   150 0.71 -
TRINITY_DN4951_c0_g1_i2:219-677    -            153 119357at7898         -            148   4.8e-06   25.7   0.0   1   1   1.7e-07   6.6e-06   25.3   0.0     2   126     2   140     1   150 0.71 -
TRINITY_DN4951_c0_g1_i8:219-677    -            153 119357at7898         -            148   4.8e-06   25.7   0.0   1   1   1.7e-07   6.6e-06   25.3   0.0     2   126     2   140     1   150 0.71 -
TRINITY_DN4951_c0_g1_i9:257-715    -            153 119357at7898         -            148   4.8e-06   25.7   0.0   1   1   1.7e-07   6.6e-06   25.3   0.0     2   126     2   140     1   150 0.71 -
TRINITY_DN42503_c0_g1_i1:389-610   -             74 119357at7898         -            148   4.8e-06   25.7   0.0   1   1   1.4e-07   5.5e-06   25.5   0.0    22    77    10    70     4    73 0.77 -
TRINITY_DN5174_c0_g2_i4:791-1324   -            178 119357at7898         -            148   4.8e-06   25.7   0.1   1   1   1.4e-07   5.6e-06   25.5   0.1     2   145     8   167     7   170 0.73 -
TRINITY_DN7058_c1_g1_i1:120-758    -            213 119357at7898         -            148   5.6e-06   25.5   0.1   1   1   1.9e-07   7.6e-06   25.1   0.1     2   107    16   136    15   172 0.68 -
TRINITY_DN260_c0_g2_i14:1799-2251  -            151 119357at7898         -            148   5.9e-06   25.4   0.0   1   1   1.7e-07   6.8e-06   25.2   0.0     1   108     2   119     2   148 0.83 -
TRINITY_DN260_c0_g2_i2:3533-3985   -            151 119357at7898         -            148   5.9e-06   25.4   0.0   1   1   1.7e-07   6.8e-06   25.2   0.0     1   108     2   119     2   148 0.83 -
TRINITY_DN260_c0_g2_i3:3509-3961   -            151 119357at7898         -            148   5.9e-06   25.4   0.0   1   1   1.7e-07   6.8e-06   25.2   0.0     1   108     2   119     2   148 0.83 -
TRINITY_DN35211_c0_g2_i1:192-824   -            211 119357at7898         -            148   6.1e-06   25.4   0.0   1   1   1.9e-07   7.3e-06   25.1   0.0     2   109     7   126     6   169 0.76 -
TRINITY_DN175_c1_g1_i1:1532-2068   -            179 119357at7898         -            148   7.6e-06   25.0   0.1   1   1   2.2e-07   8.7e-06   24.9   0.1     2   144     2   160     1   164 0.72 -
TRINITY_DN175_c1_g1_i2:1531-2067   -            179 119357at7898         -            148   7.6e-06   25.0   0.1   1   1   2.2e-07   8.7e-06   24.9   0.1     2   144     2   160     1   164 0.72 -
TRINITY_DN175_c1_g1_i5:1460-1996   -            179 119357at7898         -            148   7.6e-06   25.0   0.1   1   1   2.2e-07   8.7e-06   24.9   0.1     2   144     2   160     1   164 0.72 -
TRINITY_DN175_c1_g1_i6:1459-1995   -            179 119357at7898         -            148   7.6e-06   25.0   0.1   1   1   2.2e-07   8.7e-06   24.9   0.1     2   144     2   160     1   164 0.72 -
TRINITY_DN4951_c0_g1_i15:219-677   -            153 119357at7898         -            148   8.1e-06   25.0   0.0   1   1   2.8e-07   1.1e-05   24.5   0.0     2   126     2   140     1   150 0.71 -
TRINITY_DN30543_c0_g1_i1:462-1100  -            213 119357at7898         -            148   8.7e-06   24.9   0.0   1   1   2.8e-07   1.1e-05   24.5   0.0     2   102     7   118     6   169 0.79 -
TRINITY_DN5924_c0_g1_i2:490-966    -            159 119357at7898         -            148   8.9e-06   24.8   0.0   1   1   2.6e-07     1e-05   24.7   0.0     2   138     3   151     2   159 0.73 -
TRINITY_DN5924_c0_g1_i3:483-959    -            159 119357at7898         -            148   8.9e-06   24.8   0.0   1   1   2.6e-07     1e-05   24.7   0.0     2   138     3   151     2   159 0.73 -
TRINITY_DN5924_c0_g1_i4:483-959    -            159 119357at7898         -            148   8.9e-06   24.8   0.0   1   1   2.6e-07     1e-05   24.7   0.0     2   138     3   151     2   159 0.73 -
TRINITY_DN26424_c0_g2_i1:691-1092  -            134 119357at7898         -            148   9.2e-06   24.8   0.1   1   1     3e-06   0.00012   21.2   0.1     2    80     5    96     4   134 0.54 -
TRINITY_DN4951_c0_g1_i13:257-715   -            153 119357at7898         -            148   9.3e-06   24.8   0.0   1   1   3.3e-07   1.3e-05   24.3   0.0     2   126     2   140     1   150 0.70 -
TRINITY_DN5174_c0_g2_i3:915-1472   -            186 119357at7898         -            148   1.1e-05   24.5   0.1   1   1   3.3e-07   1.3e-05   24.3   0.1     2   122     8   141     7   170 0.73 -
TRINITY_DN5174_c0_g2_i6:889-1446   -            186 119357at7898         -            148   1.1e-05   24.5   0.1   1   1   3.3e-07   1.3e-05   24.3   0.1     2   122     8   141     7   170 0.73 -
TRINITY_DN5174_c0_g2_i1:889-1446   -            186 119357at7898         -            148   1.3e-05   24.3   0.1   1   1   3.6e-07   1.4e-05   24.2   0.1     2   122     8   141     7   170 0.74 -
TRINITY_DN8251_c0_g4_i1:689-994    -            102 119357at7898         -            148   1.4e-05   24.2   0.0   1   1     6e-07   2.4e-05   23.4   0.0    43   105     1    75     1    84 0.64 -
TRINITY_DN4890_c0_g1_i14:0-353     -            118 119357at7898         -            148   1.4e-05   24.2   0.0   1   1   4.3e-07   1.7e-05   23.9   0.0     1    88    13   109    13   116 0.80 -
TRINITY_DN5924_c1_g1_i1:115-615    -            167 119357at7898         -            148   1.5e-05   24.1   0.0   1   1   4.9e-07   1.9e-05   23.7   0.0     3   137    12   158    10   166 0.72 -
TRINITY_DN5924_c1_g1_i2:134-634    -            167 119357at7898         -            148   1.5e-05   24.1   0.0   1   1   4.9e-07   1.9e-05   23.7   0.0     3   137    12   158    10   166 0.72 -
TRINITY_DN5924_c1_g1_i3:209-709    -            167 119357at7898         -            148   1.5e-05   24.1   0.0   1   1   4.9e-07   1.9e-05   23.7   0.0     3   137    12   158    10   166 0.72 -
TRINITY_DN16903_c0_g1_i2:283-651   -            123 119357at7898         -            148   1.6e-05   24.0   0.0   1   1   4.5e-07   1.8e-05   23.9   0.0     2   106     8   122     7   123 0.72 -
TRINITY_DN4916_c0_g1_i4:420-1016   -            199 119357at7898         -            148   1.6e-05   24.0   0.0   1   1   6.2e-07   2.5e-05   23.4   0.0     1    93     8   110     8   141 0.78 -
TRINITY_DN4916_c0_g1_i2:420-1016   -            199 119357at7898         -            148   1.6e-05   24.0   0.0   1   1   6.3e-07   2.5e-05   23.4   0.0     1    92     8   109     8   140 0.78 -
TRINITY_DN16903_c0_g1_i1:214-564   -            117 119357at7898         -            148   1.7e-05   23.9   0.0   1   1   4.7e-07   1.9e-05   23.8   0.0     1   106     1   116     1   117 0.72 -
TRINITY_DN790_c0_g1_i2:293-811     -            173 119357at7898         -            148   1.8e-05   23.8   0.0   1   1   5.9e-07   2.3e-05   23.5   0.0     2   113    11   132    10   172 0.71 -
TRINITY_DN790_c0_g1_i3:293-811     -            173 119357at7898         -            148   1.8e-05   23.8   0.0   1   1   5.9e-07   2.3e-05   23.5   0.0     2   113    11   132    10   172 0.71 -
TRINITY_DN10242_c0_g1_i4:164-652   -            163 119357at7898         -            148   1.9e-05   23.8   0.0   1   1   4.9e-07   1.9e-05   23.7   0.0     3   120     4   128     2   163 0.71 -
TRINITY_DN15267_c0_g1_i4:230-853   -            208 119357at7898         -            148     2e-05   23.7   0.0   1   1   6.2e-07   2.4e-05   23.4   0.0     1   141    11   166    11   173 0.72 -
TRINITY_DN15267_c0_g1_i1:196-825   -            210 119357at7898         -            148     2e-05   23.7   0.0   1   1   6.3e-07   2.5e-05   23.4   0.0     1   141    13   168    13   175 0.72 -
TRINITY_DN15267_c0_g1_i6:196-825   -            210 119357at7898         -            148     2e-05   23.7   0.0   1   1   6.3e-07   2.5e-05   23.4   0.0     1   141    13   168    13   175 0.72 -
TRINITY_DN175_c3_g1_i1:6-416       -            137 119357at7898         -            148     2e-05   23.7   0.0   1   1   6.1e-07   2.4e-05   23.4   0.0     2   109     8   125     7   133 0.80 -
TRINITY_DN15267_c0_g1_i3:196-825   -            210 119357at7898         -            148     2e-05   23.7   0.0   1   1   6.3e-07   2.5e-05   23.4   0.0     1   141    13   168    13   175 0.72 -
TRINITY_DN682_c0_g2_i1:1134-1535   -            134 119357at7898         -            148   2.1e-05   23.6   0.0   1   1     7e-07   2.8e-05   23.2   0.0    40   143     2   115     1   121 0.67 -
TRINITY_DN682_c0_g2_i2:1134-1535   -            134 119357at7898         -            148   2.1e-05   23.6   0.0   1   1     7e-07   2.8e-05   23.2   0.0    40   143     2   115     1   121 0.67 -
TRINITY_DN606_c0_g1_i1:1-408       -            136 119357at7898         -            148   2.4e-05   23.4   0.0   1   1   6.6e-07   2.6e-05   23.3   0.0    25   119    20   119     1   130 0.70 -
TRINITY_DN606_c0_g1_i2:1-408       -            136 119357at7898         -            148   2.4e-05   23.4   0.0   1   1   6.6e-07   2.6e-05   23.3   0.0    25   119    20   119     1   130 0.70 -
TRINITY_DN4951_c0_g1_i16:257-715   -            153 119357at7898         -            148   2.6e-05   23.3   0.0   1   1   9.2e-07   3.6e-05   22.8   0.0     2   125     2   139     1   150 0.69 -
TRINITY_DN4951_c0_g1_i4:257-715    -            153 119357at7898         -            148   2.6e-05   23.3   0.0   1   1   9.2e-07   3.6e-05   22.8   0.0     2   125     2   139     1   150 0.69 -
TRINITY_DN3426_c1_g1_i1:596-1159   -            188 119357at7898         -            148   3.7e-05   22.8   0.0   1   1   2.4e-06   9.6e-05   21.5   0.0    37   106    51   120     7   132 0.89 -
TRINITY_DN3426_c1_g1_i2:596-1159   -            188 119357at7898         -            148   3.7e-05   22.8   0.0   1   1   2.4e-06   9.6e-05   21.5   0.0    37   106    51   120     7   132 0.89 -
TRINITY_DN1040_c0_g1_i2:90-653     -            188 119357at7898         -            148   5.8e-05   22.2   0.1   1   2       3.1   1.2e+02    1.7   0.0     3    38    14    50    12    62 0.69 -
TRINITY_DN1040_c0_g1_i2:90-653     -            188 119357at7898         -            148   5.8e-05   22.2   0.1   2   2   1.7e-05   0.00066   18.8   0.0    38   118    68   150    55   185 0.74 -
TRINITY_DN8942_c0_g1_i1:0-491      -            164 119357at7898         -            148   6.7e-05   22.0   0.1   1   1   2.6e-06    0.0001   21.4   0.1    38   143     4   118     2   122 0.78 -
TRINITY_DN8942_c0_g1_i4:0-491      -            164 119357at7898         -            148   6.7e-05   22.0   0.1   1   1   2.6e-06    0.0001   21.4   0.1    38   143     4   118     2   122 0.78 -
TRINITY_DN3483_c0_g1_i4:942-1292   -            117 119357at7898         -            148   6.7e-05   22.0   0.0   1   1   2.1e-06   8.2e-05   21.7   0.0     1   107     3   114     3   116 0.83 -
TRINITY_DN14110_c0_g2_i1:224-628   -            135 119357at7898         -            148     7e-05   21.9   0.1   1   1   2.2e-06   8.6e-05   21.6   0.1     2   105    16   134    15   135 0.63 -
TRINITY_DN44324_c0_g1_i1:293-841   -            183 119357at7898         -            148   7.8e-05   21.8   0.0   1   1   2.5e-06   9.7e-05   21.5   0.0     2   147     3   162     2   163 0.78 -
TRINITY_DN44324_c0_g1_i2:293-841   -            183 119357at7898         -            148   7.8e-05   21.8   0.0   1   1   2.5e-06   9.7e-05   21.5   0.0     2   147     3   162     2   163 0.78 -
TRINITY_DN44324_c0_g1_i4:293-841   -            183 119357at7898         -            148   7.8e-05   21.8   0.0   1   1   2.5e-06   9.7e-05   21.5   0.0     2   147     3   162     2   163 0.78 -
TRINITY_DN44324_c0_g1_i5:293-841   -            183 119357at7898         -            148   7.8e-05   21.8   0.0   1   1   2.5e-06   9.7e-05   21.5   0.0     2   147     3   162     2   163 0.78 -
TRINITY_DN13467_c0_g1_i12:825-1346 -            174 119357at7898         -            148   9.2e-05   21.5   0.0   1   1   1.1e-05   0.00043   19.4   0.0     3   118     4   128     2   172 0.68 -
TRINITY_DN13467_c0_g1_i5:659-1180  -            174 119357at7898         -            148   9.2e-05   21.5   0.0   1   1   1.1e-05   0.00043   19.4   0.0     3   118     4   128     2   172 0.68 -
TRINITY_DN13467_c0_g1_i8:710-1231  -            174 119357at7898         -            148   9.2e-05   21.5   0.0   1   1   1.1e-05   0.00043   19.4   0.0     3   118     4   128     2   172 0.68 -
TRINITY_DN13467_c0_g1_i9:124-645   -            174 119357at7898         -            148   9.2e-05   21.5   0.0   1   1   1.1e-05   0.00043   19.4   0.0     3   118     4   128     2   172 0.68 -
TRINITY_DN19469_c0_g2_i1:745-1689  -            315 119357at7898         -            148   9.4e-05   21.5   0.0   1   1   4.8e-06   0.00019   20.5   0.0     2   109    10   134     9   155 0.68 -
TRINITY_DN19469_c0_g2_i2:711-1655  -            315 119357at7898         -            148   9.4e-05   21.5   0.0   1   1   4.8e-06   0.00019   20.5   0.0     2   109    10   134     9   155 0.68 -
TRINITY_DN2725_c0_g1_i2:80-655     -            192 119357at7898         -            148   9.6e-05   21.5   0.1   1   1   1.5e-05    0.0006   18.9   0.1     2   118     7   137     6   152 0.67 -
TRINITY_DN2725_c0_g1_i5:114-689    -            192 119357at7898         -            148   9.6e-05   21.5   0.1   1   1   1.5e-05    0.0006   18.9   0.1     2   118     7   137     6   152 0.67 -
TRINITY_DN4890_c0_g1_i17:0-308     -            103 119357at7898         -            148   9.6e-05   21.5   0.0   1   1   2.8e-06   0.00011   21.3   0.0     1    72    13    93    13   102 0.74 -
TRINITY_DN1040_c0_g1_i21:85-651    -            189 119357at7898         -            148   0.00011   21.3   0.1   1   1   1.2e-05   0.00047   19.2   0.1    37   117    68   150    13   186 0.78 -
TRINITY_DN5877_c0_g2_i1:219-704    -            162 119357at7898         -            148   0.00015   20.9   0.0   1   1   4.1e-06   0.00016   20.7   0.0     2   108     2   118     1   157 0.77 -
TRINITY_DN2725_c0_g1_i1:38-613     -            192 119357at7898         -            148   0.00015   20.8   0.2   1   1   2.4e-05   0.00093   18.3   0.1     2   118     7   137     6   152 0.67 -
TRINITY_DN9338_c0_g1_i2:1013-1522  -            170 119357at7898         -            148   0.00018   20.6   0.0   1   1   5.6e-06   0.00022   20.3   0.0     1   109    11   129    11   146 0.84 -
TRINITY_DN9338_c0_g1_i4:1043-1552  -            170 119357at7898         -            148   0.00018   20.6   0.0   1   1   5.6e-06   0.00022   20.3   0.0     1   109    11   129    11   146 0.84 -
TRINITY_DN16330_c1_g1_i1:122-670   -            183 119357at7898         -            148   0.00019   20.5   0.0   1   1   1.8e-05   0.00072   18.6   0.0     3   112     9   127     7   180 0.70 -
TRINITY_DN7782_c0_g1_i2:26-427     -            134 119357at7898         -            148    0.0002   20.5   0.0   1   1     6e-06   0.00024   20.2   0.0     1   108     4   121     4   129 0.80 -
TRINITY_DN3483_c0_g1_i3:480-824    -            115 119357at7898         -            148   0.00026   20.1   0.0   1   1   7.1e-06   0.00028   20.0   0.0     1   106     3   113     3   115 0.82 -
TRINITY_DN46059_c0_g1_i1:67-519    -            151 119357at7898         -            148   0.00035   19.6   0.1   1   1   1.1e-05   0.00045   19.3   0.1    33   144    13   131     5   135 0.72 -
TRINITY_DN7782_c0_g1_i7:1523-2002  -            160 119357at7898         -            148   0.00064   18.8   0.0   1   1   1.9e-05   0.00074   18.6   0.0     1   109     4   122     4   146 0.83 -
TRINITY_DN18056_c0_g1_i1:0-374     -            125 119357at7898         -            148    0.0008   18.5   0.0   1   1   3.4e-05    0.0013   17.8   0.0     2    74    24   105    23   117 0.75 -
TRINITY_DN9832_c0_g1_i4:1133-1408  -             92 119357at7898         -            148   0.00092   18.3   0.0   1   1   2.7e-05     0.001   18.1   0.0    64   147     2    91     1    92 0.83 -
TRINITY_DN7782_c0_g1_i1:1157-1639  -            161 119357at7898         -            148   0.00097   18.2   0.0   1   1   2.8e-05    0.0011   18.0   0.0     1   109     2   120     2   154 0.84 -
TRINITY_DN1040_c0_g1_i16:90-653    -            188 119357at7898         -            148    0.0012   17.9   0.1   1   1   0.00024    0.0095   15.0   0.1    37   113    67   145    12   185 0.80 -
TRINITY_DN13780_c0_g1_i3:763-1350  -            196 119357at7898         -            148    0.0013   17.8   0.0   1   1   4.5e-05    0.0018   17.4   0.0    37   145    39   154    32   157 0.75 -
TRINITY_DN13780_c0_g1_i1:856-1530  -            225 119357at7898         -            148    0.0015   17.6   0.0   1   1   6.2e-05    0.0024   16.9   0.0    37   145    68   183    59   186 0.75 -
TRINITY_DN13780_c0_g1_i2:688-1362  -            225 119357at7898         -            148    0.0015   17.6   0.0   1   1   6.2e-05    0.0024   16.9   0.0    37   145    68   183    59   186 0.75 -
TRINITY_DN13780_c0_g1_i4:750-1424  -            225 119357at7898         -            148    0.0015   17.6   0.0   1   1   6.2e-05    0.0024   16.9   0.0    37   145    68   183    59   186 0.75 -
TRINITY_DN18056_c0_g1_i5:43-504    -            125 119357at7898         -            148    0.0017   17.4   0.0   1   1   7.6e-05     0.003   16.6   0.0     2    74    24   105    23   114 0.74 -
TRINITY_DN13347_c0_g1_i1:248-793   -            182 119357at7898         -            148    0.0019   17.3   0.0   1   1   6.2e-05    0.0025   16.9   0.0     2   121     2   131     1   145 0.78 -
TRINITY_DN2759_c0_g2_i1:653-1234   -            194 119357at7898         -            148     0.007   15.4   0.1   1   1   0.00031     0.012   14.7   0.1     3   144     6   171     4   175 0.66 -
TRINITY_DN2759_c0_g2_i2:653-1234   -            194 119357at7898         -            148     0.007   15.4   0.1   1   1   0.00031     0.012   14.7   0.1     3   144     6   171     4   175 0.66 -
TRINITY_DN2759_c0_g2_i3:207-788    -            194 119357at7898         -            148     0.007   15.4   0.1   1   1   0.00031     0.012   14.7   0.1     3   144     6   171     4   175 0.66 -
TRINITY_DN5829_c0_g1_i7:332-2191   -            620 119357at7898         -            148     0.011   14.8   0.3   1   2       0.7        27    3.8   0.2    93   134   109   152     6   166 0.74 -
TRINITY_DN5829_c0_g1_i7:332-2191   -            620 119357at7898         -            148     0.011   14.8   0.3   2   2     0.027       1.1    8.4   0.0    63   112   491   539   486   546 0.89 -
TRINITY_DN5829_c0_g1_i4:9-1604     -            532 119357at7898         -            148     0.015   14.4   0.1   1   2       1.1        43    3.1   0.0    94   134    22    64    14    78 0.73 -
TRINITY_DN5829_c0_g1_i4:9-1604     -            532 119357at7898         -            148     0.015   14.4   0.1   2   2     0.022      0.87    8.6   0.0    63   112   403   451   398   458 0.89 -
TRINITY_DN18056_c0_g1_i4:52-276    -             75 119357at7898         -            148     0.021   13.9   0.1   1   1   0.00054     0.021   13.9   0.1    32    75    15    59     2    69 0.80 -
TRINITY_DN436_c1_g1_i1:3-257       -             85 119357at7898         -            148     0.024   13.7   0.0   1   1    0.0007     0.027   13.5   0.0    63   112    12    62     4    73 0.84 -
TRINITY_DN923_c1_g1_i1:763-2505    -            581 119357at7898         -            148     0.025   13.7   0.1   1   2         1        40    3.3   0.0    91   134   107   152    51   166 0.67 -
TRINITY_DN923_c1_g1_i1:763-2505    -            581 119357at7898         -            148     0.025   13.7   0.1   2   2     0.043       1.7    7.7   0.0    63   113   489   538   458   545 0.83 -
TRINITY_DN7225_c0_g1_i3:166-555    -            130 119357at7898         -            148     0.027   13.5   0.0   1   1    0.0011     0.042   12.9   0.0     1    32    81   117    81   126 0.78 -
TRINITY_DN923_c1_g1_i2:1491-3344   -            618 119357at7898         -            148     0.029   13.4   0.1   1   2       1.1        43    3.1   0.0    91   133   107   151    52   166 0.67 -
TRINITY_DN923_c1_g1_i2:1491-3344   -            618 119357at7898         -            148     0.029   13.4   0.1   2   2     0.047       1.8    7.6   0.0    63   113   489   538   458   545 0.83 -
TRINITY_DN4444_c1_g1_i1:134-832    -            233 119357at7898         -            148     0.031   13.3   0.0   1   1    0.0015     0.058   12.5   0.0     2    79     9   104     8   132 0.71 -
TRINITY_DN1110_c1_g5_i1:714-1943   -            410 119357at7898         -            148     0.092   11.8   0.4   1   2       5.6   2.2e+02    0.8   0.0     2    20    65    83    64   108 0.83 -
TRINITY_DN1110_c1_g5_i1:714-1943   -            410 119357at7898         -            148     0.092   11.8   0.4   2   2     0.022      0.86    8.6   0.2    61   118   144   202   129   214 0.82 -
TRINITY_DN15490_c0_g2_i1:279-692   -            138 119357at7898         -            148     0.096   11.7   0.0   1   2       2.1        81    2.3   0.0     2    28     6    31     5    42 0.86 -
TRINITY_DN15490_c0_g2_i1:279-692   -            138 119357at7898         -            148     0.096   11.7   0.0   2   2     0.038       1.5    7.9   0.0    39    82    59   102    47   126 0.83 -
TRINITY_DN15210_c0_g1_i1:120-599   -            160 119357at7898         -            148      0.11   11.6   0.0   1   1    0.0031      0.12   11.4   0.0    36   121    47   133     1   149 0.84 -
TRINITY_DN8875_c0_g1_i2:955-1449   -            165 119357at7898         -            148      0.12   11.4   0.0   1   1     0.014      0.57    9.2   0.0     2   113     1   126     1   165 0.56 -
#
# Program:         hmmsearch
# Version:         3.1b2 (February 2015)
# Pipeline mode:   SEARCH
# Query file:      /home/ericjuo/Projects/salmo_trutta_rna_seq/busco_downloads/lineages/actinopterygii_odb10/hmms/119357at7898.hmm
# Target file:     /home/ericjuo/Projects/salmo_trutta_rna_seq/data/02_intermediate/busco/run_actinopterygii_odb10/metaeuk_output/initial_results/trinity.Trinity.fasta.modified.fas
# Option settings: hmmsearch --domtblout /home/ericjuo/Projects/salmo_trutta_rna_seq/data/02_intermediate/busco/run_actinopterygii_odb10/hmmer_output/initial_run_results/119357at7898.out --cpu 1 /home/ericjuo/Projects/salmo_trutta_rna_seq/busco_downloads/lineages/actinopterygii_odb10/hmms/119357at7898.hmm /home/ericjuo/Projects/salmo_trutta_rna_seq/data/02_intermediate/busco/run_actinopterygii_odb10/metaeuk_output/initial_results/trinity.Trinity.fasta.modified.fas 
# Current dir:     /home/ericjuo/Projects/salmo_trutta_rna_seq
# Date:            Fri Apr 29 12:52:55 2022
# [ok]
