#                                                                                        --- full sequence --- -------------- this domain -------------   hmm coord   ali coord   env coord
# target name                    accession   tlen query name           accession   qlen   E-value  score  bias   #  of  c-Evalue  i-Evalue  score  bias  from    to  from    to  from    to  acc description of target
#            ------------------- ---------- ----- -------------------- ---------- ----- --------- ------ ----- --- --- --------- --------- ------ ----- ----- ----- ----- ----- ----- ----- ---- ---------------------
TRINITY_DN27048_c0_g1_i2:132-722 -            197 119807at7898         -            136   3.2e-61  205.0  12.5   1   2   7.8e-21   3.6e-17   62.4   3.0     1    56     3    65     3    97 0.84 -
TRINITY_DN27048_c0_g1_i2:132-722 -            197 119807at7898         -            136   3.2e-61  205.0  12.5   2   2   2.5e-46   1.2e-42  144.9   2.3    54   136   106   188    92   188 0.97 -
TRINITY_DN27048_c0_g1_i3:132-722 -            197 119807at7898         -            136   3.2e-61  205.0  12.5   1   2   7.8e-21   3.6e-17   62.4   3.0     1    56     3    65     3    97 0.84 -
TRINITY_DN27048_c0_g1_i3:132-722 -            197 119807at7898         -            136   3.2e-61  205.0  12.5   2   2   2.5e-46   1.2e-42  144.9   2.3    54   136   106   188    92   188 0.97 -
TRINITY_DN27048_c0_g1_i4:127-696 -            190 119807at7898         -            136   4.3e-60  201.4  11.6   1   3     9e-21   4.2e-17   62.2   0.9     1    45     3    54     3    64 0.88 -
TRINITY_DN27048_c0_g1_i4:127-696 -            190 119807at7898         -            136   4.3e-60  201.4  11.6   2   3     0.033   1.5e+02    2.1   0.0    41    54    68    81    60    93 0.81 -
TRINITY_DN27048_c0_g1_i4:127-696 -            190 119807at7898         -            136   4.3e-60  201.4  11.6   3   3   1.2e-45   5.5e-42  142.7   1.7    53   136   105   188    91   188 0.97 -
#
# Program:         hmmsearch
# Version:         3.1b2 (February 2015)
# Pipeline mode:   SEARCH
# Query file:      /home/ericjuo/Projects/salmo_trutta_rna_seq/busco_downloads/lineages/actinopterygii_odb10/hmms/119807at7898.hmm
# Target file:     /home/ericjuo/Projects/salmo_trutta_rna_seq/data/02_intermediate/busco/run_actinopterygii_odb10/metaeuk_output/initial_results/trinity.Trinity.fasta.modified.fas
# Option settings: hmmsearch --domtblout /home/ericjuo/Projects/salmo_trutta_rna_seq/data/02_intermediate/busco/run_actinopterygii_odb10/hmmer_output/initial_run_results/119807at7898.out --cpu 1 /home/ericjuo/Projects/salmo_trutta_rna_seq/busco_downloads/lineages/actinopterygii_odb10/hmms/119807at7898.hmm /home/ericjuo/Projects/salmo_trutta_rna_seq/data/02_intermediate/busco/run_actinopterygii_odb10/metaeuk_output/initial_results/trinity.Trinity.fasta.modified.fas 
# Current dir:     /home/ericjuo/Projects/salmo_trutta_rna_seq
# Date:            Fri Apr 29 12:52:56 2022
# [ok]
