#                                                                                         --- full sequence --- -------------- this domain -------------   hmm coord   ali coord   env coord
# target name                     accession   tlen query name           accession   qlen   E-value  score  bias   #  of  c-Evalue  i-Evalue  score  bias  from    to  from    to  from    to  acc description of target
#             ------------------- ---------- ----- -------------------- ---------- ----- --------- ------ ----- --- --- --------- --------- ------ ----- ----- ----- ----- ----- ----- ----- ---- ---------------------
TRINITY_DN2171_c1_g1_i4:170-892   -            241 120202at7898         -            217  3.9e-118  391.9   8.5   1   2     1e-86   2.8e-84  281.2   2.3     1   147     1   150     1   162 0.94 -
TRINITY_DN2171_c1_g1_i4:170-892   -            241 120202at7898         -            217  3.9e-118  391.9   8.5   2   2   6.2e-36   1.7e-33  115.3   0.4   139   216   161   241   152   241 0.91 -
TRINITY_DN19162_c0_g1_i1:273-1223 -            317 120202at7898         -            217   2.3e-16   59.2   7.1   1   4   1.1e-05    0.0031   16.3   0.1    22    94    53   126    40   134 0.79 -
TRINITY_DN19162_c0_g1_i1:273-1223 -            317 120202at7898         -            217   2.3e-16   59.2   7.1   2   4     0.014       3.9    6.2   0.1    38    95   115   172   111   182 0.81 -
TRINITY_DN19162_c0_g1_i1:273-1223 -            317 120202at7898         -            217   2.3e-16   59.2   7.1   3   4   0.00061      0.16   10.7   0.1    23    88   143   211   133   216 0.82 -
TRINITY_DN19162_c0_g1_i1:273-1223 -            317 120202at7898         -            217   2.3e-16   59.2   7.1   4   4     3e-11   8.1e-09   34.6   0.6    48   137   213   305   210   316 0.82 -
TRINITY_DN19162_c0_g1_i4:273-1223 -            317 120202at7898         -            217   2.3e-16   59.2   7.1   1   4   1.1e-05    0.0031   16.3   0.1    22    94    53   126    40   134 0.79 -
TRINITY_DN19162_c0_g1_i4:273-1223 -            317 120202at7898         -            217   2.3e-16   59.2   7.1   2   4     0.014       3.9    6.2   0.1    38    95   115   172   111   182 0.81 -
TRINITY_DN19162_c0_g1_i4:273-1223 -            317 120202at7898         -            217   2.3e-16   59.2   7.1   3   4   0.00061      0.16   10.7   0.1    23    88   143   211   133   216 0.82 -
TRINITY_DN19162_c0_g1_i4:273-1223 -            317 120202at7898         -            217   2.3e-16   59.2   7.1   4   4     3e-11   8.1e-09   34.6   0.6    48   137   213   305   210   316 0.82 -
TRINITY_DN13127_c1_g3_i1:159-1679 -            507 120202at7898         -            217   1.6e-11   43.4  18.8   1   4       3.8     1e+03   -1.7   0.0    61    95    45    78    14    87 0.58 -
TRINITY_DN13127_c1_g3_i1:159-1679 -            507 120202at7898         -            217   1.6e-11   43.4  18.8   2   4   9.9e-07   0.00027   19.8   3.8    14    98    88   177    75   185 0.85 -
TRINITY_DN13127_c1_g3_i1:159-1679 -            507 120202at7898         -            217   1.6e-11   43.4  18.8   3   4   0.00023     0.063   12.0   0.4    33   119   281   365   276   373 0.83 -
TRINITY_DN13127_c1_g3_i1:159-1679 -            507 120202at7898         -            217   1.6e-11   43.4  18.8   4   4   6.6e-07   0.00018   20.4   0.4    34   127   377   472   371   485 0.88 -
TRINITY_DN53559_c0_g1_i1:118-648  -            177 120202at7898         -            217   2.3e-11   42.9   2.7   1   2       0.3        81    1.9   0.1    60    87    18    45     1    54 0.51 -
TRINITY_DN53559_c0_g1_i1:118-648  -            177 120202at7898         -            217   2.3e-11   42.9   2.7   2   2   4.5e-13   1.2e-10   40.5   1.0    29   131    51   154    43   159 0.87 -
TRINITY_DN2884_c0_g1_i3:74-1402   -            443 120202at7898         -            217   3.2e-11   42.4  11.8   1   4   2.4e-06   0.00065   18.5   0.2    30    96   103   174    88   179 0.80 -
TRINITY_DN2884_c0_g1_i3:74-1402   -            443 120202at7898         -            217   3.2e-11   42.4  11.8   2   4    0.0091       2.5    6.8   1.2    31    78   176   229   173   246 0.74 -
TRINITY_DN2884_c0_g1_i3:74-1402   -            443 120202at7898         -            217   3.2e-11   42.4  11.8   3   4   3.1e-05    0.0085   14.9   0.0    34    96   253   318   245   325 0.84 -
TRINITY_DN2884_c0_g1_i3:74-1402   -            443 120202at7898         -            217   3.2e-11   42.4  11.8   4   4    0.0002     0.055   12.2   0.3    35    96   302   366   300   390 0.82 -
TRINITY_DN2884_c0_g1_i5:74-1402   -            443 120202at7898         -            217   3.2e-11   42.4  11.8   1   4   2.4e-06   0.00065   18.5   0.2    30    96   103   174    88   179 0.80 -
TRINITY_DN2884_c0_g1_i5:74-1402   -            443 120202at7898         -            217   3.2e-11   42.4  11.8   2   4    0.0091       2.5    6.8   1.2    31    78   176   229   173   246 0.74 -
TRINITY_DN2884_c0_g1_i5:74-1402   -            443 120202at7898         -            217   3.2e-11   42.4  11.8   3   4   3.1e-05    0.0085   14.9   0.0    34    96   253   318   245   325 0.84 -
TRINITY_DN2884_c0_g1_i5:74-1402   -            443 120202at7898         -            217   3.2e-11   42.4  11.8   4   4    0.0002     0.055   12.2   0.3    35    96   302   366   300   390 0.82 -
TRINITY_DN35607_c0_g1_i1:14-415   -            134 120202at7898         -            217     4e-11   42.1   1.1   1   2     0.016       4.4    6.0   0.1    51    87     4    40     1    41 0.74 -
TRINITY_DN35607_c0_g1_i1:14-415   -            134 120202at7898         -            217     4e-11   42.1   1.1   2   2   1.1e-12   3.1e-10   39.2   0.3    38   124    33   120    29   134 0.90 -
TRINITY_DN11406_c0_g1_i2:128-790  -            221 120202at7898         -            217   1.6e-09   36.9   4.5   1   1   9.2e-12   2.5e-09   36.2   4.5    20   123    15   125     5   139 0.88 -
TRINITY_DN563_c0_g1_i14:394-2288  -            249 120202at7898         -            217     1e-08   34.2   1.0   1   1   1.2e-10   3.1e-08   32.7   1.1    41   131    65   158    53   172 0.80 -
TRINITY_DN563_c0_g1_i6:394-1140   -            249 120202at7898         -            217     1e-08   34.2   1.0   1   1   1.2e-10   3.1e-08   32.7   1.1    41   131    65   158    53   172 0.80 -
TRINITY_DN563_c0_g1_i10:415-1904  -            251 120202at7898         -            217     1e-08   34.2   1.0   1   1   1.2e-10   3.2e-08   32.6   1.1    41   131    65   158    53   172 0.80 -
TRINITY_DN563_c0_g1_i11:415-1904  -            251 120202at7898         -            217     1e-08   34.2   1.0   1   1   1.2e-10   3.2e-08   32.6   1.1    41   131    65   158    53   172 0.80 -
TRINITY_DN563_c0_g1_i12:415-1167  -            251 120202at7898         -            217     1e-08   34.2   1.0   1   1   1.2e-10   3.2e-08   32.6   1.1    41   131    65   158    53   172 0.80 -
TRINITY_DN563_c0_g1_i3:394-1146   -            251 120202at7898         -            217     1e-08   34.2   1.0   1   1   1.2e-10   3.2e-08   32.6   1.1    41   131    65   158    53   172 0.80 -
TRINITY_DN563_c0_g1_i4:394-2294   -            251 120202at7898         -            217     1e-08   34.2   1.0   1   1   1.2e-10   3.2e-08   32.6   1.1    41   131    65   158    53   172 0.80 -
TRINITY_DN11968_c0_g1_i1:655-1782 -            376 120202at7898         -            217   8.4e-08   31.2   4.6   1   4     0.002      0.54    9.0   0.0    36    96    76   139    58   146 0.81 -
TRINITY_DN11968_c0_g1_i1:655-1782 -            376 120202at7898         -            217   8.4e-08   31.2   4.6   2   4     0.059        16    4.2   0.2    38    79   150   195   139   197 0.75 -
TRINITY_DN11968_c0_g1_i1:655-1782 -            376 120202at7898         -            217   8.4e-08   31.2   4.6   3   4     0.014       3.7    6.3   0.0    34    97   194   259   191   277 0.83 -
TRINITY_DN11968_c0_g1_i1:655-1782 -            376 120202at7898         -            217   8.4e-08   31.2   4.6   4   4   0.00021     0.058   12.2   0.2    35    95   313   374   289   376 0.81 -
TRINITY_DN11968_c0_g1_i2:646-1773 -            376 120202at7898         -            217   8.4e-08   31.2   4.6   1   4     0.002      0.54    9.0   0.0    36    96    76   139    58   146 0.81 -
TRINITY_DN11968_c0_g1_i2:646-1773 -            376 120202at7898         -            217   8.4e-08   31.2   4.6   2   4     0.059        16    4.2   0.2    38    79   150   195   139   197 0.75 -
TRINITY_DN11968_c0_g1_i2:646-1773 -            376 120202at7898         -            217   8.4e-08   31.2   4.6   3   4     0.014       3.7    6.3   0.0    34    97   194   259   191   277 0.83 -
TRINITY_DN11968_c0_g1_i2:646-1773 -            376 120202at7898         -            217   8.4e-08   31.2   4.6   4   4   0.00021     0.058   12.2   0.2    35    95   313   374   289   376 0.81 -
TRINITY_DN17537_c0_g1_i1:496-1509 -            338 120202at7898         -            217   9.9e-07   27.7   1.7   1   4       3.9   1.1e+03   -1.8   0.0    61    77    68    84    59   104 0.67 -
TRINITY_DN17537_c0_g1_i1:496-1509 -            338 120202at7898         -            217   9.9e-07   27.7   1.7   2   4     0.005       1.3    7.7   0.1    34    99   111   176    86   188 0.86 -
TRINITY_DN17537_c0_g1_i1:496-1509 -            338 120202at7898         -            217   9.9e-07   27.7   1.7   3   4    0.0053       1.4    7.6   0.0    39    96   184   241   173   247 0.82 -
TRINITY_DN17537_c0_g1_i1:496-1509 -            338 120202at7898         -            217   9.9e-07   27.7   1.7   4   4   0.00074       0.2   10.4   0.0    43    95   258   315   241   322 0.75 -
TRINITY_DN10110_c0_g1_i2:132-1928 -            599 120202at7898         -            217   5.7e-06   25.3  19.9   1   6     0.055        15    4.3   1.1    38    88   102   156    79   164 0.53 -
TRINITY_DN10110_c0_g1_i2:132-1928 -            599 120202at7898         -            217   5.7e-06   25.3  19.9   2   6      0.81   2.2e+02    0.5   0.2    40    87   173   224   167   231 0.66 -
TRINITY_DN10110_c0_g1_i2:132-1928 -            599 120202at7898         -            217   5.7e-06   25.3  19.9   3   6   3.6e-08   9.8e-06   24.5   0.8    17   119   218   319   212   324 0.81 -
TRINITY_DN10110_c0_g1_i2:132-1928 -            599 120202at7898         -            217   5.7e-06   25.3  19.9   4   6      0.27        72    2.0   0.1    58    98   308   346   297   354 0.79 -
TRINITY_DN10110_c0_g1_i2:132-1928 -            599 120202at7898         -            217   5.7e-06   25.3  19.9   5   6       2.4   6.6e+02   -1.1   0.1    45    89   452   497   441   505 0.60 -
TRINITY_DN10110_c0_g1_i2:132-1928 -            599 120202at7898         -            217   5.7e-06   25.3  19.9   6   6     0.027       7.4    5.3   0.1    35    97   511   575   506   581 0.83 -
TRINITY_DN11092_c2_g1_i1:92-1669  -            526 120202at7898         -            217   6.5e-06   25.1  11.1   1   4      0.81   2.2e+02    0.5   0.1    30    95    88   159    75   168 0.65 -
TRINITY_DN11092_c2_g1_i1:92-1669  -            526 120202at7898         -            217   6.5e-06   25.1  11.1   2   4    0.0099       2.7    6.7   0.2    35    77   215   261   193   274 0.72 -
TRINITY_DN11092_c2_g1_i1:92-1669  -            526 120202at7898         -            217   6.5e-06   25.1  11.1   3   4     0.015         4    6.2   0.1    60    96   290   325   266   332 0.74 -
TRINITY_DN11092_c2_g1_i1:92-1669  -            526 120202at7898         -            217   6.5e-06   25.1  11.1   4   4   1.2e-05    0.0033   16.2   0.4    28    97   324   398   313   408 0.77 -
TRINITY_DN15575_c0_g1_i1:326-2140 -            605 120202at7898         -            217   8.1e-06   24.8   0.3   1   4      0.67   1.8e+02    0.7   0.0    60    97    12    51     2    68 0.70 -
TRINITY_DN15575_c0_g1_i1:326-2140 -            605 120202at7898         -            217   8.1e-06   24.8   0.3   2   4       2.2   5.8e+02   -0.9   0.0    36    91    58   118    35   128 0.54 -
TRINITY_DN15575_c0_g1_i1:326-2140 -            605 120202at7898         -            217   8.1e-06   24.8   0.3   3   4      0.47   1.3e+02    1.2   0.1    33    57   274   298   255   320 0.77 -
TRINITY_DN15575_c0_g1_i1:326-2140 -            605 120202at7898         -            217   8.1e-06   24.8   0.3   4   4   8.9e-06    0.0024   16.7   0.0    35    97   324   390   302   397 0.78 -
TRINITY_DN2928_c0_g1_i10:132-1166 -            345 120202at7898         -            217   9.4e-05   21.3   0.8   1   3      0.28        76    2.0   0.0    62   117    75   128    64   142 0.77 -
TRINITY_DN2928_c0_g1_i10:132-1166 -            345 120202at7898         -            217   9.4e-05   21.3   0.8   2   3     0.042        11    4.7   0.0    35    96   189   250   164   256 0.82 -
TRINITY_DN2928_c0_g1_i10:132-1166 -            345 120202at7898         -            217   9.4e-05   21.3   0.8   3   3   0.00034     0.093   11.5   0.2    40    95   264   324   250   334 0.67 -
TRINITY_DN2928_c0_g1_i11:132-1166 -            345 120202at7898         -            217   9.4e-05   21.3   0.8   1   3      0.28        76    2.0   0.0    62   117    75   128    64   142 0.77 -
TRINITY_DN2928_c0_g1_i11:132-1166 -            345 120202at7898         -            217   9.4e-05   21.3   0.8   2   3     0.042        11    4.7   0.0    35    96   189   250   164   256 0.82 -
TRINITY_DN2928_c0_g1_i11:132-1166 -            345 120202at7898         -            217   9.4e-05   21.3   0.8   3   3   0.00034     0.093   11.5   0.2    40    95   264   324   250   334 0.67 -
TRINITY_DN2928_c0_g1_i3:132-1166  -            345 120202at7898         -            217   9.4e-05   21.3   0.8   1   3      0.28        76    2.0   0.0    62   117    75   128    64   142 0.77 -
TRINITY_DN2928_c0_g1_i3:132-1166  -            345 120202at7898         -            217   9.4e-05   21.3   0.8   2   3     0.042        11    4.7   0.0    35    96   189   250   164   256 0.82 -
TRINITY_DN2928_c0_g1_i3:132-1166  -            345 120202at7898         -            217   9.4e-05   21.3   0.8   3   3   0.00034     0.093   11.5   0.2    40    95   264   324   250   334 0.67 -
TRINITY_DN2928_c0_g1_i8:132-1166  -            345 120202at7898         -            217   9.4e-05   21.3   0.8   1   3      0.28        76    2.0   0.0    62   117    75   128    64   142 0.77 -
TRINITY_DN2928_c0_g1_i8:132-1166  -            345 120202at7898         -            217   9.4e-05   21.3   0.8   2   3     0.042        11    4.7   0.0    35    96   189   250   164   256 0.82 -
TRINITY_DN2928_c0_g1_i8:132-1166  -            345 120202at7898         -            217   9.4e-05   21.3   0.8   3   3   0.00034     0.093   11.5   0.2    40    95   264   324   250   334 0.67 -
TRINITY_DN14395_c0_g1_i2:194-3250 -           1019 120202at7898         -            217   0.00011   21.1  29.4   1   9     0.062        17    4.1   0.4    41    95    61   121    53   129 0.69 -
TRINITY_DN14395_c0_g1_i2:194-3250 -           1019 120202at7898         -            217   0.00011   21.1  29.4   2   9      0.86   2.3e+02    0.4   0.2    40    71   132   167   123   174 0.69 -
TRINITY_DN14395_c0_g1_i2:194-3250 -           1019 120202at7898         -            217   0.00011   21.1  29.4   3   9   7.8e-06    0.0021   16.9   0.1    35    99   183   248   170   253 0.85 -
TRINITY_DN14395_c0_g1_i2:194-3250 -           1019 120202at7898         -            217   0.00011   21.1  29.4   4   9       9.1   2.5e+03   -3.0   0.0    29    44   312   327   272   335 0.53 -
TRINITY_DN14395_c0_g1_i2:194-3250 -           1019 120202at7898         -            217   0.00011   21.1  29.4   5   9       2.8   7.5e+02   -1.3   0.0    65    88   362   386   342   398 0.70 -
TRINITY_DN14395_c0_g1_i2:194-3250 -           1019 120202at7898         -            217   0.00011   21.1  29.4   6   9       0.9   2.5e+02    0.3   0.1    61    95   381   414   366   440 0.66 -
TRINITY_DN14395_c0_g1_i2:194-3250 -           1019 120202at7898         -            217   0.00011   21.1  29.4   7   9    0.0092       2.5    6.8   0.2    33    75   563   608   557   613 0.82 -
TRINITY_DN14395_c0_g1_i2:194-3250 -           1019 120202at7898         -            217   0.00011   21.1  29.4   8   9         1   2.8e+02    0.1   0.3    34    93   618   681   614   685 0.72 -
TRINITY_DN14395_c0_g1_i2:194-3250 -           1019 120202at7898         -            217   0.00011   21.1  29.4   9   9    0.0098       2.6    6.7   0.5    36    96   669   732   651   743 0.83 -
TRINITY_DN14395_c0_g1_i1:194-3235 -           1014 120202at7898         -            217   0.00012   21.0  29.3   1   9     0.066        18    4.0   0.4    41    95    61   121    56   130 0.68 -
TRINITY_DN14395_c0_g1_i1:194-3235 -           1014 120202at7898         -            217   0.00012   21.0  29.3   2   9      0.78   2.1e+02    0.5   0.1    40    71   132   167   120   174 0.70 -
TRINITY_DN14395_c0_g1_i1:194-3235 -           1014 120202at7898         -            217   0.00012   21.0  29.3   3   9   7.6e-06    0.0021   16.9   0.1    35    99   183   248   170   253 0.85 -
TRINITY_DN14395_c0_g1_i1:194-3235 -           1014 120202at7898         -            217   0.00012   21.0  29.3   4   9       9.1   2.5e+03   -3.0   0.0    29    44   312   327   272   335 0.53 -
TRINITY_DN14395_c0_g1_i1:194-3235 -           1014 120202at7898         -            217   0.00012   21.0  29.3   5   9       2.7   7.5e+02   -1.3   0.0    65    88   362   386   342   398 0.70 -
TRINITY_DN14395_c0_g1_i1:194-3235 -           1014 120202at7898         -            217   0.00012   21.0  29.3   6   9       0.9   2.4e+02    0.3   0.1    61    95   381   414   366   440 0.66 -
TRINITY_DN14395_c0_g1_i1:194-3235 -           1014 120202at7898         -            217   0.00012   21.0  29.3   7   9    0.0097       2.6    6.7   0.3    33    75   563   608   557   612 0.82 -
TRINITY_DN14395_c0_g1_i1:194-3235 -           1014 120202at7898         -            217   0.00012   21.0  29.3   8   9       1.2   3.2e+02   -0.1   0.2    34    91   618   679   613   683 0.69 -
TRINITY_DN14395_c0_g1_i1:194-3235 -           1014 120202at7898         -            217   0.00012   21.0  29.3   9   9    0.0083       2.2    7.0   0.6    36    96   669   732   650   748 0.82 -
TRINITY_DN4073_c0_g2_i1:4678-5466 -            263 120202at7898         -            217   0.00022   20.1   1.2   1   2      0.32        88    1.8   0.0    41    76    18    55     1    61 0.77 -
TRINITY_DN4073_c0_g2_i1:4678-5466 -            263 120202at7898         -            217   0.00022   20.1   1.2   2   2   6.3e-06    0.0017   17.2   0.2    42    95   108   164   105   187 0.86 -
TRINITY_DN4073_c0_g2_i3:5080-5868 -            263 120202at7898         -            217   0.00022   20.1   1.2   1   2      0.32        88    1.8   0.0    41    76    18    55     1    61 0.77 -
TRINITY_DN4073_c0_g2_i3:5080-5868 -            263 120202at7898         -            217   0.00022   20.1   1.2   2   2   6.3e-06    0.0017   17.2   0.2    42    95   108   164   105   187 0.86 -
TRINITY_DN18660_c0_g1_i1:2-517    -            172 120202at7898         -            217   0.00043   19.1   3.9   1   3      0.53   1.4e+02    1.1   0.1    51    92     8    47     3    58 0.57 -
TRINITY_DN18660_c0_g1_i1:2-517    -            172 120202at7898         -            217   0.00043   19.1   3.9   2   3   1.2e-05    0.0032   16.3   0.2    34    95    58   122    39   129 0.82 -
TRINITY_DN18660_c0_g1_i1:2-517    -            172 120202at7898         -            217   0.00043   19.1   3.9   3   3      0.23        64    2.2   0.1    57    94   133   169   125   171 0.73 -
TRINITY_DN11818_c0_g3_i1:44-817   -            258 120202at7898         -            217   0.00054   18.8   1.6   1   3      0.15        42    2.8   0.0    36    75    21    64    12    68 0.69 -
TRINITY_DN11818_c0_g3_i1:44-817   -            258 120202at7898         -            217   0.00054   18.8   1.6   2   3     7e-06    0.0019   17.0   0.2    15    95    46   134    38   144 0.75 -
TRINITY_DN11818_c0_g3_i1:44-817   -            258 120202at7898         -            217   0.00054   18.8   1.6   3   3       7.2   1.9e+03   -2.6   0.0    88   109   215   236   213   241 0.85 -
TRINITY_DN7600_c0_g2_i1:170-550   -            127 120202at7898         -            217   0.00078   18.3   0.8   1   2   5.3e-06    0.0014   17.4   0.4    28    87    25    90     3    98 0.74 -
TRINITY_DN7600_c0_g2_i1:170-550   -            127 120202at7898         -            217   0.00078   18.3   0.8   2   2      0.38     1e+02    1.5   0.1    43    96    65   119    58   122 0.54 -
TRINITY_DN37419_c0_g1_i1:49-873   -            275 120202at7898         -            217    0.0011   17.8   8.2   1   4   0.00024     0.064   12.0   1.2    21    90     9    83     4   107 0.82 -
TRINITY_DN37419_c0_g1_i1:49-873   -            275 120202at7898         -            217    0.0011   17.8   8.2   2   4      0.54   1.5e+02    1.0   0.2    39    81   123   142    81   166 0.47 -
TRINITY_DN37419_c0_g1_i1:49-873   -            275 120202at7898         -            217    0.0011   17.8   8.2   3   4    0.0069       1.9    7.2   0.1    36    76   166   206   160   233 0.82 -
TRINITY_DN37419_c0_g1_i1:49-873   -            275 120202at7898         -            217    0.0011   17.8   8.2   4   4       2.4   6.6e+02   -1.1   0.0    39    94   212   272   207   274 0.55 -
TRINITY_DN25647_c0_g2_i1:225-899  -            225 120202at7898         -            217    0.0013   17.5   9.1   1   3      0.72   1.9e+02    0.6   0.0    51    95    22    65    19    74 0.74 -
TRINITY_DN25647_c0_g2_i1:225-899  -            225 120202at7898         -            217    0.0013   17.5   9.1   2   3    0.0059       1.6    7.5   0.4    41    93    56   111    49   118 0.72 -
TRINITY_DN25647_c0_g2_i1:225-899  -            225 120202at7898         -            217    0.0013   17.5   9.1   3   3     8e-05     0.022   13.6   2.4    36    98   123   189   115   205 0.85 -
TRINITY_DN7600_c0_g2_i3:170-604   -            145 120202at7898         -            217    0.0013   17.5   1.5   1   1   8.2e-06    0.0022   16.8   1.5    27    87    42   108    15   139 0.73 -
TRINITY_DN7600_c0_g2_i4:170-604   -            145 120202at7898         -            217    0.0013   17.5   1.5   1   1   8.2e-06    0.0022   16.8   1.5    27    87    42   108    15   139 0.73 -
TRINITY_DN1692_c0_g1_i1:874-2097  -            408 120202at7898         -            217    0.0014   17.5   4.9   1   5      0.11        29    3.3   0.0    62   124    45   105     9   107 0.50 -
TRINITY_DN1692_c0_g1_i1:874-2097  -            408 120202at7898         -            217    0.0014   17.5   4.9   2   5     0.073        20    3.9   0.1    37    75    64   106    29   132 0.47 -
TRINITY_DN1692_c0_g1_i1:874-2097  -            408 120202at7898         -            217    0.0014   17.5   4.9   3   5   0.00019     0.052   12.3   0.0    36    97   135   199   114   217 0.85 -
TRINITY_DN1692_c0_g1_i1:874-2097  -            408 120202at7898         -            217    0.0014   17.5   4.9   4   5       2.7   7.4e+02   -1.3   0.0    83   101   257   275   202   296 0.50 -
TRINITY_DN1692_c0_g1_i1:874-2097  -            408 120202at7898         -            217    0.0014   17.5   4.9   5   5       1.2   3.3e+02   -0.1   0.2    38    96   305   366   298   373 0.67 -
TRINITY_DN4898_c0_g2_i1:1-1146    -            382 120202at7898         -            217    0.0015   17.4   2.6   1   2     0.018       4.9    5.9   0.2    29    85   267   326   255   328 0.83 -
TRINITY_DN4898_c0_g2_i1:1-1146    -            382 120202at7898         -            217    0.0015   17.4   2.6   2   2   6.5e-06    0.0018   17.1   0.4    36   100   297   363   294   380 0.86 -
TRINITY_DN4898_c0_g2_i2:1-1146    -            382 120202at7898         -            217    0.0015   17.4   2.6   1   2     0.018       4.9    5.9   0.2    29    85   267   326   255   328 0.83 -
TRINITY_DN4898_c0_g2_i2:1-1146    -            382 120202at7898         -            217    0.0015   17.4   2.6   2   2   6.5e-06    0.0018   17.1   0.4    36   100   297   363   294   380 0.86 -
TRINITY_DN16127_c0_g1_i2:583-1227 -            215 120202at7898         -            217    0.0042   15.9   1.6   1   4    0.0019      0.51    9.1   0.7    29    88    12    75     6    81 0.72 -
TRINITY_DN16127_c0_g1_i2:583-1227 -            215 120202at7898         -            217    0.0042   15.9   1.6   2   4    0.0012      0.32    9.7   0.6     7    95    35   127    29   129 0.75 -
TRINITY_DN16127_c0_g1_i2:583-1227 -            215 120202at7898         -            217    0.0042   15.9   1.6   3   4      0.11        30    3.3   0.0    36    95    88   150    87   154 0.67 -
TRINITY_DN16127_c0_g1_i2:583-1227 -            215 120202at7898         -            217    0.0042   15.9   1.6   4   4      0.48   1.3e+02    1.2   0.0    39    96   139   200   134   213 0.65 -
TRINITY_DN16127_c0_g1_i3:308-952  -            215 120202at7898         -            217    0.0042   15.9   1.6   1   4    0.0019      0.51    9.1   0.7    29    88    12    75     6    81 0.72 -
TRINITY_DN16127_c0_g1_i3:308-952  -            215 120202at7898         -            217    0.0042   15.9   1.6   2   4    0.0012      0.32    9.7   0.6     7    95    35   127    29   129 0.75 -
TRINITY_DN16127_c0_g1_i3:308-952  -            215 120202at7898         -            217    0.0042   15.9   1.6   3   4      0.11        30    3.3   0.0    36    95    88   150    87   154 0.67 -
TRINITY_DN16127_c0_g1_i3:308-952  -            215 120202at7898         -            217    0.0042   15.9   1.6   4   4      0.48   1.3e+02    1.2   0.0    39    96   139   200   134   213 0.65 -
TRINITY_DN16127_c0_g1_i4:205-849  -            215 120202at7898         -            217    0.0042   15.9   1.6   1   4    0.0019      0.51    9.1   0.7    29    88    12    75     6    81 0.72 -
TRINITY_DN16127_c0_g1_i4:205-849  -            215 120202at7898         -            217    0.0042   15.9   1.6   2   4    0.0012      0.32    9.7   0.6     7    95    35   127    29   129 0.75 -
TRINITY_DN16127_c0_g1_i4:205-849  -            215 120202at7898         -            217    0.0042   15.9   1.6   3   4      0.11        30    3.3   0.0    36    95    88   150    87   154 0.67 -
TRINITY_DN16127_c0_g1_i4:205-849  -            215 120202at7898         -            217    0.0042   15.9   1.6   4   4      0.48   1.3e+02    1.2   0.0    39    96   139   200   134   213 0.65 -
TRINITY_DN16127_c0_g1_i5:217-861  -            215 120202at7898         -            217    0.0042   15.9   1.6   1   4    0.0019      0.51    9.1   0.7    29    88    12    75     6    81 0.72 -
TRINITY_DN16127_c0_g1_i5:217-861  -            215 120202at7898         -            217    0.0042   15.9   1.6   2   4    0.0012      0.32    9.7   0.6     7    95    35   127    29   129 0.75 -
TRINITY_DN16127_c0_g1_i5:217-861  -            215 120202at7898         -            217    0.0042   15.9   1.6   3   4      0.11        30    3.3   0.0    36    95    88   150    87   154 0.67 -
TRINITY_DN16127_c0_g1_i5:217-861  -            215 120202at7898         -            217    0.0042   15.9   1.6   4   4      0.48   1.3e+02    1.2   0.0    39    96   139   200   134   213 0.65 -
TRINITY_DN25647_c0_g1_i1:7-738    -            244 120202at7898         -            217    0.0043   15.9   0.4   1   2      0.32        88    1.8   0.0   172   200   110   138    81   155 0.66 -
TRINITY_DN25647_c0_g1_i1:7-738    -            244 120202at7898         -            217    0.0043   15.9   0.4   2   2   0.00029     0.077   11.8   0.0    35    98   164   231   157   237 0.84 -
TRINITY_DN1870_c0_g1_i1:988-1542  -            185 120202at7898         -            217    0.0057   15.5   0.5   1   2    0.0018       0.5    9.1   0.1    15    95    40   123    27   125 0.84 -
TRINITY_DN1870_c0_g1_i1:988-1542  -            185 120202at7898         -            217    0.0057   15.5   0.5   2   2    0.0038         1    8.1   0.0    38    98   111   154   107   170 0.55 -
TRINITY_DN67851_c0_g1_i1:5-493    -            163 120202at7898         -            217    0.0077   15.0   1.1   1   2     0.097        26    3.5   0.1    45    95    37    86    33   109 0.63 -
TRINITY_DN67851_c0_g1_i1:5-493    -            163 120202at7898         -            217    0.0077   15.0   1.1   2   2   0.00016     0.043   12.6   0.4    62   130    78   159    71   163 0.60 -
TRINITY_DN1692_c0_g1_i1:1795-2430 -            212 120202at7898         -            217    0.0083   14.9   0.7   1   3      0.02       5.4    5.7   0.1    35    78    53   100    47   116 0.76 -
TRINITY_DN1692_c0_g1_i1:1795-2430 -            212 120202at7898         -            217    0.0083   14.9   0.7   2   3    0.0041       1.1    8.0   0.0    34    96   100   165    98   186 0.80 -
TRINITY_DN1692_c0_g1_i1:1795-2430 -            212 120202at7898         -            217    0.0083   14.9   0.7   3   3      0.42   1.1e+02    1.4   0.0    42    95   156   212   149   212 0.55 -
TRINITY_DN24696_c0_g3_i2:23-415   -            131 120202at7898         -            217    0.0092   14.8   5.4   1   2    0.0036      0.99    8.1   0.7    43    96    10    63     3    69 0.72 -
TRINITY_DN24696_c0_g3_i2:23-415   -            131 120202at7898         -            217    0.0092   14.8   5.4   2   2    0.0016      0.42    9.3   0.3    15    57    72   115    68   128 0.85 -
TRINITY_DN3323_c1_g2_i2:173-1198  -            342 120202at7898         -            217     0.015   14.1   2.2   1   3    0.0037         1    8.1   0.1    26    68     7    46     2    56 0.81 -
TRINITY_DN3323_c1_g2_i2:173-1198  -            342 120202at7898         -            217     0.015   14.1   2.2   2   3         1   2.8e+02    0.1   0.1    38   111    68   145    59   161 0.55 -
TRINITY_DN3323_c1_g2_i2:173-1198  -            342 120202at7898         -            217     0.015   14.1   2.2   3   3     0.064        17    4.1   0.2    75   129   166   219   117   223 0.66 -
TRINITY_DN3323_c1_g2_i4:173-1198  -            342 120202at7898         -            217     0.015   14.1   2.2   1   3    0.0037         1    8.1   0.1    26    68     7    46     2    56 0.81 -
TRINITY_DN3323_c1_g2_i4:173-1198  -            342 120202at7898         -            217     0.015   14.1   2.2   2   3         1   2.8e+02    0.1   0.1    38   111    68   145    59   161 0.55 -
TRINITY_DN3323_c1_g2_i4:173-1198  -            342 120202at7898         -            217     0.015   14.1   2.2   3   3     0.064        17    4.1   0.2    75   129   166   219   117   223 0.66 -
#
# Program:         hmmsearch
# Version:         3.1b2 (February 2015)
# Pipeline mode:   SEARCH
# Query file:      /home/ericjuo/Projects/salmo_trutta_rna_seq/busco_downloads/lineages/actinopterygii_odb10/hmms/120202at7898.hmm
# Target file:     /home/ericjuo/Projects/salmo_trutta_rna_seq/data/02_intermediate/busco/run_actinopterygii_odb10/metaeuk_output/initial_results/trinity.Trinity.fasta.modified.fas
# Option settings: hmmsearch --domtblout /home/ericjuo/Projects/salmo_trutta_rna_seq/data/02_intermediate/busco/run_actinopterygii_odb10/hmmer_output/initial_run_results/120202at7898.out --cpu 1 /home/ericjuo/Projects/salmo_trutta_rna_seq/busco_downloads/lineages/actinopterygii_odb10/hmms/120202at7898.hmm /home/ericjuo/Projects/salmo_trutta_rna_seq/data/02_intermediate/busco/run_actinopterygii_odb10/metaeuk_output/initial_results/trinity.Trinity.fasta.modified.fas 
# Current dir:     /home/ericjuo/Projects/salmo_trutta_rna_seq
# Date:            Fri Apr 29 12:52:58 2022
# [ok]
