#                                                                                         --- full sequence --- -------------- this domain -------------   hmm coord   ali coord   env coord
# target name                     accession   tlen query name           accession   qlen   E-value  score  bias   #  of  c-Evalue  i-Evalue  score  bias  from    to  from    to  from    to  acc description of target
#             ------------------- ---------- ----- -------------------- ---------- ----- --------- ------ ----- --- --- --------- --------- ------ ----- ----- ----- ----- ----- ----- ----- ---- ---------------------
TRINITY_DN1227_c0_g3_i1:150-641   -            164 125755at7898         -            147   1.7e-34  118.7  14.2   1   2   4.2e-11     3e-08   33.6   0.4     4    27     7    30     4    46 0.89 -
TRINITY_DN1227_c0_g3_i1:150-641   -            164 125755at7898         -            147   1.7e-34  118.7  14.2   2   2   2.5e-28   1.8e-25   89.5   7.9    26   132    52   162    34   164 0.87 -
TRINITY_DN41821_c0_g2_i1:678-1097 -            140 125755at7898         -            147   9.8e-31  106.5  18.2   1   2   4.9e-11   3.6e-08   33.4   1.1     3    28     1    26     1    45 0.84 -
TRINITY_DN41821_c0_g2_i1:678-1097 -            140 125755at7898         -            147   9.8e-31  106.5  18.2   2   2     2e-24   1.4e-21   76.8  12.4    18   114    39   139    28   140 0.91 -
TRINITY_DN7449_c0_g1_i1:2-400     -            133 125755at7898         -            147   3.6e-27   95.0  15.3   1   2   2.8e-12     2e-09   37.4   0.3     2    44     1    43     1    50 0.82 -
TRINITY_DN7449_c0_g1_i1:2-400     -            133 125755at7898         -            147   3.6e-27   95.0  15.3   2   2   3.2e-19   2.4e-16   59.9  12.0    24   105    48   132    32   133 0.89 -
TRINITY_DN7449_c0_g1_i5:2-400     -            133 125755at7898         -            147   3.6e-27   95.0  15.3   1   2   2.8e-12     2e-09   37.4   0.3     2    44     1    43     1    50 0.82 -
TRINITY_DN7449_c0_g1_i5:2-400     -            133 125755at7898         -            147   3.6e-27   95.0  15.3   2   2   3.2e-19   2.4e-16   59.9  12.0    24   105    48   132    32   133 0.89 -
TRINITY_DN7449_c0_g1_i6:2-409     -            136 125755at7898         -            147   2.7e-23   82.4  12.5   1   2   1.3e-07   9.6e-05   22.2   0.0     2    44     1    46     1    52 0.73 -
TRINITY_DN7449_c0_g1_i6:2-409     -            136 125755at7898         -            147   2.7e-23   82.4  12.5   2   2   3.2e-19   2.4e-16   59.9  11.9    24   105    51   135    35   136 0.89 -
TRINITY_DN7449_c0_g1_i4:289-600   -            104 125755at7898         -            147   6.5e-22   77.9   6.3   1   2   8.6e-13   6.3e-10   39.1   0.4     2    44     4    46     3    53 0.82 -
TRINITY_DN7449_c0_g1_i4:289-600   -            104 125755at7898         -            147   6.5e-22   77.9   6.3   2   2   1.5e-13   1.1e-10   41.5   2.7    24    74    51   104    34   104 0.84 -
TRINITY_DN8781_c0_g1_i1:81-464    -            128 125755at7898         -            147   2.5e-10   40.4   9.6   1   1   3.8e-13   2.8e-10   40.2   9.5    28   107     2    83     1   118 0.90 -
TRINITY_DN3069_c0_g1_i5:789-1877  -            363 125755at7898         -            147     9e-06   25.6   9.4   1   3       7.3   5.3e+03   -2.9   0.1   115   131   166   179   163   192 0.70 -
TRINITY_DN3069_c0_g1_i5:789-1877  -            363 125755at7898         -            147     9e-06   25.6   9.4   2   3       3.6   2.6e+03   -1.9   0.2    36    48   199   211   181   246 0.61 -
TRINITY_DN3069_c0_g1_i5:789-1877  -            363 125755at7898         -            147     9e-06   25.6   9.4   3   3   1.2e-08     9e-06   25.6   9.4    28   104   283   362   272   363 0.90 -
TRINITY_DN6638_c0_g3_i1:134-1288  -            385 125755at7898         -            147   0.00014   21.7   8.0   1   3       8.6   6.3e+03   -3.1   0.0    98   117   123   142   117   148 0.75 -
TRINITY_DN6638_c0_g3_i1:134-1288  -            385 125755at7898         -            147   0.00014   21.7   8.0   2   3       2.3   1.7e+03   -1.3   0.2    93   126   268   304   225   306 0.60 -
TRINITY_DN6638_c0_g3_i1:134-1288  -            385 125755at7898         -            147   0.00014   21.7   8.0   3   3   1.9e-07   0.00014   21.7   8.0    28   104   305   384   296   385 0.87 -
TRINITY_DN6638_c0_g3_i2:159-1313  -            385 125755at7898         -            147   0.00014   21.7   8.0   1   3       8.6   6.3e+03   -3.1   0.0    98   117   123   142   117   148 0.75 -
TRINITY_DN6638_c0_g3_i2:159-1313  -            385 125755at7898         -            147   0.00014   21.7   8.0   2   3       2.3   1.7e+03   -1.3   0.2    93   126   268   304   225   306 0.60 -
TRINITY_DN6638_c0_g3_i2:159-1313  -            385 125755at7898         -            147   0.00014   21.7   8.0   3   3   1.9e-07   0.00014   21.7   8.0    28   104   305   384   296   385 0.87 -
TRINITY_DN6638_c0_g1_i1:251-1408  -            386 125755at7898         -            147   0.00084   19.2   5.8   1   2       2.6   1.9e+03   -1.4   0.1    91   110   269   289   224   310 0.55 -
TRINITY_DN6638_c0_g1_i1:251-1408  -            386 125755at7898         -            147   0.00084   19.2   5.8   2   2   1.1e-06   0.00084   19.2   5.8    28   101   310   386   304   386 0.86 -
TRINITY_DN6638_c0_g1_i2:251-1420  -            390 125755at7898         -            147    0.0019   18.0   5.0   1   2       3.1   2.2e+03   -1.7   3.4   111   131   202   223   195   235 0.66 -
TRINITY_DN6638_c0_g1_i2:251-1420  -            390 125755at7898         -            147    0.0019   18.0   5.0   2   2   2.6e-06    0.0019   18.0   5.0    28   101   314   390   309   390 0.84 -
TRINITY_DN14354_c1_g1_i2:767-1909 -            381 125755at7898         -            147    0.0047   16.8   8.5   1   2       4.3   3.1e+03   -2.1   4.9   115   136   185   206   177   212 0.57 -
TRINITY_DN14354_c1_g1_i2:767-1909 -            381 125755at7898         -            147    0.0047   16.8   8.5   2   2   6.4e-06    0.0047   16.8   8.5    28   105   300   380   293   381 0.89 -
TRINITY_DN14354_c1_g1_i1:767-1921 -            385 125755at7898         -            147    0.0048   16.7   8.5   1   2       4.3   3.2e+03   -2.1   4.9   115   136   189   210   181   216 0.57 -
TRINITY_DN14354_c1_g1_i1:767-1921 -            385 125755at7898         -            147    0.0048   16.7   8.5   2   2   6.5e-06    0.0048   16.7   8.5    28   105   304   384   297   385 0.89 -
TRINITY_DN10530_c0_g1_i1:453-1256 -            268 125755at7898         -            147     0.069   13.0   3.7   1   2    0.0011      0.82    9.5   2.2    69   112    27    70    16    84 0.84 -
TRINITY_DN10530_c0_g1_i1:453-1256 -            268 125755at7898         -            147     0.069   13.0   3.7   2   2      0.14        99    2.7   0.0    30    53   134   157   128   194 0.79 -
TRINITY_DN10530_c0_g1_i2:453-1250 -            266 125755at7898         -            147     0.069   13.0   3.7   1   2    0.0011      0.81    9.5   2.2    69   112    27    70    16    84 0.84 -
TRINITY_DN10530_c0_g1_i2:453-1250 -            266 125755at7898         -            147     0.069   13.0   3.7   2   2      0.13        97    2.8   0.0    30    53   134   157   128   194 0.79 -
TRINITY_DN3931_c0_g2_i2:483-1418  -            312 125755at7898         -            147      0.46   10.3   6.6   1   1   0.00073      0.53   10.1   5.7    15    95    56   136    52   168 0.86 -
TRINITY_DN5899_c0_g1_i1:1811-2992 -            394 125755at7898         -            147         1    9.1   8.7   1   2       4.8   3.5e+03   -2.3   0.2    53    80     5    32     4    39 0.71 -
TRINITY_DN5899_c0_g1_i1:1811-2992 -            394 125755at7898         -            147         1    9.1   8.7   2   2   0.00012     0.088   12.6   3.7    29   119   168   263   152   271 0.77 -
TRINITY_DN5899_c0_g1_i9:1973-3154 -            394 125755at7898         -            147         1    9.1   8.7   1   2       4.8   3.5e+03   -2.3   0.2    53    80     5    32     4    39 0.71 -
TRINITY_DN5899_c0_g1_i9:1973-3154 -            394 125755at7898         -            147         1    9.1   8.7   2   2   0.00012     0.088   12.6   3.7    29   119   168   263   152   271 0.77 -
#
# Program:         hmmsearch
# Version:         3.1b2 (February 2015)
# Pipeline mode:   SEARCH
# Query file:      /home/ericjuo/Projects/salmo_trutta_rna_seq/busco_downloads/lineages/actinopterygii_odb10/hmms/125755at7898.hmm
# Target file:     /home/ericjuo/Projects/salmo_trutta_rna_seq/data/02_intermediate/busco/run_actinopterygii_odb10/metaeuk_output/initial_results/trinity.Trinity.fasta.modified.fas
# Option settings: hmmsearch --domtblout /home/ericjuo/Projects/salmo_trutta_rna_seq/data/02_intermediate/busco/run_actinopterygii_odb10/hmmer_output/initial_run_results/125755at7898.out --cpu 1 /home/ericjuo/Projects/salmo_trutta_rna_seq/busco_downloads/lineages/actinopterygii_odb10/hmms/125755at7898.hmm /home/ericjuo/Projects/salmo_trutta_rna_seq/data/02_intermediate/busco/run_actinopterygii_odb10/metaeuk_output/initial_results/trinity.Trinity.fasta.modified.fas 
# Current dir:     /home/ericjuo/Projects/salmo_trutta_rna_seq
# Date:            Fri Apr 29 12:52:56 2022
# [ok]
