#                                                                                         --- full sequence --- -------------- this domain -------------   hmm coord   ali coord   env coord
# target name                     accession   tlen query name           accession   qlen   E-value  score  bias   #  of  c-Evalue  i-Evalue  score  bias  from    to  from    to  from    to  acc description of target
#             ------------------- ---------- ----- -------------------- ---------- ----- --------- ------ ----- --- --- --------- --------- ------ ----- ----- ----- ----- ----- ----- ----- ---- ---------------------
TRINITY_DN15436_c0_g1_i2:296-1039 -            248 127798at7898         -            158   3.8e-79  263.9  15.7   1   3   2.4e-07    0.0011   18.7   0.1     1    22     1    22     1    38 0.89 -
TRINITY_DN15436_c0_g1_i2:296-1039 -            248 127798at7898         -            158   3.8e-79  263.9  15.7   2   3   5.6e-10   2.6e-06   27.3   0.9    19    47    73   101    60   119 0.86 -
TRINITY_DN15436_c0_g1_i2:296-1039 -            248 127798at7898         -            158   3.8e-79  263.9  15.7   3   3   9.3e-71   4.3e-67  224.8   4.7    35   158   125   248   115   248 0.96 -
TRINITY_DN15436_c0_g1_i1:0-781    -            209 127798at7898         -            158   2.3e-51  173.6   8.4   1   3   1.8e-07   0.00085   19.1   0.1     1    22     1    22     1    39 0.88 -
TRINITY_DN15436_c0_g1_i1:0-781    -            209 127798at7898         -            158   2.3e-51  173.6   8.4   2   3   4.4e-10     2e-06   27.6   0.9    19    47    73   101    62   118 0.86 -
TRINITY_DN15436_c0_g1_i1:0-781    -            209 127798at7898         -            158   2.3e-51  173.6   8.4   3   3   6.8e-42   3.2e-38  131.0   0.2    38   121   129   209   117   209 0.93 -
TRINITY_DN1367_c0_g1_i4:462-2645  -            728 127798at7898         -            158     0.052   13.3   0.4   1   1   2.5e-05      0.12   12.1   0.4    32   140   145   262   123   265 0.70 -
#
# Program:         hmmsearch
# Version:         3.1b2 (February 2015)
# Pipeline mode:   SEARCH
# Query file:      /home/ericjuo/Projects/salmo_trutta_rna_seq/busco_downloads/lineages/actinopterygii_odb10/hmms/127798at7898.hmm
# Target file:     /home/ericjuo/Projects/salmo_trutta_rna_seq/data/02_intermediate/busco/run_actinopterygii_odb10/metaeuk_output/initial_results/trinity.Trinity.fasta.modified.fas
# Option settings: hmmsearch --domtblout /home/ericjuo/Projects/salmo_trutta_rna_seq/data/02_intermediate/busco/run_actinopterygii_odb10/hmmer_output/initial_run_results/127798at7898.out --cpu 1 /home/ericjuo/Projects/salmo_trutta_rna_seq/busco_downloads/lineages/actinopterygii_odb10/hmms/127798at7898.hmm /home/ericjuo/Projects/salmo_trutta_rna_seq/data/02_intermediate/busco/run_actinopterygii_odb10/metaeuk_output/initial_results/trinity.Trinity.fasta.modified.fas 
# Current dir:     /home/ericjuo/Projects/salmo_trutta_rna_seq
# Date:            Fri Apr 29 12:53:06 2022
# [ok]
