#                                                                                        --- full sequence --- -------------- this domain -------------   hmm coord   ali coord   env coord
# target name                    accession   tlen query name           accession   qlen   E-value  score  bias   #  of  c-Evalue  i-Evalue  score  bias  from    to  from    to  from    to  acc description of target
#            ------------------- ---------- ----- -------------------- ---------- ----- --------- ------ ----- --- --- --------- --------- ------ ----- ----- ----- ----- ----- ----- ----- ---- ---------------------
TRINITY_DN13689_c0_g1_i1:403-642 -             80 134265at7898         -             70   2.3e-40  136.3   3.3   1   1   7.5e-44   2.6e-40  136.1   3.3     1    70     8    80     8    80 0.98 -
TRINITY_DN1640_c0_g2_i1:386-1345 -            320 134265at7898         -             70      0.21   11.5   1.7   1   4      0.62   2.1e+03   -1.4   0.0    22    54   105   138   103   141 0.65 -
TRINITY_DN1640_c0_g2_i1:386-1345 -            320 134265at7898         -             70      0.21   11.5   1.7   2   4      0.11   3.9e+02    1.0   0.1    54    70   163   179   157   179 0.82 -
TRINITY_DN1640_c0_g2_i1:386-1345 -            320 134265at7898         -             70      0.21   11.5   1.7   3   4       2.2   7.6e+03   -3.1   0.0    26    39   209   222   204   225 0.73 -
TRINITY_DN1640_c0_g2_i1:386-1345 -            320 134265at7898         -             70      0.21   11.5   1.7   4   4     0.001       3.6    7.5   0.0     4    24   294   314   292   316 0.89 -
TRINITY_DN1640_c0_g2_i5:386-1345 -            320 134265at7898         -             70      0.21   11.5   1.7   1   4      0.62   2.1e+03   -1.4   0.0    22    54   105   138   103   141 0.65 -
TRINITY_DN1640_c0_g2_i5:386-1345 -            320 134265at7898         -             70      0.21   11.5   1.7   2   4      0.11   3.9e+02    1.0   0.1    54    70   163   179   157   179 0.82 -
TRINITY_DN1640_c0_g2_i5:386-1345 -            320 134265at7898         -             70      0.21   11.5   1.7   3   4       2.2   7.6e+03   -3.1   0.0    26    39   209   222   204   225 0.73 -
TRINITY_DN1640_c0_g2_i5:386-1345 -            320 134265at7898         -             70      0.21   11.5   1.7   4   4     0.001       3.6    7.5   0.0     4    24   294   314   292   316 0.89 -
TRINITY_DN1640_c0_g2_i6:386-1345 -            320 134265at7898         -             70      0.21   11.5   1.7   1   4      0.62   2.1e+03   -1.4   0.0    22    54   105   138   103   141 0.65 -
TRINITY_DN1640_c0_g2_i6:386-1345 -            320 134265at7898         -             70      0.21   11.5   1.7   2   4      0.11   3.9e+02    1.0   0.1    54    70   163   179   157   179 0.82 -
TRINITY_DN1640_c0_g2_i6:386-1345 -            320 134265at7898         -             70      0.21   11.5   1.7   3   4       2.2   7.6e+03   -3.1   0.0    26    39   209   222   204   225 0.73 -
TRINITY_DN1640_c0_g2_i6:386-1345 -            320 134265at7898         -             70      0.21   11.5   1.7   4   4     0.001       3.6    7.5   0.0     4    24   294   314   292   316 0.89 -
#
# Program:         hmmsearch
# Version:         3.1b2 (February 2015)
# Pipeline mode:   SEARCH
# Query file:      /home/ericjuo/Projects/salmo_trutta_rna_seq/busco_downloads/lineages/actinopterygii_odb10/hmms/134265at7898.hmm
# Target file:     /home/ericjuo/Projects/salmo_trutta_rna_seq/data/02_intermediate/busco/run_actinopterygii_odb10/metaeuk_output/initial_results/trinity.Trinity.fasta.modified.fas
# Option settings: hmmsearch --domtblout /home/ericjuo/Projects/salmo_trutta_rna_seq/data/02_intermediate/busco/run_actinopterygii_odb10/hmmer_output/initial_run_results/134265at7898.out --cpu 1 /home/ericjuo/Projects/salmo_trutta_rna_seq/busco_downloads/lineages/actinopterygii_odb10/hmms/134265at7898.hmm /home/ericjuo/Projects/salmo_trutta_rna_seq/data/02_intermediate/busco/run_actinopterygii_odb10/metaeuk_output/initial_results/trinity.Trinity.fasta.modified.fas 
# Current dir:     /home/ericjuo/Projects/salmo_trutta_rna_seq
# Date:            Fri Apr 29 12:53:08 2022
# [ok]
