#                                                                                           --- full sequence --- -------------- this domain -------------   hmm coord   ali coord   env coord
# target name                       accession   tlen query name           accession   qlen   E-value  score  bias   #  of  c-Evalue  i-Evalue  score  bias  from    to  from    to  from    to  acc description of target
#               ------------------- ---------- ----- -------------------- ---------- ----- --------- ------ ----- --- --- --------- --------- ------ ----- ----- ----- ----- ----- ----- ----- ---- ---------------------
TRINITY_DN9068_c1_g2_i1:197-3656    -           1066 13992at7898          -            887  4.4e-205  683.2  11.0   1   3  4.8e-157  1.5e-154  515.9   4.0     1   461    10   508    10   513 0.91 -
TRINITY_DN9068_c1_g2_i1:197-3656    -           1066 13992at7898          -            887  4.4e-205  683.2  11.0   2   3   1.5e-43   4.7e-41  140.4   0.1   442   743   514   828   509   841 0.85 -
TRINITY_DN9068_c1_g2_i1:197-3656    -           1066 13992at7898          -            887  4.4e-205  683.2  11.0   3   3   3.1e-10   9.9e-08   30.1   0.1   814   872   997  1057   905  1066 0.74 -
TRINITY_DN9068_c1_g2_i5:197-3394    -           1066 13992at7898          -            887  5.8e-204  679.4  11.4   1   3  4.8e-157  1.5e-154  515.9   4.0     1   461    10   508    10   513 0.91 -
TRINITY_DN9068_c1_g2_i5:197-3394    -           1066 13992at7898          -            887  5.8e-204  679.4  11.4   2   3   1.5e-42   4.8e-40  137.1   0.1   442   743   514   828   509   841 0.85 -
TRINITY_DN9068_c1_g2_i5:197-3394    -           1066 13992at7898          -            887  5.8e-204  679.4  11.4   3   3   3.1e-10   9.9e-08   30.1   0.1   814   872   997  1057   905  1066 0.74 -
TRINITY_DN9068_c1_g2_i4:197-2650    -            818 13992at7898          -            887    1e-194  648.9   8.2   1   2  2.7e-157  8.5e-155  516.8   4.1     1   461    10   508    10   513 0.91 -
TRINITY_DN9068_c1_g2_i4:197-2650    -            818 13992at7898          -            887    1e-194  648.9   8.2   2   2     1e-41   3.2e-39  134.4   0.1   442   732   514   817   510   818 0.86 -
TRINITY_DN9068_c1_g2_i3:197-1930    -            578 13992at7898          -            887  4.5e-160  534.2   4.8   1   2  9.4e-158    3e-155  518.3   4.2     1   461    10   508    10   513 0.91 -
TRINITY_DN9068_c1_g2_i3:197-1930    -            578 13992at7898          -            887  4.5e-160  534.2   4.8   2   2   1.4e-05    0.0044   14.8   0.0   442   489   514   562   509   574 0.91 -
TRINITY_DN5065_c1_g1_i2:0-1097      -            366 13992at7898          -            887  5.5e-113  378.4   2.7   1   1  2.1e-115  6.7e-113  378.1   2.7     1   334     5   366     5   366 0.90 -
TRINITY_DN5065_c0_g1_i21:855-2861   -            669 13992at7898          -            887  3.5e-106  355.9  10.9   1   1  9.6e-106    3e-103  346.2  10.9   292   875     1   661     1   667 0.81 -
TRINITY_DN5065_c0_g1_i17:836-2761   -            642 13992at7898          -            887   6.1e-98  328.6  10.1   1   1     5e-97   1.6e-94  317.3  10.1   318   875     1   634     1   640 0.81 -
TRINITY_DN5065_c0_g1_i5:1332-2957   -            542 13992at7898          -            887   9.9e-86  288.2   3.6   1   1   6.3e-86     2e-83  280.6   3.6   318   782     1   513     1   524 0.85 -
TRINITY_DN8475_c0_g1_i17:617-3607   -            997 13992at7898          -            887   2.8e-79  266.9  12.1   1   3   1.1e-71   3.6e-69  233.5   4.3     2   462     1   514     1   526 0.80 -
TRINITY_DN8475_c0_g1_i17:617-3607   -            997 13992at7898          -            887   2.8e-79  266.9  12.1   2   3   2.9e-06   0.00092   17.0   0.0   492   749   573   832   550   839 0.76 -
TRINITY_DN8475_c0_g1_i17:617-3607   -            997 13992at7898          -            887   2.8e-79  266.9  12.1   3   3   1.5e-05    0.0048   14.6   0.3   818   865   950   997   922   997 0.80 -
TRINITY_DN8475_c0_g1_i16:598-3627   -           1010 13992at7898          -            887   3.8e-79  266.5  11.3   1   3   1.5e-71   4.7e-69  233.0   3.6     1   462    13   527    13   539 0.80 -
TRINITY_DN8475_c0_g1_i16:598-3627   -           1010 13992at7898          -            887   3.8e-79  266.5  11.3   2   3     3e-06   0.00094   17.0   0.0   492   749   586   845   563   852 0.76 -
TRINITY_DN8475_c0_g1_i16:598-3627   -           1010 13992at7898          -            887   3.8e-79  266.5  11.3   3   3   1.6e-05    0.0049   14.6   0.3   818   865   963  1010   935  1010 0.80 -
TRINITY_DN8475_c0_g1_i18:618-3647   -           1010 13992at7898          -            887   3.8e-79  266.5  11.3   1   3   1.5e-71   4.7e-69  233.0   3.6     1   462    13   527    13   539 0.80 -
TRINITY_DN8475_c0_g1_i18:618-3647   -           1010 13992at7898          -            887   3.8e-79  266.5  11.3   2   3     3e-06   0.00094   17.0   0.0   492   749   586   845   563   852 0.76 -
TRINITY_DN8475_c0_g1_i18:618-3647   -           1010 13992at7898          -            887   3.8e-79  266.5  11.3   3   3   1.6e-05    0.0049   14.6   0.3   818   865   963  1010   935  1010 0.80 -
TRINITY_DN8475_c0_g1_i19:560-3589   -           1010 13992at7898          -            887   3.8e-79  266.5  11.3   1   3   1.5e-71   4.7e-69  233.0   3.6     1   462    13   527    13   539 0.80 -
TRINITY_DN8475_c0_g1_i19:560-3589   -           1010 13992at7898          -            887   3.8e-79  266.5  11.3   2   3     3e-06   0.00094   17.0   0.0   492   749   586   845   563   852 0.76 -
TRINITY_DN8475_c0_g1_i19:560-3589   -           1010 13992at7898          -            887   3.8e-79  266.5  11.3   3   3   1.6e-05    0.0049   14.6   0.3   818   865   963  1010   935  1010 0.80 -
TRINITY_DN40359_c0_g1_i33:1434-5137 -           1072 13992at7898          -            887   3.4e-73  246.7   5.5   1   4   2.2e-19   6.9e-17   60.4   0.0    14   183    25   206     9   215 0.79 -
TRINITY_DN40359_c0_g1_i33:1434-5137 -           1072 13992at7898          -            887   3.4e-73  246.7   5.5   2   4   5.2e-47   1.6e-44  151.8   0.2   191   463   243   532   239   546 0.82 -
TRINITY_DN40359_c0_g1_i33:1434-5137 -           1072 13992at7898          -            887   3.4e-73  246.7   5.5   3   4   2.6e-05    0.0082   13.9   0.0   537   719   657   843   542   877 0.81 -
TRINITY_DN40359_c0_g1_i33:1434-5137 -           1072 13992at7898          -            887   3.4e-73  246.7   5.5   4   4   3.3e-07    0.0001   20.2   0.2   832   868   996  1032   974  1046 0.89 -
TRINITY_DN40359_c0_g1_i23:1653-5268 -           1042 13992at7898          -            887   5.5e-73  246.1   5.7   1   4   2.1e-19   6.6e-17   60.5   0.0    14   183    25   206     9   215 0.79 -
TRINITY_DN40359_c0_g1_i23:1653-5268 -           1042 13992at7898          -            887   5.5e-73  246.1   5.7   2   4     5e-47   1.6e-44  151.9   0.2   191   463   243   532   239   546 0.82 -
TRINITY_DN40359_c0_g1_i23:1653-5268 -           1042 13992at7898          -            887   5.5e-73  246.1   5.7   3   4   2.5e-05    0.0078   13.9   0.0   537   719   657   843   542   877 0.81 -
TRINITY_DN40359_c0_g1_i23:1653-5268 -           1042 13992at7898          -            887   5.5e-73  246.1   5.7   4   4   5.2e-07   0.00016   19.5   0.3   832   866   996  1030   974  1040 0.89 -
TRINITY_DN40359_c0_g1_i9:1653-5338  -           1040 13992at7898          -            887   2.2e-72  244.1   5.6   1   4   8.9e-19   2.8e-16   58.4   0.0    14   183    25   204     9   213 0.79 -
TRINITY_DN40359_c0_g1_i9:1653-5338  -           1040 13992at7898          -            887   2.2e-72  244.1   5.6   2   4   4.9e-47   1.6e-44  151.9   0.2   191   463   241   530   237   544 0.82 -
TRINITY_DN40359_c0_g1_i9:1653-5338  -           1040 13992at7898          -            887   2.2e-72  244.1   5.6   3   4   2.5e-05    0.0078   13.9   0.0   537   719   655   841   540   875 0.81 -
TRINITY_DN40359_c0_g1_i9:1653-5338  -           1040 13992at7898          -            887   2.2e-72  244.1   5.6   4   4   5.2e-07   0.00016   19.5   0.3   832   866   994  1028   972  1038 0.89 -
TRINITY_DN40359_c0_g1_i22:1434-5490 -           1071 13992at7898          -            887     2e-71  240.9   5.2   1   4   2.2e-19   6.9e-17   60.4   0.0    14   183    25   206     9   215 0.79 -
TRINITY_DN40359_c0_g1_i22:1434-5490 -           1071 13992at7898          -            887     2e-71  240.9   5.2   2   4   5.2e-47   1.6e-44  151.8   0.2   191   463   243   532   239   546 0.82 -
TRINITY_DN40359_c0_g1_i22:1434-5490 -           1071 13992at7898          -            887     2e-71  240.9   5.2   3   4   2.6e-05    0.0082   13.9   0.0   537   719   657   843   542   877 0.81 -
TRINITY_DN40359_c0_g1_i22:1434-5490 -           1071 13992at7898          -            887     2e-71  240.9   5.2   4   4   2.2e-05    0.0069   14.1   0.2   832   867   996  1030   974  1047 0.86 -
TRINITY_DN3642_c0_g1_i8:174-3447    -           1056 13992at7898          -            887   2.1e-71  240.8   3.6   1   4   7.1e-19   2.2e-16   58.7   0.0     2   184     1   198     1   210 0.76 -
TRINITY_DN3642_c0_g1_i8:174-3447    -           1056 13992at7898          -            887   2.1e-71  240.8   3.6   2   4   8.2e-45   2.6e-42  144.6   0.1   191   461   234   521   230   541 0.84 -
TRINITY_DN3642_c0_g1_i8:174-3447    -           1056 13992at7898          -            887   2.1e-71  240.8   3.6   3   4   8.4e-07   0.00026   18.8   0.0   537   750   646   865   556   873 0.79 -
TRINITY_DN3642_c0_g1_i8:174-3447    -           1056 13992at7898          -            887   2.1e-71  240.8   3.6   4   4   3.7e-06    0.0012   16.7   0.1   836   872   989  1025   968  1042 0.83 -
TRINITY_DN3642_c0_g1_i9:174-3245    -           1024 13992at7898          -            887   5.3e-70  236.2   6.8   1   4   6.8e-19   2.1e-16   58.8   0.0     2   184     1   198     1   210 0.76 -
TRINITY_DN3642_c0_g1_i9:174-3245    -           1024 13992at7898          -            887   5.3e-70  236.2   6.8   2   4   7.7e-45   2.4e-42  144.7   0.1   191   461   234   521   230   541 0.84 -
TRINITY_DN3642_c0_g1_i9:174-3245    -           1024 13992at7898          -            887   5.3e-70  236.2   6.8   3   4   7.9e-07   0.00025   18.9   0.0   537   750   646   865   556   873 0.79 -
TRINITY_DN3642_c0_g1_i9:174-3245    -           1024 13992at7898          -            887   5.3e-70  236.2   6.8   4   4     2e-05    0.0063   14.2   0.8   836   868   989  1021   968  1023 0.89 -
TRINITY_DN40359_c0_g1_i7:1653-4643  -            997 13992at7898          -            887   1.6e-69  234.6   8.0   1   4   1.6e-16     5e-14   51.0   0.1    33   183     2   161     1   170 0.79 -
TRINITY_DN40359_c0_g1_i7:1653-4643  -            997 13992at7898          -            887   1.6e-69  234.6   8.0   2   4   4.6e-47   1.4e-44  152.0   0.2   191   463   198   487   194   501 0.82 -
TRINITY_DN40359_c0_g1_i7:1653-4643  -            997 13992at7898          -            887   1.6e-69  234.6   8.0   3   4   2.3e-05    0.0073   14.0   0.0   537   719   612   798   497   832 0.81 -
TRINITY_DN40359_c0_g1_i7:1653-4643  -            997 13992at7898          -            887   1.6e-69  234.6   8.0   4   4   4.9e-07   0.00015   19.6   0.3   832   866   951   985   929   995 0.89 -
TRINITY_DN3642_c0_g1_i7:174-2765    -            864 13992at7898          -            887   7.8e-67  225.7   0.7   1   3   5.1e-19   1.6e-16   59.2   0.0     2   184     1   198     1   210 0.76 -
TRINITY_DN3642_c0_g1_i7:174-2765    -            864 13992at7898          -            887   7.8e-67  225.7   0.7   2   3     5e-45   1.6e-42  145.3   0.1   191   461   234   521   230   542 0.84 -
TRINITY_DN3642_c0_g1_i7:174-2765    -            864 13992at7898          -            887   7.8e-67  225.7   0.7   3   3   1.4e-06   0.00046   18.0   0.0   537   736   646   847   555   863 0.79 -
TRINITY_DN7917_c1_g2_i1:534-3638    -           1035 13992at7898          -            887   2.5e-66  224.0   2.1   1   2   6.6e-61   2.1e-58  197.8   1.4     2   745     2   838     1   846 0.70 -
TRINITY_DN7917_c1_g2_i1:534-3638    -           1035 13992at7898          -            887   2.5e-66  224.0   2.1   2   2   1.7e-07   5.3e-05   21.1   0.0   818   878   960  1021   935  1028 0.75 -
TRINITY_DN24548_c0_g1_i1:0-2690     -            897 13992at7898          -            887     1e-59  202.2   8.1   1   3   1.5e-52   4.8e-50  170.2   3.8   149   460    29   371    20   380 0.79 -
TRINITY_DN24548_c0_g1_i1:0-2690     -            897 13992at7898          -            887     1e-59  202.2   8.1   2   3   0.00051      0.16    9.6   0.0   494   655   436   608   405   704 0.63 -
TRINITY_DN24548_c0_g1_i1:0-2690     -            897 13992at7898          -            887     1e-59  202.2   8.1   3   3     1e-07   3.2e-05   21.8   0.1   833   877   835   880   769   888 0.79 -
TRINITY_DN6311_c0_g1_i11:287-3445   -           1053 13992at7898          -            887   6.3e-58  196.2   4.3   1   4   3.7e-13   1.2e-10   39.8   0.0     2   184    20   219    19   225 0.71 -
TRINITY_DN6311_c0_g1_i11:287-3445   -           1053 13992at7898          -            887   6.3e-58  196.2   4.3   2   4   2.8e-40   8.8e-38  129.6   0.1   190   460   250   537   247   543 0.82 -
TRINITY_DN6311_c0_g1_i11:287-3445   -           1053 13992at7898          -            887   6.3e-58  196.2   4.3   3   4   8.3e-06    0.0026   15.5   0.0   486   687   590   810   565   875 0.69 -
TRINITY_DN6311_c0_g1_i11:287-3445   -           1053 13992at7898          -            887   6.3e-58  196.2   4.3   4   4   0.00054      0.17    9.5   0.2   834   864  1002  1032   972  1048 0.82 -
TRINITY_DN26202_c0_g1_i1:119-2395   -            759 13992at7898          -            887   3.2e-57  193.9   1.5   1   2   1.9e-13     6e-11   40.8   0.1    13   181    14   199     3   208 0.77 -
TRINITY_DN26202_c0_g1_i1:119-2395   -            759 13992at7898          -            887   3.2e-57  193.9   1.5   2   2   1.2e-46   3.7e-44  150.7   0.1   191   658   234   752   228   759 0.75 -
TRINITY_DN26202_c0_g1_i2:119-2395   -            759 13992at7898          -            887   8.9e-56  189.1   1.0   1   2   1.9e-13     6e-11   40.8   0.1    13   181    14   199     3   208 0.77 -
TRINITY_DN26202_c0_g1_i2:119-2395   -            759 13992at7898          -            887   8.9e-56  189.1   1.0   2   2   4.6e-45   1.4e-42  145.4   0.1   191   658   234   752   228   759 0.74 -
TRINITY_DN1919_c1_g1_i10:1115-2914  -            600 13992at7898          -            887   7.3e-55  186.1   1.2   1   1   7.1e-56   2.2e-53  181.2   1.2   156   663     2   564     1   597 0.70 -
TRINITY_DN1919_c1_g1_i1:1115-2914   -            600 13992at7898          -            887   7.3e-55  186.1   1.2   1   1   7.1e-56   2.2e-53  181.2   1.2   156   663     2   564     1   597 0.70 -
TRINITY_DN1919_c1_g1_i4:1115-2914   -            600 13992at7898          -            887   7.3e-55  186.1   1.2   1   1   7.1e-56   2.2e-53  181.2   1.2   156   663     2   564     1   597 0.70 -
TRINITY_DN1919_c1_g1_i5:1115-2914   -            600 13992at7898          -            887   7.3e-55  186.1   1.2   1   1   7.1e-56   2.2e-53  181.2   1.2   156   663     2   564     1   597 0.70 -
TRINITY_DN11092_c0_g1_i6:1215-3005  -            597 13992at7898          -            887   1.8e-47  161.6   0.8   1   1   1.1e-49   3.4e-47  160.7   0.8   187   618    61   529    16   589 0.77 -
TRINITY_DN11092_c0_g1_i10:192-1763  -            524 13992at7898          -            887   7.5e-47  159.6   0.9   1   1   4.7e-49   1.5e-46  158.6   0.9   187   613    61   524    22   524 0.78 -
TRINITY_DN1919_c1_g1_i6:306-1394    -            363 13992at7898          -            887   8.5e-44  149.5   0.1   1   1   3.2e-46     1e-43  149.2   0.1   156   423     2   289     1   341 0.73 -
TRINITY_DN11092_c0_g1_i4:1215-2804  -            530 13992at7898          -            887   2.3e-43  148.0   0.6   1   1   1.3e-45   4.2e-43  147.2   0.6   206   618    15   462     1   522 0.77 -
TRINITY_DN30202_c0_g1_i3:22-2716    -            643 13992at7898          -            887   3.3e-40  137.6   0.0   1   2   4.9e-38   1.5e-35  122.1   0.0   302   737     1   468     1   482 0.77 -
TRINITY_DN30202_c0_g1_i3:22-2716    -            643 13992at7898          -            887   3.3e-40  137.6   0.0   2   2   4.9e-05     0.016   12.9   0.4   831   866   604   640   588   642 0.83 -
TRINITY_DN1258_c2_g1_i2:3756-6005   -            750 13992at7898          -            887   4.2e-39  134.0   0.6   1   2   1.8e-40   5.7e-38  130.2   0.0   190   461    34   318     1   339 0.78 -
TRINITY_DN1258_c2_g1_i2:3756-6005   -            750 13992at7898          -            887   4.2e-39  134.0   0.6   2   2      0.11        35    1.9   0.2   512   578   390   457   383   581 0.74 -
TRINITY_DN1258_c2_g1_i3:125-2374    -            750 13992at7898          -            887   5.5e-39  133.6   0.6   1   2   1.8e-40   5.7e-38  130.2   0.0   190   461    34   318     1   339 0.78 -
TRINITY_DN1258_c2_g1_i3:125-2374    -            750 13992at7898          -            887   5.5e-39  133.6   0.6   2   2      0.15        48    1.4   0.1   512   577   390   456   383   572 0.78 -
TRINITY_DN4855_c1_g2_i3:17-1864     -            616 13992at7898          -            887   1.7e-38  131.9   5.7   1   2   1.3e-34   4.2e-32  110.8   1.4   300   656     2   385     1   393 0.75 -
TRINITY_DN4855_c1_g2_i3:17-1864     -            616 13992at7898          -            887   1.7e-38  131.9   5.7   2   2   7.2e-08   2.3e-05   22.3   0.2   827   869   572   614   537   616 0.91 -
TRINITY_DN4855_c1_g2_i2:17-1864     -            616 13992at7898          -            887   3.5e-38  130.9   8.4   1   2   4.6e-35   1.5e-32  112.3   2.1   300   656     2   385     1   392 0.75 -
TRINITY_DN4855_c1_g2_i2:17-1864     -            616 13992at7898          -            887   3.5e-38  130.9   8.4   2   2   1.2e-07   3.8e-05   21.6   0.5   827   867   572   612   542   616 0.91 -
TRINITY_DN20803_c0_g1_i5:3-1796     -            598 13992at7898          -            887   3.4e-35  121.0   3.2   1   1   5.9e-37   1.9e-34  118.6   3.2   326   871     1   597     1   598 0.70 -
TRINITY_DN20803_c0_g1_i2:3-1796     -            598 13992at7898          -            887   3.1e-34  117.8   3.4   1   1   5.5e-36   1.7e-33  115.4   3.4   326   871     1   597     1   598 0.68 -
TRINITY_DN20803_c0_g1_i7:3-1796     -            598 13992at7898          -            887     5e-34  117.1   3.3   1   1     9e-36   2.8e-33  114.7   3.3   326   871     1   597     1   598 0.68 -
TRINITY_DN30202_c0_g1_i1:1-2569     -            609 13992at7898          -            887   4.1e-29  100.9   0.2   1   2   4.4e-25   1.4e-22   79.3   0.0   348   738    10   435     5   448 0.71 -
TRINITY_DN30202_c0_g1_i1:1-2569     -            609 13992at7898          -            887   4.1e-29  100.9   0.2   2   2   4.6e-05     0.015   13.0   0.4   831   866   570   606   554   608 0.83 -
TRINITY_DN1534_c0_g1_i1:1652-3367   -            572 13992at7898          -            887   4.2e-28   97.5   0.1   1   1   2.3e-30   7.1e-28   96.8   0.1   169   460     8   339     3   346 0.72 -
TRINITY_DN20803_c0_g1_i3:6-1610     -            535 13992at7898          -            887     1e-19   69.8   4.0   1   1   1.9e-21   6.1e-19   67.2   4.0   388   871     1   534     1   535 0.67 -
#
# Program:         hmmsearch
# Version:         3.1b2 (February 2015)
# Pipeline mode:   SEARCH
# Query file:      /home/ericjuo/Projects/salmo_trutta_rna_seq/busco_downloads/lineages/actinopterygii_odb10/hmms/13992at7898.hmm
# Target file:     /home/ericjuo/Projects/salmo_trutta_rna_seq/data/02_intermediate/busco/run_actinopterygii_odb10/metaeuk_output/initial_results/trinity.Trinity.fasta.modified.fas
# Option settings: hmmsearch --domtblout /home/ericjuo/Projects/salmo_trutta_rna_seq/data/02_intermediate/busco/run_actinopterygii_odb10/hmmer_output/initial_run_results/13992at7898.out --cpu 1 /home/ericjuo/Projects/salmo_trutta_rna_seq/busco_downloads/lineages/actinopterygii_odb10/hmms/13992at7898.hmm /home/ericjuo/Projects/salmo_trutta_rna_seq/data/02_intermediate/busco/run_actinopterygii_odb10/metaeuk_output/initial_results/trinity.Trinity.fasta.modified.fas 
# Current dir:     /home/ericjuo/Projects/salmo_trutta_rna_seq
# Date:            Fri Apr 29 12:53:18 2022
# [ok]
