#                                                                                           --- full sequence --- -------------- this domain -------------   hmm coord   ali coord   env coord
# target name                       accession   tlen query name           accession   qlen   E-value  score  bias   #  of  c-Evalue  i-Evalue  score  bias  from    to  from    to  from    to  acc description of target
#               ------------------- ---------- ----- -------------------- ---------- ----- --------- ------ ----- --- --- --------- --------- ------ ----- ----- ----- ----- ----- ----- ----- ---- ---------------------
TRINITY_DN13608_c0_g1_i4:903-1766   -            288 15404at7898          -            932   2.3e-08   32.0  21.6   1   4   5.2e-05    0.0063   14.0   0.2   304   353     5    54     2    57 0.94 -
TRINITY_DN13608_c0_g1_i4:903-1766   -            288 15404at7898          -            932   2.3e-08   32.0  21.6   2   4   1.7e-05     0.002   15.7   2.0   263   354    60   145    55   153 0.84 -
TRINITY_DN13608_c0_g1_i4:903-1766   -            288 15404at7898          -            932   2.3e-08   32.0  21.6   3   4      0.23        28    2.0   0.4   320   353   139   172   138   177 0.83 -
TRINITY_DN13608_c0_g1_i4:903-1766   -            288 15404at7898          -            932   2.3e-08   32.0  21.6   4   4   0.00026     0.032   11.7   4.9   293   365   194   267   164   287 0.79 -
TRINITY_DN13608_c0_g1_i5:903-1766   -            288 15404at7898          -            932   2.3e-08   32.0  21.6   1   4   5.2e-05    0.0063   14.0   0.2   304   353     5    54     2    57 0.94 -
TRINITY_DN13608_c0_g1_i5:903-1766   -            288 15404at7898          -            932   2.3e-08   32.0  21.6   2   4   1.7e-05     0.002   15.7   2.0   263   354    60   145    55   153 0.84 -
TRINITY_DN13608_c0_g1_i5:903-1766   -            288 15404at7898          -            932   2.3e-08   32.0  21.6   3   4      0.23        28    2.0   0.4   320   353   139   172   138   177 0.83 -
TRINITY_DN13608_c0_g1_i5:903-1766   -            288 15404at7898          -            932   2.3e-08   32.0  21.6   4   4   0.00026     0.032   11.7   4.9   293   365   194   267   164   287 0.79 -
TRINITY_DN13608_c0_g1_i7:903-1766   -            288 15404at7898          -            932   2.3e-08   32.0  21.6   1   4   5.2e-05    0.0063   14.0   0.2   304   353     5    54     2    57 0.94 -
TRINITY_DN13608_c0_g1_i7:903-1766   -            288 15404at7898          -            932   2.3e-08   32.0  21.6   2   4   1.7e-05     0.002   15.7   2.0   263   354    60   145    55   153 0.84 -
TRINITY_DN13608_c0_g1_i7:903-1766   -            288 15404at7898          -            932   2.3e-08   32.0  21.6   3   4      0.23        28    2.0   0.4   320   353   139   172   138   177 0.83 -
TRINITY_DN13608_c0_g1_i7:903-1766   -            288 15404at7898          -            932   2.3e-08   32.0  21.6   4   4   0.00026     0.032   11.7   4.9   293   365   194   267   164   287 0.79 -
TRINITY_DN13608_c0_g1_i6:722-1633   -            304 15404at7898          -            932   2.3e-07   28.7  23.8   1   4   6.3e-05    0.0077   13.8   2.0   302   353    32    83     5    91 0.83 -
TRINITY_DN13608_c0_g1_i6:722-1633   -            304 15404at7898          -            932   2.3e-07   28.7  23.8   2   4   4.9e-05    0.0059   14.1   1.0   263   353    89   173    84   182 0.84 -
TRINITY_DN13608_c0_g1_i6:722-1633   -            304 15404at7898          -            932   2.3e-07   28.7  23.8   3   4      0.54        66    0.7   0.4   324   353   172   201   168   213 0.83 -
TRINITY_DN13608_c0_g1_i6:722-1633   -            304 15404at7898          -            932   2.3e-07   28.7  23.8   4   4   0.00013     0.016   12.7   3.9   293   363   223   294   200   302 0.85 -
TRINITY_DN9374_c0_g1_i3:5-658       -            218 15404at7898          -            932   2.6e-07   28.5  19.7   1   2   7.3e-06   0.00089   16.8   3.0   301   361    21    81    12    96 0.89 -
TRINITY_DN9374_c0_g1_i3:5-658       -            218 15404at7898          -            932   2.6e-07   28.5  19.7   2   2     6e-06   0.00072   17.1   9.3   228   350    99   204    88   212 0.77 -
TRINITY_DN9374_c0_g1_i5:5-658       -            218 15404at7898          -            932   2.6e-07   28.5  19.7   1   2   7.3e-06   0.00089   16.8   3.0   301   361    21    81    12    96 0.89 -
TRINITY_DN9374_c0_g1_i5:5-658       -            218 15404at7898          -            932   2.6e-07   28.5  19.7   2   2     6e-06   0.00072   17.1   9.3   228   350    99   204    88   212 0.77 -
TRINITY_DN1311_c0_g1_i11:1669-2415  -            249 15404at7898          -            932   4.2e-07   27.9  21.3   1   3   3.8e-05    0.0046   14.5   0.2   302   353     3    54     1    60 0.93 -
TRINITY_DN1311_c0_g1_i11:1669-2415  -            249 15404at7898          -            932   4.2e-07   27.9  21.3   2   3   0.00014     0.017   12.6   3.1   302   353    59   110    54   115 0.92 -
TRINITY_DN1311_c0_g1_i11:1669-2415  -            249 15404at7898          -            932   4.2e-07   27.9  21.3   3   3    0.0014      0.17    9.3   5.1   298   354   167   223   113   241 0.80 -
TRINITY_DN1311_c0_g1_i2:1084-1830   -            249 15404at7898          -            932   4.2e-07   27.9  21.3   1   3   3.8e-05    0.0046   14.5   0.2   302   353     3    54     1    60 0.93 -
TRINITY_DN1311_c0_g1_i2:1084-1830   -            249 15404at7898          -            932   4.2e-07   27.9  21.3   2   3   0.00014     0.017   12.6   3.1   302   353    59   110    54   115 0.92 -
TRINITY_DN1311_c0_g1_i2:1084-1830   -            249 15404at7898          -            932   4.2e-07   27.9  21.3   3   3    0.0014      0.17    9.3   5.1   298   354   167   223   113   241 0.80 -
TRINITY_DN10756_c0_g1_i8:82-669     -            196 15404at7898          -            932   1.4e-06   26.1   8.4   1   2   3.8e-06   0.00046   17.8   2.0   300   361    23    82    17   128 0.83 -
TRINITY_DN10756_c0_g1_i8:82-669     -            196 15404at7898          -            932   1.4e-06   26.1   8.4   2   2   0.00017     0.021   12.3   0.5   300   348   147   195   141   196 0.94 -
TRINITY_DN1311_c0_g1_i3:93-1142     -            350 15404at7898          -            932   1.4e-05   22.8  32.3   1   4   3.6e-06   0.00043   17.9   1.1   267   353    51   127    38   132 0.89 -
TRINITY_DN1311_c0_g1_i3:93-1142     -            350 15404at7898          -            932   1.4e-05   22.8  32.3   2   4   0.00034     0.042   11.3   3.7   302   353   132   183   127   192 0.92 -
TRINITY_DN1311_c0_g1_i3:93-1142     -            350 15404at7898          -            932   1.4e-05   22.8  32.3   3   4    0.0027      0.33    8.3   4.7   298   353   240   295   186   301 0.81 -
TRINITY_DN1311_c0_g1_i3:93-1142     -            350 15404at7898          -            932   1.4e-05   22.8  32.3   4   4       0.5        60    0.9   1.3   303   352   301   350   296   350 0.83 -
TRINITY_DN1311_c0_g1_i12:1509-2558  -            350 15404at7898          -            932   1.5e-05   22.7  32.6   1   4   3.3e-06    0.0004   18.0   1.3   266   353    50   127    37   132 0.88 -
TRINITY_DN1311_c0_g1_i12:1509-2558  -            350 15404at7898          -            932   1.5e-05   22.7  32.6   2   4   0.00026     0.031   11.7   3.2   302   353   132   183   127   188 0.92 -
TRINITY_DN1311_c0_g1_i12:1509-2558  -            350 15404at7898          -            932   1.5e-05   22.7  32.6   3   4    0.0028      0.34    8.3   4.7   298   353   240   295   187   301 0.81 -
TRINITY_DN1311_c0_g1_i12:1509-2558  -            350 15404at7898          -            932   1.5e-05   22.7  32.6   4   4      0.54        66    0.7   1.4   303   352   301   350   296   350 0.83 -
TRINITY_DN1311_c0_g1_i13:478-1611   -            378 15404at7898          -            932   2.1e-05   22.2  32.1   1   4   3.2e-06   0.00039   18.0   1.1   267   353    79   155    66   161 0.88 -
TRINITY_DN1311_c0_g1_i13:478-1611   -            378 15404at7898          -            932   2.1e-05   22.2  32.1   2   4   0.00029     0.036   11.5   3.1   302   353   160   211   155   215 0.92 -
TRINITY_DN1311_c0_g1_i13:478-1611   -            378 15404at7898          -            932   2.1e-05   22.2  32.1   3   4    0.0018      0.22    8.9   3.8   298   353   268   323   215   328 0.81 -
TRINITY_DN1311_c0_g1_i13:478-1611   -            378 15404at7898          -            932   2.1e-05   22.2  32.1   4   4      0.61        74    0.6   1.4   303   352   329   378   324   378 0.83 -
TRINITY_DN1311_c0_g1_i16:1316-2449  -            378 15404at7898          -            932   2.1e-05   22.2  32.1   1   4   3.2e-06   0.00039   18.0   1.1   267   353    79   155    66   161 0.88 -
TRINITY_DN1311_c0_g1_i16:1316-2449  -            378 15404at7898          -            932   2.1e-05   22.2  32.1   2   4   0.00029     0.036   11.5   3.1   302   353   160   211   155   215 0.92 -
TRINITY_DN1311_c0_g1_i16:1316-2449  -            378 15404at7898          -            932   2.1e-05   22.2  32.1   3   4    0.0018      0.22    8.9   3.8   298   353   268   323   215   328 0.81 -
TRINITY_DN1311_c0_g1_i16:1316-2449  -            378 15404at7898          -            932   2.1e-05   22.2  32.1   4   4      0.61        74    0.6   1.4   303   352   329   378   324   378 0.83 -
TRINITY_DN1311_c0_g1_i10:1404-2558  -            385 15404at7898          -            932   2.4e-05   22.1  32.4   1   4     4e-06   0.00048   17.7   1.2   266   353    85   162    74   167 0.88 -
TRINITY_DN1311_c0_g1_i10:1404-2558  -            385 15404at7898          -            932   2.4e-05   22.1  32.4   2   4   0.00028     0.034   11.6   3.1   302   353   167   218   162   223 0.92 -
TRINITY_DN1311_c0_g1_i10:1404-2558  -            385 15404at7898          -            932   2.4e-05   22.1  32.4   3   4    0.0029      0.35    8.2   4.5   298   353   275   330   222   336 0.81 -
TRINITY_DN1311_c0_g1_i10:1404-2558  -            385 15404at7898          -            932   2.4e-05   22.1  32.4   4   4      0.62        75    0.5   1.5   303   352   336   385   330   385 0.83 -
TRINITY_DN1311_c0_g1_i8:1295-2449   -            385 15404at7898          -            932   2.4e-05   22.1  32.4   1   4     4e-06   0.00048   17.7   1.2   266   353    85   162    74   167 0.88 -
TRINITY_DN1311_c0_g1_i8:1295-2449   -            385 15404at7898          -            932   2.4e-05   22.1  32.4   2   4   0.00028     0.034   11.6   3.1   302   353   167   218   162   223 0.92 -
TRINITY_DN1311_c0_g1_i8:1295-2449   -            385 15404at7898          -            932   2.4e-05   22.1  32.4   3   4    0.0029      0.35    8.2   4.5   298   353   275   330   222   336 0.81 -
TRINITY_DN1311_c0_g1_i8:1295-2449   -            385 15404at7898          -            932   2.4e-05   22.1  32.4   4   4      0.62        75    0.5   1.5   303   352   336   385   330   385 0.83 -
TRINITY_DN3909_c1_g2_i1:1-1131      -            377 15404at7898          -            932   4.1e-05   21.3  15.0   1   3   4.3e-05    0.0052   14.3   1.9   302   353     3    54     1    58 0.95 -
TRINITY_DN3909_c1_g2_i1:1-1131      -            377 15404at7898          -            932   4.1e-05   21.3  15.0   2   3   7.8e-05    0.0095   13.4   3.2   302   374    59   129    54   189 0.72 -
TRINITY_DN3909_c1_g2_i1:1-1131      -            377 15404at7898          -            932   4.1e-05   21.3  15.0   3   3       1.1   1.3e+02   -0.3   0.0   299   344   323   368   296   374 0.66 -
TRINITY_DN19645_c0_g1_i1:7-642      -            212 15404at7898          -            932   4.3e-05   21.2   7.3   1   2   3.6e-07   4.3e-05   21.2   7.3   290   398     3   112     2   167 0.75 -
TRINITY_DN19645_c0_g1_i1:7-642      -            212 15404at7898          -            932   4.3e-05   21.2   7.3   2   2      0.27        32    1.8   1.1   303   339   174   210   155   212 0.81 -
TRINITY_DN24236_c0_g2_i1:13-1404    -            464 15404at7898          -            932   6.5e-05   20.6  14.7   1   4    0.0091       1.1    6.6   2.3   300   356    50   106    43   116 0.89 -
TRINITY_DN24236_c0_g2_i1:13-1404    -            464 15404at7898          -            932   6.5e-05   20.6  14.7   2   4     0.029       3.5    4.9  11.2   226   351    80   203    78   208 0.79 -
TRINITY_DN24236_c0_g2_i1:13-1404    -            464 15404at7898          -            932   6.5e-05   20.6  14.7   3   4      0.18        22    2.3  10.9   226   354   209   318   206   323 0.78 -
TRINITY_DN24236_c0_g2_i1:13-1404    -            464 15404at7898          -            932   6.5e-05   20.6  14.7   4   4   5.4e-07   6.5e-05   20.6  14.7   226   364   322   450   318   459 0.87 -
TRINITY_DN3909_c1_g2_i2:1-1969      -            363 15404at7898          -            932   8.4e-05   20.2  14.9   1   3   4.1e-05     0.005   14.4   1.9   302   353     3    54     1    58 0.95 -
TRINITY_DN3909_c1_g2_i2:1-1969      -            363 15404at7898          -            932   8.4e-05   20.2  14.9   2   3   0.00011     0.014   12.9   2.5   302   386    59   142    54   150 0.77 -
TRINITY_DN3909_c1_g2_i2:1-1969      -            363 15404at7898          -            932   8.4e-05   20.2  14.9   3   3         1   1.3e+02   -0.2   0.0   299   345   309   355   281   360 0.66 -
TRINITY_DN1714_c0_g2_i1:92-769      -            226 15404at7898          -            932    0.0001   19.9   1.6   1   4      0.45        55    1.0   0.3   269   339    18    78    10    96 0.62 -
TRINITY_DN1714_c0_g2_i1:92-769      -            226 15404at7898          -            932    0.0001   19.9   1.6   2   4      0.49        59    0.9   0.1   601   624    94   117    76   123 0.72 -
TRINITY_DN1714_c0_g2_i1:92-769      -            226 15404at7898          -            932    0.0001   19.9   1.6   3   4   8.5e-07    0.0001   19.9   1.6   226   289   124   184   117   189 0.88 -
TRINITY_DN1714_c0_g2_i1:92-769      -            226 15404at7898          -            932    0.0001   19.9   1.6   4   4      0.52        63    0.8   0.0   227   249   189   211   184   225 0.68 -
TRINITY_DN42974_c0_g1_i4:15-566     -            184 15404at7898          -            932   0.00013   19.7   9.6   1   2     0.032       3.9    4.8   0.1   226   245     1    20     1    27 0.85 -
TRINITY_DN42974_c0_g1_i4:15-566     -            184 15404at7898          -            932   0.00013   19.7   9.6   2   2     9e-06    0.0011   16.5   5.3   226   354    29   159    22   166 0.83 -
TRINITY_DN6302_c0_g1_i1:505-1020    -            172 15404at7898          -            932   0.00013   19.6   4.1   1   2   1.1e-06   0.00013   19.6   4.1   268   353     8    84     4    88 0.92 -
TRINITY_DN6302_c0_g1_i1:505-1020    -            172 15404at7898          -            932   0.00013   19.6   4.1   2   2      0.13        16    2.8   1.4   302   350   117   165    97   170 0.66 -
TRINITY_DN6302_c0_g1_i2:373-1017    -            215 15404at7898          -            932   0.00017   19.3   4.3   1   2   1.4e-06   0.00017   19.3   4.3   268   353    52   128    16   133 0.93 -
TRINITY_DN6302_c0_g1_i2:373-1017    -            215 15404at7898          -            932   0.00017   19.3   4.3   2   2      0.16        20    2.5   1.6   302   351   161   210   142   215 0.69 -
TRINITY_DN29173_c0_g1_i9:133-561    -            143 15404at7898          -            932   0.00024   18.7   6.0   1   2     0.011       1.3    6.4   0.3   317   353    19    55     3    60 0.83 -
TRINITY_DN29173_c0_g1_i9:133-561    -            143 15404at7898          -            932   0.00024   18.7   6.0   2   2   1.9e-05    0.0023   15.5   0.8   268   353    64   139    57   143 0.88 -
TRINITY_DN2269_c0_g1_i1:4-573       -            190 15404at7898          -            932   0.00046   17.8  24.8   1   2   0.00012     0.014   12.8  11.5   295   357    15    81     1    92 0.76 -
TRINITY_DN2269_c0_g1_i1:4-573       -            190 15404at7898          -            932   0.00046   17.8  24.8   2   2   0.00086       0.1   10.0   6.0   302   353   106   157    83   170 0.89 -
TRINITY_DN19766_c0_g6_i1:117-731    -            205 15404at7898          -            932   0.00057   17.5  18.1   1   3    0.0016      0.19    9.1   0.1   304   349     1    46     1    51 0.95 -
TRINITY_DN19766_c0_g6_i1:117-731    -            205 15404at7898          -            932   0.00057   17.5  18.1   2   3    0.0063      0.76    7.1   1.8   294   373    48   124    46   143 0.81 -
TRINITY_DN19766_c0_g6_i1:117-731    -            205 15404at7898          -            932   0.00057   17.5  18.1   3   3    0.0013      0.16    9.4   5.5   302   350   145   193   130   200 0.90 -
TRINITY_DN2787_c0_g1_i2:172-1242    -            357 15404at7898          -            932   0.00095   16.7  26.6   1   4   9.4e-06    0.0011   16.5   6.6   267   349    25   108    14   121 0.85 -
TRINITY_DN2787_c0_g1_i2:172-1242    -            357 15404at7898          -            932   0.00095   16.7  26.6   2   4     0.027       3.3    5.0   1.9   329   362   156   189   133   216 0.67 -
TRINITY_DN2787_c0_g1_i2:172-1242    -            357 15404at7898          -            932   0.00095   16.7  26.6   3   4      0.62        76    0.5   3.3   828   902   175   248   173   251 0.74 -
TRINITY_DN2787_c0_g1_i2:172-1242    -            357 15404at7898          -            932   0.00095   16.7  26.6   4   4     0.016         2    5.8   0.1   482   517   275   310   269   322 0.86 -
TRINITY_DN23388_c0_g1_i1:660-1868   -            403 15404at7898          -            932   0.00097   16.7   2.8   1   5     0.034       4.1    4.7   3.0   302   355     1    54     1    88 0.87 -
TRINITY_DN23388_c0_g1_i1:660-1868   -            403 15404at7898          -            932   0.00097   16.7   2.8   2   5   7.9e-06   0.00097   16.7   2.8   301   354    87   140    76   144 0.91 -
TRINITY_DN23388_c0_g1_i1:660-1868   -            403 15404at7898          -            932   0.00097   16.7   2.8   3   5   0.00025     0.031   11.7   7.8   267   353   147   223   141   228 0.82 -
TRINITY_DN23388_c0_g1_i1:660-1868   -            403 15404at7898          -            932   0.00097   16.7   2.8   4   5       6.2   7.5e+02   -2.8  15.6   267   356   231   314   225   346 0.78 -
TRINITY_DN23388_c0_g1_i1:660-1868   -            403 15404at7898          -            932   0.00097   16.7   2.8   5   5       8.1   9.8e+02   -3.2   5.3   329   360   315   346   311   401 0.84 -
TRINITY_DN23388_c0_g1_i3:706-1914   -            403 15404at7898          -            932   0.00097   16.7   2.8   1   5     0.034       4.1    4.7   3.0   302   355     1    54     1    88 0.87 -
TRINITY_DN23388_c0_g1_i3:706-1914   -            403 15404at7898          -            932   0.00097   16.7   2.8   2   5   7.9e-06   0.00097   16.7   2.8   301   354    87   140    76   144 0.91 -
TRINITY_DN23388_c0_g1_i3:706-1914   -            403 15404at7898          -            932   0.00097   16.7   2.8   3   5   0.00025     0.031   11.7   7.8   267   353   147   223   141   228 0.82 -
TRINITY_DN23388_c0_g1_i3:706-1914   -            403 15404at7898          -            932   0.00097   16.7   2.8   4   5       6.2   7.5e+02   -2.8  15.6   267   356   231   314   225   346 0.78 -
TRINITY_DN23388_c0_g1_i3:706-1914   -            403 15404at7898          -            932   0.00097   16.7   2.8   5   5       8.1   9.8e+02   -3.2   5.3   329   360   315   346   311   401 0.84 -
TRINITY_DN23388_c0_g1_i4:660-1868   -            403 15404at7898          -            932   0.00097   16.7   2.8   1   5     0.034       4.1    4.7   3.0   302   355     1    54     1    88 0.87 -
TRINITY_DN23388_c0_g1_i4:660-1868   -            403 15404at7898          -            932   0.00097   16.7   2.8   2   5   7.9e-06   0.00097   16.7   2.8   301   354    87   140    76   144 0.91 -
TRINITY_DN23388_c0_g1_i4:660-1868   -            403 15404at7898          -            932   0.00097   16.7   2.8   3   5   0.00025     0.031   11.7   7.8   267   353   147   223   141   228 0.82 -
TRINITY_DN23388_c0_g1_i4:660-1868   -            403 15404at7898          -            932   0.00097   16.7   2.8   4   5       6.2   7.5e+02   -2.8  15.6   267   356   231   314   225   346 0.78 -
TRINITY_DN23388_c0_g1_i4:660-1868   -            403 15404at7898          -            932   0.00097   16.7   2.8   5   5       8.1   9.8e+02   -3.2   5.3   329   360   315   346   311   401 0.84 -
TRINITY_DN2739_c0_g1_i2:3356-3808   -            151 15404at7898          -            932    0.0011   16.6   5.7   1   1   1.1e-05    0.0014   16.2   5.7   263   358    28   125    20   148 0.81 -
TRINITY_DN9308_c2_g1_i1:19-600      -            194 15404at7898          -            932    0.0012   16.4  22.5   1   3     7e-05    0.0086   13.6   8.5   301   354    54   107     3   114 0.83 -
TRINITY_DN9308_c2_g1_i1:19-600      -            194 15404at7898          -            932    0.0012   16.4  22.5   2   3     0.011       1.3    6.3   4.6   304   354   113   163   108   170 0.85 -
TRINITY_DN9308_c2_g1_i1:19-600      -            194 15404at7898          -            932    0.0012   16.4  22.5   3   3     0.099        12    3.2   0.3   263   289   168   191   160   193 0.78 -
TRINITY_DN42974_c0_g1_i9:3-464      -            154 15404at7898          -            932    0.0015   16.1   7.9   1   2   0.00057      0.07   10.6   1.0   304   363     1    59     1    71 0.80 -
TRINITY_DN42974_c0_g1_i9:3-464      -            154 15404at7898          -            932    0.0015   16.1   7.9   2   2     0.001      0.12    9.8   0.8   295   355    72   132    62   148 0.84 -
TRINITY_DN4153_c0_g1_i23:1225-2736  -            504 15404at7898          -            932    0.0023   15.5  38.6   1   5   0.00053     0.064   10.7   0.3   304   362     1    59     1    80 0.86 -
TRINITY_DN4153_c0_g1_i23:1225-2736  -            504 15404at7898          -            932    0.0023   15.5  38.6   2   5     0.082       9.9    3.4   1.4   300   357    99   156    92   189 0.82 -
TRINITY_DN4153_c0_g1_i23:1225-2736  -            504 15404at7898          -            932    0.0023   15.5  38.6   3   5   0.00041     0.049   11.1   2.3   301   366   193   258   182   283 0.81 -
TRINITY_DN4153_c0_g1_i23:1225-2736  -            504 15404at7898          -            932    0.0023   15.5  38.6   4   5    0.0041      0.49    7.8   3.4   303   372   298   367   271   387 0.76 -
TRINITY_DN4153_c0_g1_i23:1225-2736  -            504 15404at7898          -            932    0.0023   15.5  38.6   5   5     0.069       8.4    3.7   3.8   225   287   388   452   370   502 0.81 -
TRINITY_DN10780_c2_g2_i1:835-1605   -            257 15404at7898          -            932    0.0032   15.0  33.8   1   3   0.00066      0.08   10.4  11.8   218   353     3   118     1   124 0.88 -
TRINITY_DN10780_c2_g2_i1:835-1605   -            257 15404at7898          -            932    0.0032   15.0  33.8   2   3   7.7e-05    0.0093   13.5   2.2   303   353   124   174   119   177 0.93 -
TRINITY_DN10780_c2_g2_i1:835-1605   -            257 15404at7898          -            932    0.0032   15.0  33.8   3   3     0.092        11    3.3   4.0   302   352   207   257   178   257 0.79 -
TRINITY_DN1714_c2_g1_i1:50-649      -            200 15404at7898          -            932    0.0033   15.0  20.1   1   3    0.0012      0.15    9.5   2.2   303   353     6    56     2    62 0.94 -
TRINITY_DN1714_c2_g1_i1:50-649      -            200 15404at7898          -            932    0.0033   15.0  20.1   2   3     0.063       7.6    3.8   0.5   316   353    75   112    60   116 0.82 -
TRINITY_DN1714_c2_g1_i1:50-649      -            200 15404at7898          -            932    0.0033   15.0  20.1   3   3    0.0019      0.22    8.9   9.6   264   354    89   169    74   196 0.79 -
TRINITY_DN8141_c0_g2_i4:38-544      -            169 15404at7898          -            932    0.0067   13.9  18.1   1   3   0.00071     0.087   10.3   3.9   299   354     1    57     1    68 0.88 -
TRINITY_DN8141_c0_g2_i4:38-544      -            169 15404at7898          -            932    0.0067   13.9  18.1   2   3      0.03       3.7    4.9   1.0   319   354    78   113    63   121 0.80 -
TRINITY_DN8141_c0_g2_i4:38-544      -            169 15404at7898          -            932    0.0067   13.9  18.1   3   3    0.0029      0.35    8.3   6.2   268   353    93   168    77   169 0.81 -
TRINITY_DN2926_c2_g1_i2:261-929     -            223 15404at7898          -            932    0.0096   13.4  12.1   1   2    0.0009      0.11    9.9   0.2   303   352     1    50     1   102 0.93 -
TRINITY_DN2926_c2_g1_i2:261-929     -            223 15404at7898          -            932    0.0096   13.4  12.1   2   2    0.0068      0.83    7.0   6.8   301   352   169   222   123   223 0.81 -
TRINITY_DN25120_c0_g2_i1:149-475    -            109 15404at7898          -            932      0.01   13.4   0.0   1   1   8.4e-05      0.01   13.3   0.0   295   352    52   109    29   109 0.87 -
TRINITY_DN2269_c0_g2_i1:70-543      -            158 15404at7898          -            932     0.017   12.6  16.7   1   2     0.031       3.8    4.8   4.5   303   353     1    51     1    65 0.88 -
TRINITY_DN2269_c0_g2_i1:70-543      -            158 15404at7898          -            932     0.017   12.6  16.7   2   2   0.00024     0.029   11.8   5.8   302   353    84   135    54   148 0.88 -
TRINITY_DN42974_c0_g3_i1:98-694     -            199 15404at7898          -            932     0.025   12.1  13.7   1   2      0.37        45    1.3   4.2   269   353     5    83     1    91 0.76 -
TRINITY_DN42974_c0_g3_i1:98-694     -            199 15404at7898          -            932     0.025   12.1  13.7   2   2   5.1e-05    0.0062   14.0   7.8   239   368    73   186    58   196 0.81 -
TRINITY_DN6343_c0_g1_i4:216-839     -            208 15404at7898          -            932     0.029   11.8  22.3   1   3   7.3e-05    0.0088   13.5   2.3   266   353    17    94     5    98 0.88 -
TRINITY_DN6343_c0_g1_i4:216-839     -            208 15404at7898          -            932     0.029   11.8  22.3   2   3     0.009       1.1    6.6   5.1   302   355    99   152    94   163 0.90 -
TRINITY_DN6343_c0_g1_i4:216-839     -            208 15404at7898          -            932     0.029   11.8  22.3   3   3       0.2        24    2.2   1.6   244   288   161   206   152   208 0.65 -
TRINITY_DN24857_c2_g1_i1:1374-1892  -            173 15404at7898          -            932     0.031   11.8   5.2   1   1   0.00033      0.04   11.4   5.2   248   356    59   160    47   171 0.82 -
TRINITY_DN24857_c2_g1_i5:1250-1768  -            173 15404at7898          -            932     0.031   11.8   5.2   1   1   0.00033      0.04   11.4   5.2   248   356    59   160    47   171 0.82 -
TRINITY_DN2537_c0_g1_i24:121-663    -            181 15404at7898          -            932     0.032   11.7   8.4   1   2    0.0097       1.2    6.5   0.9   269   353     6    93     2    98 0.74 -
TRINITY_DN2537_c0_g1_i24:121-663    -            181 15404at7898          -            932     0.032   11.7   8.4   2   2    0.0018      0.22    8.9   1.0   268   353   102   177    95   180 0.82 -
TRINITY_DN19645_c0_g2_i1:2-1357     -            452 15404at7898          -            932     0.036   11.5  35.0   1   4     0.082        10    3.4   0.6   303   373     3    73     1   100 0.81 -
TRINITY_DN19645_c0_g2_i1:2-1357     -            452 15404at7898          -            932     0.036   11.5  35.0   2   4     0.014       1.7    6.0   6.7   285   394   129   239   112   254 0.72 -
TRINITY_DN19645_c0_g2_i1:2-1357     -            452 15404at7898          -            932     0.036   11.5  35.0   3   4     0.033         4    4.7   0.8   329   366   281   318   258   338 0.86 -
TRINITY_DN19645_c0_g2_i1:2-1357     -            452 15404at7898          -            932     0.036   11.5  35.0   4   4   9.1e-05     0.011   13.2   5.9   267   353   368   450   349   452 0.86 -
TRINITY_DN14766_c1_g3_i1:23-802     -            260 15404at7898          -            932     0.049   11.1  35.6   1   2    0.0016       0.2    9.1  12.3   266   364     6    96     2   108 0.80 -
TRINITY_DN14766_c1_g3_i1:23-802     -            260 15404at7898          -            932     0.049   11.1  35.6   2   2    0.0048      0.59    7.5  15.6   226   367   107   230   103   259 0.77 -
TRINITY_DN19766_c0_g2_i1:1654-2337  -            228 15404at7898          -            932     0.053   11.0  18.5   1   3    0.0099       1.2    6.5   5.8   264   355    26   123     1   129 0.74 -
TRINITY_DN19766_c0_g2_i1:1654-2337  -            228 15404at7898          -            932     0.053   11.0  18.5   2   3     0.063       7.7    3.8   0.3   304   353   127   176   124   180 0.83 -
TRINITY_DN19766_c0_g2_i1:1654-2337  -            228 15404at7898          -            932     0.053   11.0  18.5   3   3    0.0013      0.16    9.4   0.5   303   349   182   228   177   228 0.93 -
TRINITY_DN6343_c0_g1_i21:297-791    -            165 15404at7898          -            932     0.064   10.7  17.4   1   2     0.014       1.7    6.0  10.0   267   353     2    78     1   111 0.74 -
TRINITY_DN6343_c0_g1_i21:297-791    -            165 15404at7898          -            932     0.064   10.7  17.4   2   2     0.014       1.7    6.0   0.5   304   353   113   162   108   164 0.84 -
TRINITY_DN6343_c0_g1_i5:297-791     -            165 15404at7898          -            932     0.064   10.7  17.4   1   2     0.014       1.7    6.0  10.0   267   353     2    78     1   111 0.74 -
TRINITY_DN6343_c0_g1_i5:297-791     -            165 15404at7898          -            932     0.064   10.7  17.4   2   2     0.014       1.7    6.0   0.5   304   353   113   162   108   164 0.84 -
TRINITY_DN22820_c0_g2_i1:2233-3015  -            261 15404at7898          -            932     0.071   10.6  27.5   1   3     0.048       5.8    4.2   2.4   301   353    14    66     2    70 0.89 -
TRINITY_DN22820_c0_g2_i1:2233-3015  -            261 15404at7898          -            932     0.071   10.6  27.5   2   3   0.00043     0.053   11.0   5.8   302   354    71   123    67   135 0.93 -
TRINITY_DN22820_c0_g2_i1:2233-3015  -            261 15404at7898          -            932     0.071   10.6  27.5   3   3      0.01       1.3    6.4   3.9   297   356   178   238   124   249 0.81 -
TRINITY_DN22820_c0_g2_i2:986-1768   -            261 15404at7898          -            932     0.071   10.6  27.5   1   3     0.048       5.8    4.2   2.4   301   353    14    66     2    70 0.89 -
TRINITY_DN22820_c0_g2_i2:986-1768   -            261 15404at7898          -            932     0.071   10.6  27.5   2   3   0.00043     0.053   11.0   5.8   302   354    71   123    67   135 0.93 -
TRINITY_DN22820_c0_g2_i2:986-1768   -            261 15404at7898          -            932     0.071   10.6  27.5   3   3      0.01       1.3    6.4   3.9   297   356   178   238   124   249 0.81 -
TRINITY_DN22820_c0_g2_i4:2272-3054  -            261 15404at7898          -            932     0.071   10.6  27.5   1   3     0.048       5.8    4.2   2.4   301   353    14    66     2    70 0.89 -
TRINITY_DN22820_c0_g2_i4:2272-3054  -            261 15404at7898          -            932     0.071   10.6  27.5   2   3   0.00043     0.053   11.0   5.8   302   354    71   123    67   135 0.93 -
TRINITY_DN22820_c0_g2_i4:2272-3054  -            261 15404at7898          -            932     0.071   10.6  27.5   3   3      0.01       1.3    6.4   3.9   297   356   178   238   124   249 0.81 -
TRINITY_DN2537_c0_g1_i14:55-1404    -            450 15404at7898          -            932     0.073   10.5  41.7   1   5      0.21        26    2.1   0.4   304   353     1    48     1    51 0.67 -
TRINITY_DN2537_c0_g1_i14:55-1404    -            450 15404at7898          -            932     0.073   10.5  41.7   2   5     0.062       7.6    3.8   6.7   267   353    56   131    24   137 0.67 -
TRINITY_DN2537_c0_g1_i14:55-1404    -            450 15404at7898          -            932     0.073   10.5  41.7   3   5   9.1e-05     0.011   13.2   3.0   268   353   140   215   132   220 0.85 -
TRINITY_DN2537_c0_g1_i14:55-1404    -            450 15404at7898          -            932     0.073   10.5  41.7   4   5     0.033         4    4.8   4.3   228   353   222   340   216   348 0.70 -
TRINITY_DN2537_c0_g1_i14:55-1404    -            450 15404at7898          -            932     0.073   10.5  41.7   5   5     0.026       3.1    5.1   0.8   306   354   346   397   333   404 0.81 -
TRINITY_DN34621_c0_g1_i3:159-683    -            175 15404at7898          -            932     0.073   10.5  14.2   1   2    0.0047      0.57    7.6   3.2   318   354     3    39     1    49 0.85 -
TRINITY_DN34621_c0_g1_i3:159-683    -            175 15404at7898          -            932     0.073   10.5  14.2   2   2   0.00038     0.046   11.2  10.2   226   353    15   124    11   141 0.87 -
TRINITY_DN7890_c0_g1_i4:977-1555    -            193 15404at7898          -            932     0.079   10.4   6.9   1   2       1.8   2.2e+02   -1.0   0.2   330   352     1    23     1    45 0.72 -
TRINITY_DN7890_c0_g1_i4:977-1555    -            193 15404at7898          -            932     0.079   10.4   6.9   2   2   0.00062     0.075   10.5   5.1   228   354    30   156    21   180 0.72 -
TRINITY_DN4442_c0_g1_i3:152-571     -            140 15404at7898          -            932     0.079   10.4  13.2   1   2   0.00012     0.015   12.8   3.2   303   354     4    55     2    64 0.92 -
TRINITY_DN4442_c0_g1_i3:152-571     -            140 15404at7898          -            932     0.079   10.4  13.2   2   2      0.19        23    2.3   1.3   302   352    59   110    51   116 0.77 -
TRINITY_DN4442_c0_g1_i4:152-571     -            140 15404at7898          -            932     0.079   10.4  13.2   1   2   0.00012     0.015   12.8   3.2   303   354     4    55     2    64 0.92 -
TRINITY_DN4442_c0_g1_i4:152-571     -            140 15404at7898          -            932     0.079   10.4  13.2   2   2      0.19        23    2.3   1.3   302   352    59   110    51   116 0.77 -
TRINITY_DN7890_c0_g1_i1:977-1543    -            189 15404at7898          -            932     0.081   10.4   7.8   1   1   0.00095      0.12    9.9   6.6   228   353    30   151     1   169 0.80 -
TRINITY_DN23616_c1_g1_i1:452-901    -            150 15404at7898          -            932     0.082   10.3   9.1   1   1   0.00051     0.062   10.7   7.8   258   354    28   114    15   121 0.87 -
TRINITY_DN16125_c0_g1_i5:537-1532   -            332 15404at7898          -            932     0.084   10.3  17.2   1   2   6.7e-05    0.0081   13.7   8.9   267   354   168   246   155   273 0.90 -
TRINITY_DN16125_c0_g1_i5:537-1532   -            332 15404at7898          -            932     0.084   10.3  17.2   2   2       1.1   1.3e+02   -0.3   3.1   302   350   278   326   254   332 0.67 -
TRINITY_DN2537_c0_g1_i12:70-1293    -            408 15404at7898          -            932     0.085   10.3  37.1   1   4     0.021       2.5    5.4   4.4   268   353     7    81     2    89 0.76 -
TRINITY_DN2537_c0_g1_i12:70-1293    -            408 15404at7898          -            932     0.085   10.3  37.1   2   4   0.00017      0.02   12.3   4.5   268   353    90   165    78   172 0.85 -
TRINITY_DN2537_c0_g1_i12:70-1293    -            408 15404at7898          -            932     0.085   10.3  37.1   3   4     0.047       5.7    4.2   6.4   226   353   198   331   192   335 0.67 -
TRINITY_DN2537_c0_g1_i12:70-1293    -            408 15404at7898          -            932     0.085   10.3  37.1   4   4     0.037       4.5    4.6   0.4   301   353   335   387   327   391 0.86 -
TRINITY_DN48009_c0_g5_i1:388-858    -            157 15404at7898          -            932     0.087   10.3   3.2   1   2    0.0019      0.23    8.9   1.1   275   353    42   120    11   126 0.81 -
TRINITY_DN48009_c0_g5_i1:388-858    -            157 15404at7898          -            932     0.087   10.3   3.2   2   2      0.21        25    2.1   0.0   227   248   126   147   121   155 0.88 -
TRINITY_DN16125_c0_g1_i1:627-1565   -            313 15404at7898          -            932     0.093   10.2  17.6   1   2   7.5e-05    0.0092   13.5   9.2   267   354   149   227   136   254 0.90 -
TRINITY_DN16125_c0_g1_i1:627-1565   -            313 15404at7898          -            932     0.093   10.2  17.6   2   2      0.95   1.2e+02   -0.1   3.0   302   350   259   307   238   313 0.66 -
TRINITY_DN10730_c1_g2_i4:0-473      -            158 15404at7898          -            932     0.098   10.1  11.7   1   2   0.00058     0.071   10.6   3.8   288   353     8    74     3    83 0.88 -
TRINITY_DN10730_c1_g2_i4:0-473      -            158 15404at7898          -            932     0.098   10.1  11.7   2   2     0.045       5.5    4.3   1.5   291   348    95   153    77   158 0.52 -
TRINITY_DN22649_c0_g2_i4:218-724    -            169 15404at7898          -            932       0.1   10.0  28.0   1   3   0.00016      0.02   12.4  11.4   267   353     2    78     1    82 0.94 -
TRINITY_DN22649_c0_g2_i4:218-724    -            169 15404at7898          -            932       0.1   10.0  28.0   2   3      0.88   1.1e+02    0.0   2.2   329   353    82   106    76   113 0.86 -
TRINITY_DN22649_c0_g2_i4:218-724    -            169 15404at7898          -            932       0.1   10.0  28.0   3   3    0.0056      0.68    7.3   0.4   254   288   133   164   122   169 0.75 -
TRINITY_DN24771_c0_g1_i1:286-876    -            197 15404at7898          -            932      0.13    9.7  16.6   1   2     0.027       3.3    5.0  13.3   226   353    26   161    11   168 0.71 -
TRINITY_DN24771_c0_g1_i1:286-876    -            197 15404at7898          -            932      0.13    9.7  16.6   2   2      0.39        47    1.2   0.1   268   291   170   192   164   196 0.80 -
TRINITY_DN16239_c4_g1_i1:528-1019   -            164 15404at7898          -            932      0.18    9.2  10.8   1   3    0.0017      0.21    9.0   0.6   302   354     7    59     3    63 0.91 -
TRINITY_DN16239_c4_g1_i1:528-1019   -            164 15404at7898          -            932      0.18    9.2  10.8   2   3     0.027       3.3    5.0   5.8   226   352    35   140    35   141 0.76 -
TRINITY_DN16239_c4_g1_i1:528-1019   -            164 15404at7898          -            932      0.18    9.2  10.8   3   3      0.14        17    2.7   0.9   743   766   117   140   109   164 0.76 -
TRINITY_DN13966_c0_g2_i1:148-801    -            218 15404at7898          -            932      0.19    9.1  18.2   1   3      0.13        15    2.8   3.9   318   354    12    48     6    53 0.87 -
TRINITY_DN13966_c0_g2_i1:148-801    -            218 15404at7898          -            932      0.19    9.1  18.2   2   3   0.00071     0.086   10.3   5.8   303   395    53   146    49   160 0.88 -
TRINITY_DN13966_c0_g2_i1:148-801    -            218 15404at7898          -            932      0.19    9.1  18.2   3   3      0.41        49    1.1   0.0   202   245   167   210   153   214 0.79 -
TRINITY_DN3958_c0_g1_i5:4-420       -            139 15404at7898          -            932      0.23    8.9  12.5   1   2   0.00084       0.1   10.0   3.6   267   353     7    83     2    87 0.81 -
TRINITY_DN3958_c0_g1_i5:4-420       -            139 15404at7898          -            932      0.23    8.9  12.5   2   2     0.016         2    5.8  11.8   265   355    33   113    22   139 0.79 -
TRINITY_DN13642_c0_g1_i7:4-495      -            164 15404at7898          -            932      0.23    8.9  21.2   1   2     0.067       8.1    3.7  11.5   253   353    18   106     1   109 0.64 -
TRINITY_DN13642_c0_g1_i7:4-495      -            164 15404at7898          -            932      0.23    8.9  21.2   2   2    0.0015      0.18    9.2   6.2   267   353    86   162    80   163 0.79 -
TRINITY_DN7452_c0_g1_i1:55-1389     -            445 15404at7898          -            932      0.26    8.7  13.1   1   2     0.035       4.3    4.6   0.3   735   763   286   314   283   322 0.89 -
TRINITY_DN7452_c0_g1_i1:55-1389     -            445 15404at7898          -            932      0.26    8.7  13.1   2   2     0.003      0.37    8.2   4.7   304   358   322   377   318   381 0.87 -
TRINITY_DN8141_c0_g2_i1:459-1205    -            249 15404at7898          -            932      0.29    8.5  33.2   1   4    0.0062      0.75    7.2   0.9   304   353     5    54     2    63 0.85 -
TRINITY_DN8141_c0_g2_i1:459-1205    -            249 15404at7898          -            932      0.29    8.5  33.2   2   4     0.054       6.5    4.1   9.1   269   354    64   139    56   144 0.76 -
TRINITY_DN8141_c0_g2_i1:459-1205    -            249 15404at7898          -            932      0.29    8.5  33.2   3   4   0.00019     0.023   12.2   1.6   303   353   144   194   140   198 0.95 -
TRINITY_DN8141_c0_g2_i1:459-1205    -            249 15404at7898          -            932      0.29    8.5  33.2   4   4      0.38        47    1.2   0.6   317   348   214   245   195   249 0.43 -
TRINITY_DN8141_c0_g2_i2:491-1237    -            249 15404at7898          -            932      0.29    8.5  33.2   1   4    0.0062      0.75    7.2   0.9   304   353     5    54     2    63 0.85 -
TRINITY_DN8141_c0_g2_i2:491-1237    -            249 15404at7898          -            932      0.29    8.5  33.2   2   4     0.054       6.5    4.1   9.1   269   354    64   139    56   144 0.76 -
TRINITY_DN8141_c0_g2_i2:491-1237    -            249 15404at7898          -            932      0.29    8.5  33.2   3   4   0.00019     0.023   12.2   1.6   303   353   144   194   140   198 0.95 -
TRINITY_DN8141_c0_g2_i2:491-1237    -            249 15404at7898          -            932      0.29    8.5  33.2   4   4      0.38        47    1.2   0.6   317   348   214   245   195   249 0.43 -
TRINITY_DN18454_c0_g2_i1:4-984      -            327 15404at7898          -            932      0.33    8.4  36.2   1   4      0.88   1.1e+02    0.0   0.1   319   353     6    40     3    45 0.83 -
TRINITY_DN18454_c0_g2_i1:4-984      -            327 15404at7898          -            932      0.33    8.4  36.2   2   4    0.0038      0.47    7.8   4.4   301   353    44    96    22   100 0.75 -
TRINITY_DN18454_c0_g2_i1:4-984      -            327 15404at7898          -            932      0.33    8.4  36.2   3   4      0.02       2.4    5.5  14.4   226   354   129   244   101   252 0.83 -
TRINITY_DN18454_c0_g2_i1:4-984      -            327 15404at7898          -            932      0.33    8.4  36.2   4   4      0.16        19    2.5   1.3   269   352   253   326   244   327 0.62 -
TRINITY_DN4262_c0_g1_i1:245-1192    -            316 15404at7898          -            932      0.33    8.3  35.2   1   4     0.024         3    5.2   9.2   267   354    18    96     5   128 0.56 -
TRINITY_DN4262_c0_g1_i1:245-1192    -            316 15404at7898          -            932      0.33    8.3  35.2   2   4       0.2        25    2.1   6.7   269   355   105   182   102   193 0.65 -
TRINITY_DN4262_c0_g1_i1:245-1192    -            316 15404at7898          -            932      0.33    8.3  35.2   3   4     0.008      0.97    6.8  13.1   226   356   129   239   126   247 0.79 -
TRINITY_DN4262_c0_g1_i1:245-1192    -            316 15404at7898          -            932      0.33    8.3  35.2   4   4      0.11        13    3.1   0.3   598   623   237   261   234   268 0.82 -
TRINITY_DN4262_c0_g1_i2:361-1308    -            316 15404at7898          -            932      0.33    8.3  35.2   1   4     0.024         3    5.2   9.2   267   354    18    96     5   128 0.56 -
TRINITY_DN4262_c0_g1_i2:361-1308    -            316 15404at7898          -            932      0.33    8.3  35.2   2   4       0.2        25    2.1   6.7   269   355   105   182   102   193 0.65 -
TRINITY_DN4262_c0_g1_i2:361-1308    -            316 15404at7898          -            932      0.33    8.3  35.2   3   4     0.008      0.97    6.8  13.1   226   356   129   239   126   247 0.79 -
TRINITY_DN4262_c0_g1_i2:361-1308    -            316 15404at7898          -            932      0.33    8.3  35.2   4   4      0.11        13    3.1   0.3   598   623   237   261   234   268 0.82 -
TRINITY_DN2537_c0_g1_i7:55-1482     -            476 15404at7898          -            932      0.34    8.3  46.5   1   5     0.029       3.5    5.0   2.0   301   353    11    61     4    65 0.82 -
TRINITY_DN2537_c0_g1_i7:55-1482     -            476 15404at7898          -            932      0.34    8.3  46.5   2   5     0.013       1.6    6.1   3.5   268   353    70   144    63   150 0.76 -
TRINITY_DN2537_c0_g1_i7:55-1482     -            476 15404at7898          -            932      0.34    8.3  46.5   3   5   0.00014     0.017   12.6   4.1   267   353   152   228   140   237 0.84 -
TRINITY_DN2537_c0_g1_i7:55-1482     -            476 15404at7898          -            932      0.34    8.3  46.5   4   5     0.063       7.7    3.8   6.4   226   353   261   394   255   398 0.67 -
TRINITY_DN2537_c0_g1_i7:55-1482     -            476 15404at7898          -            932      0.34    8.3  46.5   5   5     0.012       1.4    6.3   1.3   268   353   375   450   368   455 0.81 -
TRINITY_DN39859_c0_g1_i1:4-540      -            179 15404at7898          -            932      0.35    8.3  12.9   1   2     0.016         2    5.8   0.5   320   355     1    36     1    40 0.89 -
TRINITY_DN39859_c0_g1_i1:4-540      -            179 15404at7898          -            932      0.35    8.3  12.9   2   2    0.0075      0.91    6.9   6.5   227   353    40   167    36   173 0.88 -
TRINITY_DN42974_c0_g1_i6:192-743    -            184 15404at7898          -            932      0.42    8.0  15.6   1   2     0.022       2.7    5.3   9.4   226   352     1   107     1   111 0.56 -
TRINITY_DN42974_c0_g1_i6:192-743    -            184 15404at7898          -            932      0.42    8.0  15.6   2   2     0.061       7.4    3.9   2.1   269   348    90   184    81   184 0.58 -
TRINITY_DN3958_c0_g1_i3:4-420       -            139 15404at7898          -            932      0.52    7.7  14.6   1   1     0.049         6    4.2  14.6   260   355    28   113     2   139 0.71 -
TRINITY_DN18036_c1_g2_i2:761-1234   -            158 15404at7898          -            932      0.53    7.7   9.5   1   1     0.016       1.9    5.8   9.0   246   353    19   117     9   121 0.81 -
TRINITY_DN30846_c0_g2_i1:198-623    -            142 15404at7898          -            932      0.54    7.6  13.4   1   2     0.078       9.5    3.5   0.2   329   353     5    29     2    35 0.89 -
TRINITY_DN30846_c0_g2_i1:198-623    -            142 15404at7898          -            932      0.54    7.6  13.4   2   2     0.016       1.9    5.8   7.9   227   352    35   141    31   142 0.46 -
TRINITY_DN11933_c0_g2_i6:0-1088     -            363 15404at7898          -            932      0.55    7.6  11.2   1   2    0.0051      0.61    7.4   3.1   301   376    21    98    11   130 0.79 -
TRINITY_DN11933_c0_g2_i6:0-1088     -            363 15404at7898          -            932      0.55    7.6  11.2   2   2     0.027       3.3    5.1   1.1   328   356   307   335   297   356 0.85 -
TRINITY_DN2537_c0_g1_i9:55-1494     -            480 15404at7898          -            932      0.59    7.5  47.0   1   7      0.35        43    1.4   0.1   604   623     4    23     1    28 0.87 -
TRINITY_DN2537_c0_g1_i9:55-1494     -            480 15404at7898          -            932      0.59    7.5  47.0   2   7      0.26        31    1.8   0.7   302   353    29    78    24    81 0.82 -
TRINITY_DN2537_c0_g1_i9:55-1494     -            480 15404at7898          -            932      0.59    7.5  47.0   3   7     0.021       2.5    5.4   4.2   268   353    87   161    80   168 0.77 -
TRINITY_DN2537_c0_g1_i9:55-1494     -            480 15404at7898          -            932      0.59    7.5  47.0   4   7   0.00028     0.034   11.6   5.2   267   354   169   246   157   264 0.85 -
TRINITY_DN2537_c0_g1_i9:55-1494     -            480 15404at7898          -            932      0.59    7.5  47.0   5   7      0.09        11    3.3   5.7   228   353   252   370   247   378 0.66 -
TRINITY_DN2537_c0_g1_i9:55-1494     -            480 15404at7898          -            932      0.59    7.5  47.0   6   7     0.018       2.2    5.6   1.4   273   354   356   427   352   434 0.70 -
TRINITY_DN2537_c0_g1_i9:55-1494     -            480 15404at7898          -            932      0.59    7.5  47.0   7   7     0.029       3.5    5.0   0.6   300   352   401   453   388   470 0.70 -
TRINITY_DN21523_c0_g1_i1:1001-2200  -            400 15404at7898          -            932      0.65    7.4  38.4   1   5     0.063       7.6    3.8   0.7   304   353    18    67     7    71 0.75 -
TRINITY_DN21523_c0_g1_i1:1001-2200  -            400 15404at7898          -            932      0.65    7.4  38.4   2   5   0.00062     0.075   10.5   3.2   253   353    63   172    44   176 0.78 -
TRINITY_DN21523_c0_g1_i1:1001-2200  -            400 15404at7898          -            932      0.65    7.4  38.4   3   5    0.0061      0.74    7.2   7.0   261   353   202   284   176   287 0.83 -
TRINITY_DN21523_c0_g1_i1:1001-2200  -            400 15404at7898          -            932      0.65    7.4  38.4   4   5     0.099        12    3.2   6.7   267   353   292   368   283   373 0.75 -
TRINITY_DN21523_c0_g1_i1:1001-2200  -            400 15404at7898          -            932      0.65    7.4  38.4   5   5       3.8   4.6e+02   -2.1   0.0   227   288   374   396   369   399 0.62 -
TRINITY_DN10730_c1_g2_i3:126-557    -            144 15404at7898          -            932      0.66    7.3  10.3   1   2     0.076       9.2    3.6   2.5   303   355     5    57     2    74 0.82 -
TRINITY_DN10730_c1_g2_i3:126-557    -            144 15404at7898          -            932      0.66    7.3  10.3   2   2    0.0065      0.79    7.1   3.1   273   353    69   139    58   143 0.80 -
TRINITY_DN14766_c1_g1_i1:275-883    -            203 15404at7898          -            932      0.71    7.2  21.3   1   2       0.5        61    0.8  11.3   229   353     9   117     2   125 0.61 -
TRINITY_DN14766_c1_g1_i1:275-883    -            203 15404at7898          -            932      0.71    7.2  21.3   2   2    0.0013      0.16    9.4   5.3   267   352   125   200   108   203 0.84 -
TRINITY_DN23388_c0_g2_i1:2-589      -            196 15404at7898          -            932      0.76    7.1  27.6   1   2   3.9e-05    0.0047   14.4   6.0   276   353     8    75     1    80 0.75 -
TRINITY_DN23388_c0_g2_i1:2-589      -            196 15404at7898          -            932      0.76    7.1  27.6   2   2       6.8   8.3e+02   -2.9  13.5   267   356    83   168    78   196 0.70 -
TRINITY_DN10730_c1_g2_i2:27-722     -            232 15404at7898          -            932      0.83    7.0  21.6   1   3    0.0016       0.2    9.1   2.3   301   353    13    65     1    72 0.88 -
TRINITY_DN10730_c1_g2_i2:27-722     -            232 15404at7898          -            932      0.83    7.0  21.6   2   3     0.073       8.8    3.6   1.2   303   354    71   122    66   134 0.87 -
TRINITY_DN10730_c1_g2_i2:27-722     -            232 15404at7898          -            932      0.83    7.0  21.6   3   3       0.1        13    3.1   5.9   274   353   136   205   125   232 0.79 -
TRINITY_DN1714_c0_g3_i1:416-1132    -            239 15404at7898          -            932      0.83    7.0  17.8   1   2     0.011       1.4    6.3   3.5   226   289    30   101    25   104 0.81 -
TRINITY_DN1714_c0_g3_i1:416-1132    -            239 15404at7898          -            932      0.83    7.0  17.8   2   2     0.038       4.7    4.5   4.3   265   352   162   239   105   239 0.63 -
TRINITY_DN23616_c0_g3_i1:118-1131   -            338 15404at7898          -            932      0.88    6.9  47.9   1   6      0.18        22    2.3   3.9   303   353     2    52     1    56 0.94 -
TRINITY_DN23616_c0_g3_i1:118-1131   -            338 15404at7898          -            932      0.88    6.9  47.9   2   6   0.00013     0.016   12.7   6.3   302   354    57   110    53   122 0.87 -
TRINITY_DN23616_c0_g3_i1:118-1131   -            338 15404at7898          -            932      0.88    6.9  47.9   3   6      0.26        32    1.8   0.8   304   354   116   166   111   169 0.77 -
TRINITY_DN23616_c0_g3_i1:118-1131   -            338 15404at7898          -            932      0.88    6.9  47.9   4   6     0.025         3    5.2   5.8   262   353   142   221   129   229 0.78 -
TRINITY_DN23616_c0_g3_i1:118-1131   -            338 15404at7898          -            932      0.88    6.9  47.9   5   6     0.019       2.4    5.5   8.8   226   353   170   277   165   281 0.74 -
TRINITY_DN23616_c0_g3_i1:118-1131   -            338 15404at7898          -            932      0.88    6.9  47.9   6   6     0.029       3.5    4.9   4.0   267   353   257   333   252   336 0.86 -
TRINITY_DN20394_c0_g1_i1:512-1102   -            197 15404at7898          -            932       0.9    6.9  16.1   1   3     0.069       8.3    3.7   1.1   304   353     7    56     3    61 0.77 -
TRINITY_DN20394_c0_g1_i1:512-1102   -            197 15404at7898          -            932       0.9    6.9  16.1   2   3    0.0085         1    6.7   0.4   303   353    62   112    58   116 0.91 -
TRINITY_DN20394_c0_g1_i1:512-1102   -            197 15404at7898          -            932       0.9    6.9  16.1   3   3      0.01       1.2    6.5   0.2   304   353   119   168   113   173 0.87 -
TRINITY_DN10106_c0_g1_i8:1588-3303  -            572 15404at7898          -            932       1.1    6.6  36.0   1   4      0.15        18    2.6   0.4   331   355    46    70     2    97 0.78 -
TRINITY_DN10106_c0_g1_i8:1588-3303  -            572 15404at7898          -            932       1.1    6.6  36.0   2   4    0.0027      0.33    8.3   3.0   301   361   199   259   184   314 0.70 -
TRINITY_DN10106_c0_g1_i8:1588-3303  -            572 15404at7898          -            932       1.1    6.6  36.0   3   4     0.075       9.1    3.6   3.9   299   350   352   403   327   413 0.88 -
TRINITY_DN10106_c0_g1_i8:1588-3303  -            572 15404at7898          -            932       1.1    6.6  36.0   4   4    0.0051      0.62    7.4   7.1   298   358   494   553   457   566 0.85 -
TRINITY_DN10106_c0_g1_i14:1589-3307 -            573 15404at7898          -            932       1.1    6.6  36.0   1   4      0.15        18    2.6   0.4   331   355    46    70     2    97 0.78 -
TRINITY_DN10106_c0_g1_i14:1589-3307 -            573 15404at7898          -            932       1.1    6.6  36.0   2   4    0.0027      0.33    8.3   3.0   301   361   200   260   185   315 0.70 -
TRINITY_DN10106_c0_g1_i14:1589-3307 -            573 15404at7898          -            932       1.1    6.6  36.0   3   4     0.075       9.1    3.6   3.9   299   350   353   404   328   414 0.88 -
TRINITY_DN10106_c0_g1_i14:1589-3307 -            573 15404at7898          -            932       1.1    6.6  36.0   4   4    0.0051      0.62    7.4   7.1   298   358   495   554   458   567 0.85 -
TRINITY_DN10106_c0_g1_i6:1589-3307  -            573 15404at7898          -            932       1.1    6.6  36.0   1   4      0.15        18    2.6   0.4   331   355    46    70     2    97 0.78 -
TRINITY_DN10106_c0_g1_i6:1589-3307  -            573 15404at7898          -            932       1.1    6.6  36.0   2   4    0.0027      0.33    8.3   3.0   301   361   200   260   185   315 0.70 -
TRINITY_DN10106_c0_g1_i6:1589-3307  -            573 15404at7898          -            932       1.1    6.6  36.0   3   4     0.075       9.1    3.6   3.9   299   350   353   404   328   414 0.88 -
TRINITY_DN10106_c0_g1_i6:1589-3307  -            573 15404at7898          -            932       1.1    6.6  36.0   4   4    0.0051      0.62    7.4   7.1   298   358   495   554   458   567 0.85 -
TRINITY_DN24943_c1_g1_i2:7-570      -            188 15404at7898          -            932       1.5    6.2  11.0   1   2      0.13        16    2.8   5.0   302   340    56    94     2   110 0.53 -
TRINITY_DN24943_c1_g1_i2:7-570      -            188 15404at7898          -            932       1.5    6.2  11.0   2   2     0.016         2    5.8   5.6   226   355    56   164    52   187 0.76 -
TRINITY_DN15978_c0_g1_i1:592-1008   -            139 15404at7898          -            932       1.5    6.2  14.1   1   2    0.0015      0.19    9.2   5.6   268   353     8    83     2    88 0.78 -
TRINITY_DN15978_c0_g1_i1:592-1008   -            139 15404at7898          -            932       1.5    6.2  14.1   2   2      0.18        22    2.3   1.1   226   287    88   138    84   139 0.74 -
TRINITY_DN15978_c0_g1_i4:592-1008   -            139 15404at7898          -            932       1.5    6.2  14.1   1   2    0.0015      0.19    9.2   5.6   268   353     8    83     2    88 0.78 -
TRINITY_DN15978_c0_g1_i4:592-1008   -            139 15404at7898          -            932       1.5    6.2  14.1   2   2      0.18        22    2.3   1.1   226   287    88   138    84   139 0.74 -
TRINITY_DN36560_c0_g1_i1:8-484      -            159 15404at7898          -            932       1.6    6.1  13.0   1   1      0.02       2.5    5.5  12.7   266   361    53   140    15   158 0.80 -
TRINITY_DN4153_c0_g1_i25:1616-3079  -            488 15404at7898          -            932       1.9    5.8  48.9   1   5      0.39        48    1.2   0.7   304   357     1    54     1    74 0.78 -
TRINITY_DN4153_c0_g1_i25:1616-3079  -            488 15404at7898          -            932       1.9    5.8  48.9   2   5    0.0007     0.085   10.3   1.8   301   355    91   145    78   165 0.88 -
TRINITY_DN4153_c0_g1_i25:1616-3079  -            488 15404at7898          -            932       1.9    5.8  48.9   3   5   0.00096      0.12    9.8   6.0   296   372   188   264   176   283 0.78 -
TRINITY_DN4153_c0_g1_i25:1616-3079  -            488 15404at7898          -            932       1.9    5.8  48.9   4   5     0.082        10    3.4  13.4   225   354   285   431   271   437 0.75 -
TRINITY_DN4153_c0_g1_i25:1616-3079  -            488 15404at7898          -            932       1.9    5.8  48.9   5   5      0.22        26    2.0   4.8   251   353   391   486   381   488 0.80 -
TRINITY_DN33128_c0_g1_i1:456-1409   -            318 15404at7898          -            932       2.4    5.5  29.6   1   3     0.002      0.24    8.8   4.6   269   353     6    96     2   102 0.79 -
TRINITY_DN33128_c0_g1_i1:456-1409   -            318 15404at7898          -            932       2.4    5.5  29.6   2   3    0.0047      0.57    7.6   0.8   225   327    72   174    71   183 0.81 -
TRINITY_DN33128_c0_g1_i1:456-1409   -            318 15404at7898          -            932       2.4    5.5  29.6   3   3      0.52        63    0.8  12.7   263   353   236   315   219   318 0.79 -
TRINITY_DN33128_c0_g1_i6:474-1427   -            318 15404at7898          -            932       2.4    5.5  29.6   1   3     0.002      0.24    8.8   4.6   269   353     6    96     2   102 0.79 -
TRINITY_DN33128_c0_g1_i6:474-1427   -            318 15404at7898          -            932       2.4    5.5  29.6   2   3    0.0047      0.57    7.6   0.8   225   327    72   174    71   183 0.81 -
TRINITY_DN33128_c0_g1_i6:474-1427   -            318 15404at7898          -            932       2.4    5.5  29.6   3   3      0.52        63    0.8  12.7   263   353   236   315   219   318 0.79 -
TRINITY_DN33128_c0_g1_i7:474-1427   -            318 15404at7898          -            932       2.4    5.5  29.6   1   3     0.002      0.24    8.8   4.6   269   353     6    96     2   102 0.79 -
TRINITY_DN33128_c0_g1_i7:474-1427   -            318 15404at7898          -            932       2.4    5.5  29.6   2   3    0.0047      0.57    7.6   0.8   225   327    72   174    71   183 0.81 -
TRINITY_DN33128_c0_g1_i7:474-1427   -            318 15404at7898          -            932       2.4    5.5  29.6   3   3      0.52        63    0.8  12.7   263   353   236   315   219   318 0.79 -
TRINITY_DN10365_c0_g1_i8:598-1023   -            142 15404at7898          -            932       2.7    5.3  12.7   1   2     0.099        12    3.2   2.4   304   352    14    62     3    67 0.66 -
TRINITY_DN10365_c0_g1_i8:598-1023   -            142 15404at7898          -            932       2.7    5.3  12.7   2   2    0.0053      0.65    7.4   3.4   303   355    69   121    61   137 0.88 -
TRINITY_DN23648_c0_g1_i1:4-726      -            241 15404at7898          -            932       3.4    5.0  19.2   1   3       2.4   2.9e+02   -1.4   0.2   318   352    13    50     2    53 0.70 -
TRINITY_DN23648_c0_g1_i1:4-726      -            241 15404at7898          -            932       3.4    5.0  19.2   2   3   9.9e-05     0.012   13.1   3.5   300   363    53   113    38   140 0.77 -
TRINITY_DN23648_c0_g1_i1:4-726      -            241 15404at7898          -            932       3.4    5.0  19.2   3   3      0.28        34    1.7   1.7   329   353   187   211   181   217 0.89 -
TRINITY_DN30001_c0_g2_i3:105-731    -            209 15404at7898          -            932       4.1    4.7  23.3   1   2    0.0012      0.15    9.5   3.3   268   353    21    96     6   101 0.73 -
TRINITY_DN30001_c0_g2_i3:105-731    -            209 15404at7898          -            932       4.1    4.7  23.3   2   2     0.038       4.6    4.6   3.8   316   353   115   152    97   157 0.80 -
TRINITY_DN30001_c0_g2_i4:480-1106   -            209 15404at7898          -            932       4.1    4.7  23.3   1   2    0.0012      0.15    9.5   3.3   268   353    21    96     6   101 0.73 -
TRINITY_DN30001_c0_g2_i4:480-1106   -            209 15404at7898          -            932       4.1    4.7  23.3   2   2     0.038       4.6    4.6   3.8   316   353   115   152    97   157 0.80 -
TRINITY_DN30001_c0_g2_i5:509-1135   -            209 15404at7898          -            932       4.1    4.7  23.3   1   2    0.0012      0.15    9.5   3.3   268   353    21    96     6   101 0.73 -
TRINITY_DN30001_c0_g2_i5:509-1135   -            209 15404at7898          -            932       4.1    4.7  23.3   2   2     0.038       4.6    4.6   3.8   316   353   115   152    97   157 0.80 -
TRINITY_DN24236_c0_g2_i3:154-954    -            267 15404at7898          -            932       4.1    4.7  31.2   1   3    0.0059      0.71    7.2   2.0   301   355     2    56     1    66 0.91 -
TRINITY_DN24236_c0_g2_i3:154-954    -            267 15404at7898          -            932       4.1    4.7  31.2   2   3     0.027       3.3    5.0  12.4   226   351    31   154    31   160 0.79 -
TRINITY_DN24236_c0_g2_i3:154-954    -            267 15404at7898          -            932       4.1    4.7  31.2   3   3      0.27        33    1.7   9.8   226   352   160   267   157   267 0.80 -
TRINITY_DN11933_c0_g2_i1:36-1244    -            403 15404at7898          -            932       4.2    4.7  16.8   1   3      0.13        16    2.8   0.1   329   353    78   102    63   106 0.90 -
TRINITY_DN11933_c0_g2_i1:36-1244    -            403 15404at7898          -            932       4.2    4.7  16.8   2   3     0.023       2.8    5.3   3.6   302   367   107   172   103   184 0.84 -
TRINITY_DN11933_c0_g2_i1:36-1244    -            403 15404at7898          -            932       4.2    4.7  16.8   3   3     0.028       3.4    5.0   1.0   328   356   347   375   337   398 0.85 -
TRINITY_DN11933_c0_g2_i5:36-1244    -            403 15404at7898          -            932       4.7    4.5  17.2   1   3      0.12        14    2.9   0.1   329   353    78   102    72   106 0.89 -
TRINITY_DN11933_c0_g2_i5:36-1244    -            403 15404at7898          -            932       4.7    4.5  17.2   2   3     0.022       2.7    5.3   3.7   302   367   107   172   102   184 0.84 -
TRINITY_DN11933_c0_g2_i5:36-1244    -            403 15404at7898          -            932       4.7    4.5  17.2   3   3     0.031       3.7    4.9   1.1   328   356   347   375   337   396 0.86 -
TRINITY_DN11933_c0_g2_i8:36-1244    -            403 15404at7898          -            932       4.8    4.5  16.9   1   3      0.13        16    2.8   0.1   329   353    78   102    63   106 0.90 -
TRINITY_DN11933_c0_g2_i8:36-1244    -            403 15404at7898          -            932       4.8    4.5  16.9   2   3     0.023       2.8    5.3   3.6   302   367   107   172   103   184 0.84 -
TRINITY_DN11933_c0_g2_i8:36-1244    -            403 15404at7898          -            932       4.8    4.5  16.9   3   3     0.031       3.7    4.9   1.1   328   356   347   375   337   396 0.86 -
TRINITY_DN2537_c0_g1_i20:61-1455    -            465 15404at7898          -            932       9.4    3.5  45.3   1   5     0.053       6.4    4.1   1.4   303   353     2    50     1    54 0.81 -
TRINITY_DN2537_c0_g1_i20:61-1455    -            465 15404at7898          -            932       9.4    3.5  45.3   2   5     0.018       2.2    5.6   3.5   268   353    59   133    52   142 0.81 -
TRINITY_DN2537_c0_g1_i20:61-1455    -            465 15404at7898          -            932       9.4    3.5  45.3   3   5    0.0047      0.57    7.6   1.8   268   353   142   219   136   225 0.79 -
TRINITY_DN2537_c0_g1_i20:61-1455    -            465 15404at7898          -            932       9.4    3.5  45.3   4   5      0.57        70    0.7   8.7   297   353   298   357   224   360 0.68 -
TRINITY_DN2537_c0_g1_i20:61-1455    -            465 15404at7898          -            932       9.4    3.5  45.3   5   5    0.0071      0.86    7.0   0.7   268   353   366   441   358   445 0.81 -
#
# Program:         hmmsearch
# Version:         3.1b2 (February 2015)
# Pipeline mode:   SEARCH
# Query file:      /home/ericjuo/Projects/salmo_trutta_rna_seq/busco_downloads/lineages/actinopterygii_odb10/hmms/15404at7898.hmm
# Target file:     /home/ericjuo/Projects/salmo_trutta_rna_seq/data/02_intermediate/busco/run_actinopterygii_odb10/metaeuk_output/initial_results/trinity.Trinity.fasta.modified.fas
# Option settings: hmmsearch --domtblout /home/ericjuo/Projects/salmo_trutta_rna_seq/data/02_intermediate/busco/run_actinopterygii_odb10/hmmer_output/initial_run_results/15404at7898.out --cpu 1 /home/ericjuo/Projects/salmo_trutta_rna_seq/busco_downloads/lineages/actinopterygii_odb10/hmms/15404at7898.hmm /home/ericjuo/Projects/salmo_trutta_rna_seq/data/02_intermediate/busco/run_actinopterygii_odb10/metaeuk_output/initial_results/trinity.Trinity.fasta.modified.fas 
# Current dir:     /home/ericjuo/Projects/salmo_trutta_rna_seq
# Date:            Fri Apr 29 12:53:41 2022
# [ok]
