#                                                                                          --- full sequence --- -------------- this domain -------------   hmm coord   ali coord   env coord
# target name                      accession   tlen query name           accession   qlen   E-value  score  bias   #  of  c-Evalue  i-Evalue  score  bias  from    to  from    to  from    to  acc description of target
#              ------------------- ---------- ----- -------------------- ---------- ----- --------- ------ ----- --- --- --------- --------- ------ ----- ----- ----- ----- ----- ----- ----- ---- ---------------------
TRINITY_DN7288_c0_g2_i1:575-2977   -            736 17266at7898          -            670  1.8e-253  842.4  17.6   1   2  2.8e-165  9.1e-163  542.7   6.5    95   455     1   435     1   453 0.88 -
TRINITY_DN7288_c0_g2_i1:575-2977   -            736 17266at7898          -            670  1.8e-253  842.4  17.6   2   2   2.2e-89     7e-87  291.9   3.2   455   670   462   730   456   730 0.80 -
TRINITY_DN137_c1_g1_i10:316-996    -            227 17266at7898          -            670   0.00028   18.9   1.9   1   2   1.8e-05    0.0058   14.6   0.3   295   322    14    41     7    51 0.92 -
TRINITY_DN137_c1_g1_i10:316-996    -            227 17266at7898          -            670   0.00028   18.9   1.9   2   2     0.032        10    3.9   0.1   246   277    60    89    54   126 0.76 -
TRINITY_DN137_c1_g1_i3:316-996     -            227 17266at7898          -            670   0.00028   18.9   1.9   1   2   1.8e-05    0.0058   14.6   0.3   295   322    14    41     7    51 0.92 -
TRINITY_DN137_c1_g1_i3:316-996     -            227 17266at7898          -            670   0.00028   18.9   1.9   2   2     0.032        10    3.9   0.1   246   277    60    89    54   126 0.76 -
TRINITY_DN137_c1_g1_i4:316-996     -            227 17266at7898          -            670   0.00028   18.9   1.9   1   2   1.8e-05    0.0058   14.6   0.3   295   322    14    41     7    51 0.92 -
TRINITY_DN137_c1_g1_i4:316-996     -            227 17266at7898          -            670   0.00028   18.9   1.9   2   2     0.032        10    3.9   0.1   246   277    60    89    54   126 0.76 -
TRINITY_DN137_c1_g1_i5:316-996     -            227 17266at7898          -            670   0.00028   18.9   1.9   1   2   1.8e-05    0.0058   14.6   0.3   295   322    14    41     7    51 0.92 -
TRINITY_DN137_c1_g1_i5:316-996     -            227 17266at7898          -            670   0.00028   18.9   1.9   2   2     0.032        10    3.9   0.1   246   277    60    89    54   126 0.76 -
TRINITY_DN137_c1_g1_i8:316-996     -            227 17266at7898          -            670   0.00028   18.9   1.9   1   2   1.8e-05    0.0058   14.6   0.3   295   322    14    41     7    51 0.92 -
TRINITY_DN137_c1_g1_i8:316-996     -            227 17266at7898          -            670   0.00028   18.9   1.9   2   2     0.032        10    3.9   0.1   246   277    60    89    54   126 0.76 -
TRINITY_DN34542_c0_g1_i10:566-1204 -            213 17266at7898          -            670    0.0019   16.2   0.7   1   3      0.42   1.3e+02    0.2   0.1   391   419     2    30     1    54 0.68 -
TRINITY_DN34542_c0_g1_i10:566-1204 -            213 17266at7898          -            670    0.0019   16.2   0.7   2   3    0.0047       1.5    6.6   0.0   250   333    38   122    25   127 0.68 -
TRINITY_DN34542_c0_g1_i10:566-1204 -            213 17266at7898          -            670    0.0019   16.2   0.7   3   3    0.0021      0.69    7.7   0.0   292   370   125   194   113   209 0.83 -
TRINITY_DN34542_c0_g1_i11:566-1204 -            213 17266at7898          -            670    0.0028   15.6   0.4   1   3       1.3   4.3e+02   -1.5   0.0   392   418     3    29     1    50 0.64 -
TRINITY_DN34542_c0_g1_i11:566-1204 -            213 17266at7898          -            670    0.0028   15.6   0.4   2   3    0.0071       2.3    6.0   0.0   251   330    39   119    26   125 0.67 -
TRINITY_DN34542_c0_g1_i11:566-1204 -            213 17266at7898          -            670    0.0028   15.6   0.4   3   3    0.0021      0.69    7.7   0.0   292   370   125   194   113   209 0.83 -
TRINITY_DN34542_c0_g1_i9:564-1202  -            213 17266at7898          -            670    0.0028   15.6   0.4   1   3       1.3   4.3e+02   -1.5   0.0   392   418     3    29     1    50 0.64 -
TRINITY_DN34542_c0_g1_i9:564-1202  -            213 17266at7898          -            670    0.0028   15.6   0.4   2   3    0.0071       2.3    6.0   0.0   251   330    39   119    26   125 0.67 -
TRINITY_DN34542_c0_g1_i9:564-1202  -            213 17266at7898          -            670    0.0028   15.6   0.4   3   3    0.0021      0.69    7.7   0.0   292   370   125   194   113   209 0.83 -
TRINITY_DN10416_c0_g1_i4:759-1403  -            215 17266at7898          -            670    0.0029   15.5   0.6   1   4    0.0005      0.16    9.8   0.1   294   344    15    62     3    75 0.74 -
TRINITY_DN10416_c0_g1_i4:759-1403  -            215 17266at7898          -            670    0.0029   15.5   0.6   2   4       1.7   5.5e+02   -1.9   0.0   390   404    71    85    56    98 0.80 -
TRINITY_DN10416_c0_g1_i4:759-1403  -            215 17266at7898          -            670    0.0029   15.5   0.6   3   4       0.1        33    2.2   0.0   551   570   156   175   116   184 0.56 -
TRINITY_DN10416_c0_g1_i4:759-1403  -            215 17266at7898          -            670    0.0029   15.5   0.6   4   4     0.094        30    2.3   0.0   551   573   156   178   139   214 0.72 -
TRINITY_DN10416_c0_g1_i8:774-1418  -            215 17266at7898          -            670    0.0029   15.5   0.6   1   4    0.0005      0.16    9.8   0.1   294   344    15    62     3    75 0.74 -
TRINITY_DN10416_c0_g1_i8:774-1418  -            215 17266at7898          -            670    0.0029   15.5   0.6   2   4       1.7   5.5e+02   -1.9   0.0   390   404    71    85    56    98 0.80 -
TRINITY_DN10416_c0_g1_i8:774-1418  -            215 17266at7898          -            670    0.0029   15.5   0.6   3   4       0.1        33    2.2   0.0   551   570   156   175   116   184 0.56 -
TRINITY_DN10416_c0_g1_i8:774-1418  -            215 17266at7898          -            670    0.0029   15.5   0.6   4   4     0.094        30    2.3   0.0   551   573   156   178   139   214 0.72 -
TRINITY_DN10416_c0_g1_i2:774-1418  -            215 17266at7898          -            670    0.0039   15.1   0.5   1   3    0.0005      0.16    9.8   0.1   294   344    15    62     3    75 0.74 -
TRINITY_DN10416_c0_g1_i2:774-1418  -            215 17266at7898          -            670    0.0039   15.1   0.5   2   3       2.5   7.9e+02   -2.4   0.0   390   404    71    85    65    93 0.84 -
TRINITY_DN10416_c0_g1_i2:774-1418  -            215 17266at7898          -            670    0.0039   15.1   0.5   3   3     0.084        27    2.5   0.0   551   574   156   179   141   215 0.67 -
TRINITY_DN34542_c0_g1_i2:766-1404  -            213 17266at7898          -            670    0.0051   14.8   1.0   1   3      0.37   1.2e+02    0.3   0.0   391   419     2    30     1    50 0.68 -
TRINITY_DN34542_c0_g1_i2:766-1404  -            213 17266at7898          -            670    0.0051   14.8   1.0   2   3    0.0055       1.8    6.4   0.1   250   331    38   120    25   126 0.69 -
TRINITY_DN34542_c0_g1_i2:766-1404  -            213 17266at7898          -            670    0.0051   14.8   1.0   3   3    0.0054       1.8    6.4   0.0   292   369   125   193   113   209 0.80 -
TRINITY_DN10416_c0_g1_i10:931-1575 -            215 17266at7898          -            670    0.0083   14.1   0.3   1   3    0.0012       0.4    8.5   0.0   294   344    15    62     3    75 0.74 -
TRINITY_DN10416_c0_g1_i10:931-1575 -            215 17266at7898          -            670    0.0083   14.1   0.3   2   3       1.9   6.2e+02   -2.0   0.0   390   404    71    85    56    92 0.80 -
TRINITY_DN10416_c0_g1_i10:931-1575 -            215 17266at7898          -            670    0.0083   14.1   0.3   3   3     0.084        27    2.5   0.0   551   574   156   179   141   215 0.67 -
TRINITY_DN2896_c0_g1_i2:355-1038   -            228 17266at7898          -            670     0.014   13.3   1.4   1   2     0.014       4.5    5.0   0.3   295   323     6    34     3    45 0.88 -
TRINITY_DN2896_c0_g1_i2:355-1038   -            228 17266at7898          -            670     0.014   13.3   1.4   2   2    0.0025       0.8    7.5   0.0   245   297    51   102    42   125 0.75 -
TRINITY_DN2896_c0_g1_i3:355-1038   -            228 17266at7898          -            670     0.014   13.3   1.4   1   2     0.014       4.5    5.0   0.3   295   323     6    34     3    45 0.88 -
TRINITY_DN2896_c0_g1_i3:355-1038   -            228 17266at7898          -            670     0.014   13.3   1.4   2   2    0.0025       0.8    7.5   0.0   245   297    51   102    42   125 0.75 -
TRINITY_DN2896_c0_g1_i4:355-1038   -            228 17266at7898          -            670     0.014   13.3   1.4   1   2     0.014       4.5    5.0   0.3   295   323     6    34     3    45 0.88 -
TRINITY_DN2896_c0_g1_i4:355-1038   -            228 17266at7898          -            670     0.014   13.3   1.4   2   2    0.0025       0.8    7.5   0.0   245   297    51   102    42   125 0.75 -
TRINITY_DN2896_c0_g1_i5:355-1038   -            228 17266at7898          -            670     0.014   13.3   1.4   1   2     0.014       4.5    5.0   0.3   295   323     6    34     3    45 0.88 -
TRINITY_DN2896_c0_g1_i5:355-1038   -            228 17266at7898          -            670     0.014   13.3   1.4   2   2    0.0025       0.8    7.5   0.0   245   297    51   102    42   125 0.75 -
TRINITY_DN52868_c0_g1_i1:134-1243  -            370 17266at7898          -            670     0.015   13.2   0.1   1   3     0.094        30    2.3   0.0   550   608   126   186   117   203 0.74 -
TRINITY_DN52868_c0_g1_i1:134-1243  -            370 17266at7898          -            670     0.015   13.2   0.1   2   3      0.14        46    1.7   0.0   555   606   215   268   199   279 0.85 -
TRINITY_DN52868_c0_g1_i1:134-1243  -            370 17266at7898          -            670     0.015   13.2   0.1   3   3    0.0089       2.9    5.7   0.1   387   417   294   324   263   338 0.78 -
TRINITY_DN15872_c0_g1_i2:471-1436  -            322 17266at7898          -            670     0.017   13.1   4.9   1   4      0.24        76    1.0   0.1   490   566     2    83     1    92 0.68 -
TRINITY_DN15872_c0_g1_i2:471-1436  -            322 17266at7898          -            670     0.017   13.1   4.9   2   4    0.0096       3.1    5.6   0.1   390   412   111   133   103   149 0.81 -
TRINITY_DN15872_c0_g1_i2:471-1436  -            322 17266at7898          -            670     0.017   13.1   4.9   3   4      0.01       3.3    5.5   0.0   389   419   152   182   141   192 0.83 -
TRINITY_DN15872_c0_g1_i2:471-1436  -            322 17266at7898          -            670     0.017   13.1   4.9   4   4      0.57   1.8e+02   -0.3   0.0   306   322   233   249   217   270 0.79 -
TRINITY_DN2392_c2_g1_i18:147-1079  -            311 17266at7898          -            670     0.035   12.0   0.0   1   1   0.00021     0.069   11.0   0.0   552   608    91   150    80   169 0.82 -
TRINITY_DN2392_c2_g1_i9:19-1026    -            336 17266at7898          -            670     0.038   11.9   0.0   1   2       8.1   2.6e+03   -4.1   0.0   390   406    30    46    27    62 0.69 -
TRINITY_DN2392_c2_g1_i9:19-1026    -            336 17266at7898          -            670     0.038   11.9   0.0   2   2   0.00025     0.079   10.8   0.0   552   608   115   174   104   192 0.82 -
TRINITY_DN6037_c0_g1_i6:442-783    -            114 17266at7898          -            670     0.039   11.9   0.0   1   1   0.00016      0.05   11.5   0.0   543   578    47    82    13   113 0.88 -
TRINITY_DN6037_c0_g1_i8:1473-1814  -            114 17266at7898          -            670     0.039   11.9   0.0   1   1   0.00016      0.05   11.5   0.0   543   578    47    82    13   113 0.88 -
TRINITY_DN6037_c0_g1_i9:1485-1826  -            114 17266at7898          -            670     0.039   11.9   0.0   1   1   0.00016      0.05   11.5   0.0   543   578    47    82    13   113 0.88 -
TRINITY_DN9887_c3_g1_i1:930-1229   -            100 17266at7898          -            670     0.039   11.8   0.0   1   1   0.00013     0.041   11.8   0.0   543   574    33    64     6    73 0.91 -
TRINITY_DN6037_c0_g1_i11:1452-1814 -            121 17266at7898          -            670     0.057   11.3   0.0   1   1   0.00018     0.057   11.3   0.0   543   578    54    89    17   120 0.88 -
TRINITY_DN8311_c0_g1_i2:0-998      -            333 17266at7898          -            670      0.11   10.3   0.0   1   2    0.0056       1.8    6.3   0.0   559   608   187   243   172   262 0.78 -
TRINITY_DN8311_c0_g1_i2:0-998      -            333 17266at7898          -            670      0.11   10.3   0.0   2   2      0.02       6.4    4.5   0.0   256   572   220   291   216   310 0.50 -
TRINITY_DN6023_c0_g1_i16:595-2283  -            563 17266at7898          -            670      0.13   10.1   1.4   1   4      0.31     1e+02    0.6   0.0   558   607     3    56     2    64 0.78 -
TRINITY_DN6023_c0_g1_i16:595-2283  -            563 17266at7898          -            670      0.13   10.1   1.4   2   4      0.73   2.3e+02   -0.7   0.0   301   324    88   111    63   127 0.74 -
TRINITY_DN6023_c0_g1_i16:595-2283  -            563 17266at7898          -            670      0.13   10.1   1.4   3   4      0.22        71    1.1   0.0   392   443   137   189   133   205 0.72 -
TRINITY_DN6023_c0_g1_i16:595-2283  -            563 17266at7898          -            670      0.13   10.1   1.4   4   4     0.037        12    3.6   0.0   303   327   330   354   317   371 0.77 -
TRINITY_DN8311_c0_g1_i1:348-1463   -            372 17266at7898          -            670      0.13   10.1   0.0   1   2    0.0068       2.2    6.1   0.0   559   608   187   243   166   261 0.79 -
TRINITY_DN8311_c0_g1_i1:348-1463   -            372 17266at7898          -            670      0.13   10.1   0.0   2   2     0.024       7.7    4.2   0.0   256   572   220   291   216   310 0.50 -
TRINITY_DN1767_c0_g1_i1:3459-5264  -            602 17266at7898          -            670      0.14   10.0   2.9   1   4      0.02       6.6    4.5   0.0   295   325    83   112    75   129 0.79 -
TRINITY_DN1767_c0_g1_i1:3459-5264  -            602 17266at7898          -            670      0.14   10.0   2.9   2   4       8.3   2.7e+03   -4.1   0.0   389   405   282   298   276   301 0.81 -
TRINITY_DN1767_c0_g1_i1:3459-5264  -            602 17266at7898          -            670      0.14   10.0   2.9   3   4      0.07        23    2.7   0.1   390   406   376   392   373   404 0.88 -
TRINITY_DN1767_c0_g1_i1:3459-5264  -            602 17266at7898          -            670      0.14   10.0   2.9   4   4       0.3        95    0.6   0.0   531   595   527   592   510   602 0.68 -
TRINITY_DN1767_c0_g1_i3:3459-5264  -            602 17266at7898          -            670      0.14   10.0   2.9   1   4      0.02       6.6    4.5   0.0   295   325    83   112    75   129 0.79 -
TRINITY_DN1767_c0_g1_i3:3459-5264  -            602 17266at7898          -            670      0.14   10.0   2.9   2   4       8.3   2.7e+03   -4.1   0.0   389   405   282   298   276   301 0.81 -
TRINITY_DN1767_c0_g1_i3:3459-5264  -            602 17266at7898          -            670      0.14   10.0   2.9   3   4      0.07        23    2.7   0.1   390   406   376   392   373   404 0.88 -
TRINITY_DN1767_c0_g1_i3:3459-5264  -            602 17266at7898          -            670      0.14   10.0   2.9   4   4       0.3        95    0.6   0.0   531   595   527   592   510   602 0.68 -
TRINITY_DN12676_c0_g1_i1:560-1411  -            284 17266at7898          -            670      0.17    9.7   0.0   1   2     0.026       8.5    4.1   0.0   290   408     4   125     1   134 0.69 -
TRINITY_DN12676_c0_g1_i1:560-1411  -            284 17266at7898          -            670      0.17    9.7   0.0   2   2     0.041        13    3.5   0.0   551   566   238   253   227   280 0.76 -
TRINITY_DN12676_c0_g1_i2:230-1081  -            284 17266at7898          -            670      0.17    9.7   0.0   1   2     0.026       8.5    4.1   0.0   290   408     4   125     1   134 0.69 -
TRINITY_DN12676_c0_g1_i2:230-1081  -            284 17266at7898          -            670      0.17    9.7   0.0   2   2     0.041        13    3.5   0.0   551   566   238   253   227   280 0.76 -
TRINITY_DN4540_c0_g2_i4:289-1116   -            276 17266at7898          -            670      0.19    9.6   0.3   1   3     0.094        30    2.3   0.1   390   408    94   112    90   133 0.69 -
TRINITY_DN4540_c0_g2_i4:289-1116   -            276 17266at7898          -            670      0.19    9.6   0.3   2   3      0.35   1.1e+02    0.4   0.0   384   408   129   153   114   159 0.75 -
TRINITY_DN4540_c0_g2_i4:289-1116   -            276 17266at7898          -            670      0.19    9.6   0.3   3   3     0.056        18    3.0   0.0   390   422   177   211   170   222 0.73 -
TRINITY_DN6023_c0_g1_i10:191-2128  -            646 17266at7898          -            670      0.23    9.3   0.7   1   4       0.3        95    0.6   0.0   558   607    86   139    80   146 0.79 -
TRINITY_DN6023_c0_g1_i10:191-2128  -            646 17266at7898          -            670      0.23    9.3   0.7   2   4       1.4   4.5e+02   -1.6   0.0   302   323   172   193   159   201 0.72 -
TRINITY_DN6023_c0_g1_i10:191-2128  -            646 17266at7898          -            670      0.23    9.3   0.7   3   4      0.55   1.8e+02   -0.2   0.0   392   439   220   268   214   287 0.70 -
TRINITY_DN6023_c0_g1_i10:191-2128  -            646 17266at7898          -            670      0.23    9.3   0.7   4   4     0.044        14    3.4   0.0   303   327   413   437   400   454 0.77 -
TRINITY_DN6023_c0_g1_i15:302-2239  -            646 17266at7898          -            670      0.23    9.3   0.7   1   4       0.3        95    0.6   0.0   558   607    86   139    80   146 0.79 -
TRINITY_DN6023_c0_g1_i15:302-2239  -            646 17266at7898          -            670      0.23    9.3   0.7   2   4       1.4   4.5e+02   -1.6   0.0   302   323   172   193   159   201 0.72 -
TRINITY_DN6023_c0_g1_i15:302-2239  -            646 17266at7898          -            670      0.23    9.3   0.7   3   4      0.55   1.8e+02   -0.2   0.0   392   439   220   268   214   287 0.70 -
TRINITY_DN6023_c0_g1_i15:302-2239  -            646 17266at7898          -            670      0.23    9.3   0.7   4   4     0.044        14    3.4   0.0   303   327   413   437   400   454 0.77 -
TRINITY_DN6023_c0_g1_i19:419-2356  -            646 17266at7898          -            670      0.23    9.3   0.7   1   4       0.3        95    0.6   0.0   558   607    86   139    80   146 0.79 -
TRINITY_DN6023_c0_g1_i19:419-2356  -            646 17266at7898          -            670      0.23    9.3   0.7   2   4       1.4   4.5e+02   -1.6   0.0   302   323   172   193   159   201 0.72 -
TRINITY_DN6023_c0_g1_i19:419-2356  -            646 17266at7898          -            670      0.23    9.3   0.7   3   4      0.55   1.8e+02   -0.2   0.0   392   439   220   268   214   287 0.70 -
TRINITY_DN6023_c0_g1_i19:419-2356  -            646 17266at7898          -            670      0.23    9.3   0.7   4   4     0.044        14    3.4   0.0   303   327   413   437   400   454 0.77 -
TRINITY_DN6023_c0_g1_i13:302-2239  -            646 17266at7898          -            670      0.24    9.2   0.7   1   4       0.3        95    0.6   0.0   558   607    86   139    80   146 0.79 -
TRINITY_DN6023_c0_g1_i13:302-2239  -            646 17266at7898          -            670      0.24    9.2   0.7   2   4       1.4   4.5e+02   -1.6   0.0   302   323   172   193   159   201 0.72 -
TRINITY_DN6023_c0_g1_i13:302-2239  -            646 17266at7898          -            670      0.24    9.2   0.7   3   4      0.55   1.8e+02   -0.2   0.0   392   439   220   268   214   287 0.70 -
TRINITY_DN6023_c0_g1_i13:302-2239  -            646 17266at7898          -            670      0.24    9.2   0.7   4   4     0.044        14    3.4   0.0   303   327   413   437   400   454 0.77 -
TRINITY_DN25_c2_g1_i2:139-915      -            259 17266at7898          -            670      0.26    9.1   2.3   1   4      0.21        68    1.1   0.0   390   406    51    67    41    80 0.84 -
TRINITY_DN25_c2_g1_i2:139-915      -            259 17266at7898          -            670      0.26    9.1   2.3   2   4     0.029       9.2    4.0   0.1   390   410    91   111    83   127 0.90 -
TRINITY_DN25_c2_g1_i2:139-915      -            259 17266at7898          -            670      0.26    9.1   2.3   3   4       1.5   4.8e+02   -1.7   0.0   390   405   174   189   169   195 0.81 -
TRINITY_DN25_c2_g1_i2:139-915      -            259 17266at7898          -            670      0.26    9.1   2.3   4   4      0.27        87    0.8   0.0   308   406   214   230   206   245 0.61 -
TRINITY_DN25_c2_g1_i3:382-1158     -            259 17266at7898          -            670      0.26    9.1   2.3   1   4      0.21        68    1.1   0.0   390   406    51    67    41    80 0.84 -
TRINITY_DN25_c2_g1_i3:382-1158     -            259 17266at7898          -            670      0.26    9.1   2.3   2   4     0.029       9.2    4.0   0.1   390   410    91   111    83   127 0.90 -
TRINITY_DN25_c2_g1_i3:382-1158     -            259 17266at7898          -            670      0.26    9.1   2.3   3   4       1.5   4.8e+02   -1.7   0.0   390   405   174   189   169   195 0.81 -
TRINITY_DN25_c2_g1_i3:382-1158     -            259 17266at7898          -            670      0.26    9.1   2.3   4   4      0.27        87    0.8   0.0   308   406   214   230   206   245 0.61 -
TRINITY_DN25_c2_g1_i4:628-1404     -            259 17266at7898          -            670      0.26    9.1   2.3   1   4      0.21        68    1.1   0.0   390   406    51    67    41    80 0.84 -
TRINITY_DN25_c2_g1_i4:628-1404     -            259 17266at7898          -            670      0.26    9.1   2.3   2   4     0.029       9.2    4.0   0.1   390   410    91   111    83   127 0.90 -
TRINITY_DN25_c2_g1_i4:628-1404     -            259 17266at7898          -            670      0.26    9.1   2.3   3   4       1.5   4.8e+02   -1.7   0.0   390   405   174   189   169   195 0.81 -
TRINITY_DN25_c2_g1_i4:628-1404     -            259 17266at7898          -            670      0.26    9.1   2.3   4   4      0.27        87    0.8   0.0   308   406   214   230   206   245 0.61 -
TRINITY_DN15872_c0_g1_i3:102-1640  -            513 17266at7898          -            670      0.34    8.7   6.9   1   4      0.31        99    0.6   0.3   489   566   192   274   189   282 0.72 -
TRINITY_DN15872_c0_g1_i3:102-1640  -            513 17266at7898          -            670      0.34    8.7   6.9   2   4     0.018       5.7    4.7   0.1   390   412   302   324   294   338 0.81 -
TRINITY_DN15872_c0_g1_i3:102-1640  -            513 17266at7898          -            670      0.34    8.7   6.9   3   4     0.019         6    4.6   0.0   389   419   343   373   332   383 0.83 -
TRINITY_DN15872_c0_g1_i3:102-1640  -            513 17266at7898          -            670      0.34    8.7   6.9   4   4       1.2   3.9e+02   -1.4   0.1   306   322   424   440   412   454 0.77 -
#
# Program:         hmmsearch
# Version:         3.1b2 (February 2015)
# Pipeline mode:   SEARCH
# Query file:      /home/ericjuo/Projects/salmo_trutta_rna_seq/busco_downloads/lineages/actinopterygii_odb10/hmms/17266at7898.hmm
# Target file:     /home/ericjuo/Projects/salmo_trutta_rna_seq/data/02_intermediate/busco/run_actinopterygii_odb10/metaeuk_output/initial_results/trinity.Trinity.fasta.modified.fas
# Option settings: hmmsearch --domtblout /home/ericjuo/Projects/salmo_trutta_rna_seq/data/02_intermediate/busco/run_actinopterygii_odb10/hmmer_output/initial_run_results/17266at7898.out --cpu 1 /home/ericjuo/Projects/salmo_trutta_rna_seq/busco_downloads/lineages/actinopterygii_odb10/hmms/17266at7898.hmm /home/ericjuo/Projects/salmo_trutta_rna_seq/data/02_intermediate/busco/run_actinopterygii_odb10/metaeuk_output/initial_results/trinity.Trinity.fasta.modified.fas 
# Current dir:     /home/ericjuo/Projects/salmo_trutta_rna_seq
# Date:            Fri Apr 29 12:53:09 2022
# [ok]
