#                                                                                          --- full sequence --- -------------- this domain -------------   hmm coord   ali coord   env coord
# target name                      accession   tlen query name           accession   qlen   E-value  score  bias   #  of  c-Evalue  i-Evalue  score  bias  from    to  from    to  from    to  acc description of target
#              ------------------- ---------- ----- -------------------- ---------- ----- --------- ------ ----- --- --- --------- --------- ------ ----- ----- ----- ----- ----- ----- ----- ---- ---------------------
TRINITY_DN8841_c1_g1_i1:106-1038   -            311 24888at7898          -            647   5.8e-18   64.2   3.0   1   1   9.8e-20   7.5e-18   63.9   3.0    14   251     8   267     3   277 0.73 -
TRINITY_DN12831_c0_g1_i1:141-1232  -            364 24888at7898          -            647   3.3e-17   61.7   4.3   1   1   5.4e-19   4.1e-17   61.4   4.3    14   209    11   216     4   257 0.84 -
TRINITY_DN7957_c0_g3_i2:16-657     -            214 24888at7898          -            647     7e-16   57.4   8.6   1   1     1e-17   7.9e-16   57.2   8.6    12   207    11   207     6   214 0.87 -
TRINITY_DN7903_c0_g1_i1:4-879      -            292 24888at7898          -            647   5.1e-15   54.5  14.6   1   2   7.4e-09   5.6e-07   27.9   1.6    10    59     2    53     1    81 0.84 -
TRINITY_DN7903_c0_g1_i1:4-879      -            292 24888at7898          -            647   5.1e-15   54.5  14.6   2   2   3.6e-10   2.8e-08   32.3   5.6    52   189   108   247    91   279 0.82 -
TRINITY_DN39098_c0_g1_i3:2466-3353 -            296 24888at7898          -            647   3.1e-14   51.9  21.9   1   2   1.5e-08   1.2e-06   26.9   8.3    16   117     1   103     1   114 0.82 -
TRINITY_DN39098_c0_g1_i3:2466-3353 -            296 24888at7898          -            647   3.1e-14   51.9  21.9   2   2   7.6e-10   5.8e-08   31.2   5.6    87   250   126   294   122   296 0.90 -
TRINITY_DN30217_c0_g1_i12:248-979  -            244 24888at7898          -            647   4.3e-14   51.4   4.9   1   1     8e-16   6.1e-14   50.9   4.9    13   208     7   211     4   230 0.84 -
TRINITY_DN7957_c0_g3_i3:233-1549   -            439 24888at7898          -            647   4.5e-14   51.4  12.7   1   1   7.8e-16     6e-14   51.0  12.7    14   216     1   205     1   228 0.88 -
TRINITY_DN7957_c0_g3_i1:233-1649   -            433 24888at7898          -            647   4.7e-14   51.3  12.8   1   1   7.8e-16     6e-14   51.0  12.8    14   216     1   205     1   229 0.88 -
TRINITY_DN9151_c0_g1_i4:938-8749   -           2604 24888at7898          -            647   8.7e-14   50.4   0.0   1   7       1.4   1.1e+02    0.6   0.0   298   350  1077  1129  1061  1136 0.87 -
TRINITY_DN9151_c0_g1_i4:938-8749   -           2604 24888at7898          -            647   8.7e-14   50.4   0.0   2   7       0.3        23    2.8   0.2   284   330  1146  1193  1133  1199 0.82 -
TRINITY_DN9151_c0_g1_i4:938-8749   -           2604 24888at7898          -            647   8.7e-14   50.4   0.0   3   7     0.026         2    6.3   0.0   301   349  1369  1417  1345  1430 0.86 -
TRINITY_DN9151_c0_g1_i4:938-8749   -           2604 24888at7898          -            647   8.7e-14   50.4   0.0   4   7      0.02       1.6    6.7   0.0   299   349  1863  1913  1837  1924 0.85 -
TRINITY_DN9151_c0_g1_i4:938-8749   -           2604 24888at7898          -            647   8.7e-14   50.4   0.0   5   7   6.6e-05    0.0051   14.9   0.0   299   363  2043  2105  2027  2118 0.83 -
TRINITY_DN9151_c0_g1_i4:938-8749   -           2604 24888at7898          -            647   8.7e-14   50.4   0.0   6   7      0.14        11    3.9   0.0   300   350  2235  2285  2219  2296 0.85 -
TRINITY_DN9151_c0_g1_i4:938-8749   -           2604 24888at7898          -            647   8.7e-14   50.4   0.0   7   7      0.73        56    1.5   0.0   320   353  2350  2383  2335  2391 0.90 -
TRINITY_DN30217_c0_g1_i10:840-1757 -            306 24888at7898          -            647   8.8e-14   50.4   5.0   1   1   1.6e-15   1.2e-13   50.0   5.0    13   208    15   219     9   239 0.84 -
TRINITY_DN9151_c0_g1_i7:955-8766   -           2604 24888at7898          -            647     9e-14   50.4   0.0   1   7       1.4   1.1e+02    0.6   0.0   298   350  1077  1129  1061  1136 0.87 -
TRINITY_DN9151_c0_g1_i7:955-8766   -           2604 24888at7898          -            647     9e-14   50.4   0.0   2   7       0.3        23    2.8   0.2   284   330  1146  1193  1133  1199 0.82 -
TRINITY_DN9151_c0_g1_i7:955-8766   -           2604 24888at7898          -            647     9e-14   50.4   0.0   3   7     0.026         2    6.3   0.0   301   349  1369  1417  1345  1430 0.86 -
TRINITY_DN9151_c0_g1_i7:955-8766   -           2604 24888at7898          -            647     9e-14   50.4   0.0   4   7      0.02       1.6    6.7   0.0   299   349  1863  1913  1837  1924 0.85 -
TRINITY_DN9151_c0_g1_i7:955-8766   -           2604 24888at7898          -            647     9e-14   50.4   0.0   5   7   6.6e-05    0.0051   14.9   0.0   299   363  2043  2105  2027  2118 0.83 -
TRINITY_DN9151_c0_g1_i7:955-8766   -           2604 24888at7898          -            647     9e-14   50.4   0.0   6   7      0.14        11    3.9   0.0   300   350  2235  2285  2219  2296 0.85 -
TRINITY_DN9151_c0_g1_i7:955-8766   -           2604 24888at7898          -            647     9e-14   50.4   0.0   7   7      0.76        58    1.5   0.0   320   353  2350  2383  2335  2390 0.89 -
TRINITY_DN9151_c0_g1_i9:983-8794   -           2604 24888at7898          -            647     9e-14   50.4   0.0   1   7       1.4   1.1e+02    0.6   0.0   298   350  1077  1129  1061  1136 0.87 -
TRINITY_DN9151_c0_g1_i9:983-8794   -           2604 24888at7898          -            647     9e-14   50.4   0.0   2   7       0.3        23    2.8   0.2   284   330  1146  1193  1133  1199 0.82 -
TRINITY_DN9151_c0_g1_i9:983-8794   -           2604 24888at7898          -            647     9e-14   50.4   0.0   3   7     0.026         2    6.3   0.0   301   349  1369  1417  1345  1430 0.86 -
TRINITY_DN9151_c0_g1_i9:983-8794   -           2604 24888at7898          -            647     9e-14   50.4   0.0   4   7      0.02       1.6    6.7   0.0   299   349  1863  1913  1837  1924 0.85 -
TRINITY_DN9151_c0_g1_i9:983-8794   -           2604 24888at7898          -            647     9e-14   50.4   0.0   5   7   6.6e-05    0.0051   14.9   0.0   299   363  2043  2105  2027  2118 0.83 -
TRINITY_DN9151_c0_g1_i9:983-8794   -           2604 24888at7898          -            647     9e-14   50.4   0.0   6   7      0.14        11    3.9   0.0   300   350  2235  2285  2219  2296 0.85 -
TRINITY_DN9151_c0_g1_i9:983-8794   -           2604 24888at7898          -            647     9e-14   50.4   0.0   7   7      0.76        58    1.5   0.0   320   353  2350  2383  2335  2390 0.89 -
TRINITY_DN2010_c0_g2_i2:11-628     -            206 24888at7898          -            647   2.1e-12   45.9  18.3   1   2   5.3e-09   4.1e-07   28.4   6.4    16   104     1    91     1    98 0.79 -
TRINITY_DN2010_c0_g2_i2:11-628     -            206 24888at7898          -            647   2.1e-12   45.9  18.3   2   2   4.5e-07   3.4e-05   22.0   6.8    43   148    94   198    83   206 0.76 -
TRINITY_DN30217_c0_g1_i7:1002-1742 -            247 24888at7898          -            647   4.2e-12   44.9   9.3   1   1   1.3e-13     1e-11   43.6   9.3    13   208     7   214     4   232 0.82 -
TRINITY_DN857_c0_g1_i10:1321-8775  -           2485 24888at7898          -            647   4.4e-12   44.8   0.0   1   5    0.0072      0.55    8.1   0.0   299   358  1277  1337  1246  1345 0.73 -
TRINITY_DN857_c0_g1_i10:1321-8775  -           2485 24888at7898          -            647   4.4e-12   44.8   0.0   2   5     0.033       2.6    5.9   0.0   298   355  1744  1801  1715  1812 0.77 -
TRINITY_DN857_c0_g1_i10:1321-8775  -           2485 24888at7898          -            647   4.4e-12   44.8   0.0   3   5   0.00024     0.019   13.0   0.0   299   370  1927  1998  1914  2007 0.82 -
TRINITY_DN857_c0_g1_i10:1321-8775  -           2485 24888at7898          -            647   4.4e-12   44.8   0.0   4   5     0.051       3.9    5.3   0.0   300   352  2119  2171  2103  2189 0.83 -
TRINITY_DN857_c0_g1_i10:1321-8775  -           2485 24888at7898          -            647   4.4e-12   44.8   0.0   5   5      0.19        15    3.4   0.0   318   351  2232  2265  2212  2269 0.80 -
TRINITY_DN857_c0_g1_i15:1288-8742  -           2485 24888at7898          -            647   4.4e-12   44.8   0.0   1   5    0.0072      0.55    8.1   0.0   299   358  1277  1337  1246  1345 0.73 -
TRINITY_DN857_c0_g1_i15:1288-8742  -           2485 24888at7898          -            647   4.4e-12   44.8   0.0   2   5     0.033       2.6    5.9   0.0   298   355  1744  1801  1715  1812 0.77 -
TRINITY_DN857_c0_g1_i15:1288-8742  -           2485 24888at7898          -            647   4.4e-12   44.8   0.0   3   5   0.00024     0.019   13.0   0.0   299   370  1927  1998  1914  2007 0.82 -
TRINITY_DN857_c0_g1_i15:1288-8742  -           2485 24888at7898          -            647   4.4e-12   44.8   0.0   4   5     0.051       3.9    5.3   0.0   300   352  2119  2171  2103  2189 0.83 -
TRINITY_DN857_c0_g1_i15:1288-8742  -           2485 24888at7898          -            647   4.4e-12   44.8   0.0   5   5      0.19        15    3.4   0.0   318   351  2232  2265  2212  2269 0.80 -
TRINITY_DN857_c0_g1_i24:1320-8774  -           2485 24888at7898          -            647   4.4e-12   44.8   0.0   1   5    0.0072      0.55    8.1   0.0   299   358  1277  1337  1246  1345 0.73 -
TRINITY_DN857_c0_g1_i24:1320-8774  -           2485 24888at7898          -            647   4.4e-12   44.8   0.0   2   5     0.033       2.6    5.9   0.0   298   355  1744  1801  1715  1812 0.77 -
TRINITY_DN857_c0_g1_i24:1320-8774  -           2485 24888at7898          -            647   4.4e-12   44.8   0.0   3   5   0.00024     0.019   13.0   0.0   299   370  1927  1998  1914  2007 0.82 -
TRINITY_DN857_c0_g1_i24:1320-8774  -           2485 24888at7898          -            647   4.4e-12   44.8   0.0   4   5     0.051       3.9    5.3   0.0   300   352  2119  2171  2103  2189 0.83 -
TRINITY_DN857_c0_g1_i24:1320-8774  -           2485 24888at7898          -            647   4.4e-12   44.8   0.0   5   5      0.19        15    3.4   0.0   318   351  2232  2265  2212  2269 0.80 -
TRINITY_DN857_c0_g1_i43:1259-8713  -           2485 24888at7898          -            647   4.4e-12   44.8   0.0   1   5    0.0072      0.55    8.1   0.0   299   358  1277  1337  1246  1345 0.73 -
TRINITY_DN857_c0_g1_i43:1259-8713  -           2485 24888at7898          -            647   4.4e-12   44.8   0.0   2   5     0.033       2.6    5.9   0.0   298   355  1744  1801  1715  1812 0.77 -
TRINITY_DN857_c0_g1_i43:1259-8713  -           2485 24888at7898          -            647   4.4e-12   44.8   0.0   3   5   0.00024     0.019   13.0   0.0   299   370  1927  1998  1914  2007 0.82 -
TRINITY_DN857_c0_g1_i43:1259-8713  -           2485 24888at7898          -            647   4.4e-12   44.8   0.0   4   5     0.051       3.9    5.3   0.0   300   352  2119  2171  2103  2189 0.83 -
TRINITY_DN857_c0_g1_i43:1259-8713  -           2485 24888at7898          -            647   4.4e-12   44.8   0.0   5   5      0.19        15    3.4   0.0   318   351  2232  2265  2212  2269 0.80 -
TRINITY_DN857_c0_g1_i51:1360-8814  -           2485 24888at7898          -            647   4.4e-12   44.8   0.0   1   5    0.0072      0.55    8.1   0.0   299   358  1277  1337  1246  1345 0.73 -
TRINITY_DN857_c0_g1_i51:1360-8814  -           2485 24888at7898          -            647   4.4e-12   44.8   0.0   2   5     0.033       2.6    5.9   0.0   298   355  1744  1801  1715  1812 0.77 -
TRINITY_DN857_c0_g1_i51:1360-8814  -           2485 24888at7898          -            647   4.4e-12   44.8   0.0   3   5   0.00024     0.019   13.0   0.0   299   370  1927  1998  1914  2007 0.82 -
TRINITY_DN857_c0_g1_i51:1360-8814  -           2485 24888at7898          -            647   4.4e-12   44.8   0.0   4   5     0.051       3.9    5.3   0.0   300   352  2119  2171  2103  2189 0.83 -
TRINITY_DN857_c0_g1_i51:1360-8814  -           2485 24888at7898          -            647   4.4e-12   44.8   0.0   5   5      0.19        15    3.4   0.0   318   351  2232  2265  2212  2269 0.80 -
TRINITY_DN857_c0_g1_i11:1288-8817  -           2510 24888at7898          -            647   4.7e-12   44.7   0.0   1   5    0.0073      0.55    8.1   0.0   299   358  1277  1337  1246  1345 0.73 -
TRINITY_DN857_c0_g1_i11:1288-8817  -           2510 24888at7898          -            647   4.7e-12   44.7   0.0   2   5     0.034       2.6    5.9   0.0   298   355  1769  1826  1740  1837 0.77 -
TRINITY_DN857_c0_g1_i11:1288-8817  -           2510 24888at7898          -            647   4.7e-12   44.7   0.0   3   5   0.00025     0.019   13.0   0.0   299   370  1952  2023  1939  2032 0.82 -
TRINITY_DN857_c0_g1_i11:1288-8817  -           2510 24888at7898          -            647   4.7e-12   44.7   0.0   4   5     0.051       3.9    5.3   0.0   300   352  2144  2196  2128  2214 0.83 -
TRINITY_DN857_c0_g1_i11:1288-8817  -           2510 24888at7898          -            647   4.7e-12   44.7   0.0   5   5      0.19        15    3.4   0.0   318   351  2257  2290  2237  2294 0.80 -
TRINITY_DN857_c0_g1_i68:1320-8849  -           2510 24888at7898          -            647   4.7e-12   44.7   0.0   1   5    0.0073      0.55    8.1   0.0   299   358  1277  1337  1246  1345 0.73 -
TRINITY_DN857_c0_g1_i68:1320-8849  -           2510 24888at7898          -            647   4.7e-12   44.7   0.0   2   5     0.034       2.6    5.9   0.0   298   355  1769  1826  1740  1837 0.77 -
TRINITY_DN857_c0_g1_i68:1320-8849  -           2510 24888at7898          -            647   4.7e-12   44.7   0.0   3   5   0.00025     0.019   13.0   0.0   299   370  1952  2023  1939  2032 0.82 -
TRINITY_DN857_c0_g1_i68:1320-8849  -           2510 24888at7898          -            647   4.7e-12   44.7   0.0   4   5     0.051       3.9    5.3   0.0   300   352  2144  2196  2128  2214 0.83 -
TRINITY_DN857_c0_g1_i68:1320-8849  -           2510 24888at7898          -            647   4.7e-12   44.7   0.0   5   5      0.19        15    3.4   0.0   318   351  2257  2290  2237  2294 0.80 -
TRINITY_DN30217_c0_g1_i11:992-1822 -            277 24888at7898          -            647   5.8e-12   44.4   9.2   1   1   1.8e-13   1.4e-11   43.2   9.2    13   208     8   215     4   232 0.82 -
TRINITY_DN2010_c0_g2_i1:11-628     -            206 24888at7898          -            647   7.6e-12   44.0  17.6   1   2   2.1e-08   1.6e-06   26.4   5.4    16   103     1    90     1    98 0.68 -
TRINITY_DN2010_c0_g2_i1:11-628     -            206 24888at7898          -            647   7.6e-12   44.0  17.6   2   2   3.7e-07   2.8e-05   22.3   6.5    46   148    97   198    82   206 0.77 -
TRINITY_DN42441_c0_g3_i3:58-1449   -            464 24888at7898          -            647     8e-12   43.9  10.8   1   1   1.8e-13   1.4e-11   43.2  10.8    14   211     2   208     1   257 0.80 -
TRINITY_DN42441_c0_g3_i5:218-1609  -            464 24888at7898          -            647     8e-12   43.9  10.8   1   1   1.8e-13   1.4e-11   43.2  10.8    14   211     2   208     1   257 0.80 -
TRINITY_DN2010_c0_g2_i3:195-818    -            208 24888at7898          -            647     2e-11   42.6  19.9   1   2   4.7e-08   3.6e-06   25.3   7.7    14   104     1    93     1   100 0.79 -
TRINITY_DN2010_c0_g2_i3:195-818    -            208 24888at7898          -            647     2e-11   42.6  19.9   2   2   6.2e-07   4.7e-05   21.6   6.8    52   148   102   200    89   208 0.78 -
TRINITY_DN42441_c0_g3_i4:218-1609  -            464 24888at7898          -            647     3e-11   42.0   9.9   1   1   6.7e-13   5.1e-11   41.3   9.9    14   211     2   208     1   257 0.80 -
TRINITY_DN42441_c0_g3_i1:218-1612  -            465 24888at7898          -            647   3.7e-11   41.8   9.6   1   1   8.1e-13   6.2e-11   41.0   9.6    14   210     3   208     1   252 0.80 -
TRINITY_DN10093_c0_g1_i1:79-1128   -            350 24888at7898          -            647   3.7e-11   41.7   0.7   1   1   7.7e-12   5.9e-10   37.8   0.7   459   607    90   254    69   286 0.73 -
TRINITY_DN10093_c0_g1_i2:79-1128   -            350 24888at7898          -            647   3.7e-11   41.7   0.7   1   1   7.7e-12   5.9e-10   37.8   0.7   459   607    90   254    69   286 0.73 -
TRINITY_DN10093_c0_g1_i4:79-1128   -            350 24888at7898          -            647   3.7e-11   41.7   0.7   1   1   7.7e-12   5.9e-10   37.8   0.7   459   607    90   254    69   286 0.73 -
TRINITY_DN11729_c1_g1_i1:221-1837  -            539 24888at7898          -            647   5.3e-11   41.2  13.2   1   2   2.2e-09   1.7e-07   29.7   1.8    15    59     7    50     2    69 0.89 -
TRINITY_DN11729_c1_g1_i1:221-1837  -            539 24888at7898          -            647   5.3e-11   41.2  13.2   2   2   1.7e-05    0.0013   16.8   4.0    36   182   119   264   114   289 0.70 -
TRINITY_DN17419_c0_g1_i1:246-1223  -            326 24888at7898          -            647   8.5e-11   40.6  14.5   1   2   6.2e-10   4.7e-08   31.5   4.7    11    61     8    56     4    77 0.84 -
TRINITY_DN17419_c0_g1_i1:246-1223  -            326 24888at7898          -            647   8.5e-11   40.6  14.5   2   2   6.9e-05    0.0053   14.8   2.2    81   178   109   203    67   237 0.77 -
TRINITY_DN17419_c0_g1_i2:329-1897  -            523 24888at7898          -            647   3.4e-10   38.6  14.4   1   2   1.5e-09   1.2e-07   30.2   4.9    11    61     8    56     4    74 0.85 -
TRINITY_DN17419_c0_g1_i2:329-1897  -            523 24888at7898          -            647   3.4e-10   38.6  14.4   2   2   0.00016     0.012   13.6   2.0    85   178   111   203    76   241 0.77 -
TRINITY_DN1345_c3_g2_i1:303-1676   -            458 24888at7898          -            647   7.3e-10   37.5   7.0   1   1   1.3e-11     1e-09   37.0   7.0    14   195     7   191     3   225 0.83 -
TRINITY_DN1345_c3_g2_i2:303-1676   -            458 24888at7898          -            647   7.3e-10   37.5   7.0   1   1   1.3e-11     1e-09   37.0   7.0    14   195     7   191     3   225 0.83 -
TRINITY_DN14670_c0_g1_i1:8-1288    -            427 24888at7898          -            647   1.8e-09   36.2   9.2   1   1   3.1e-11   2.3e-09   35.8   9.2    26   222     1   197     1   229 0.87 -
TRINITY_DN17818_c0_g1_i1:95-1144   -            350 24888at7898          -            647   1.8e-09   36.2  12.8   1   2   1.1e-07   8.5e-06   24.0   3.0    13    59     6    50     2    67 0.87 -
TRINITY_DN17818_c0_g1_i1:95-1144   -            350 24888at7898          -            647   1.8e-09   36.2  12.8   2   2   8.8e-06   0.00067   17.8   2.4    63   172   137   241   107   304 0.65 -
TRINITY_DN2566_c0_g1_i6:1-1344     -            448 24888at7898          -            647   4.1e-09   35.0  23.9   1   3   4.5e-07   3.5e-05   22.0   3.9    10    60     2    54     1    79 0.83 -
TRINITY_DN2566_c0_g1_i6:1-1344     -            448 24888at7898          -            647   4.1e-09   35.0  23.9   2   3   2.3e-06   0.00018   19.7  10.4    50   196   111   255    88   317 0.81 -
TRINITY_DN2566_c0_g1_i6:1-1344     -            448 24888at7898          -            647   4.1e-09   35.0  23.9   3   3       7.9   6.1e+02   -1.9   0.0   142   208   312   379   291   394 0.77 -
TRINITY_DN7297_c0_g1_i2:26-1762    -            579 24888at7898          -            647   4.8e-09   34.8  23.2   1   2   2.7e-09   2.1e-07   29.4   6.5    14   126    34   175    27   182 0.73 -
TRINITY_DN7297_c0_g1_i2:26-1762    -            579 24888at7898          -            647   4.8e-09   34.8  23.2   2   2     0.011      0.86    7.5   8.9    85   179   180   279   176   392 0.85 -
TRINITY_DN7297_c0_g1_i9:26-1762    -            579 24888at7898          -            647   4.8e-09   34.8  23.2   1   2   2.7e-09   2.1e-07   29.4   6.5    14   126    34   175    27   182 0.73 -
TRINITY_DN7297_c0_g1_i9:26-1762    -            579 24888at7898          -            647   4.8e-09   34.8  23.2   2   2     0.011      0.86    7.5   8.9    85   179   180   279   176   392 0.85 -
TRINITY_DN4519_c0_g1_i2:2-787      -            262 24888at7898          -            647   7.1e-09   34.2  11.3   1   1   1.2e-10   9.3e-09   33.8  11.3    14   210    11   216     3   237 0.77 -
TRINITY_DN2566_c0_g1_i11:118-1749  -            544 24888at7898          -            647   7.5e-09   34.1  25.4   1   4     1e-05   0.00078   17.5   8.8    10    84     2    74     1   129 0.76 -
TRINITY_DN2566_c0_g1_i11:118-1749  -            544 24888at7898          -            647   7.5e-09   34.1  25.4   2   4         7   5.4e+02   -1.7   0.5    27    49   110   132    81   148 0.69 -
TRINITY_DN2566_c0_g1_i11:118-1749  -            544 24888at7898          -            647   7.5e-09   34.1  25.4   3   4   3.5e-07   2.7e-05   22.4   7.0    83   196   144   255   130   281 0.82 -
TRINITY_DN2566_c0_g1_i11:118-1749  -            544 24888at7898          -            647   7.5e-09   34.1  25.4   4   4       9.5   7.3e+02   -2.2   0.0   142   208   312   379   279   394 0.77 -
TRINITY_DN13060_c0_g1_i1:202-1545  -            448 24888at7898          -            647   8.6e-09   33.9  17.7   1   2    0.0021      0.16    9.9  11.5    16   112     2   106     1   111 0.68 -
TRINITY_DN13060_c0_g1_i1:202-1545  -            448 24888at7898          -            647   8.6e-09   33.9  17.7   2   2   2.4e-08   1.9e-06   26.2   7.9     8   169    52   214    48   226 0.82 -
TRINITY_DN4327_c0_g1_i8:260-1987   -            573 24888at7898          -            647   9.2e-09   33.8  22.3   1   2   2.4e-07   1.8e-05   22.9   8.2    14    60    13    61     7   141 0.79 -
TRINITY_DN4327_c0_g1_i8:260-1987   -            573 24888at7898          -            647   9.2e-09   33.8  22.3   2   2   3.2e-05    0.0024   15.9   6.1    83   187   147   250   139   280 0.86 -
TRINITY_DN4327_c0_g1_i9:25-1101    -            356 24888at7898          -            647   9.3e-09   33.8  18.5   1   2     2e-07   1.5e-05   23.2   9.4    14    77     5    66     2   140 0.66 -
TRINITY_DN4327_c0_g1_i9:25-1101    -            356 24888at7898          -            647   9.3e-09   33.8  18.5   2   2     5e-05    0.0038   15.3   1.9    83   184   139   239   131   272 0.88 -
TRINITY_DN14449_c0_g1_i1:33-1499   -            489 24888at7898          -            647     1e-08   33.7   6.8   1   1   2.1e-10   1.6e-08   33.0   6.8    14   213     8   213     4   224 0.77 -
TRINITY_DN10549_c0_g1_i1:50-1498   -            483 24888at7898          -            647   1.1e-08   33.5  17.5   1   2   1.3e-08   9.7e-07   27.1   3.5    15    60     6    50     2    70 0.87 -
TRINITY_DN10549_c0_g1_i1:50-1498   -            483 24888at7898          -            647   1.1e-08   33.5  17.5   2   2   0.00044     0.034   12.1   6.2    88   234   109   256   105   278 0.89 -
TRINITY_DN34376_c0_g1_i1:158-496   -            113 24888at7898          -            647   1.4e-08   33.2   2.8   1   1   2.2e-10   1.7e-08   33.0   2.8    12    59     1    47     1    68 0.88 -
TRINITY_DN4327_c0_g1_i1:260-2191   -            563 24888at7898          -            647   1.5e-08   33.1  22.8   1   2   1.9e-07   1.5e-05   23.3   8.3    14    77     5    66     2   141 0.66 -
TRINITY_DN4327_c0_g1_i1:260-2191   -            563 24888at7898          -            647   1.5e-08   33.1  22.8   2   2   6.3e-05    0.0048   14.9   7.0    83   187   139   242   133   272 0.86 -
TRINITY_DN4327_c0_g1_i15:260-2268  -            549 24888at7898          -            647   2.5e-08   32.4  23.8   1   2   3.5e-07   2.7e-05   22.4   9.2    14    77     5    66     2   141 0.66 -
TRINITY_DN4327_c0_g1_i15:260-2268  -            549 24888at7898          -            647   2.5e-08   32.4  23.8   2   2   6.2e-05    0.0047   15.0   7.2    83   187   139   242   130   273 0.86 -
TRINITY_DN15445_c0_g1_i3:89-913    -            275 24888at7898          -            647   5.1e-08   31.4  16.2   1   1   8.5e-09   6.5e-07   27.7  16.2    14   197     5   207     2   238 0.75 -
TRINITY_DN2566_c0_g1_i9:1-1344     -            448 24888at7898          -            647   5.6e-08   31.2  26.5   1   4   7.3e-07   5.6e-05   21.3   5.1    10    60     2    54     1   106 0.79 -
TRINITY_DN2566_c0_g1_i9:1-1344     -            448 24888at7898          -            647   5.6e-08   31.2  26.5   2   4       5.3   4.1e+02   -1.3   0.6    27    49   110   132    81   150 0.68 -
TRINITY_DN2566_c0_g1_i9:1-1344     -            448 24888at7898          -            647   5.6e-08   31.2  26.5   3   4   3.5e-06   0.00027   19.1   8.1    83   196   144   255   130   295 0.81 -
TRINITY_DN2566_c0_g1_i9:1-1344     -            448 24888at7898          -            647   5.6e-08   31.2  26.5   4   4       8.2   6.3e+02   -2.0   0.0   142   204   312   375   286   390 0.76 -
TRINITY_DN42441_c0_g3_i8:58-1407   -            450 24888at7898          -            647   6.2e-08   31.1   8.7   1   1   1.4e-09     1e-07   30.3   8.7    28   210     2   193     1   237 0.79 -
TRINITY_DN15445_c0_g1_i1:1-1140    -            380 24888at7898          -            647   8.1e-08   30.7  15.7   1   1   1.3e-08     1e-06   27.1  15.6    14   196     8   209     2   238 0.75 -
TRINITY_DN7957_c0_g4_i1:471-662    -             64 24888at7898          -            647     1e-07   30.4   3.2   1   1   1.6e-09   1.2e-07   30.1   3.2    12    60    15    62     7    63 0.89 -
TRINITY_DN4519_c0_g1_i3:251-1642   -            421 24888at7898          -            647   1.9e-07   29.5  12.9   1   1   3.1e-09   2.4e-07   29.2  12.9    14   216     2   208     1   262 0.78 -
TRINITY_DN4519_c0_g1_i1:251-1558   -            436 24888at7898          -            647   2.7e-07   29.0  12.9   1   1   4.6e-09   3.5e-07   28.6  12.9    14   215     2   207     1   237 0.78 -
TRINITY_DN8005_c0_g2_i1:57-1625    -            523 24888at7898          -            647   2.8e-07   28.9  18.4   1   2   9.9e-07   7.6e-05   20.9   3.5    12    60     3    50     2    67 0.88 -
TRINITY_DN8005_c0_g2_i1:57-1625    -            523 24888at7898          -            647   2.8e-07   28.9  18.4   2   2   0.00014     0.011   13.8   7.1    87   259   160   333   154   347 0.87 -
TRINITY_DN3747_c0_g2_i1:541-1833   -            431 24888at7898          -            647   2.9e-07   28.9   5.0   1   1   3.8e-09   2.9e-07   28.9   5.0    14    84    16    81     8    95 0.86 -
TRINITY_DN7957_c0_g6_i1:350-526    -             59 24888at7898          -            647   4.3e-07   28.3   4.1   1   1   6.3e-09   4.8e-07   28.2   4.1    15    60    12    56     5    58 0.88 -
TRINITY_DN6388_c1_g1_i1:192-569    -            126 24888at7898          -            647   5.2e-07   28.1   2.6   1   1   6.9e-09   5.3e-07   28.0   2.6    16    83     1    64     1    95 0.86 -
TRINITY_DN17818_c0_g3_i1:5-772     -            256 24888at7898          -            647   7.2e-07   27.6   7.4   1   2     1e-08   7.8e-07   27.5   3.4    89   199     3   112     1   134 0.75 -
TRINITY_DN17818_c0_g3_i1:5-772     -            256 24888at7898          -            647   7.2e-07   27.6   7.4   2   2      0.45        35    2.2   0.1   103   151   161   210   131   221 0.72 -
TRINITY_DN24842_c0_g1_i1:369-839   -            157 24888at7898          -            647   7.6e-07   27.5   1.0   1   2     1e-08   7.6e-07   27.5   1.0     8    93     5    89     1    94 0.84 -
TRINITY_DN24842_c0_g1_i1:369-839   -            157 24888at7898          -            647   7.6e-07   27.5   1.0   2   2      0.72        55    1.5   1.0    77   111   123   156   120   157 0.86 -
TRINITY_DN1296_c0_g1_i2:3-932      -            310 24888at7898          -            647   7.7e-07   27.5   6.3   1   1     1e-08   7.7e-07   27.5   6.3    12    59     5    50     2    77 0.88 -
TRINITY_DN2010_c0_g4_i1:171-1418   -            416 24888at7898          -            647     1e-06   27.1   0.4   1   1     2e-08   1.5e-06   26.5   0.4    13    88     8    77     3   180 0.62 -
TRINITY_DN2010_c0_g4_i2:171-1415   -            415 24888at7898          -            647     1e-06   27.1   0.4   1   1   1.9e-08   1.5e-06   26.5   0.4    13    88     8    77     3   180 0.62 -
TRINITY_DN1846_c0_g1_i12:605-1003  -            133 24888at7898          -            647   1.1e-06   27.0   0.5   1   1   1.7e-08   1.3e-06   26.7   0.5    12    63    73   125    64   130 0.83 -
TRINITY_DN1846_c0_g1_i6:827-1225   -            133 24888at7898          -            647   1.1e-06   27.0   0.5   1   1   1.7e-08   1.3e-06   26.7   0.5    12    63    73   125    64   130 0.83 -
TRINITY_DN1846_c0_g1_i9:605-1003   -            133 24888at7898          -            647   1.1e-06   27.0   0.5   1   1   1.7e-08   1.3e-06   26.7   0.5    12    63    73   125    64   130 0.83 -
TRINITY_DN1846_c0_g1_i3:605-1003   -            133 24888at7898          -            647   1.1e-06   27.0   0.5   1   1   1.7e-08   1.3e-06   26.7   0.5    12    63    73   125    64   130 0.83 -
TRINITY_DN1846_c0_g1_i8:827-1225   -            133 24888at7898          -            647   1.1e-06   27.0   0.5   1   1   1.7e-08   1.3e-06   26.7   0.5    12    63    73   125    64   130 0.83 -
TRINITY_DN1296_c0_g1_i13:0-1136    -            379 24888at7898          -            647   1.2e-06   26.9   6.3   1   1   1.5e-08   1.2e-06   26.9   6.3    12    59     4    49     1    65 0.88 -
TRINITY_DN1296_c0_g1_i6:0-1136     -            379 24888at7898          -            647   1.2e-06   26.9   6.3   1   1   1.5e-08   1.2e-06   26.9   6.3    12    59     4    49     1    65 0.88 -
TRINITY_DN29844_c0_g1_i3:78-800    -            241 24888at7898          -            647   2.1e-06   26.0   7.6   1   1   3.2e-08   2.5e-06   25.8   7.6    88   247     2   167     1   192 0.82 -
TRINITY_DN2676_c0_g3_i1:253-582    -            110 24888at7898          -            647     3e-06   25.5   1.1   1   1   4.4e-08   3.4e-06   25.4   1.1    13    59    61   108    51   110 0.83 -
TRINITY_DN3038_c1_g1_i1:843-1037   -             65 24888at7898          -            647   4.2e-06   25.1   4.3   1   1   6.7e-08   5.1e-06   24.8   4.3     8    58    11    62     8    64 0.91 -
TRINITY_DN19270_c0_g1_i3:8-1282    -            425 24888at7898          -            647   4.6e-06   24.9   4.4   1   1   7.7e-08   5.9e-06   24.6   4.4    78   203     9   134     1   159 0.79 -
TRINITY_DN56780_c0_g1_i1:531-3239  -            903 24888at7898          -            647   5.6e-06   24.6   0.0   1   3       4.4   3.4e+02   -1.1   0.0   435   468   412   447   405   455 0.50 -
TRINITY_DN56780_c0_g1_i1:531-3239  -            903 24888at7898          -            647   5.6e-06   24.6   0.0   2   3     2e-06   0.00015   19.9   0.0   521   609   476   571   467   583 0.82 -
TRINITY_DN56780_c0_g1_i1:531-3239  -            903 24888at7898          -            647   5.6e-06   24.6   0.0   3   3      0.69        53    1.6   0.0   555   609   564   623   562   629 0.66 -
TRINITY_DN30217_c0_g2_i1:1012-1818 -            269 24888at7898          -            647   6.2e-06   24.5  12.8   1   2   8.9e-06   0.00068   17.7   5.8    13    56     8    48     5    58 0.85 -
TRINITY_DN30217_c0_g2_i1:1012-1818 -            269 24888at7898          -            647   6.2e-06   24.5  12.8   2   2   0.00081     0.062   11.3   0.6    88   197    96   205    90   241 0.83 -
TRINITY_DN2296_c2_g1_i1:161-1882   -            574 24888at7898          -            647     1e-05   23.7  10.9   1   2   0.00019     0.014   13.4   0.8    13    59     9    57     5    83 0.81 -
TRINITY_DN2296_c2_g1_i1:161-1882   -            574 24888at7898          -            647     1e-05   23.7  10.9   2   2     7e-05    0.0054   14.8   3.5    61   175   129   249    99   283 0.61 -
TRINITY_DN23291_c0_g1_i2:60-1124   -            355 24888at7898          -            647     3e-05   22.2   4.6   1   1     5e-07   3.9e-05   21.9   4.6    88   188     1   101     1   141 0.85 -
TRINITY_DN2566_c0_g1_i1:157-1359   -            401 24888at7898          -            647   3.2e-05   22.2   8.0   1   2   4.1e-07   3.2e-05   22.2   8.0    83   196    12   123     5   154 0.82 -
TRINITY_DN2566_c0_g1_i1:157-1359   -            401 24888at7898          -            647   3.2e-05   22.2   8.0   2   2       6.3   4.8e+02   -1.6   0.0   142   208   180   247   155   263 0.77 -
TRINITY_DN16864_c0_g1_i2:7-420     -            138 24888at7898          -            647     4e-05   21.8   1.2   1   1   5.4e-07   4.1e-05   21.8   1.2    14    60    29    77    17   121 0.74 -
TRINITY_DN26143_c0_g1_i1:585-1307  -            241 24888at7898          -            647   4.4e-05   21.7   2.4   1   2   5.8e-07   4.4e-05   21.7   2.4    14    68    10    65     4    76 0.80 -
TRINITY_DN26143_c0_g1_i1:585-1307  -            241 24888at7898          -            647   4.4e-05   21.7   2.4   2   2         1        80    1.0   1.6   133   186    86   139    79   179 0.77 -
TRINITY_DN26143_c0_g1_i2:481-1203  -            241 24888at7898          -            647   4.4e-05   21.7   2.4   1   2   5.8e-07   4.4e-05   21.7   2.4    14    68    10    65     4    76 0.80 -
TRINITY_DN26143_c0_g1_i2:481-1203  -            241 24888at7898          -            647   4.4e-05   21.7   2.4   2   2         1        80    1.0   1.6   133   186    86   139    79   179 0.77 -
TRINITY_DN29844_c0_g1_i1:2-1312    -            437 24888at7898          -            647   5.3e-05   21.4  10.0   1   1   8.6e-07   6.6e-05   21.1  10.0    96   220     5   130     1   183 0.82 -
TRINITY_DN3989_c0_g3_i2:84-449     -            122 24888at7898          -            647   5.9e-05   21.3   1.7   1   1   1.1e-06   8.3e-05   20.8   1.7    16    64    21    72    15   119 0.75 -
TRINITY_DN3215_c0_g1_i11:1478-3322 -            576 24888at7898          -            647   7.1e-05   21.0  24.2   1   3   3.8e-05    0.0029   15.7   3.2    16    59     8    53     3    59 0.88 -
TRINITY_DN3215_c0_g1_i11:1478-3322 -            576 24888at7898          -            647   7.1e-05   21.0  24.2   2   3         1        78    1.0   1.0    13    41    99   129    88   140 0.78 -
TRINITY_DN3215_c0_g1_i11:1478-3322 -            576 24888at7898          -            647   7.1e-05   21.0  24.2   3   3   5.5e-05    0.0042   15.1   5.2    82   174   148   236   139   261 0.84 -
TRINITY_DN3332_c1_g1_i2:154-834    -            227 24888at7898          -            647   9.5e-05   20.6   2.1   1   1   2.2e-06   0.00017   19.8   2.1    14    58    26    68    19    77 0.85 -
TRINITY_DN3332_c1_g1_i1:154-834    -            227 24888at7898          -            647    0.0001   20.5   2.1   1   1   2.2e-06   0.00017   19.8   2.1    14    58    26    68    19    77 0.85 -
TRINITY_DN34185_c0_g2_i2:2-406     -            135 24888at7898          -            647    0.0001   20.5  12.1   1   2   4.1e-06   0.00031   18.9  11.0    15   100     4    88     1   109 0.70 -
TRINITY_DN34185_c0_g2_i2:2-406     -            135 24888at7898          -            647    0.0001   20.5  12.1   2   2         1        77    1.0   1.0    16    46    85   117    81   129 0.66 -
TRINITY_DN34185_c0_g1_i14:48-467   -            140 24888at7898          -            647   0.00011   20.4   6.0   1   2   1.4e-06   0.00011   20.4   6.0    14    58    10    53     4    75 0.86 -
TRINITY_DN34185_c0_g1_i14:48-467   -            140 24888at7898          -            647   0.00011   20.4   6.0   2   2       2.7   2.1e+02   -0.4   0.5    15    41    93   121    79   130 0.75 -
TRINITY_DN34185_c0_g1_i8:48-467    -            140 24888at7898          -            647   0.00011   20.4   6.0   1   2   1.4e-06   0.00011   20.4   6.0    14    58    10    53     4    75 0.86 -
TRINITY_DN34185_c0_g1_i8:48-467    -            140 24888at7898          -            647   0.00011   20.4   6.0   2   2       2.7   2.1e+02   -0.4   0.5    15    41    93   121    79   130 0.75 -
TRINITY_DN19270_c0_g1_i1:8-1282    -            425 24888at7898          -            647    0.0002   19.5   4.2   1   1   3.3e-06   0.00025   19.2   4.2    78   203     9   134     1   160 0.72 -
TRINITY_DN8763_c0_g2_i2:69-554     -            162 24888at7898          -            647    0.0002   19.5   1.3   1   1   3.2e-06   0.00025   19.2   1.3    10    58     6    54     3    66 0.88 -
TRINITY_DN8763_c0_g2_i4:69-563     -            165 24888at7898          -            647    0.0002   19.5   1.3   1   1   3.3e-06   0.00026   19.2   1.3    10    58     6    54     3    66 0.88 -
TRINITY_DN29844_c0_g1_i5:2-1312    -            437 24888at7898          -            647   0.00023   19.3   7.9   1   1   4.2e-06   0.00032   18.8   7.9    96   258     5   174     2   187 0.82 -
TRINITY_DN10448_c2_g1_i1:22-1110   -            363 24888at7898          -            647   0.00024   19.3   1.8   1   1   3.9e-06    0.0003   18.9   1.8    88   214     2   129     1   170 0.89 -
TRINITY_DN3822_c1_g1_i1:1073-1930  -            286 24888at7898          -            647   0.00024   19.3  19.7   1   2    0.0001    0.0079   14.2   7.3    16    58     1    42     1    56 0.88 -
TRINITY_DN3822_c1_g1_i1:1073-1930  -            286 24888at7898          -            647   0.00024   19.3  19.7   2   2   0.00094     0.072   11.1   4.6    74   172   115   214    64   244 0.65 -
TRINITY_DN3822_c1_g1_i2:1071-1928  -            286 24888at7898          -            647   0.00024   19.3  19.7   1   2    0.0001    0.0079   14.2   7.3    16    58     1    42     1    56 0.88 -
TRINITY_DN3822_c1_g1_i2:1071-1928  -            286 24888at7898          -            647   0.00024   19.3  19.7   2   2   0.00094     0.072   11.1   4.6    74   172   115   214    64   244 0.65 -
TRINITY_DN3215_c0_g1_i8:297-1958   -            554 24888at7898          -            647   0.00039   18.5  15.2   1   2    0.0011     0.087   10.8   2.3    15    59     8    54     5    63 0.88 -
TRINITY_DN3215_c0_g1_i8:297-1958   -            554 24888at7898          -            647   0.00039   18.5  15.2   2   2   0.00021     0.016   13.2   5.3    36   181    86   230    79   262 0.65 -
TRINITY_DN3215_c0_g1_i12:455-2134  -            560 24888at7898          -            647   0.00041   18.5  15.2   1   2    0.0011     0.087   10.8   2.3    15    59    14    60    10    69 0.88 -
TRINITY_DN3215_c0_g1_i12:455-2134  -            560 24888at7898          -            647   0.00041   18.5  15.2   2   2   0.00022     0.017   13.2   5.3    36   181    92   236    85   268 0.65 -
TRINITY_DN6924_c0_g1_i2:9-185      -             59 24888at7898          -            647   0.00041   18.5   2.4   1   1   5.7e-06   0.00044   18.4   2.4    10    57     9    59     3    59 0.84 -
TRINITY_DN23310_c0_g4_i1:70-270    -             67 24888at7898          -            647   0.00047   18.3   1.6   1   1   6.7e-06   0.00051   18.2   1.6    13    58     3    46     1    53 0.89 -
TRINITY_DN33811_c0_g1_i2:192-758   -            189 24888at7898          -            647   0.00055   18.0   1.6   1   1   9.4e-06   0.00072   17.7   1.6    15    58    35    78    29    90 0.89 -
TRINITY_DN33811_c0_g1_i6:205-771   -            189 24888at7898          -            647   0.00055   18.0   1.6   1   1   9.4e-06   0.00072   17.7   1.6    15    58    35    78    29    90 0.89 -
TRINITY_DN33811_c0_g1_i10:190-765  -            192 24888at7898          -            647   0.00057   18.0   1.6   1   1   9.6e-06   0.00074   17.6   1.6    15    58    38    81    32    93 0.89 -
TRINITY_DN33811_c0_g1_i9:190-765   -            192 24888at7898          -            647   0.00057   18.0   1.6   1   1   9.6e-06   0.00074   17.6   1.6    15    58    38    81    32    93 0.89 -
TRINITY_DN33811_c0_g1_i13:190-765  -            192 24888at7898          -            647   0.00057   18.0   1.6   1   1   9.6e-06   0.00074   17.6   1.6    15    58    38    81    32    93 0.89 -
TRINITY_DN33811_c0_g1_i7:190-765   -            192 24888at7898          -            647   0.00057   18.0   1.6   1   1   9.6e-06   0.00074   17.6   1.6    15    58    38    81    32    93 0.89 -
TRINITY_DN15922_c0_g1_i4:14-643    -            210 24888at7898          -            647   0.00065   17.8   4.9   1   1   8.5e-06   0.00065   17.8   4.9    12    58     7    51     2    61 0.84 -
TRINITY_DN15922_c0_g1_i6:14-643    -            210 24888at7898          -            647   0.00065   17.8   4.9   1   1   8.5e-06   0.00065   17.8   4.9    12    58     7    51     2    61 0.84 -
TRINITY_DN6924_c0_g1_i3:49-222     -             58 24888at7898          -            647   0.00087   17.4   2.6   1   1   1.2e-05    0.0009   17.3   2.6    11    57    10    58     3    58 0.87 -
TRINITY_DN6924_c0_g1_i6:49-222     -             58 24888at7898          -            647   0.00087   17.4   2.6   1   1   1.2e-05    0.0009   17.3   2.6    11    57    10    58     3    58 0.87 -
TRINITY_DN6924_c0_g1_i7:49-222     -             58 24888at7898          -            647   0.00087   17.4   2.6   1   1   1.2e-05    0.0009   17.3   2.6    11    57    10    58     3    58 0.87 -
TRINITY_DN16864_c0_g1_i1:74-307    -             78 24888at7898          -            647     0.001   17.1   6.6   1   1   1.5e-05    0.0011   17.0   6.6    14    59    13    60     2    68 0.85 -
TRINITY_DN3215_c0_g1_i2:458-2250   -            569 24888at7898          -            647    0.0012   16.9  24.0   1   3   3.7e-05    0.0028   15.7   3.2    16    59     8    53     3    59 0.88 -
TRINITY_DN3215_c0_g1_i2:458-2250   -            569 24888at7898          -            647    0.0012   16.9  24.0   2   3      0.97        74    1.1   0.9    13    41    99   129    88   137 0.78 -
TRINITY_DN3215_c0_g1_i2:458-2250   -            569 24888at7898          -            647    0.0012   16.9  24.0   3   3   0.00087     0.067   11.2   5.1    83   180   149   245   134   271 0.69 -
TRINITY_DN20435_c0_g1_i1:528-1172  -            215 24888at7898          -            647    0.0012   16.9  23.9   1   2     0.059       4.5    5.1  15.4    16   113     2   121     1   140 0.56 -
TRINITY_DN20435_c0_g1_i1:528-1172  -            215 24888at7898          -            647    0.0012   16.9  23.9   2   2     4e-05     0.003   15.6   1.3    86   140   153   207   145   214 0.87 -
TRINITY_DN3215_c0_g1_i9:300-2006   -            569 24888at7898          -            647    0.0012   16.9  24.0   1   3   3.7e-05    0.0028   15.7   3.2    16    59     8    53     3    59 0.88 -
TRINITY_DN3215_c0_g1_i9:300-2006   -            569 24888at7898          -            647    0.0012   16.9  24.0   2   3      0.97        74    1.1   0.9    13    41    99   129    88   137 0.78 -
TRINITY_DN3215_c0_g1_i9:300-2006   -            569 24888at7898          -            647    0.0012   16.9  24.0   3   3   0.00087     0.067   11.2   5.1    83   180   149   245   134   271 0.69 -
TRINITY_DN3215_c0_g1_i14:455-2125  -            557 24888at7898          -            647    0.0012   16.9  14.8   1   2    0.0061      0.46    8.4   2.5    15    59     7    53     4    60 0.88 -
TRINITY_DN3215_c0_g1_i14:455-2125  -            557 24888at7898          -            647    0.0012   16.9  14.8   2   2   0.00012    0.0089   14.1   4.6    35   181    88   233    73   265 0.66 -
TRINITY_DN3791_c0_g1_i2:1035-1277  -             81 24888at7898          -            647    0.0023   16.0   2.8   1   1   3.6e-05    0.0028   15.7   2.8     9    57    30    78    21    80 0.83 -
TRINITY_DN3791_c0_g1_i5:1035-1277  -             81 24888at7898          -            647    0.0023   16.0   2.8   1   1   3.6e-05    0.0028   15.7   2.8     9    57    30    78    21    80 0.83 -
TRINITY_DN3791_c0_g1_i6:1061-1303  -             81 24888at7898          -            647    0.0023   16.0   2.8   1   1   3.6e-05    0.0028   15.7   2.8     9    57    30    78    21    80 0.83 -
TRINITY_DN8886_c1_g2_i1:9-668      -            220 24888at7898          -            647    0.0026   15.8   1.2   1   1   4.6e-05    0.0035   15.4   1.0    83   133    14    64    10   129 0.72 -
TRINITY_DN8886_c1_g2_i2:9-668      -            220 24888at7898          -            647    0.0026   15.8   1.2   1   1   4.6e-05    0.0035   15.4   1.0    83   133    14    64    10   129 0.72 -
TRINITY_DN41619_c0_g1_i1:3-392     -            130 24888at7898          -            647    0.0031   15.6   1.2   1   1   4.9e-05    0.0037   15.3   1.2    15    58    68   111    54   123 0.79 -
TRINITY_DN10490_c0_g1_i1:472-1884  -            471 24888at7898          -            647    0.0034   15.4   2.7   1   2       2.6     2e+02   -0.3   1.7    15    43     3    33     1    54 0.80 -
TRINITY_DN10490_c0_g1_i1:472-1884  -            471 24888at7898          -            647    0.0034   15.4   2.7   2   2   4.4e-05    0.0034   15.4   2.7    87   208    55   173    48   186 0.67 -
TRINITY_DN4113_c0_g1_i8:704-1396   -            231 24888at7898          -            647     0.004   15.2   1.3   1   1     7e-05    0.0053   14.8   1.3    16    58   190   229   183   231 0.92 -
TRINITY_DN4113_c0_g1_i2:704-1396   -            231 24888at7898          -            647    0.0041   15.2   1.3   1   1     7e-05    0.0053   14.8   1.3    16    58   190   229   183   231 0.92 -
TRINITY_DN36981_c0_g1_i1:182-424   -             81 24888at7898          -            647    0.0042   15.1   0.8   1   1     6e-05    0.0046   15.0   0.8    11    57    32    78    23    81 0.83 -
TRINITY_DN5747_c0_g1_i1:1117-1395  -             93 24888at7898          -            647    0.0044   15.1   1.2   1   1   6.5e-05     0.005   14.9   1.2    14    58    43    87    29    90 0.86 -
TRINITY_DN20116_c0_g1_i1:72-470    -            133 24888at7898          -            647    0.0049   14.9   0.9   1   1   8.6e-05    0.0066   14.5   0.9    16    59     2    42     1    52 0.89 -
TRINITY_DN5747_c0_g1_i2:1099-1377  -             93 24888at7898          -            647    0.0057   14.7   1.8   1   1   9.2e-05     0.007   14.4   1.8    14    58    43    87    31    90 0.86 -
TRINITY_DN5747_c0_g1_i3:1099-1377  -             93 24888at7898          -            647    0.0057   14.7   1.8   1   1   9.2e-05     0.007   14.4   1.8    14    58    43    87    31    90 0.86 -
TRINITY_DN5747_c0_g1_i4:291-569    -             93 24888at7898          -            647    0.0057   14.7   1.8   1   1   9.2e-05     0.007   14.4   1.8    14    58    43    87    31    90 0.86 -
TRINITY_DN20563_c0_g1_i2:801-1034  -             78 24888at7898          -            647     0.006   14.6   2.0   1   1   8.7e-05    0.0067   14.5   2.0     7    58    23    71    17    75 0.85 -
TRINITY_DN5030_c0_g1_i10:2920-4851 -            644 24888at7898          -            647    0.0064   14.5  21.4   1   2   0.00024     0.018   13.0   8.6    14    58     3    44     1    71 0.84 -
TRINITY_DN5030_c0_g1_i10:2920-4851 -            644 24888at7898          -            647    0.0064   14.5  21.4   2   2     0.015       1.2    7.0   5.0    33   174    95   237    80   283 0.66 -
TRINITY_DN5030_c0_g1_i12:3388-5319 -            644 24888at7898          -            647    0.0064   14.5  21.4   1   2   0.00024     0.018   13.0   8.6    14    58     3    44     1    71 0.84 -
TRINITY_DN5030_c0_g1_i12:3388-5319 -            644 24888at7898          -            647    0.0064   14.5  21.4   2   2     0.015       1.2    7.0   5.0    33   174    95   237    80   283 0.66 -
TRINITY_DN5030_c0_g1_i16:1385-3316 -            644 24888at7898          -            647    0.0064   14.5  21.4   1   2   0.00024     0.018   13.0   8.6    14    58     3    44     1    71 0.84 -
TRINITY_DN5030_c0_g1_i16:1385-3316 -            644 24888at7898          -            647    0.0064   14.5  21.4   2   2     0.015       1.2    7.0   5.0    33   174    95   237    80   283 0.66 -
TRINITY_DN64627_c0_g1_i1:413-649   -             79 24888at7898          -            647    0.0065   14.5   4.6   1   1   9.4e-05    0.0072   14.4   4.6    14    66     9    67     4    75 0.81 -
TRINITY_DN6680_c0_g1_i1:382-618    -             79 24888at7898          -            647    0.0083   14.2   3.0   1   1   0.00012    0.0089   14.1   3.0    13    57     8    50     4    74 0.74 -
TRINITY_DN11493_c0_g1_i1:37-1482   -            482 24888at7898          -            647     0.011   13.8   2.8   1   1   0.00021     0.016   13.2   2.8    16    58   238   280   236   296 0.94 -
TRINITY_DN1868_c0_g1_i2:1111-1503  -            131 24888at7898          -            647     0.013   13.5   2.1   1   1   0.00021     0.016   13.2   2.1    15    57    68   115    58   124 0.82 -
TRINITY_DN1868_c0_g1_i3:1191-1583  -            131 24888at7898          -            647     0.013   13.5   2.1   1   1   0.00021     0.016   13.2   2.1    15    57    68   115    58   124 0.82 -
TRINITY_DN1868_c0_g1_i7:1111-1503  -            131 24888at7898          -            647     0.013   13.5   2.1   1   1   0.00021     0.016   13.2   2.1    15    57    68   115    58   124 0.82 -
TRINITY_DN1868_c0_g1_i8:390-782    -            131 24888at7898          -            647     0.013   13.5   2.1   1   1   0.00021     0.016   13.2   2.1    15    57    68   115    58   124 0.82 -
TRINITY_DN8005_c0_g3_i1:418-1692   -            425 24888at7898          -            647     0.015   13.3  25.5   1   1      0.01      0.77    7.7  25.5    15   236    11   212     3   231 0.81 -
TRINITY_DN16423_c0_g1_i6:166-972   -            269 24888at7898          -            647     0.016   13.2   2.1   1   1   0.00029     0.022   12.8   2.1    14    61    89   138    81   147 0.83 -
TRINITY_DN34187_c0_g2_i1:540-974   -            145 24888at7898          -            647     0.017   13.1   8.4   1   2   0.00015     0.011   13.7   5.9    16    58    55    94    47   104 0.90 -
TRINITY_DN34187_c0_g2_i1:540-974   -            145 24888at7898          -            647     0.017   13.1   8.4   2   2         3   2.3e+02   -0.5   0.0   247   269   112   135   100   141 0.78 -
TRINITY_DN14899_c0_g2_i1:150-479   -            110 24888at7898          -            647     0.022   12.8   1.8   1   1   0.00035     0.027   12.5   1.8    16    62     8    61     3    70 0.72 -
TRINITY_DN20563_c0_g4_i2:1476-1721 -             82 24888at7898          -            647     0.023   12.7   1.1   1   1   0.00033     0.025   12.6   1.1     4    59    15    67    12    78 0.87 -
TRINITY_DN14685_c0_g1_i1:8-331     -            108 24888at7898          -            647     0.031   12.3   2.9   1   1   0.00047     0.036   12.1   2.9    14    59    54    99    45   107 0.81 -
TRINITY_DN2692_c0_g1_i2:576-842    -             89 24888at7898          -            647     0.036   12.1   1.5   1   1   0.00056     0.043   11.8   1.5    13    57    45    86    39    89 0.79 -
TRINITY_DN2692_c0_g1_i4:576-842    -             89 24888at7898          -            647     0.036   12.1   1.5   1   1   0.00056     0.043   11.8   1.5    13    57    45    86    39    89 0.79 -
TRINITY_DN2692_c0_g1_i7:576-842    -             89 24888at7898          -            647     0.036   12.1   1.5   1   1   0.00056     0.043   11.8   1.5    13    57    45    86    39    89 0.79 -
TRINITY_DN6920_c0_g2_i6:142-432    -             97 24888at7898          -            647     0.041   11.9   4.0   1   1    0.0006     0.046   11.7   4.0    14    57    52    95    43    97 0.78 -
TRINITY_DN527_c3_g1_i5:664-960     -             99 24888at7898          -            647     0.043   11.8   1.2   1   1   0.00053     0.041   11.9   1.2    12    63     2    61     1    92 0.76 -
TRINITY_DN23114_c0_g1_i1:92-547    -            152 24888at7898          -            647      0.05   11.6   1.6   1   1    0.0008     0.061   11.3   1.6    14    57    78   121    66   133 0.80 -
TRINITY_DN23114_c0_g1_i2:92-726    -            207 24888at7898          -            647     0.081   10.9   1.6   1   1    0.0014      0.11   10.5   1.6    14    57   133   176   121   188 0.80 -
TRINITY_DN9986_c0_g1_i2:478-852    -            125 24888at7898          -            647     0.082   10.9   3.8   1   1    0.0011     0.084   10.8   3.8    13    57    33    78    23   114 0.85 -
TRINITY_DN9901_c0_g1_i13:1202-1672 -            157 24888at7898          -            647     0.084   10.8   2.1   1   1    0.0014      0.11   10.5   2.1    15    57   109   151    99   156 0.82 -
TRINITY_DN20563_c0_g1_i3:750-2534  -            595 24888at7898          -            647     0.087   10.8   1.1   1   1    0.0015      0.12   10.4   1.1     8    58   524   571   517   587 0.84 -
TRINITY_DN9986_c0_g1_i3:478-867    -            130 24888at7898          -            647      0.09   10.7   3.8   1   1    0.0012     0.093   10.7   3.8    13    57    38    83    28   119 0.85 -
TRINITY_DN22866_c0_g1_i1:60-305    -             82 24888at7898          -            647      0.15   10.0   0.4   1   1     0.002      0.15   10.0   0.4    12    47    41    79    29    82 0.76 -
TRINITY_DN9986_c0_g1_i1:478-852    -            125 24888at7898          -            647      0.15   10.0   4.7   1   1     0.002      0.15   10.0   4.7    13    57    33    78    23   120 0.85 -
TRINITY_DN11729_c1_g2_i1:4-1173    -            390 24888at7898          -            647      0.18    9.8   3.7   1   1     0.003      0.23    9.4   3.7    66   165    29   133     1   168 0.64 -
TRINITY_DN19233_c0_g5_i2:81-548    -            156 24888at7898          -            647      0.18    9.7   0.9   1   1    0.0031      0.24    9.4   0.9     8    57    72   120    63   126 0.75 -
TRINITY_DN34283_c0_g1_i1:390-602   -             71 24888at7898          -            647      0.35    8.8   2.3   1   1     0.005      0.38    8.7   2.3    16    59     1    46     1    55 0.71 -
TRINITY_DN13526_c1_g1_i1:1009-1275 -             89 24888at7898          -            647       0.4    8.6   2.3   1   1    0.0055      0.42    8.5   2.3    14    58    43    87    29    89 0.75 -
TRINITY_DN13526_c1_g1_i3:1004-1270 -             89 24888at7898          -            647       0.4    8.6   2.3   1   1    0.0055      0.42    8.5   2.3    14    58    43    87    29    89 0.75 -
TRINITY_DN13526_c1_g1_i6:1038-1304 -             89 24888at7898          -            647       0.4    8.6   2.3   1   1    0.0055      0.42    8.5   2.3    14    58    43    87    29    89 0.75 -
TRINITY_DN10156_c0_g2_i1:583-1224  -            214 24888at7898          -            647      0.48    8.3   3.4   1   1    0.0085      0.65    7.9   3.4    16    58   162   201   149   208 0.89 -
TRINITY_DN8242_c0_g1_i1:19-1110    -            364 24888at7898          -            647       1.3    6.9  10.2   1   2   0.00042     0.032   12.2   2.6    13    56     5    50     1    81 0.77 -
TRINITY_DN8242_c0_g1_i1:19-1110    -            364 24888at7898          -            647       1.3    6.9  10.2   2   2       3.4   2.6e+02   -0.7   1.0   157   192   187   225    93   284 0.53 -
TRINITY_DN60353_c0_g1_i1:2250-2471 -             74 24888at7898          -            647       1.6    6.6   6.9   1   1     0.023       1.8    6.5   6.9    16    57    32    74    25    74 0.84 -
TRINITY_DN8242_c0_g1_i12:1-1257    -            419 24888at7898          -            647       1.6    6.6   9.3   1   2    0.0006     0.046   11.7   2.8    13    56     5    50     1    79 0.77 -
TRINITY_DN8242_c0_g1_i12:1-1257    -            419 24888at7898          -            647       1.6    6.6   9.3   2   2       6.7   5.2e+02   -1.7   0.5   151   174   206   229    92   286 0.54 -
TRINITY_DN8242_c0_g1_i11:7-1242    -            412 24888at7898          -            647       2.4    6.1  10.5   1   2   0.00056     0.043   11.8   2.7    13    56     5    50     1    80 0.77 -
TRINITY_DN8242_c0_g1_i11:7-1242    -            412 24888at7898          -            647       2.4    6.1  10.5   2   2       5.1   3.9e+02   -1.3   1.0   156   191   186   224    93   281 0.54 -
TRINITY_DN446_c1_g1_i11:228-1175   -            316 24888at7898          -            647       2.4    6.0   4.8   1   1     0.012      0.92    7.4   1.0   126   177   197   248   186   260 0.88 -
TRINITY_DN446_c1_g1_i12:228-1193   -            322 24888at7898          -            647       2.6    5.9   4.8   1   1     0.029       2.2    6.1   2.8   126   177   203   254   184   286 0.83 -
TRINITY_DN34173_c0_g1_i1:553-1140  -            196 24888at7898          -            647       3.1    5.7   9.1   1   1     0.092         7    4.5   8.0    16    91    14    95    12   141 0.59 -
TRINITY_DN19043_c0_g2_i1:263-724   -            154 24888at7898          -            647       3.7    5.4   7.5   1   1     0.056       4.3    5.2   7.5    16   129     5   129     2   142 0.72 -
#
# Program:         hmmsearch
# Version:         3.1b2 (February 2015)
# Pipeline mode:   SEARCH
# Query file:      /home/ericjuo/Projects/salmo_trutta_rna_seq/busco_downloads/lineages/actinopterygii_odb10/hmms/24888at7898.hmm
# Target file:     /home/ericjuo/Projects/salmo_trutta_rna_seq/data/02_intermediate/busco/run_actinopterygii_odb10/metaeuk_output/initial_results/trinity.Trinity.fasta.modified.fas
# Option settings: hmmsearch --domtblout /home/ericjuo/Projects/salmo_trutta_rna_seq/data/02_intermediate/busco/run_actinopterygii_odb10/hmmer_output/initial_run_results/24888at7898.out --cpu 1 /home/ericjuo/Projects/salmo_trutta_rna_seq/busco_downloads/lineages/actinopterygii_odb10/hmms/24888at7898.hmm /home/ericjuo/Projects/salmo_trutta_rna_seq/data/02_intermediate/busco/run_actinopterygii_odb10/metaeuk_output/initial_results/trinity.Trinity.fasta.modified.fas 
# Current dir:     /home/ericjuo/Projects/salmo_trutta_rna_seq
# Date:            Fri Apr 29 12:53:20 2022
# [ok]
