#                                                                                         --- full sequence --- -------------- this domain -------------   hmm coord   ali coord   env coord
# target name                     accession   tlen query name           accession   qlen   E-value  score  bias   #  of  c-Evalue  i-Evalue  score  bias  from    to  from    to  from    to  acc description of target
#             ------------------- ---------- ----- -------------------- ---------- ----- --------- ------ ----- --- --- --------- --------- ------ ----- ----- ----- ----- ----- ----- ----- ---- ---------------------
TRINITY_DN2453_c0_g1_i11:239-2395 -            719 26396at7898          -            626         0 1068.0  10.6   1   1         0         0 1067.7  10.6     1   625    19   714    19   716 0.92 -
TRINITY_DN2453_c0_g1_i1:239-2395  -            719 26396at7898          -            626         0 1068.0  10.6   1   1         0         0 1067.7  10.6     1   625    19   714    19   716 0.92 -
TRINITY_DN2453_c0_g1_i6:239-2395  -            719 26396at7898          -            626         0 1068.0  10.6   1   1         0         0 1067.7  10.6     1   625    19   714    19   716 0.92 -
TRINITY_DN2453_c0_g1_i12:35-1537  -            501 26396at7898          -            626  2.2e-240  799.1   1.0   1   1  1.3e-243  2.6e-240  798.8   1.0   170   624     1   500     1   501 0.93 -
TRINITY_DN791_c0_g2_i3:1759-3705  -            649 26396at7898          -            626  1.3e-167  558.7  25.2   1   2   7.1e-37   1.4e-33  116.0   0.8   280   408     1   126     1   134 0.88 -
TRINITY_DN791_c0_g2_i3:1759-3705  -            649 26396at7898          -            626  1.3e-167  558.7  25.2   2   2  8.3e-140  1.6e-136  456.0  17.8    66   608    76   647    76   649 0.86 -
TRINITY_DN791_c0_g2_i8:984-2930   -            649 26396at7898          -            626  1.3e-167  558.7  25.2   1   2   7.1e-37   1.4e-33  116.0   0.8   280   408     1   126     1   134 0.88 -
TRINITY_DN791_c0_g2_i8:984-2930   -            649 26396at7898          -            626  1.3e-167  558.7  25.2   2   2  8.3e-140  1.6e-136  456.0  17.8    66   608    76   647    76   649 0.86 -
TRINITY_DN791_c0_g1_i4:52-1092    -            347 26396at7898          -            626   8.4e-83  278.6   6.9   1   1     5e-86   9.9e-83  278.3   6.9   280   612     1   336     1   345 0.87 -
#
# Program:         hmmsearch
# Version:         3.1b2 (February 2015)
# Pipeline mode:   SEARCH
# Query file:      /home/ericjuo/Projects/salmo_trutta_rna_seq/busco_downloads/lineages/actinopterygii_odb10/hmms/26396at7898.hmm
# Target file:     /home/ericjuo/Projects/salmo_trutta_rna_seq/data/02_intermediate/busco/run_actinopterygii_odb10/metaeuk_output/initial_results/trinity.Trinity.fasta.modified.fas
# Option settings: hmmsearch --domtblout /home/ericjuo/Projects/salmo_trutta_rna_seq/data/02_intermediate/busco/run_actinopterygii_odb10/hmmer_output/initial_run_results/26396at7898.out --cpu 1 /home/ericjuo/Projects/salmo_trutta_rna_seq/busco_downloads/lineages/actinopterygii_odb10/hmms/26396at7898.hmm /home/ericjuo/Projects/salmo_trutta_rna_seq/data/02_intermediate/busco/run_actinopterygii_odb10/metaeuk_output/initial_results/trinity.Trinity.fasta.modified.fas 
# Current dir:     /home/ericjuo/Projects/salmo_trutta_rna_seq
# Date:            Fri Apr 29 12:53:47 2022
# [ok]
