#                                                                                           --- full sequence --- -------------- this domain -------------   hmm coord   ali coord   env coord
# target name                       accession   tlen query name           accession   qlen   E-value  score  bias   #  of  c-Evalue  i-Evalue  score  bias  from    to  from    to  from    to  acc description of target
#               ------------------- ---------- ----- -------------------- ---------- ----- --------- ------ ----- --- --- --------- --------- ------ ----- ----- ----- ----- ----- ----- ----- ---- ---------------------
TRINITY_DN37419_c0_g1_i1:49-873     -            275 28729at7898          -            555   2.4e-12   45.8  14.8   1   4   1.2e-08   1.2e-06   26.9   3.1     9    90    17    98     9   114 0.83 -
TRINITY_DN37419_c0_g1_i1:49-873     -            275 28729at7898          -            555   2.4e-12   45.8  14.8   2   4   5.1e-07   5.4e-05   21.5   0.2    24    83   103   162    96   180 0.81 -
TRINITY_DN37419_c0_g1_i1:49-873     -            275 28729at7898          -            555   2.4e-12   45.8  14.8   3   4     0.052       5.5    5.0   0.2    43    80   185   226   171   247 0.77 -
TRINITY_DN37419_c0_g1_i1:49-873     -            275 28729at7898          -            555   2.4e-12   45.8  14.8   4   4       2.4   2.6e+02   -0.6   0.0    25    59   241   275   235   275 0.75 -
TRINITY_DN11968_c0_g1_i1:655-1782   -            376 28729at7898          -            555   3.5e-11   41.9  10.1   1   3   6.7e-05    0.0071   14.5   0.2    35   106    44   121    34   135 0.81 -
TRINITY_DN11968_c0_g1_i1:655-1782   -            376 28729at7898          -            555   3.5e-11   41.9  10.1   2   3   0.00025     0.026   12.6   0.5    20   165   127   272   123   287 0.70 -
TRINITY_DN11968_c0_g1_i1:655-1782   -            376 28729at7898          -            555   3.5e-11   41.9  10.1   3   3     8e-07   8.4e-05   20.8   0.8    22   101   272   352   253   373 0.77 -
TRINITY_DN11968_c0_g1_i2:646-1773   -            376 28729at7898          -            555   3.5e-11   41.9  10.1   1   3   6.7e-05    0.0071   14.5   0.2    35   106    44   121    34   135 0.81 -
TRINITY_DN11968_c0_g1_i2:646-1773   -            376 28729at7898          -            555   3.5e-11   41.9  10.1   2   3   0.00025     0.026   12.6   0.5    20   165   127   272   123   287 0.70 -
TRINITY_DN11968_c0_g1_i2:646-1773   -            376 28729at7898          -            555   3.5e-11   41.9  10.1   3   3     8e-07   8.4e-05   20.8   0.8    22   101   272   352   253   373 0.77 -
TRINITY_DN17537_c0_g1_i1:496-1509   -            338 28729at7898          -            555   3.1e-10   38.8   6.1   1   3   9.4e-07   9.9e-05   20.6   0.4    32   100   102   173    86   178 0.87 -
TRINITY_DN17537_c0_g1_i1:496-1509   -            338 28729at7898          -            555   3.1e-10   38.8   6.1   2   3   0.00082     0.087   10.9   0.1    44    99   182   240   173   246 0.85 -
TRINITY_DN17537_c0_g1_i1:496-1509   -            338 28729at7898          -            555   3.1e-10   38.8   6.1   3   3   0.00094       0.1   10.7   0.1    21    85   230   292   226   318 0.72 -
TRINITY_DN10110_c0_g1_i2:132-1928   -            599 28729at7898          -            555   5.7e-09   34.6  48.0   1   7     0.098        10    4.0   0.8    48    81    82   118    78   123 0.81 -
TRINITY_DN10110_c0_g1_i2:132-1928   -            599 28729at7898          -            555   5.7e-09   34.6  48.0   2   7   0.00037     0.039   12.1   3.1    44   106   124   190   119   193 0.80 -
TRINITY_DN10110_c0_g1_i2:132-1928   -            599 28729at7898          -            555   5.7e-09   34.6  48.0   3   7   0.00027     0.028   12.5   3.1    27    82   174   234   173   237 0.76 -
TRINITY_DN10110_c0_g1_i2:132-1928   -            599 28729at7898          -            555   5.7e-09   34.6  48.0   4   7   3.3e-06   0.00035   18.8   4.9    42   127   237   324   234   331 0.87 -
TRINITY_DN10110_c0_g1_i2:132-1928   -            599 28729at7898          -            555   5.7e-09   34.6  48.0   5   7     0.037       3.9    5.5   0.3    45    80   308   346   298   355 0.80 -
TRINITY_DN10110_c0_g1_i2:132-1928   -            599 28729at7898          -            555   5.7e-09   34.6  48.0   6   7     0.039       4.1    5.4   1.4    26    97   428   501   419   507 0.64 -
TRINITY_DN10110_c0_g1_i2:132-1928   -            599 28729at7898          -            555   5.7e-09   34.6  48.0   7   7    0.0026      0.28    9.2   1.3    25    99   494   573   487   576 0.60 -
TRINITY_DN3645_c0_g1_i12:1624-2937  -            438 28729at7898          -            555   3.7e-08   31.9   0.5   1   1   8.2e-10   8.7e-08   30.7   0.5   250   522   106   414    56   431 0.74 -
TRINITY_DN3645_c0_g1_i5:1881-3194   -            438 28729at7898          -            555   3.7e-08   31.9   0.5   1   1   8.2e-10   8.7e-08   30.7   0.5   250   522   106   414    56   431 0.74 -
TRINITY_DN3645_c0_g1_i8:1329-2642   -            438 28729at7898          -            555   3.7e-08   31.9   0.5   1   1   8.2e-10   8.7e-08   30.7   0.5   250   522   106   414    56   431 0.74 -
TRINITY_DN29863_c0_g1_i6:854-2326   -            491 28729at7898          -            555   6.1e-08   31.2  25.9   1   5    0.0037      0.39    8.7   1.6    21    99     8    88     4    88 0.79 -
TRINITY_DN29863_c0_g1_i6:854-2326   -            491 28729at7898          -            555   6.1e-08   31.2  25.9   2   5   0.00062     0.065   11.3   1.6    28    98    57   133    55   139 0.78 -
TRINITY_DN29863_c0_g1_i6:854-2326   -            491 28729at7898          -            555   6.1e-08   31.2  25.9   3   5     1e-05    0.0011   17.2   1.8    25    99   123   203   114   209 0.80 -
TRINITY_DN29863_c0_g1_i6:854-2326   -            491 28729at7898          -            555   6.1e-08   31.2  25.9   4   5     0.002      0.22    9.6   1.6    44   108   213   281   205   301 0.60 -
TRINITY_DN29863_c0_g1_i6:854-2326   -            491 28729at7898          -            555   6.1e-08   31.2  25.9   5   5     0.066         7    4.6   0.4    44    84   351   394   331   408 0.68 -
TRINITY_DN29863_c0_g1_i7:836-2308   -            491 28729at7898          -            555   6.1e-08   31.2  25.9   1   5    0.0037      0.39    8.7   1.6    21    99     8    88     4    88 0.79 -
TRINITY_DN29863_c0_g1_i7:836-2308   -            491 28729at7898          -            555   6.1e-08   31.2  25.9   2   5   0.00062     0.065   11.3   1.6    28    98    57   133    55   139 0.78 -
TRINITY_DN29863_c0_g1_i7:836-2308   -            491 28729at7898          -            555   6.1e-08   31.2  25.9   3   5     1e-05    0.0011   17.2   1.8    25    99   123   203   114   209 0.80 -
TRINITY_DN29863_c0_g1_i7:836-2308   -            491 28729at7898          -            555   6.1e-08   31.2  25.9   4   5     0.002      0.22    9.6   1.6    44   108   213   281   205   301 0.60 -
TRINITY_DN29863_c0_g1_i7:836-2308   -            491 28729at7898          -            555   6.1e-08   31.2  25.9   5   5     0.066         7    4.6   0.4    44    84   351   394   331   408 0.68 -
TRINITY_DN13639_c0_g1_i1:7-630      -            208 28729at7898          -            555   6.9e-08   31.0   6.8   1   2   1.7e-06   0.00018   19.8   0.4    34   104    51   124    27   135 0.73 -
TRINITY_DN13639_c0_g1_i1:7-630      -            208 28729at7898          -            555   6.9e-08   31.0   6.8   2   2   4.7e-05     0.005   15.0   1.1    18    94   129   206   124   208 0.78 -
TRINITY_DN19162_c0_g1_i1:273-1223   -            317 28729at7898          -            555     1e-07   30.5   7.1   1   3   0.00014     0.015   13.4   0.0    48   100    50   104    26   109 0.88 -
TRINITY_DN19162_c0_g1_i1:273-1223   -            317 28729at7898          -            555     1e-07   30.5   7.1   2   3   6.4e-06   0.00068   17.9   2.7    16   106   128   222   113   262 0.80 -
TRINITY_DN19162_c0_g1_i1:273-1223   -            317 28729at7898          -            555     1e-07   30.5   7.1   3   3         3   3.2e+02   -0.9   0.1    33    53   267   287   253   292 0.77 -
TRINITY_DN19162_c0_g1_i4:273-1223   -            317 28729at7898          -            555     1e-07   30.5   7.1   1   3   0.00014     0.015   13.4   0.0    48   100    50   104    26   109 0.88 -
TRINITY_DN19162_c0_g1_i4:273-1223   -            317 28729at7898          -            555     1e-07   30.5   7.1   2   3   6.4e-06   0.00068   17.9   2.7    16   106   128   222   113   262 0.80 -
TRINITY_DN19162_c0_g1_i4:273-1223   -            317 28729at7898          -            555     1e-07   30.5   7.1   3   3         3   3.2e+02   -0.9   0.1    33    53   267   287   253   292 0.77 -
TRINITY_DN11406_c0_g1_i2:128-790    -            221 28729at7898          -            555   1.2e-07   30.3   5.1   1   2   4.5e-07   4.8e-05   21.7   2.3    46   104    12    72     5    76 0.84 -
TRINITY_DN11406_c0_g1_i2:128-790    -            221 28729at7898          -            555   1.2e-07   30.3   5.1   2   2   0.00098       0.1   10.7   0.1    79   132    72   132    68   155 0.75 -
TRINITY_DN53559_c0_g1_i1:118-648    -            177 28729at7898          -            555   1.4e-07   30.0   6.1   1   2   2.9e-08   3.1e-06   25.6   4.1    38   118     9    90     1    94 0.83 -
TRINITY_DN53559_c0_g1_i1:118-648    -            177 28729at7898          -            555   1.4e-07   30.0   6.1   2   2     0.016       1.7    6.6   0.2    66   119    83   140    75   152 0.81 -
TRINITY_DN29863_c0_g1_i3:855-2327   -            491 28729at7898          -            555   1.6e-07   29.9  26.2   1   5     0.034       3.5    5.6   0.5    21    79     8    67     4    70 0.77 -
TRINITY_DN29863_c0_g1_i3:855-2327   -            491 28729at7898          -            555   1.6e-07   29.9  26.2   2   5   0.00055     0.058   11.5   1.4    28    98    57   133    55   139 0.78 -
TRINITY_DN29863_c0_g1_i3:855-2327   -            491 28729at7898          -            555   1.6e-07   29.9  26.2   3   5     3e-05    0.0032   15.7   1.9    28    99   126   203   120   209 0.74 -
TRINITY_DN29863_c0_g1_i3:855-2327   -            491 28729at7898          -            555   1.6e-07   29.9  26.2   4   5    0.0024      0.25    9.4   1.7    43   108   212   281   204   303 0.68 -
TRINITY_DN29863_c0_g1_i3:855-2327   -            491 28729at7898          -            555   1.6e-07   29.9  26.2   5   5     0.066         7    4.6   0.4    44    84   351   394   331   408 0.68 -
TRINITY_DN25_c2_g1_i2:139-915       -            259 28729at7898          -            555   1.8e-07   29.6   0.5   1   5      0.29        31    2.5   0.0   333   358    41    66    35    73 0.86 -
TRINITY_DN25_c2_g1_i2:139-915       -            259 28729at7898          -            555   1.8e-07   29.6   0.5   2   5      0.15        15    3.5   0.0   331   358    79   106    68   114 0.89 -
TRINITY_DN25_c2_g1_i2:139-915       -            259 28729at7898          -            555   1.8e-07   29.6   0.5   3   5       2.5   2.7e+02   -0.6   0.0   330   357   121   148   116   158 0.86 -
TRINITY_DN25_c2_g1_i2:139-915       -            259 28729at7898          -            555   1.8e-07   29.6   0.5   4   5    0.0011      0.12   10.4   0.0   326   357   157   188   131   192 0.79 -
TRINITY_DN25_c2_g1_i2:139-915       -            259 28729at7898          -            555   1.8e-07   29.6   0.5   5   5     0.014       1.4    6.9   0.0   334   358   205   229   198   236 0.88 -
TRINITY_DN25_c2_g1_i3:382-1158      -            259 28729at7898          -            555   1.8e-07   29.6   0.5   1   5      0.29        31    2.5   0.0   333   358    41    66    35    73 0.86 -
TRINITY_DN25_c2_g1_i3:382-1158      -            259 28729at7898          -            555   1.8e-07   29.6   0.5   2   5      0.15        15    3.5   0.0   331   358    79   106    68   114 0.89 -
TRINITY_DN25_c2_g1_i3:382-1158      -            259 28729at7898          -            555   1.8e-07   29.6   0.5   3   5       2.5   2.7e+02   -0.6   0.0   330   357   121   148   116   158 0.86 -
TRINITY_DN25_c2_g1_i3:382-1158      -            259 28729at7898          -            555   1.8e-07   29.6   0.5   4   5    0.0011      0.12   10.4   0.0   326   357   157   188   131   192 0.79 -
TRINITY_DN25_c2_g1_i3:382-1158      -            259 28729at7898          -            555   1.8e-07   29.6   0.5   5   5     0.014       1.4    6.9   0.0   334   358   205   229   198   236 0.88 -
TRINITY_DN25_c2_g1_i4:628-1404      -            259 28729at7898          -            555   1.8e-07   29.6   0.5   1   5      0.29        31    2.5   0.0   333   358    41    66    35    73 0.86 -
TRINITY_DN25_c2_g1_i4:628-1404      -            259 28729at7898          -            555   1.8e-07   29.6   0.5   2   5      0.15        15    3.5   0.0   331   358    79   106    68   114 0.89 -
TRINITY_DN25_c2_g1_i4:628-1404      -            259 28729at7898          -            555   1.8e-07   29.6   0.5   3   5       2.5   2.7e+02   -0.6   0.0   330   357   121   148   116   158 0.86 -
TRINITY_DN25_c2_g1_i4:628-1404      -            259 28729at7898          -            555   1.8e-07   29.6   0.5   4   5    0.0011      0.12   10.4   0.0   326   357   157   188   131   192 0.79 -
TRINITY_DN25_c2_g1_i4:628-1404      -            259 28729at7898          -            555   1.8e-07   29.6   0.5   5   5     0.014       1.4    6.9   0.0   334   358   205   229   198   236 0.88 -
TRINITY_DN4648_c0_g1_i4:984-2552    -            523 28729at7898          -            555   3.6e-07   28.7  27.6   1   6    0.0032      0.34    8.9   0.5    48    99    37    92    25   100 0.55 -
TRINITY_DN4648_c0_g1_i4:984-2552    -            523 28729at7898          -            555   3.6e-07   28.7  27.6   2   6    0.0044      0.46    8.5   3.6    28   117    84   179    76   185 0.72 -
TRINITY_DN4648_c0_g1_i4:984-2552    -            523 28729at7898          -            555   3.6e-07   28.7  27.6   3   6      0.15        16    3.4   2.0    27    71   152   198   146   200 0.66 -
TRINITY_DN4648_c0_g1_i4:984-2552    -            523 28729at7898          -            555   3.6e-07   28.7  27.6   4   6   0.00073     0.077   11.1   0.7    45   100   195   254   188   262 0.82 -
TRINITY_DN4648_c0_g1_i4:984-2552    -            523 28729at7898          -            555   3.6e-07   28.7  27.6   5   6     0.076       8.1    4.4   0.3    43    83   285   325   261   338 0.77 -
TRINITY_DN4648_c0_g1_i4:984-2552    -            523 28729at7898          -            555   3.6e-07   28.7  27.6   6   6    0.0013      0.14   10.2   0.2    43    85   354   398   344   403 0.83 -
TRINITY_DN22773_c0_g1_i9:1072-1797  -            242 28729at7898          -            555   3.8e-07   28.6  10.0   1   3    0.0014      0.15   10.1   0.6    26    95    24    97    18   106 0.76 -
TRINITY_DN22773_c0_g1_i9:1072-1797  -            242 28729at7898          -            555   3.8e-07   28.6  10.0   2   3   7.4e-06   0.00078   17.7   0.2    49   103   117   175   107   180 0.89 -
TRINITY_DN22773_c0_g1_i9:1072-1797  -            242 28729at7898          -            555   3.8e-07   28.6  10.0   3   3   0.00015     0.016   13.4   1.0    45   104   159   222   149   239 0.80 -
TRINITY_DN22773_c0_g1_i4:172-960    -            263 28729at7898          -            555     5e-07   28.2  10.2   1   3    0.0017      0.18    9.9   0.7    26    95    24    97    18   108 0.77 -
TRINITY_DN22773_c0_g1_i4:172-960    -            263 28729at7898          -            555     5e-07   28.2  10.2   2   3   7.7e-06   0.00081   17.6   0.6    48   103   116   175    90   180 0.84 -
TRINITY_DN22773_c0_g1_i4:172-960    -            263 28729at7898          -            555     5e-07   28.2  10.2   3   3   0.00018     0.019   13.1   0.8    46   105   160   223   154   241 0.81 -
TRINITY_DN8002_c0_g2_i1:163-1395    -            411 28729at7898          -            555   6.6e-07   27.8  36.5   1   7    0.0045      0.48    8.5   3.1    35    97    15    80     1   103 0.55 -
TRINITY_DN8002_c0_g2_i1:163-1395    -            411 28729at7898          -            555   6.6e-07   27.8  36.5   2   7     0.027       2.9    5.9   1.7    45    99    93   151    68   156 0.56 -
TRINITY_DN8002_c0_g2_i1:163-1395    -            411 28729at7898          -            555   6.6e-07   27.8  36.5   3   7    0.0097         1    7.4   3.1    23   100   143   222   135   226 0.67 -
TRINITY_DN8002_c0_g2_i1:163-1395    -            411 28729at7898          -            555   6.6e-07   27.8  36.5   4   7     0.051       5.4    5.0   0.4    27    78   188   246   178   251 0.63 -
TRINITY_DN8002_c0_g2_i1:163-1395    -            411 28729at7898          -            555   6.6e-07   27.8  36.5   5   7   9.1e-05    0.0096   14.1   0.8    22   100   236   316   228   322 0.78 -
TRINITY_DN8002_c0_g2_i1:163-1395    -            411 28729at7898          -            555   6.6e-07   27.8  36.5   6   7    0.0037      0.39    8.7   6.8    43   101   301   363   287   366 0.82 -
TRINITY_DN8002_c0_g2_i1:163-1395    -            411 28729at7898          -            555   6.6e-07   27.8  36.5   7   7     0.015       1.5    6.8   5.7    23    99   330   407   326   410 0.53 -
TRINITY_DN32578_c0_g1_i1:185-853    -            223 28729at7898          -            555   7.8e-07   27.6  14.0   1   3      0.11        12    3.8   0.2    46    78    20    55     1    62 0.66 -
TRINITY_DN32578_c0_g1_i1:185-853    -            223 28729at7898          -            555   7.8e-07   27.6  14.0   2   3   1.3e-05    0.0013   16.9   2.0    42    97    62   121    55   123 0.88 -
TRINITY_DN32578_c0_g1_i1:185-853    -            223 28729at7898          -            555   7.8e-07   27.6  14.0   3   3     2e-05    0.0021   16.2   1.9    20    99   112   191   111   195 0.84 -
TRINITY_DN32578_c0_g1_i2:185-853    -            223 28729at7898          -            555   7.8e-07   27.6  14.0   1   3      0.11        12    3.8   0.2    46    78    20    55     1    62 0.66 -
TRINITY_DN32578_c0_g1_i2:185-853    -            223 28729at7898          -            555   7.8e-07   27.6  14.0   2   3   1.3e-05    0.0013   16.9   2.0    42    97    62   121    55   123 0.88 -
TRINITY_DN32578_c0_g1_i2:185-853    -            223 28729at7898          -            555   7.8e-07   27.6  14.0   3   3     2e-05    0.0021   16.2   1.9    20    99   112   191   111   195 0.84 -
TRINITY_DN40089_c0_g1_i1:5-535      -            177 28729at7898          -            555   9.7e-07   27.2   9.1   1   2     7e-05    0.0074   14.4   1.3    48   107     4    69     3    76 0.80 -
TRINITY_DN40089_c0_g1_i1:5-535      -            177 28729at7898          -            555   9.7e-07   27.2   9.1   2   2   2.1e-05    0.0022   16.2   1.4    25   104    74   157    67   169 0.77 -
TRINITY_DN4648_c0_g1_i5:274-1842    -            523 28729at7898          -            555     1e-06   27.2  26.9   1   6    0.0032      0.34    9.0   0.6    48    99    37    92    26   101 0.55 -
TRINITY_DN4648_c0_g1_i5:274-1842    -            523 28729at7898          -            555     1e-06   27.2  26.9   2   6    0.0049      0.52    8.3   3.6    41   118    99   180    80   188 0.72 -
TRINITY_DN4648_c0_g1_i5:274-1842    -            523 28729at7898          -            555     1e-06   27.2  26.9   3   6      0.18        19    3.2   1.4    27    71   152   198   144   201 0.57 -
TRINITY_DN4648_c0_g1_i5:274-1842    -            523 28729at7898          -            555     1e-06   27.2  26.9   4   6    0.0009     0.095   10.8   2.2    44   100   194   254   173   262 0.80 -
TRINITY_DN4648_c0_g1_i5:274-1842    -            523 28729at7898          -            555     1e-06   27.2  26.9   5   6      0.28        29    2.6   0.3    43    80   285   322   259   331 0.66 -
TRINITY_DN4648_c0_g1_i5:274-1842    -            523 28729at7898          -            555     1e-06   27.2  26.9   6   6    0.0015      0.16   10.0   0.2    43    85   354   398   336   403 0.83 -
TRINITY_DN4648_c0_g1_i1:274-1842    -            523 28729at7898          -            555     1e-06   27.2  26.6   1   6    0.0043      0.45    8.5   0.7    49    99    38    92    26   100 0.49 -
TRINITY_DN4648_c0_g1_i1:274-1842    -            523 28729at7898          -            555     1e-06   27.2  26.6   2   6    0.0048       0.5    8.4   3.7    28   117    84   179    77   185 0.72 -
TRINITY_DN4648_c0_g1_i1:274-1842    -            523 28729at7898          -            555     1e-06   27.2  26.6   3   6     0.014       1.4    6.9   2.0    45    99   149   207   144   212 0.67 -
TRINITY_DN4648_c0_g1_i1:274-1842    -            523 28729at7898          -            555     1e-06   27.2  26.6   4   6    0.0011      0.12   10.5   2.6    44   100   194   254   173   272 0.81 -
TRINITY_DN4648_c0_g1_i1:274-1842    -            523 28729at7898          -            555     1e-06   27.2  26.6   5   6      0.25        26    2.7   0.2    43    81   285   323   260   339 0.68 -
TRINITY_DN4648_c0_g1_i1:274-1842    -            523 28729at7898          -            555     1e-06   27.2  26.6   6   6    0.0017      0.18    9.9   0.2    43    85   354   398   346   403 0.82 -
TRINITY_DN6022_c0_g1_i1:24-1184     -            387 28729at7898          -            555     1e-06   27.1  19.0   1   4   0.00086     0.091   10.8   0.9    22   106    53   144    41   147 0.76 -
TRINITY_DN6022_c0_g1_i1:24-1184     -            387 28729at7898          -            555     1e-06   27.1  19.0   2   4     0.096        10    4.1   0.1    46   107   125   193   117   204 0.72 -
TRINITY_DN6022_c0_g1_i1:24-1184     -            387 28729at7898          -            555     1e-06   27.1  19.0   3   4    0.0068      0.72    7.9   5.5    45   115   197   274   174   297 0.67 -
TRINITY_DN6022_c0_g1_i1:24-1184     -            387 28729at7898          -            555     1e-06   27.1  19.0   4   4   0.00011     0.011   13.8   0.3    13    82   305   376   300   387 0.83 -
TRINITY_DN2534_c0_g2_i2:5-556       -            184 28729at7898          -            555   2.9e-06   25.7   7.1   1   2   9.1e-08   9.6e-06   24.0   1.3    46   101    27    88     7    94 0.83 -
TRINITY_DN2534_c0_g2_i2:5-556       -            184 28729at7898          -            555   2.9e-06   25.7   7.1   2   2     0.026       2.7    6.0   1.1    35    97    88   156    86   179 0.80 -
TRINITY_DN16127_c0_g1_i2:583-1227   -            215 28729at7898          -            555   4.1e-06   25.2   9.8   1   2   5.4e-06   0.00057   18.1   2.1    38    99    14    79     9    84 0.83 -
TRINITY_DN16127_c0_g1_i2:583-1227   -            215 28729at7898          -            555   4.1e-06   25.2   9.8   2   2   0.00092     0.097   10.7   0.7    46   111    91   162    80   174 0.59 -
TRINITY_DN16127_c0_g1_i3:308-952    -            215 28729at7898          -            555   4.1e-06   25.2   9.8   1   2   5.4e-06   0.00057   18.1   2.1    38    99    14    79     9    84 0.83 -
TRINITY_DN16127_c0_g1_i3:308-952    -            215 28729at7898          -            555   4.1e-06   25.2   9.8   2   2   0.00092     0.097   10.7   0.7    46   111    91   162    80   174 0.59 -
TRINITY_DN16127_c0_g1_i4:205-849    -            215 28729at7898          -            555   4.1e-06   25.2   9.8   1   2   5.4e-06   0.00057   18.1   2.1    38    99    14    79     9    84 0.83 -
TRINITY_DN16127_c0_g1_i4:205-849    -            215 28729at7898          -            555   4.1e-06   25.2   9.8   2   2   0.00092     0.097   10.7   0.7    46   111    91   162    80   174 0.59 -
TRINITY_DN16127_c0_g1_i5:217-861    -            215 28729at7898          -            555   4.1e-06   25.2   9.8   1   2   5.4e-06   0.00057   18.1   2.1    38    99    14    79     9    84 0.83 -
TRINITY_DN16127_c0_g1_i5:217-861    -            215 28729at7898          -            555   4.1e-06   25.2   9.8   2   2   0.00092     0.097   10.7   0.7    46   111    91   162    80   174 0.59 -
TRINITY_DN22773_c0_g1_i6:895-1536   -            214 28729at7898          -            555   4.4e-06   25.1   6.1   1   3     0.019         2    6.4   0.5    45    95    15    69     1    78 0.68 -
TRINITY_DN22773_c0_g1_i6:895-1536   -            214 28729at7898          -            555   4.4e-06   25.1   6.1   2   3   0.00017     0.018   13.2   0.0    11    74    77   137    70   145 0.71 -
TRINITY_DN22773_c0_g1_i6:895-1536   -            214 28729at7898          -            555   4.4e-06   25.1   6.1   3   3   0.00085      0.09   10.9   0.6    45   103   131   193   129   212 0.79 -
TRINITY_DN22773_c0_g1_i11:1024-1665 -            214 28729at7898          -            555   4.6e-06   25.0   7.8   1   3      0.02       2.1    6.3   0.6    45    95    15    69     1    77 0.68 -
TRINITY_DN22773_c0_g1_i11:1024-1665 -            214 28729at7898          -            555   4.6e-06   25.0   7.8   2   3   3.3e-05    0.0035   15.5   0.2    47   104    87   148    58   152 0.67 -
TRINITY_DN22773_c0_g1_i11:1024-1665 -            214 28729at7898          -            555   4.6e-06   25.0   7.8   3   3     0.011       1.2    7.2   0.7    43    99   152   212   144   213 0.75 -
TRINITY_DN22773_c0_g1_i2:1072-1713  -            214 28729at7898          -            555   4.6e-06   25.0   7.8   1   3      0.02       2.1    6.3   0.6    45    95    15    69     1    77 0.68 -
TRINITY_DN22773_c0_g1_i2:1072-1713  -            214 28729at7898          -            555   4.6e-06   25.0   7.8   2   3   3.3e-05    0.0035   15.5   0.2    47   104    87   148    58   152 0.67 -
TRINITY_DN22773_c0_g1_i2:1072-1713  -            214 28729at7898          -            555   4.6e-06   25.0   7.8   3   3     0.011       1.2    7.2   0.7    43    99   152   212   144   213 0.75 -
TRINITY_DN1610_c0_g2_i5:3228-4118   -            297 28729at7898          -            555     5e-06   24.9  10.0   1   3     0.051       5.4    5.0   0.1    21    82    43   103    25   107 0.78 -
TRINITY_DN1610_c0_g2_i5:3228-4118   -            297 28729at7898          -            555     5e-06   24.9  10.0   2   3   0.00015     0.016   13.3   1.2    18    83   109   175   104   198 0.84 -
TRINITY_DN1610_c0_g2_i5:3228-4118   -            297 28729at7898          -            555     5e-06   24.9  10.0   3   3   0.00041     0.043   11.9   0.5    43    84   204   245   183   276 0.80 -
TRINITY_DN18660_c0_g1_i1:2-517      -            172 28729at7898          -            555   5.2e-06   24.8   8.7   1   2   3.6e-05    0.0038   15.4   1.4    42    99    11    74     3    80 0.82 -
TRINITY_DN18660_c0_g1_i1:2-517      -            172 28729at7898          -            555   5.2e-06   24.8   8.7   2   2   0.00011     0.012   13.8   1.0    24    99    91   170    82   172 0.77 -
TRINITY_DN15628_c1_g1_i1:15-788     -            258 28729at7898          -            555   5.5e-06   24.8   8.1   1   3   0.00092     0.098   10.7   0.1    52   106    37    94    28    97 0.83 -
TRINITY_DN15628_c1_g1_i1:15-788     -            258 28729at7898          -            555   5.5e-06   24.8   8.1   2   3     0.013       1.4    6.9   0.9    50    99   103   157    95   168 0.55 -
TRINITY_DN15628_c1_g1_i1:15-788     -            258 28729at7898          -            555   5.5e-06   24.8   8.1   3   3    0.0009     0.095   10.8   0.1    47    99   172   229   158   237 0.82 -
TRINITY_DN15628_c1_g1_i2:15-788     -            258 28729at7898          -            555   5.5e-06   24.8   8.1   1   3   0.00092     0.098   10.7   0.1    52   106    37    94    28    97 0.83 -
TRINITY_DN15628_c1_g1_i2:15-788     -            258 28729at7898          -            555   5.5e-06   24.8   8.1   2   3     0.013       1.4    6.9   0.9    50    99   103   157    95   168 0.55 -
TRINITY_DN15628_c1_g1_i2:15-788     -            258 28729at7898          -            555   5.5e-06   24.8   8.1   3   3    0.0009     0.095   10.8   0.1    47    99   172   229   158   237 0.82 -
TRINITY_DN28114_c0_g1_i1:955-1332   -            126 28729at7898          -            555   5.6e-06   24.7   2.2   1   2   0.00022     0.023   12.8   0.6    26    80    22    81     3    85 0.76 -
TRINITY_DN28114_c0_g1_i1:955-1332   -            126 28729at7898          -            555   5.6e-06   24.7   2.2   2   2    0.0012      0.13   10.3   0.0    43    78    87   122    84   125 0.88 -
TRINITY_DN28114_c0_g1_i4:349-726    -            126 28729at7898          -            555   5.6e-06   24.7   2.2   1   2   0.00022     0.023   12.8   0.6    26    80    22    81     3    85 0.76 -
TRINITY_DN28114_c0_g1_i4:349-726    -            126 28729at7898          -            555   5.6e-06   24.7   2.2   2   2    0.0012      0.13   10.3   0.0    43    78    87   122    84   125 0.88 -
TRINITY_DN26898_c0_g1_i1:15-1118    -            368 28729at7898          -            555   6.5e-06   24.5  26.5   1   7     0.046       4.9    5.1   0.8     6    80     7    85     1   102 0.61 -
TRINITY_DN26898_c0_g1_i1:15-1118    -            368 28729at7898          -            555   6.5e-06   24.5  26.5   2   7    0.0095         1    7.4   0.3    40   100    85   148    77   155 0.72 -
TRINITY_DN26898_c0_g1_i1:15-1118    -            368 28729at7898          -            555   6.5e-06   24.5  26.5   3   7      0.02       2.1    6.3   0.9    41    75   131   168    99   177 0.51 -
TRINITY_DN26898_c0_g1_i1:15-1118    -            368 28729at7898          -            555   6.5e-06   24.5  26.5   4   7    0.0034      0.35    8.9   1.4    25    81   138   196   135   202 0.76 -
TRINITY_DN26898_c0_g1_i1:15-1118    -            368 28729at7898          -            555   6.5e-06   24.5  26.5   5   7    0.0094      0.99    7.4   2.6    49    99   184   242   174   253 0.78 -
TRINITY_DN26898_c0_g1_i1:15-1118    -            368 28729at7898          -            555   6.5e-06   24.5  26.5   6   7     7e-06   0.00074   17.7   1.1     5    86   240   322   236   335 0.70 -
TRINITY_DN26898_c0_g1_i1:15-1118    -            368 28729at7898          -            555   6.5e-06   24.5  26.5   7   7      0.36        38    2.2   0.3    45    77   323   358   316   365 0.75 -
TRINITY_DN2534_c0_g2_i4:418-1170    -            251 28729at7898          -            555   6.9e-06   24.4  11.1   1   3      0.26        28    2.6   0.1    50   103     2    60     1    66 0.75 -
TRINITY_DN2534_c0_g2_i4:418-1170    -            251 28729at7898          -            555   6.9e-06   24.4  11.1   2   3   2.3e-07   2.5e-05   22.6   1.1    47   100    70   129    64   134 0.83 -
TRINITY_DN2534_c0_g2_i4:418-1170    -            251 28729at7898          -            555   6.9e-06   24.4  11.1   3   3     0.019         2    6.4   0.5    34    99   129   200   127   245 0.78 -
TRINITY_DN15575_c0_g1_i1:326-2140   -            605 28729at7898          -            555   7.3e-06   24.4   4.8   1   4     0.016       1.7    6.6   0.0    20    84    85   154    78   167 0.82 -
TRINITY_DN15575_c0_g1_i1:326-2140   -            605 28729at7898          -            555   7.3e-06   24.4   4.8   2   4     0.076         8    4.4   0.0    23    97   259   337   247   341 0.75 -
TRINITY_DN15575_c0_g1_i1:326-2140   -            605 28729at7898          -            555   7.3e-06   24.4   4.8   3   4     0.025       2.6    6.0   0.5    38   108   344   420   326   441 0.56 -
TRINITY_DN15575_c0_g1_i1:326-2140   -            605 28729at7898          -            555   7.3e-06   24.4   4.8   4   4     0.018       1.9    6.5   0.1    20    79   482   541   461   558 0.76 -
TRINITY_DN8002_c0_g2_i1:898-1473    -            192 28729at7898          -            555   9.8e-06   23.9  11.7   1   3   0.00014     0.014   13.5   0.6    36   100     3    71     1    72 0.80 -
TRINITY_DN8002_c0_g2_i1:898-1473    -            192 28729at7898          -            555   9.8e-06   23.9  11.7   2   3   0.00074     0.078   11.1   6.8    43   101    56   118    40   121 0.80 -
TRINITY_DN8002_c0_g2_i1:898-1473    -            192 28729at7898          -            555   9.8e-06   23.9  11.7   3   3    0.0017      0.18    9.9   1.5    45    99   104   162   100   168 0.84 -
TRINITY_DN26898_c0_g1_i2:62-1165    -            368 28729at7898          -            555   1.1e-05   23.8  25.7   1   6     0.073       7.7    4.5   0.8     8    82     9    87     4   102 0.73 -
TRINITY_DN26898_c0_g1_i2:62-1165    -            368 28729at7898          -            555   1.1e-05   23.8  25.7   2   6     0.047         5    5.1   1.3    57   100   102   148    60   166 0.62 -
TRINITY_DN26898_c0_g1_i2:62-1165    -            368 28729at7898          -            555   1.1e-05   23.8  25.7   3   6     0.002      0.21    9.6   1.1    22    81   135   196   131   198 0.77 -
TRINITY_DN26898_c0_g1_i2:62-1165    -            368 28729at7898          -            555   1.1e-05   23.8  25.7   4   6    0.0084      0.89    7.6   2.1    49    99   184   242   174   245 0.78 -
TRINITY_DN26898_c0_g1_i2:62-1165    -            368 28729at7898          -            555   1.1e-05   23.8  25.7   5   6     7e-06   0.00074   17.7   0.6     5    80   240   316   237   331 0.71 -
TRINITY_DN26898_c0_g1_i2:62-1165    -            368 28729at7898          -            555   1.1e-05   23.8  25.7   6   6      0.34        36    2.3   0.3    45    77   323   358   315   365 0.75 -
TRINITY_DN1957_c0_g1_i2:157-2451    -            765 28729at7898          -            555   1.2e-05   23.7  10.2   1   3      0.01       1.1    7.3   0.1    29   105    18   103     2   130 0.71 -
TRINITY_DN1957_c0_g1_i2:157-2451    -            765 28729at7898          -            555   1.2e-05   23.7  10.2   2   3    0.0018      0.19    9.8   0.5    19    83   353   420   338   422 0.81 -
TRINITY_DN1957_c0_g1_i2:157-2451    -            765 28729at7898          -            555   1.2e-05   23.7  10.2   3   3   0.00079     0.084   11.0   0.1    15   102   414   505   404   516 0.77 -
TRINITY_DN2534_c0_g2_i1:104-874     -            257 28729at7898          -            555   1.2e-05   23.6  11.7   1   3     0.038         4    5.4   0.3    34    99    75   121    41   131 0.48 -
TRINITY_DN2534_c0_g2_i1:104-874     -            257 28729at7898          -            555   1.2e-05   23.6  11.7   2   3   1.4e-07   1.5e-05   23.3   0.8    47   103   135   197   126   203 0.83 -
TRINITY_DN2534_c0_g2_i1:104-874     -            257 28729at7898          -            555   1.2e-05   23.6  11.7   3   3      0.31        32    2.4   0.6    36    81   196   245   194   255 0.80 -
TRINITY_DN2534_c0_g2_i3:78-932      -            285 28729at7898          -            555   1.4e-05   23.4  11.5   1   3     0.072       7.6    4.5   0.2    34    77   103   149    78   157 0.58 -
TRINITY_DN2534_c0_g2_i3:78-932      -            285 28729at7898          -            555   1.4e-05   23.4  11.5   2   3   4.7e-07     5e-05   21.6   2.6    46   102   162   224   141   230 0.82 -
TRINITY_DN2534_c0_g2_i3:78-932      -            285 28729at7898          -            555   1.4e-05   23.4  11.5   3   3      0.22        24    2.9   0.4    34    81   222   273   220   283 0.82 -
TRINITY_DN22773_c0_g1_i7:356-889    -            178 28729at7898          -            555   1.4e-05   23.4   7.7   1   3       0.9        95    0.9   0.1    48    91     7    34     2    46 0.45 -
TRINITY_DN22773_c0_g1_i7:356-889    -            178 28729at7898          -            555   1.4e-05   23.4   7.7   2   3   2.8e-06    0.0003   19.0   1.0    33   103    41   113    21   118 0.76 -
TRINITY_DN22773_c0_g1_i7:356-889    -            178 28729at7898          -            555   1.4e-05   23.4   7.7   3   3   8.9e-05    0.0095   14.1   1.5    44   114    96   170    88   178 0.80 -
TRINITY_DN13295_c0_g1_i1:4897-5499  -            201 28729at7898          -            555   1.5e-05   23.3   2.7   1   3   0.00094     0.099   10.7   0.2    48    89    20    65     3    69 0.80 -
TRINITY_DN13295_c0_g1_i1:4897-5499  -            201 28729at7898          -            555   1.5e-05   23.3   2.7   2   3      0.01       1.1    7.3   0.4    47   100    70   132    67   136 0.75 -
TRINITY_DN13295_c0_g1_i1:4897-5499  -            201 28729at7898          -            555   1.5e-05   23.3   2.7   3   3     0.015       1.6    6.7   0.0    22    99   122   201   119   201 0.68 -
TRINITY_DN47274_c0_g1_i1:71-511     -            147 28729at7898          -            555   1.5e-05   23.3   5.9   1   2   1.7e-05    0.0018   16.5   0.2    49   100     2    59     1    71 0.82 -
TRINITY_DN47274_c0_g1_i1:71-511     -            147 28729at7898          -            555   1.5e-05   23.3   5.9   2   2    0.0016      0.17   10.0   1.4    46    84    71   110    59   145 0.76 -
TRINITY_DN6816_c0_g1_i1:1-477       -            159 28729at7898          -            555   1.7e-05   23.2   0.3   1   4      0.13        14    3.7   0.0   333   358    12    37     7    48 0.86 -
TRINITY_DN6816_c0_g1_i1:1-477       -            159 28729at7898          -            555   1.7e-05   23.2   0.3   2   4     0.074       7.9    4.4   0.0   332   358    51    77    46    89 0.88 -
TRINITY_DN6816_c0_g1_i1:1-477       -            159 28729at7898          -            555   1.7e-05   23.2   0.3   3   4       1.2   1.3e+02    0.5   0.0   329   357    91   119    80   124 0.87 -
TRINITY_DN6816_c0_g1_i1:1-477       -            159 28729at7898          -            555   1.7e-05   23.2   0.3   4   4    0.0011      0.12   10.5   0.0   326   357   128   159   104   159 0.79 -
TRINITY_DN7600_c0_g2_i1:170-550     -            127 28729at7898          -            555   1.7e-05   23.1   7.6   1   2   6.3e-05    0.0067   14.6   1.2    31    79    22    74     2    79 0.73 -
TRINITY_DN7600_c0_g2_i1:170-550     -            127 28729at7898          -            555   1.7e-05   23.1   7.6   2   2   8.2e-05    0.0087   14.2   2.5    28    80    64   121    63   125 0.75 -
TRINITY_DN11960_c0_g1_i1:292-816    -            175 28729at7898          -            555   2.6e-05   22.6   2.1   1   2    0.0052      0.55    8.3   0.1    67   115    46    96    16   104 0.66 -
TRINITY_DN11960_c0_g1_i1:292-816    -            175 28729at7898          -            555   2.6e-05   22.6   2.1   2   2   4.5e-05    0.0048   15.1   1.1    27    81    94   154    83   174 0.76 -
TRINITY_DN14395_c0_g1_i2:194-3250   -           1019 28729at7898          -            555   2.8e-05   22.4  32.4   1   8         1   1.1e+02    0.7   0.1    57    96    49    88    37   102 0.77 -
TRINITY_DN14395_c0_g1_i2:194-3250   -           1019 28729at7898          -            555   2.8e-05   22.4  32.4   2   8   0.00043     0.045   11.8   2.4    17   101    80   168    64   179 0.83 -
TRINITY_DN14395_c0_g1_i2:194-3250   -           1019 28729at7898          -            555   2.8e-05   22.4  32.4   3   8    0.0023      0.24    9.4   0.2    43    99   184   243   174   248 0.89 -
TRINITY_DN14395_c0_g1_i2:194-3250   -           1019 28729at7898          -            555   2.8e-05   22.4  32.4   4   8       4.3   4.5e+02   -1.4   0.1    66   120   272   328   268   339 0.76 -
TRINITY_DN14395_c0_g1_i2:194-3250   -           1019 28729at7898          -            555   2.8e-05   22.4  32.4   5   8      0.79        83    1.1   0.1    23    77   493   550   485   557 0.60 -
TRINITY_DN14395_c0_g1_i2:194-3250   -           1019 28729at7898          -            555   2.8e-05   22.4  32.4   6   8    0.0047       0.5    8.4   4.0    60   104   563   608   504   647 0.71 -
TRINITY_DN14395_c0_g1_i2:194-3250   -           1019 28729at7898          -            555   2.8e-05   22.4  32.4   7   8       4.5   4.8e+02   -1.4   0.0    63   100   620   660   611   669 0.65 -
TRINITY_DN14395_c0_g1_i2:194-3250   -           1019 28729at7898          -            555   2.8e-05   22.4  32.4   8   8     0.022       2.3    6.2   2.1    42   101   668   733   636   745 0.64 -
TRINITY_DN1692_c0_g1_i1:874-2097    -            408 28729at7898          -            555   5.6e-05   21.4  18.5   1   5   0.00092     0.097   10.7   1.1    35    96    55   122    35   132 0.71 -
TRINITY_DN1692_c0_g1_i1:874-2097    -            408 28729at7898          -            555   5.6e-05   21.4  18.5   2   5    0.0021      0.23    9.5   0.2    46   100   114   174   109   191 0.83 -
TRINITY_DN1692_c0_g1_i1:874-2097    -            408 28729at7898          -            555   5.6e-05   21.4  18.5   3   5     0.019         2    6.4   0.1    41   106   157   228   137   253 0.72 -
TRINITY_DN1692_c0_g1_i1:874-2097    -            408 28729at7898          -            555   5.6e-05   21.4  18.5   4   5      0.38        41    2.1   0.6    22   101   236   319   222   325 0.64 -
TRINITY_DN1692_c0_g1_i1:874-2097    -            408 28729at7898          -            555   5.6e-05   21.4  18.5   5   5    0.0032      0.33    9.0   2.2    36    82   320   370   312   381 0.83 -
TRINITY_DN2232_c2_g1_i1:4-681       -            226 28729at7898          -            555   8.5e-05   20.8  13.6   1   3    0.0012      0.12   10.4   4.1    26    96    23   102     3   114 0.68 -
TRINITY_DN2232_c2_g1_i1:4-681       -            226 28729at7898          -            555   8.5e-05   20.8  13.6   2   3   0.00016     0.017   13.3   0.3    44    95   115   170   105   179 0.76 -
TRINITY_DN2232_c2_g1_i1:4-681       -            226 28729at7898          -            555   8.5e-05   20.8  13.6   3   3     0.055       5.9    4.9   0.2    46    99   163   220   158   224 0.71 -
TRINITY_DN7600_c0_g2_i3:170-604     -            145 28729at7898          -            555     9e-05   20.7   8.2   1   2   0.00021     0.022   12.9   1.5    30    79    39    92    12    96 0.71 -
TRINITY_DN7600_c0_g2_i3:170-604     -            145 28729at7898          -            555     9e-05   20.7   8.2   2   2   0.00054     0.057   11.5   2.1    43    80    99   139    84   143 0.79 -
TRINITY_DN7600_c0_g2_i4:170-604     -            145 28729at7898          -            555     9e-05   20.7   8.2   1   2   0.00021     0.022   12.9   1.5    30    79    39    92    12    96 0.71 -
TRINITY_DN7600_c0_g2_i4:170-604     -            145 28729at7898          -            555     9e-05   20.7   8.2   2   2   0.00054     0.057   11.5   2.1    43    80    99   139    84   143 0.79 -
TRINITY_DN22425_c0_g1_i1:184-696    -            171 28729at7898          -            555    0.0001   20.6   9.4   1   2    0.0003     0.031   12.4   1.5    36    82     8    56     1    70 0.82 -
TRINITY_DN22425_c0_g1_i1:184-696    -            171 28729at7898          -            555    0.0001   20.6   9.4   2   2   0.00038      0.04   12.0   1.3    26    99    86   164    71   167 0.77 -
TRINITY_DN22425_c0_g1_i2:184-696    -            171 28729at7898          -            555    0.0001   20.6   9.4   1   2    0.0003     0.031   12.4   1.5    36    82     8    56     1    70 0.82 -
TRINITY_DN22425_c0_g1_i2:184-696    -            171 28729at7898          -            555    0.0001   20.6   9.4   2   2   0.00038      0.04   12.0   1.3    26    99    86   164    71   167 0.77 -
TRINITY_DN2232_c2_g1_i3:4-681       -            226 28729at7898          -            555   0.00017   19.8  14.7   1   3    0.0023      0.24    9.4   5.1    26    96    23   102     3   113 0.68 -
TRINITY_DN2232_c2_g1_i3:4-681       -            226 28729at7898          -            555   0.00017   19.8  14.7   2   3   0.00014     0.015   13.4   0.3    44    96   115   171   106   182 0.76 -
TRINITY_DN2232_c2_g1_i3:4-681       -            226 28729at7898          -            555   0.00017   19.8  14.7   3   3     0.056       5.9    4.9   0.2    46    99   163   220   158   224 0.71 -
TRINITY_DN4197_c0_g1_i5:68-2581     -            838 28729at7898          -            555   0.00022   19.5  20.3   1   4       1.9     2e+02   -0.2   0.7    14    99   498   590   486   613 0.57 -
TRINITY_DN4197_c0_g1_i5:68-2581     -            838 28729at7898          -            555   0.00022   19.5  20.3   2   4    0.0004     0.042   11.9   2.2    38   104   618   690   602   694 0.83 -
TRINITY_DN4197_c0_g1_i5:68-2581     -            838 28729at7898          -            555   0.00022   19.5  20.3   3   4   1.5e-05    0.0016   16.6   0.3    44    99   695   754   692   759 0.82 -
TRINITY_DN4197_c0_g1_i5:68-2581     -            838 28729at7898          -            555   0.00022   19.5  20.3   4   4      0.51        54    1.7   0.4    23    75   769   818   757   832 0.65 -
TRINITY_DN4197_c0_g1_i6:617-3130    -            838 28729at7898          -            555   0.00022   19.5  20.3   1   4       1.9     2e+02   -0.2   0.7    14    99   498   590   486   613 0.57 -
TRINITY_DN4197_c0_g1_i6:617-3130    -            838 28729at7898          -            555   0.00022   19.5  20.3   2   4    0.0004     0.042   11.9   2.2    38   104   618   690   602   694 0.83 -
TRINITY_DN4197_c0_g1_i6:617-3130    -            838 28729at7898          -            555   0.00022   19.5  20.3   3   4   1.5e-05    0.0016   16.6   0.3    44    99   695   754   692   759 0.82 -
TRINITY_DN4197_c0_g1_i6:617-3130    -            838 28729at7898          -            555   0.00022   19.5  20.3   4   4      0.51        54    1.7   0.4    23    75   769   818   757   832 0.65 -
TRINITY_DN15234_c0_g1_i2:342-2306   -            655 28729at7898          -            555   0.00024   19.3  24.1   1   4       1.2   1.3e+02    0.4   1.7    39   101   334   378   294   406 0.47 -
TRINITY_DN15234_c0_g1_i2:342-2306   -            655 28729at7898          -            555   0.00024   19.3  24.1   2   4   8.8e-05    0.0093   14.1   2.2    26    96   417   496   402   505 0.77 -
TRINITY_DN15234_c0_g1_i2:342-2306   -            655 28729at7898          -            555   0.00024   19.3  24.1   3   4     8e-05    0.0084   14.2   0.2    43    81   508   549   502   565 0.81 -
TRINITY_DN15234_c0_g1_i2:342-2306   -            655 28729at7898          -            555   0.00024   19.3  24.1   4   4       0.1        11    4.0   0.8    42    81   599   638   569   646 0.75 -
TRINITY_DN15628_c0_g2_i5:148-1071   -            308 28729at7898          -            555   0.00027   19.2  13.5   1   4   0.00051     0.053   11.6   0.2    28    79    61   115    51   120 0.80 -
TRINITY_DN15628_c0_g2_i5:148-1071   -            308 28729at7898          -            555   0.00027   19.2  13.5   2   4     0.004      0.42    8.6   0.4    48    99   129   185   123   196 0.80 -
TRINITY_DN15628_c0_g2_i5:148-1071   -            308 28729at7898          -            555   0.00027   19.2  13.5   3   4      0.34        36    2.2   0.5    46    98   198   256   194   264 0.75 -
TRINITY_DN15628_c0_g2_i5:148-1071   -            308 28729at7898          -            555   0.00027   19.2  13.5   4   4     0.038       4.1    5.4   0.4    47    99   247   305   243   307 0.72 -
TRINITY_DN4197_c0_g1_i1:264-2771    -            836 28729at7898          -            555   0.00028   19.1  20.7   1   4         2   2.1e+02   -0.3   0.8    14    99   496   588   484   611 0.57 -
TRINITY_DN4197_c0_g1_i1:264-2771    -            836 28729at7898          -            555   0.00028   19.1  20.7   2   4   0.00047      0.05   11.7   2.3    38   104   616   688   602   692 0.83 -
TRINITY_DN4197_c0_g1_i1:264-2771    -            836 28729at7898          -            555   0.00028   19.1  20.7   3   4   1.5e-05    0.0016   16.6   0.3    44    99   693   752   690   757 0.82 -
TRINITY_DN4197_c0_g1_i1:264-2771    -            836 28729at7898          -            555   0.00028   19.1  20.7   4   4      0.54        57    1.6   0.4    23    74   767   815   756   829 0.65 -
TRINITY_DN4197_c0_g1_i7:264-2771    -            836 28729at7898          -            555   0.00028   19.1  20.7   1   4         2   2.1e+02   -0.3   0.8    14    99   496   588   484   611 0.57 -
TRINITY_DN4197_c0_g1_i7:264-2771    -            836 28729at7898          -            555   0.00028   19.1  20.7   2   4   0.00047      0.05   11.7   2.3    38   104   616   688   602   692 0.83 -
TRINITY_DN4197_c0_g1_i7:264-2771    -            836 28729at7898          -            555   0.00028   19.1  20.7   3   4   1.5e-05    0.0016   16.6   0.3    44    99   693   752   690   757 0.82 -
TRINITY_DN4197_c0_g1_i7:264-2771    -            836 28729at7898          -            555   0.00028   19.1  20.7   4   4      0.54        57    1.6   0.4    23    74   767   815   756   829 0.65 -
TRINITY_DN5279_c0_g1_i2:5-1117      -            371 28729at7898          -            555   0.00034   18.9   8.9   1   2    0.0018      0.19    9.8   3.0    41    94    79   136    46   156 0.65 -
TRINITY_DN5279_c0_g1_i2:5-1117      -            371 28729at7898          -            555   0.00034   18.9   8.9   2   2   0.00021     0.022   12.9   0.8    28    99   133   210   128   215 0.74 -
TRINITY_DN40428_c0_g1_i1:66-596     -            177 28729at7898          -            555   0.00039   18.7  10.1   1   2   0.00049     0.051   11.7   2.6    36    99    35   102    14   107 0.68 -
TRINITY_DN40428_c0_g1_i1:66-596     -            177 28729at7898          -            555   0.00039   18.7  10.1   2   2   0.00019      0.02   13.0   1.9    18    99    89   171    84   176 0.75 -
TRINITY_DN32389_c0_g2_i1:106-819    -            238 28729at7898          -            555   0.00041   18.6   2.9   1   2     0.034       3.6    5.6   0.1    49   100    79   136    74   143 0.78 -
TRINITY_DN32389_c0_g2_i1:106-819    -            238 28729at7898          -            555   0.00041   18.6   2.9   2   2   0.00014     0.015   13.4   0.3    45    88   153   201   141   214 0.76 -
TRINITY_DN4668_c1_g1_i5:171-902     -            244 28729at7898          -            555   0.00045   18.5   0.0   1   2   3.6e-05    0.0038   15.4   0.0   306   407    21   119     1   126 0.59 -
TRINITY_DN4668_c1_g1_i5:171-902     -            244 28729at7898          -            555   0.00045   18.5   0.0   2   2      0.96     1e+02    0.8   0.0   325   358   206   241   199   243 0.84 -
TRINITY_DN15234_c0_g1_i1:377-2332   -            652 28729at7898          -            555   0.00047   18.4  24.6   1   4       1.2   1.3e+02    0.5   1.6    39   101   334   378   294   403 0.46 -
TRINITY_DN15234_c0_g1_i1:377-2332   -            652 28729at7898          -            555   0.00047   18.4  24.6   2   4    0.0001     0.011   13.9   2.2    26    96   417   496   412   505 0.75 -
TRINITY_DN15234_c0_g1_i1:377-2332   -            652 28729at7898          -            555   0.00047   18.4  24.6   3   4   7.3e-05    0.0077   14.4   0.3    43    81   508   549   501   572 0.81 -
TRINITY_DN15234_c0_g1_i1:377-2332   -            652 28729at7898          -            555   0.00047   18.4  24.6   4   4      0.16        17    3.4   1.0    42    81   599   638   569   644 0.75 -
TRINITY_DN2884_c0_g1_i3:74-1402     -            443 28729at7898          -            555   0.00049   18.3   4.1   1   3      0.35        37    2.2   3.9    21    96    91   170    75   173 0.71 -
TRINITY_DN2884_c0_g1_i3:74-1402     -            443 28729at7898          -            555   0.00049   18.3   4.1   2   3     0.011       1.1    7.2   7.7    18   102   160   248   154   268 0.76 -
TRINITY_DN2884_c0_g1_i3:74-1402     -            443 28729at7898          -            555   0.00049   18.3   4.1   3   3   4.6e-06   0.00049   18.3   4.1    24   104   262   346   246   369 0.77 -
TRINITY_DN2884_c0_g1_i5:74-1402     -            443 28729at7898          -            555   0.00049   18.3   4.1   1   3      0.35        37    2.2   3.9    21    96    91   170    75   173 0.71 -
TRINITY_DN2884_c0_g1_i5:74-1402     -            443 28729at7898          -            555   0.00049   18.3   4.1   2   3     0.011       1.1    7.2   7.7    18   102   160   248   154   268 0.76 -
TRINITY_DN2884_c0_g1_i5:74-1402     -            443 28729at7898          -            555   0.00049   18.3   4.1   3   3   4.6e-06   0.00049   18.3   4.1    24   104   262   346   246   369 0.77 -
TRINITY_DN27838_c1_g3_i1:261-842    -            194 28729at7898          -            555   0.00062   18.0   7.3   1   3    0.0096         1    7.4   1.5    45   105    17    81     1   103 0.64 -
TRINITY_DN27838_c1_g3_i1:261-842    -            194 28729at7898          -            555   0.00062   18.0   7.3   2   3     0.083       8.8    4.3   2.6    43    83    61   103    44   124 0.72 -
TRINITY_DN27838_c1_g3_i1:261-842    -            194 28729at7898          -            555   0.00062   18.0   7.3   3   3    0.0002     0.021   13.0   0.4    27    99   111   188   102   191 0.80 -
TRINITY_DN5279_c0_g1_i4:5-1150      -            382 28729at7898          -            555   0.00068   17.9  10.1   1   2    0.0032      0.34    8.9   4.0    28    83    75   135    55   167 0.65 -
TRINITY_DN5279_c0_g1_i4:5-1150      -            382 28729at7898          -            555   0.00068   17.9  10.1   2   2   0.00024     0.026   12.7   1.0    28    99   144   221   138   224 0.75 -
TRINITY_DN35607_c0_g1_i1:14-415     -            134 28729at7898          -            555   0.00098   17.3   0.4   1   1     1e-05    0.0011   17.2   0.4    27   128    14   122     1   131 0.73 -
TRINITY_DN20994_c0_g7_i1:38-892     -            285 28729at7898          -            555     0.001   17.2   8.3   1   3    0.0015      0.16   10.0   0.5    52    97    86   135    61   138 0.71 -
TRINITY_DN20994_c0_g7_i1:38-892     -            285 28729at7898          -            555     0.001   17.2   8.3   2   3    0.0014      0.15   10.2   1.1    38    95   119   178   104   186 0.67 -
TRINITY_DN20994_c0_g7_i1:38-892     -            285 28729at7898          -            555     0.001   17.2   8.3   3   3      0.02       2.2    6.3   1.0    42    99   190   250   166   253 0.71 -
TRINITY_DN24696_c0_g3_i2:23-415     -            131 28729at7898          -            555    0.0012   17.1   5.9   1   2   2.1e-05    0.0023   16.1   4.7    26    99    30   108    17   113 0.82 -
TRINITY_DN24696_c0_g3_i2:23-415     -            131 28729at7898          -            555    0.0012   17.1   5.9   2   2     0.084       8.9    4.3   1.4    41    72    92   123    76   130 0.62 -
TRINITY_DN5279_c0_g1_i3:519-2210    -            564 28729at7898          -            555    0.0013   16.9   9.8   1   2    0.0045      0.48    8.5   3.8    28    98    75   151    56   170 0.65 -
TRINITY_DN5279_c0_g1_i3:519-2210    -            564 28729at7898          -            555    0.0013   16.9   9.8   2   2   0.00036     0.039   12.1   0.7    28    99   144   221   137   224 0.75 -
TRINITY_DN4079_c0_g1_i3:361-1290    -            310 28729at7898          -            555    0.0014   16.9   0.0   1   2       2.1   2.2e+02   -0.3   0.0   335   357     9    31     3    38 0.81 -
TRINITY_DN4079_c0_g1_i3:361-1290    -            310 28729at7898          -            555    0.0014   16.9   0.0   2   2   0.00017     0.018   13.2   0.0   293   357   242   306   217   309 0.88 -
TRINITY_DN4079_c0_g1_i4:361-1290    -            310 28729at7898          -            555    0.0014   16.9   0.0   1   2       2.1   2.2e+02   -0.3   0.0   335   357     9    31     3    38 0.81 -
TRINITY_DN4079_c0_g1_i4:361-1290    -            310 28729at7898          -            555    0.0014   16.9   0.0   2   2   0.00017     0.018   13.2   0.0   293   357   242   306   217   309 0.88 -
TRINITY_DN4079_c0_g1_i5:394-1323    -            310 28729at7898          -            555    0.0014   16.9   0.0   1   2       2.1   2.2e+02   -0.3   0.0   335   357     9    31     3    38 0.81 -
TRINITY_DN4079_c0_g1_i5:394-1323    -            310 28729at7898          -            555    0.0014   16.9   0.0   2   2   0.00017     0.018   13.2   0.0   293   357   242   306   217   309 0.88 -
TRINITY_DN4003_c0_g1_i1:56-1147     -            364 28729at7898          -            555    0.0015   16.7   6.7   1   3      0.84        89    1.0   0.1    51   100    67   119    59   129 0.74 -
TRINITY_DN4003_c0_g1_i1:56-1147     -            364 28729at7898          -            555    0.0015   16.7   6.7   2   3    0.0014      0.15   10.1   0.5    44    83   129   169    95   189 0.73 -
TRINITY_DN4003_c0_g1_i1:56-1147     -            364 28729at7898          -            555    0.0015   16.7   6.7   3   3    0.0055      0.58    8.2   0.4    48   104   225   287   201   307 0.75 -
TRINITY_DN22384_c0_g2_i1:5-475      -            157 28729at7898          -            555    0.0016   16.7   0.0   1   2     0.064       6.8    4.7   0.0   336   362    20    47     7    66 0.74 -
TRINITY_DN22384_c0_g2_i1:5-475      -            157 28729at7898          -            555    0.0016   16.7   0.0   2   2    0.0011      0.12   10.4   0.0   340   386    68   114    61   139 0.84 -
TRINITY_DN4898_c0_g2_i1:1-1146      -            382 28729at7898          -            555    0.0016   16.6   5.0   1   1   2.2e-05    0.0024   16.1   5.0    35   121   263   354   241   373 0.72 -
TRINITY_DN4898_c0_g2_i2:1-1146      -            382 28729at7898          -            555    0.0016   16.6   5.0   1   1   2.2e-05    0.0024   16.1   5.0    35   121   263   354   241   373 0.72 -
TRINITY_DN13944_c0_g1_i2:12-833     -            274 28729at7898          -            555    0.0018   16.4   0.3   1   3     0.099        10    4.0   0.0   309   358   130   179   105   193 0.84 -
TRINITY_DN13944_c0_g1_i2:12-833     -            274 28729at7898          -            555    0.0018   16.4   0.3   2   3      0.57        60    1.5   0.0   334   358   195   219   185   225 0.87 -
TRINITY_DN13944_c0_g1_i2:12-833     -            274 28729at7898          -            555    0.0018   16.4   0.3   3   3     0.012       1.3    7.1   0.0   330   357   234   261   226   266 0.91 -
TRINITY_DN11092_c2_g1_i1:92-1669    -            526 28729at7898          -            555    0.0019   16.4  26.1   1   4      0.71        75    1.2   0.1    68   101    77   112    40   118 0.60 -
TRINITY_DN11092_c2_g1_i1:92-1669    -            526 28729at7898          -            555    0.0019   16.4  26.1   2   4    0.0028      0.29    9.2   5.9    25   101   124   208   120   227 0.78 -
TRINITY_DN11092_c2_g1_i1:92-1669    -            526 28729at7898          -            555    0.0019   16.4  26.1   3   4     0.083       8.8    4.3   0.2    25    82   224   281   213   299 0.66 -
TRINITY_DN11092_c2_g1_i1:92-1669    -            526 28729at7898          -            555    0.0019   16.4  26.1   4   4   0.00055     0.058   11.5   2.6    43    99   286   348   277   351 0.80 -
TRINITY_DN4668_c1_g1_i1:248-946     -            233 28729at7898          -            555    0.0021   16.2   0.0   1   1   2.5e-05    0.0026   15.9   0.0   284   359   118   194   112   224 0.86 -
TRINITY_DN4668_c1_g1_i6:248-946     -            233 28729at7898          -            555    0.0021   16.2   0.0   1   1   2.5e-05    0.0026   15.9   0.0   284   359   118   194   112   224 0.86 -
TRINITY_DN1870_c0_g1_i1:988-1542    -            185 28729at7898          -            555    0.0022   16.2   2.0   1   2   7.8e-05    0.0082   14.3   0.7    41    81    61   101    25   123 0.67 -
TRINITY_DN1870_c0_g1_i1:988-1542    -            185 28729at7898          -            555    0.0022   16.2   2.0   2   2     0.097        10    4.1   0.1    31    82    97   148    88   175 0.75 -
TRINITY_DN25636_c1_g2_i1:647-1438   -            264 28729at7898          -            555    0.0027   15.9   0.8   1   1   2.5e-05    0.0027   15.9   0.8    19   121    63   175    56   189 0.76 -
TRINITY_DN4540_c0_g2_i4:289-1116    -            276 28729at7898          -            555    0.0038   15.4   0.2   1   3       1.2   1.2e+02    0.5   0.0   343   367     8    33     2    73 0.65 -
TRINITY_DN4540_c0_g2_i4:289-1116    -            276 28729at7898          -            555    0.0038   15.4   0.2   2   3    0.0015      0.16   10.0   0.0   297   358    88   150    51   161 0.76 -
TRINITY_DN4540_c0_g2_i4:289-1116    -            276 28729at7898          -            555    0.0038   15.4   0.2   3   3      0.69        73    1.2   0.0   337   359   171   193   162   246 0.74 -
TRINITY_DN12868_c0_g1_i10:1859-2653 -            265 28729at7898          -            555    0.0049   15.0   0.0   1   2      0.17        18    3.3   0.0   333   366    75   110    47   124 0.80 -
TRINITY_DN12868_c0_g1_i10:1859-2653 -            265 28729at7898          -            555    0.0049   15.0   0.0   2   2    0.0023      0.25    9.4   0.0   303   358   129   186   123   190 0.83 -
TRINITY_DN12868_c0_g1_i1:1812-2606  -            265 28729at7898          -            555    0.0049   15.0   0.0   1   2      0.17        18    3.3   0.0   333   366    75   110    47   124 0.80 -
TRINITY_DN12868_c0_g1_i1:1812-2606  -            265 28729at7898          -            555    0.0049   15.0   0.0   2   2    0.0023      0.25    9.4   0.0   303   358   129   186   123   190 0.83 -
TRINITY_DN12868_c0_g1_i8:1846-2640  -            265 28729at7898          -            555    0.0049   15.0   0.0   1   2      0.17        18    3.3   0.0   333   366    75   110    47   124 0.80 -
TRINITY_DN12868_c0_g1_i8:1846-2640  -            265 28729at7898          -            555    0.0049   15.0   0.0   2   2    0.0023      0.25    9.4   0.0   303   358   129   186   123   190 0.83 -
TRINITY_DN45477_c0_g2_i1:20-418     -            133 28729at7898          -            555    0.0068   14.5   4.3   1   2   0.00066     0.069   11.2   1.5    44    99    47   106    14   107 0.80 -
TRINITY_DN45477_c0_g2_i1:20-418     -            133 28729at7898          -            555    0.0068   14.5   4.3   2   2    0.0086      0.91    7.5   0.2    45    79    94   131    86   133 0.83 -
TRINITY_DN37520_c0_g1_i1:3-740      -            246 28729at7898          -            555     0.015   13.4   1.8   1   3    0.0041      0.44    8.6   0.0    32    99    65   138    42   145 0.76 -
TRINITY_DN37520_c0_g1_i1:3-740      -            246 28729at7898          -            555     0.015   13.4   1.8   2   3      0.29        31    2.5   0.3    25    64   132   169   122   211 0.65 -
TRINITY_DN37520_c0_g1_i1:3-740      -            246 28729at7898          -            555     0.015   13.4   1.8   3   3      0.29        30    2.5   0.1    43    87   197   243   174   246 0.69 -
TRINITY_DN2928_c0_g1_i10:132-1166   -            345 28729at7898          -            555     0.018   13.2   7.0   1   3      0.23        24    2.9   0.3    24    99   101   179    89   185 0.74 -
TRINITY_DN2928_c0_g1_i10:132-1166   -            345 28729at7898          -            555     0.018   13.2   7.0   2   3     0.009      0.96    7.5   0.2    27    97   170   247   164   255 0.72 -
TRINITY_DN2928_c0_g1_i10:132-1166   -            345 28729at7898          -            555     0.018   13.2   7.0   3   3    0.0055      0.58    8.2   0.9    28    86   246   308   235   331 0.62 -
TRINITY_DN2928_c0_g1_i11:132-1166   -            345 28729at7898          -            555     0.018   13.2   7.0   1   3      0.23        24    2.9   0.3    24    99   101   179    89   185 0.74 -
TRINITY_DN2928_c0_g1_i11:132-1166   -            345 28729at7898          -            555     0.018   13.2   7.0   2   3     0.009      0.96    7.5   0.2    27    97   170   247   164   255 0.72 -
TRINITY_DN2928_c0_g1_i11:132-1166   -            345 28729at7898          -            555     0.018   13.2   7.0   3   3    0.0055      0.58    8.2   0.9    28    86   246   308   235   331 0.62 -
TRINITY_DN2928_c0_g1_i3:132-1166    -            345 28729at7898          -            555     0.018   13.2   7.0   1   3      0.23        24    2.9   0.3    24    99   101   179    89   185 0.74 -
TRINITY_DN2928_c0_g1_i3:132-1166    -            345 28729at7898          -            555     0.018   13.2   7.0   2   3     0.009      0.96    7.5   0.2    27    97   170   247   164   255 0.72 -
TRINITY_DN2928_c0_g1_i3:132-1166    -            345 28729at7898          -            555     0.018   13.2   7.0   3   3    0.0055      0.58    8.2   0.9    28    86   246   308   235   331 0.62 -
TRINITY_DN2928_c0_g1_i8:132-1166    -            345 28729at7898          -            555     0.018   13.2   7.0   1   3      0.23        24    2.9   0.3    24    99   101   179    89   185 0.74 -
TRINITY_DN2928_c0_g1_i8:132-1166    -            345 28729at7898          -            555     0.018   13.2   7.0   2   3     0.009      0.96    7.5   0.2    27    97   170   247   164   255 0.72 -
TRINITY_DN2928_c0_g1_i8:132-1166    -            345 28729at7898          -            555     0.018   13.2   7.0   3   3    0.0055      0.58    8.2   0.9    28    86   246   308   235   331 0.62 -
TRINITY_DN67851_c0_g1_i1:5-493      -            163 28729at7898          -            555     0.021   12.9   1.5   1   2    0.0018      0.19    9.8   0.1    70   100    35    65    29    69 0.94 -
TRINITY_DN67851_c0_g1_i1:5-493      -            163 28729at7898          -            555     0.021   12.9   1.5   2   2       0.2        21    3.0   0.5    58    85    69    94    64   157 0.79 -
TRINITY_DN25358_c0_g1_i21:332-1351  -            340 28729at7898          -            555     0.032   12.3   0.1   1   1   0.00073     0.078   11.1   0.1    37   102   245   318   193   333 0.75 -
TRINITY_DN37520_c0_g1_i2:33-593     -            187 28729at7898          -            555     0.037   12.1   0.3   1   2    0.0024      0.25    9.4   0.1    32    99    55   128    32   133 0.76 -
TRINITY_DN37520_c0_g1_i2:33-593     -            187 28729at7898          -            555     0.037   12.1   0.3   2   2      0.32        34    2.3   0.1    24    63   121   158   112   165 0.66 -
TRINITY_DN7137_c0_g1_i1:64-2265     -            734 28729at7898          -            555     0.045   11.8  29.0   1   5     0.096        10    4.1   1.1    21    95    33   107    25   117 0.68 -
TRINITY_DN7137_c0_g1_i1:64-2265     -            734 28729at7898          -            555     0.045   11.8  29.0   2   5      0.11        12    3.8   0.6    45    82   102   142    90   145 0.80 -
TRINITY_DN7137_c0_g1_i1:64-2265     -            734 28729at7898          -            555     0.045   11.8  29.0   3   5     0.053       5.6    4.9   7.1    23    95   129   204   114   214 0.63 -
TRINITY_DN7137_c0_g1_i1:64-2265     -            734 28729at7898          -            555     0.045   11.8  29.0   4   5   0.00012     0.013   13.6   2.3    28    98   225   301   206   305 0.73 -
TRINITY_DN7137_c0_g1_i1:64-2265     -            734 28729at7898          -            555     0.045   11.8  29.0   5   5         1   1.1e+02    0.7   0.2    41    77   334   373   309   376 0.72 -
TRINITY_DN563_c0_g1_i14:394-2288    -            249 28729at7898          -            555      0.08   11.0   3.5   1   2      0.03       3.2    5.7   0.1    58   105    33    80    20    84 0.81 -
TRINITY_DN563_c0_g1_i14:394-2288    -            249 28729at7898          -            555      0.08   11.0   3.5   2   2     0.002      0.21    9.6   3.0    19   122    40   147    37   162 0.78 -
TRINITY_DN563_c0_g1_i6:394-1140     -            249 28729at7898          -            555      0.08   11.0   3.5   1   2      0.03       3.2    5.7   0.1    58   105    33    80    20    84 0.81 -
TRINITY_DN563_c0_g1_i6:394-1140     -            249 28729at7898          -            555      0.08   11.0   3.5   2   2     0.002      0.21    9.6   3.0    19   122    40   147    37   162 0.78 -
TRINITY_DN563_c0_g1_i10:415-1904    -            251 28729at7898          -            555     0.083   11.0   3.5   1   2     0.029         3    5.8   0.1    58   105    33    80    20    85 0.81 -
TRINITY_DN563_c0_g1_i10:415-1904    -            251 28729at7898          -            555     0.083   11.0   3.5   2   2    0.0021      0.22    9.5   3.0    19   122    40   147    37   162 0.78 -
TRINITY_DN563_c0_g1_i11:415-1904    -            251 28729at7898          -            555     0.083   11.0   3.5   1   2     0.029         3    5.8   0.1    58   105    33    80    20    85 0.81 -
TRINITY_DN563_c0_g1_i11:415-1904    -            251 28729at7898          -            555     0.083   11.0   3.5   2   2    0.0021      0.22    9.5   3.0    19   122    40   147    37   162 0.78 -
TRINITY_DN563_c0_g1_i12:415-1167    -            251 28729at7898          -            555     0.083   11.0   3.5   1   2     0.029         3    5.8   0.1    58   105    33    80    20    85 0.81 -
TRINITY_DN563_c0_g1_i12:415-1167    -            251 28729at7898          -            555     0.083   11.0   3.5   2   2    0.0021      0.22    9.5   3.0    19   122    40   147    37   162 0.78 -
TRINITY_DN563_c0_g1_i3:394-1146     -            251 28729at7898          -            555     0.083   11.0   3.5   1   2     0.029         3    5.8   0.1    58   105    33    80    20    85 0.81 -
TRINITY_DN563_c0_g1_i3:394-1146     -            251 28729at7898          -            555     0.083   11.0   3.5   2   2    0.0021      0.22    9.5   3.0    19   122    40   147    37   162 0.78 -
TRINITY_DN563_c0_g1_i4:394-2294     -            251 28729at7898          -            555     0.083   11.0   3.5   1   2     0.029         3    5.8   0.1    58   105    33    80    20    85 0.81 -
TRINITY_DN563_c0_g1_i4:394-2294     -            251 28729at7898          -            555     0.083   11.0   3.5   2   2    0.0021      0.22    9.5   3.0    19   122    40   147    37   162 0.78 -
TRINITY_DN4717_c0_g1_i8:627-1439    -            271 28729at7898          -            555     0.098   10.7   8.3   1   3    0.0031      0.33    9.0   0.4    38    79    54    98    27   104 0.72 -
TRINITY_DN4717_c0_g1_i8:627-1439    -            271 28729at7898          -            555     0.098   10.7   8.3   2   3       1.2   1.3e+02    0.4   0.1    51    99   116   168    90   188 0.67 -
TRINITY_DN4717_c0_g1_i8:627-1439    -            271 28729at7898          -            555     0.098   10.7   8.3   3   3     0.047       4.9    5.1   0.5    20    77   206   266   195   268 0.76 -
TRINITY_DN7542_c0_g1_i1:504-1748    -            415 28729at7898          -            555       0.1   10.7   1.1   1   4       1.2   1.2e+02    0.5   0.0   340   358   104   122    79   131 0.79 -
TRINITY_DN7542_c0_g1_i1:504-1748    -            415 28729at7898          -            555       0.1   10.7   1.1   2   4       0.2        21    3.0   0.0   322   358   169   207   123   213 0.83 -
TRINITY_DN7542_c0_g1_i1:504-1748    -            415 28729at7898          -            555       0.1   10.7   1.1   3   4      0.32        34    2.3   0.0   340   357   231   248   214   254 0.81 -
TRINITY_DN7542_c0_g1_i1:504-1748    -            415 28729at7898          -            555       0.1   10.7   1.1   4   4       4.5   4.8e+02   -1.4   0.0   339   357   356   374   328   414 0.57 -
TRINITY_DN1692_c0_g1_i1:1795-2430   -            212 28729at7898          -            555      0.11   10.6   4.7   1   2     0.015       1.6    6.7   0.5    18    82    55   121    44   142 0.77 -
TRINITY_DN1692_c0_g1_i1:1795-2430   -            212 28729at7898          -            555      0.11   10.6   4.7   2   2     0.025       2.7    6.0   0.3    35    77   166   212   146   212 0.71 -
TRINITY_DN2171_c1_g1_i4:170-892     -            241 28729at7898          -            555      0.14   10.2   0.4   1   1    0.0015      0.16   10.0   0.4     3    99     2    97     1   141 0.54 -
TRINITY_DN4717_c0_g1_i7:627-1445    -            273 28729at7898          -            555      0.18    9.9  10.9   1   3    0.0035      0.37    8.8   0.4    38    79    56   100    40   105 0.69 -
TRINITY_DN4717_c0_g1_i7:627-1445    -            273 28729at7898          -            555      0.18    9.9  10.9   2   3      0.36        38    2.2   0.1    48   101   115   172    90   189 0.70 -
TRINITY_DN4717_c0_g1_i7:627-1445    -            273 28729at7898          -            555      0.18    9.9  10.9   3   3     0.072       7.6    4.5   1.3    20    77   208   268   194   270 0.75 -
TRINITY_DN25358_c0_g2_i20:1862-2992 -            377 28729at7898          -            555      0.18    9.8   3.0   1   1   0.00075     0.079   11.0   0.1    37   103   245   319   198   344 0.76 -
TRINITY_DN4717_c0_g1_i10:627-1439   -            271 28729at7898          -            555      0.21    9.6  11.1   1   3    0.0036      0.38    8.8   0.5    38    79    54    98    37   105 0.70 -
TRINITY_DN4717_c0_g1_i10:627-1439   -            271 28729at7898          -            555      0.21    9.6  11.1   2   3      0.35        37    2.2   0.1    48   101   113   170    88   188 0.70 -
TRINITY_DN4717_c0_g1_i10:627-1439   -            271 28729at7898          -            555      0.21    9.6  11.1   3   3     0.072       7.7    4.5   1.2    20    77   206   266   195   268 0.75 -
TRINITY_DN4717_c0_g1_i3:613-1425    -            271 28729at7898          -            555      0.21    9.6  11.1   1   3    0.0036      0.38    8.8   0.5    38    79    54    98    37   105 0.70 -
TRINITY_DN4717_c0_g1_i3:613-1425    -            271 28729at7898          -            555      0.21    9.6  11.1   2   3      0.35        37    2.2   0.1    48   101   113   170    88   188 0.70 -
TRINITY_DN4717_c0_g1_i3:613-1425    -            271 28729at7898          -            555      0.21    9.6  11.1   3   3     0.072       7.7    4.5   1.2    20    77   206   266   195   268 0.75 -
TRINITY_DN4717_c0_g1_i9:627-1439    -            271 28729at7898          -            555      0.21    9.6  11.1   1   3    0.0036      0.38    8.8   0.5    38    79    54    98    37   105 0.70 -
TRINITY_DN4717_c0_g1_i9:627-1439    -            271 28729at7898          -            555      0.21    9.6  11.1   2   3      0.35        37    2.2   0.1    48   101   113   170    88   188 0.70 -
TRINITY_DN4717_c0_g1_i9:627-1439    -            271 28729at7898          -            555      0.21    9.6  11.1   3   3     0.072       7.7    4.5   1.2    20    77   206   266   195   268 0.75 -
TRINITY_DN4717_c0_g1_i5:627-1517    -            297 28729at7898          -            555      0.29    9.2  11.1   1   3     0.004      0.42    8.6   0.4    38    79    80   124    64   132 0.70 -
TRINITY_DN4717_c0_g1_i5:627-1517    -            297 28729at7898          -            555      0.29    9.2  11.1   2   3      0.45        48    1.9   0.1    48   101   139   196   114   204 0.68 -
TRINITY_DN4717_c0_g1_i5:627-1517    -            297 28729at7898          -            555      0.29    9.2  11.1   3   3     0.079       8.4    4.3   1.0    20    77   232   292   223   294 0.75 -
TRINITY_DN18518_c0_g1_i1:523-3123   -            867 28729at7898          -            555      0.52    8.3  29.3   1   5       3.6   3.8e+02   -1.1   0.1    52    99    18    71    13    80 0.56 -
TRINITY_DN18518_c0_g1_i1:523-3123   -            867 28729at7898          -            555      0.52    8.3  29.3   2   5     0.011       1.2    7.2   4.1    34   111    72   155    43   175 0.67 -
TRINITY_DN18518_c0_g1_i1:523-3123   -            867 28729at7898          -            555      0.52    8.3  29.3   3   5     0.019         2    6.4   0.6    22    99   212   295   200   308 0.76 -
TRINITY_DN18518_c0_g1_i1:523-3123   -            867 28729at7898          -            555      0.52    8.3  29.3   4   5     0.085       8.9    4.3   1.8    55    99   456   503   415   510 0.74 -
TRINITY_DN18518_c0_g1_i1:523-3123   -            867 28729at7898          -            555      0.52    8.3  29.3   5   5     0.046       4.9    5.1   1.4    36    99   538   608   521   617 0.74 -
TRINITY_DN14453_c0_g2_i2:427-1842   -            359 28729at7898          -            555       1.4    6.9   4.4   1   3      0.12        13    3.7   1.1    17    95     7    91     3    98 0.69 -
TRINITY_DN14453_c0_g2_i2:427-1842   -            359 28729at7898          -            555       1.4    6.9   4.4   2   3     0.012       1.2    7.1   1.1    48    97    63   117    30   125 0.79 -
TRINITY_DN14453_c0_g2_i2:427-1842   -            359 28729at7898          -            555       1.4    6.9   4.4   3   3       2.9   3.1e+02   -0.8   0.2    65    94   137   166   111   177 0.77 -
TRINITY_DN14453_c0_g2_i3:427-1503   -            359 28729at7898          -            555       1.8    6.5   4.7   1   3      0.14        15    3.5   1.2    17    95     7    91     3    97 0.69 -
TRINITY_DN14453_c0_g2_i3:427-1503   -            359 28729at7898          -            555       1.8    6.5   4.7   2   3     0.019         2    6.4   1.8    48    98    63   118    39   131 0.81 -
TRINITY_DN14453_c0_g2_i3:427-1503   -            359 28729at7898          -            555       1.8    6.5   4.7   3   3      0.33        35    2.3   1.2    22    92    86   164    81   178 0.45 -
#
# Program:         hmmsearch
# Version:         3.1b2 (February 2015)
# Pipeline mode:   SEARCH
# Query file:      /home/ericjuo/Projects/salmo_trutta_rna_seq/busco_downloads/lineages/actinopterygii_odb10/hmms/28729at7898.hmm
# Target file:     /home/ericjuo/Projects/salmo_trutta_rna_seq/data/02_intermediate/busco/run_actinopterygii_odb10/metaeuk_output/initial_results/trinity.Trinity.fasta.modified.fas
# Option settings: hmmsearch --domtblout /home/ericjuo/Projects/salmo_trutta_rna_seq/data/02_intermediate/busco/run_actinopterygii_odb10/hmmer_output/initial_run_results/28729at7898.out --cpu 1 /home/ericjuo/Projects/salmo_trutta_rna_seq/busco_downloads/lineages/actinopterygii_odb10/hmms/28729at7898.hmm /home/ericjuo/Projects/salmo_trutta_rna_seq/data/02_intermediate/busco/run_actinopterygii_odb10/metaeuk_output/initial_results/trinity.Trinity.fasta.modified.fas 
# Current dir:     /home/ericjuo/Projects/salmo_trutta_rna_seq
# Date:            Fri Apr 29 12:53:30 2022
# [ok]
