#                                                                                       --- full sequence --- -------------- this domain -------------   hmm coord   ali coord   env coord
# target name                   accession   tlen query name           accession   qlen   E-value  score  bias   #  of  c-Evalue  i-Evalue  score  bias  from    to  from    to  from    to  acc description of target
#           ------------------- ---------- ----- -------------------- ---------- ----- --------- ------ ----- --- --- --------- --------- ------ ----- ----- ----- ----- ----- ----- ----- ---- ---------------------
TRINITY_DN949_c0_g1_i5:83-1198  -            372 30247at7898          -            591      0.24    9.0   2.2   1   1   0.00022      0.34    8.5   2.2    28   113   114   198    97   217 0.67 -
TRINITY_DN4388_c0_g1_i1:68-466  -            133 30247at7898          -            591      0.78    7.3   6.2   1   1   0.00058       0.9    7.1   6.2    13    73    30    90    21   108 0.79 -
TRINITY_DN4388_c0_g1_i2:29-442  -            138 30247at7898          -            591       1.2    6.6   6.8   1   1   0.00097       1.5    6.4   6.8    13    72    43   102    35   120 0.79 -
TRINITY_DN8005_c0_g1_i2:7-879   -            291 30247at7898          -            591       1.9    6.0  13.2   1   1    0.0016       2.5    5.6  13.2     7    60    13    62     7   103 0.55 -
TRINITY_DN8005_c0_g1_i5:7-879   -            291 30247at7898          -            591       1.9    6.0  13.2   1   1    0.0016       2.5    5.6  13.2     7    60    13    62     7   103 0.55 -
TRINITY_DN8005_c0_g4_i1:1-804   -            268 30247at7898          -            591       2.3    5.7   6.9   1   1    0.0019         3    5.4   6.9    24    56     3    36     1    70 0.62 -
TRINITY_DN8005_c0_g1_i1:28-927  -            300 30247at7898          -            591       2.6    5.6  12.4   1   1    0.0022       3.3    5.2  12.4     7    53     6    52     1    91 0.65 -
TRINITY_DN949_c0_g1_i4:89-1204  -            372 30247at7898          -            591       2.9    5.4   5.4   1   1    0.0026       4.1    4.9   5.4    28   111   114   196    97   203 0.62 -
TRINITY_DN3972_c0_g1_i4:96-695  -            200 30247at7898          -            591         9    3.8  11.9   1   1    0.0075        12    3.4  11.9     4    72    73   141    70   160 0.78 -
#
# Program:         hmmsearch
# Version:         3.1b2 (February 2015)
# Pipeline mode:   SEARCH
# Query file:      /home/ericjuo/Projects/salmo_trutta_rna_seq/busco_downloads/lineages/actinopterygii_odb10/hmms/30247at7898.hmm
# Target file:     /home/ericjuo/Projects/salmo_trutta_rna_seq/data/02_intermediate/busco/run_actinopterygii_odb10/metaeuk_output/initial_results/trinity.Trinity.fasta.modified.fas
# Option settings: hmmsearch --domtblout /home/ericjuo/Projects/salmo_trutta_rna_seq/data/02_intermediate/busco/run_actinopterygii_odb10/hmmer_output/initial_run_results/30247at7898.out --cpu 1 /home/ericjuo/Projects/salmo_trutta_rna_seq/busco_downloads/lineages/actinopterygii_odb10/hmms/30247at7898.hmm /home/ericjuo/Projects/salmo_trutta_rna_seq/data/02_intermediate/busco/run_actinopterygii_odb10/metaeuk_output/initial_results/trinity.Trinity.fasta.modified.fas 
# Current dir:     /home/ericjuo/Projects/salmo_trutta_rna_seq
# Date:            Fri Apr 29 12:53:36 2022
# [ok]
