#                                                                                           --- full sequence --- -------------- this domain -------------   hmm coord   ali coord   env coord
# target name                       accession   tlen query name           accession   qlen   E-value  score  bias   #  of  c-Evalue  i-Evalue  score  bias  from    to  from    to  from    to  acc description of target
#               ------------------- ---------- ----- -------------------- ---------- ----- --------- ------ ----- --- --- --------- --------- ------ ----- ----- ----- ----- ----- ----- ----- ---- ---------------------
TRINITY_DN2080_c3_g1_i3:2601-7415   -           1605 3037at7898           -           1575  1.4e-297  989.9 292.9   1   5   2.7e-25   3.8e-23   80.3  41.5    97   249     1   170     1   171 0.85 -
TRINITY_DN2080_c3_g1_i3:2601-7415   -           1605 3037at7898           -           1575  1.4e-297  989.9 292.9   2   5  6.9e-151  9.6e-149  496.6  54.2    85   629   156   742   154   747 0.91 -
TRINITY_DN2080_c3_g1_i3:2601-7415   -           1605 3037at7898           -           1575  1.4e-297  989.9 292.9   3   5   5.9e-21   8.2e-19   66.0  35.6   115   248   747   888   743   888 0.89 -
TRINITY_DN2080_c3_g1_i3:2601-7415   -           1605 3037at7898           -           1575  1.4e-297  989.9 292.9   4   5   3.8e-27   5.3e-25   86.5  44.5    80   229   829   991   828   993 0.90 -
TRINITY_DN2080_c3_g1_i3:2601-7415   -           1605 3037at7898           -           1575  1.4e-297  989.9 292.9   5   5   1.1e-98   1.5e-96  323.6  85.2    27   627   951  1604   948  1605 0.82 -
TRINITY_DN2080_c3_g1_i4:2673-7487   -           1605 3037at7898           -           1575  1.4e-297  989.9 292.9   1   5   2.7e-25   3.8e-23   80.3  41.5    97   249     1   170     1   171 0.85 -
TRINITY_DN2080_c3_g1_i4:2673-7487   -           1605 3037at7898           -           1575  1.4e-297  989.9 292.9   2   5  6.9e-151  9.6e-149  496.6  54.2    85   629   156   742   154   747 0.91 -
TRINITY_DN2080_c3_g1_i4:2673-7487   -           1605 3037at7898           -           1575  1.4e-297  989.9 292.9   3   5   5.9e-21   8.2e-19   66.0  35.6   115   248   747   888   743   888 0.89 -
TRINITY_DN2080_c3_g1_i4:2673-7487   -           1605 3037at7898           -           1575  1.4e-297  989.9 292.9   4   5   3.8e-27   5.3e-25   86.5  44.5    80   229   829   991   828   993 0.90 -
TRINITY_DN2080_c3_g1_i4:2673-7487   -           1605 3037at7898           -           1575  1.4e-297  989.9 292.9   5   5   1.1e-98   1.5e-96  323.6  85.2    27   627   951  1604   948  1605 0.82 -
TRINITY_DN16512_c0_g2_i1:2404-6165  -           1254 3037at7898           -           1575  5.8e-272  905.0  30.9   1   5   2.1e-67     3e-65  219.9   2.3   338   617     2   290     1   296 0.90 -
TRINITY_DN16512_c0_g2_i1:2404-6165  -           1254 3037at7898           -           1575  5.8e-272  905.0  30.9   2   5   1.5e-46   2.1e-44  150.8   0.1  1112  1409   283   601   279   602 0.88 -
TRINITY_DN16512_c0_g2_i1:2404-6165  -           1254 3037at7898           -           1575  5.8e-272  905.0  30.9   3   5   3.5e-56   4.9e-54  182.7   0.1  1109  1416   600   933   589   934 0.86 -
TRINITY_DN16512_c0_g2_i1:2404-6165  -           1254 3037at7898           -           1575  5.8e-272  905.0  30.9   4   5     1e-55   1.4e-53  181.2   0.5   540   824   851  1165   841  1167 0.84 -
TRINITY_DN16512_c0_g2_i1:2404-6165  -           1254 3037at7898           -           1575  5.8e-272  905.0  30.9   5   5   3.5e-68   4.9e-66  222.5   5.5  1108  1423   923  1253   922  1254 0.87 -
TRINITY_DN2080_c3_g1_i3:7632-10841  -           1070 3037at7898           -           1575  4.6e-191  636.9  24.8   1   4   4.6e-34   6.3e-32  109.4   0.4   503   656     1   166     1   173 0.86 -
TRINITY_DN2080_c3_g1_i3:7632-10841  -           1070 3037at7898           -           1575  4.6e-191  636.9  24.8   2   4   1.4e-55   1.9e-53  180.8   2.1   330   629   136   443   135   444 0.89 -
TRINITY_DN2080_c3_g1_i3:7632-10841  -           1070 3037at7898           -           1575  4.6e-191  636.9  24.8   3   4   5.3e-71   7.3e-69  231.8   1.9  1123  1415   435   737   431   738 0.92 -
TRINITY_DN2080_c3_g1_i3:7632-10841  -           1070 3037at7898           -           1575  4.6e-191  636.9  24.8   4   4   3.8e-48   5.3e-46  156.1   0.8  1108  1416   728  1060   726  1070 0.81 -
TRINITY_DN2080_c3_g1_i4:7704-10913  -           1070 3037at7898           -           1575  4.6e-191  636.9  24.8   1   4   4.6e-34   6.3e-32  109.4   0.4   503   656     1   166     1   173 0.86 -
TRINITY_DN2080_c3_g1_i4:7704-10913  -           1070 3037at7898           -           1575  4.6e-191  636.9  24.8   2   4   1.4e-55   1.9e-53  180.8   2.1   330   629   136   443   135   444 0.89 -
TRINITY_DN2080_c3_g1_i4:7704-10913  -           1070 3037at7898           -           1575  4.6e-191  636.9  24.8   3   4   5.3e-71   7.3e-69  231.8   1.9  1123  1415   435   737   431   738 0.92 -
TRINITY_DN2080_c3_g1_i4:7704-10913  -           1070 3037at7898           -           1575  4.6e-191  636.9  24.8   4   4   3.8e-48   5.3e-46  156.1   0.8  1108  1416   728  1060   726  1070 0.81 -
TRINITY_DN16512_c0_g2_i1:7-2265     -            753 3037at7898           -           1575  8.7e-161  536.5 107.5   1   2   2.3e-30   3.1e-28   97.2  42.4    25   197     6   170     1   176 0.89 -
TRINITY_DN16512_c0_g2_i1:7-2265     -            753 3037at7898           -           1575  8.7e-161  536.5 107.5   2   2    2e-135  2.7e-133  445.4  57.7    81   615   175   753   169   753 0.90 -
TRINITY_DN1854_c0_g1_i2:328-2352    -            675 3037at7898           -           1575  1.3e-149  499.5  92.5   1   2   2.7e-14   3.8e-12   43.9  16.6    85   160     2    81     1    83 0.78 -
TRINITY_DN1854_c0_g1_i2:328-2352    -            675 3037at7898           -           1575  1.3e-149  499.5  92.5   2   2  6.6e-143  9.1e-141  470.2  67.9    28   626    38   675    36   675 0.90 -
TRINITY_DN1854_c0_g1_i3:328-2352    -            675 3037at7898           -           1575  1.3e-149  499.5  92.5   1   2   2.7e-14   3.8e-12   43.9  16.6    85   160     2    81     1    83 0.78 -
TRINITY_DN1854_c0_g1_i3:328-2352    -            675 3037at7898           -           1575  1.3e-149  499.5  92.5   2   2  6.6e-143  9.1e-141  470.2  67.9    28   626    38   675    36   675 0.90 -
TRINITY_DN1854_c0_g1_i5:328-2352    -            675 3037at7898           -           1575  1.3e-149  499.5  92.5   1   2   2.7e-14   3.8e-12   43.9  16.6    85   160     2    81     1    83 0.78 -
TRINITY_DN1854_c0_g1_i5:328-2352    -            675 3037at7898           -           1575  1.3e-149  499.5  92.5   2   2  6.6e-143  9.1e-141  470.2  67.9    28   626    38   675    36   675 0.90 -
TRINITY_DN1854_c0_g1_i6:323-2347    -            675 3037at7898           -           1575  1.3e-149  499.5  92.5   1   2   2.7e-14   3.8e-12   43.9  16.6    85   160     2    81     1    83 0.78 -
TRINITY_DN1854_c0_g1_i6:323-2347    -            675 3037at7898           -           1575  1.3e-149  499.5  92.5   2   2  6.6e-143  9.1e-141  470.2  67.9    28   626    38   675    36   675 0.90 -
TRINITY_DN3967_c0_g1_i11:98-2104    -            669 3037at7898           -           1575  1.1e-145  486.5  73.3   1   2   4.1e-10   5.7e-08   30.0   3.6   235   269     1    35     1    40 0.91 -
TRINITY_DN3967_c0_g1_i11:98-2104    -            669 3037at7898           -           1575  1.1e-145  486.5  73.3   2   2  8.4e-141  1.2e-138  463.2  62.3    27   626    36   669    34   669 0.91 -
TRINITY_DN3967_c0_g1_i1:98-2104     -            669 3037at7898           -           1575  1.1e-145  486.5  73.3   1   2   4.1e-10   5.7e-08   30.0   3.6   235   269     1    35     1    40 0.91 -
TRINITY_DN3967_c0_g1_i1:98-2104     -            669 3037at7898           -           1575  1.1e-145  486.5  73.3   2   2  8.4e-141  1.2e-138  463.2  62.3    27   626    36   669    34   669 0.91 -
TRINITY_DN3967_c0_g1_i6:98-2104     -            669 3037at7898           -           1575  1.1e-145  486.5  73.3   1   2   4.1e-10   5.7e-08   30.0   3.6   235   269     1    35     1    40 0.91 -
TRINITY_DN3967_c0_g1_i6:98-2104     -            669 3037at7898           -           1575  1.1e-145  486.5  73.3   2   2  8.4e-141  1.2e-138  463.2  62.3    27   626    36   669    34   669 0.91 -
TRINITY_DN2052_c0_g2_i5:31-2268     -            746 3037at7898           -           1575  1.2e-129  433.4  94.9   1   2   1.6e-12   2.2e-10   38.0  18.4   198   270    11    88     2    91 0.82 -
TRINITY_DN2052_c0_g2_i5:31-2268     -            746 3037at7898           -           1575  1.2e-129  433.4  94.9   2   2  9.5e-125  1.3e-122  410.0  68.5    17   630    76   732    74   738 0.86 -
TRINITY_DN2052_c0_g2_i7:31-2268     -            746 3037at7898           -           1575  1.2e-129  433.4  94.9   1   2   1.6e-12   2.2e-10   38.0  18.4   198   270    11    88     2    91 0.82 -
TRINITY_DN2052_c0_g2_i7:31-2268     -            746 3037at7898           -           1575  1.2e-129  433.4  94.9   2   2  9.5e-125  1.3e-122  410.0  68.5    17   630    76   732    74   738 0.86 -
TRINITY_DN12151_c0_g1_i1:258-899    -            214 3037at7898           -           1575  3.5e-104  348.9  50.3   1   1  2.8e-106  3.9e-104  348.7  50.3   160   345     1   214     1   214 0.95 -
TRINITY_DN52927_c0_g1_i1:130-3579   -           1150 3037at7898           -           1575   8.5e-48  162.0   8.1   1   4       1.3   1.9e+02   -1.5   3.3   237   273   329   365   323   394 0.79 -
TRINITY_DN52927_c0_g1_i1:130-3579   -           1150 3037at7898           -           1575   8.5e-48  162.0   8.1   2   4       1.9   2.6e+02   -2.0  18.2   254   340   599   697   588   706 0.71 -
TRINITY_DN52927_c0_g1_i1:130-3579   -           1150 3037at7898           -           1575   8.5e-48  162.0   8.1   3   4      0.84   1.2e+02   -0.8  12.8   288   330   728   776   697   784 0.68 -
TRINITY_DN52927_c0_g1_i1:130-3579   -           1150 3037at7898           -           1575   8.5e-48  162.0   8.1   4   4   6.1e-50   8.5e-48  162.0   8.1   211   576   751  1127   740  1146 0.82 -
TRINITY_DN3967_c0_g1_i8:920-1567    -            216 3037at7898           -           1575   1.3e-37  128.3  22.1   1   1   1.1e-39   1.5e-37  128.1  22.1   213   401     3   205     1   211 0.90 -
TRINITY_DN12668_c0_g1_i1:268-2775   -            836 3037at7898           -           1575   3.8e-21   73.7  42.4   1   1   3.9e-23   5.4e-21   73.2  42.4   120   270   437   589   406   594 0.88 -
TRINITY_DN12668_c0_g1_i2:168-2681   -            838 3037at7898           -           1575   3.8e-21   73.7  42.4   1   1   3.9e-23   5.4e-21   73.2  42.4   120   270   439   591   408   596 0.88 -
TRINITY_DN9392_c0_g1_i1:28-624      -            199 3037at7898           -           1575     8e-21   72.6  43.7   1   1   2.6e-22   3.6e-20   70.4  43.7   176   344     1   198     1   199 0.83 -
TRINITY_DN60175_c0_g1_i1:444-2840   -            799 3037at7898           -           1575     4e-20   70.3  28.6   1   1   4.2e-22   5.8e-20   69.8  28.6    82   206   431   556   420   571 0.88 -
TRINITY_DN4008_c0_g1_i4:418-2877    -            820 3037at7898           -           1575   7.6e-19   66.1  54.5   1   1   1.8e-20   2.5e-18   64.4  54.5    32   204   418   576   399   669 0.79 -
TRINITY_DN37366_c0_g1_i1:33-527     -            165 3037at7898           -           1575   1.4e-16   58.6  55.9   1   3   2.7e-09   3.8e-07   27.3  14.6   272   341     5    82     1    86 0.89 -
TRINITY_DN37366_c0_g1_i1:33-527     -            165 3037at7898           -           1575   1.4e-16   58.6  55.9   2   3   2.3e-10   3.2e-08   30.8  13.3   265   331    40   112    36   115 0.89 -
TRINITY_DN37366_c0_g1_i1:33-527     -            165 3037at7898           -           1575   1.4e-16   58.6  55.9   3   3   9.5e-09   1.3e-06   25.5  12.0   276   340    90   161    84   164 0.90 -
TRINITY_DN42189_c0_g3_i1:884-1915   -            344 3037at7898           -           1575   3.2e-13   47.4  35.2   1   2   1.1e-05    0.0015   15.4   5.5    37    69     1    33     1    55 0.82 -
TRINITY_DN42189_c0_g3_i1:884-1915   -            344 3037at7898           -           1575   3.2e-13   47.4  35.2   2   2   6.1e-12   8.4e-10   36.1  21.7    32   159   214   341   213   344 0.76 -
TRINITY_DN7480_c0_g1_i1:1317-2582   -            422 3037at7898           -           1575   1.4e-09   35.4  10.8   1   2   3.6e-08     5e-06   23.6   2.1   298   341   110   156    92   164 0.87 -
TRINITY_DN7480_c0_g1_i1:1317-2582   -            422 3037at7898           -           1575   1.4e-09   35.4  10.8   2   2   3.9e-06   0.00054   16.8   1.7   298   347   266   317   239   339 0.79 -
TRINITY_DN7480_c0_g1_i3:1323-2588   -            422 3037at7898           -           1575   1.4e-09   35.4  10.8   1   2   3.6e-08     5e-06   23.6   2.1   298   341   110   156    92   164 0.87 -
TRINITY_DN7480_c0_g1_i3:1323-2588   -            422 3037at7898           -           1575   1.4e-09   35.4  10.8   2   2   3.9e-06   0.00054   16.8   1.7   298   347   266   317   239   339 0.79 -
TRINITY_DN7480_c0_g1_i5:678-1943    -            422 3037at7898           -           1575   1.4e-09   35.4  10.8   1   2   3.6e-08     5e-06   23.6   2.1   298   341   110   156    92   164 0.87 -
TRINITY_DN7480_c0_g1_i5:678-1943    -            422 3037at7898           -           1575   1.4e-09   35.4  10.8   2   2   3.9e-06   0.00054   16.8   1.7   298   347   266   317   239   339 0.79 -
TRINITY_DN7480_c0_g1_i1:1653-2315   -            221 3037at7898           -           1575   6.5e-09   33.2  12.9   1   2     3e-07   4.2e-05   20.5   3.8   302   341     2    44     1    52 0.89 -
TRINITY_DN7480_c0_g1_i1:1653-2315   -            221 3037at7898           -           1575   6.5e-09   33.2  12.9   2   2   1.6e-06   0.00021   18.2   1.7   298   346   154   204   124   211 0.77 -
TRINITY_DN7480_c0_g1_i3:1659-2321   -            221 3037at7898           -           1575   6.5e-09   33.2  12.9   1   2     3e-07   4.2e-05   20.5   3.8   302   341     2    44     1    52 0.89 -
TRINITY_DN7480_c0_g1_i3:1659-2321   -            221 3037at7898           -           1575   6.5e-09   33.2  12.9   2   2   1.6e-06   0.00021   18.2   1.7   298   346   154   204   124   211 0.77 -
TRINITY_DN463_c0_g2_i2:322-1560     -            413 3037at7898           -           1575   3.8e-08   30.6  16.1   1   1   4.7e-10   6.6e-08   29.8  16.1   194   275    46   125    35   134 0.85 -
TRINITY_DN463_c0_g2_i4:322-1560     -            413 3037at7898           -           1575   3.8e-08   30.6  16.1   1   1   4.7e-10   6.6e-08   29.8  16.1   194   275    46   125    35   134 0.85 -
TRINITY_DN463_c0_g2_i5:123-1241     -            373 3037at7898           -           1575   4.5e-08   30.4  14.8   1   1   5.6e-10   7.8e-08   29.6  14.8   196   275     8    85     3    94 0.86 -
TRINITY_DN463_c0_g2_i1:322-1683     -            454 3037at7898           -           1575   7.6e-08   29.6  16.9   1   1   9.2e-10   1.3e-07   28.9  16.9   194   275    87   166    73   175 0.85 -
TRINITY_DN463_c0_g2_i3:322-1683     -            454 3037at7898           -           1575   7.6e-08   29.6  16.9   1   1   9.2e-10   1.3e-07   28.9  16.9   194   275    87   166    73   175 0.85 -
TRINITY_DN10584_c0_g1_i12:684-1922  -            413 3037at7898           -           1575   9.5e-08   29.3  36.8   1   6     0.022       3.1    4.4   4.8   303   341     5    42     3    51 0.78 -
TRINITY_DN10584_c0_g1_i12:684-1922  -            413 3037at7898           -           1575   9.5e-08   29.3  36.8   2   6       6.3   8.7e+02   -3.7  35.7   177   340    46   223    44   226 0.72 -
TRINITY_DN10584_c0_g1_i12:684-1922  -            413 3037at7898           -           1575   9.5e-08   29.3  36.8   3   6    0.0017      0.23    8.1  16.8   265   341   181   266   173   269 0.79 -
TRINITY_DN10584_c0_g1_i12:684-1922  -            413 3037at7898           -           1575   9.5e-08   29.3  36.8   4   6   6.4e-07   8.8e-05   19.5  15.1   265   332   223   296   214   306 0.82 -
TRINITY_DN10584_c0_g1_i12:684-1922  -            413 3037at7898           -           1575   9.5e-08   29.3  36.8   5   6   3.4e-08   4.7e-06   23.7  13.7   275   341   272   350   267   355 0.85 -
TRINITY_DN10584_c0_g1_i12:684-1922  -            413 3037at7898           -           1575   9.5e-08   29.3  36.8   6   6   0.00023     0.031   11.0   8.7   268   306   308   354   298   388 0.49 -
TRINITY_DN7445_c0_g1_i7:468-1532    -            355 3037at7898           -           1575     1e-07   29.2  23.9   1   1   9.5e-10   1.3e-07   28.8  23.9   168   270     5   111     2   128 0.87 -
TRINITY_DN7445_c0_g1_i8:465-2915    -            817 3037at7898           -           1575   1.2e-07   28.9  22.6   1   1   1.2e-09   1.6e-07   28.5  22.6   162   270   461   572   453   589 0.84 -
TRINITY_DN76_c3_g1_i6:359-1198      -            280 3037at7898           -           1575   1.9e-07   28.3   4.4   1   1   1.9e-09   2.6e-07   27.8   4.4    18    74    84   139    59   150 0.77 -
TRINITY_DN10584_c0_g1_i10:1350-2273 -            308 3037at7898           -           1575   2.4e-07   27.9  37.3   1   3   2.1e-06   0.00029   17.7  16.4   267   332     3    74     1    87 0.82 -
TRINITY_DN10584_c0_g1_i10:1350-2273 -            308 3037at7898           -           1575   2.4e-07   27.9  37.3   2   3   3.6e-08     5e-06   23.6  12.9   276   341    51   128    49   133 0.87 -
TRINITY_DN10584_c0_g1_i10:1350-2273 -            308 3037at7898           -           1575   2.4e-07   27.9  37.3   3   3   0.00047     0.065   10.0   9.9   268   322    86   151    75   169 0.53 -
TRINITY_DN7445_c0_g1_i3:468-1529    -            354 3037at7898           -           1575   2.5e-07   27.9  24.1   1   1   2.3e-09   3.1e-07   27.6  24.1   168   270     4   110     1   127 0.81 -
TRINITY_DN10584_c0_g1_i1:628-1929   -            434 3037at7898           -           1575   5.5e-07   26.8  39.2   1   6      0.34        47    0.5  14.4   273   338    28   106     4   109 0.56 -
TRINITY_DN10584_c0_g1_i1:628-1929   -            434 3037at7898           -           1575   5.5e-07   26.8  39.2   2   6       2.1   2.9e+02   -2.1  36.0   176   339    66   243    65   246 0.74 -
TRINITY_DN10584_c0_g1_i1:628-1929   -            434 3037at7898           -           1575   5.5e-07   26.8  39.2   3   6    0.0097       1.3    5.6  21.0   258   341   194   287   179   292 0.73 -
TRINITY_DN10584_c0_g1_i1:628-1929   -            434 3037at7898           -           1575   5.5e-07   26.8  39.2   4   6   2.9e-06   0.00041   17.3  17.4   265   333   244   318   236   331 0.81 -
TRINITY_DN10584_c0_g1_i1:628-1929   -            434 3037at7898           -           1575   5.5e-07   26.8  39.2   5   6   4.1e-08   5.7e-06   23.4  13.8   275   341   293   371   288   376 0.85 -
TRINITY_DN10584_c0_g1_i1:628-1929   -            434 3037at7898           -           1575   5.5e-07   26.8  39.2   6   6   0.00018     0.025   11.3   8.4   271   306   333   375   319   410 0.50 -
TRINITY_DN76_c3_g1_i5:164-1969      -            602 3037at7898           -           1575   6.3e-07   26.6   4.6   1   1   7.5e-09     1e-06   25.9   4.6    18    74    92   147    68   157 0.77 -
TRINITY_DN37735_c0_g1_i1:16-495     -            160 3037at7898           -           1575   9.6e-07   26.0  16.8   1   2   0.00014     0.019   11.7  18.7   259   338    26   115     3   116 0.76 -
TRINITY_DN37735_c0_g1_i1:16-495     -            160 3037at7898           -           1575   9.6e-07   26.0  16.8   2   2   6.9e-09   9.6e-07   26.0  16.8   266   340    76   156    70   159 0.83 -
TRINITY_DN10584_c0_g1_i10:684-1922  -            413 3037at7898           -           1575   1.2e-06   25.6  39.2   1   5     0.022         3    4.4   4.6   303   341     5    42     3    50 0.80 -
TRINITY_DN10584_c0_g1_i10:684-1922  -            413 3037at7898           -           1575   1.2e-06   25.6  39.2   2   5      0.98   1.4e+02   -1.1  36.7   176   340    45   223    41   226 0.76 -
TRINITY_DN10584_c0_g1_i10:684-1922  -            413 3037at7898           -           1575   1.2e-06   25.6  39.2   3   5   1.3e-06   0.00017   18.5  15.8   265   332   223   296   219   307 0.82 -
TRINITY_DN10584_c0_g1_i10:684-1922  -            413 3037at7898           -           1575   1.2e-06   25.6  39.2   4   5   2.2e-07   3.1e-05   21.0  15.4   275   341   272   350   268   360 0.87 -
TRINITY_DN10584_c0_g1_i10:684-1922  -            413 3037at7898           -           1575   1.2e-06   25.6  39.2   5   5   0.00027     0.038   10.7   8.4   268   322   308   373   297   390 0.52 -
TRINITY_DN34035_c0_g2_i1:103-540    -            146 3037at7898           -           1575   2.1e-06   24.8  27.0   1   1   2.8e-08   3.8e-06   24.0  26.3   220   340     3   123     1   135 0.78 -
TRINITY_DN28213_c0_g3_i1:370-1332   -            321 3037at7898           -           1575   2.6e-06   24.5   8.0   1   1   2.4e-08   3.4e-06   24.2   8.0   162   208   213   259   208   309 0.83 -
TRINITY_DN27462_c0_g2_i1:26-1576    -            517 3037at7898           -           1575   3.4e-06   24.1 111.6   1   6   3.7e-05    0.0051   13.6  21.0   235   340     8   127     5   130 0.66 -
TRINITY_DN27462_c0_g2_i1:26-1576    -            517 3037at7898           -           1575   3.4e-06   24.1 111.6   2   6    0.0027      0.37    7.4  14.6   253   338   124   211   124   222 0.85 -
TRINITY_DN27462_c0_g2_i1:26-1576    -            517 3037at7898           -           1575   3.4e-06   24.1 111.6   3   6   2.2e-07     3e-05   21.0  18.8   260   341   277   366   228   368 0.85 -
TRINITY_DN27462_c0_g2_i1:26-1576    -            517 3037at7898           -           1575   3.4e-06   24.1 111.6   4   6     0.018       2.5    4.7   4.0   602   638   368   404   365   406 0.88 -
TRINITY_DN27462_c0_g2_i1:26-1576    -            517 3037at7898           -           1575   3.4e-06   24.1 111.6   5   6    0.0011      0.15    8.7  15.8   265   331   404   478   398   486 0.76 -
TRINITY_DN27462_c0_g2_i1:26-1576    -            517 3037at7898           -           1575   3.4e-06   24.1 111.6   6   6       2.4   3.3e+02   -2.3   3.5   293   328   479   516   477   517 0.71 -
TRINITY_DN162_c0_g1_i7:442-2487     -            682 3037at7898           -           1575   6.8e-06   23.1   1.6   1   1     1e-07   1.4e-05   22.1   1.6   298   339   122   171   112   178 0.80 -
TRINITY_DN4064_c0_g1_i2:140-2590    -            817 3037at7898           -           1575   1.5e-05   22.0   5.1   1   1   1.1e-07   1.5e-05   22.0   5.1    14    74    39   102    24   106 0.72 -
TRINITY_DN3961_c0_g1_i6:289-2055    -            589 3037at7898           -           1575   2.3e-05   21.4   8.4   1   1   2.4e-07   3.4e-05   20.8   8.4   120   233   114   157    57   172 0.67 -
TRINITY_DN3961_c0_g1_i2:289-2178    -            588 3037at7898           -           1575   2.3e-05   21.4   8.4   1   1   2.4e-07   3.4e-05   20.8   8.4   120   233   114   157    57   172 0.67 -
TRINITY_DN1953_c1_g1_i3:519-1739    -            407 3037at7898           -           1575   2.4e-05   21.3  47.4   1   3   1.1e-06   0.00015   18.7  14.1   252   339    83   166    79   170 0.88 -
TRINITY_DN1953_c1_g1_i3:519-1739    -            407 3037at7898           -           1575   2.4e-05   21.3  47.4   2   3   8.1e-05     0.011   12.5  11.6   276   331   176   239   168   242 0.89 -
TRINITY_DN1953_c1_g1_i3:519-1739    -            407 3037at7898           -           1575   2.4e-05   21.3  47.4   3   3      0.33        45    0.5  14.5   273   327   214   275   206   301 0.73 -
TRINITY_DN32059_c0_g1_i1:143-1804   -            554 3037at7898           -           1575   3.4e-05   20.8  23.0   1   1   3.3e-07   4.6e-05   20.4  23.0   222   340   152   268   139   332 0.86 -
TRINITY_DN1953_c1_g1_i15:522-1742   -            407 3037at7898           -           1575     7e-05   19.8  46.8   1   3   2.4e-06   0.00034   17.5  15.6   252   339    83   166    71   171 0.88 -
TRINITY_DN1953_c1_g1_i15:522-1742   -            407 3037at7898           -           1575     7e-05   19.8  46.8   2   3   0.00014      0.02   11.6  13.1   276   332   176   240   169   246 0.88 -
TRINITY_DN1953_c1_g1_i15:522-1742   -            407 3037at7898           -           1575     7e-05   19.8  46.8   3   3       1.6   2.2e+02   -1.7  14.3   275   327   216   275   209   299 0.74 -
TRINITY_DN1953_c1_g1_i17:522-1742   -            407 3037at7898           -           1575     7e-05   19.8  46.8   1   3   2.4e-06   0.00034   17.5  15.6   252   339    83   166    71   171 0.88 -
TRINITY_DN1953_c1_g1_i17:522-1742   -            407 3037at7898           -           1575     7e-05   19.8  46.8   2   3   0.00014      0.02   11.6  13.1   276   332   176   240   169   246 0.88 -
TRINITY_DN1953_c1_g1_i17:522-1742   -            407 3037at7898           -           1575     7e-05   19.8  46.8   3   3       1.6   2.2e+02   -1.7  14.3   275   327   216   275   209   299 0.74 -
TRINITY_DN4009_c0_g4_i1:121-2055    -            645 3037at7898           -           1575   7.4e-05   19.7  20.5   1   3    0.0042      0.59    6.8  18.1   253   332    98   178    48   181 0.64 -
TRINITY_DN4009_c0_g4_i1:121-2055    -            645 3037at7898           -           1575   7.4e-05   19.7  20.5   2   3   5.3e-07   7.4e-05   19.7  20.5   265   338   145   224   138   225 0.85 -
TRINITY_DN4009_c0_g4_i1:121-2055    -            645 3037at7898           -           1575   7.4e-05   19.7  20.5   3   3    0.0025      0.35    7.5  18.5   251   342   180   268   180   279 0.75 -
TRINITY_DN1953_c1_g1_i8:243-1463    -            407 3037at7898           -           1575    0.0001   19.3  47.4   1   3     1e-06   0.00015   18.7  14.1   252   339    83   166    79   170 0.88 -
TRINITY_DN1953_c1_g1_i8:243-1463    -            407 3037at7898           -           1575    0.0001   19.3  47.4   2   3   9.4e-05     0.013   12.3  11.2   276   331   176   239   171   240 0.90 -
TRINITY_DN1953_c1_g1_i8:243-1463    -            407 3037at7898           -           1575    0.0001   19.3  47.4   3   3       1.5     2e+02   -1.6  14.6   273   327   214   275   206   299 0.73 -
TRINITY_DN4008_c0_g1_i6:4-909       -            302 3037at7898           -           1575   0.00014   18.8   4.7   1   1   9.9e-07   0.00014   18.8   4.7   153   200     3    54     1   151 0.69 -
TRINITY_DN42189_c0_g3_i1:11-865     -            285 3037at7898           -           1575   0.00032   17.6   4.5   1   1     3e-06   0.00042   17.2   4.5   224   283    72   137    60   143 0.76 -
TRINITY_DN1636_c0_g1_i3:282-1328    -            349 3037at7898           -           1575   0.00049   17.0   7.7   1   3   3.6e-06   0.00049   17.0   7.7   283   339    90   150    81   150 0.83 -
TRINITY_DN1636_c0_g1_i3:282-1328    -            349 3037at7898           -           1575   0.00049   17.0   7.7   2   3   0.00035     0.048   10.4   6.3   298   338   148   189   145   193 0.82 -
TRINITY_DN1636_c0_g1_i3:282-1328    -            349 3037at7898           -           1575   0.00049   17.0   7.7   3   3       3.3   4.6e+02   -2.8  12.2   277   323   162   216   162   241 0.76 -
TRINITY_DN1636_c0_g1_i5:282-1328    -            349 3037at7898           -           1575   0.00049   17.0   7.7   1   3   3.6e-06   0.00049   17.0   7.7   283   339    90   150    81   150 0.83 -
TRINITY_DN1636_c0_g1_i5:282-1328    -            349 3037at7898           -           1575   0.00049   17.0   7.7   2   3   0.00035     0.048   10.4   6.3   298   338   148   189   145   193 0.82 -
TRINITY_DN1636_c0_g1_i5:282-1328    -            349 3037at7898           -           1575   0.00049   17.0   7.7   3   3       3.3   4.6e+02   -2.8  12.2   277   323   162   216   162   241 0.76 -
TRINITY_DN28213_c0_g2_i2:1023-2195  -            391 3037at7898           -           1575   0.00054   16.9   8.7   1   1   4.8e-06   0.00066   16.5   8.7   163   201   284   322   278   387 0.75 -
TRINITY_DN1597_c0_g1_i1:357-2315    -            653 3037at7898           -           1575   0.00056   16.8  17.9   1   1   5.9e-06   0.00082   16.2  17.9    66   168    66   176    23   202 0.59 -
TRINITY_DN3975_c0_g1_i6:893-2209    -            439 3037at7898           -           1575   0.00058   16.8   0.9   1   2       0.5        69   -0.1   0.7  1402  1431    49    78    40    83 0.89 -
TRINITY_DN3975_c0_g1_i6:893-2209    -            439 3037at7898           -           1575   0.00058   16.8   0.9   2   2   4.2e-06   0.00058   16.8   0.9   869   908    84   123    79   129 0.82 -
TRINITY_DN3975_c0_g1_i5:780-2162    -            461 3037at7898           -           1575   0.00058   16.7   0.9   1   2      0.53        74   -0.2   0.7  1402  1431    72   101    63   106 0.89 -
TRINITY_DN3975_c0_g1_i5:780-2162    -            461 3037at7898           -           1575   0.00058   16.7   0.9   2   2   4.2e-06   0.00058   16.7   0.9   869   908   107   146   102   156 0.83 -
TRINITY_DN3975_c0_g1_i1:780-2195    -            472 3037at7898           -           1575   0.00058   16.7   0.8   1   2       0.6        83   -0.4   0.8  1402  1431    85   114    79   119 0.90 -
TRINITY_DN3975_c0_g1_i1:780-2195    -            472 3037at7898           -           1575   0.00058   16.7   0.8   2   2   4.2e-06   0.00058   16.7   0.8   869   908   120   159   114   174 0.86 -
TRINITY_DN3975_c0_g1_i2:896-2311    -            472 3037at7898           -           1575   0.00058   16.7   0.8   1   2       0.6        83   -0.4   0.8  1402  1431    85   114    79   119 0.90 -
TRINITY_DN3975_c0_g1_i2:896-2311    -            472 3037at7898           -           1575   0.00058   16.7   0.8   2   2   4.2e-06   0.00058   16.7   0.8   869   908   120   159   114   174 0.86 -
TRINITY_DN3975_c0_g1_i8:757-2172    -            472 3037at7898           -           1575   0.00058   16.7   0.8   1   2       0.6        83   -0.4   0.8  1402  1431    85   114    79   119 0.90 -
TRINITY_DN3975_c0_g1_i8:757-2172    -            472 3037at7898           -           1575   0.00058   16.7   0.8   2   2   4.2e-06   0.00058   16.7   0.8   869   908   120   159   114   174 0.86 -
TRINITY_DN1636_c0_g1_i7:282-1328    -            349 3037at7898           -           1575    0.0007   16.5   9.8   1   2   5.1e-06    0.0007   16.5   9.8   283   341    90   152    75   155 0.84 -
TRINITY_DN1636_c0_g1_i7:282-1328    -            349 3037at7898           -           1575    0.0007   16.5   9.8   2   2       1.2   1.6e+02   -1.3  14.2   275   322   160   214   151   240 0.69 -
TRINITY_DN1597_c0_g1_i3:427-3216    -            930 3037at7898           -           1575    0.0014   15.4  18.6   1   1   1.7e-05    0.0023   14.8  18.6    80   168    85   176    23   199 0.59 -
TRINITY_DN34744_c0_g2_i1:21-413     -            131 3037at7898           -           1575    0.0018   15.1  27.8   1   1   1.5e-05     0.002   14.9  27.8   226   341    13   127     2   130 0.83 -
TRINITY_DN4051_c0_g1_i2:156-1637    -            494 3037at7898           -           1575    0.0026   14.6   2.8   1   2     0.039       5.5    3.6   1.4  1397  1431    71   105    48   110 0.85 -
TRINITY_DN4051_c0_g1_i2:156-1637    -            494 3037at7898           -           1575    0.0026   14.6   2.8   2   2   1.8e-05    0.0026   14.6   2.8   601   631   110   140   107   148 0.84 -
TRINITY_DN4051_c0_g1_i1:156-1730    -            484 3037at7898           -           1575    0.0027   14.5   2.9   1   2      0.04       5.6    3.5   1.5  1397  1431    71   105    48   110 0.85 -
TRINITY_DN4051_c0_g1_i1:156-1730    -            484 3037at7898           -           1575    0.0027   14.5   2.9   2   2   1.9e-05    0.0027   14.5   2.9   601   631   110   140   107   148 0.84 -
TRINITY_DN57052_c0_g1_i1:933-1541   -            203 3037at7898           -           1575    0.0031   14.3  40.5   1   3   5.6e-05    0.0078   13.0   8.9   281   335     2    66     1    69 0.83 -
TRINITY_DN57052_c0_g1_i1:933-1541   -            203 3037at7898           -           1575    0.0031   14.3  40.5   2   3     0.058       8.1    3.0  10.9   265   332    69   136    63   141 0.81 -
TRINITY_DN57052_c0_g1_i1:933-1541   -            203 3037at7898           -           1575    0.0031   14.3  40.5   3   3    0.0042      0.57    6.8  11.1   293   331   138   176   115   185 0.81 -
TRINITY_DN14625_c0_g1_i2:342-1364   -            341 3037at7898           -           1575    0.0043   13.8   0.6   1   1     4e-05    0.0055   13.5   0.6   299   346   134   186   104   214 0.83 -
TRINITY_DN14625_c0_g1_i3:659-1681   -            341 3037at7898           -           1575    0.0043   13.8   0.6   1   1     4e-05    0.0055   13.5   0.6   299   346   134   186   104   214 0.83 -
TRINITY_DN22120_c0_g1_i3:132-1631   -            500 3037at7898           -           1575    0.0069   13.2  33.1   1   2    0.0053      0.73    6.5  14.6   254   340   108   202    82   211 0.70 -
TRINITY_DN22120_c0_g1_i3:132-1631   -            500 3037at7898           -           1575    0.0069   13.2  33.1   2   2   7.2e-05      0.01   12.6  10.4   279   341   217   287   210   301 0.82 -
TRINITY_DN28213_c0_g1_i2:1027-2256  -            410 3037at7898           -           1575    0.0091   12.8  16.9   1   1   8.7e-05     0.012   12.4  16.9    16   106   274   366   260   402 0.76 -
TRINITY_DN28213_c0_g1_i1:1027-2289  -            421 3037at7898           -           1575    0.0095   12.7  16.9   1   1   9.1e-05     0.013   12.3  16.9    16   106   285   377   271   413 0.76 -
TRINITY_DN22120_c0_g1_i1:132-1991   -            620 3037at7898           -           1575     0.013   12.3  33.1   1   2    0.0073         1    6.0  14.6   256   340   110   202    85   211 0.69 -
TRINITY_DN22120_c0_g1_i1:132-1991   -            620 3037at7898           -           1575     0.013   12.3  33.1   2   2    0.0001     0.014   12.2  10.4   279   341   217   287   210   301 0.82 -
TRINITY_DN22120_c0_g1_i2:132-1991   -            620 3037at7898           -           1575     0.013   12.3  33.1   1   2    0.0073         1    6.0  14.6   256   340   110   202    85   211 0.69 -
TRINITY_DN22120_c0_g1_i2:132-1991   -            620 3037at7898           -           1575     0.013   12.3  33.1   2   2    0.0001     0.014   12.2  10.4   279   341   217   287   210   301 0.82 -
TRINITY_DN22120_c0_g1_i4:132-2135   -            668 3037at7898           -           1575     0.016   11.9  33.2   1   2    0.0084       1.2    5.8  14.6   256   340   110   202    85   211 0.69 -
TRINITY_DN22120_c0_g1_i4:132-2135   -            668 3037at7898           -           1575     0.016   11.9  33.2   2   2   0.00012     0.016   12.0  10.5   279   341   217   287   210   301 0.82 -
TRINITY_DN31173_c0_g1_i12:144-947   -            268 3037at7898           -           1575     0.017   11.9   1.7   1   1   0.00014      0.02   11.7   1.7   294   339   104   154    56   165 0.79 -
TRINITY_DN31173_c0_g1_i6:144-947    -            268 3037at7898           -           1575     0.017   11.9   1.7   1   1   0.00014      0.02   11.7   1.7   294   339   104   154    56   165 0.79 -
TRINITY_DN1830_c0_g1_i10:566-1759   -            398 3037at7898           -           1575     0.037   10.8   3.8   1   1   0.00037     0.051   10.3   3.8  1107  1141    42    76     6   105 0.77 -
TRINITY_DN858_c0_g1_i2:147-1702     -            421 3037at7898           -           1575     0.066    9.9  12.0   1   1   0.00075       0.1    9.3  12.0   242   327    94   181    61   185 0.77 -
TRINITY_DN858_c0_g1_i4:147-1702     -            421 3037at7898           -           1575     0.066    9.9  12.0   1   1   0.00075       0.1    9.3  12.0   242   327    94   181    61   185 0.77 -
TRINITY_DN2040_c0_g2_i2:105-1721    -            539 3037at7898           -           1575      0.11    9.2   7.7   1   2   0.00088      0.12    9.0   6.3   193   291    37   137    26   170 0.70 -
TRINITY_DN2040_c0_g2_i2:105-1721    -            539 3037at7898           -           1575      0.11    9.2   7.7   2   2       1.5     2e+02   -1.6   0.0  1157  1189   225   256   213   281 0.83 -
TRINITY_DN2040_c0_g2_i4:105-1721    -            539 3037at7898           -           1575      0.12    9.1   7.8   1   2   0.00088      0.12    9.0   6.3   193   291    37   137    26   170 0.70 -
TRINITY_DN2040_c0_g2_i4:105-1721    -            539 3037at7898           -           1575      0.12    9.1   7.8   2   2       1.4   1.9e+02   -1.6   0.0  1157  1190   225   257   211   282 0.83 -
TRINITY_DN2040_c0_g2_i3:105-1727    -            541 3037at7898           -           1575      0.15    8.7   8.2   1   2   0.00089      0.12    9.0   6.3   193   291    37   137    26   170 0.70 -
TRINITY_DN2040_c0_g2_i3:105-1727    -            541 3037at7898           -           1575      0.15    8.7   8.2   2   2       1.4   1.9e+02   -1.5   0.0  1157  1191   225   258   212   280 0.81 -
TRINITY_DN2040_c0_g2_i5:105-1727    -            541 3037at7898           -           1575      0.15    8.7   8.2   1   2   0.00089      0.12    9.0   6.3   193   291    37   137    26   170 0.70 -
TRINITY_DN2040_c0_g2_i5:105-1727    -            541 3037at7898           -           1575      0.15    8.7   8.2   2   2       1.4   1.9e+02   -1.5   0.0  1157  1191   225   258   212   280 0.81 -
TRINITY_DN2040_c0_g2_i6:105-1727    -            541 3037at7898           -           1575      0.15    8.7   8.2   1   2   0.00089      0.12    9.0   6.3   193   291    37   137    26   170 0.70 -
TRINITY_DN2040_c0_g2_i6:105-1727    -            541 3037at7898           -           1575      0.15    8.7   8.2   2   2       1.4   1.9e+02   -1.5   0.0  1157  1191   225   258   212   280 0.81 -
TRINITY_DN60202_c0_g1_i1:58-399     -            114 3037at7898           -           1575      0.19    8.4  20.1   1   2    0.0016      0.22    8.2   9.6   272   323     4    64     1    68 0.77 -
TRINITY_DN60202_c0_g1_i1:58-399     -            114 3037at7898           -           1575      0.19    8.4  20.1   2   2     0.062       8.5    2.9  11.9   254   322    37   108    37   113 0.70 -
TRINITY_DN858_c0_g1_i5:147-1471     -            344 3037at7898           -           1575      0.34    7.6  14.6   1   1    0.0036       0.5    7.0  14.6   242   327    17   104     5   108 0.73 -
TRINITY_DN15900_c0_g1_i1:190-1230   -            347 3037at7898           -           1575      0.72    6.5   9.9   1   1    0.0072      0.99    6.0   9.9   280   354    23   105     5   123 0.64 -
TRINITY_DN15900_c0_g1_i2:345-1702   -            416 3037at7898           -           1575      0.72    6.5   7.1   1   1   0.00062     0.085    9.6   2.6  1106  1140   121   155   104   166 0.75 -
TRINITY_DN15900_c0_g1_i6:345-1592   -            416 3037at7898           -           1575      0.72    6.5   9.5   1   1    0.0074         1    6.0   9.5   280   354    91   173    72   191 0.64 -
TRINITY_DN15900_c0_g1_i7:345-1592   -            416 3037at7898           -           1575      0.72    6.5   9.5   1   1    0.0074         1    6.0   9.5   280   354    91   173    72   191 0.64 -
TRINITY_DN858_c0_g1_i3:147-1430     -            428 3037at7898           -           1575       2.8    4.5  16.6   1   2      0.35        48    0.4   2.1  1391  1431    81   120    64   127 0.75 -
TRINITY_DN858_c0_g1_i3:147-1430     -            428 3037at7898           -           1575       2.8    4.5  16.6   2   2     0.078        11    2.6  16.9   242   327    94   188    83   192 0.68 -
#
# Program:         hmmsearch
# Version:         3.1b2 (February 2015)
# Pipeline mode:   SEARCH
# Query file:      /home/ericjuo/Projects/salmo_trutta_rna_seq/busco_downloads/lineages/actinopterygii_odb10/hmms/3037at7898.hmm
# Target file:     /home/ericjuo/Projects/salmo_trutta_rna_seq/data/02_intermediate/busco/run_actinopterygii_odb10/metaeuk_output/initial_results/trinity.Trinity.fasta.modified.fas
# Option settings: hmmsearch --domtblout /home/ericjuo/Projects/salmo_trutta_rna_seq/data/02_intermediate/busco/run_actinopterygii_odb10/hmmer_output/initial_run_results/3037at7898.out --cpu 1 /home/ericjuo/Projects/salmo_trutta_rna_seq/busco_downloads/lineages/actinopterygii_odb10/hmms/3037at7898.hmm /home/ericjuo/Projects/salmo_trutta_rna_seq/data/02_intermediate/busco/run_actinopterygii_odb10/metaeuk_output/initial_results/trinity.Trinity.fasta.modified.fas 
# Current dir:     /home/ericjuo/Projects/salmo_trutta_rna_seq
# Date:            Fri Apr 29 12:53:41 2022
# [ok]
