#                                                                                           --- full sequence --- -------------- this domain -------------   hmm coord   ali coord   env coord
# target name                       accession   tlen query name           accession   qlen   E-value  score  bias   #  of  c-Evalue  i-Evalue  score  bias  from    to  from    to  from    to  acc description of target
#               ------------------- ---------- ----- -------------------- ---------- ----- --------- ------ ----- --- --- --------- --------- ------ ----- ----- ----- ----- ----- ----- ----- ---- ---------------------
TRINITY_DN40486_c0_g1_i2:131-2107   -            659 37804at7898          -            557         0 1118.2  15.9   1   2         0         0 1053.7  11.4     5   517    45   592    42   601 0.96 -
TRINITY_DN40486_c0_g1_i2:131-2107   -            659 37804at7898          -            557         0 1118.2  15.9   2   2   3.4e-19   6.3e-17   61.0   0.1   515   557   614   656   606   656 0.91 -
TRINITY_DN2896_c1_g1_i1:206-2173    -            656 37804at7898          -            557   3.1e-89  299.7   3.8   1   2   1.7e-78   3.1e-76  256.8   0.0     9   293    32   330    29   346 0.89 -
TRINITY_DN2896_c1_g1_i1:206-2173    -            656 37804at7898          -            557   3.1e-89  299.7   3.8   2   2   1.3e-12   2.4e-10   39.3   5.3   309   529   381   603   342   610 0.76 -
TRINITY_DN15704_c0_g1_i3:551-2293   -            581 37804at7898          -            557   9.3e-67  225.5  15.8   1   2   1.3e-55   2.4e-53  181.2   0.0    36   275     5   250     1   278 0.91 -
TRINITY_DN15704_c0_g1_i3:551-2293   -            581 37804at7898          -            557   9.3e-67  225.5  15.8   2   2   5.6e-14     1e-11   43.8  14.3   310   516   314   525   306   533 0.87 -
TRINITY_DN15704_c0_g1_i6:534-2276   -            581 37804at7898          -            557   9.3e-67  225.5  15.8   1   2   1.3e-55   2.4e-53  181.2   0.0    36   275     5   250     1   278 0.91 -
TRINITY_DN15704_c0_g1_i6:534-2276   -            581 37804at7898          -            557   9.3e-67  225.5  15.8   2   2   5.6e-14     1e-11   43.8  14.3   310   516   314   525   306   533 0.87 -
TRINITY_DN15704_c0_g1_i7:548-2290   -            581 37804at7898          -            557   9.3e-67  225.5  15.8   1   2   1.3e-55   2.4e-53  181.2   0.0    36   275     5   250     1   278 0.91 -
TRINITY_DN15704_c0_g1_i7:548-2290   -            581 37804at7898          -            557   9.3e-67  225.5  15.8   2   2   5.6e-14     1e-11   43.8  14.3   310   516   314   525   306   533 0.87 -
TRINITY_DN15704_c0_g1_i2:548-2200   -            551 37804at7898          -            557   9.8e-63  212.2   8.1   1   2   1.2e-55   2.1e-53  181.4   0.0    36   275     5   250     1   277 0.91 -
TRINITY_DN15704_c0_g1_i2:548-2200   -            551 37804at7898          -            557   9.8e-63  212.2   8.1   2   2   7.6e-10   1.4e-07   30.2   6.7   390   516   365   495   353   503 0.84 -
TRINITY_DN12327_c0_g1_i11:452-2179  -            576 37804at7898          -            557   2.3e-56  191.2  12.2   1   2   2.8e-51   5.1e-49  166.9   0.0    54   274     2   227     1   256 0.91 -
TRINITY_DN12327_c0_g1_i11:452-2179  -            576 37804at7898          -            557   2.3e-56  191.2  12.2   2   2     3e-07   5.5e-05   21.6  13.0   293   516   284   511   254   517 0.85 -
TRINITY_DN12327_c0_g1_i12:409-2136  -            576 37804at7898          -            557   2.3e-56  191.2  12.2   1   2   2.8e-51   5.1e-49  166.9   0.0    54   274     2   227     1   256 0.91 -
TRINITY_DN12327_c0_g1_i12:409-2136  -            576 37804at7898          -            557   2.3e-56  191.2  12.2   2   2     3e-07   5.5e-05   21.6  13.0   293   516   284   511   254   517 0.85 -
TRINITY_DN12327_c0_g1_i15:409-2136  -            576 37804at7898          -            557   2.3e-56  191.2  12.2   1   2   2.8e-51   5.1e-49  166.9   0.0    54   274     2   227     1   256 0.91 -
TRINITY_DN12327_c0_g1_i15:409-2136  -            576 37804at7898          -            557   2.3e-56  191.2  12.2   2   2     3e-07   5.5e-05   21.6  13.0   293   516   284   511   254   517 0.85 -
TRINITY_DN12327_c0_g1_i18:452-2179  -            576 37804at7898          -            557   2.3e-56  191.2  12.2   1   2   2.8e-51   5.1e-49  166.9   0.0    54   274     2   227     1   256 0.91 -
TRINITY_DN12327_c0_g1_i18:452-2179  -            576 37804at7898          -            557   2.3e-56  191.2  12.2   2   2     3e-07   5.5e-05   21.6  13.0   293   516   284   511   254   517 0.85 -
TRINITY_DN12327_c0_g1_i21:149-1876  -            576 37804at7898          -            557   2.3e-56  191.2  12.2   1   2   2.8e-51   5.1e-49  166.9   0.0    54   274     2   227     1   256 0.91 -
TRINITY_DN12327_c0_g1_i21:149-1876  -            576 37804at7898          -            557   2.3e-56  191.2  12.2   2   2     3e-07   5.5e-05   21.6  13.0   293   516   284   511   254   517 0.85 -
TRINITY_DN12327_c0_g1_i25:452-2179  -            576 37804at7898          -            557   2.3e-56  191.2  12.2   1   2   2.8e-51   5.1e-49  166.9   0.0    54   274     2   227     1   256 0.91 -
TRINITY_DN12327_c0_g1_i25:452-2179  -            576 37804at7898          -            557   2.3e-56  191.2  12.2   2   2     3e-07   5.5e-05   21.6  13.0   293   516   284   511   254   517 0.85 -
TRINITY_DN5032_c0_g1_i1:2-1681      -            560 37804at7898          -            557   2.8e-55  187.6   7.5   1   2   5.1e-46   9.3e-44  149.6   0.0    95   275    12   197     6   212 0.92 -
TRINITY_DN5032_c0_g1_i1:2-1681      -            560 37804at7898          -            557   2.8e-55  187.6   7.5   2   2   1.8e-11   3.2e-09   35.6   8.0   296   516   255   479   228   490 0.84 -
TRINITY_DN2095_c1_g2_i1:1506-6572   -           1689 37804at7898          -            557   8.1e-37  126.7   0.0   1   2   2.1e-18   3.8e-16   58.4   0.0    49   253   393   593   371   639 0.85 -
TRINITY_DN2095_c1_g2_i1:1506-6572   -           1689 37804at7898          -            557   8.1e-37  126.7   0.0   2   2   1.4e-20   2.5e-18   65.6   0.0    40   248  1395  1600  1379  1606 0.90 -
TRINITY_DN10076_c0_g1_i1:0-7946     -           2649 37804at7898          -            557   2.4e-36  125.1   0.0   1   2   4.5e-19   8.3e-17   60.6   0.0    36   249  1419  1630  1407  1638 0.84 -
TRINITY_DN10076_c0_g1_i1:0-7946     -           2649 37804at7898          -            557   2.4e-36  125.1   0.0   2   2   1.9e-19   3.5e-17   61.9   0.0    36   249  2328  2542  2309  2556 0.88 -
TRINITY_DN2095_c0_g1_i14:1002-6095  -           1698 37804at7898          -            557   5.9e-35  120.5   0.0   1   2   5.5e-20     1e-17   63.6   0.0    47   240   397   586   378   621 0.89 -
TRINITY_DN2095_c0_g1_i14:1002-6095  -           1698 37804at7898          -            557   5.9e-35  120.5   0.0   2   2   3.7e-17   6.7e-15   54.3   0.0    35   249  1399  1610  1384  1616 0.87 -
TRINITY_DN2095_c0_g1_i3:1002-6140   -           1713 37804at7898          -            557   6.4e-35  120.4   0.0   1   2   5.9e-20   1.1e-17   63.5   0.0    47   240   397   586   378   602 0.89 -
TRINITY_DN2095_c0_g1_i3:1002-6140   -           1713 37804at7898          -            557   6.4e-35  120.4   0.0   2   2   3.7e-17   6.8e-15   54.3   0.0    35   249  1414  1625  1399  1631 0.87 -
TRINITY_DN12488_c0_g1_i2:0-3224     -           1075 37804at7898          -            557   1.7e-34  119.0   0.0   1   2     9e-22   1.6e-19   69.5   0.0    35   240    80   283    66   297 0.85 -
TRINITY_DN12488_c0_g1_i2:0-3224     -           1075 37804at7898          -            557   1.7e-34  119.0   0.0   2   2   5.7e-15     1e-12   47.1   0.0    29   191   899  1059   871  1073 0.86 -
TRINITY_DN15678_c0_g2_i1:162-1961   -            600 37804at7898          -            557   5.2e-21   74.5   0.0   1   1   4.2e-23   7.7e-21   73.9   0.0    31   241   263   469   255   481 0.91 -
TRINITY_DN4035_c0_g4_i1:317-2497    -            727 37804at7898          -            557   1.5e-19   69.7   0.0   1   1     8e-22   1.5e-19   69.7   0.0    33   234   530   727   520   727 0.86 -
TRINITY_DN5106_c0_g1_i4:45-2618     -            858 37804at7898          -            557   3.5e-19   68.5   0.7   1   2   3.7e-12   6.7e-10   37.8   0.1    39   216     3   169     1   198 0.82 -
TRINITY_DN5106_c0_g1_i4:45-2618     -            858 37804at7898          -            557   3.5e-19   68.5   0.7   2   2   2.4e-09   4.3e-07   28.5   0.1    34   237   648   850   636   858 0.70 -
TRINITY_DN5106_c0_g1_i5:45-2615     -            857 37804at7898          -            557   3.5e-19   68.5   0.7   1   2   3.7e-12   6.7e-10   37.8   0.1    39   216     3   169     1   198 0.82 -
TRINITY_DN5106_c0_g1_i5:45-2615     -            857 37804at7898          -            557   3.5e-19   68.5   0.7   2   2   2.4e-09   4.3e-07   28.5   0.1    34   237   647   849   635   857 0.70 -
TRINITY_DN423_c0_g3_i2:160-1755     -            532 37804at7898          -            557   4.1e-17   61.6   0.0   1   2   1.3e-10   2.3e-08   32.7   0.0    41   189    19   182    10   226 0.74 -
TRINITY_DN423_c0_g3_i2:160-1755     -            532 37804at7898          -            557   4.1e-17   61.6   0.0   2   2   1.7e-07     3e-05   22.4   0.0    38   194   339   479   330   502 0.73 -
TRINITY_DN423_c0_g3_i4:160-1755     -            532 37804at7898          -            557   4.1e-17   61.6   0.0   1   2   1.3e-10   2.3e-08   32.7   0.0    41   189    19   182    10   226 0.74 -
TRINITY_DN423_c0_g3_i4:160-1755     -            532 37804at7898          -            557   4.1e-17   61.6   0.0   2   2   1.7e-07     3e-05   22.4   0.0    38   194   339   479   330   502 0.73 -
TRINITY_DN423_c0_g3_i6:160-1755     -            532 37804at7898          -            557   4.1e-17   61.6   0.0   1   2   1.3e-10   2.3e-08   32.7   0.0    41   189    19   182    10   226 0.74 -
TRINITY_DN423_c0_g3_i6:160-1755     -            532 37804at7898          -            557   4.1e-17   61.6   0.0   2   2   1.7e-07     3e-05   22.4   0.0    38   194   339   479   330   502 0.73 -
TRINITY_DN886_c2_g1_i1:855-3083     -            743 37804at7898          -            557     6e-17   61.1   0.0   1   1   5.2e-19   9.5e-17   60.4   0.0    36   214   475   655   468   685 0.81 -
TRINITY_DN1379_c0_g1_i4:55-1617     -            521 37804at7898          -            557   1.9e-16   59.4   0.2   1   1   2.2e-18   3.9e-16   58.4   0.2    35   245   298   508   288   513 0.81 -
TRINITY_DN16709_c0_g1_i1:610-2124   -            505 37804at7898          -            557   2.4e-16   59.1   0.1   1   1   2.4e-18   4.4e-16   58.2   0.1    29   244   276   491   269   498 0.83 -
TRINITY_DN16709_c0_g1_i4:610-2124   -            505 37804at7898          -            557   2.4e-16   59.1   0.1   1   1   2.4e-18   4.4e-16   58.2   0.1    29   244   276   491   269   498 0.83 -
TRINITY_DN16709_c0_g1_i7:610-2124   -            505 37804at7898          -            557   2.4e-16   59.1   0.1   1   1   2.4e-18   4.4e-16   58.2   0.1    29   244   276   491   269   498 0.83 -
TRINITY_DN2095_c0_g1_i15:1002-4139  -           1046 37804at7898          -            557   1.8e-15   56.2   0.0   1   1   1.8e-17   3.2e-15   55.4   0.0    35   249   747   958   732   964 0.87 -
TRINITY_DN1379_c0_g1_i3:38-1522     -            495 37804at7898          -            557   2.2e-14   52.6   0.1   1   1   2.1e-16   3.8e-14   51.8   0.1    37   241   272   478   263   487 0.73 -
TRINITY_DN2311_c0_g1_i6:406-4371    -           1322 37804at7898          -            557   2.5e-14   52.4   3.6   1   2     5e-10     9e-08   30.8   0.1    38   243   452   646   438   654 0.75 -
TRINITY_DN2311_c0_g1_i6:406-4371    -           1322 37804at7898          -            557   2.5e-14   52.4   3.6   2   2   1.6e-06   0.00029   19.2   0.9    37   198  1113  1276  1099  1320 0.68 -
TRINITY_DN2311_c0_g1_i5:811-4770    -           1320 37804at7898          -            557   3.8e-14   51.8   3.8   1   2   1.1e-09   1.9e-07   29.7   0.1    38   243   452   646   437   655 0.75 -
TRINITY_DN2311_c0_g1_i5:811-4770    -           1320 37804at7898          -            557   3.8e-14   51.8   3.8   2   2   1.6e-06   0.00029   19.2   0.9    37   198  1113  1276  1099  1319 0.68 -
TRINITY_DN16662_c1_g1_i2:551-2856   -            693 37804at7898          -            557   4.4e-14   51.6   0.0   1   1   4.8e-16   8.7e-14   50.6   0.0    32   244   452   667   444   672 0.75 -
TRINITY_DN16662_c1_g1_i1:551-2629   -            693 37804at7898          -            557   4.4e-14   51.6   0.0   1   1   4.8e-16   8.7e-14   50.6   0.0    32   244   452   667   444   672 0.75 -
TRINITY_DN7000_c0_g2_i1:846-2441    -            532 37804at7898          -            557     5e-14   51.4   0.0   1   3   1.4e-10   2.6e-08   32.5   0.0    36   243    16   230     6   238 0.70 -
TRINITY_DN7000_c0_g2_i1:846-2441    -            532 37804at7898          -            557     5e-14   51.4   0.0   2   3      0.23        41    2.2   0.0    37    73   329   365   318   394 0.84 -
TRINITY_DN7000_c0_g2_i1:846-2441    -            532 37804at7898          -            557     5e-14   51.4   0.0   3   3   0.00045     0.081   11.1   0.0   156   193   434   471   425   481 0.89 -
TRINITY_DN16709_c0_g1_i7:2392-4122  -            577 37804at7898          -            557   6.3e-14   51.1   0.1   1   1   8.9e-16   1.6e-13   49.8   0.1    32   243   349   562   343   572 0.78 -
TRINITY_DN16709_c0_g1_i2:147-1904   -            586 37804at7898          -            557   6.6e-14   51.0   0.1   1   1   9.2e-16   1.7e-13   49.7   0.1    32   243   358   571   352   581 0.78 -
TRINITY_DN2311_c0_g1_i2:786-4442    -           1219 37804at7898          -            557   1.7e-13   49.7   4.3   1   2   9.5e-10   1.7e-07   29.8   0.1    38   243   349   543   334   552 0.75 -
TRINITY_DN2311_c0_g1_i2:786-4442    -           1219 37804at7898          -            557   1.7e-13   49.7   4.3   2   2   9.7e-06    0.0018   16.6   1.1    37   198  1010  1173   996  1217 0.67 -
TRINITY_DN1100_c0_g1_i4:569-2059    -            497 37804at7898          -            557   2.4e-13   49.2   0.1   1   1   2.1e-15   3.9e-13   48.5   0.1    33   244   273   486   263   493 0.77 -
TRINITY_DN7000_c0_g1_i1:993-2507    -            505 37804at7898          -            557   6.1e-13   47.8   0.0   1   3   2.2e-10     4e-08   31.9   0.0    36   215    16   202     6   233 0.75 -
TRINITY_DN7000_c0_g1_i1:993-2507    -            505 37804at7898          -            557   6.1e-13   47.8   0.0   2   3      0.08        15    3.7   0.0    37    82   329   374   318   396 0.82 -
TRINITY_DN7000_c0_g1_i1:993-2507    -            505 37804at7898          -            557   6.1e-13   47.8   0.0   3   3    0.0075       1.4    7.1   0.0   156   194   434   472   425   485 0.89 -
TRINITY_DN7000_c0_g1_i5:448-2028    -            527 37804at7898          -            557   8.1e-13   47.4   0.0   1   3   2.5e-10   4.6e-08   31.7   0.0    36   215    16   202     7   233 0.75 -
TRINITY_DN7000_c0_g1_i5:448-2028    -            527 37804at7898          -            557   8.1e-13   47.4   0.0   2   3     0.085        15    3.6   0.0    37    82   329   374   318   396 0.82 -
TRINITY_DN7000_c0_g1_i5:448-2028    -            527 37804at7898          -            557   8.1e-13   47.4   0.0   3   3    0.0086       1.6    6.9   0.0   156   193   434   471   425   482 0.89 -
TRINITY_DN5288_c0_g1_i1:480-1880    -            467 37804at7898          -            557   1.1e-12   47.0   0.0   1   3   1.1e-07     2e-05   23.1   0.0    49   215     1   173     1   180 0.81 -
TRINITY_DN5288_c0_g1_i1:480-1880    -            467 37804at7898          -            557   1.1e-12   47.0   0.0   2   3   0.00099      0.18   10.0   0.0    28    80   249   302   226   320 0.75 -
TRINITY_DN5288_c0_g1_i1:480-1880    -            467 37804at7898          -            557   1.1e-12   47.0   0.0   3   3    0.0008      0.15   10.3   0.0   155   190   358   393   338   419 0.81 -
TRINITY_DN5288_c0_g1_i4:480-1880    -            467 37804at7898          -            557   1.1e-12   47.0   0.0   1   3   1.1e-07     2e-05   23.1   0.0    49   215     1   173     1   180 0.81 -
TRINITY_DN5288_c0_g1_i4:480-1880    -            467 37804at7898          -            557   1.1e-12   47.0   0.0   2   3   0.00099      0.18   10.0   0.0    28    80   249   302   226   320 0.75 -
TRINITY_DN5288_c0_g1_i4:480-1880    -            467 37804at7898          -            557   1.1e-12   47.0   0.0   3   3    0.0008      0.15   10.3   0.0   155   190   358   393   338   419 0.81 -
TRINITY_DN4888_c0_g1_i11:1141-4917  -           1259 37804at7898          -            557   1.9e-12   46.2   0.2   1   2   8.3e-10   1.5e-07   30.0   0.0    35   290   416   665   399   678 0.73 -
TRINITY_DN4888_c0_g1_i11:1141-4917  -           1259 37804at7898          -            557   1.9e-12   46.2   0.2   2   2   0.00024     0.044   12.0   0.1    39   201  1055  1218  1051  1255 0.67 -
TRINITY_DN31043_c0_g1_i3:836-4366   -           1177 37804at7898          -            557   3.9e-12   45.2   4.6   1   2   1.3e-07   2.4e-05   22.8   0.1    36   193   312   458   304   481 0.83 -
TRINITY_DN31043_c0_g1_i3:836-4366   -           1177 37804at7898          -            557   3.9e-12   45.2   4.6   2   2   9.1e-07   0.00017   20.0   1.0    38   236   969  1166   956  1176 0.67 -
TRINITY_DN12359_c0_g1_i2:831-2522   -            564 37804at7898          -            557   4.8e-12   44.9   0.0   1   1   4.3e-14   7.8e-12   44.2   0.0    29   243   337   550   326   558 0.73 -
TRINITY_DN12359_c0_g1_i11:819-2510  -            564 37804at7898          -            557   4.9e-12   44.9   0.0   1   1   4.3e-14   7.8e-12   44.2   0.0    29   243   333   546   322   554 0.73 -
TRINITY_DN4888_c0_g1_i17:1140-4919  -           1260 37804at7898          -            557   4.9e-12   44.9   0.3   1   2   2.2e-09   3.9e-07   28.7   0.0    36   289   417   665   402   678 0.69 -
TRINITY_DN4888_c0_g1_i17:1140-4919  -           1260 37804at7898          -            557   4.9e-12   44.9   0.3   2   2   0.00024     0.044   12.0   0.1    39   201  1056  1219  1052  1256 0.67 -
TRINITY_DN12359_c0_g1_i5:403-1800   -            466 37804at7898          -            557   5.7e-12   44.6   0.0   1   1   4.9e-14     9e-12   44.0   0.0    29   210   239   423   228   458 0.74 -
TRINITY_DN4888_c0_g1_i22:246-4411   -           1264 37804at7898          -            557   6.7e-12   44.4   0.1   1   2   5.6e-09     1e-06   27.3   0.0    35   243   416   611   398   624 0.73 -
TRINITY_DN4888_c0_g1_i22:246-4411   -           1264 37804at7898          -            557   6.7e-12   44.4   0.1   2   2   9.8e-05     0.018   13.3   0.0    39   199  1053  1214  1048  1245 0.72 -
TRINITY_DN12359_c0_g1_i8:403-2040   -            546 37804at7898          -            557   7.9e-12   44.2   0.0   1   1   7.1e-14   1.3e-11   43.5   0.0    29   210   319   503   308   538 0.74 -
TRINITY_DN4888_c0_g1_i10:1140-4910  -           1257 37804at7898          -            557   1.5e-11   43.3   0.2   1   2   5.6e-09     1e-06   27.3   0.0    35   243   416   611   398   624 0.73 -
TRINITY_DN4888_c0_g1_i10:1140-4910  -           1257 37804at7898          -            557   1.5e-11   43.3   0.2   2   2   0.00024     0.044   12.0   0.1    39   201  1053  1216  1049  1253 0.67 -
TRINITY_DN4888_c0_g1_i8:1115-4885   -           1257 37804at7898          -            557   1.5e-11   43.3   0.2   1   2   5.6e-09     1e-06   27.3   0.0    35   243   416   611   398   624 0.73 -
TRINITY_DN4888_c0_g1_i8:1115-4885   -           1257 37804at7898          -            557   1.5e-11   43.3   0.2   2   2   0.00024     0.044   12.0   0.1    39   201  1053  1216  1049  1253 0.67 -
TRINITY_DN1100_c0_g1_i7:919-2501    -            487 37804at7898          -            557     1e-10   40.5   0.0   1   1   8.9e-13   1.6e-10   39.8   0.0    36   198   260   425   237   469 0.80 -
TRINITY_DN6949_c0_g2_i2:519-2261    -            581 37804at7898          -            557   3.5e-10   38.8   0.0   1   1   3.1e-12   5.7e-10   38.0   0.0    35   197   358   521   346   569 0.75 -
TRINITY_DN2311_c0_g1_i9:14-2941     -            976 37804at7898          -            557     5e-10   38.2   1.0   1   2     3e-10   5.4e-08   31.5   0.1    38   243   266   460   251   469 0.75 -
TRINITY_DN2311_c0_g1_i9:14-2941     -            976 37804at7898          -            557     5e-10   38.2   1.0   2   2     0.091        17    3.5   0.1    37    85   927   975   913   976 0.84 -
TRINITY_DN1100_c0_g1_i10:931-2409   -            493 37804at7898          -            557   6.5e-10   37.9   0.0   1   1   5.7e-12     1e-09   37.2   0.0    37   198   271   435   255   479 0.79 -
TRINITY_DN1100_c0_g1_i11:931-2409   -            493 37804at7898          -            557   6.5e-10   37.9   0.0   1   1   5.7e-12     1e-09   37.2   0.0    37   198   271   435   255   479 0.79 -
TRINITY_DN1100_c0_g1_i1:931-2409    -            493 37804at7898          -            557   6.5e-10   37.9   0.0   1   1   5.7e-12     1e-09   37.2   0.0    37   198   271   435   255   479 0.79 -
TRINITY_DN1100_c0_g1_i2:931-2409    -            493 37804at7898          -            557   6.5e-10   37.9   0.0   1   1   5.7e-12     1e-09   37.2   0.0    37   198   271   435   255   479 0.79 -
TRINITY_DN5432_c0_g1_i1:2-1501      -            500 37804at7898          -            557   1.2e-09   37.0   0.0   1   3   6.8e-06    0.0012   17.1   0.0    58   227     3   185     1   233 0.55 -
TRINITY_DN5432_c0_g1_i1:2-1501      -            500 37804at7898          -            557   1.2e-09   37.0   0.0   2   3      0.11        21    3.2   0.0    37    78   297   338   284   359 0.83 -
TRINITY_DN5432_c0_g1_i1:2-1501      -            500 37804at7898          -            557   1.2e-09   37.0   0.0   3   3   0.00016     0.029   12.6   0.0   152   200   397   445   390   475 0.82 -
TRINITY_DN5432_c0_g1_i4:2-1501      -            500 37804at7898          -            557   1.2e-09   37.0   0.0   1   3   6.8e-06    0.0012   17.1   0.0    58   227     3   185     1   233 0.55 -
TRINITY_DN5432_c0_g1_i4:2-1501      -            500 37804at7898          -            557   1.2e-09   37.0   0.0   2   3      0.11        21    3.2   0.0    37    78   297   338   284   359 0.83 -
TRINITY_DN5432_c0_g1_i4:2-1501      -            500 37804at7898          -            557   1.2e-09   37.0   0.0   3   3   0.00016     0.029   12.6   0.0   152   200   397   445   390   475 0.82 -
TRINITY_DN8550_c0_g1_i2:241-1467    -            409 37804at7898          -            557   2.3e-09   36.0   0.9   1   1   4.8e-11   8.8e-09   34.1   0.9    38   246   164   362   158   369 0.86 -
TRINITY_DN15283_c0_g2_i1:700-2370   -            557 37804at7898          -            557   2.5e-09   35.9   0.0   1   1   2.2e-11     4e-09   35.2   0.0    38   245   342   548   331   554 0.78 -
TRINITY_DN15283_c0_g2_i2:694-2364   -            557 37804at7898          -            557   2.5e-09   35.9   0.0   1   1   2.2e-11     4e-09   35.2   0.0    38   245   342   548   331   554 0.78 -
TRINITY_DN15283_c0_g2_i3:694-2364   -            557 37804at7898          -            557   2.5e-09   35.9   0.0   1   1   2.2e-11     4e-09   35.2   0.0    38   245   342   548   331   554 0.78 -
TRINITY_DN15283_c0_g2_i4:694-2364   -            557 37804at7898          -            557   2.5e-09   35.9   0.0   1   1   2.2e-11     4e-09   35.2   0.0    38   245   342   548   331   554 0.78 -
TRINITY_DN5432_c0_g1_i3:1-1386      -            462 37804at7898          -            557   5.7e-09   34.7   0.0   1   3     3e-05    0.0054   15.0   0.0   156   227    80   147    63   197 0.74 -
TRINITY_DN5432_c0_g1_i3:1-1386      -            462 37804at7898          -            557   5.7e-09   34.7   0.0   2   3       0.1        19    3.3   0.0    37    78   259   300   246   321 0.83 -
TRINITY_DN5432_c0_g1_i3:1-1386      -            462 37804at7898          -            557   5.7e-09   34.7   0.0   3   3   0.00015     0.027   12.7   0.0   152   200   359   407   352   433 0.82 -
TRINITY_DN8550_c0_g1_i3:241-1479    -            413 37804at7898          -            557   1.5e-08   33.4   1.3   1   1     5e-10   9.2e-08   30.8   1.3    38   246   168   366   158   377 0.85 -
TRINITY_DN3292_c0_g2_i1:243-1421    -            393 37804at7898          -            557   0.00053   18.3   1.2   1   2      0.67   1.2e+02    0.6   0.5   401   452   133   188    99   216 0.70 -
TRINITY_DN3292_c0_g2_i1:243-1421    -            393 37804at7898          -            557   0.00053   18.3   1.2   2   2   1.5e-05    0.0027   16.0   0.0    36    67   355   386   346   389 0.93 -
TRINITY_DN23153_c0_g1_i11:1787-2260 -            158 37804at7898          -            557     0.033   12.4   2.1   1   1   0.00021     0.039   12.2   2.1   331   436    16   130     8   147 0.68 -
TRINITY_DN23153_c0_g1_i1:1790-2263  -            158 37804at7898          -            557     0.033   12.4   2.1   1   1   0.00021     0.039   12.2   2.1   331   436    16   130     8   147 0.68 -
TRINITY_DN23153_c0_g1_i5:1226-1699  -            158 37804at7898          -            557     0.033   12.4   2.1   1   1   0.00021     0.039   12.2   2.1   331   436    16   130     8   147 0.68 -
TRINITY_DN8460_c0_g1_i4:39-1379     -            447 37804at7898          -            557     0.038   12.2   0.0   1   2         4   7.3e+02   -1.9   0.0    70   106    42    79    25    96 0.70 -
TRINITY_DN8460_c0_g1_i4:39-1379     -            447 37804at7898          -            557     0.038   12.2   0.0   2   2    0.0015      0.27    9.4   0.0    41   187   244   387   237   413 0.65 -
#
# Program:         hmmsearch
# Version:         3.1b2 (February 2015)
# Pipeline mode:   SEARCH
# Query file:      /home/ericjuo/Projects/salmo_trutta_rna_seq/busco_downloads/lineages/actinopterygii_odb10/hmms/37804at7898.hmm
# Target file:     /home/ericjuo/Projects/salmo_trutta_rna_seq/data/02_intermediate/busco/run_actinopterygii_odb10/metaeuk_output/initial_results/trinity.Trinity.fasta.modified.fas
# Option settings: hmmsearch --domtblout /home/ericjuo/Projects/salmo_trutta_rna_seq/data/02_intermediate/busco/run_actinopterygii_odb10/hmmer_output/initial_run_results/37804at7898.out --cpu 1 /home/ericjuo/Projects/salmo_trutta_rna_seq/busco_downloads/lineages/actinopterygii_odb10/hmms/37804at7898.hmm /home/ericjuo/Projects/salmo_trutta_rna_seq/data/02_intermediate/busco/run_actinopterygii_odb10/metaeuk_output/initial_results/trinity.Trinity.fasta.modified.fas 
# Current dir:     /home/ericjuo/Projects/salmo_trutta_rna_seq
# Date:            Fri Apr 29 12:53:20 2022
# [ok]
