#                                                                                           --- full sequence --- -------------- this domain -------------   hmm coord   ali coord   env coord
# target name                       accession   tlen query name           accession   qlen   E-value  score  bias   #  of  c-Evalue  i-Evalue  score  bias  from    to  from    to  from    to  acc description of target
#               ------------------- ---------- ----- -------------------- ---------- ----- --------- ------ ----- --- --- --------- --------- ------ ----- ----- ----- ----- ----- ----- ----- ---- ---------------------
TRINITY_DN52927_c0_g1_i1:130-3579   -           1150 4029at7898           -            985    1e-288  959.8  47.3   1   4   3.6e-49     5e-47  159.8   0.0     5   260     2   271     1   276 0.88 -
TRINITY_DN52927_c0_g1_i1:130-3579   -           1150 4029at7898           -            985    1e-288  959.8  47.3   2   4  7.6e-121  1.1e-118  397.0  16.5   229   605   305   700   302   703 0.91 -
TRINITY_DN52927_c0_g1_i1:130-3579   -           1150 4029at7898           -            985    1e-288  959.8  47.3   3   4   4.8e-12   6.7e-10   36.9  13.5   522   590   702   771   700   771 0.89 -
TRINITY_DN52927_c0_g1_i1:130-3579   -           1150 4029at7898           -            985    1e-288  959.8  47.3   4   4  7.6e-119  1.1e-116  390.4   4.0   611   985   761  1142   753  1142 0.91 -
TRINITY_DN16512_c0_g2_i1:2404-6165  -           1254 4029at7898           -            985     3e-95  319.4  38.9   1   6     2e-33   2.7e-31  107.7   3.3   765   962    38   244    25   258 0.89 -
TRINITY_DN16512_c0_g2_i1:2404-6165  -           1254 4029at7898           -            985     3e-95  319.4  38.9   2   6   8.6e-18   1.2e-15   55.9   0.0   772   963   357   563   338   584 0.84 -
TRINITY_DN16512_c0_g2_i1:2404-6165  -           1254 4029at7898           -            985     3e-95  319.4  38.9   3   6      0.43        61    0.6   1.8   523   560   594   632   587   641 0.73 -
TRINITY_DN16512_c0_g2_i1:2404-6165  -           1254 4029at7898           -            985     3e-95  319.4  38.9   4   6   2.5e-19   3.4e-17   61.0   0.0   768   963   670   880   640   902 0.80 -
TRINITY_DN16512_c0_g2_i1:2404-6165  -           1254 4029at7898           -            985     3e-95  319.4  38.9   5   6       0.3        41    1.2   2.6   515   557   910   952   881   962 0.76 -
TRINITY_DN16512_c0_g2_i1:2404-6165  -           1254 4029at7898           -            985     3e-95  319.4  38.9   6   6   1.8e-35   2.6e-33  114.4   0.5   770   964   996  1196   992  1220 0.87 -
TRINITY_DN2080_c3_g1_i3:7632-10841  -           1070 4029at7898           -            985   2.4e-74  250.2  45.7   1   6   8.8e-07   0.00012   19.5   0.2   812   875     2    66     1    86 0.77 -
TRINITY_DN2080_c3_g1_i3:7632-10841  -           1070 4029at7898           -            985   2.4e-74  250.2  45.7   2   6   1.7e-22   2.3e-20   71.5   1.8   769   930   183   345   128   348 0.86 -
TRINITY_DN2080_c3_g1_i3:7632-10841  -           1070 4029at7898           -            985   2.4e-74  250.2  45.7   3   6   5.7e-09     8e-07   26.7   0.1   824   945   282   405   282   409 0.81 -
TRINITY_DN2080_c3_g1_i3:7632-10841  -           1070 4029at7898           -            985   2.4e-74  250.2  45.7   4   6       1.9   2.6e+02   -1.5   1.7   522   554   413   444   402   455 0.71 -
TRINITY_DN2080_c3_g1_i3:7632-10841  -           1070 4029at7898           -            985   2.4e-74  250.2  45.7   5   6   2.7e-34   3.7e-32  110.6   1.8   735   969   459   695   447   701 0.86 -
TRINITY_DN2080_c3_g1_i3:7632-10841  -           1070 4029at7898           -            985   2.4e-74  250.2  45.7   6   6     1e-22   1.4e-20   72.3   0.5   778   962   817  1012   797  1036 0.81 -
TRINITY_DN2080_c3_g1_i4:7704-10913  -           1070 4029at7898           -            985   2.4e-74  250.2  45.7   1   6   8.8e-07   0.00012   19.5   0.2   812   875     2    66     1    86 0.77 -
TRINITY_DN2080_c3_g1_i4:7704-10913  -           1070 4029at7898           -            985   2.4e-74  250.2  45.7   2   6   1.7e-22   2.3e-20   71.5   1.8   769   930   183   345   128   348 0.86 -
TRINITY_DN2080_c3_g1_i4:7704-10913  -           1070 4029at7898           -            985   2.4e-74  250.2  45.7   3   6   5.7e-09     8e-07   26.7   0.1   824   945   282   405   282   409 0.81 -
TRINITY_DN2080_c3_g1_i4:7704-10913  -           1070 4029at7898           -            985   2.4e-74  250.2  45.7   4   6       1.9   2.6e+02   -1.5   1.7   522   554   413   444   402   455 0.71 -
TRINITY_DN2080_c3_g1_i4:7704-10913  -           1070 4029at7898           -            985   2.4e-74  250.2  45.7   5   6   2.7e-34   3.7e-32  110.6   1.8   735   969   459   695   447   701 0.86 -
TRINITY_DN2080_c3_g1_i4:7704-10913  -           1070 4029at7898           -            985   2.4e-74  250.2  45.7   6   6     1e-22   1.4e-20   72.3   0.5   778   962   817  1012   797  1036 0.81 -
TRINITY_DN2080_c3_g1_i3:2601-7415   -           1605 4029at7898           -            985   1.8e-63  214.3   3.6   1   4   9.5e-05     0.013   12.7  24.6   536   626   336   433   306   440 0.71 -
TRINITY_DN2080_c3_g1_i3:2601-7415   -           1605 4029at7898           -            985   1.8e-63  214.3   3.6   2   4     2e-41   2.8e-39  134.2   1.1   730   957   447   675   434   687 0.87 -
TRINITY_DN2080_c3_g1_i3:2601-7415   -           1605 4029at7898           -            985   1.8e-63  214.3   3.6   3   4      0.45        63    0.6  21.8   521   601  1201  1282  1195  1298 0.78 -
TRINITY_DN2080_c3_g1_i3:2601-7415   -           1605 4029at7898           -            985   1.8e-63  214.3   3.6   4   4   3.4e-28   4.7e-26   90.4   0.1   791   962  1369  1548  1362  1558 0.89 -
TRINITY_DN2080_c3_g1_i4:2673-7487   -           1605 4029at7898           -            985   1.8e-63  214.3   3.6   1   4   9.5e-05     0.013   12.7  24.6   536   626   336   433   306   440 0.71 -
TRINITY_DN2080_c3_g1_i4:2673-7487   -           1605 4029at7898           -            985   1.8e-63  214.3   3.6   2   4     2e-41   2.8e-39  134.2   1.1   730   957   447   675   434   687 0.87 -
TRINITY_DN2080_c3_g1_i4:2673-7487   -           1605 4029at7898           -            985   1.8e-63  214.3   3.6   3   4      0.45        63    0.6  21.8   521   601  1201  1282  1195  1298 0.78 -
TRINITY_DN2080_c3_g1_i4:2673-7487   -           1605 4029at7898           -            985   1.8e-63  214.3   3.6   4   4   3.4e-28   4.7e-26   90.4   0.1   791   962  1369  1548  1362  1558 0.89 -
TRINITY_DN1854_c0_g1_i2:328-2352    -            675 4029at7898           -            985   4.7e-36  123.5  24.1   1   2     4e-06   0.00056   17.3  16.6   523   601   290   368   281   374 0.80 -
TRINITY_DN1854_c0_g1_i2:328-2352    -            675 4029at7898           -            985   4.7e-36  123.5  24.1   2   2   5.8e-37   8.1e-35  119.4   0.7   768   964   404   611   386   630 0.89 -
TRINITY_DN1854_c0_g1_i3:328-2352    -            675 4029at7898           -            985   4.7e-36  123.5  24.1   1   2     4e-06   0.00056   17.3  16.6   523   601   290   368   281   374 0.80 -
TRINITY_DN1854_c0_g1_i3:328-2352    -            675 4029at7898           -            985   4.7e-36  123.5  24.1   2   2   5.8e-37   8.1e-35  119.4   0.7   768   964   404   611   386   630 0.89 -
TRINITY_DN1854_c0_g1_i5:328-2352    -            675 4029at7898           -            985   4.7e-36  123.5  24.1   1   2     4e-06   0.00056   17.3  16.6   523   601   290   368   281   374 0.80 -
TRINITY_DN1854_c0_g1_i5:328-2352    -            675 4029at7898           -            985   4.7e-36  123.5  24.1   2   2   5.8e-37   8.1e-35  119.4   0.7   768   964   404   611   386   630 0.89 -
TRINITY_DN1854_c0_g1_i6:323-2347    -            675 4029at7898           -            985   4.7e-36  123.5  24.1   1   2     4e-06   0.00056   17.3  16.6   523   601   290   368   281   374 0.80 -
TRINITY_DN1854_c0_g1_i6:323-2347    -            675 4029at7898           -            985   4.7e-36  123.5  24.1   2   2   5.8e-37   8.1e-35  119.4   0.7   768   964   404   611   386   630 0.89 -
TRINITY_DN3967_c0_g1_i11:98-2104    -            669 4029at7898           -            985   4.3e-35  120.3  25.0   1   2   1.6e-05    0.0023   15.3  17.1   525   600   291   365   281   373 0.73 -
TRINITY_DN3967_c0_g1_i11:98-2104    -            669 4029at7898           -            985   4.3e-35  120.3  25.0   2   2   1.1e-36   1.5e-34  118.5   0.9   769   965   402   609   381   620 0.88 -
TRINITY_DN3967_c0_g1_i1:98-2104     -            669 4029at7898           -            985   4.3e-35  120.3  25.0   1   2   1.6e-05    0.0023   15.3  17.1   525   600   291   365   281   373 0.73 -
TRINITY_DN3967_c0_g1_i1:98-2104     -            669 4029at7898           -            985   4.3e-35  120.3  25.0   2   2   1.1e-36   1.5e-34  118.5   0.9   769   965   402   609   381   620 0.88 -
TRINITY_DN3967_c0_g1_i6:98-2104     -            669 4029at7898           -            985   4.3e-35  120.3  25.0   1   2   1.6e-05    0.0023   15.3  17.1   525   600   291   365   281   373 0.73 -
TRINITY_DN3967_c0_g1_i6:98-2104     -            669 4029at7898           -            985   4.3e-35  120.3  25.0   2   2   1.1e-36   1.5e-34  118.5   0.9   769   965   402   609   381   620 0.88 -
TRINITY_DN16512_c0_g2_i1:7-2265     -            753 4029at7898           -            985   3.2e-32  110.8  23.1   1   2   3.6e-06   0.00051   17.4  17.4   522   601   384   465   376   471 0.82 -
TRINITY_DN16512_c0_g2_i1:7-2265     -            753 4029at7898           -            985   3.2e-32  110.8  23.1   2   2   9.2e-33   1.3e-30  105.5   0.3   763   957   495   702   466   707 0.83 -
TRINITY_DN2052_c0_g2_i5:31-2268     -            746 4029at7898           -            985     1e-31  109.1   0.6   1   1   7.4e-34     1e-31  109.1   0.6   781   959   474   670   470   681 0.82 -
TRINITY_DN2052_c0_g2_i7:31-2268     -            746 4029at7898           -            985     1e-31  109.1   0.6   1   1   7.4e-34     1e-31  109.1   0.6   781   959   474   670   470   681 0.82 -
TRINITY_DN27462_c0_g2_i1:26-1576    -            517 4029at7898           -            985     4e-30  103.8 124.0   1   5   2.9e-08   4.1e-06   24.4  18.5   525   619     8   101     3   104 0.78 -
TRINITY_DN27462_c0_g2_i1:26-1576    -            517 4029at7898           -            985     4e-30  103.8 124.0   2   5   2.1e-12     3e-10   38.1  22.3   537   632   100   209    96   228 0.86 -
TRINITY_DN27462_c0_g2_i1:26-1576    -            517 4029at7898           -            985     4e-30  103.8 124.0   3   5   2.3e-05    0.0032   14.8  17.2   521   611   240   333   223   342 0.74 -
TRINITY_DN27462_c0_g2_i1:26-1576    -            517 4029at7898           -            985     4e-30  103.8 124.0   4   5   6.7e-09   9.4e-07   26.5  17.4   538   621   339   423   335   426 0.87 -
TRINITY_DN27462_c0_g2_i1:26-1576    -            517 4029at7898           -            985     4e-30  103.8 124.0   5   5   1.9e-07   2.7e-05   21.6  25.4   532   625   415   517   413   517 0.81 -
TRINITY_DN10584_c0_g1_i12:684-1922  -            413 4029at7898           -            985   6.8e-30  103.1  99.2   1   5   3.6e-07     5e-05   20.8  10.9   523   589     5    68     2    71 0.81 -
TRINITY_DN10584_c0_g1_i12:684-1922  -            413 4029at7898           -            985   6.8e-30  103.1  99.2   2   5   6.8e-08   9.5e-06   23.2  17.3   547   616    71   149    68   160 0.71 -
TRINITY_DN10584_c0_g1_i12:684-1922  -            413 4029at7898           -            985   6.8e-30  103.1  99.2   3   5   8.6e-11   1.2e-08   32.7  21.0   514   619   126   239   123   243 0.85 -
TRINITY_DN10584_c0_g1_i12:684-1922  -            413 4029at7898           -            985   6.8e-30  103.1  99.2   4   5   6.2e-08   8.7e-06   23.3  21.1   537   623   238   326   235   328 0.84 -
TRINITY_DN10584_c0_g1_i12:684-1922  -            413 4029at7898           -            985   6.8e-30  103.1  99.2   5   5   3.5e-09     5e-07   27.4  13.4   529   604   315   391   313   410 0.80 -
TRINITY_DN10584_c0_g1_i10:684-1922  -            413 4029at7898           -            985     1e-29  102.5 101.4   1   5     6e-08   8.4e-06   23.3  19.0   523   607     5    92     2    92 0.77 -
TRINITY_DN10584_c0_g1_i10:684-1922  -            413 4029at7898           -            985     1e-29  102.5 101.4   2   5   6.6e-08   9.2e-06   23.2  20.5   547   630    71   170    68   171 0.77 -
TRINITY_DN10584_c0_g1_i10:684-1922  -            413 4029at7898           -            985     1e-29  102.5 101.4   3   5   7.2e-10     1e-07   29.7  22.3   520   613   132   234   128   241 0.84 -
TRINITY_DN10584_c0_g1_i10:684-1922  -            413 4029at7898           -            985     1e-29  102.5 101.4   4   5   4.5e-08   6.3e-06   23.7  21.0   537   624   238   327   234   328 0.84 -
TRINITY_DN10584_c0_g1_i10:684-1922  -            413 4029at7898           -            985     1e-29  102.5 101.4   5   5   1.4e-09   1.9e-07   28.8  13.7   529   604   315   391   313   410 0.80 -
TRINITY_DN10584_c0_g1_i1:628-1929   -            434 4029at7898           -            985   1.1e-29  102.4 101.3   1   6   1.5e-07   2.1e-05   22.0  11.8   523   589    26    89    14    92 0.82 -
TRINITY_DN10584_c0_g1_i1:628-1929   -            434 4029at7898           -            985   1.1e-29  102.4 101.3   2   6   4.3e-08     6e-06   23.8  13.6   547   612    92   166    89   168 0.80 -
TRINITY_DN10584_c0_g1_i1:628-1929   -            434 4029at7898           -            985   1.1e-29  102.4 101.3   3   6   3.6e-06    0.0005   17.5  10.7   528   589   115   181   115   186 0.94 -
TRINITY_DN10584_c0_g1_i1:628-1929   -            434 4029at7898           -            985   1.1e-29  102.4 101.3   4   6   2.7e-11   3.8e-09   34.4  26.9   515   625   148   275   145   275 0.83 -
TRINITY_DN10584_c0_g1_i1:628-1929   -            434 4029at7898           -            985   1.1e-29  102.4 101.3   5   6   5.6e-08   7.8e-06   23.4  21.0   537   623   259   347   255   349 0.84 -
TRINITY_DN10584_c0_g1_i1:628-1929   -            434 4029at7898           -            985   1.1e-29  102.4 101.3   6   6   2.5e-09   3.6e-07   27.9  12.9   528   604   335   412   333   431 0.80 -
TRINITY_DN10584_c0_g1_i3:864-2132   -            423 4029at7898           -            985   9.9e-26   89.3  84.9   1   4     9e-08   1.3e-05   22.8  19.4   545   616     5    89     2   100 0.71 -
TRINITY_DN10584_c0_g1_i3:864-2132   -            423 4029at7898           -            985   9.9e-26   89.3  84.9   2   4   9.8e-11   1.4e-08   32.6  21.3   514   619    66   179    63   184 0.85 -
TRINITY_DN10584_c0_g1_i3:864-2132   -            423 4029at7898           -            985   9.9e-26   89.3  84.9   3   4   5.7e-08   7.9e-06   23.4  21.3   537   624   178   267   174   268 0.84 -
TRINITY_DN10584_c0_g1_i3:864-2132   -            423 4029at7898           -            985   9.9e-26   89.3  84.9   4   4   1.2e-09   1.7e-07   29.0  15.0   528   600   254   327   252   354 0.78 -
TRINITY_DN27462_c0_g1_i1:618-2285   -            556 4029at7898           -            985   2.3e-24   84.8 104.2   1   6     0.014       1.9    5.6  22.8   521   632    65   178    57   194 0.74 -
TRINITY_DN27462_c0_g1_i1:618-2285   -            556 4029at7898           -            985   2.3e-24   84.8 104.2   2   6   3.6e-06    0.0005   17.5  10.7   537   611   194   276   169   280 0.75 -
TRINITY_DN27462_c0_g1_i1:618-2285   -            556 4029at7898           -            985   2.3e-24   84.8 104.2   3   6   1.8e-13   2.5e-11   41.7  18.6   532   626   277   380   274   382 0.89 -
TRINITY_DN27462_c0_g1_i1:618-2285   -            556 4029at7898           -            985   2.3e-24   84.8 104.2   4   6   3.7e-08   5.2e-06   24.0  17.0   538   611   364   440   361   448 0.87 -
TRINITY_DN27462_c0_g1_i1:618-2285   -            556 4029at7898           -            985   2.3e-24   84.8 104.2   5   6   6.9e-12   9.6e-10   36.4  27.1   536   627   403   504   393   526 0.83 -
TRINITY_DN27462_c0_g1_i1:618-2285   -            556 4029at7898           -            985   2.3e-24   84.8 104.2   6   6   1.8e-06   0.00025   18.5  17.1   537   605   446   516   440   549 0.82 -
TRINITY_DN1953_c1_g1_i3:519-1739    -            407 4029at7898           -            985   9.1e-23   79.5  61.6   1   3    0.0023      0.32    8.2   1.9   549   588     1    42     1    48 0.88 -
TRINITY_DN1953_c1_g1_i3:519-1739    -            407 4029at7898           -            985   9.1e-23   79.5  61.6   2   3     2e-18   2.7e-16   58.0  31.7   520   640    86   213    81   219 0.85 -
TRINITY_DN1953_c1_g1_i3:519-1739    -            407 4029at7898           -            985   9.1e-23   79.5  61.6   3   3   4.7e-08   6.6e-06   23.7  13.6   536   597   220   282   215   300 0.85 -
TRINITY_DN1953_c1_g1_i15:522-1742   -            407 4029at7898           -            985   6.1e-22   76.8  62.0   1   3    0.0023      0.31    8.2   1.8   549   588     1    42     1    47 0.88 -
TRINITY_DN1953_c1_g1_i15:522-1742   -            407 4029at7898           -            985   6.1e-22   76.8  62.0   2   3   1.1e-18   1.6e-16   58.8  30.8   520   639    86   212    79   216 0.86 -
TRINITY_DN1953_c1_g1_i15:522-1742   -            407 4029at7898           -            985   6.1e-22   76.8  62.0   3   3   2.8e-07     4e-05   21.1  13.9   536   589   220   274   217   316 0.82 -
TRINITY_DN1953_c1_g1_i17:522-1742   -            407 4029at7898           -            985   6.1e-22   76.8  62.0   1   3    0.0023      0.31    8.2   1.8   549   588     1    42     1    47 0.88 -
TRINITY_DN1953_c1_g1_i17:522-1742   -            407 4029at7898           -            985   6.1e-22   76.8  62.0   2   3   1.1e-18   1.6e-16   58.8  30.8   520   639    86   212    79   216 0.86 -
TRINITY_DN1953_c1_g1_i17:522-1742   -            407 4029at7898           -            985   6.1e-22   76.8  62.0   3   3   2.8e-07     4e-05   21.1  13.9   536   589   220   274   217   316 0.82 -
TRINITY_DN1953_c1_g1_i8:243-1463    -            407 4029at7898           -            985   6.4e-22   76.7  62.1   1   3    0.0023      0.32    8.2   1.9   549   588     1    42     1    48 0.88 -
TRINITY_DN1953_c1_g1_i8:243-1463    -            407 4029at7898           -            985   6.4e-22   76.7  62.1   2   3   1.1e-18   1.6e-16   58.8  30.8   520   639    86   212    79   216 0.86 -
TRINITY_DN1953_c1_g1_i8:243-1463    -            407 4029at7898           -            985   6.4e-22   76.7  62.1   3   3   2.8e-07     4e-05   21.1  13.9   536   589   220   274   217   316 0.82 -
TRINITY_DN37735_c0_g1_i1:16-495     -            160 4029at7898           -            985   4.6e-18   63.9  39.4   1   2   8.5e-14   1.2e-11   42.7  13.3   538   611     1    84     1    89 0.89 -
TRINITY_DN37735_c0_g1_i1:16-495     -            160 4029at7898           -            985   4.6e-18   63.9  39.4   2   2   4.6e-09   6.5e-07   27.0  19.2   532   606    87   160    82   160 0.82 -
TRINITY_DN16346_c0_g1_i2:7-789      -            261 4029at7898           -            985     3e-17   61.2  67.0   1   3   8.9e-10   1.2e-07   29.4  19.8   522   611     2    94     1   100 0.82 -
TRINITY_DN16346_c0_g1_i2:7-789      -            261 4029at7898           -            985     3e-17   61.2  67.0   2   3   1.6e-07   2.3e-05   21.9  15.1   531   612    94   177    91   181 0.81 -
TRINITY_DN16346_c0_g1_i2:7-789      -            261 4029at7898           -            985     3e-17   61.2  67.0   3   3   2.7e-07   3.7e-05   21.2  20.1   534   608   178   255   173   261 0.85 -
TRINITY_DN26981_c0_g2_i2:16-1023    -            336 4029at7898           -            985   3.4e-17   61.0  68.4   1   4   4.7e-10   6.6e-08   30.3  19.1   560   643     1    94     1    99 0.74 -
TRINITY_DN26981_c0_g2_i2:16-1023    -            336 4029at7898           -            985   3.4e-17   61.0  68.4   2   4   1.9e-08   2.6e-06   25.0  12.7   535   591    56   112    51   115 0.86 -
TRINITY_DN26981_c0_g2_i2:16-1023    -            336 4029at7898           -            985   3.4e-17   61.0  68.4   3   4     4e-10   5.6e-08   30.5  16.3   536   608    98   174    93   193 0.85 -
TRINITY_DN26981_c0_g2_i2:16-1023    -            336 4029at7898           -            985   3.4e-17   61.0  68.4   4   4   8.7e-05     0.012   12.9  16.8   529   625   222   326   205   336 0.72 -
TRINITY_DN34035_c0_g2_i1:103-540    -            146 4029at7898           -            985   2.5e-15   54.9  33.7   1   1     2e-17   2.8e-15   54.7  33.7   524   634     2   121     1   143 0.81 -
TRINITY_DN22120_c0_g1_i3:132-1631   -            500 4029at7898           -            985   2.6e-15   54.8  41.2   1   2   8.9e-10   1.2e-07   29.4  14.4   524   607   126   207   111   210 0.81 -
TRINITY_DN22120_c0_g1_i3:132-1631   -            500 4029at7898           -            985   2.6e-15   54.8  41.2   2   2   7.9e-13   1.1e-10   39.5  18.7   543   623   180   271   180   298 0.81 -
TRINITY_DN22120_c0_g1_i1:132-1991   -            620 4029at7898           -            985   1.3e-14   52.5  40.6   1   2   7.2e-10     1e-07   29.7  14.2   524   609   126   209   111   212 0.81 -
TRINITY_DN22120_c0_g1_i1:132-1991   -            620 4029at7898           -            985   1.3e-14   52.5  40.6   2   2   3.9e-12   5.4e-10   37.2  18.4   545   623   182   271   182   297 0.81 -
TRINITY_DN22120_c0_g1_i2:132-1991   -            620 4029at7898           -            985   1.3e-14   52.5  40.6   1   2   7.2e-10     1e-07   29.7  14.2   524   609   126   209   111   212 0.81 -
TRINITY_DN22120_c0_g1_i2:132-1991   -            620 4029at7898           -            985   1.3e-14   52.5  40.6   2   2   3.9e-12   5.4e-10   37.2  18.4   545   623   182   271   182   297 0.81 -
TRINITY_DN22120_c0_g1_i4:132-2135   -            668 4029at7898           -            985   1.8e-14   52.0  41.0   1   2   1.4e-09     2e-07   28.7  14.5   524   607   126   207   111   210 0.81 -
TRINITY_DN22120_c0_g1_i4:132-2135   -            668 4029at7898           -            985   1.8e-14   52.0  41.0   2   2   2.6e-12   3.6e-10   37.8  18.6   545   623   182   271   181   297 0.81 -
TRINITY_DN8428_c0_g1_i6:465-893     -            143 4029at7898           -            985   4.5e-14   50.7  23.1   1   2   4.8e-07   6.8e-05   20.3   5.4   549   607     1    71     1    73 0.73 -
TRINITY_DN8428_c0_g1_i6:465-893     -            143 4029at7898           -            985   4.5e-14   50.7  23.1   2   2   1.4e-11     2e-09   35.3  13.3   518   590    63   137    53   142 0.88 -
TRINITY_DN15979_c0_g1_i3:490-1965   -            492 4029at7898           -            985     1e-13   49.5 130.1   1   5    0.0028      0.39    7.9  13.9   545   616     4    72     2    80 0.84 -
TRINITY_DN15979_c0_g1_i3:490-1965   -            492 4029at7898           -            985     1e-13   49.5 130.1   2   5   8.8e-10   1.2e-07   29.4  24.6   524   631    61   172    57   182 0.78 -
TRINITY_DN15979_c0_g1_i3:490-1965   -            492 4029at7898           -            985     1e-13   49.5 130.1   3   5   0.00024     0.033   11.4  28.3   530   639   181   293   174   297 0.83 -
TRINITY_DN15979_c0_g1_i3:490-1965   -            492 4029at7898           -            985     1e-13   49.5 130.1   4   5    0.0025      0.34    8.1  17.7   532   613   297   385   293   389 0.78 -
TRINITY_DN15979_c0_g1_i3:490-1965   -            492 4029at7898           -            985     1e-13   49.5 130.1   5   5   3.3e-05    0.0046   14.3  24.1   532   627   383   471   383   492 0.75 -
TRINITY_DN10584_c0_g1_i10:1350-2273 -            308 4029at7898           -            985   2.8e-13   48.1  39.6   1   2   9.4e-08   1.3e-05   22.7  18.1   562   639     1    88     1    93 0.63 -
TRINITY_DN10584_c0_g1_i10:1350-2273 -            308 4029at7898           -            985   2.8e-13   48.1  39.6   2   2   5.2e-10   7.3e-08   30.2  13.3   528   605    92   170    90   193 0.80 -
TRINITY_DN34744_c0_g2_i1:21-413     -            131 4029at7898           -            985   4.4e-13   47.4  32.4   1   2    0.0012      0.16    9.2   6.1   562   608     1    49     1    50 0.72 -
TRINITY_DN34744_c0_g2_i1:21-413     -            131 4029at7898           -            985   4.4e-13   47.4  32.4   2   2     1e-14   1.4e-12   45.7  20.6   525   606    47   130    47   131 0.92 -
TRINITY_DN57052_c0_g1_i1:933-1541   -            203 4029at7898           -            985   1.7e-12   45.5  24.6   1   2   1.2e-14   1.7e-12   45.5  24.6   538   626     2    98     1   112 0.86 -
TRINITY_DN57052_c0_g1_i1:933-1541   -            203 4029at7898           -            985   1.7e-12   45.5  24.6   2   2     0.057         8    3.5  16.3   534   602   115   181   102   196 0.69 -
TRINITY_DN60202_c0_g1_i1:58-399     -            114 4029at7898           -            985   9.9e-12   43.0  24.1   1   2   6.2e-08   8.7e-06   23.3  12.2   523   589     1    66     1    69 0.87 -
TRINITY_DN60202_c0_g1_i1:58-399     -            114 4029at7898           -            985   9.9e-12   43.0  24.1   2   2   6.3e-09   8.7e-07   26.6   3.9   546   589    68   111    66   113 0.95 -
TRINITY_DN1898_c0_g1_i15:617-1825   -            403 4029at7898           -            985   3.6e-11   41.1  24.3   1   1   1.3e-12   1.8e-10   38.8  24.2   534   645     3   131     1   136 0.74 -
TRINITY_DN24791_c0_g3_i1:6-629      -            208 4029at7898           -            985   6.7e-11   40.2  17.8   1   2       0.7        97   -0.1   9.5   542   614     4    77     1    96 0.65 -
TRINITY_DN24791_c0_g3_i1:6-629      -            208 4029at7898           -            985   6.7e-11   40.2  17.8   2   2   4.8e-13   6.7e-11   40.2  17.8   520   614   101   199    93   206 0.82 -
TRINITY_DN3800_c0_g1_i11:1150-3330  -            727 4029at7898           -            985   1.6e-10   39.0  23.5   1   3   1.9e-11   2.7e-09   34.9   8.5   532   594     1    72     1    83 0.81 -
TRINITY_DN3800_c0_g1_i11:1150-3330  -            727 4029at7898           -            985   1.6e-10   39.0  23.5   2   3   1.5e-06   0.00021   18.7   7.0   555   591    85   121    75   153 0.83 -
TRINITY_DN3800_c0_g1_i11:1150-3330  -            727 4029at7898           -            985   1.6e-10   39.0  23.5   3   3       4.8   6.8e+02   -2.8   7.7   261   296   163   199   144   217 0.66 -
TRINITY_DN3800_c0_g1_i17:1150-3330  -            727 4029at7898           -            985   1.6e-10   39.0  23.5   1   3   1.9e-11   2.7e-09   34.9   8.5   532   594     1    72     1    83 0.81 -
TRINITY_DN3800_c0_g1_i17:1150-3330  -            727 4029at7898           -            985   1.6e-10   39.0  23.5   2   3   1.5e-06   0.00021   18.7   7.0   555   591    85   121    75   153 0.83 -
TRINITY_DN3800_c0_g1_i17:1150-3330  -            727 4029at7898           -            985   1.6e-10   39.0  23.5   3   3       4.8   6.8e+02   -2.8   7.7   261   296   163   199   144   217 0.66 -
TRINITY_DN4009_c0_g4_i1:121-2055    -            645 4029at7898           -            985     4e-10   37.6  42.0   1   2   1.1e-05    0.0015   15.9  18.3   533   608   117   191    98   196 0.82 -
TRINITY_DN4009_c0_g4_i1:121-2055    -            645 4029at7898           -            985     4e-10   37.6  42.0   2   2     5e-09   6.9e-07   26.9  16.6   534   611   196   275   193   290 0.81 -
TRINITY_DN3800_c0_g1_i15:1136-3316  -            727 4029at7898           -            985   5.9e-10   37.1  23.5   1   3   7.1e-11     1e-08   33.0   8.5   532   594     1    72     1    83 0.79 -
TRINITY_DN3800_c0_g1_i15:1136-3316  -            727 4029at7898           -            985   5.9e-10   37.1  23.5   2   3   1.5e-06   0.00021   18.7   7.0   555   591    85   121    75   153 0.83 -
TRINITY_DN3800_c0_g1_i15:1136-3316  -            727 4029at7898           -            985   5.9e-10   37.1  23.5   3   3       4.8   6.8e+02   -2.8   7.7   261   296   163   199   144   217 0.66 -
TRINITY_DN15979_c0_g2_i1:133-579    -            149 4029at7898           -            985   6.5e-10   36.9  19.6   1   2     0.077        11    3.1  10.0   561   613     4    53     1    60 0.87 -
TRINITY_DN15979_c0_g2_i1:133-579    -            149 4029at7898           -            985   6.5e-10   36.9  19.6   2   2   4.7e-12   6.5e-10   36.9  19.6   525   616    51   136    50   149 0.82 -
TRINITY_DN37366_c0_g1_i1:33-527     -            165 4029at7898           -            985   6.9e-10   36.9  41.8   1   2   1.8e-07   2.6e-05   21.7  21.5   525   610     3    89     1    94 0.82 -
TRINITY_DN37366_c0_g1_i1:33-527     -            165 4029at7898           -            985   6.9e-10   36.9  41.8   2   2   4.7e-07   6.6e-05   20.4  14.4   532   606    91   165    87   165 0.87 -
TRINITY_DN8428_c0_g1_i2:670-2715    -            682 4029at7898           -            985   7.5e-10   36.7  28.8   1   2     3e-06   0.00041   17.7   4.8   549   610     1    74     1    75 0.78 -
TRINITY_DN8428_c0_g1_i2:670-2715    -            682 4029at7898           -            985   7.5e-10   36.7  28.8   2   2     5e-09     7e-07   26.9  18.5   516   597    61   146    51   168 0.77 -
TRINITY_DN8428_c0_g1_i4:587-2644    -            686 4029at7898           -            985   7.7e-10   36.7  28.8   1   2     3e-06   0.00042   17.7   4.8   549   610     1    74     1    75 0.78 -
TRINITY_DN8428_c0_g1_i4:587-2644    -            686 4029at7898           -            985   7.7e-10   36.7  28.8   2   2     5e-09     7e-07   26.9  18.5   516   597    61   146    51   168 0.77 -
TRINITY_DN8428_c0_g1_i9:355-2412    -            686 4029at7898           -            985   7.7e-10   36.7  28.8   1   2     3e-06   0.00042   17.7   4.8   549   610     1    74     1    75 0.78 -
TRINITY_DN8428_c0_g1_i9:355-2412    -            686 4029at7898           -            985   7.7e-10   36.7  28.8   2   2     5e-09     7e-07   26.9  18.5   516   597    61   146    51   168 0.77 -
TRINITY_DN8428_c0_g1_i8:111-533     -            141 4029at7898           -            985     8e-10   36.6  29.0   1   1   4.4e-11   6.2e-09   33.7  29.0   528   629     8   129     1   141 0.75 -
TRINITY_DN4444_c0_g1_i5:2561-3283   -            241 4029at7898           -            985   9.6e-10   36.4  26.2   1   2   8.9e-07   0.00012   19.5  11.8   522   598    75   140    58   146 0.77 -
TRINITY_DN4444_c0_g1_i5:2561-3283   -            241 4029at7898           -            985   9.6e-10   36.4  26.2   2   2   7.5e-08   1.1e-05   23.0   6.4   516   564   163   218   157   238 0.74 -
TRINITY_DN4444_c0_g1_i7:2561-3283   -            241 4029at7898           -            985   9.6e-10   36.4  26.2   1   2   8.9e-07   0.00012   19.5  11.8   522   598    75   140    58   146 0.77 -
TRINITY_DN4444_c0_g1_i7:2561-3283   -            241 4029at7898           -            985   9.6e-10   36.4  26.2   2   2   7.5e-08   1.1e-05   23.0   6.4   516   564   163   218   157   238 0.74 -
TRINITY_DN4444_c0_g1_i9:2559-3281   -            241 4029at7898           -            985   9.6e-10   36.4  26.0   1   2   8.9e-07   0.00012   19.5  11.8   522   598    75   140    58   146 0.77 -
TRINITY_DN4444_c0_g1_i9:2559-3281   -            241 4029at7898           -            985   9.6e-10   36.4  26.0   2   2   7.5e-08     1e-05   23.0   6.2   516   562   163   213   157   238 0.74 -
TRINITY_DN9299_c0_g2_i1:3279-5537   -            753 4029at7898           -            985   1.8e-09   35.4 101.4   1   4   8.3e-09   1.2e-06   26.2  16.6   532   607    15    91     8    94 0.92 -
TRINITY_DN9299_c0_g2_i1:3279-5537   -            753 4029at7898           -            985   1.8e-09   35.4 101.4   2   4   2.6e-06   0.00037   17.9  12.0   525   638    90   210    89   222 0.73 -
TRINITY_DN9299_c0_g2_i1:3279-5537   -            753 4029at7898           -            985   1.8e-09   35.4 101.4   3   4   3.3e-05    0.0046   14.3   8.6   530   581   643   691   634   695 0.91 -
TRINITY_DN9299_c0_g2_i1:3279-5537   -            753 4029at7898           -            985   1.8e-09   35.4 101.4   4   4   7.4e-06     0.001   16.4  13.2   532   592   683   745   681   751 0.88 -
TRINITY_DN9299_c0_g2_i4:3279-5537   -            753 4029at7898           -            985   1.8e-09   35.4 101.4   1   4   8.3e-09   1.2e-06   26.2  16.6   532   607    15    91     8    94 0.92 -
TRINITY_DN9299_c0_g2_i4:3279-5537   -            753 4029at7898           -            985   1.8e-09   35.4 101.4   2   4   2.6e-06   0.00037   17.9  12.0   525   638    90   210    89   222 0.73 -
TRINITY_DN9299_c0_g2_i4:3279-5537   -            753 4029at7898           -            985   1.8e-09   35.4 101.4   3   4   3.3e-05    0.0046   14.3   8.6   530   581   643   691   634   695 0.91 -
TRINITY_DN9299_c0_g2_i4:3279-5537   -            753 4029at7898           -            985   1.8e-09   35.4 101.4   4   4   7.4e-06     0.001   16.4  13.2   532   592   683   745   681   751 0.88 -
TRINITY_DN18064_c0_g2_i1:148-672    -            175 4029at7898           -            985   4.1e-09   34.3  43.0   1   2     1e-08   1.5e-06   25.9  22.1   532   630     1   105     1   113 0.77 -
TRINITY_DN18064_c0_g2_i1:148-672    -            175 4029at7898           -            985   4.1e-09   34.3  43.0   2   2   5.6e-05    0.0078   13.5  14.5   529   590   114   174   106   175 0.90 -
TRINITY_DN1636_c0_g1_i7:282-1328    -            349 4029at7898           -            985   5.5e-09   33.9  44.6   1   3    0.0016      0.22    8.7   2.3   548   588     3    45     1    57 0.75 -
TRINITY_DN1636_c0_g1_i7:282-1328    -            349 4029at7898           -            985   5.5e-09   33.9  44.6   2   3   2.7e-07   3.7e-05   21.2  14.3   545   609    93   158    85   163 0.86 -
TRINITY_DN1636_c0_g1_i7:282-1328    -            349 4029at7898           -            985   5.5e-09   33.9  44.6   3   3   1.8e-05    0.0026   15.1  13.6   536   590   164   218   158   270 0.77 -
TRINITY_DN1636_c0_g1_i3:282-1328    -            349 4029at7898           -            985   5.9e-09   33.8  44.5   1   3    0.0016      0.22    8.7   2.3   548   588     3    45     1    57 0.75 -
TRINITY_DN1636_c0_g1_i3:282-1328    -            349 4029at7898           -            985   5.9e-09   33.8  44.5   2   3   2.7e-07   3.7e-05   21.2  14.3   545   609    93   158    85   163 0.86 -
TRINITY_DN1636_c0_g1_i3:282-1328    -            349 4029at7898           -            985   5.9e-09   33.8  44.5   3   3     2e-05    0.0027   15.0  13.5   536   590   164   218   158   270 0.77 -
TRINITY_DN1636_c0_g1_i5:282-1328    -            349 4029at7898           -            985   5.9e-09   33.8  44.5   1   3    0.0016      0.22    8.7   2.3   548   588     3    45     1    57 0.75 -
TRINITY_DN1636_c0_g1_i5:282-1328    -            349 4029at7898           -            985   5.9e-09   33.8  44.5   2   3   2.7e-07   3.7e-05   21.2  14.3   545   609    93   158    85   163 0.86 -
TRINITY_DN1636_c0_g1_i5:282-1328    -            349 4029at7898           -            985   5.9e-09   33.8  44.5   3   3     2e-05    0.0027   15.0  13.5   536   590   164   218   158   270 0.77 -
TRINITY_DN1898_c0_g1_i20:593-1831   -            413 4029at7898           -            985   7.3e-09   33.5  26.4   1   1   2.8e-10   3.9e-08   31.0  26.4   536   645     7   133     2   138 0.72 -
TRINITY_DN44204_c0_g1_i1:36-470     -            145 4029at7898           -            985   1.5e-08   32.4  21.6   1   2   1.1e-10   1.5e-08   32.4  21.6   547   626     1    89     1   102 0.84 -
TRINITY_DN44204_c0_g1_i1:36-470     -            145 4029at7898           -            985   1.5e-08   32.4  21.6   2   2     0.061       8.6    3.4   4.6   535   568   108   144    92   145 0.77 -
TRINITY_DN16298_c1_g1_i2:399-734    -            112 4029at7898           -            985   1.8e-08   32.2  22.7   1   1   1.5e-10     2e-08   32.0  22.7   521   621     9   110     3   112 0.82 -
TRINITY_DN1898_c0_g1_i14:617-1825   -            403 4029at7898           -            985   2.4e-08   31.8  25.2   1   1   1.1e-09   1.6e-07   29.0  25.5   537   645     6   131     1   135 0.72 -
TRINITY_DN15979_c0_g1_i4:127-1167   -            347 4029at7898           -            985   3.7e-08   31.1  48.3   1   5       0.7        98   -0.1   9.9   543   597     4    54     1    74 0.68 -
TRINITY_DN15979_c0_g1_i4:127-1167   -            347 4029at7898           -            985   3.7e-08   31.1  48.3   2   5   0.00059     0.082   10.1  16.1   532   613    31   119    21   122 0.78 -
TRINITY_DN15979_c0_g1_i4:127-1167   -            347 4029at7898           -            985   3.7e-08   31.1  48.3   3   5   3.2e-07   4.5e-05   20.9  16.3   532   622   117   200   115   203 0.85 -
TRINITY_DN15979_c0_g1_i4:127-1167   -            347 4029at7898           -            985   3.7e-08   31.1  48.3   4   5   4.4e-08   6.2e-06   23.8  24.0   532   632   199   306   193   316 0.80 -
TRINITY_DN15979_c0_g1_i4:127-1167   -            347 4029at7898           -            985   3.7e-08   31.1  48.3   5   5       5.9   8.2e+02   -3.1   7.4   269   297   315   344   304   347 0.72 -
TRINITY_DN43917_c0_g1_i11:1418-5914 -           1499 4029at7898           -            985   1.3e-07   29.4  64.7   1   5     2e-07   2.8e-05   21.6  24.5   530   632    36   152    24   155 0.81 -
TRINITY_DN43917_c0_g1_i11:1418-5914 -           1499 4029at7898           -            985   1.3e-07   29.4  64.7   2   5   5.7e-06   0.00079   16.8   5.6   522   561   155   194   153   203 0.94 -
TRINITY_DN43917_c0_g1_i11:1418-5914 -           1499 4029at7898           -            985   1.3e-07   29.4  64.7   3   5     2e-05    0.0029   15.0  16.9   527   602   636   709   630   710 0.87 -
TRINITY_DN43917_c0_g1_i11:1418-5914 -           1499 4029at7898           -            985   1.3e-07   29.4  64.7   4   5   1.3e-07   1.8e-05   22.3  18.5   520   600   708   792   704   843 0.85 -
TRINITY_DN43917_c0_g1_i11:1418-5914 -           1499 4029at7898           -            985   1.3e-07   29.4  64.7   5   5   9.6e-05     0.013   12.7  21.7   524   629  1278  1388  1274  1414 0.76 -
TRINITY_DN43917_c0_g1_i14:1418-5872 -           1485 4029at7898           -            985   1.5e-07   29.1  64.9   1   5   2.2e-07     3e-05   21.5  24.6   531   632    23   138    12   141 0.80 -
TRINITY_DN43917_c0_g1_i14:1418-5872 -           1485 4029at7898           -            985   1.5e-07   29.1  64.9   2   5   6.5e-06    0.0009   16.6   5.7   522   561   141   180   139   185 0.95 -
TRINITY_DN43917_c0_g1_i14:1418-5872 -           1485 4029at7898           -            985   1.5e-07   29.1  64.9   3   5     2e-05    0.0028   15.0  16.9   527   602   622   695   616   696 0.87 -
TRINITY_DN43917_c0_g1_i14:1418-5872 -           1485 4029at7898           -            985   1.5e-07   29.1  64.9   4   5   1.2e-07   1.7e-05   22.3  18.5   520   600   694   778   690   829 0.85 -
TRINITY_DN43917_c0_g1_i14:1418-5872 -           1485 4029at7898           -            985   1.5e-07   29.1  64.9   5   5   9.4e-05     0.013   12.8  21.7   524   629  1264  1374  1260  1400 0.76 -
TRINITY_DN9299_c0_g2_i1:972-1922    -            317 4029at7898           -            985   1.6e-07   29.0  21.2   1   1   1.2e-09   1.6e-07   29.0  21.2   521   618   209   311   208   317 0.82 -
TRINITY_DN9299_c0_g2_i4:972-1922    -            317 4029at7898           -            985   1.6e-07   29.0  21.2   1   1   1.2e-09   1.6e-07   29.0  21.2   521   618   209   311   208   317 0.82 -
TRINITY_DN23061_c0_g1_i1:1039-2070  -            344 4029at7898           -            985   1.8e-07   28.9  39.3   1   3    0.0014      0.19    8.9   2.5   259   296    42    79    16    85 0.84 -
TRINITY_DN23061_c0_g1_i1:1039-2070  -            344 4029at7898           -            985   1.8e-07   28.9  39.3   2   3   2.2e-05     0.003   14.9  19.6   535   633    59   159    41   174 0.80 -
TRINITY_DN23061_c0_g1_i1:1039-2070  -            344 4029at7898           -            985   1.8e-07   28.9  39.3   3   3   1.4e-06    0.0002   18.8  11.6   535   591   269   329   260   341 0.83 -
TRINITY_DN23061_c0_g1_i2:1021-2052  -            344 4029at7898           -            985   1.8e-07   28.9  39.3   1   3    0.0014      0.19    8.9   2.5   259   296    42    79    16    85 0.84 -
TRINITY_DN23061_c0_g1_i2:1021-2052  -            344 4029at7898           -            985   1.8e-07   28.9  39.3   2   3   2.2e-05     0.003   14.9  19.6   535   633    59   159    41   174 0.80 -
TRINITY_DN23061_c0_g1_i2:1021-2052  -            344 4029at7898           -            985   1.8e-07   28.9  39.3   3   3   1.4e-06    0.0002   18.8  11.6   535   591   269   329   260   341 0.83 -
TRINITY_DN15979_c1_g2_i1:221-775    -            185 4029at7898           -            985   1.2e-06   26.2  14.8   1   2       0.3        42    1.2  14.1   531   616     9    91     1    96 0.76 -
TRINITY_DN15979_c1_g2_i1:221-775    -            185 4029at7898           -            985   1.2e-06   26.2  14.8   2   2   8.4e-09   1.2e-06   26.2  14.8   542   624    97   178    86   184 0.82 -
TRINITY_DN3800_c0_g1_i18:1150-3240  -            697 4029at7898           -            985   7.4e-06   23.5  34.4   1   3   9.7e-07   0.00014   19.3   4.3   558   594     7    42     1    53 0.86 -
TRINITY_DN3800_c0_g1_i18:1150-3240  -            697 4029at7898           -            985   7.4e-06   23.5  34.4   2   3   1.7e-06   0.00024   18.5   7.4   555   594    55    93    45   131 0.81 -
TRINITY_DN3800_c0_g1_i18:1150-3240  -            697 4029at7898           -            985   7.4e-06   23.5  34.4   3   3       6.8   9.6e+02   -3.3   8.3   260   296   132   169   104   181 0.68 -
TRINITY_DN38170_c0_g2_i1:230-775    -            182 4029at7898           -            985   3.7e-05   21.2  15.8   1   2    0.0032      0.45    7.7  24.5   532   624     1    97     1   100 0.76 -
TRINITY_DN38170_c0_g2_i1:230-775    -            182 4029at7898           -            985   3.7e-05   21.2  15.8   2   2   2.6e-07   3.7e-05   21.2  15.8   522   621    69   171    67   181 0.80 -
TRINITY_DN12151_c0_g1_i1:258-899    -            214 4029at7898           -            985   4.3e-05   21.0  17.4   1   1   3.1e-07   4.3e-05   21.0  17.4   535   602   140   209   126   212 0.82 -
TRINITY_DN16298_c3_g1_i3:115-1224   -            370 4029at7898           -            985   8.1e-05   20.1 100.9   1   3     0.034       4.8    4.3  32.8   523   642    12   132     5   135 0.79 -
TRINITY_DN16298_c3_g1_i3:115-1224   -            370 4029at7898           -            985   8.1e-05   20.1 100.9   2   3   0.00027     0.038   11.2  27.2   531   628   132   243   126   248 0.78 -
TRINITY_DN16298_c3_g1_i3:115-1224   -            370 4029at7898           -            985   8.1e-05   20.1 100.9   3   3   8.2e-05     0.012   12.9  29.1   521   630   248   361   244   370 0.72 -
TRINITY_DN4444_c0_g1_i8:2720-3388   -            223 4029at7898           -            985   0.00026   18.4  19.2   1   2   2.1e-05    0.0029   14.9  11.7   522   598   110   175    93   181 0.77 -
TRINITY_DN4444_c0_g1_i8:2720-3388   -            223 4029at7898           -            985   0.00026   18.4  19.2   2   2    0.0023      0.32    8.2   0.8   516   538   198   220   192   222 0.84 -
TRINITY_DN16518_c0_g1_i1:337-705    -            123 4029at7898           -            985   0.00027   18.4   9.0   1   1   2.1e-06    0.0003   18.2   9.0   536   608     3    71     1    81 0.84 -
TRINITY_DN3967_c0_g1_i8:920-1567    -            216 4029at7898           -            985    0.0005   17.5  17.5   1   2   3.6e-06    0.0005   17.5  17.5   528   601    70   142    62   151 0.73 -
TRINITY_DN3967_c0_g1_i8:920-1567    -            216 4029at7898           -            985    0.0005   17.5  17.5   2   2      0.01       1.4    6.0   0.1   769   799   178   208   156   214 0.80 -
TRINITY_DN38170_c0_g3_i1:42-626     -            195 4029at7898           -            985    0.0016   15.7  44.5   1   2    0.0042      0.58    7.3  22.3   545   640     2    99     1   102 0.74 -
TRINITY_DN38170_c0_g3_i1:42-626     -            195 4029at7898           -            985    0.0016   15.7  44.5   2   2   0.00042     0.059   10.6  19.3   524   617    94   186    89   195 0.80 -
TRINITY_DN47121_c0_g1_i1:450-767    -            106 4029at7898           -            985    0.0023   15.3  20.5   1   2    0.0003     0.041   11.1  12.0   538   600     1    59     1    74 0.86 -
TRINITY_DN47121_c0_g1_i1:450-767    -            106 4029at7898           -            985    0.0023   15.3  20.5   2   2    0.0014      0.19    8.9   2.5   523   556    71   102    65   106 0.84 -
TRINITY_DN2098_c0_g1_i10:558-1799   -            414 4029at7898           -            985    0.0065   13.8  11.4   1   1   6.1e-05    0.0085   13.4  11.4   524   603    70   150    52   194 0.83 -
TRINITY_DN2098_c0_g1_i14:582-1823   -            414 4029at7898           -            985    0.0065   13.8  11.4   1   1   6.1e-05    0.0085   13.4  11.4   524   603    70   150    52   194 0.83 -
TRINITY_DN2098_c0_g1_i17:433-1674   -            414 4029at7898           -            985    0.0065   13.8  11.4   1   1   6.1e-05    0.0085   13.4  11.4   524   603    70   150    52   194 0.83 -
TRINITY_DN2098_c0_g1_i23:558-1799   -            414 4029at7898           -            985    0.0065   13.8  11.4   1   1   6.1e-05    0.0085   13.4  11.4   524   603    70   150    52   194 0.83 -
TRINITY_DN2098_c0_g1_i2:433-1674    -            414 4029at7898           -            985    0.0065   13.8  11.4   1   1   6.1e-05    0.0085   13.4  11.4   524   603    70   150    52   194 0.83 -
TRINITY_DN2098_c0_g1_i30:510-1751   -            414 4029at7898           -            985    0.0065   13.8  11.4   1   1   6.1e-05    0.0085   13.4  11.4   524   603    70   150    52   194 0.83 -
TRINITY_DN16298_c0_g1_i1:15-515     -            167 4029at7898           -            985     0.007   13.7  40.5   1   2      0.01       1.5    6.0  14.9   538   613     6    78     2    83 0.83 -
TRINITY_DN16298_c0_g1_i1:15-515     -            167 4029at7898           -            985     0.007   13.7  40.5   2   2   6.4e-05     0.009   13.3  19.2   537   613    80   153    77   167 0.80 -
TRINITY_DN32059_c0_g1_i1:143-1804   -            554 4029at7898           -            985     0.019   12.2  33.5   1   1    0.0014      0.19    8.9  33.8   532   639   154   273   141   276 0.73 -
TRINITY_DN31173_c0_g1_i12:144-947   -            268 4029at7898           -            985     0.036   11.3   2.0   1   1   0.00033     0.046   10.9   2.0   235   303    83   155    76   173 0.78 -
TRINITY_DN31173_c0_g1_i6:144-947    -            268 4029at7898           -            985     0.036   11.3   2.0   1   1   0.00033     0.046   10.9   2.0   235   303    83   155    76   173 0.78 -
TRINITY_DN48106_c0_g1_i1:2-349      -            116 4029at7898           -            985      0.12    9.6  28.3   1   2    0.0099       1.4    6.1  14.9   573   630     3    67     1    78 0.52 -
TRINITY_DN48106_c0_g1_i1:2-349      -            116 4029at7898           -            985      0.12    9.6  28.3   2   2     0.016       2.2    5.4   9.9   529   568    75   113    68   116 0.79 -
TRINITY_DN7480_c0_g1_i1:1653-2315   -            221 4029at7898           -            985      0.19    8.9  14.8   1   2    0.0057      0.79    6.9   2.7   563   601     2    42     1    58 0.73 -
TRINITY_DN7480_c0_g1_i1:1653-2315   -            221 4029at7898           -            985      0.19    8.9  14.8   2   2    0.0025      0.34    8.1   4.3   559   625   154   187   111   215 0.61 -
TRINITY_DN7480_c0_g1_i3:1659-2321   -            221 4029at7898           -            985      0.19    8.9  14.8   1   2    0.0057      0.79    6.9   2.7   563   601     2    42     1    58 0.73 -
TRINITY_DN7480_c0_g1_i3:1659-2321   -            221 4029at7898           -            985      0.19    8.9  14.8   2   2    0.0025      0.34    8.1   4.3   559   625   154   187   111   215 0.61 -
TRINITY_DN16298_c2_g1_i2:279-611    -            111 4029at7898           -            985      0.22    8.7  22.8   1   1    0.0021      0.29    8.3  22.8   531   616     5    86     3   110 0.82 -
TRINITY_DN670_c0_g1_i12:227-1258    -            344 4029at7898           -            985       2.6    5.1  55.6   1   2    0.0081       1.1    6.3  22.7   523   607   186   272   179   273 0.85 -
TRINITY_DN670_c0_g1_i12:227-1258    -            344 4029at7898           -            985       2.6    5.1  55.6   2   2   3.7e-05    0.0052   14.1  17.5   532   613   256   340   254   343 0.83 -
TRINITY_DN670_c0_g1_i15:227-1258    -            344 4029at7898           -            985       2.6    5.1  55.6   1   2    0.0081       1.1    6.3  22.7   523   607   186   272   179   273 0.85 -
TRINITY_DN670_c0_g1_i15:227-1258    -            344 4029at7898           -            985       2.6    5.1  55.6   2   2   3.7e-05    0.0052   14.1  17.5   532   613   256   340   254   343 0.83 -
TRINITY_DN670_c0_g1_i31:254-1291    -            346 4029at7898           -            985       3.8    4.6  54.0   1   2     0.018       2.5    5.2  21.5   525   607   188   272   179   273 0.78 -
TRINITY_DN670_c0_g1_i31:254-1291    -            346 4029at7898           -            985       3.8    4.6  54.0   2   2     4e-05    0.0056   14.0  17.7   532   608   256   335   254   343 0.83 -
#
# Program:         hmmsearch
# Version:         3.1b2 (February 2015)
# Pipeline mode:   SEARCH
# Query file:      /home/ericjuo/Projects/salmo_trutta_rna_seq/busco_downloads/lineages/actinopterygii_odb10/hmms/4029at7898.hmm
# Target file:     /home/ericjuo/Projects/salmo_trutta_rna_seq/data/02_intermediate/busco/run_actinopterygii_odb10/metaeuk_output/initial_results/trinity.Trinity.fasta.modified.fas
# Option settings: hmmsearch --domtblout /home/ericjuo/Projects/salmo_trutta_rna_seq/data/02_intermediate/busco/run_actinopterygii_odb10/hmmer_output/initial_run_results/4029at7898.out --cpu 1 /home/ericjuo/Projects/salmo_trutta_rna_seq/busco_downloads/lineages/actinopterygii_odb10/hmms/4029at7898.hmm /home/ericjuo/Projects/salmo_trutta_rna_seq/data/02_intermediate/busco/run_actinopterygii_odb10/metaeuk_output/initial_results/trinity.Trinity.fasta.modified.fas 
# Current dir:     /home/ericjuo/Projects/salmo_trutta_rna_seq
# Date:            Fri Apr 29 12:53:46 2022
# [ok]
