#                                                                                           --- full sequence --- -------------- this domain -------------   hmm coord   ali coord   env coord
# target name                       accession   tlen query name           accession   qlen   E-value  score  bias   #  of  c-Evalue  i-Evalue  score  bias  from    to  from    to  from    to  acc description of target
#               ------------------- ---------- ----- -------------------- ---------- ----- --------- ------ ----- --- --- --------- --------- ------ ----- ----- ----- ----- ----- ----- ----- ---- ---------------------
TRINITY_DN4924_c0_g1_i1:5-1219      -            405 40951at7898          -            478  2.3e-203  675.9   1.4   1   2   1.1e-05     0.001   17.5   0.1     1    24    68    91    68    97 0.91 -
TRINITY_DN4924_c0_g1_i1:5-1219      -            405 40951at7898          -            478  2.3e-203  675.9   1.4   2   2  6.9e-200  6.4e-198  657.9   0.2    13   318    99   404    93   405 0.99 -
TRINITY_DN7542_c0_g1_i1:504-1748    -            415 40951at7898          -            478   7.3e-16   57.5   0.6   1   4       0.7        65    1.7   0.0   248   284    91   127    78   130 0.80 -
TRINITY_DN7542_c0_g1_i1:504-1748    -            415 40951at7898          -            478   7.3e-16   57.5   0.6   2   4   5.3e-09   4.9e-07   28.5   0.0   150   285   117   255    94   262 0.89 -
TRINITY_DN7542_c0_g1_i1:504-1748    -            415 40951at7898          -            478   7.3e-16   57.5   0.6   3   4   6.5e-09     6e-07   28.2   0.0   166   282   178   294   166   301 0.90 -
TRINITY_DN7542_c0_g1_i1:504-1748    -            415 40951at7898          -            478   7.3e-16   57.5   0.6   4   4   0.00024     0.022   13.1   0.0   172   281   268   377   263   385 0.86 -
TRINITY_DN12868_c0_g1_i10:1859-2653 -            265 40951at7898          -            478   2.3e-10   39.4   0.0   1   2   3.4e-06   0.00032   19.2   0.0   189   289    12   112     1   127 0.77 -
TRINITY_DN12868_c0_g1_i10:1859-2653 -            265 40951at7898          -            478   2.3e-10   39.4   0.0   2   2   2.4e-06   0.00022   19.7   0.0   169   276   118   224   106   240 0.88 -
TRINITY_DN12868_c0_g1_i1:1812-2606  -            265 40951at7898          -            478   2.3e-10   39.4   0.0   1   2   3.4e-06   0.00032   19.2   0.0   189   289    12   112     1   127 0.77 -
TRINITY_DN12868_c0_g1_i1:1812-2606  -            265 40951at7898          -            478   2.3e-10   39.4   0.0   2   2   2.4e-06   0.00022   19.7   0.0   169   276   118   224   106   240 0.88 -
TRINITY_DN12868_c0_g1_i8:1846-2640  -            265 40951at7898          -            478   2.3e-10   39.4   0.0   1   2   3.4e-06   0.00032   19.2   0.0   189   289    12   112     1   127 0.77 -
TRINITY_DN12868_c0_g1_i8:1846-2640  -            265 40951at7898          -            478   2.3e-10   39.4   0.0   2   2   2.4e-06   0.00022   19.7   0.0   169   276   118   224   106   240 0.88 -
TRINITY_DN2302_c0_g1_i4:289-1176    -            296 40951at7898          -            478   3.6e-10   38.8   0.3   1   3   4.1e-05    0.0038   15.6   0.0   243   287    12    56     4    66 0.86 -
TRINITY_DN2302_c0_g1_i4:289-1176    -            296 40951at7898          -            478   3.6e-10   38.8   0.3   2   3   3.8e-06   0.00035   19.0   0.1   184   331    79   229    72   237 0.72 -
TRINITY_DN2302_c0_g1_i4:289-1176    -            296 40951at7898          -            478   3.6e-10   38.8   0.3   3   3      0.39        36    2.5   0.1    68   129   209   272   194   288 0.73 -
TRINITY_DN10416_c0_g1_i2:774-1418   -            215 40951at7898          -            478   5.1e-10   38.3   0.0   1   2   3.3e-06    0.0003   19.2   0.1   199   297    48   146    29   155 0.86 -
TRINITY_DN10416_c0_g1_i2:774-1418   -            215 40951at7898          -            478   5.1e-10   38.3   0.0   2   2   3.4e-06   0.00032   19.2   0.0   193   279   126   214   124   215 0.83 -
TRINITY_DN10416_c0_g1_i10:931-1575  -            215 40951at7898          -            478   5.3e-10   38.2   0.0   1   2     3e-06   0.00028   19.4   0.1   199   297    48   146    28   156 0.86 -
TRINITY_DN10416_c0_g1_i10:931-1575  -            215 40951at7898          -            478   5.3e-10   38.2   0.0   2   2   5.1e-06   0.00047   18.6   0.0   215   279   150   214   126   215 0.82 -
TRINITY_DN10416_c0_g1_i4:759-1403   -            215 40951at7898          -            478   5.4e-10   38.2   0.0   1   2   3.1e-06   0.00029   19.3   0.1   199   297    48   146    17   155 0.86 -
TRINITY_DN10416_c0_g1_i4:759-1403   -            215 40951at7898          -            478   5.4e-10   38.2   0.0   2   2   3.6e-06   0.00034   19.1   0.0   193   279   126   214   124   215 0.82 -
TRINITY_DN10416_c0_g1_i8:774-1418   -            215 40951at7898          -            478   5.4e-10   38.2   0.0   1   2   3.1e-06   0.00029   19.3   0.1   199   297    48   146    17   155 0.86 -
TRINITY_DN10416_c0_g1_i8:774-1418   -            215 40951at7898          -            478   5.4e-10   38.2   0.0   2   2   3.6e-06   0.00034   19.1   0.0   193   279   126   214   124   215 0.82 -
TRINITY_DN5619_c6_g1_i1:174-1088    -            305 40951at7898          -            478   9.2e-10   37.4   0.1   1   3     0.003      0.28    9.5   0.0   231   288    46   103    33   130 0.80 -
TRINITY_DN5619_c6_g1_i1:174-1088    -            305 40951at7898          -            478   9.2e-10   37.4   0.1   2   3       1.4   1.2e+02    0.7   0.0   251   285   150   184   111   193 0.63 -
TRINITY_DN5619_c6_g1_i1:174-1088    -            305 40951at7898          -            478   9.2e-10   37.4   0.1   3   3   8.7e-08     8e-06   24.4   0.1   159   278   183   303   171   305 0.88 -
TRINITY_DN5619_c6_g1_i2:174-1088    -            305 40951at7898          -            478   9.2e-10   37.4   0.1   1   3     0.003      0.28    9.5   0.0   231   288    46   103    33   130 0.80 -
TRINITY_DN5619_c6_g1_i2:174-1088    -            305 40951at7898          -            478   9.2e-10   37.4   0.1   2   3       1.4   1.2e+02    0.7   0.0   251   285   150   184   111   193 0.63 -
TRINITY_DN5619_c6_g1_i2:174-1088    -            305 40951at7898          -            478   9.2e-10   37.4   0.1   3   3   8.7e-08     8e-06   24.4   0.1   159   278   183   303   171   305 0.88 -
TRINITY_DN8754_c0_g2_i6:729-1652    -            308 40951at7898          -            478   7.4e-09   34.4   0.9   1   2   5.8e-05    0.0053   15.1   0.1   168   284    12   128     8   162 0.81 -
TRINITY_DN8754_c0_g2_i6:729-1652    -            308 40951at7898          -            478   7.4e-09   34.4   0.9   2   2   2.4e-05    0.0022   16.4   0.1   179   276   212   308   207   308 0.91 -
TRINITY_DN15872_c0_g1_i2:471-1436   -            322 40951at7898          -            478   1.8e-08   33.1   0.2   1   3   2.5e-05    0.0023   16.3   0.0   206   287    11    92     7   102 0.89 -
TRINITY_DN15872_c0_g1_i2:471-1436   -            322 40951at7898          -            478   1.8e-08   33.1   0.2   2   3     0.033         3    6.0   0.1   170   274   101   204    91   209 0.77 -
TRINITY_DN15872_c0_g1_i2:471-1436   -            322 40951at7898          -            478   1.8e-08   33.1   0.2   3   3     0.015       1.4    7.2   0.0   170   277   185   298   176   308 0.76 -
TRINITY_DN4540_c0_g2_i4:289-1116    -            276 40951at7898          -            478   2.8e-08   32.6   0.1   1   4       1.7   1.6e+02    0.4   0.0   242   280    29    67    12    90 0.78 -
TRINITY_DN4540_c0_g2_i4:289-1116    -            276 40951at7898          -            478   2.8e-08   32.6   0.1   2   4   7.7e-06   0.00071   18.0   0.1   221   287    93   158    38   170 0.80 -
TRINITY_DN4540_c0_g2_i4:289-1116    -            276 40951at7898          -            478   2.8e-08   32.6   0.1   3   4    0.0018      0.16   10.2   0.0   244   286   157   199   151   210 0.86 -
TRINITY_DN4540_c0_g2_i4:289-1116    -            276 40951at7898          -            478   2.8e-08   32.6   0.1   4   4       1.9   1.7e+02    0.3   0.0   223   258   228   263   221   276 0.83 -
TRINITY_DN8754_c0_g2_i2:447-1370    -            308 40951at7898          -            478   3.9e-08   32.1   3.6   1   3   4.3e-05     0.004   15.5   0.1   168   282    12   126     8   162 0.83 -
TRINITY_DN8754_c0_g2_i2:447-1370    -            308 40951at7898          -            478   3.9e-08   32.1   3.6   2   3   0.00044     0.041   12.2   0.2   225   285   215   275   209   279 0.91 -
TRINITY_DN8754_c0_g2_i2:447-1370    -            308 40951at7898          -            478   3.9e-08   32.1   3.6   3   3      0.36        33    2.6   0.0   243   276   275   308   269   308 0.85 -
TRINITY_DN8754_c0_g2_i5:447-1370    -            308 40951at7898          -            478   3.9e-08   32.1   3.6   1   3   4.3e-05     0.004   15.5   0.1   168   282    12   126     8   162 0.83 -
TRINITY_DN8754_c0_g2_i5:447-1370    -            308 40951at7898          -            478   3.9e-08   32.1   3.6   2   3   0.00044     0.041   12.2   0.2   225   285   215   275   209   279 0.91 -
TRINITY_DN8754_c0_g2_i5:447-1370    -            308 40951at7898          -            478   3.9e-08   32.1   3.6   3   3      0.36        33    2.6   0.0   243   276   275   308   269   308 0.85 -
TRINITY_DN45706_c0_g2_i1:0-338      -            113 40951at7898          -            478   6.8e-08   31.3   0.0   1   1   7.6e-10     7e-08   31.2   0.0   222   308    18   107     6   113 0.83 -
TRINITY_DN9437_c0_g1_i1:327-1202    -            292 40951at7898          -            478   1.1e-07   30.5   0.3   1   3       3.8   3.5e+02   -0.8   0.0   248   277     5    34     2    51 0.86 -
TRINITY_DN9437_c0_g1_i1:327-1202    -            292 40951at7898          -            478   1.1e-07   30.5   0.3   2   3   9.4e-08   8.7e-06   24.3   0.1   179   335    62   224    53   232 0.77 -
TRINITY_DN9437_c0_g1_i1:327-1202    -            292 40951at7898          -            478   1.1e-07   30.5   0.3   3   3      0.86        80    1.4   0.0   225   274   238   289   231   292 0.82 -
TRINITY_DN9437_c0_g1_i5:344-1219    -            292 40951at7898          -            478   1.1e-07   30.5   0.3   1   3       3.8   3.5e+02   -0.8   0.0   248   277     5    34     2    51 0.86 -
TRINITY_DN9437_c0_g1_i5:344-1219    -            292 40951at7898          -            478   1.1e-07   30.5   0.3   2   3   9.4e-08   8.7e-06   24.3   0.1   179   335    62   224    53   232 0.77 -
TRINITY_DN9437_c0_g1_i5:344-1219    -            292 40951at7898          -            478   1.1e-07   30.5   0.3   3   3      0.86        80    1.4   0.0   225   274   238   289   231   292 0.82 -
TRINITY_DN9437_c0_g1_i8:327-1202    -            292 40951at7898          -            478   1.1e-07   30.5   0.3   1   3       3.8   3.5e+02   -0.8   0.0   248   277     5    34     2    51 0.86 -
TRINITY_DN9437_c0_g1_i8:327-1202    -            292 40951at7898          -            478   1.1e-07   30.5   0.3   2   3   9.4e-08   8.7e-06   24.3   0.1   179   335    62   224    53   232 0.77 -
TRINITY_DN9437_c0_g1_i8:327-1202    -            292 40951at7898          -            478   1.1e-07   30.5   0.3   3   3      0.86        80    1.4   0.0   225   274   238   289   231   292 0.82 -
TRINITY_DN9437_c0_g1_i9:344-1219    -            292 40951at7898          -            478   1.1e-07   30.5   0.3   1   3       3.8   3.5e+02   -0.8   0.0   248   277     5    34     2    51 0.86 -
TRINITY_DN9437_c0_g1_i9:344-1219    -            292 40951at7898          -            478   1.1e-07   30.5   0.3   2   3   9.4e-08   8.7e-06   24.3   0.1   179   335    62   224    53   232 0.77 -
TRINITY_DN9437_c0_g1_i9:344-1219    -            292 40951at7898          -            478   1.1e-07   30.5   0.3   3   3      0.86        80    1.4   0.0   225   274   238   289   231   292 0.82 -
TRINITY_DN8754_c0_g2_i4:200-1021    -            274 40951at7898          -            478   1.3e-07   30.3   5.1   1   4     0.026       2.4    6.4   0.0   247   286    15    54     9    56 0.91 -
TRINITY_DN8754_c0_g2_i4:200-1021    -            274 40951at7898          -            478   1.3e-07   30.3   5.1   2   4    0.0005     0.046   12.1   0.1   229   286    39    96    35   135 0.86 -
TRINITY_DN8754_c0_g2_i4:200-1021    -            274 40951at7898          -            478   1.3e-07   30.3   5.1   3   4   0.00039     0.036   12.4   0.4   225   285   181   241   171   244 0.91 -
TRINITY_DN8754_c0_g2_i4:200-1021    -            274 40951at7898          -            478   1.3e-07   30.3   5.1   4   4    0.0023      0.21    9.9   0.1   231   276   229   274   228   274 0.88 -
TRINITY_DN15872_c0_g1_i3:102-1640   -            513 40951at7898          -            478   2.1e-07   29.7   0.2   1   3   6.5e-05     0.006   15.0   0.0   207   287   203   283   199   295 0.88 -
TRINITY_DN15872_c0_g1_i3:102-1640   -            513 40951at7898          -            478   2.1e-07   29.7   0.2   2   3     0.065         6    5.1   0.1   170   275   292   396   282   409 0.78 -
TRINITY_DN15872_c0_g1_i3:102-1640   -            513 40951at7898          -            478   2.1e-07   29.7   0.2   3   3     0.052       4.8    5.4   0.0   172   277   378   489   373   498 0.75 -
TRINITY_DN13686_c0_g3_i1:2281-2856  -            192 40951at7898          -            478   2.5e-07   29.4   1.6   1   2   1.3e-05    0.0012   17.2   0.3   225   306    48   129     3   134 0.87 -
TRINITY_DN13686_c0_g3_i1:2281-2856  -            192 40951at7898          -            478   2.5e-07   29.4   1.6   2   2   0.00035     0.032   12.6   0.1   213   271   129   187   118   192 0.85 -
TRINITY_DN3629_c0_g1_i12:513-3242   -            910 40951at7898          -            478   3.5e-07   28.9   0.9   1   2     0.058       5.4    5.2   0.0   246   302   623   681   607   703 0.74 -
TRINITY_DN3629_c0_g1_i12:513-3242   -            910 40951at7898          -            478   3.5e-07   28.9   0.9   2   2   7.1e-07   6.6e-05   21.4   0.2   210   314   762   866   750   878 0.87 -
TRINITY_DN3629_c0_g1_i2:1817-4546   -            910 40951at7898          -            478   3.5e-07   28.9   0.9   1   2     0.058       5.4    5.2   0.0   246   302   623   681   607   703 0.74 -
TRINITY_DN3629_c0_g1_i2:1817-4546   -            910 40951at7898          -            478   3.5e-07   28.9   0.9   2   2   7.1e-07   6.6e-05   21.4   0.2   210   314   762   866   750   878 0.87 -
TRINITY_DN1767_c0_g1_i1:3459-5264   -            602 40951at7898          -            478   5.5e-07   28.3   0.2   1   3    0.0016      0.14   10.4   0.1   197   315    30   149    11   158 0.77 -
TRINITY_DN1767_c0_g1_i1:3459-5264   -            602 40951at7898          -            478   5.5e-07   28.3   0.2   2   3      0.23        21    3.3   0.0   245   290   314   359   286   364 0.83 -
TRINITY_DN1767_c0_g1_i1:3459-5264   -            602 40951at7898          -            478   5.5e-07   28.3   0.2   3   3    0.0012      0.11   10.8   0.0   219   302   464   547   416   589 0.79 -
TRINITY_DN1767_c0_g1_i3:3459-5264   -            602 40951at7898          -            478   5.5e-07   28.3   0.2   1   3    0.0016      0.14   10.4   0.1   197   315    30   149    11   158 0.77 -
TRINITY_DN1767_c0_g1_i3:3459-5264   -            602 40951at7898          -            478   5.5e-07   28.3   0.2   2   3      0.23        21    3.3   0.0   245   290   314   359   286   364 0.83 -
TRINITY_DN1767_c0_g1_i3:3459-5264   -            602 40951at7898          -            478   5.5e-07   28.3   0.2   3   3    0.0012      0.11   10.8   0.0   219   302   464   547   416   589 0.79 -
TRINITY_DN13686_c0_g4_i1:195-770    -            192 40951at7898          -            478   6.3e-07   28.1   2.0   1   3      0.15        14    3.8   0.0   229   277     8    58     3    62 0.83 -
TRINITY_DN13686_c0_g4_i1:195-770    -            192 40951at7898          -            478   6.3e-07   28.1   2.0   2   3   1.8e-05    0.0017   16.8   0.5   226   308    49   131    29   138 0.87 -
TRINITY_DN13686_c0_g4_i1:195-770    -            192 40951at7898          -            478   6.3e-07   28.1   2.0   3   3   0.00064     0.059   11.7   0.1   213   271   129   187   121   192 0.85 -
TRINITY_DN9419_c0_g1_i1:1256-2836   -            527 40951at7898          -            478   6.4e-07   28.1   0.3   1   2   0.00052     0.048   12.0   0.0   139   316    52   233    22   243 0.76 -
TRINITY_DN9419_c0_g1_i1:1256-2836   -            527 40951at7898          -            478   6.4e-07   28.1   0.3   2   2   5.7e-05    0.0052   15.2   0.1   240   299   239   298   229   340 0.77 -
TRINITY_DN9653_c0_g1_i3:768-4118    -           1117 40951at7898          -            478   8.6e-07   27.6   0.6   1   5       2.5   2.3e+02   -0.2   0.0   229   277   498   546   458   573 0.56 -
TRINITY_DN9653_c0_g1_i3:768-4118    -           1117 40951at7898          -            478   8.6e-07   27.6   0.6   2   5       0.3        28    2.9   0.0   159   285   511   643   484   650 0.61 -
TRINITY_DN9653_c0_g1_i3:768-4118    -           1117 40951at7898          -            478   8.6e-07   27.6   0.6   3   5       2.4   2.2e+02   -0.1   0.1   213   349   707   847   673   860 0.60 -
TRINITY_DN9653_c0_g1_i3:768-4118    -           1117 40951at7898          -            478   8.6e-07   27.6   0.6   4   5      0.62        57    1.8   0.0   205   280   823   898   780   919 0.83 -
TRINITY_DN9653_c0_g1_i3:768-4118    -           1117 40951at7898          -            478   8.6e-07   27.6   0.6   5   5   3.9e-06   0.00036   19.0   0.0   167   281   869   986   856   993 0.81 -
TRINITY_DN10416_c0_g1_i5:24-308     -             95 40951at7898          -            478   1.1e-06   27.3   0.0   1   1   1.2e-08   1.1e-06   27.3   0.0   216   288    22    94     4    95 0.90 -
TRINITY_DN7906_c0_g2_i1:533-1339    -            269 40951at7898          -            478   1.4e-06   27.0   0.0   1   2   7.5e-08   6.9e-06   24.7   0.0   211   314    75   181    61   187 0.83 -
TRINITY_DN7906_c0_g2_i1:533-1339    -            269 40951at7898          -            478   1.4e-06   27.0   0.0   2   2       3.1   2.8e+02   -0.5   0.0    95   115   187   208   181   230 0.66 -
TRINITY_DN25523_c0_g1_i1:225-1301   -            359 40951at7898          -            478   2.3e-06   26.2   0.4   1   4         2   1.8e+02    0.2   0.0   249   280    37    69    25    96 0.72 -
TRINITY_DN25523_c0_g1_i1:225-1301   -            359 40951at7898          -            478   2.3e-06   26.2   0.4   2   4     5e-07   4.6e-05   21.9   0.1   181   279    54   151    50   191 0.74 -
TRINITY_DN25523_c0_g1_i1:225-1301   -            359 40951at7898          -            478   2.3e-06   26.2   0.4   3   4       1.7   1.5e+02    0.4   0.0    96   132   212   249   178   266 0.65 -
TRINITY_DN25523_c0_g1_i1:225-1301   -            359 40951at7898          -            478   2.3e-06   26.2   0.4   4   4       1.9   1.8e+02    0.2   0.0   219   261   213   255   207   283 0.61 -
TRINITY_DN25_c2_g1_i2:139-915       -            259 40951at7898          -            478   2.6e-06   26.0   0.8   1   3   3.8e-05    0.0035   15.7   0.4   211   315    40   146    26   152 0.77 -
TRINITY_DN25_c2_g1_i2:139-915       -            259 40951at7898          -            478   2.6e-06   26.0   0.8   2   3      0.24        22    3.2   0.0   245   305   117   176   107   180 0.74 -
TRINITY_DN25_c2_g1_i2:139-915       -            259 40951at7898          -            478   2.6e-06   26.0   0.8   3   3     0.012       1.1    7.5   0.0   214   280   166   230   154   245 0.84 -
TRINITY_DN25_c2_g1_i3:382-1158      -            259 40951at7898          -            478   2.6e-06   26.0   0.8   1   3   3.8e-05    0.0035   15.7   0.4   211   315    40   146    26   152 0.77 -
TRINITY_DN25_c2_g1_i3:382-1158      -            259 40951at7898          -            478   2.6e-06   26.0   0.8   2   3      0.24        22    3.2   0.0   245   305   117   176   107   180 0.74 -
TRINITY_DN25_c2_g1_i3:382-1158      -            259 40951at7898          -            478   2.6e-06   26.0   0.8   3   3     0.012       1.1    7.5   0.0   214   280   166   230   154   245 0.84 -
TRINITY_DN25_c2_g1_i4:628-1404      -            259 40951at7898          -            478   2.6e-06   26.0   0.8   1   3   3.8e-05    0.0035   15.7   0.4   211   315    40   146    26   152 0.77 -
TRINITY_DN25_c2_g1_i4:628-1404      -            259 40951at7898          -            478   2.6e-06   26.0   0.8   2   3      0.24        22    3.2   0.0   245   305   117   176   107   180 0.74 -
TRINITY_DN25_c2_g1_i4:628-1404      -            259 40951at7898          -            478   2.6e-06   26.0   0.8   3   3     0.012       1.1    7.5   0.0   214   280   166   230   154   245 0.84 -
TRINITY_DN3890_c1_g1_i2:92-1609     -            506 40951at7898          -            478     3e-06   25.9   0.0   1   2    0.0044      0.41    8.9   0.0   171   282   221   340   210   345 0.82 -
TRINITY_DN3890_c1_g1_i2:92-1609     -            506 40951at7898          -            478     3e-06   25.9   0.0   2   2   7.4e-05    0.0069   14.8   0.0   167   293   351   478   342   501 0.87 -
TRINITY_DN32396_c0_g1_i1:37-378     -            114 40951at7898          -            478   3.1e-06   25.8   0.0   1   1   1.2e-07   1.1e-05   24.0   0.0   227   302    22    98     7   113 0.83 -
TRINITY_DN4540_c0_g2_i5:62-592      -            177 40951at7898          -            478     9e-06   24.3   0.0   1   2   4.9e-06   0.00045   18.7   0.0   216   286    27    97     7   117 0.81 -
TRINITY_DN4540_c0_g2_i5:62-592      -            177 40951at7898          -            478     9e-06   24.3   0.0   2   2      0.34        32    2.7   0.0   222   272   125   175   116   177 0.81 -
TRINITY_DN4540_c0_g2_i1:59-526      -            156 40951at7898          -            478   2.5e-05   22.8   0.0   1   1   3.6e-06   0.00033   19.1   0.0   218   286    31    98    12   116 0.81 -
TRINITY_DN3434_c0_g2_i1:153-995     -            281 40951at7898          -            478   4.6e-05   21.9   0.0   1   2   1.9e-06   0.00018   20.0   0.0   159   288    39   170    31   184 0.81 -
TRINITY_DN3434_c0_g2_i1:153-995     -            281 40951at7898          -            478   4.6e-05   21.9   0.0   2   2       4.9   4.5e+02   -1.1   0.0   246   275   210   239   171   281 0.71 -
TRINITY_DN12941_c4_g1_i10:882-2138  -            419 40951at7898          -            478   4.7e-05   21.9   1.7   1   4      0.22        21    3.3   0.0   218   287    90   159    73   163 0.82 -
TRINITY_DN12941_c4_g1_i10:882-2138  -            419 40951at7898          -            478   4.7e-05   21.9   1.7   2   4      0.23        21    3.3   0.0   157   234   113   188    99   194 0.72 -
TRINITY_DN12941_c4_g1_i10:882-2138  -            419 40951at7898          -            478   4.7e-05   21.9   1.7   3   4    0.0012      0.11   10.8   0.1   224   286   219   284   211   297 0.80 -
TRINITY_DN12941_c4_g1_i10:882-2138  -            419 40951at7898          -            478   4.7e-05   21.9   1.7   4   4       0.1       9.5    4.4   0.0   214   278   350   414   299   417 0.75 -
TRINITY_DN12941_c4_g1_i1:871-2127   -            419 40951at7898          -            478   4.7e-05   21.9   1.7   1   4      0.22        21    3.3   0.0   218   287    90   159    73   163 0.82 -
TRINITY_DN12941_c4_g1_i1:871-2127   -            419 40951at7898          -            478   4.7e-05   21.9   1.7   2   4      0.23        21    3.3   0.0   157   234   113   188    99   194 0.72 -
TRINITY_DN12941_c4_g1_i1:871-2127   -            419 40951at7898          -            478   4.7e-05   21.9   1.7   3   4    0.0012      0.11   10.8   0.1   224   286   219   284   211   297 0.80 -
TRINITY_DN12941_c4_g1_i1:871-2127   -            419 40951at7898          -            478   4.7e-05   21.9   1.7   4   4       0.1       9.5    4.4   0.0   214   278   350   414   299   417 0.75 -
TRINITY_DN12941_c4_g1_i9:863-2119   -            419 40951at7898          -            478   4.7e-05   21.9   1.7   1   4      0.22        21    3.3   0.0   218   287    90   159    73   163 0.82 -
TRINITY_DN12941_c4_g1_i9:863-2119   -            419 40951at7898          -            478   4.7e-05   21.9   1.7   2   4      0.23        21    3.3   0.0   157   234   113   188    99   194 0.72 -
TRINITY_DN12941_c4_g1_i9:863-2119   -            419 40951at7898          -            478   4.7e-05   21.9   1.7   3   4    0.0012      0.11   10.8   0.1   224   286   219   284   211   297 0.80 -
TRINITY_DN12941_c4_g1_i9:863-2119   -            419 40951at7898          -            478   4.7e-05   21.9   1.7   4   4       0.1       9.5    4.4   0.0   214   278   350   414   299   417 0.75 -
TRINITY_DN2002_c0_g1_i1:127-1545    -            473 40951at7898          -            478   4.9e-05   21.9   3.8   1   3    0.0046      0.43    8.9   0.1   243   302   193   252   158   282 0.68 -
TRINITY_DN2002_c0_g1_i1:127-1545    -            473 40951at7898          -            478   4.9e-05   21.9   3.8   2   3       3.6   3.3e+02   -0.7   0.0   265   298   336   368   302   381 0.80 -
TRINITY_DN2002_c0_g1_i1:127-1545    -            473 40951at7898          -            478   4.9e-05   21.9   3.8   3   3   0.00032      0.03   12.7   0.4   218   315   371   471   354   472 0.85 -
TRINITY_DN31576_c0_g2_i1:360-854    -            165 40951at7898          -            478     5e-05   21.8   0.2   1   2   2.3e-05    0.0021   16.5   0.1   246   310    54   119    22   130 0.81 -
TRINITY_DN31576_c0_g2_i1:360-854    -            165 40951at7898          -            478     5e-05   21.8   0.2   2   2      0.22        20    3.3   0.0   238   272   129   163   119   165 0.84 -
TRINITY_DN34449_c2_g1_i1:1311-2189  -            293 40951at7898          -            478     8e-05   21.1   0.1   1   2     0.079       7.2    4.8   0.0   222   278    60   116    52   127 0.83 -
TRINITY_DN34449_c2_g1_i1:1311-2189  -            293 40951at7898          -            478     8e-05   21.1   0.1   2   2   0.00015     0.014   13.7   0.0   209   301   182   277   132   291 0.75 -
TRINITY_DN15961_c2_g2_i3:237-1571   -            445 40951at7898          -            478   8.7e-05   21.0   0.2   1   3   1.7e-05    0.0016   16.9   0.0   209   278    68   138    58   143 0.87 -
TRINITY_DN15961_c2_g2_i3:237-1571   -            445 40951at7898          -            478   8.7e-05   21.0   0.2   2   3       1.7   1.5e+02    0.4   0.0   262   296   209   244   173   285 0.74 -
TRINITY_DN15961_c2_g2_i3:237-1571   -            445 40951at7898          -            478   8.7e-05   21.0   0.2   3   3       3.3   3.1e+02   -0.6   0.0   244   320   277   357   235   376 0.57 -
TRINITY_DN15961_c2_g2_i1:237-1571   -            445 40951at7898          -            478     9e-05   21.0   0.1   1   3   1.7e-05    0.0016   16.9   0.0   209   278    68   138    58   143 0.87 -
TRINITY_DN15961_c2_g2_i1:237-1571   -            445 40951at7898          -            478     9e-05   21.0   0.1   2   3       1.8   1.6e+02    0.3   0.0   262   296   209   244   173   285 0.74 -
TRINITY_DN15961_c2_g2_i1:237-1571   -            445 40951at7898          -            478     9e-05   21.0   0.1   3   3       3.3   3.1e+02   -0.6   0.0   244   320   277   357   235   376 0.57 -
TRINITY_DN15961_c2_g2_i2:237-1571   -            445 40951at7898          -            478     9e-05   21.0   0.1   1   3   1.7e-05    0.0016   16.9   0.0   209   278    68   138    58   143 0.87 -
TRINITY_DN15961_c2_g2_i2:237-1571   -            445 40951at7898          -            478     9e-05   21.0   0.1   2   3       1.8   1.6e+02    0.3   0.0   262   296   209   244   173   285 0.74 -
TRINITY_DN15961_c2_g2_i2:237-1571   -            445 40951at7898          -            478     9e-05   21.0   0.1   3   3       3.3   3.1e+02   -0.6   0.0   244   320   277   357   235   376 0.57 -
TRINITY_DN6816_c0_g1_i1:1-477       -            159 40951at7898          -            478   0.00023   19.7   0.8   1   2   0.00047     0.043   12.1   0.1   211   279    11    77     3    84 0.89 -
TRINITY_DN6816_c0_g1_i1:1-477       -            159 40951at7898          -            478   0.00023   19.7   0.8   2   2     0.024       2.2    6.5   0.0   245   313    88   155    78   158 0.80 -
TRINITY_DN13944_c0_g1_i2:12-833     -            274 40951at7898          -            478   0.00023   19.6   6.2   1   4      0.03       2.8    6.2   0.3   225   299     7    80     2    97 0.74 -
TRINITY_DN13944_c0_g1_i2:12-833     -            274 40951at7898          -            478   0.00023   19.6   6.2   2   4     0.035       3.2    6.0   0.2   212   280    74   140    62   148 0.84 -
TRINITY_DN13944_c0_g1_i2:12-833     -            274 40951at7898          -            478   0.00023   19.6   6.2   3   4     0.005      0.46    8.8   0.0   229   284   131   184   124   195 0.87 -
TRINITY_DN13944_c0_g1_i2:12-833     -            274 40951at7898          -            478   0.00023   19.6   6.2   4   4    0.0044      0.41    8.9   0.3   165   281   151   264   143   272 0.75 -
TRINITY_DN5860_c0_g1_i11:1417-2466  -            350 40951at7898          -            478   0.00035   19.0   0.1   1   3       5.4     5e+02   -1.3   0.0   246   286    33    73    24    79 0.82 -
TRINITY_DN5860_c0_g1_i11:1417-2466  -            350 40951at7898          -            478   0.00035   19.0   0.1   2   3      0.53        49    2.1   0.0   240   276    80   116    74   131 0.86 -
TRINITY_DN5860_c0_g1_i11:1417-2466  -            350 40951at7898          -            478   0.00035   19.0   0.1   3   3   0.00023     0.021   13.2   0.0   165   276   238   350   214   350 0.75 -
TRINITY_DN5860_c0_g1_i2:1238-2287   -            350 40951at7898          -            478   0.00035   19.0   0.1   1   3       5.4     5e+02   -1.3   0.0   246   286    33    73    24    79 0.82 -
TRINITY_DN5860_c0_g1_i2:1238-2287   -            350 40951at7898          -            478   0.00035   19.0   0.1   2   3      0.53        49    2.1   0.0   240   276    80   116    74   131 0.86 -
TRINITY_DN5860_c0_g1_i2:1238-2287   -            350 40951at7898          -            478   0.00035   19.0   0.1   3   3   0.00023     0.021   13.2   0.0   165   276   238   350   214   350 0.75 -
TRINITY_DN5860_c0_g1_i3:1417-2466   -            350 40951at7898          -            478   0.00035   19.0   0.1   1   3       5.4     5e+02   -1.3   0.0   246   286    33    73    24    79 0.82 -
TRINITY_DN5860_c0_g1_i3:1417-2466   -            350 40951at7898          -            478   0.00035   19.0   0.1   2   3      0.53        49    2.1   0.0   240   276    80   116    74   131 0.86 -
TRINITY_DN5860_c0_g1_i3:1417-2466   -            350 40951at7898          -            478   0.00035   19.0   0.1   3   3   0.00023     0.021   13.2   0.0   165   276   238   350   214   350 0.75 -
TRINITY_DN5860_c0_g1_i8:1318-2460   -            381 40951at7898          -            478   0.00039   18.9   0.1   1   4       3.1   2.9e+02   -0.5   0.0   245   285    64   104    56   110 0.85 -
TRINITY_DN5860_c0_g1_i8:1318-2460   -            381 40951at7898          -            478   0.00039   18.9   0.1   2   4       0.4        37    2.5   0.0   239   277   111   149    74   185 0.82 -
TRINITY_DN5860_c0_g1_i8:1318-2460   -            381 40951at7898          -            478   0.00039   18.9   0.1   3   4       6.8   6.3e+02   -1.6   0.0   228   279   195   249   180   268 0.71 -
TRINITY_DN5860_c0_g1_i8:1318-2460   -            381 40951at7898          -            478   0.00039   18.9   0.1   4   4   0.00042     0.039   12.3   0.0   181   275   282   380   262   381 0.67 -
TRINITY_DN7260_c0_g1_i3:1612-2448   -            279 40951at7898          -            478   0.00043   18.7   0.0   1   4       3.2   2.9e+02   -0.5   0.0   248   284     5    41     2    48 0.85 -
TRINITY_DN7260_c0_g1_i3:1612-2448   -            279 40951at7898          -            478   0.00043   18.7   0.0   2   4       1.4   1.3e+02    0.7   0.0   240   279    50    89    43    99 0.88 -
TRINITY_DN7260_c0_g1_i3:1612-2448   -            279 40951at7898          -            478   0.00043   18.7   0.0   3   4      0.17        16    3.7   0.0   227   280   132   189   124   209 0.69 -
TRINITY_DN7260_c0_g1_i3:1612-2448   -            279 40951at7898          -            478   0.00043   18.7   0.0   4   4    0.0045      0.41    8.9   0.0   216   277   216   277   202   279 0.81 -
TRINITY_DN8786_c0_g1_i1:114-1214    -            367 40951at7898          -            478   0.00043   18.7   0.1   1   2     0.016       1.5    7.1   0.0   254   287    82   114    28   163 0.78 -
TRINITY_DN8786_c0_g1_i1:114-1214    -            367 40951at7898          -            478   0.00043   18.7   0.1   2   2    0.0023      0.21    9.9   0.0   227   295   183   253   169   304 0.74 -
TRINITY_DN45355_c0_g1_i12:1395-2615 -            407 40951at7898          -            478   0.00066   18.1   0.2   1   3    0.0003     0.027   12.8   0.1   223   309   129   220   122   232 0.78 -
TRINITY_DN45355_c0_g1_i12:1395-2615 -            407 40951at7898          -            478   0.00066   18.1   0.2   2   3      0.33        30    2.7   0.0   163   193   239   269   210   277 0.66 -
TRINITY_DN45355_c0_g1_i12:1395-2615 -            407 40951at7898          -            478   0.00066   18.1   0.2   3   3       6.9   6.4e+02   -1.6   0.0   220   248   349   377   298   392 0.59 -
TRINITY_DN1767_c0_g1_i1:4179-5111   -            311 40951at7898          -            478   0.00079   17.9   0.0   1   2     0.087       8.1    4.6   0.0   245   290    74   119    43   124 0.83 -
TRINITY_DN1767_c0_g1_i1:4179-5111   -            311 40951at7898          -            478   0.00079   17.9   0.0   2   2   0.00084     0.077   11.3   0.0   219   281   224   287   174   310 0.77 -
TRINITY_DN1767_c0_g1_i3:4179-5111   -            311 40951at7898          -            478   0.00079   17.9   0.0   1   2     0.087       8.1    4.6   0.0   245   290    74   119    43   124 0.83 -
TRINITY_DN1767_c0_g1_i3:4179-5111   -            311 40951at7898          -            478   0.00079   17.9   0.0   2   2   0.00084     0.077   11.3   0.0   219   281   224   287   174   310 0.77 -
TRINITY_DN18411_c0_g1_i1:245-1348   -            368 40951at7898          -            478   0.00086   17.7   0.6   1   2      0.06       5.6    5.2   0.2   241   313    58   136    27   138 0.64 -
TRINITY_DN18411_c0_g1_i1:245-1348   -            368 40951at7898          -            478   0.00086   17.7   0.6   2   2   0.00053     0.049   12.0   0.1   204   282   128   207   116   229 0.80 -
TRINITY_DN1999_c0_g1_i8:103-2028    -            642 40951at7898          -            478    0.0011   17.4   0.0   1   2    0.0011       0.1   10.9   0.0   224   279   262   318   202   354 0.88 -
TRINITY_DN1999_c0_g1_i8:103-2028    -            642 40951at7898          -            478    0.0011   17.4   0.0   2   2      0.12        11    4.2   0.0   262   352   384   479   349   511 0.69 -
TRINITY_DN52868_c0_g1_i1:134-1243   -            370 40951at7898          -            478    0.0011   17.4   0.2   1   1   0.00084     0.077   11.3   0.0   221   302   127   209   124   225 0.82 -
TRINITY_DN34542_c0_g1_i10:566-1204  -            213 40951at7898          -            478    0.0011   17.3   0.0   1   2     0.012       1.1    7.5   0.0   128   185    37   102    32   104 0.75 -
TRINITY_DN34542_c0_g1_i10:566-1204  -            213 40951at7898          -            478    0.0011   17.3   0.0   2   2   8.8e-05    0.0081   14.5   0.0   201   280    75   157    67   165 0.85 -
TRINITY_DN34542_c0_g1_i11:566-1204  -            213 40951at7898          -            478    0.0012   17.3   0.0   1   2     0.012       1.1    7.5   0.0   128   185    37   102    32   104 0.75 -
TRINITY_DN34542_c0_g1_i11:566-1204  -            213 40951at7898          -            478    0.0012   17.3   0.0   2   2   8.8e-05    0.0081   14.5   0.0   201   280    75   157    67   165 0.85 -
TRINITY_DN34542_c0_g1_i9:564-1202   -            213 40951at7898          -            478    0.0012   17.3   0.0   1   2     0.012       1.1    7.5   0.0   128   185    37   102    32   104 0.75 -
TRINITY_DN34542_c0_g1_i9:564-1202   -            213 40951at7898          -            478    0.0012   17.3   0.0   2   2   8.8e-05    0.0081   14.5   0.0   201   280    75   157    67   165 0.85 -
TRINITY_DN8786_c0_g1_i6:114-2195    -            694 40951at7898          -            478    0.0012   17.3   0.1   1   2     0.049       4.6    5.5   0.0   254   286    82   113    64   159 0.72 -
TRINITY_DN8786_c0_g1_i6:114-2195    -            694 40951at7898          -            478    0.0012   17.3   0.1   2   2    0.0028      0.26    9.6   0.0   227   297   183   255   171   301 0.74 -
TRINITY_DN15291_c2_g3_i1:93-1361    -            423 40951at7898          -            478    0.0012   17.3   0.5   1   2     0.021       1.9    6.7   0.0   228   278   164   218   116   226 0.77 -
TRINITY_DN15291_c2_g3_i1:93-1361    -            423 40951at7898          -            478    0.0012   17.3   0.5   2   2      0.01      0.92    7.8   0.0   223   283   313   377   284   416 0.79 -
TRINITY_DN8786_c0_g1_i4:173-2254    -            694 40951at7898          -            478    0.0013   17.2   0.1   1   2     0.051       4.7    5.4   0.0   254   285    82   113    55   159 0.75 -
TRINITY_DN8786_c0_g1_i4:173-2254    -            694 40951at7898          -            478    0.0013   17.2   0.1   2   2    0.0028      0.26    9.6   0.0   227   297   183   255   171   301 0.74 -
TRINITY_DN45355_c0_g1_i9:1395-2615  -            407 40951at7898          -            478    0.0013   17.2   0.2   1   3   0.00086     0.079   11.3   0.0   223   280   129   187   122   221 0.88 -
TRINITY_DN45355_c0_g1_i9:1395-2615  -            407 40951at7898          -            478    0.0013   17.2   0.2   2   3      0.31        28    2.8   0.0   163   194   239   270   210   279 0.67 -
TRINITY_DN45355_c0_g1_i9:1395-2615  -            407 40951at7898          -            478    0.0013   17.2   0.2   3   3       6.9   6.4e+02   -1.6   0.0   220   248   349   377   298   392 0.59 -
TRINITY_DN13541_c0_g1_i1:0-941      -            314 40951at7898          -            478    0.0015   16.9   0.1   1   4      0.81        74    1.5   0.0   248   281    42    76    38    94 0.79 -
TRINITY_DN13541_c0_g1_i1:0-941      -            314 40951at7898          -            478    0.0015   16.9   0.1   2   4     0.025       2.3    6.5   0.0   248   299    98   150    93   174 0.73 -
TRINITY_DN13541_c0_g1_i1:0-941      -            314 40951at7898          -            478    0.0015   16.9   0.1   3   4         1        95    1.1   0.0   222   279   159   217   152   231 0.64 -
TRINITY_DN13541_c0_g1_i1:0-941      -            314 40951at7898          -            478    0.0015   16.9   0.1   4   4      0.27        25    3.0   0.0   247   277   244   274   229   289 0.88 -
TRINITY_DN16798_c2_g1_i4:1022-1765  -            248 40951at7898          -            478    0.0017   16.8   0.0   1   2     0.023       2.1    6.6   0.0   225   282    18    76    10    81 0.89 -
TRINITY_DN16798_c2_g1_i4:1022-1765  -            248 40951at7898          -            478    0.0017   16.8   0.0   2   2     0.011         1    7.6   0.0   242   286    83   127    77   140 0.83 -
TRINITY_DN34542_c0_g1_i2:766-1404   -            213 40951at7898          -            478    0.0017   16.7   0.0   1   2       1.7   1.6e+02    0.4   0.1   128   155    37    66    30    71 0.79 -
TRINITY_DN34542_c0_g1_i2:766-1404   -            213 40951at7898          -            478    0.0017   16.7   0.0   2   2   0.00013     0.012   14.0   0.0   201   280    75   157    67   164 0.85 -
TRINITY_DN34542_c0_g1_i1:545-1183   -            213 40951at7898          -            478    0.0017   16.7   0.0   1   2       1.7   1.6e+02    0.4   0.1   128   155    37    66    30    71 0.79 -
TRINITY_DN34542_c0_g1_i1:545-1183   -            213 40951at7898          -            478    0.0017   16.7   0.0   2   2   0.00013     0.012   14.0   0.0   201   280    75   157    67   164 0.85 -
TRINITY_DN34542_c0_g1_i4:699-1337   -            213 40951at7898          -            478    0.0017   16.7   0.0   1   2       1.7   1.6e+02    0.4   0.1   128   155    37    66    30    71 0.79 -
TRINITY_DN34542_c0_g1_i4:699-1337   -            213 40951at7898          -            478    0.0017   16.7   0.0   2   2   0.00013     0.012   14.0   0.0   201   280    75   157    67   164 0.85 -
TRINITY_DN34542_c0_g1_i8:699-1337   -            213 40951at7898          -            478    0.0017   16.7   0.0   1   2       1.7   1.6e+02    0.4   0.1   128   155    37    66    30    71 0.79 -
TRINITY_DN34542_c0_g1_i8:699-1337   -            213 40951at7898          -            478    0.0017   16.7   0.0   2   2   0.00013     0.012   14.0   0.0   201   280    75   157    67   164 0.85 -
TRINITY_DN45355_c0_g1_i17:1395-5206 -            402 40951at7898          -            478    0.0018   16.7   0.1   1   3     0.001     0.093   11.0   0.0   223   279   129   186   122   199 0.88 -
TRINITY_DN45355_c0_g1_i17:1395-5206 -            402 40951at7898          -            478    0.0018   16.7   0.1   2   3      0.53        49    2.1   0.0   164   193   235   264   215   274 0.73 -
TRINITY_DN45355_c0_g1_i17:1395-5206 -            402 40951at7898          -            478    0.0018   16.7   0.1   3   3       4.6   4.2e+02   -1.0   0.0   252   310   294   352   290   381 0.74 -
TRINITY_DN4682_c0_g1_i7:10-621      -            204 40951at7898          -            478    0.0019   16.6   0.0   1   2     0.089       8.2    4.6   0.0   244   296    48    98    26   105 0.75 -
TRINITY_DN4682_c0_g1_i7:10-621      -            204 40951at7898          -            478    0.0019   16.6   0.0   2   2    0.0017      0.15   10.3   0.0   222   298   107   181    98   192 0.83 -
TRINITY_DN19352_c0_g1_i1:108-1529   -            474 40951at7898          -            478    0.0019   16.6   0.1   1   4       3.8   3.5e+02   -0.8   0.0   247   286   101   140    95   194 0.73 -
TRINITY_DN19352_c0_g1_i1:108-1529   -            474 40951at7898          -            478    0.0019   16.6   0.1   2   4       9.3   8.6e+02   -2.0   0.0   100   120   229   249   200   259 0.76 -
TRINITY_DN19352_c0_g1_i1:108-1529   -            474 40951at7898          -            478    0.0019   16.6   0.1   3   4    0.0026      0.24    9.7   0.0   225   286   336   398   325   401 0.89 -
TRINITY_DN19352_c0_g1_i1:108-1529   -            474 40951at7898          -            478    0.0019   16.6   0.1   4   4      0.68        63    1.7   0.0   248   282   402   436   398   445 0.87 -
TRINITY_DN23071_c0_g1_i7:355-2079   -            575 40951at7898          -            478    0.0022   16.4   0.3   1   3   0.00077     0.071   11.4   0.0   229   283   307   362   297   375 0.83 -
TRINITY_DN23071_c0_g1_i7:355-2079   -            575 40951at7898          -            478    0.0022   16.4   0.3   2   3       1.7   1.5e+02    0.4   0.0   225   280   390   445   378   484 0.63 -
TRINITY_DN23071_c0_g1_i7:355-2079   -            575 40951at7898          -            478    0.0022   16.4   0.3   3   3       2.3   2.1e+02   -0.0   0.1    88   129   507   548   490   566 0.79 -
TRINITY_DN1999_c0_g1_i2:103-2028    -            642 40951at7898          -            478    0.0025   16.2   0.0   1   2    0.0016      0.14   10.4   0.0   224   278   262   317   245   330 0.84 -
TRINITY_DN1999_c0_g1_i2:103-2028    -            642 40951at7898          -            478    0.0025   16.2   0.0   2   2      0.29        27    2.9   0.0   261   292   383   414   345   510 0.67 -
TRINITY_DN45355_c0_g1_i16:1395-5555 -            402 40951at7898          -            478    0.0026   16.1   0.3   1   3     0.001     0.093   11.0   0.0   223   279   129   186   122   199 0.88 -
TRINITY_DN45355_c0_g1_i16:1395-5555 -            402 40951at7898          -            478    0.0026   16.1   0.3   2   3      0.53        49    2.1   0.0   164   193   235   264   215   274 0.73 -
TRINITY_DN45355_c0_g1_i16:1395-5555 -            402 40951at7898          -            478    0.0026   16.1   0.3   3   3       6.8   6.3e+02   -1.6   0.0   220   248   344   372   293   387 0.59 -
TRINITY_DN8786_c0_g1_i2:114-2186    -            691 40951at7898          -            478    0.0027   16.1   0.1   1   2     0.049       4.5    5.5   0.0   254   286    82   113    64   159 0.72 -
TRINITY_DN8786_c0_g1_i2:114-2186    -            691 40951at7898          -            478    0.0027   16.1   0.1   2   2    0.0068      0.63    8.3   0.0   227   292   183   250   171   300 0.75 -
TRINITY_DN4214_c1_g1_i5:26-862      -            279 40951at7898          -            478    0.0033   15.8   0.1   1   2     0.048       4.5    5.5   0.0   221   287    12    77     4   114 0.75 -
TRINITY_DN4214_c1_g1_i5:26-862      -            279 40951at7898          -            478    0.0033   15.8   0.1   2   2    0.0067      0.62    8.3   0.0   215   288   180   254   122   276 0.85 -
TRINITY_DN4214_c1_g1_i8:26-862      -            279 40951at7898          -            478    0.0033   15.8   0.1   1   2     0.048       4.5    5.5   0.0   221   287    12    77     4   114 0.75 -
TRINITY_DN4214_c1_g1_i8:26-862      -            279 40951at7898          -            478    0.0033   15.8   0.1   2   2    0.0067      0.62    8.3   0.0   215   288   180   254   122   276 0.85 -
TRINITY_DN12253_c0_g1_i2:15-980     -            322 40951at7898          -            478    0.0038   15.6   0.0   1   2      0.36        33    2.6   0.0   180   233    86   138    73   149 0.79 -
TRINITY_DN12253_c0_g1_i2:15-980     -            322 40951at7898          -            478    0.0038   15.6   0.0   2   2    0.0013      0.12   10.7   0.0   211   308   157   255   128   268 0.83 -
TRINITY_DN12253_c0_g1_i7:15-980     -            322 40951at7898          -            478    0.0038   15.6   0.0   1   2      0.36        33    2.6   0.0   180   233    86   138    73   149 0.79 -
TRINITY_DN12253_c0_g1_i7:15-980     -            322 40951at7898          -            478    0.0038   15.6   0.0   2   2    0.0013      0.12   10.7   0.0   211   308   157   255   128   268 0.83 -
TRINITY_DN8740_c0_g1_i1:242-1096    -            285 40951at7898          -            478     0.004   15.5   0.0   1   1   8.5e-05    0.0078   14.6   0.0   226   305    51   131    19   155 0.80 -
TRINITY_DN8740_c0_g1_i5:242-1096    -            285 40951at7898          -            478     0.004   15.5   0.0   1   1   8.5e-05    0.0078   14.6   0.0   226   305    51   131    19   155 0.80 -
TRINITY_DN8740_c0_g1_i9:244-1098    -            285 40951at7898          -            478     0.004   15.5   0.0   1   1   8.5e-05    0.0078   14.6   0.0   226   305    51   131    19   155 0.80 -
TRINITY_DN16798_c2_g1_i1:679-1734   -            352 40951at7898          -            478     0.005   15.2   0.0   1   2      0.04       3.7    5.8   0.0   225   282   124   182   112   186 0.89 -
TRINITY_DN16798_c2_g1_i1:679-1734   -            352 40951at7898          -            478     0.005   15.2   0.0   2   2     0.021       1.9    6.7   0.0   242   286   189   233   184   246 0.83 -
TRINITY_DN16798_c2_g1_i2:679-1734   -            352 40951at7898          -            478     0.005   15.2   0.0   1   2      0.04       3.7    5.8   0.0   225   282   124   182   112   186 0.89 -
TRINITY_DN16798_c2_g1_i2:679-1734   -            352 40951at7898          -            478     0.005   15.2   0.0   2   2     0.021       1.9    6.7   0.0   242   286   189   233   184   246 0.83 -
TRINITY_DN5024_c0_g1_i1:795-1652    -            286 40951at7898          -            478    0.0051   15.2   0.0   1   3       2.1     2e+02    0.1   0.0   244   278    48    82    31    85 0.90 -
TRINITY_DN5024_c0_g1_i1:795-1652    -            286 40951at7898          -            478    0.0051   15.2   0.0   2   3    0.0017      0.16   10.2   0.0   243   348    88   199    76   203 0.70 -
TRINITY_DN5024_c0_g1_i1:795-1652    -            286 40951at7898          -            478    0.0051   15.2   0.0   3   3      0.17        16    3.7   0.0   227   316   157   244   136   282 0.78 -
TRINITY_DN4214_c1_g1_i3:26-871      -            282 40951at7898          -            478    0.0053   15.1   0.1   1   2     0.046       4.2    5.6   0.0   221   287    12    77     4   121 0.76 -
TRINITY_DN4214_c1_g1_i3:26-871      -            282 40951at7898          -            478    0.0053   15.1   0.1   2   2     0.015       1.4    7.1   0.0   216   288   181   254   176   280 0.81 -
TRINITY_DN4682_c0_g1_i1:1022-1681   -            220 40951at7898          -            478    0.0055   15.1   0.0   1   2     0.095       8.8    4.5   0.0   261   296    36    69    11    76 0.78 -
TRINITY_DN4682_c0_g1_i1:1022-1681   -            220 40951at7898          -            478    0.0055   15.1   0.0   2   2    0.0063      0.58    8.4   0.0   222   288    78   142    70   162 0.76 -
TRINITY_DN5860_c0_g1_i6:1318-2334   -            339 40951at7898          -            478    0.0055   15.1   0.0   1   4       2.6   2.4e+02   -0.2   0.0   245   285    64   104    56   111 0.85 -
TRINITY_DN5860_c0_g1_i6:1318-2334   -            339 40951at7898          -            478    0.0055   15.1   0.0   2   4       0.4        37    2.5   0.0   239   277   111   149   101   212 0.84 -
TRINITY_DN5860_c0_g1_i6:1318-2334   -            339 40951at7898          -            478    0.0055   15.1   0.0   3   4       5.4     5e+02   -1.3   0.0   228   280   195   250   181   271 0.72 -
TRINITY_DN5860_c0_g1_i6:1318-2334   -            339 40951at7898          -            478    0.0055   15.1   0.0   4   4    0.0072      0.67    8.2   0.0   226   278   285   337   250   339 0.77 -
TRINITY_DN6850_c0_g1_i1:371-1147    -            259 40951at7898          -            478    0.0065   14.8   0.2   1   3       2.6   2.4e+02   -0.2   0.0   247   279     3    35     1    55 0.87 -
TRINITY_DN6850_c0_g1_i1:371-1147    -            259 40951at7898          -            478    0.0065   14.8   0.2   2   3       9.6   8.9e+02   -2.1   0.0   227   242    78    93    52   110 0.67 -
TRINITY_DN6850_c0_g1_i1:371-1147    -            259 40951at7898          -            478    0.0065   14.8   0.2   3   3   0.00047     0.043   12.1   0.1   210   277   153   220   126   248 0.76 -
TRINITY_DN6850_c0_g1_i3:371-1147    -            259 40951at7898          -            478    0.0065   14.8   0.2   1   3       2.6   2.4e+02   -0.2   0.0   247   279     3    35     1    55 0.87 -
TRINITY_DN6850_c0_g1_i3:371-1147    -            259 40951at7898          -            478    0.0065   14.8   0.2   2   3       9.6   8.9e+02   -2.1   0.0   227   242    78    93    52   110 0.67 -
TRINITY_DN6850_c0_g1_i3:371-1147    -            259 40951at7898          -            478    0.0065   14.8   0.2   3   3   0.00047     0.043   12.1   0.1   210   277   153   220   126   248 0.76 -
TRINITY_DN6850_c0_g1_i4:627-1403    -            259 40951at7898          -            478    0.0065   14.8   0.2   1   3       2.6   2.4e+02   -0.2   0.0   247   279     3    35     1    55 0.87 -
TRINITY_DN6850_c0_g1_i4:627-1403    -            259 40951at7898          -            478    0.0065   14.8   0.2   2   3       9.6   8.9e+02   -2.1   0.0   227   242    78    93    52   110 0.67 -
TRINITY_DN6850_c0_g1_i4:627-1403    -            259 40951at7898          -            478    0.0065   14.8   0.2   3   3   0.00047     0.043   12.1   0.1   210   277   153   220   126   248 0.76 -
TRINITY_DN5024_c0_g1_i3:789-1691    -            301 40951at7898          -            478    0.0065   14.8   0.0   1   3       2.1     2e+02    0.1   0.0   244   278    63    97    44   101 0.89 -
TRINITY_DN5024_c0_g1_i3:789-1691    -            301 40951at7898          -            478    0.0065   14.8   0.0   2   3    0.0014      0.13   10.6   0.0   243   348   103   214    86   222 0.71 -
TRINITY_DN5024_c0_g1_i3:789-1691    -            301 40951at7898          -            478    0.0065   14.8   0.0   3   3      0.29        27    2.9   0.0   227   316   172   259   158   269 0.83 -
TRINITY_DN2576_c0_g1_i1:140-1114    -            325 40951at7898          -            478    0.0069   14.8   0.2   1   2       1.3   1.2e+02    0.8   0.1   232   281    35    84    15   114 0.65 -
TRINITY_DN2576_c0_g1_i1:140-1114    -            325 40951at7898          -            478    0.0069   14.8   0.2   2   2   0.00062     0.058   11.7   0.0   217   288   156   227   118   242 0.86 -
TRINITY_DN2576_c0_g1_i3:140-1114    -            325 40951at7898          -            478    0.0069   14.8   0.2   1   2       1.3   1.2e+02    0.8   0.1   232   281    35    84    15   114 0.65 -
TRINITY_DN2576_c0_g1_i3:140-1114    -            325 40951at7898          -            478    0.0069   14.8   0.2   2   2   0.00062     0.058   11.7   0.0   217   288   156   227   118   242 0.86 -
TRINITY_DN2576_c0_g1_i4:140-1114    -            325 40951at7898          -            478    0.0069   14.8   0.2   1   2       1.3   1.2e+02    0.8   0.1   232   281    35    84    15   114 0.65 -
TRINITY_DN2576_c0_g1_i4:140-1114    -            325 40951at7898          -            478    0.0069   14.8   0.2   2   2   0.00062     0.058   11.7   0.0   217   288   156   227   118   242 0.86 -
TRINITY_DN2576_c0_g1_i6:140-1114    -            325 40951at7898          -            478    0.0069   14.8   0.2   1   2       1.3   1.2e+02    0.8   0.1   232   281    35    84    15   114 0.65 -
TRINITY_DN2576_c0_g1_i6:140-1114    -            325 40951at7898          -            478    0.0069   14.8   0.2   2   2   0.00062     0.058   11.7   0.0   217   288   156   227   118   242 0.86 -
TRINITY_DN7767_c0_g1_i2:2-1417      -            472 40951at7898          -            478    0.0074   14.7   0.2   1   2     0.017       1.6    7.0   0.0   224   280   215   271   197   310 0.87 -
TRINITY_DN7767_c0_g1_i2:2-1417      -            472 40951at7898          -            478    0.0074   14.7   0.2   2   2     0.073       6.8    4.9   0.0   224   248   339   363   311   371 0.80 -
TRINITY_DN7767_c0_g1_i3:206-1624    -            473 40951at7898          -            478    0.0075   14.6   0.2   1   2     0.017       1.6    7.0   0.0   224   280   215   271   197   310 0.87 -
TRINITY_DN7767_c0_g1_i3:206-1624    -            473 40951at7898          -            478    0.0075   14.6   0.2   2   2     0.083       7.6    4.7   0.0   224   248   339   363   320   371 0.79 -
TRINITY_DN7767_c0_g1_i1:355-1785    -            477 40951at7898          -            478    0.0077   14.6   0.2   1   2     0.017       1.6    7.0   0.0   224   280   215   271   197   310 0.87 -
TRINITY_DN7767_c0_g1_i1:355-1785    -            477 40951at7898          -            478    0.0077   14.6   0.2   2   2     0.074       6.9    4.9   0.0   224   248   339   363   311   371 0.80 -
TRINITY_DN4682_c0_g1_i8:34-756      -            241 40951at7898          -            478    0.0087   14.4   0.1   1   2       0.1       9.6    4.4   0.1   244   297    40    91    19   101 0.74 -
TRINITY_DN4682_c0_g1_i8:34-756      -            241 40951at7898          -            478    0.0087   14.4   0.1   2   2    0.0079      0.73    8.1   0.0   222   288    99   163    94   192 0.77 -
TRINITY_DN13945_c0_g1_i2:2100-3014  -            305 40951at7898          -            478    0.0092   14.4   0.0   1   3    0.0088      0.81    7.9   0.0   216   286    70   139    50   171 0.78 -
TRINITY_DN13945_c0_g1_i2:2100-3014  -            305 40951at7898          -            478    0.0092   14.4   0.0   2   3       2.6   2.4e+02   -0.2   0.0   238   280   174   216   156   229 0.80 -
TRINITY_DN13945_c0_g1_i2:2100-3014  -            305 40951at7898          -            478    0.0092   14.4   0.0   3   3      0.35        32    2.7   0.0   216   275   244   304   227   305 0.81 -
TRINITY_DN13945_c0_g1_i5:1608-2522  -            305 40951at7898          -            478    0.0092   14.4   0.0   1   3    0.0088      0.81    7.9   0.0   216   286    70   139    50   171 0.78 -
TRINITY_DN13945_c0_g1_i5:1608-2522  -            305 40951at7898          -            478    0.0092   14.4   0.0   2   3       2.6   2.4e+02   -0.2   0.0   238   280   174   216   156   229 0.80 -
TRINITY_DN13945_c0_g1_i5:1608-2522  -            305 40951at7898          -            478    0.0092   14.4   0.0   3   3      0.35        32    2.7   0.0   216   275   244   304   227   305 0.81 -
TRINITY_DN8066_c0_g1_i1:484-1056    -            191 40951at7898          -            478     0.013   13.9   0.3   1   1    0.0002     0.018   13.4   0.3    94   276     4   191     1   191 0.83 -
TRINITY_DN8480_c0_g1_i1:810-1094    -             95 40951at7898          -            478     0.014   13.7   0.0   1   1   0.00016     0.015   13.6   0.0   166   234    26    94    14    95 0.78 -
TRINITY_DN5860_c0_g1_i5:6-773       -            256 40951at7898          -            478     0.016   13.5   0.0   1   2       4.2   3.8e+02   -0.9   0.0   228   280    70   125    64   142 0.70 -
TRINITY_DN5860_c0_g1_i5:6-773       -            256 40951at7898          -            478     0.016   13.5   0.0   2   2   0.00061     0.056   11.8   0.0   216   287   150   221   106   232 0.81 -
TRINITY_DN67310_c0_g1_i1:2-1591     -            530 40951at7898          -            478     0.016   13.5   0.3   1   1    0.0004     0.036   12.4   0.1   224   286    83   148    66   158 0.82 -
TRINITY_DN63730_c0_g1_i1:1558-2850  -            431 40951at7898          -            478     0.023   13.1   0.0   1   3     0.055       5.1    5.3   0.0   244   312    30   103    11   111 0.75 -
TRINITY_DN63730_c0_g1_i1:1558-2850  -            431 40951at7898          -            478     0.023   13.1   0.0   2   3         2   1.8e+02    0.2   0.0   228   270   195   236   184   245 0.82 -
TRINITY_DN63730_c0_g1_i1:1558-2850  -            431 40951at7898          -            478     0.023   13.1   0.0   3   3      0.21        20    3.4   0.0   247   287   267   307   253   317 0.88 -
TRINITY_DN8754_c0_g2_i3:802-1041    -             80 40951at7898          -            478     0.024   13.0   0.0   1   1   0.00029     0.027   12.8   0.0   228   286     7    65     3    76 0.89 -
TRINITY_DN223_c0_g1_i10:919-1827    -            303 40951at7898          -            478     0.034   12.5   0.2   1   2      0.51        47    2.1   0.0   225   277    72   124    61   145 0.91 -
TRINITY_DN223_c0_g1_i10:919-1827    -            303 40951at7898          -            478     0.034   12.5   0.2   2   2    0.0067      0.62    8.3   0.0   216   315   150   250   144   254 0.82 -
TRINITY_DN223_c0_g1_i2:919-1827     -            303 40951at7898          -            478     0.034   12.5   0.2   1   2      0.51        47    2.1   0.0   225   277    72   124    61   145 0.91 -
TRINITY_DN223_c0_g1_i2:919-1827     -            303 40951at7898          -            478     0.034   12.5   0.2   2   2    0.0067      0.62    8.3   0.0   216   315   150   250   144   254 0.82 -
TRINITY_DN223_c0_g1_i5:198-1106     -            303 40951at7898          -            478     0.034   12.5   0.2   1   2      0.51        47    2.1   0.0   225   277    72   124    61   145 0.91 -
TRINITY_DN223_c0_g1_i5:198-1106     -            303 40951at7898          -            478     0.034   12.5   0.2   2   2    0.0067      0.62    8.3   0.0   216   315   150   250   144   254 0.82 -
TRINITY_DN223_c0_g1_i6:198-1106     -            303 40951at7898          -            478     0.034   12.5   0.2   1   2      0.51        47    2.1   0.0   225   277    72   124    61   145 0.91 -
TRINITY_DN223_c0_g1_i6:198-1106     -            303 40951at7898          -            478     0.034   12.5   0.2   2   2    0.0067      0.62    8.3   0.0   216   315   150   250   144   254 0.82 -
TRINITY_DN223_c0_g1_i7:198-1106     -            303 40951at7898          -            478     0.034   12.5   0.2   1   2      0.51        47    2.1   0.0   225   277    72   124    61   145 0.91 -
TRINITY_DN223_c0_g1_i7:198-1106     -            303 40951at7898          -            478     0.034   12.5   0.2   2   2    0.0067      0.62    8.3   0.0   216   315   150   250   144   254 0.82 -
TRINITY_DN223_c0_g1_i8:198-1106     -            303 40951at7898          -            478     0.034   12.5   0.2   1   2      0.51        47    2.1   0.0   225   277    72   124    61   145 0.91 -
TRINITY_DN223_c0_g1_i8:198-1106     -            303 40951at7898          -            478     0.034   12.5   0.2   2   2    0.0067      0.62    8.3   0.0   216   315   150   250   144   254 0.82 -
TRINITY_DN223_c0_g1_i9:900-1808     -            303 40951at7898          -            478     0.034   12.5   0.2   1   2      0.51        47    2.1   0.0   225   277    72   124    61   145 0.91 -
TRINITY_DN223_c0_g1_i9:900-1808     -            303 40951at7898          -            478     0.034   12.5   0.2   2   2    0.0067      0.62    8.3   0.0   216   315   150   250   144   254 0.82 -
TRINITY_DN3890_c1_g1_i1:92-1330     -            413 40951at7898          -            478      0.04   12.2   0.0   1   1    0.0015      0.14   10.5   0.0   172   284   222   342   216   370 0.77 -
TRINITY_DN2992_c0_g1_i16:1734-2630  -            299 40951at7898          -            478     0.054   11.8   0.1   1   2       2.6   2.4e+02   -0.2   0.0   228   280    35    87    20   122 0.68 -
TRINITY_DN2992_c0_g1_i16:1734-2630  -            299 40951at7898          -            478     0.054   11.8   0.1   2   2    0.0042      0.39    9.0   0.0   182   306   118   245   108   257 0.84 -
TRINITY_DN2992_c0_g1_i6:1776-2672   -            299 40951at7898          -            478     0.054   11.8   0.1   1   2       2.6   2.4e+02   -0.2   0.0   228   280    35    87    20   122 0.68 -
TRINITY_DN2992_c0_g1_i6:1776-2672   -            299 40951at7898          -            478     0.054   11.8   0.1   2   2    0.0042      0.39    9.0   0.0   182   306   118   245   108   257 0.84 -
TRINITY_DN15312_c3_g1_i1:355-810    -            152 40951at7898          -            478     0.057   11.7   0.0   1   1   0.00093     0.086   11.2   0.0   239   283    65   113    32   132 0.78 -
TRINITY_DN137_c1_g1_i10:316-996     -            227 40951at7898          -            478     0.057   11.7   0.3   1   1     0.001     0.092   11.0   0.1   206   279    60   135    46   145 0.82 -
TRINITY_DN137_c1_g1_i3:316-996      -            227 40951at7898          -            478     0.057   11.7   0.3   1   1     0.001     0.092   11.0   0.1   206   279    60   135    46   145 0.82 -
TRINITY_DN137_c1_g1_i4:316-996      -            227 40951at7898          -            478     0.057   11.7   0.3   1   1     0.001     0.092   11.0   0.1   206   279    60   135    46   145 0.82 -
TRINITY_DN137_c1_g1_i5:316-996      -            227 40951at7898          -            478     0.057   11.7   0.3   1   1     0.001     0.092   11.0   0.1   206   279    60   135    46   145 0.82 -
TRINITY_DN137_c1_g1_i8:316-996      -            227 40951at7898          -            478     0.057   11.7   0.3   1   1     0.001     0.092   11.0   0.1   206   279    60   135    46   145 0.82 -
TRINITY_DN2992_c0_g1_i14:1644-2540  -            299 40951at7898          -            478     0.071   11.4   0.0   1   3       5.8   5.4e+02   -1.4   0.0   231   280    38    87    26   108 0.62 -
TRINITY_DN2992_c0_g1_i14:1644-2540  -            299 40951at7898          -            478     0.071   11.4   0.0   2   3     0.087       8.1    4.6   0.0   216   280   111   174    91   182 0.80 -
TRINITY_DN2992_c0_g1_i14:1644-2540  -            299 40951at7898          -            478     0.071   11.4   0.0   3   3    0.0054       0.5    8.6   0.0   182   306   118   245   112   258 0.83 -
TRINITY_DN2992_c0_g1_i1:1644-2540   -            299 40951at7898          -            478     0.071   11.4   0.0   1   3       5.8   5.4e+02   -1.4   0.0   231   280    38    87    26   108 0.62 -
TRINITY_DN2992_c0_g1_i1:1644-2540   -            299 40951at7898          -            478     0.071   11.4   0.0   2   3     0.087       8.1    4.6   0.0   216   280   111   174    91   182 0.80 -
TRINITY_DN2992_c0_g1_i1:1644-2540   -            299 40951at7898          -            478     0.071   11.4   0.0   3   3    0.0054       0.5    8.6   0.0   182   306   118   245   112   258 0.83 -
TRINITY_DN2992_c0_g1_i22:1644-2540  -            299 40951at7898          -            478     0.071   11.4   0.0   1   3       5.8   5.4e+02   -1.4   0.0   231   280    38    87    26   108 0.62 -
TRINITY_DN2992_c0_g1_i22:1644-2540  -            299 40951at7898          -            478     0.071   11.4   0.0   2   3     0.087       8.1    4.6   0.0   216   280   111   174    91   182 0.80 -
TRINITY_DN2992_c0_g1_i22:1644-2540  -            299 40951at7898          -            478     0.071   11.4   0.0   3   3    0.0054       0.5    8.6   0.0   182   306   118   245   112   258 0.83 -
TRINITY_DN2992_c0_g1_i25:1596-2492  -            299 40951at7898          -            478     0.071   11.4   0.0   1   3       5.8   5.4e+02   -1.4   0.0   231   280    38    87    26   108 0.62 -
TRINITY_DN2992_c0_g1_i25:1596-2492  -            299 40951at7898          -            478     0.071   11.4   0.0   2   3     0.087       8.1    4.6   0.0   216   280   111   174    91   182 0.80 -
TRINITY_DN2992_c0_g1_i25:1596-2492  -            299 40951at7898          -            478     0.071   11.4   0.0   3   3    0.0054       0.5    8.6   0.0   182   306   118   245   112   258 0.83 -
TRINITY_DN2992_c0_g1_i7:1596-2492   -            299 40951at7898          -            478     0.071   11.4   0.0   1   3       5.8   5.4e+02   -1.4   0.0   231   280    38    87    26   108 0.62 -
TRINITY_DN2992_c0_g1_i7:1596-2492   -            299 40951at7898          -            478     0.071   11.4   0.0   2   3     0.087       8.1    4.6   0.0   216   280   111   174    91   182 0.80 -
TRINITY_DN2992_c0_g1_i7:1596-2492   -            299 40951at7898          -            478     0.071   11.4   0.0   3   3    0.0054       0.5    8.6   0.0   182   306   118   245   112   258 0.83 -
TRINITY_DN2992_c0_g1_i2:1739-2635   -            299 40951at7898          -            478     0.079   11.3   0.0   1   3       5.8   5.4e+02   -1.4   0.0   229   280    36    87    19   100 0.61 -
TRINITY_DN2992_c0_g1_i2:1739-2635   -            299 40951at7898          -            478     0.079   11.3   0.0   2   3     0.076         7    4.8   0.0   216   280   111   174    91   192 0.81 -
TRINITY_DN2992_c0_g1_i2:1739-2635   -            299 40951at7898          -            478     0.079   11.3   0.0   3   3    0.0058      0.54    8.5   0.0   183   306   119   245   115   260 0.83 -
TRINITY_DN2992_c0_g1_i3:1737-2633   -            299 40951at7898          -            478     0.079   11.3   0.0   1   3       5.8   5.4e+02   -1.4   0.0   229   280    36    87    19   100 0.61 -
TRINITY_DN2992_c0_g1_i3:1737-2633   -            299 40951at7898          -            478     0.079   11.3   0.0   2   3     0.076         7    4.8   0.0   216   280   111   174    91   192 0.81 -
TRINITY_DN2992_c0_g1_i3:1737-2633   -            299 40951at7898          -            478     0.079   11.3   0.0   3   3    0.0058      0.54    8.5   0.0   183   306   119   245   115   260 0.83 -
TRINITY_DN3298_c0_g1_i12:3240-4034  -            265 40951at7898          -            478     0.079   11.3   0.0   1   3      0.92        85    1.3   0.0   248   281     1    34     1    43 0.88 -
TRINITY_DN3298_c0_g1_i12:3240-4034  -            265 40951at7898          -            478     0.079   11.3   0.0   2   3      0.14        13    3.9   0.0   228   283    65   120    54   153 0.85 -
TRINITY_DN3298_c0_g1_i12:3240-4034  -            265 40951at7898          -            478     0.079   11.3   0.0   3   3      0.39        36    2.5   0.0   149   229   183   264   166   265 0.88 -
TRINITY_DN3298_c0_g1_i13:3579-4373  -            265 40951at7898          -            478     0.079   11.3   0.0   1   3      0.92        85    1.3   0.0   248   281     1    34     1    43 0.88 -
TRINITY_DN3298_c0_g1_i13:3579-4373  -            265 40951at7898          -            478     0.079   11.3   0.0   2   3      0.14        13    3.9   0.0   228   283    65   120    54   153 0.85 -
TRINITY_DN3298_c0_g1_i13:3579-4373  -            265 40951at7898          -            478     0.079   11.3   0.0   3   3      0.39        36    2.5   0.0   149   229   183   264   166   265 0.88 -
TRINITY_DN3298_c0_g1_i15:3579-4373  -            265 40951at7898          -            478     0.079   11.3   0.0   1   3      0.92        85    1.3   0.0   248   281     1    34     1    43 0.88 -
TRINITY_DN3298_c0_g1_i15:3579-4373  -            265 40951at7898          -            478     0.079   11.3   0.0   2   3      0.14        13    3.9   0.0   228   283    65   120    54   153 0.85 -
TRINITY_DN3298_c0_g1_i15:3579-4373  -            265 40951at7898          -            478     0.079   11.3   0.0   3   3      0.39        36    2.5   0.0   149   229   183   264   166   265 0.88 -
TRINITY_DN3298_c0_g1_i2:3579-4373   -            265 40951at7898          -            478     0.079   11.3   0.0   1   3      0.92        85    1.3   0.0   248   281     1    34     1    43 0.88 -
TRINITY_DN3298_c0_g1_i2:3579-4373   -            265 40951at7898          -            478     0.079   11.3   0.0   2   3      0.14        13    3.9   0.0   228   283    65   120    54   153 0.85 -
TRINITY_DN3298_c0_g1_i2:3579-4373   -            265 40951at7898          -            478     0.079   11.3   0.0   3   3      0.39        36    2.5   0.0   149   229   183   264   166   265 0.88 -
TRINITY_DN3298_c0_g1_i4:3240-4034   -            265 40951at7898          -            478     0.079   11.3   0.0   1   3      0.92        85    1.3   0.0   248   281     1    34     1    43 0.88 -
TRINITY_DN3298_c0_g1_i4:3240-4034   -            265 40951at7898          -            478     0.079   11.3   0.0   2   3      0.14        13    3.9   0.0   228   283    65   120    54   153 0.85 -
TRINITY_DN3298_c0_g1_i4:3240-4034   -            265 40951at7898          -            478     0.079   11.3   0.0   3   3      0.39        36    2.5   0.0   149   229   183   264   166   265 0.88 -
TRINITY_DN22384_c0_g2_i1:5-475      -            157 40951at7898          -            478     0.084   11.2   0.0   1   1    0.0026      0.24    9.7   0.0   226   285    32    92    17   103 0.82 -
TRINITY_DN13945_c0_g1_i1:14-790     -            259 40951at7898          -            478     0.095   11.0   0.0   1   2    0.0053      0.49    8.7   0.0   217   287    67   136    56   178 0.74 -
TRINITY_DN13945_c0_g1_i1:14-790     -            259 40951at7898          -            478     0.095   11.0   0.0   2   2       2.4   2.2e+02   -0.1   0.0   240   280   172   212   159   224 0.78 -
TRINITY_DN20458_c0_g1_i2:53-1570    -            506 40951at7898          -            478      0.11   10.8   0.1   1   2    0.0054       0.5    8.6   0.0   230   305   210   288   198   325 0.76 -
TRINITY_DN20458_c0_g1_i2:53-1570    -            506 40951at7898          -            478      0.11   10.8   0.1   2   2       3.2     3e+02   -0.5   0.0   194   277   394   478   355   499 0.62 -
#
# Program:         hmmsearch
# Version:         3.1b2 (February 2015)
# Pipeline mode:   SEARCH
# Query file:      /home/ericjuo/Projects/salmo_trutta_rna_seq/busco_downloads/lineages/actinopterygii_odb10/hmms/40951at7898.hmm
# Target file:     /home/ericjuo/Projects/salmo_trutta_rna_seq/data/02_intermediate/busco/run_actinopterygii_odb10/metaeuk_output/initial_results/trinity.Trinity.fasta.modified.fas
# Option settings: hmmsearch --domtblout /home/ericjuo/Projects/salmo_trutta_rna_seq/data/02_intermediate/busco/run_actinopterygii_odb10/hmmer_output/initial_run_results/40951at7898.out --cpu 1 /home/ericjuo/Projects/salmo_trutta_rna_seq/busco_downloads/lineages/actinopterygii_odb10/hmms/40951at7898.hmm /home/ericjuo/Projects/salmo_trutta_rna_seq/data/02_intermediate/busco/run_actinopterygii_odb10/metaeuk_output/initial_results/trinity.Trinity.fasta.modified.fas 
# Current dir:     /home/ericjuo/Projects/salmo_trutta_rna_seq
# Date:            Fri Apr 29 12:53:18 2022
# [ok]
