#                                                                                         --- full sequence --- -------------- this domain -------------   hmm coord   ali coord   env coord
# target name                     accession   tlen query name           accession   qlen   E-value  score  bias   #  of  c-Evalue  i-Evalue  score  bias  from    to  from    to  from    to  acc description of target
#             ------------------- ---------- ----- -------------------- ---------- ----- --------- ------ ----- --- --- --------- --------- ------ ----- ----- ----- ----- ----- ----- ----- ---- ---------------------
TRINITY_DN40003_c0_g1_i3:27-1163  -            379 43055at7898          -            446    3e-149  497.1   0.1   1   1  2.7e-152  5.4e-149  496.2   0.1   133   446    22   379    19   379 0.93 -
TRINITY_DN571_c0_g2_i1:169-996    -            276 43055at7898          -            446   5.4e-23   81.0   0.0   1   1   3.8e-26   7.6e-23   80.5   0.0   226   424    16   255     5   270 0.71 -
TRINITY_DN571_c0_g2_i2:169-996    -            276 43055at7898          -            446   5.4e-23   81.0   0.0   1   1   3.8e-26   7.6e-23   80.5   0.0   226   424    16   255     5   270 0.71 -
TRINITY_DN571_c0_g2_i3:169-996    -            276 43055at7898          -            446   5.4e-23   81.0   0.0   1   1   3.8e-26   7.6e-23   80.5   0.0   226   424    16   255     5   270 0.71 -
TRINITY_DN5565_c0_g4_i1:101-580   -            160 43055at7898          -            446     7e-08   31.2   0.0   1   1   4.3e-11   8.5e-08   30.9   0.0   329   423    40   147    21   155 0.70 -
TRINITY_DN12018_c0_g2_i1:0-1430   -            477 43055at7898          -            446   4.4e-06   25.2   0.0   1   1   3.2e-09   6.3e-06   24.7   0.0    58   131    98   173    93   192 0.78 -
TRINITY_DN22471_c0_g1_i1:322-1278 -            319 43055at7898          -            446      0.03   12.6   0.0   1   1   2.2e-05     0.044   12.0   0.0   136   174   230   270   211   312 0.63 -
#
# Program:         hmmsearch
# Version:         3.1b2 (February 2015)
# Pipeline mode:   SEARCH
# Query file:      /home/ericjuo/Projects/salmo_trutta_rna_seq/busco_downloads/lineages/actinopterygii_odb10/hmms/43055at7898.hmm
# Target file:     /home/ericjuo/Projects/salmo_trutta_rna_seq/data/02_intermediate/busco/run_actinopterygii_odb10/metaeuk_output/initial_results/trinity.Trinity.fasta.modified.fas
# Option settings: hmmsearch --domtblout /home/ericjuo/Projects/salmo_trutta_rna_seq/data/02_intermediate/busco/run_actinopterygii_odb10/hmmer_output/initial_run_results/43055at7898.out --cpu 1 /home/ericjuo/Projects/salmo_trutta_rna_seq/busco_downloads/lineages/actinopterygii_odb10/hmms/43055at7898.hmm /home/ericjuo/Projects/salmo_trutta_rna_seq/data/02_intermediate/busco/run_actinopterygii_odb10/metaeuk_output/initial_results/trinity.Trinity.fasta.modified.fas 
# Current dir:     /home/ericjuo/Projects/salmo_trutta_rna_seq
# Date:            Fri Apr 29 12:53:21 2022
# [ok]
