#                                                                                         --- full sequence --- -------------- this domain -------------   hmm coord   ali coord   env coord
# target name                     accession   tlen query name           accession   qlen   E-value  score  bias   #  of  c-Evalue  i-Evalue  score  bias  from    to  from    to  from    to  acc description of target
#             ------------------- ---------- ----- -------------------- ---------- ----- --------- ------ ----- --- --- --------- --------- ------ ----- ----- ----- ----- ----- ----- ----- ---- ---------------------
TRINITY_DN56949_c0_g1_i1:13-1122  -            370 43315at7898          -            499   2.1e-43  148.3   0.0   1   2   1.5e-27   5.6e-25   87.5   0.0    19   234     2   224     1   237 0.89 -
TRINITY_DN56949_c0_g1_i1:13-1122  -            370 43315at7898          -            499   2.1e-43  148.3   0.0   2   2   5.9e-19   2.2e-16   59.2   0.0   366   485   243   368   232   370 0.87 -
TRINITY_DN113_c0_g1_i11:706-1806  -            367 43315at7898          -            499   8.8e-43  146.3   0.0   1   2   1.1e-25     4e-23   81.4   0.0    21   236     2   224     1   235 0.90 -
TRINITY_DN113_c0_g1_i11:706-1806  -            367 43315at7898          -            499   8.8e-43  146.3   0.0   2   2   3.3e-20   1.2e-17   63.3   0.0   366   482   241   363   228   367 0.87 -
TRINITY_DN113_c0_g1_i6:706-1806   -            367 43315at7898          -            499   8.8e-43  146.3   0.0   1   2   1.1e-25     4e-23   81.4   0.0    21   236     2   224     1   235 0.90 -
TRINITY_DN113_c0_g1_i6:706-1806   -            367 43315at7898          -            499   8.8e-43  146.3   0.0   2   2   3.3e-20   1.2e-17   63.3   0.0   366   482   241   363   228   367 0.87 -
TRINITY_DN113_c0_g1_i8:708-1808   -            367 43315at7898          -            499   8.8e-43  146.3   0.0   1   2   1.1e-25     4e-23   81.4   0.0    21   236     2   224     1   235 0.90 -
TRINITY_DN113_c0_g1_i8:708-1808   -            367 43315at7898          -            499   8.8e-43  146.3   0.0   2   2   3.3e-20   1.2e-17   63.3   0.0   366   482   241   363   228   367 0.87 -
TRINITY_DN113_c0_g1_i10:485-1585  -            367 43315at7898          -            499   9.9e-43  146.1   0.0   1   2   1.1e-25     4e-23   81.4   0.0    21   236     2   224     1   235 0.90 -
TRINITY_DN113_c0_g1_i10:485-1585  -            367 43315at7898          -            499   9.9e-43  146.1   0.0   2   2   3.7e-20   1.4e-17   63.1   0.0   366   482   241   363   228   367 0.87 -
TRINITY_DN113_c0_g1_i13:481-1581  -            367 43315at7898          -            499   9.9e-43  146.1   0.0   1   2   1.1e-25     4e-23   81.4   0.0    21   236     2   224     1   235 0.90 -
TRINITY_DN113_c0_g1_i13:481-1581  -            367 43315at7898          -            499   9.9e-43  146.1   0.0   2   2   3.7e-20   1.4e-17   63.1   0.0   366   482   241   363   228   367 0.87 -
TRINITY_DN113_c0_g1_i2:505-1605   -            367 43315at7898          -            499   9.9e-43  146.1   0.0   1   2   1.1e-25     4e-23   81.4   0.0    21   236     2   224     1   235 0.90 -
TRINITY_DN113_c0_g1_i2:505-1605   -            367 43315at7898          -            499   9.9e-43  146.1   0.0   2   2   3.7e-20   1.4e-17   63.1   0.0   366   482   241   363   228   367 0.87 -
TRINITY_DN113_c0_g1_i5:489-1589   -            367 43315at7898          -            499   9.9e-43  146.1   0.0   1   2   1.1e-25     4e-23   81.4   0.0    21   236     2   224     1   235 0.90 -
TRINITY_DN113_c0_g1_i5:489-1589   -            367 43315at7898          -            499   9.9e-43  146.1   0.0   2   2   3.7e-20   1.4e-17   63.1   0.0   366   482   241   363   228   367 0.87 -
TRINITY_DN8354_c0_g1_i2:1046-2170 -            375 43315at7898          -            499   3.6e-37  127.8   0.0   1   2   4.2e-24   1.6e-21   76.2   0.0    17   201    19   211     9   240 0.86 -
TRINITY_DN8354_c0_g1_i2:1046-2170 -            375 43315at7898          -            499   3.6e-37  127.8   0.0   2   2   4.3e-16   1.6e-13   49.7   0.0   348   476   241   375   235   375 0.88 -
TRINITY_DN8354_c0_g1_i3:1083-2207 -            375 43315at7898          -            499   3.6e-37  127.8   0.0   1   2   4.2e-24   1.6e-21   76.2   0.0    17   201    19   211     9   240 0.86 -
TRINITY_DN8354_c0_g1_i3:1083-2207 -            375 43315at7898          -            499   3.6e-37  127.8   0.0   2   2   4.3e-16   1.6e-13   49.7   0.0   348   476   241   375   235   375 0.88 -
TRINITY_DN8354_c0_g1_i4:1025-2149 -            375 43315at7898          -            499   3.6e-37  127.8   0.0   1   2   4.2e-24   1.6e-21   76.2   0.0    17   201    19   211     9   240 0.86 -
TRINITY_DN8354_c0_g1_i4:1025-2149 -            375 43315at7898          -            499   3.6e-37  127.8   0.0   2   2   4.3e-16   1.6e-13   49.7   0.0   348   476   241   375   235   375 0.88 -
TRINITY_DN8419_c0_g1_i1:1881-2945 -            355 43315at7898          -            499   6.6e-37  126.9   0.0   1   2   1.9e-23   7.2e-21   74.0   0.0    19   201     1   191     1   217 0.87 -
TRINITY_DN8419_c0_g1_i1:1881-2945 -            355 43315at7898          -            499   6.6e-37  126.9   0.0   2   2   1.6e-16     6e-14   51.2   0.0   348   476   221   355   209   355 0.90 -
TRINITY_DN8419_c0_g1_i2:2005-3069 -            355 43315at7898          -            499   6.6e-37  126.9   0.0   1   2   1.9e-23   7.2e-21   74.0   0.0    19   201     1   191     1   217 0.87 -
TRINITY_DN8419_c0_g1_i2:2005-3069 -            355 43315at7898          -            499   6.6e-37  126.9   0.0   2   2   1.6e-16     6e-14   51.2   0.0   348   476   221   355   209   355 0.90 -
TRINITY_DN16779_c0_g1_i3:146-1294 -            383 43315at7898          -            499   4.6e-30  104.3   0.1   1   2   1.1e-16     4e-14   51.7   0.1    20   232     1   217     1   228 0.75 -
TRINITY_DN16779_c0_g1_i3:146-1294 -            383 43315at7898          -            499   4.6e-30  104.3   0.1   2   2   2.3e-16   8.5e-14   50.6   0.0   368   478   267   383   256   383 0.87 -
TRINITY_DN16264_c0_g1_i1:288-905  -            206 43315at7898          -            499   7.1e-26   90.5   0.0   1   2   2.3e-23   8.5e-21   73.7   0.0    78   242     4   166     1   171 0.90 -
TRINITY_DN16264_c0_g1_i1:288-905  -            206 43315at7898          -            499   7.1e-26   90.5   0.0   2   2   1.2e-05    0.0044   15.3   0.0   366   395   177   206   166   206 0.89 -
TRINITY_DN347_c1_g1_i2:635-1456   -            274 43315at7898          -            499   5.7e-22   77.6   0.0   1   2   9.4e-21   3.5e-18   65.1   0.0    20   229     1   220     1   239 0.79 -
TRINITY_DN347_c1_g1_i2:635-1456   -            274 43315at7898          -            499   5.7e-22   77.6   0.0   2   2   0.00026     0.096   10.9   0.0   366   395   244   273   234   274 0.88 -
TRINITY_DN347_c1_g1_i3:635-1456   -            274 43315at7898          -            499   5.7e-22   77.6   0.0   1   2   9.4e-21   3.5e-18   65.1   0.0    20   229     1   220     1   239 0.79 -
TRINITY_DN347_c1_g1_i3:635-1456   -            274 43315at7898          -            499   5.7e-22   77.6   0.0   2   2   0.00026     0.096   10.9   0.0   366   395   244   273   234   274 0.88 -
TRINITY_DN347_c1_g1_i1:82-903     -            274 43315at7898          -            499   5.8e-22   77.6   0.0   1   2     1e-20   3.8e-18   65.0   0.0    20   229     1   220     1   236 0.79 -
TRINITY_DN347_c1_g1_i1:82-903     -            274 43315at7898          -            499   5.8e-22   77.6   0.0   2   2   0.00025     0.092   10.9   0.0   366   395   244   273   234   274 0.89 -
TRINITY_DN347_c1_g1_i4:419-1240   -            274 43315at7898          -            499   5.8e-22   77.6   0.0   1   2     1e-20   3.8e-18   65.0   0.0    20   229     1   220     1   236 0.79 -
TRINITY_DN347_c1_g1_i4:419-1240   -            274 43315at7898          -            499   5.8e-22   77.6   0.0   2   2   0.00025     0.092   10.9   0.0   366   395   244   273   234   274 0.89 -
TRINITY_DN19076_c0_g3_i1:158-979  -            274 43315at7898          -            499     7e-21   74.0   0.0   1   2     6e-19   2.3e-16   59.1   0.0    20   229     1   220     1   228 0.78 -
TRINITY_DN19076_c0_g3_i1:158-979  -            274 43315at7898          -            499     7e-21   74.0   0.0   2   2     6e-05     0.023   13.0   0.0   363   395   241   273   233   274 0.89 -
TRINITY_DN5350_c0_g1_i2:354-1379  -            342 43315at7898          -            499   8.9e-16   57.2   0.0   1   2   4.7e-13   1.8e-10   39.7   0.0    79   236    81   244    62   253 0.82 -
TRINITY_DN5350_c0_g1_i2:354-1379  -            342 43315at7898          -            499   8.9e-16   57.2   0.0   2   2     1e-05    0.0039   15.5   0.0   366   435   267   337   258   340 0.92 -
TRINITY_DN5350_c0_g1_i3:92-1117   -            342 43315at7898          -            499   8.9e-16   57.2   0.0   1   2   4.7e-13   1.8e-10   39.7   0.0    79   236    81   244    62   253 0.82 -
TRINITY_DN5350_c0_g1_i3:92-1117   -            342 43315at7898          -            499   8.9e-16   57.2   0.0   2   2     1e-05    0.0039   15.5   0.0   366   435   267   337   258   340 0.92 -
TRINITY_DN3651_c0_g1_i1:171-1352  -            394 43315at7898          -            499   1.3e-15   56.7   0.0   1   2   8.7e-13   3.3e-10   38.8   0.0    79   235    77   239    65   246 0.82 -
TRINITY_DN3651_c0_g1_i1:171-1352  -            394 43315at7898          -            499   1.3e-15   56.7   0.0   2   2   9.3e-06    0.0035   15.6   0.0   366   436   263   334   252   345 0.90 -
TRINITY_DN3651_c0_g1_i4:144-1325  -            394 43315at7898          -            499   1.3e-15   56.7   0.0   1   2   8.7e-13   3.3e-10   38.8   0.0    79   235    77   239    65   246 0.82 -
TRINITY_DN3651_c0_g1_i4:144-1325  -            394 43315at7898          -            499   1.3e-15   56.7   0.0   2   2   9.3e-06    0.0035   15.6   0.0   366   436   263   334   252   345 0.90 -
TRINITY_DN3651_c0_g1_i5:171-1352  -            394 43315at7898          -            499   1.3e-15   56.7   0.0   1   2   8.7e-13   3.3e-10   38.8   0.0    79   235    77   239    65   246 0.82 -
TRINITY_DN3651_c0_g1_i5:171-1352  -            394 43315at7898          -            499   1.3e-15   56.7   0.0   2   2   9.3e-06    0.0035   15.6   0.0   366   436   263   334   252   345 0.90 -
TRINITY_DN3651_c0_g1_i7:144-1325  -            394 43315at7898          -            499   1.3e-15   56.7   0.0   1   2   8.7e-13   3.3e-10   38.8   0.0    79   235    77   239    65   246 0.82 -
TRINITY_DN3651_c0_g1_i7:144-1325  -            394 43315at7898          -            499   1.3e-15   56.7   0.0   2   2   9.3e-06    0.0035   15.6   0.0   366   436   263   334   252   345 0.90 -
TRINITY_DN5350_c0_g1_i4:876-2069  -            398 43315at7898          -            499   1.3e-15   56.6   0.0   1   2   6.9e-13   2.6e-10   39.2   0.0    79   236    81   244    63   253 0.82 -
TRINITY_DN5350_c0_g1_i4:876-2069  -            398 43315at7898          -            499   1.3e-15   56.6   0.0   2   2     1e-05    0.0039   15.5   0.0   366   435   267   337   258   348 0.91 -
TRINITY_DN5350_c0_g1_i5:860-2053  -            398 43315at7898          -            499   1.3e-15   56.6   0.0   1   2   6.9e-13   2.6e-10   39.2   0.0    79   236    81   244    63   253 0.82 -
TRINITY_DN5350_c0_g1_i5:860-2053  -            398 43315at7898          -            499   1.3e-15   56.6   0.0   2   2     1e-05    0.0039   15.5   0.0   366   435   267   337   258   348 0.91 -
TRINITY_DN16779_c0_g1_i1:18-635   -            206 43315at7898          -            499   7.4e-12   44.2   0.6   1   2   2.3e-10   8.6e-08   30.8   0.2   108   232     1   128     1   142 0.78 -
TRINITY_DN16779_c0_g1_i1:18-635   -            206 43315at7898          -            499   7.4e-12   44.2   0.6   2   2   0.00011     0.043   12.1   0.0   368   396   178   206   166   206 0.89 -
TRINITY_DN21232_c0_g2_i6:175-1110 -            312 43315at7898          -            499   5.6e-10   38.1   0.0   1   2   3.5e-11   1.3e-08   33.6   0.0    85   182    86   181     1   201 0.84 -
TRINITY_DN21232_c0_g2_i6:175-1110 -            312 43315at7898          -            499   5.6e-10   38.1   0.0   2   2     0.088        33    2.5   0.0   367   384   283   300   246   312 0.80 -
TRINITY_DN21232_c0_g2_i5:175-1125 -            317 43315at7898          -            499   5.8e-10   38.0   0.0   1   2   3.6e-11   1.3e-08   33.5   0.0    85   182    86   181     1   201 0.84 -
TRINITY_DN21232_c0_g2_i5:175-1125 -            317 43315at7898          -            499   5.8e-10   38.0   0.0   2   2      0.09        34    2.5   0.0   367   384   288   305   251   317 0.80 -
TRINITY_DN3651_c0_g1_i2:144-758   -            205 43315at7898          -            499   1.6e-09   36.6   0.0   1   1   4.2e-12   1.6e-09   36.6   0.0    78   199    76   203     7   205 0.84 -
TRINITY_DN3651_c0_g1_i3:153-785   -            211 43315at7898          -            499   1.7e-09   36.5   0.0   1   1   4.4e-12   1.7e-09   36.5   0.0    78   199    82   209    11   211 0.84 -
TRINITY_DN43974_c0_g1_i5:378-1628 -            417 43315at7898          -            499   1.7e-05   23.2   0.7   1   2     2e-07   7.3e-05   21.2   1.1    84   171    68   152    52   158 0.89 -
TRINITY_DN43974_c0_g1_i5:378-1628 -            417 43315at7898          -            499   1.7e-05   23.2   0.7   2   2       1.6   5.9e+02   -1.6   0.0   404   435   292   323   268   381 0.77 -
TRINITY_DN43974_c0_g1_i7:2-613    -            204 43315at7898          -            499   3.7e-05   22.1   0.8   1   1   1.4e-07   5.4e-05   21.6   0.8    83   171    67   152    50   160 0.89 -
TRINITY_DN43974_c0_g1_i3:378-1628 -            417 43315at7898          -            499   5.3e-05   21.6   0.5   1   2   5.7e-07   0.00021   19.6   0.9    84   171    68   152    53   158 0.89 -
TRINITY_DN43974_c0_g1_i3:378-1628 -            417 43315at7898          -            499   5.3e-05   21.6   0.5   2   2       1.6   5.9e+02   -1.6   0.0   404   435   292   323   268   381 0.77 -
TRINITY_DN43974_c0_g1_i1:2-802    -            267 43315at7898          -            499     6e-05   21.5   0.9   1   1   2.4e-07   8.9e-05   20.9   0.9    84   171    68   152    52   159 0.89 -
#
# Program:         hmmsearch
# Version:         3.1b2 (February 2015)
# Pipeline mode:   SEARCH
# Query file:      /home/ericjuo/Projects/salmo_trutta_rna_seq/busco_downloads/lineages/actinopterygii_odb10/hmms/43315at7898.hmm
# Target file:     /home/ericjuo/Projects/salmo_trutta_rna_seq/data/02_intermediate/busco/run_actinopterygii_odb10/metaeuk_output/initial_results/trinity.Trinity.fasta.modified.fas
# Option settings: hmmsearch --domtblout /home/ericjuo/Projects/salmo_trutta_rna_seq/data/02_intermediate/busco/run_actinopterygii_odb10/hmmer_output/initial_run_results/43315at7898.out --cpu 1 /home/ericjuo/Projects/salmo_trutta_rna_seq/busco_downloads/lineages/actinopterygii_odb10/hmms/43315at7898.hmm /home/ericjuo/Projects/salmo_trutta_rna_seq/data/02_intermediate/busco/run_actinopterygii_odb10/metaeuk_output/initial_results/trinity.Trinity.fasta.modified.fas 
# Current dir:     /home/ericjuo/Projects/salmo_trutta_rna_seq
# Date:            Fri Apr 29 12:53:24 2022
# [ok]
