#                                                                                           --- full sequence --- -------------- this domain -------------   hmm coord   ali coord   env coord
# target name                       accession   tlen query name           accession   qlen   E-value  score  bias   #  of  c-Evalue  i-Evalue  score  bias  from    to  from    to  from    to  acc description of target
#               ------------------- ---------- ----- -------------------- ---------- ----- --------- ------ ----- --- --- --------- --------- ------ ----- ----- ----- ----- ----- ----- ----- ---- ---------------------
TRINITY_DN4281_c0_g1_i1:19-993      -            325 46948at7898          -            454  5.7e-159  529.5  12.8   1   2  7.3e-158  5.1e-156  519.8  12.4   110   388     1   286     1   292 0.96 -
TRINITY_DN4281_c0_g1_i1:19-993      -            325 46948at7898          -            454  5.7e-159  529.5  12.8   2   2    0.0031      0.21   10.1   0.0   365   392   284   319   279   323 0.81 -
TRINITY_DN4292_c0_g1_i10:2194-3102  -            303 46948at7898          -            454     7e-55  186.4   4.5   1   1   1.2e-56   8.5e-55  186.1   4.5    41   329     1   302     1   303 0.85 -
TRINITY_DN4292_c0_g1_i1:2190-3098   -            303 46948at7898          -            454     7e-55  186.4   4.5   1   1   1.2e-56   8.5e-55  186.1   4.5    41   329     1   302     1   303 0.85 -
TRINITY_DN4292_c0_g1_i5:2181-3089   -            303 46948at7898          -            454     7e-55  186.4   4.5   1   1   1.2e-56   8.5e-55  186.1   4.5    41   329     1   302     1   303 0.85 -
TRINITY_DN16079_c0_g1_i8:842-2038   -            399 46948at7898          -            454   2.3e-46  158.3   8.2   1   6   1.1e-09   7.8e-08   31.3   0.0    74   265    10    78     1    81 0.53 -
TRINITY_DN16079_c0_g1_i8:842-2038   -            399 46948at7898          -            454   2.3e-46  158.3   8.2   2   6   7.9e-05    0.0055   15.3   0.0   231   266    77   112    75   114 0.87 -
TRINITY_DN16079_c0_g1_i8:842-2038   -            399 46948at7898          -            454   2.3e-46  158.3   8.2   3   6   1.7e-08   1.2e-06   27.4   0.3    78   137   113   172   111   174 0.96 -
TRINITY_DN16079_c0_g1_i8:842-2038   -            399 46948at7898          -            454   2.3e-46  158.3   8.2   4   6   8.8e-11   6.1e-09   35.0   0.0    64   144   165   245   164   250 0.93 -
TRINITY_DN16079_c0_g1_i8:842-2038   -            399 46948at7898          -            454   2.3e-46  158.3   8.2   5   6   4.7e-08   3.3e-06   26.0   0.1    79   138   246   305   239   314 0.64 -
TRINITY_DN16079_c0_g1_i8:842-2038   -            399 46948at7898          -            454   2.3e-46  158.3   8.2   6   6   9.2e-10   6.4e-08   31.6   0.0   203   278   310   388   305   399 0.83 -
TRINITY_DN36255_c0_g1_i2:1526-2662  -            379 46948at7898          -            454   3.4e-46  157.7  11.1   1   4   0.00013    0.0087   14.7   0.0   229   266    22    61     1    63 0.77 -
TRINITY_DN36255_c0_g1_i2:1526-2662  -            379 46948at7898          -            454   3.4e-46  157.7  11.1   2   4   1.3e-25     9e-24   83.8   0.2    79   257    63   238    61   241 0.88 -
TRINITY_DN36255_c0_g1_i2:1526-2662  -            379 46948at7898          -            454   3.4e-46  157.7  11.1   3   4   3.2e-09   2.2e-07   29.8   0.5    93   154   230   291   230   297 0.93 -
TRINITY_DN36255_c0_g1_i2:1526-2662  -            379 46948at7898          -            454   3.4e-46  157.7  11.1   4   4   7.7e-12   5.3e-10   38.4   0.6    78   153   299   374   291   379 0.60 -
TRINITY_DN36255_c0_g1_i5:1695-2831  -            379 46948at7898          -            454   3.4e-46  157.7  11.1   1   4   0.00013    0.0087   14.7   0.0   229   266    22    61     1    63 0.77 -
TRINITY_DN36255_c0_g1_i5:1695-2831  -            379 46948at7898          -            454   3.4e-46  157.7  11.1   2   4   1.3e-25     9e-24   83.8   0.2    79   257    63   238    61   241 0.88 -
TRINITY_DN36255_c0_g1_i5:1695-2831  -            379 46948at7898          -            454   3.4e-46  157.7  11.1   3   4   3.2e-09   2.2e-07   29.8   0.5    93   154   230   291   230   297 0.93 -
TRINITY_DN36255_c0_g1_i5:1695-2831  -            379 46948at7898          -            454   3.4e-46  157.7  11.1   4   4   7.7e-12   5.3e-10   38.4   0.6    78   153   299   374   291   379 0.60 -
TRINITY_DN18260_c1_g3_i1:472-1491   -            340 46948at7898          -            454     5e-41  140.7  25.1   1   7   6.7e-07   4.6e-05   22.2   0.0   229   275    16    62     4    73 0.80 -
TRINITY_DN18260_c1_g3_i1:472-1491   -            340 46948at7898          -            454     5e-41  140.7  25.1   2   7   3.2e-05    0.0022   16.6   0.1    81   124    57   100    52   115 0.87 -
TRINITY_DN18260_c1_g3_i1:472-1491   -            340 46948at7898          -            454     5e-41  140.7  25.1   3   7   2.1e-12   1.4e-10   40.3   0.3   191   264    72   150    66   156 0.87 -
TRINITY_DN18260_c1_g3_i1:472-1491   -            340 46948at7898          -            454     5e-41  140.7  25.1   4   7   1.1e-10   7.5e-09   34.7   1.3    71   140   113   182    95   191 0.84 -
TRINITY_DN18260_c1_g3_i1:472-1491   -            340 46948at7898          -            454     5e-41  140.7  25.1   5   7   6.9e-06   0.00048   18.8   0.4    82   144   157   219   151   221 0.85 -
TRINITY_DN18260_c1_g3_i1:472-1491   -            340 46948at7898          -            454     5e-41  140.7  25.1   6   7   4.1e-15   2.8e-13   49.2   0.9    51   151   192   293   186   298 0.92 -
TRINITY_DN18260_c1_g3_i1:472-1491   -            340 46948at7898          -            454     5e-41  140.7  25.1   7   7   0.00016     0.011   14.3   0.0    78   130   286   338   282   340 0.79 -
TRINITY_DN26115_c0_g1_i1:1184-2197  -            338 46948at7898          -            454   4.5e-39  134.3   5.1   1   5   1.6e-09   1.1e-07   30.8   0.0    65   142     5    82     1    86 0.94 -
TRINITY_DN26115_c0_g1_i1:1184-2197  -            338 46948at7898          -            454   4.5e-39  134.3   5.1   2   5   8.1e-07   5.6e-05   21.9   0.8    78   138    84   144    81   150 0.94 -
TRINITY_DN26115_c0_g1_i1:1184-2197  -            338 46948at7898          -            454   4.5e-39  134.3   5.1   3   5   1.2e-09     8e-08   31.3   0.0    72   144   144   216   139   219 0.89 -
TRINITY_DN26115_c0_g1_i1:1184-2197  -            338 46948at7898          -            454   4.5e-39  134.3   5.1   4   5   6.7e-06   0.00047   18.9   0.0   232   275   214   257   209   263 0.90 -
TRINITY_DN26115_c0_g1_i1:1184-2197  -            338 46948at7898          -            454   4.5e-39  134.3   5.1   5   5   8.1e-10   5.6e-08   31.8   0.0    63   134   267   338   262   338 0.96 -
TRINITY_DN36255_c0_g1_i2:101-1408   -            436 46948at7898          -            454     4e-37  127.8  13.0   1   6   9.7e-05    0.0067   15.0   0.0    89   145     6    63     1    67 0.70 -
TRINITY_DN36255_c0_g1_i2:101-1408   -            436 46948at7898          -            454     4e-37  127.8  13.0   2   6   1.3e-12   9.2e-11   41.0   0.2    78   158    62   142    59   171 0.92 -
TRINITY_DN36255_c0_g1_i2:101-1408   -            436 46948at7898          -            454     4e-37  127.8  13.0   3   6   6.7e-05    0.0047   15.6   0.0   112   143   190   221   174   227 0.66 -
TRINITY_DN36255_c0_g1_i2:101-1408   -            436 46948at7898          -            454     4e-37  127.8  13.0   4   6   7.6e-10   5.2e-08   31.9   0.3    79   152   223   296   220   309 0.92 -
TRINITY_DN36255_c0_g1_i2:101-1408   -            436 46948at7898          -            454     4e-37  127.8  13.0   5   6   1.6e-09   1.1e-07   30.8   0.1    49   148   313   415   300   420 0.86 -
TRINITY_DN36255_c0_g1_i2:101-1408   -            436 46948at7898          -            454     4e-37  127.8  13.0   6   6   6.7e-09   4.6e-07   28.7   0.3    65   135   365   435   359   436 0.91 -
TRINITY_DN36255_c0_g1_i4:270-1577   -            436 46948at7898          -            454   6.4e-37  127.2  13.2   1   6   0.00012    0.0082   14.7   0.0    88   146     5    64     1    67 0.75 -
TRINITY_DN36255_c0_g1_i4:270-1577   -            436 46948at7898          -            454   6.4e-37  127.2  13.2   2   6   1.4e-12   9.7e-11   40.9   0.2    78   158    62   142    59   168 0.92 -
TRINITY_DN36255_c0_g1_i4:270-1577   -            436 46948at7898          -            454   6.4e-37  127.2  13.2   3   6   6.6e-05    0.0046   15.6   0.0   112   144   190   222   173   227 0.66 -
TRINITY_DN36255_c0_g1_i4:270-1577   -            436 46948at7898          -            454   6.4e-37  127.2  13.2   4   6   7.8e-10   5.4e-08   31.8   0.3    79   152   223   296   220   308 0.92 -
TRINITY_DN36255_c0_g1_i4:270-1577   -            436 46948at7898          -            454   6.4e-37  127.2  13.2   5   6   1.8e-09   1.3e-07   30.6   0.2    49   147   313   414   300   418 0.86 -
TRINITY_DN36255_c0_g1_i4:270-1577   -            436 46948at7898          -            454   6.4e-37  127.2  13.2   6   6   6.7e-09   4.6e-07   28.7   0.3    65   135   365   435   359   436 0.91 -
TRINITY_DN36255_c0_g1_i5:270-1577   -            436 46948at7898          -            454   6.4e-37  127.2  13.2   1   6   0.00012    0.0082   14.7   0.0    88   146     5    64     1    67 0.75 -
TRINITY_DN36255_c0_g1_i5:270-1577   -            436 46948at7898          -            454   6.4e-37  127.2  13.2   2   6   1.4e-12   9.7e-11   40.9   0.2    78   158    62   142    59   168 0.92 -
TRINITY_DN36255_c0_g1_i5:270-1577   -            436 46948at7898          -            454   6.4e-37  127.2  13.2   3   6   6.6e-05    0.0046   15.6   0.0   112   144   190   222   173   227 0.66 -
TRINITY_DN36255_c0_g1_i5:270-1577   -            436 46948at7898          -            454   6.4e-37  127.2  13.2   4   6   7.8e-10   5.4e-08   31.8   0.3    79   152   223   296   220   308 0.92 -
TRINITY_DN36255_c0_g1_i5:270-1577   -            436 46948at7898          -            454   6.4e-37  127.2  13.2   5   6   1.8e-09   1.3e-07   30.6   0.2    49   147   313   414   300   418 0.86 -
TRINITY_DN36255_c0_g1_i5:270-1577   -            436 46948at7898          -            454   6.4e-37  127.2  13.2   6   6   6.7e-09   4.6e-07   28.7   0.3    65   135   365   435   359   436 0.91 -
TRINITY_DN16079_c0_g1_i4:3-992      -            330 46948at7898          -            454   2.7e-36  125.1   7.6   1   5   8.5e-09   5.9e-07   28.4   0.3    78   138    10    70     3    77 0.95 -
TRINITY_DN16079_c0_g1_i4:3-992      -            330 46948at7898          -            454   2.7e-36  125.1   7.6   2   5   6.3e-11   4.3e-09   35.4   0.0    64   144    62   142    59   147 0.93 -
TRINITY_DN16079_c0_g1_i4:3-992      -            330 46948at7898          -            454   2.7e-36  125.1   7.6   3   5   6.7e-10   4.6e-08   32.1   0.1    66   143   130   207   129   213 0.90 -
TRINITY_DN16079_c0_g1_i4:3-992      -            330 46948at7898          -            454   2.7e-36  125.1   7.6   4   5   4.9e-09   3.4e-07   29.2   0.0   203   264   207   271   201   274 0.83 -
TRINITY_DN16079_c0_g1_i4:3-992      -            330 46948at7898          -            454   2.7e-36  125.1   7.6   5   5   5.4e-06   0.00038   19.2   0.0    66   129   262   325   262   330 0.89 -
TRINITY_DN36255_c0_g1_i7:142-915    -            258 46948at7898          -            454   4.3e-35  121.1   3.2   1   3   0.00096     0.067   11.8   0.0   238   265     1    28     1    30 0.95 -
TRINITY_DN36255_c0_g1_i7:142-915    -            258 46948at7898          -            454   4.3e-35  121.1   3.2   2   3   1.2e-25   8.4e-24   83.9   0.5    79   264    31   213    28   213 0.88 -
TRINITY_DN36255_c0_g1_i7:142-915    -            258 46948at7898          -            454   4.3e-35  121.1   3.2   3   3   3.7e-12   2.6e-10   39.5   0.1    79   152   184   257   182   258 0.96 -
TRINITY_DN24765_c2_g2_i2:130-1098   -            323 46948at7898          -            454   1.2e-33  116.4   0.8   1   5   1.3e-09   8.7e-08   31.1   0.1    82   141     1    60     1    66 0.95 -
TRINITY_DN24765_c2_g2_i2:130-1098   -            323 46948at7898          -            454   1.2e-33  116.4   0.8   2   5    0.0024      0.17   10.5   0.0   237   276    67   106    58   110 0.86 -
TRINITY_DN24765_c2_g2_i2:130-1098   -            323 46948at7898          -            454   1.2e-33  116.4   0.8   3   5     3e-07   2.1e-05   23.3   0.0    63   141    82   162    78   175 0.85 -
TRINITY_DN24765_c2_g2_i2:130-1098   -            323 46948at7898          -            454   1.2e-33  116.4   0.8   4   5   1.3e-09   8.8e-08   31.1   0.0    60   152   181   275   164   281 0.86 -
TRINITY_DN24765_c2_g2_i2:130-1098   -            323 46948at7898          -            454   1.2e-33  116.4   0.8   5   5   1.2e-09   8.2e-08   31.2   0.0    61   134   250   323   236   323 0.89 -
TRINITY_DN13356_c0_g2_i1:444-1328   -            295 46948at7898          -            454   4.6e-33  114.5  16.6   1   5   8.5e-09   5.9e-07   28.4   0.1    80   139     2    61     1    68 0.95 -
TRINITY_DN13356_c0_g2_i1:444-1328   -            295 46948at7898          -            454   4.6e-33  114.5  16.6   2   5     2e-16   1.4e-14   53.6   0.4    54   148    76   170    66   171 0.93 -
TRINITY_DN13356_c0_g2_i1:444-1328   -            295 46948at7898          -            454   4.6e-33  114.5  16.6   3   5   9.3e-05    0.0064   15.1   0.0   233   266   165   198   162   203 0.86 -
TRINITY_DN13356_c0_g2_i1:444-1328   -            295 46948at7898          -            454   4.6e-33  114.5  16.6   4   5     3e-09     2e-07   29.9   4.3    55   154   175   274   175   278 0.82 -
TRINITY_DN13356_c0_g2_i1:444-1328   -            295 46948at7898          -            454   4.6e-33  114.5  16.6   5   5   4.2e-06   0.00029   19.5   0.9    94   139   246   291   246   293 0.97 -
TRINITY_DN24329_c0_g2_i1:94-789     -            232 46948at7898          -            454   7.6e-30  103.9  16.0   1   4   1.6e-08   1.1e-06   27.5   0.2    95   149     1    55     1    64 0.93 -
TRINITY_DN24329_c0_g2_i1:94-789     -            232 46948at7898          -            454   7.6e-30  103.9  16.0   2   4   2.2e-10   1.5e-08   33.6   0.5    90   148    67   125    51   127 0.83 -
TRINITY_DN24329_c0_g2_i1:94-789     -            232 46948at7898          -            454   7.6e-30  103.9  16.0   3   4   4.9e-08   3.4e-06   25.9   0.3    93   148   103   158   102   166 0.93 -
TRINITY_DN24329_c0_g2_i1:94-789     -            232 46948at7898          -            454   7.6e-30  103.9  16.0   4   4   2.9e-14     2e-12   46.4   0.3    51   152   127   228   125   232 0.95 -
TRINITY_DN4699_c0_g1_i2:25-870      -            282 46948at7898          -            454   3.4e-29  101.7  11.5   1   5   2.7e-10   1.9e-08   33.4   0.2    74   140    14    80     2    86 0.86 -
TRINITY_DN4699_c0_g1_i2:25-870      -            282 46948at7898          -            454   3.4e-29  101.7  11.5   2   5   5.4e-11   3.8e-09   35.6   0.4    81   152    54   126    53   131 0.92 -
TRINITY_DN4699_c0_g1_i2:25-870      -            282 46948at7898          -            454   3.4e-29  101.7  11.5   3   5   8.6e-11     6e-09   35.0   0.1    78   145   118   185   113   186 0.94 -
TRINITY_DN4699_c0_g1_i2:25-870      -            282 46948at7898          -            454   3.4e-29  101.7  11.5   4   5   8.5e-06   0.00059   18.5   0.1    79   134   185   241   182   248 0.88 -
TRINITY_DN4699_c0_g1_i2:25-870      -            282 46948at7898          -            454   3.4e-29  101.7  11.5   5   5     0.018       1.3    7.5   0.0   106   138   246   278   235   281 0.64 -
TRINITY_DN4699_c0_g1_i1:25-864      -            280 46948at7898          -            454   7.5e-29  100.6  11.2   1   4   2.7e-10   1.8e-08   33.4   0.2    74   140    14    80     2    86 0.86 -
TRINITY_DN4699_c0_g1_i1:25-864      -            280 46948at7898          -            454   7.5e-29  100.6  11.2   2   4   4.8e-11   3.4e-09   35.8   0.3    81   152    54   126    53   132 0.92 -
TRINITY_DN4699_c0_g1_i1:25-864      -            280 46948at7898          -            454   7.5e-29  100.6  11.2   3   4   9.2e-11   6.4e-09   34.9   0.1    78   145   118   185   114   186 0.94 -
TRINITY_DN4699_c0_g1_i1:25-864      -            280 46948at7898          -            454   7.5e-29  100.6  11.2   4   4   1.2e-05   0.00083   18.0   0.1    79   133   185   240   182   246 0.90 -
TRINITY_DN11475_c0_g1_i3:91-780     -            230 46948at7898          -            454   1.1e-27   96.8   0.4   1   3   4.5e-16   3.1e-14   52.4   0.2    76   150    37   111     5   117 0.90 -
TRINITY_DN11475_c0_g1_i3:91-780     -            230 46948at7898          -            454   1.1e-27   96.8   0.4   2   3   1.5e-10   1.1e-08   34.1   0.0    76   137   103   164   101   170 0.95 -
TRINITY_DN11475_c0_g1_i3:91-780     -            230 46948at7898          -            454   1.1e-27   96.8   0.4   3   3     8e-05    0.0055   15.3   0.0    73   129   166   221   162   229 0.73 -
TRINITY_DN11475_c0_g1_i5:91-777     -            229 46948at7898          -            454   1.9e-27   96.0   0.4   1   3   1.1e-15   7.5e-14   51.1   0.2    76   148    37   109     5   110 0.90 -
TRINITY_DN11475_c0_g1_i5:91-777     -            229 46948at7898          -            454   1.9e-27   96.0   0.4   2   3   5.6e-11   3.9e-09   35.6   0.0    76   146   103   173   100   174 0.92 -
TRINITY_DN11475_c0_g1_i5:91-777     -            229 46948at7898          -            454   1.9e-27   96.0   0.4   3   3   0.00014    0.0098   14.5   0.0    73   119   166   212   162   225 0.72 -
TRINITY_DN5235_c1_g1_i1:178-477     -            100 46948at7898          -            454   5.4e-27   94.5   1.0   1   1   8.3e-29   5.8e-27   94.4   1.0    56   152     3    99     1   100 0.97 -
TRINITY_DN11475_c0_g1_i4:1-648      -            216 46948at7898          -            454   7.8e-27   93.9   0.6   1   3   2.7e-15   1.9e-13   49.8   0.3    77   148    25    96    14    97 0.95 -
TRINITY_DN11475_c0_g1_i4:1-648      -            216 46948at7898          -            454   7.8e-27   93.9   0.6   2   3   9.6e-11   6.6e-09   34.8   0.0    76   146    90   160    87   161 0.93 -
TRINITY_DN11475_c0_g1_i4:1-648      -            216 46948at7898          -            454   7.8e-27   93.9   0.6   3   3    0.0001     0.007   15.0   0.0    72   120   152   200   148   212 0.75 -
TRINITY_DN14679_c1_g5_i1:103-984    -            294 46948at7898          -            454   6.5e-26   90.9  17.3   1   4   2.8e-05    0.0019   16.8   0.3    82   265     1    64     1    68 0.51 -
TRINITY_DN14679_c1_g5_i1:103-984    -            294 46948at7898          -            454   6.5e-26   90.9  17.3   2   4     4e-12   2.8e-10   39.4   1.7    80   138    68   126    64   131 0.94 -
TRINITY_DN14679_c1_g5_i1:103-984    -            294 46948at7898          -            454   6.5e-26   90.9  17.3   3   4   8.1e-05    0.0056   15.3   0.1   198   256   130   190   125   191 0.83 -
TRINITY_DN14679_c1_g5_i1:103-984    -            294 46948at7898          -            454   6.5e-26   90.9  17.3   4   4   1.8e-10   1.3e-08   33.9   1.8    49   152   171   279   168   294 0.82 -
TRINITY_DN26419_c0_g4_i1:340-1368   -            343 46948at7898          -            454   1.6e-25   89.6   8.8   1   5   8.9e-08   6.2e-06   25.0   0.1   198   293     7   106     1   108 0.78 -
TRINITY_DN26419_c0_g4_i1:340-1368   -            343 46948at7898          -            454   1.6e-25   89.6   8.8   2   5    0.0021      0.14   10.7   0.0   204   285    80   162    75   166 0.75 -
TRINITY_DN26419_c0_g4_i1:340-1368   -            343 46948at7898          -            454   1.6e-25   89.6   8.8   3   5    0.0022      0.15   10.6   0.0   115   153   163   201   161   205 0.89 -
TRINITY_DN26419_c0_g4_i1:340-1368   -            343 46948at7898          -            454   1.6e-25   89.6   8.8   4   5   2.5e-09   1.7e-07   30.2   0.4    66   143   180   258   175   265 0.85 -
TRINITY_DN26419_c0_g4_i1:340-1368   -            343 46948at7898          -            454   1.6e-25   89.6   8.8   5   5   1.1e-08   7.8e-07   28.0   0.2    74   153   258   337   253   343 0.80 -
TRINITY_DN26419_c0_g1_i2:156-773    -            206 46948at7898          -            454   2.8e-25   88.8   2.1   1   4   4.2e-07   2.9e-05   22.8   0.0    96   141     3    48     1    51 0.76 -
TRINITY_DN26419_c0_g1_i2:156-773    -            206 46948at7898          -            454   2.8e-25   88.8   2.1   2   4   7.6e-06   0.00052   18.7   0.1   100   141    40    81    39    86 0.88 -
TRINITY_DN26419_c0_g1_i2:156-773    -            206 46948at7898          -            454   2.8e-25   88.8   2.1   3   4   1.6e-12   1.1e-10   40.7   0.3   196   265    75   148    69   155 0.86 -
TRINITY_DN26419_c0_g1_i2:156-773    -            206 46948at7898          -            454   2.8e-25   88.8   2.1   4   4   1.1e-05    0.0008   18.1   0.0    82   133   154   205   148   206 0.87 -
TRINITY_DN26419_c0_g1_i1:156-758    -            201 46948at7898          -            454   1.4e-24   86.5   2.8   1   4     3e-06    0.0002   20.0   0.0   105   139     7    41     1    43 0.85 -
TRINITY_DN26419_c0_g1_i1:156-758    -            201 46948at7898          -            454   1.4e-24   86.5   2.8   2   4   1.8e-06   0.00012   20.8   0.1    94   140    29    75    29    76 0.90 -
TRINITY_DN26419_c0_g1_i1:156-758    -            201 46948at7898          -            454   1.4e-24   86.5   2.8   3   4   1.3e-12   9.3e-11   40.9   0.3   196   264    70   142    63   149 0.86 -
TRINITY_DN26419_c0_g1_i1:156-758    -            201 46948at7898          -            454   1.4e-24   86.5   2.8   4   4   1.1e-05   0.00076   18.2   0.0    82   133   149   200   143   201 0.87 -
TRINITY_DN13356_c0_g2_i3:150-791    -            214 46948at7898          -            454   1.4e-24   86.5   5.4   1   3   4.1e-07   2.8e-05   22.9   0.1   213   272     2    65     1    66 0.74 -
TRINITY_DN13356_c0_g2_i3:150-791    -            214 46948at7898          -            454   1.4e-24   86.5   5.4   2   3   3.5e-09   2.4e-07   29.7   0.1    80   139    62   121    59   127 0.94 -
TRINITY_DN13356_c0_g2_i3:150-791    -            214 46948at7898          -            454   1.4e-24   86.5   5.4   3   3   1.3e-11   9.1e-10   37.7   0.5    53   132   135   214   121   214 0.91 -
TRINITY_DN26115_c0_g1_i1:1331-2035  -            235 46948at7898          -            454   1.8e-24   86.2   5.4   1   4   7.4e-09   5.1e-07   28.6   1.3    52   138     3    90     1    94 0.90 -
TRINITY_DN26115_c0_g1_i1:1331-2035  -            235 46948at7898          -            454   1.8e-24   86.2   5.4   2   4   2.8e-10   1.9e-08   33.3   0.0    72   148    90   166    85   167 0.90 -
TRINITY_DN26115_c0_g1_i1:1331-2035  -            235 46948at7898          -            454   1.8e-24   86.2   5.4   3   4   4.3e-06    0.0003   19.5   0.0   233   275   161   203   156   207 0.91 -
TRINITY_DN26115_c0_g1_i1:1331-2035  -            235 46948at7898          -            454   1.8e-24   86.2   5.4   4   4     0.065       4.5    5.7   0.0    80   118   197   235   195   235 0.78 -
TRINITY_DN6584_c0_g1_i2:0-2069      -            690 46948at7898          -            454   2.2e-23   82.5   6.3   1   2   3.6e-14   2.5e-12   46.1   1.5    49   153   461   566   429   592 0.79 -
TRINITY_DN6584_c0_g1_i2:0-2069      -            690 46948at7898          -            454   2.2e-23   82.5   6.3   2   2   1.1e-11   7.7e-10   37.9   0.2    71   139   618   687   591   689 0.86 -
TRINITY_DN18260_c1_g2_i2:251-1186   -            312 46948at7898          -            454   3.5e-23   81.9  22.3   1   4   3.5e-10   2.4e-08   33.0   2.0    51   130    12    91     7   100 0.91 -
TRINITY_DN18260_c1_g2_i2:251-1186   -            312 46948at7898          -            454   3.5e-23   81.9  22.3   2   4     0.025       1.7    7.1   0.0   232   257   107   132   103   139 0.81 -
TRINITY_DN18260_c1_g2_i2:251-1186   -            312 46948at7898          -            454   3.5e-23   81.9  22.3   3   4     3e-09   2.1e-07   29.9   2.9    81   163   144   228   138   232 0.85 -
TRINITY_DN18260_c1_g2_i2:251-1186   -            312 46948at7898          -            454   3.5e-23   81.9  22.3   4   4   1.5e-07     1e-05   24.3   1.1    51   139   215   307   212   311 0.86 -
TRINITY_DN35448_c1_g2_i1:48-866     -            273 46948at7898          -            454   5.9e-23   81.2   0.9   1   3   1.2e-08   8.3e-07   27.9   0.1    55   139     9    94     3   104 0.84 -
TRINITY_DN35448_c1_g2_i1:48-866     -            273 46948at7898          -            454   5.9e-23   81.2   0.9   2   3   8.7e-11     6e-09   35.0   0.0    48   139   101   193    95   201 0.88 -
TRINITY_DN35448_c1_g2_i1:48-866     -            273 46948at7898          -            454   5.9e-23   81.2   0.9   3   3   3.8e-06   0.00026   19.7   0.0    60   151   180   271   180   273 0.92 -
TRINITY_DN26946_c0_g1_i1:24-941     -            306 46948at7898          -            454   6.9e-23   80.9  12.2   1   4     0.028         2    6.9   0.0   233   265     1    33     1    35 0.89 -
TRINITY_DN26946_c0_g1_i1:24-941     -            306 46948at7898          -            454   6.9e-23   80.9  12.2   2   4   8.2e-07   5.7e-05   21.9   0.2   196   267    26   104    24   116 0.79 -
TRINITY_DN26946_c0_g1_i1:24-941     -            306 46948at7898          -            454   6.9e-23   80.9  12.2   3   4     5e-09   3.5e-07   29.2   0.6    52   136   111   195   102   195 0.89 -
TRINITY_DN26946_c0_g1_i1:24-941     -            306 46948at7898          -            454   6.9e-23   80.9  12.2   4   4   3.7e-11   2.6e-09   36.2   1.0    62   167   187   292   184   301 0.94 -
TRINITY_DN6584_c0_g1_i1:0-2069      -            690 46948at7898          -            454   6.9e-23   80.9   6.0   1   2   6.4e-14   4.4e-12   45.3   1.5    49   152   461   565   429   591 0.80 -
TRINITY_DN6584_c0_g1_i1:0-2069      -            690 46948at7898          -            454   6.9e-23   80.9   6.0   2   2   2.5e-11   1.7e-09   36.8   0.2    71   139   618   687   591   689 0.86 -
TRINITY_DN6513_c0_g2_i5:453-3596    -           1048 46948at7898          -            454   2.7e-22   78.9  17.3   1   5   2.3e-09   1.6e-07   30.3   0.5   178   278   435   540   415   543 0.85 -
TRINITY_DN6513_c0_g2_i5:453-3596    -           1048 46948at7898          -            454   2.7e-22   78.9  17.3   2   5   4.8e-07   3.3e-05   22.6   0.1    57   133   541   617   538   621 0.88 -
TRINITY_DN6513_c0_g2_i5:453-3596    -           1048 46948at7898          -            454   2.7e-22   78.9  17.3   3   5   3.7e-10   2.6e-08   32.9   0.7    53   159   603   713   600   729 0.81 -
TRINITY_DN6513_c0_g2_i5:453-3596    -           1048 46948at7898          -            454   2.7e-22   78.9  17.3   4   5      0.24        17    3.9   0.0   131   158   758   785   746   803 0.63 -
TRINITY_DN6513_c0_g2_i5:453-3596    -           1048 46948at7898          -            454   2.7e-22   78.9  17.3   5   5       4.5   3.1e+02   -0.4   0.7   352   382   925   955   895  1006 0.60 -
TRINITY_DN6513_c0_g2_i7:1548-4691   -           1048 46948at7898          -            454   2.7e-22   78.9  17.3   1   5   2.3e-09   1.6e-07   30.3   0.5   178   278   435   540   415   543 0.85 -
TRINITY_DN6513_c0_g2_i7:1548-4691   -           1048 46948at7898          -            454   2.7e-22   78.9  17.3   2   5   4.8e-07   3.3e-05   22.6   0.1    57   133   541   617   538   621 0.88 -
TRINITY_DN6513_c0_g2_i7:1548-4691   -           1048 46948at7898          -            454   2.7e-22   78.9  17.3   3   5   3.7e-10   2.6e-08   32.9   0.7    53   159   603   713   600   729 0.81 -
TRINITY_DN6513_c0_g2_i7:1548-4691   -           1048 46948at7898          -            454   2.7e-22   78.9  17.3   4   5      0.24        17    3.9   0.0   131   158   758   785   746   803 0.63 -
TRINITY_DN6513_c0_g2_i7:1548-4691   -           1048 46948at7898          -            454   2.7e-22   78.9  17.3   5   5       4.5   3.1e+02   -0.4   0.7   352   382   925   955   895  1006 0.60 -
TRINITY_DN16079_c0_g1_i8:1622-2197  -            192 46948at7898          -            454   7.5e-22   77.5   0.8   1   3     2e-05    0.0014   17.3   0.1    94   138     1    45     1    48 0.85 -
TRINITY_DN16079_c0_g1_i8:1622-2197  -            192 46948at7898          -            454   7.5e-22   77.5   0.8   2   3   3.6e-10   2.5e-08   32.9   0.0   202   276    49   126    42   129 0.81 -
TRINITY_DN16079_c0_g1_i8:1622-2197  -            192 46948at7898          -            454   7.5e-22   77.5   0.8   3   3   1.7e-08   1.2e-06   27.4   0.1   204   274   117   190   111   192 0.63 -
TRINITY_DN3820_c0_g1_i10:1149-1999  -            262 46948at7898          -            454   1.1e-21   76.9   8.0   1   3     6e-11   4.2e-09   35.5   0.8    83   154     2    71     1    75 0.91 -
TRINITY_DN3820_c0_g1_i10:1149-1999  -            262 46948at7898          -            454   1.1e-21   76.9   8.0   2   3   4.7e-09   3.3e-07   29.3   2.1    52   139    70   163    69   167 0.81 -
TRINITY_DN3820_c0_g1_i10:1149-1999  -            262 46948at7898          -            454   1.1e-21   76.9   8.0   3   3    0.0017      0.12   10.9   0.0   238   275   171   208   168   219 0.83 -
TRINITY_DN3820_c0_g1_i7:1039-1889   -            262 46948at7898          -            454   1.1e-21   76.9   8.0   1   3     6e-11   4.2e-09   35.5   0.8    83   154     2    71     1    75 0.91 -
TRINITY_DN3820_c0_g1_i7:1039-1889   -            262 46948at7898          -            454   1.1e-21   76.9   8.0   2   3   4.7e-09   3.3e-07   29.3   2.1    52   139    70   163    69   167 0.81 -
TRINITY_DN3820_c0_g1_i7:1039-1889   -            262 46948at7898          -            454   1.1e-21   76.9   8.0   3   3    0.0017      0.12   10.9   0.0   238   275   171   208   168   219 0.83 -
TRINITY_DN38413_c0_g1_i1:1765-2133  -            123 46948at7898          -            454   4.1e-21   75.1   0.1   1   1   6.1e-23   4.2e-21   75.0   0.1    41   142    21   122     5   123 0.95 -
TRINITY_DN14934_c0_g1_i1:1419-2123  -            235 46948at7898          -            454     5e-21   74.8   9.4   1   4   1.3e-05   0.00088   17.9   0.1   112   139    31    58     5    60 0.80 -
TRINITY_DN14934_c0_g1_i1:1419-2123  -            235 46948at7898          -            454     5e-21   74.8   9.4   2   4   1.9e-08   1.3e-06   27.2   0.2    74   146    59   131    57   134 0.93 -
TRINITY_DN14934_c0_g1_i1:1419-2123  -            235 46948at7898          -            454     5e-21   74.8   9.4   3   4   1.5e-09   1.1e-07   30.9   1.4    92   167   144   219   130   222 0.92 -
TRINITY_DN14934_c0_g1_i1:1419-2123  -            235 46948at7898          -            454     5e-21   74.8   9.4   4   4    0.0033      0.23   10.0   0.0   236   273   198   235   196   235 0.92 -
TRINITY_DN14934_c0_g1_i3:1159-1863  -            235 46948at7898          -            454     5e-21   74.8   9.4   1   4   1.3e-05   0.00088   17.9   0.1   112   139    31    58     5    60 0.80 -
TRINITY_DN14934_c0_g1_i3:1159-1863  -            235 46948at7898          -            454     5e-21   74.8   9.4   2   4   1.9e-08   1.3e-06   27.2   0.2    74   146    59   131    57   134 0.93 -
TRINITY_DN14934_c0_g1_i3:1159-1863  -            235 46948at7898          -            454     5e-21   74.8   9.4   3   4   1.5e-09   1.1e-07   30.9   1.4    92   167   144   219   130   222 0.92 -
TRINITY_DN14934_c0_g1_i3:1159-1863  -            235 46948at7898          -            454     5e-21   74.8   9.4   4   4    0.0033      0.23   10.0   0.0   236   273   198   235   196   235 0.92 -
TRINITY_DN14934_c0_g1_i6:1159-1863  -            235 46948at7898          -            454     5e-21   74.8   9.4   1   4   1.3e-05   0.00088   17.9   0.1   112   139    31    58     5    60 0.80 -
TRINITY_DN14934_c0_g1_i6:1159-1863  -            235 46948at7898          -            454     5e-21   74.8   9.4   2   4   1.9e-08   1.3e-06   27.2   0.2    74   146    59   131    57   134 0.93 -
TRINITY_DN14934_c0_g1_i6:1159-1863  -            235 46948at7898          -            454     5e-21   74.8   9.4   3   4   1.5e-09   1.1e-07   30.9   1.4    92   167   144   219   130   222 0.92 -
TRINITY_DN14934_c0_g1_i6:1159-1863  -            235 46948at7898          -            454     5e-21   74.8   9.4   4   4    0.0033      0.23   10.0   0.0   236   273   198   235   196   235 0.92 -
TRINITY_DN14934_c0_g1_i7:412-1116   -            235 46948at7898          -            454     5e-21   74.8   9.4   1   4   1.3e-05   0.00088   17.9   0.1   112   139    31    58     5    60 0.80 -
TRINITY_DN14934_c0_g1_i7:412-1116   -            235 46948at7898          -            454     5e-21   74.8   9.4   2   4   1.9e-08   1.3e-06   27.2   0.2    74   146    59   131    57   134 0.93 -
TRINITY_DN14934_c0_g1_i7:412-1116   -            235 46948at7898          -            454     5e-21   74.8   9.4   3   4   1.5e-09   1.1e-07   30.9   1.4    92   167   144   219   130   222 0.92 -
TRINITY_DN14934_c0_g1_i7:412-1116   -            235 46948at7898          -            454     5e-21   74.8   9.4   4   4    0.0033      0.23   10.0   0.0   236   273   198   235   196   235 0.92 -
TRINITY_DN26555_c1_g2_i1:1029-1580  -            184 46948at7898          -            454   5.4e-20   71.4   0.1   1   2   4.1e-18   2.8e-16   59.1   0.0    53   146    37   130    24   131 0.94 -
TRINITY_DN26555_c1_g2_i1:1029-1580  -            184 46948at7898          -            454   5.4e-20   71.4   0.1   2   2    0.0002     0.014   14.0   0.0   103   163   120   181   118   182 0.91 -
TRINITY_DN11069_c0_g1_i2:194-754    -            187 46948at7898          -            454   2.4e-19   69.2   4.1   1   2   6.1e-13   4.2e-11   42.1   0.3    50   140    11   102     5   110 0.93 -
TRINITY_DN11069_c0_g1_i2:194-754    -            187 46948at7898          -            454   2.4e-19   69.2   4.1   2   2     7e-11   4.8e-09   35.3   0.4    55   153    83   181    82   186 0.90 -
TRINITY_DN14679_c1_g1_i1:14-598     -            195 46948at7898          -            454   2.5e-19   69.2   0.5   1   3   3.1e-05    0.0022   16.7   0.0   108   150     4    46     1    53 0.84 -
TRINITY_DN14679_c1_g1_i1:14-598     -            195 46948at7898          -            454   2.5e-19   69.2   0.5   2   3   8.9e-12   6.2e-10   38.2   0.1    62   146    57   142    44   143 0.85 -
TRINITY_DN14679_c1_g1_i1:14-598     -            195 46948at7898          -            454   2.5e-19   69.2   0.5   3   3   0.00022     0.015   13.8   0.0   230   274   136   180   134   186 0.86 -
TRINITY_DN16079_c0_g1_i6:11-529     -            173 46948at7898          -            454   3.6e-19   68.7   0.1   1   3   9.8e-05    0.0068   15.0   0.0    93   137     2    46     1    50 0.94 -
TRINITY_DN16079_c0_g1_i6:11-529     -            173 46948at7898          -            454   3.6e-19   68.7   0.1   2   3   1.1e-06   7.5e-05   21.5   0.0   210   263    55   111    49   115 0.87 -
TRINITY_DN16079_c0_g1_i6:11-529     -            173 46948at7898          -            454   3.6e-19   68.7   0.1   3   3   1.1e-08   7.3e-07   28.1   0.0    79   136   116   173   112   173 0.82 -
TRINITY_DN13356_c0_g2_i1:1065-1625  -            187 46948at7898          -            454   4.4e-19   68.4   3.1   1   2   2.1e-12   1.4e-10   40.3   0.8    50   147     4   102     1   103 0.92 -
TRINITY_DN13356_c0_g2_i1:1065-1625  -            187 46948at7898          -            454   4.4e-19   68.4   3.1   2   2   2.2e-09   1.5e-07   30.4   0.1    79   139   100   160    97   170 0.94 -
TRINITY_DN11443_c0_g1_i3:328-882    -            185 46948at7898          -            454   1.1e-18   67.0   5.4   1   2   3.8e-12   2.6e-10   39.4   1.1    53   138     3    88     1    93 0.94 -
TRINITY_DN11443_c0_g1_i3:328-882    -            185 46948at7898          -            454   1.1e-18   67.0   5.4   2   2   6.2e-09   4.3e-07   28.9   0.2    52   138   100   185    93   185 0.94 -
TRINITY_DN12186_c0_g1_i1:311-682    -            124 46948at7898          -            454   1.7e-18   66.5   0.1   1   1   3.4e-20   2.4e-18   66.0   0.1    51   162    12   122     2   124 0.94 -
TRINITY_DN468_c0_g1_i2:390-2669     -            760 46948at7898          -            454   2.4e-18   65.9   0.1   1   1   5.2e-20   3.6e-18   65.4   0.1    44   156   559   672   545   683 0.92 -
TRINITY_DN11443_c0_g1_i1:115-882    -            256 46948at7898          -            454   3.8e-18   65.3   5.6   1   2   6.8e-12   4.7e-10   38.6   1.2    53   138    74   159    67   166 0.94 -
TRINITY_DN11443_c0_g1_i1:115-882    -            256 46948at7898          -            454   3.8e-18   65.3   5.6   2   2   1.2e-08   8.3e-07   27.9   0.2    51   138   170   256   161   256 0.93 -
TRINITY_DN25553_c0_g1_i2:123-539    -            139 46948at7898          -            454     4e-18   65.2   0.1   1   3   1.8e-06   0.00013   20.7   0.0    82   139     5    62     3    72 0.96 -
TRINITY_DN25553_c0_g1_i2:123-539    -            139 46948at7898          -            454     4e-18   65.2   0.1   2   3   4.1e-07   2.9e-05   22.9   0.1    83   139    39    95    33    97 0.94 -
TRINITY_DN25553_c0_g1_i2:123-539    -            139 46948at7898          -            454     4e-18   65.2   0.1   3   3   2.3e-09   1.6e-07   30.3   0.0    84   146    73   135    64   138 0.90 -
TRINITY_DN13356_c0_g2_i3:441-935    -            165 46948at7898          -            454   4.7e-18   65.0   2.6   1   2   7.3e-13     5e-11   41.8   1.0    48   147    11   111     6   113 0.92 -
TRINITY_DN13356_c0_g2_i3:441-935    -            165 46948at7898          -            454   4.7e-18   65.0   2.6   2   2     6e-08   4.2e-06   25.6   0.0    79   134   109   164   105   165 0.95 -
TRINITY_DN6914_c1_g1_i1:273-950     -            226 46948at7898          -            454   6.6e-18   64.5   4.3   1   2   3.4e-08   2.4e-06   26.4   0.7    51   139    42   131    16   138 0.87 -
TRINITY_DN6914_c1_g1_i1:273-950     -            226 46948at7898          -            454   6.6e-18   64.5   4.3   2   2   3.3e-12   2.3e-10   39.7   0.5    68   164   126   221   122   226 0.88 -
TRINITY_DN6183_c0_g1_i5:153-587     -            145 46948at7898          -            454   7.4e-18   64.3   4.3   1   2   1.6e-09   1.1e-07   30.8   0.6    61   149     8    97     1    98 0.88 -
TRINITY_DN6183_c0_g1_i5:153-587     -            145 46948at7898          -            454   7.4e-18   64.3   4.3   2   2     1e-12     7e-11   41.3   0.2   183   278    36   136    35   143 0.86 -
TRINITY_DN11069_c0_g1_i1:194-814    -            207 46948at7898          -            454   2.5e-17   62.6   0.9   1   2   1.4e-07   9.6e-06   24.4   0.0    82   137    10    65     2    76 0.88 -
TRINITY_DN11069_c0_g1_i1:194-814    -            207 46948at7898          -            454   2.5e-17   62.6   0.9   2   2   2.8e-11   1.9e-09   36.6   0.1    52   153   100   201    87   206 0.90 -
TRINITY_DN24765_c2_g3_i1:19-630     -            204 46948at7898          -            454   3.6e-17   62.1   0.3   1   3      0.06       4.2    5.8   0.1   115   141     5    31     2    55 0.67 -
TRINITY_DN24765_c2_g3_i1:19-630     -            204 46948at7898          -            454   3.6e-17   62.1   0.3   2   3   4.6e-09   3.2e-07   29.3   0.0    60   152    50   144    36   149 0.87 -
TRINITY_DN24765_c2_g3_i1:19-630     -            204 46948at7898          -            454   3.6e-17   62.1   0.3   3   3   2.1e-10   1.5e-08   33.7   0.0    63   135   121   193   107   197 0.90 -
TRINITY_DN5165_c0_g2_i1:0-986       -            329 46948at7898          -            454     4e-17   61.9   4.2   1   4      0.15        11    4.5   0.0   232   256    31    55    16    62 0.82 -
TRINITY_DN5165_c0_g2_i1:0-986       -            329 46948at7898          -            454     4e-17   61.9   4.2   2   4   5.5e-08   3.8e-06   25.7   0.3    84   147    81   144    63   149 0.85 -
TRINITY_DN5165_c0_g2_i1:0-986       -            329 46948at7898          -            454     4e-17   61.9   4.2   3   4   4.4e-08   3.1e-06   26.0   0.1    59   137   122   200   116   202 0.69 -
TRINITY_DN5165_c0_g2_i1:0-986       -            329 46948at7898          -            454     4e-17   61.9   4.2   4   4     1e-07     7e-06   24.9   0.0    64   135   160   230   148   242 0.88 -
TRINITY_DN16079_c0_g1_i7:120-527    -            136 46948at7898          -            454   4.2e-17   61.9   0.7   1   2   2.1e-09   1.4e-07   30.4   0.0    84   144     3    63     1    68 0.64 -
TRINITY_DN16079_c0_g1_i7:120-527    -            136 46948at7898          -            454   4.2e-17   61.9   0.7   2   2   5.5e-11   3.8e-09   35.6   0.5    56   138    40   123    39   127 0.91 -
TRINITY_DN28299_c0_g2_i1:1-963      -            321 46948at7898          -            454   5.6e-17   61.4  11.3   1   4     0.062       4.3    5.8   0.1   206   262     9    70     3    75 0.72 -
TRINITY_DN28299_c0_g2_i1:1-963      -            321 46948at7898          -            454   5.6e-17   61.4  11.3   2   4   6.2e-05    0.0043   15.7   0.1   111   150    77   116    70   123 0.78 -
TRINITY_DN28299_c0_g2_i1:1-963      -            321 46948at7898          -            454   5.6e-17   61.4  11.3   3   4   1.7e-07   1.2e-05   24.1   0.5    76   140   108   172   104   184 0.92 -
TRINITY_DN28299_c0_g2_i1:1-963      -            321 46948at7898          -            454   5.6e-17   61.4  11.3   4   4   4.6e-08   3.2e-06   26.0   0.5    77   170   175   269   170   282 0.78 -
TRINITY_DN9639_c0_g1_i2:21-566      -            182 46948at7898          -            454   1.1e-16   60.5   2.3   1   3   1.7e-09   1.2e-07   30.7   0.1    75   146     9    80     1    81 0.93 -
TRINITY_DN9639_c0_g1_i2:21-566      -            182 46948at7898          -            454   1.1e-16   60.5   2.3   2   3   4.4e-07   3.1e-05   22.8   0.3    75   138    75   139    72   140 0.88 -
TRINITY_DN9639_c0_g1_i2:21-566      -            182 46948at7898          -            454   1.1e-16   60.5   2.3   3   3   0.00061     0.042   12.4   0.0    66   107   133   174   131   179 0.87 -
TRINITY_DN5403_c1_g1_i1:1647-2057   -            137 46948at7898          -            454   4.1e-16   58.6   2.0   1   2   1.5e-06    0.0001   21.0   0.1    94   142     8    56     4    60 0.93 -
TRINITY_DN5403_c1_g1_i1:1647-2057   -            137 46948at7898          -            454   4.1e-16   58.6   2.0   2   2   2.7e-11   1.8e-09   36.7   0.3    80   148    60   128    57   134 0.93 -
TRINITY_DN3820_c0_g2_i2:5-652       -            216 46948at7898          -            454   4.6e-16   58.4  13.6   1   3   1.7e-06   0.00011   20.9   0.6    94   139     4    49     2    51 0.93 -
TRINITY_DN3820_c0_g2_i2:5-652       -            216 46948at7898          -            454   4.6e-16   58.4  13.6   2   3   9.1e-09   6.3e-07   28.3   1.9    82   141    57   116    48   121 0.93 -
TRINITY_DN3820_c0_g2_i2:5-652       -            216 46948at7898          -            454   4.6e-16   58.4  13.6   3   3   2.8e-09   1.9e-07   30.0   0.2    82   153    90   160    88   203 0.85 -
TRINITY_DN5165_c0_g1_i1:107-841     -            245 46948at7898          -            454     1e-15   57.3   1.4   1   3   5.2e-07   3.6e-05   22.5   0.1   202   278    26   115    13   117 0.75 -
TRINITY_DN5165_c0_g1_i1:107-841     -            245 46948at7898          -            454     1e-15   57.3   1.4   2   3   8.8e-06   0.00061   18.5   0.1    60   137   118   195   116   195 0.88 -
TRINITY_DN5165_c0_g1_i1:107-841     -            245 46948at7898          -            454     1e-15   57.3   1.4   3   3   3.6e-07   2.5e-05   23.0   0.0    77   135   168   225   151   236 0.85 -
TRINITY_DN19572_c0_g1_i1:714-1109   -            132 46948at7898          -            454   1.1e-15   57.2   0.2   1   2   2.6e-12   1.8e-10   40.0   0.1   191   273    10    96     1    97 0.83 -
TRINITY_DN19572_c0_g1_i1:714-1109   -            132 46948at7898          -            454   1.1e-15   57.2   0.2   2   2   2.1e-06   0.00015   20.5   0.0   231   275    87   131    86   132 0.91 -
TRINITY_DN63945_c0_g1_i1:275-517    -             81 46948at7898          -            454   1.3e-15   57.0   0.5   1   1   1.9e-17   1.3e-15   57.0   0.5    60   134     7    81     1    81 0.94 -
TRINITY_DN36255_c0_g1_i3:120-527    -            136 46948at7898          -            454   2.7e-15   55.9   4.1   1   2   1.4e-10   9.8e-09   34.3   0.1    49   147    16   117     4   119 0.86 -
TRINITY_DN36255_c0_g1_i3:120-527    -            136 46948at7898          -            454   2.7e-15   55.9   4.1   2   2   5.3e-09   3.7e-07   29.1   0.7    66   132    69   135    65   136 0.93 -
TRINITY_DN15811_c0_g2_i1:0-671      -            224 46948at7898          -            454   3.9e-15   55.4   0.0   1   3   1.4e-07     1e-05   24.4   0.0    55   135     2    83     1    92 0.91 -
TRINITY_DN15811_c0_g2_i1:0-671      -            224 46948at7898          -            454   3.9e-15   55.4   0.0   2   3   1.8e-09   1.3e-07   30.6   0.0   206   279    61   140    56   160 0.83 -
TRINITY_DN15811_c0_g2_i1:0-671      -            224 46948at7898          -            454   3.9e-15   55.4   0.0   3   3     0.085       5.9    5.3   0.0   211   264   165   222   142   224 0.51 -
TRINITY_DN18260_c1_g3_i1:1231-1725  -            165 46948at7898          -            454   5.6e-15   54.9   3.3   1   3   0.00064     0.044   12.3   0.1   114   151     2    40     1    47 0.66 -
TRINITY_DN18260_c1_g3_i1:1231-1725  -            165 46948at7898          -            454   5.6e-15   54.9   3.3   2   3   8.4e-09   5.8e-07   28.4   0.0    77   152    32   107    29   112 0.89 -
TRINITY_DN18260_c1_g3_i1:1231-1725  -            165 46948at7898          -            454   5.6e-15   54.9   3.3   3   3   3.8e-06   0.00026   19.7   0.5    80   138   101   159    98   162 0.89 -
TRINITY_DN4214_c0_g1_i4:2390-2731   -            114 46948at7898          -            454   1.8e-14   53.1   0.0   1   2   2.5e-10   1.7e-08   33.5   0.0    78   149     6    77     2    77 0.96 -
TRINITY_DN4214_c0_g1_i4:2390-2731   -            114 46948at7898          -            454   1.8e-14   53.1   0.0   2   2   3.6e-07   2.5e-05   23.0   0.0   233   274    71   112    68   114 0.93 -
TRINITY_DN4214_c0_g1_i5:2391-2732   -            114 46948at7898          -            454   1.8e-14   53.1   0.0   1   2   2.5e-10   1.7e-08   33.5   0.0    78   149     6    77     2    77 0.96 -
TRINITY_DN4214_c0_g1_i5:2391-2732   -            114 46948at7898          -            454   1.8e-14   53.1   0.0   2   2   3.6e-07   2.5e-05   23.0   0.0   233   274    71   112    68   114 0.93 -
TRINITY_DN4214_c0_g1_i7:2377-2718   -            114 46948at7898          -            454   1.8e-14   53.1   0.0   1   2   2.5e-10   1.7e-08   33.5   0.0    78   149     6    77     2    77 0.96 -
TRINITY_DN4214_c0_g1_i7:2377-2718   -            114 46948at7898          -            454   1.8e-14   53.1   0.0   2   2   3.6e-07   2.5e-05   23.0   0.0   233   274    71   112    68   114 0.93 -
TRINITY_DN4214_c0_g1_i9:2382-2723   -            114 46948at7898          -            454   1.8e-14   53.1   0.0   1   2   2.5e-10   1.7e-08   33.5   0.0    78   149     6    77     2    77 0.96 -
TRINITY_DN4214_c0_g1_i9:2382-2723   -            114 46948at7898          -            454   1.8e-14   53.1   0.0   2   2   3.6e-07   2.5e-05   23.0   0.0   233   274    71   112    68   114 0.93 -
TRINITY_DN23281_c0_g1_i1:5-829      -            275 46948at7898          -            454   2.3e-14   52.8   3.9   1   4    0.0018      0.12   10.9   0.0   110   147     6    43     1    50 0.61 -
TRINITY_DN23281_c0_g1_i1:5-829      -            275 46948at7898          -            454   2.3e-14   52.8   3.9   2   4   4.8e-07   3.3e-05   22.6   0.0   231   275    88   132    62   139 0.85 -
TRINITY_DN23281_c0_g1_i1:5-829      -            275 46948at7898          -            454   2.3e-14   52.8   3.9   3   4    0.0015       0.1   11.1   0.1    74   122   118   168   118   182 0.69 -
TRINITY_DN23281_c0_g1_i1:5-829      -            275 46948at7898          -            454   2.3e-14   52.8   3.9   4   4   0.00066     0.046   12.3   0.1    64   132   197   267   184   274 0.84 -
TRINITY_DN16079_c1_g2_i1:168-1034   -            289 46948at7898          -            454     3e-14   52.4   1.0   1   3     4e-07   2.8e-05   22.9   0.5    60   142    34   114    10   119 0.81 -
TRINITY_DN16079_c1_g2_i1:168-1034   -            289 46948at7898          -            454     3e-14   52.4   1.0   2   3   6.5e-11   4.5e-09   35.4   0.0    50   149    88   187    85   192 0.95 -
TRINITY_DN16079_c1_g2_i1:168-1034   -            289 46948at7898          -            454     3e-14   52.4   1.0   3   3       7.6   5.2e+02   -1.1   0.0   130   169   209   248   203   259 0.80 -
TRINITY_DN4214_c0_g1_i1:459-800     -            114 46948at7898          -            454   3.8e-14   52.1   0.1   1   2     8e-10   5.5e-08   31.8   0.0    78   149     6    77     2    77 0.96 -
TRINITY_DN4214_c0_g1_i1:459-800     -            114 46948at7898          -            454   3.8e-14   52.1   0.1   2   2   2.9e-07     2e-05   23.4   0.0   233   274    71   112    68   114 0.93 -
TRINITY_DN712_c0_g1_i7:568-1329     -            254 46948at7898          -            454   4.7e-14   51.8   2.5   1   2   4.5e-07   3.1e-05   22.7   0.5    76   172    47   146    43   155 0.90 -
TRINITY_DN712_c0_g1_i7:568-1329     -            254 46948at7898          -            454   4.7e-14   51.8   2.5   2   2   4.7e-09   3.2e-07   29.3   0.1    77   153   157   234   150   253 0.88 -
TRINITY_DN24286_c1_g1_i1:84-497     -            138 46948at7898          -            454   4.7e-14   51.8   0.5   1   3   4.9e-06   0.00034   19.3   0.0   232   264    10    42     7    50 0.72 -
TRINITY_DN24286_c1_g1_i1:84-497     -            138 46948at7898          -            454   4.7e-14   51.8   0.5   2   3   7.1e-07   4.9e-05   22.1   0.1   202   257    42   101    40   112 0.67 -
TRINITY_DN24286_c1_g1_i1:84-497     -            138 46948at7898          -            454   4.7e-14   51.8   0.5   3   3    0.0058       0.4    9.2   0.0   203   227   113   137   103   138 0.60 -
TRINITY_DN24286_c1_g1_i2:187-600    -            138 46948at7898          -            454   6.2e-14   51.4   0.4   1   3   5.8e-06    0.0004   19.1   0.0   232   264    10    42     7    47 0.71 -
TRINITY_DN24286_c1_g1_i2:187-600    -            138 46948at7898          -            454   6.2e-14   51.4   0.4   2   3   5.5e-07   3.8e-05   22.4   0.1   200   256    40   100    37   110 0.75 -
TRINITY_DN24286_c1_g1_i2:187-600    -            138 46948at7898          -            454   6.2e-14   51.4   0.4   3   3    0.0066      0.46    9.0   0.0   203   227   113   137   103   138 0.64 -
TRINITY_DN712_c0_g1_i15:791-1543    -            251 46948at7898          -            454   8.2e-14   51.0   2.5   1   2   6.8e-07   4.7e-05   22.1   0.4    75   171    46   145    37   151 0.90 -
TRINITY_DN712_c0_g1_i15:791-1543    -            251 46948at7898          -            454   8.2e-14   51.0   2.5   2   2   5.7e-09   3.9e-07   29.0   0.1    77   153   157   234   150   248 0.89 -
TRINITY_DN712_c0_g1_i6:577-1329     -            251 46948at7898          -            454   8.2e-14   51.0   2.5   1   2   6.8e-07   4.7e-05   22.1   0.4    75   171    46   145    37   151 0.90 -
TRINITY_DN712_c0_g1_i6:577-1329     -            251 46948at7898          -            454   8.2e-14   51.0   2.5   2   2   5.7e-09   3.9e-07   29.0   0.1    77   153   157   234   150   248 0.89 -
TRINITY_DN4068_c0_g2_i1:2375-2782   -            136 46948at7898          -            454   1.5e-13   50.2   0.0   1   1   2.7e-15   1.9e-13   49.8   0.0    50   147    33   130    14   135 0.89 -
TRINITY_DN6584_c0_g1_i4:255-1205    -            317 46948at7898          -            454   1.5e-13   50.1   1.8   1   1   8.7e-15     6e-13   48.1   1.6    49   153   173   278   138   303 0.79 -
TRINITY_DN34969_c1_g2_i1:693-1532   -            280 46948at7898          -            454     3e-13   49.1   0.2   1   3      0.16        11    4.5   0.0    74   101    63    90    46   102 0.87 -
TRINITY_DN34969_c1_g2_i1:693-1532   -            280 46948at7898          -            454     3e-13   49.1   0.2   2   3   0.00082     0.057   12.0   0.0    74   120   103   149    94   152 0.93 -
TRINITY_DN34969_c1_g2_i1:693-1532   -            280 46948at7898          -            454     3e-13   49.1   0.2   3   3   4.2e-09   2.9e-07   29.4   0.0    62   139   157   238   150   251 0.86 -
TRINITY_DN34969_c1_g2_i2:614-1501   -            296 46948at7898          -            454   3.2e-13   49.0   0.4   1   3      0.18        12    4.3   0.0    74   101    63    90    44    98 0.86 -
TRINITY_DN34969_c1_g2_i2:614-1501   -            296 46948at7898          -            454   3.2e-13   49.0   0.4   2   3   0.00069     0.047   12.2   0.0    74   121   103   150    92   159 0.92 -
TRINITY_DN34969_c1_g2_i2:614-1501   -            296 46948at7898          -            454   3.2e-13   49.0   0.4   3   3   3.6e-09   2.5e-07   29.7   0.0    62   139   157   238   149   285 0.88 -
TRINITY_DN712_c0_g1_i11:228-1193    -            322 46948at7898          -            454   3.4e-13   49.0   3.1   1   2   7.5e-07   5.2e-05   22.0   0.4    76   172    81   180    78   188 0.90 -
TRINITY_DN712_c0_g1_i11:228-1193    -            322 46948at7898          -            454   3.4e-13   49.0   3.1   2   2   1.7e-08   1.2e-06   27.4   0.1    77   153   191   268   184   289 0.87 -
TRINITY_DN712_c0_g1_i4:656-1519     -            288 46948at7898          -            454   3.7e-13   48.9   3.0   1   2   8.9e-07   6.1e-05   21.8   0.4    75   172    46   146    37   153 0.90 -
TRINITY_DN712_c0_g1_i4:656-1519     -            288 46948at7898          -            454   3.7e-13   48.9   3.0   2   2   1.4e-08   9.8e-07   27.7   0.1    77   154   157   235   152   256 0.87 -
TRINITY_DN4214_c0_g1_i4:1469-2764   -            432 46948at7898          -            454   3.7e-13   48.9   0.1   1   2   5.4e-09   3.8e-07   29.1   0.0    77   147    16    86     2    87 0.92 -
TRINITY_DN4214_c0_g1_i4:1469-2764   -            432 46948at7898          -            454   3.7e-13   48.9   0.1   2   2   1.4e-06   9.9e-05   21.1   0.0   234   276    83   125    79   161 0.89 -
TRINITY_DN4214_c0_g1_i5:1470-2765   -            432 46948at7898          -            454   3.7e-13   48.9   0.1   1   2   5.4e-09   3.8e-07   29.1   0.0    77   147    16    86     2    87 0.92 -
TRINITY_DN4214_c0_g1_i5:1470-2765   -            432 46948at7898          -            454   3.7e-13   48.9   0.1   2   2   1.4e-06   9.9e-05   21.1   0.0   234   276    83   125    79   161 0.89 -
TRINITY_DN4214_c0_g1_i7:1456-2751   -            432 46948at7898          -            454   3.7e-13   48.9   0.1   1   2   5.4e-09   3.8e-07   29.1   0.0    77   147    16    86     2    87 0.92 -
TRINITY_DN4214_c0_g1_i7:1456-2751   -            432 46948at7898          -            454   3.7e-13   48.9   0.1   2   2   1.4e-06   9.9e-05   21.1   0.0   234   276    83   125    79   161 0.89 -
TRINITY_DN4214_c0_g1_i9:1461-2756   -            432 46948at7898          -            454   3.7e-13   48.9   0.1   1   2   5.4e-09   3.8e-07   29.1   0.0    77   147    16    86     2    87 0.92 -
TRINITY_DN4214_c0_g1_i9:1461-2756   -            432 46948at7898          -            454   3.7e-13   48.9   0.1   2   2   1.4e-06   9.9e-05   21.1   0.0   234   276    83   125    79   161 0.89 -
TRINITY_DN36763_c1_g1_i1:57-476     -            140 46948at7898          -            454     7e-13   47.9   0.1   1   2     2e-11   1.4e-09   37.1   0.0    66   151     1    86     1   100 0.94 -
TRINITY_DN36763_c1_g1_i1:57-476     -            140 46948at7898          -            454     7e-13   47.9   0.1   2   2   8.7e-05     0.006   15.2   0.0    93   139    61   107    56   135 0.90 -
TRINITY_DN19515_c1_g1_i1:414-776    -            121 46948at7898          -            454   9.8e-13   47.5   0.1   1   2   1.3e-08     9e-07   27.8   0.0    76   137     4    65     1    75 0.90 -
TRINITY_DN19515_c1_g1_i1:414-776    -            121 46948at7898          -            454   9.8e-13   47.5   0.1   2   2   8.9e-06   0.00062   18.5   0.0   230   275    71   116    67   119 0.77 -
TRINITY_DN26419_c0_g3_i1:1111-1719  -            203 46948at7898          -            454   2.2e-12   46.3   9.5   1   2     0.049       3.4    6.1   0.0   233   257    10    34     3    45 0.60 -
TRINITY_DN26419_c0_g3_i1:1111-1719  -            203 46948at7898          -            454   2.2e-12   46.3   9.5   2   2   5.5e-05    0.0038   15.9   1.1    52   132   117   202   114   203 0.81 -
TRINITY_DN35448_c0_g2_i1:7-441      -            145 46948at7898          -            454   3.4e-12   45.7   0.2   1   2   7.3e-06   0.00051   18.7   0.0    93   146     3    56     2    61 0.90 -
TRINITY_DN35448_c0_g2_i1:7-441      -            145 46948at7898          -            454   3.4e-12   45.7   0.2   2   2   8.4e-08   5.8e-06   25.1   0.1    51   136    60   145    56   145 0.94 -
TRINITY_DN25553_c0_g1_i1:129-533    -            135 46948at7898          -            454   9.4e-12   44.2   0.0   1   2   7.9e-07   5.5e-05   21.9   0.0    83   138    37    92    30    93 0.95 -
TRINITY_DN25553_c0_g1_i1:129-533    -            135 46948at7898          -            454   9.4e-12   44.2   0.0   2   2   3.2e-08   2.2e-06   26.5   0.0    94   145    81   132    80   134 0.92 -
TRINITY_DN6624_c0_g2_i3:497-1384    -            296 46948at7898          -            454     1e-11   44.1   0.0   1   1   2.4e-13   1.7e-11   43.4   0.0    52   168   177   294   157   296 0.89 -
TRINITY_DN6624_c0_g2_i2:497-1384    -            296 46948at7898          -            454     1e-11   44.1   0.0   1   1   2.4e-13   1.7e-11   43.4   0.0    52   168   177   294   157   296 0.89 -
TRINITY_DN6624_c0_g2_i6:497-1384    -            296 46948at7898          -            454     1e-11   44.1   0.0   1   1   2.5e-13   1.7e-11   43.4   0.0    52   168   177   294   157   296 0.89 -
TRINITY_DN8907_c0_g1_i2:670-1224    -            185 46948at7898          -            454     2e-11   43.2   3.1   1   2     0.019       1.3    7.5   0.1   230   276    18    68     6    77 0.76 -
TRINITY_DN8907_c0_g1_i2:670-1224    -            185 46948at7898          -            454     2e-11   43.2   3.1   2   2   5.7e-11   3.9e-09   35.6   1.0    62   144    76   161    68   184 0.84 -
TRINITY_DN19887_c6_g1_i1:86-442     -            119 46948at7898          -            454   2.2e-11   43.0   0.2   1   1   3.5e-13   2.4e-11   42.9   0.2    51   161     3   115     2   119 0.88 -
TRINITY_DN7415_c0_g4_i1:570-1118    -            183 46948at7898          -            454   2.3e-11   42.9   0.4   1   2   6.3e-06   0.00044   18.9   0.0   230   263    51    84    22    91 0.70 -
TRINITY_DN7415_c0_g4_i1:570-1118    -            183 46948at7898          -            454   2.3e-11   42.9   0.4   2   2   5.8e-09     4e-07   29.0   0.1    66   141    76   151    75   176 0.91 -
TRINITY_DN712_c0_g1_i18:656-1360    -            235 46948at7898          -            454   2.4e-11   42.9   2.4   1   2   0.00011    0.0074   14.9   0.2    84   171     2    92     1    99 0.73 -
TRINITY_DN712_c0_g1_i18:656-1360    -            235 46948at7898          -            454   2.4e-11   42.9   2.4   2   2   9.2e-09   6.4e-07   28.3   0.1    77   153   104   181    97   201 0.87 -
TRINITY_DN7415_c0_g3_i1:550-1095    -            182 46948at7898          -            454   2.4e-11   42.9   0.3   1   2     6e-06   0.00042   19.0   0.0   214   263    32    84    22    91 0.72 -
TRINITY_DN7415_c0_g3_i1:550-1095    -            182 46948at7898          -            454   2.4e-11   42.9   0.3   2   2   6.7e-09   4.7e-07   28.7   0.1    66   140    76   150    75   176 0.91 -
TRINITY_DN2431_c1_g1_i10:1722-2390  -            223 46948at7898          -            454   3.4e-11   42.4   3.6   1   3      0.34        23    3.4   0.0   231   270    10    49     4    58 0.87 -
TRINITY_DN2431_c1_g1_i10:1722-2390  -            223 46948at7898          -            454   3.4e-11   42.4   3.6   2   3     2e-06   0.00014   20.6   0.1    57   141    64   153    49   158 0.78 -
TRINITY_DN2431_c1_g1_i10:1722-2390  -            223 46948at7898          -            454   3.4e-11   42.4   3.6   3   3   2.2e-05    0.0015   17.1   0.2    79   138   158   218   154   222 0.92 -
TRINITY_DN6183_c0_g1_i1:1668-2036   -            123 46948at7898          -            454     4e-11   42.1   2.1   1   2   6.1e-05    0.0042   15.7   0.1   113   139    36    62    10    64 0.81 -
TRINITY_DN6183_c0_g1_i1:1668-2036   -            123 46948at7898          -            454     4e-11   42.1   2.1   2   2   2.4e-08   1.7e-06   26.9   0.4    74   133    63   122    61   123 0.95 -
TRINITY_DN2431_c1_g1_i12:1736-2368  -            211 46948at7898          -            454   4.9e-11   41.9   6.8   1   2     5e-07   3.4e-05   22.6   0.6    55   139    50   139    13   145 0.78 -
TRINITY_DN2431_c1_g1_i12:1736-2368  -            211 46948at7898          -            454   4.9e-11   41.9   6.8   2   2   1.7e-06   0.00012   20.9   0.7    79   138   146   206   139   210 0.92 -
TRINITY_DN2431_c1_g1_i4:1758-2390   -            211 46948at7898          -            454   4.9e-11   41.9   6.8   1   2     5e-07   3.4e-05   22.6   0.6    55   139    50   139    13   145 0.78 -
TRINITY_DN2431_c1_g1_i4:1758-2390   -            211 46948at7898          -            454   4.9e-11   41.9   6.8   2   2   1.7e-06   0.00012   20.9   0.7    79   138   146   206   139   210 0.92 -
TRINITY_DN2431_c1_g1_i6:1670-2302   -            211 46948at7898          -            454   4.9e-11   41.9   6.8   1   2     5e-07   3.4e-05   22.6   0.6    55   139    50   139    13   145 0.78 -
TRINITY_DN2431_c1_g1_i6:1670-2302   -            211 46948at7898          -            454   4.9e-11   41.9   6.8   2   2   1.7e-06   0.00012   20.9   0.7    79   138   146   206   139   210 0.92 -
TRINITY_DN2431_c1_g1_i7:1722-2390   -            223 46948at7898          -            454   6.6e-11   41.4   5.3   1   3       1.5     1e+02    1.2   0.0   232   273    11    58     5    66 0.51 -
TRINITY_DN2431_c1_g1_i7:1722-2390   -            223 46948at7898          -            454   6.6e-11   41.4   5.3   2   3   2.8e-07     2e-05   23.4   0.2    58   141    65   153    58   157 0.81 -
TRINITY_DN2431_c1_g1_i7:1722-2390   -            223 46948at7898          -            454   6.6e-11   41.4   5.3   3   3   2.2e-05    0.0016   17.1   0.2    79   138   158   218   154   222 0.92 -
TRINITY_DN3721_c0_g1_i7:213-1250    -            346 46948at7898          -            454   1.7e-10   40.1   3.0   1   3   0.00017     0.012   14.2   0.0    74   126   134   186   121   195 0.88 -
TRINITY_DN3721_c0_g1_i7:213-1250    -            346 46948at7898          -            454   1.7e-10   40.1   3.0   2   3    0.0028      0.19   10.2   0.0   231   275   207   252   195   256 0.79 -
TRINITY_DN3721_c0_g1_i7:213-1250    -            346 46948at7898          -            454   1.7e-10   40.1   3.0   3   3    0.0001    0.0072   14.9   0.4    81   153   247   319   243   330 0.78 -
TRINITY_DN10375_c0_g2_i1:458-1090   -            211 46948at7898          -            454   1.7e-10   40.1   2.7   1   2   0.00026     0.018   13.6   0.3    67   126    30    89     8   105 0.72 -
TRINITY_DN10375_c0_g2_i1:458-1090   -            211 46948at7898          -            454   1.7e-10   40.1   2.7   2   2   3.8e-08   2.6e-06   26.3   0.1    77   158   111   193   106   205 0.88 -
TRINITY_DN3721_c0_g1_i13:865-1902   -            346 46948at7898          -            454   1.8e-10   40.0   3.1   1   3   0.00018     0.012   14.2   0.0    74   126   134   186   120   194 0.88 -
TRINITY_DN3721_c0_g1_i13:865-1902   -            346 46948at7898          -            454   1.8e-10   40.0   3.1   2   3     0.003       0.2   10.1   0.0   231   275   207   252   199   256 0.79 -
TRINITY_DN3721_c0_g1_i13:865-1902   -            346 46948at7898          -            454   1.8e-10   40.0   3.1   3   3    0.0001     0.007   15.0   0.5    80   153   246   319   242   330 0.78 -
TRINITY_DN36255_c0_g2_i1:0-365      -            122 46948at7898          -            454   2.1e-10   39.8   1.0   1   2   4.6e-10   3.2e-08   32.6   0.1    51   147     4   103     2   107 0.87 -
TRINITY_DN36255_c0_g2_i1:0-365      -            122 46948at7898          -            454   2.1e-10   39.8   1.0   2   2   0.00073      0.05   12.2   0.1    94   132    83   121    82   122 0.92 -
TRINITY_DN15058_c0_g1_i1:393-1253   -            287 46948at7898          -            454   2.4e-10   39.6   1.9   1   3   3.8e-05    0.0026   16.4   0.3   197   275    23   107     8   109 0.73 -
TRINITY_DN15058_c0_g1_i1:393-1253   -            287 46948at7898          -            454   2.4e-10   39.6   1.9   2   3     0.058         4    5.9   0.1    76   135    97   155    74   187 0.66 -
TRINITY_DN15058_c0_g1_i1:393-1253   -            287 46948at7898          -            454   2.4e-10   39.6   1.9   3   3   1.5e-05     0.001   17.7   0.0    58   116   209   267   195   285 0.65 -
TRINITY_DN2719_c0_g2_i4:231-2456    -            742 46948at7898          -            454   3.2e-10   39.2   0.0   1   1   7.2e-12     5e-10   38.5   0.0    37   167   277   409   261   457 0.88 -
TRINITY_DN2719_c0_g2_i2:233-2458    -            742 46948at7898          -            454   3.2e-10   39.2   0.0   1   1   7.2e-12     5e-10   38.5   0.0    37   167   277   409   261   457 0.88 -
TRINITY_DN2719_c0_g2_i3:233-2458    -            742 46948at7898          -            454   3.2e-10   39.2   0.0   1   1   7.2e-12     5e-10   38.5   0.0    37   167   277   409   261   457 0.88 -
TRINITY_DN11988_c0_g3_i1:23-388     -            122 46948at7898          -            454     8e-10   37.9   0.4   1   1   1.3e-11     9e-10   37.7   0.4    50   138     8    98     1   109 0.84 -
TRINITY_DN11988_c0_g3_i2:23-388     -            122 46948at7898          -            454     8e-10   37.9   0.4   1   1   1.3e-11     9e-10   37.7   0.4    50   138     8    98     1   109 0.84 -
TRINITY_DN9669_c0_g2_i2:90-500      -            137 46948at7898          -            454     9e-10   37.7   0.1   1   2   5.3e-05    0.0036   15.9   0.0   235   282    26    74     1    78 0.73 -
TRINITY_DN9669_c0_g2_i2:90-500      -            137 46948at7898          -            454     9e-10   37.7   0.1   2   2   2.1e-06   0.00015   20.5   0.2    96   147    78   135    73   137 0.84 -
TRINITY_DN9669_c0_g2_i4:90-500      -            137 46948at7898          -            454     9e-10   37.7   0.1   1   2   5.3e-05    0.0036   15.9   0.0   235   282    26    74     1    78 0.73 -
TRINITY_DN9669_c0_g2_i4:90-500      -            137 46948at7898          -            454     9e-10   37.7   0.1   2   2   2.1e-06   0.00015   20.5   0.2    96   147    78   135    73   137 0.84 -
TRINITY_DN10375_c0_g1_i10:692-1315  -            208 46948at7898          -            454     1e-09   37.5   0.5   1   2   0.00054     0.038   12.6   0.2    67   127    30    90     3   104 0.76 -
TRINITY_DN10375_c0_g1_i10:692-1315  -            208 46948at7898          -            454     1e-09   37.5   0.5   2   2   2.6e-07   1.8e-05   23.5   0.0    77   154   111   189   106   204 0.88 -
TRINITY_DN10375_c0_g1_i4:475-1098   -            208 46948at7898          -            454     1e-09   37.5   0.5   1   2   0.00054     0.038   12.6   0.2    67   127    30    90     3   104 0.76 -
TRINITY_DN10375_c0_g1_i4:475-1098   -            208 46948at7898          -            454     1e-09   37.5   0.5   2   2   2.6e-07   1.8e-05   23.5   0.0    77   154   111   189   106   204 0.88 -
TRINITY_DN20512_c0_g2_i1:13-405     -            131 46948at7898          -            454   1.1e-09   37.4   0.3   1   2   6.6e-09   4.6e-07   28.8   0.1    97   167     3    73     1    75 0.80 -
TRINITY_DN20512_c0_g2_i1:13-405     -            131 46948at7898          -            454   1.1e-09   37.4   0.3   2   2   0.00041     0.028   13.0   0.0   210   257    56   106    54   123 0.68 -
TRINITY_DN6183_c0_g1_i1:2914-3207   -             98 46948at7898          -            454   1.1e-09   37.4   0.1   1   1   2.2e-11   1.5e-09   36.9   0.1   183   272     4    98     2    98 0.80 -
TRINITY_DN10375_c0_g1_i1:499-1220   -            200 46948at7898          -            454   1.1e-09   37.3   0.7   1   2    0.0005     0.034   12.7   0.2    67   127    30    90     3   104 0.76 -
TRINITY_DN10375_c0_g1_i1:499-1220   -            200 46948at7898          -            454   1.1e-09   37.3   0.7   2   2     3e-07   2.1e-05   23.3   0.0    77   153   111   188   106   197 0.89 -
TRINITY_DN10375_c0_g1_i5:475-1338   -            206 46948at7898          -            454   2.1e-09   36.5   0.7   1   2    0.0011     0.074   11.6   0.2    61   126    20    87     3   102 0.76 -
TRINITY_DN10375_c0_g1_i5:475-1338   -            206 46948at7898          -            454   2.1e-09   36.5   0.7   2   2   2.6e-07   1.8e-05   23.5   0.0    77   154   109   187   104   202 0.88 -
TRINITY_DN505_c1_g5_i1:290-811      -            174 46948at7898          -            454   2.7e-09   36.1   3.1   1   3   3.3e-07   2.3e-05   23.2   0.6    63   136    15    88     3   100 0.90 -
TRINITY_DN505_c1_g5_i1:290-811      -            174 46948at7898          -            454   2.7e-09   36.1   3.1   2   3   3.4e-06   0.00023   19.8   0.2    61   134    46   120    39   126 0.86 -
TRINITY_DN505_c1_g5_i1:290-811      -            174 46948at7898          -            454   2.7e-09   36.1   3.1   3   3    0.0062      0.43    9.1   0.1    56   100   108   153   101   170 0.52 -
TRINITY_DN2719_c0_g2_i5:0-1454      -            485 46948at7898          -            454   3.8e-09   35.6   0.0   1   1   8.1e-11   5.6e-09   35.1   0.0    37   167    67   199    51   251 0.88 -
TRINITY_DN1070_c0_g1_i11:357-1022   -            222 46948at7898          -            454     5e-09   35.2   6.8   1   1   1.9e-08   1.3e-06   27.3   1.7    54   138   129   215   110   220 0.86 -
TRINITY_DN1070_c0_g1_i1:357-1022    -            222 46948at7898          -            454     5e-09   35.2   6.8   1   1   1.9e-08   1.3e-06   27.3   1.7    54   138   129   215   110   220 0.86 -
TRINITY_DN1070_c0_g1_i6:357-1022    -            222 46948at7898          -            454     5e-09   35.2   6.8   1   1   1.9e-08   1.3e-06   27.3   1.7    54   138   129   215   110   220 0.86 -
TRINITY_DN1070_c0_g1_i8:357-1022    -            222 46948at7898          -            454     5e-09   35.2   6.8   1   1   1.9e-08   1.3e-06   27.3   1.7    54   138   129   215   110   220 0.86 -
TRINITY_DN427_c0_g3_i1:15-794       -            260 46948at7898          -            454   7.8e-09   34.6   2.8   1   2       1.1        75    1.7   0.0   202   226     4    29     1    36 0.74 -
TRINITY_DN427_c0_g3_i1:15-794       -            260 46948at7898          -            454   7.8e-09   34.6   2.8   2   2   6.3e-10   4.4e-08   32.1   1.4    74   273    39   257    36   260 0.73 -
TRINITY_DN1070_c0_g1_i9:357-1022    -            222 46948at7898          -            454   7.9e-09   34.6   7.1   1   2   0.00044     0.031   12.9   0.3    77   155    11    95     7   115 0.69 -
TRINITY_DN1070_c0_g1_i9:357-1022    -            222 46948at7898          -            454   7.9e-09   34.6   7.1   2   2   1.2e-07   8.3e-06   24.6   2.0    54   138   129   215   108   220 0.85 -
TRINITY_DN199_c0_g1_i3:1216-1518    -            101 46948at7898          -            454   1.1e-08   34.1   0.0   1   1   1.8e-10   1.2e-08   34.0   0.0    58   150     7    98     2   101 0.88 -
TRINITY_DN14060_c1_g1_i2:674-2689   -            672 46948at7898          -            454   1.5e-08   33.7   0.2   1   1   4.2e-10   2.9e-08   32.7   0.2    63   139   591   669   574   672 0.84 -
TRINITY_DN15522_c0_g1_i1:2091-2549  -            153 46948at7898          -            454   2.4e-08   33.0   1.8   1   2   0.00041     0.029   13.0   0.1   235   266    30    61    21    74 0.79 -
TRINITY_DN15522_c0_g1_i1:2091-2549  -            153 46948at7898          -            454   2.4e-08   33.0   1.8   2   2   3.9e-06   0.00027   19.6   0.3    92   163    77   148    65   152 0.84 -
TRINITY_DN15522_c0_g1_i5:2047-2505  -            153 46948at7898          -            454   2.4e-08   33.0   1.8   1   2   0.00041     0.029   13.0   0.1   235   266    30    61    21    74 0.79 -
TRINITY_DN15522_c0_g1_i5:2047-2505  -            153 46948at7898          -            454   2.4e-08   33.0   1.8   2   2   3.9e-06   0.00027   19.6   0.3    92   163    77   148    65   152 0.84 -
TRINITY_DN14377_c0_g1_i1:212-700    -            163 46948at7898          -            454   2.5e-08   32.9   0.2   1   1   6.5e-10   4.5e-08   32.1   0.2    78   163    43   128     7   160 0.83 -
TRINITY_DN38333_c0_g2_i2:266-598    -            111 46948at7898          -            454   3.7e-08   32.4   0.2   1   1   8.3e-10   5.7e-08   31.7   0.2    59   149     6    93     1   107 0.65 -
TRINITY_DN38333_c0_g2_i1:188-520    -            111 46948at7898          -            454   4.8e-08   32.0   0.3   1   1   1.1e-09   7.6e-08   31.3   0.3    59   151     6    95     1   107 0.71 -
TRINITY_DN64338_c0_g1_i1:38-946     -            303 46948at7898          -            454   5.8e-08   31.7   0.1   1   3   6.8e-06   0.00047   18.8   0.0   195   274    14    98     3   105 0.71 -
TRINITY_DN64338_c0_g1_i1:38-946     -            303 46948at7898          -            454   5.8e-08   31.7   0.1   2   3     0.011      0.76    8.3   0.0    86   139    99   152    95   157 0.88 -
TRINITY_DN64338_c0_g1_i1:38-946     -            303 46948at7898          -            454   5.8e-08   31.7   0.1   3   3       2.6   1.8e+02    0.4   0.0   127   182   225   274   182   291 0.72 -
TRINITY_DN3721_c0_g1_i14:0-851      -            284 46948at7898          -            454   8.3e-08   31.2   0.6   1   2   0.00012    0.0086   14.7   0.0    74   126   131   183   119   193 0.88 -
TRINITY_DN3721_c0_g1_i14:0-851      -            284 46948at7898          -            454   8.3e-08   31.2   0.6   2   2   0.00019     0.013   14.1   0.1    77   139   206   269   186   284 0.64 -
TRINITY_DN15522_c0_g1_i10:2070-2495 -            142 46948at7898          -            454   9.3e-08   31.0   2.4   1   2   0.00037     0.025   13.1   0.1   235   266    30    61    21    74 0.79 -
TRINITY_DN15522_c0_g1_i10:2070-2495 -            142 46948at7898          -            454   9.3e-08   31.0   2.4   2   2   1.1e-05   0.00079   18.1   0.4    92   153    77   138    65   142 0.85 -
TRINITY_DN6859_c2_g1_i1:1565-1942   -            126 46948at7898          -            454   1.1e-07   30.8   0.0   1   1   4.9e-09   3.4e-07   29.2   0.0   233   276     1    44     1    62 0.82 -
TRINITY_DN6859_c2_g1_i4:2494-2871   -            126 46948at7898          -            454   1.1e-07   30.8   0.0   1   1   4.9e-09   3.4e-07   29.2   0.0   233   276     1    44     1    62 0.82 -
TRINITY_DN6859_c2_g1_i6:2308-2685   -            126 46948at7898          -            454   1.1e-07   30.8   0.0   1   1   4.9e-09   3.4e-07   29.2   0.0   233   276     1    44     1    62 0.82 -
TRINITY_DN10947_c0_g1_i1:2534-2974  -            147 46948at7898          -            454   1.7e-07   30.2   0.0   1   2   3.8e-06   0.00026   19.7   0.0    80   138     7    66     3    70 0.92 -
TRINITY_DN10947_c0_g1_i1:2534-2974  -            147 46948at7898          -            454   1.7e-07   30.2   0.0   2   2   0.00011    0.0076   14.9   0.0    63   142    57   137    56   145 0.84 -
TRINITY_DN21472_c0_g1_i1:302-961    -            220 46948at7898          -            454     2e-07   30.0   0.2   1   2   0.00047     0.033   12.8   0.0   218   265    72   122    31   135 0.69 -
TRINITY_DN21472_c0_g1_i1:302-961    -            220 46948at7898          -            454     2e-07   30.0   0.2   2   2   5.3e-05    0.0037   15.9   0.0    63   127   142   206   125   219 0.56 -
TRINITY_DN17927_c0_g1_i2:5-394      -            130 46948at7898          -            454   2.4e-07   29.7   0.4   1   2      0.36        25    3.3   0.0   233   258    17    42     5    48 0.65 -
TRINITY_DN17927_c0_g1_i2:5-394      -            130 46948at7898          -            454   2.4e-07   29.7   0.4   2   2   1.3e-07   8.8e-06   24.5   0.0   207   277    53   128    45   130 0.83 -
TRINITY_DN56728_c0_g1_i1:15-290     -             92 46948at7898          -            454   2.4e-07   29.7   1.8   1   2   9.4e-08   6.5e-06   25.0   0.4    82   144     1    63     1    74 0.86 -
TRINITY_DN56728_c0_g1_i1:15-290     -             92 46948at7898          -            454   2.4e-07   29.7   1.8   2   2     0.087         6    5.3   0.1   243   261    73    91    59    92 0.59 -
TRINITY_DN25134_c0_g2_i1:74-364     -             97 46948at7898          -            454   2.9e-07   29.4   0.0   1   2   8.9e-05    0.0061   15.2   0.0    99   139     5    45     1    47 0.64 -
TRINITY_DN25134_c0_g2_i1:74-364     -             97 46948at7898          -            454   2.9e-07   29.4   0.0   2   2   0.00042     0.029   12.9   0.0   230   277    46    93    44    97 0.86 -
TRINITY_DN49372_c0_g1_i1:293-628    -            112 46948at7898          -            454   3.2e-07   29.3   0.1   1   1   5.2e-09   3.6e-07   29.1   0.1    51   106    33    89    20   104 0.89 -
TRINITY_DN712_c0_g1_i1:147-815      -            223 46948at7898          -            454   3.3e-07   29.2   2.1   1   2   3.2e-07   2.2e-05   23.2   0.4    76   172    79   178    73   184 0.90 -
TRINITY_DN712_c0_g1_i1:147-815      -            223 46948at7898          -            454   3.3e-07   29.2   2.1   2   2      0.07       4.9    5.6   0.1    79   108   191   220   182   222 0.67 -
TRINITY_DN5746_c0_g1_i5:1182-1586   -            135 46948at7898          -            454   3.9e-07   29.0   0.5   1   1     7e-09   4.9e-07   28.7   0.5    52   156    22   127    14   134 0.87 -
TRINITY_DN7158_c1_g1_i1:0-1013      -            338 46948at7898          -            454   4.1e-07   28.9   0.1   1   1   8.4e-09   5.8e-07   28.4   0.1    93   158   230   295   201   311 0.85 -
TRINITY_DN8683_c1_g2_i1:1075-1686   -            204 46948at7898          -            454   4.1e-07   28.9   0.0   1   1   8.1e-09   5.6e-07   28.5   0.0    62   134   103   177    91   193 0.82 -
TRINITY_DN5746_c0_g1_i1:1182-1673   -            164 46948at7898          -            454   6.8e-07   28.2   0.4   1   1   1.2e-08   8.5e-07   27.9   0.4    52   156    51   156    41   163 0.87 -
TRINITY_DN5746_c0_g1_i3:1182-1673   -            164 46948at7898          -            454   6.8e-07   28.2   0.4   1   1   1.2e-08   8.5e-07   27.9   0.4    52   156    51   156    41   163 0.87 -
TRINITY_DN5746_c0_g1_i4:1065-1556   -            164 46948at7898          -            454   6.8e-07   28.2   0.4   1   1   1.2e-08   8.5e-07   27.9   0.4    52   156    51   156    41   163 0.87 -
TRINITY_DN6836_c0_g1_i1:1988-2299   -            104 46948at7898          -            454   7.1e-07   28.1   0.0   1   1   2.3e-08   1.6e-06   27.0   0.0   203   276     5    79     2    93 0.89 -
TRINITY_DN6836_c0_g1_i3:1988-2299   -            104 46948at7898          -            454   7.1e-07   28.1   0.0   1   1   2.3e-08   1.6e-06   27.0   0.0   203   276     5    79     2    93 0.89 -
TRINITY_DN6504_c0_g2_i1:24-2261     -            746 46948at7898          -            454   7.2e-07   28.1   2.4   1   2       1.1        73    1.7   0.1    75   105   609   639   593   659 0.62 -
TRINITY_DN6504_c0_g2_i1:24-2261     -            746 46948at7898          -            454   7.2e-07   28.1   2.4   2   2   6.4e-08   4.4e-06   25.5   1.1    56   135   662   741   639   746 0.88 -
TRINITY_DN8107_c0_g1_i1:1647-1997   -            117 46948at7898          -            454   1.5e-06   27.1   0.4   1   1   2.7e-08   1.9e-06   26.7   0.4    56   148    17   111     6   116 0.87 -
TRINITY_DN8107_c0_g1_i2:1603-1953   -            117 46948at7898          -            454   1.5e-06   27.1   0.4   1   1   2.7e-08   1.9e-06   26.7   0.4    56   148    17   111     6   116 0.87 -
TRINITY_DN8659_c0_g1_i1:1632-1967   -            112 46948at7898          -            454   1.6e-06   27.0   0.0   1   1   2.6e-08   1.8e-06   26.8   0.0    46   132    22   109    14   112 0.92 -
TRINITY_DN837_c0_g1_i1:2-577        -            192 46948at7898          -            454   1.7e-06   26.9   0.5   1   2    0.0017      0.12   10.9   0.0    92   134    22    64    15    85 0.79 -
TRINITY_DN837_c0_g1_i1:2-577        -            192 46948at7898          -            454   1.7e-06   26.9   0.5   2   2   0.00015      0.01   14.5   0.2    63   136   118   192    96   192 0.79 -
TRINITY_DN4877_c0_g1_i12:122-3232   -           1037 46948at7898          -            454   5.8e-06   25.1   0.1   1   1   1.5e-07     1e-05   24.3   0.1    57   171   597   710   586   722 0.83 -
TRINITY_DN4877_c0_g1_i14:93-3089    -            999 46948at7898          -            454   5.9e-06   25.1   0.1   1   1   1.4e-07   9.8e-06   24.4   0.1    57   171   559   672   548   684 0.83 -
TRINITY_DN11578_c0_g2_i1:538-918    -            127 46948at7898          -            454     7e-06   24.9   1.8   1   2    0.0014       0.1   11.2   0.1   114   162     6    55     1    61 0.71 -
TRINITY_DN11578_c0_g2_i1:538-918    -            127 46948at7898          -            454     7e-06   24.9   1.8   2   2   3.8e-05    0.0026   16.4   0.6    50   131    41   123    34   127 0.50 -
TRINITY_DN8659_c0_g1_i2:1608-1967   -            120 46948at7898          -            454     7e-06   24.9   0.0   1   1   1.1e-07   7.4e-06   24.8   0.0    46   132    30   117    12   120 0.93 -
TRINITY_DN3435_c0_g1_i1:1186-2433   -            416 46948at7898          -            454   8.5e-06   24.6   0.0   1   1     2e-07   1.4e-05   23.9   0.0   191   261    15    89     3   108 0.83 -
TRINITY_DN3435_c0_g1_i12:1497-2774  -            426 46948at7898          -            454   8.5e-06   24.6   0.0   1   1   2.1e-07   1.4e-05   23.8   0.0   191   261    18    92     6   111 0.83 -
TRINITY_DN3435_c0_g1_i13:1497-2774  -            426 46948at7898          -            454   8.7e-06   24.6   0.0   1   1   2.1e-07   1.4e-05   23.8   0.0   191   261    18    92     6   111 0.83 -
TRINITY_DN712_c0_g1_i2:207-782      -            192 46948at7898          -            454     9e-06   24.5   0.2   1   1     2e-07   1.4e-05   23.9   0.2    76   171    79   177    73   182 0.90 -
TRINITY_DN9165_c1_g1_i6:1927-2202   -             92 46948at7898          -            454   1.2e-05   24.1   2.2   1   1   1.9e-07   1.3e-05   23.9   2.2    79   151     5    78     2    90 0.87 -
TRINITY_DN3688_c0_g2_i1:225-1943    -            573 46948at7898          -            454   1.4e-05   23.9   0.0   1   2   6.1e-06   0.00042   19.0   0.0    64   149    24   111    18   119 0.83 -
TRINITY_DN3688_c0_g2_i1:225-1943    -            573 46948at7898          -            454   1.4e-05   23.9   0.0   2   2      0.74        51    2.2   0.1   146   185   173   212   163   225 0.87 -
TRINITY_DN5746_c0_g1_i8:1065-1358   -             98 46948at7898          -            454   2.9e-05   22.9   0.2   1   1   4.8e-07   3.3e-05   22.6   0.2    77   155    10    89     2    97 0.71 -
TRINITY_DN4877_c0_g1_i5:93-3092     -           1000 46948at7898          -            454   2.9e-05   22.8   0.1   1   1   7.4e-07   5.1e-05   22.0   0.1    57   180   559   682   548   686 0.90 -
TRINITY_DN4877_c0_g1_i8:122-3121    -           1000 46948at7898          -            454   2.9e-05   22.8   0.1   1   1   7.4e-07   5.1e-05   22.0   0.1    57   180   559   682   548   686 0.90 -
TRINITY_DN5746_c0_g1_i10:1173-1463  -             97 46948at7898          -            454     3e-05   22.8   0.2   1   1   5.1e-07   3.5e-05   22.6   0.2    77   155     9    88     2    96 0.72 -
TRINITY_DN5746_c0_g1_i6:1055-1345   -             97 46948at7898          -            454     3e-05   22.8   0.2   1   1   5.1e-07   3.5e-05   22.6   0.2    77   155     9    88     2    96 0.72 -
TRINITY_DN3721_c0_g1_i1:213-752     -            180 46948at7898          -            454   3.1e-05   22.7   7.6   1   2      0.57        39    2.6   0.0   231   251     2    22     1    41 0.81 -
TRINITY_DN3721_c0_g1_i1:213-752     -            180 46948at7898          -            454   3.1e-05   22.7   7.6   2   2   2.8e-05    0.0019   16.8   2.1    79   154    79   154    74   165 0.85 -
TRINITY_DN3688_c0_g2_i3:233-1951    -            573 46948at7898          -            454   0.00013   20.7   0.0   1   1   6.1e-06   0.00042   19.0   0.0    64   149    24   111    16   119 0.84 -
TRINITY_DN16083_c0_g2_i1:3-1538     -            512 46948at7898          -            454   0.00013   20.7   0.4   1   2        10   6.9e+02   -1.5   0.2   371   402   104   135    79   177 0.58 -
TRINITY_DN16083_c0_g2_i1:3-1538     -            512 46948at7898          -            454   0.00013   20.7   0.4   2   2   1.9e-06   0.00013   20.7   0.4    57   132   427   502   415   509 0.89 -
TRINITY_DN28338_c0_g1_i2:65-1426    -            454 46948at7898          -            454   0.00015   20.5   0.0   1   1   3.2e-06   0.00022   19.9   0.0   101   153    34    86    16   113 0.88 -
TRINITY_DN39835_c0_g1_i15:2036-2386 -            117 46948at7898          -            454   0.00085   18.0   0.0   1   1   1.3e-05   0.00087   18.0   0.0    46   130    28   114     4   117 0.66 -
TRINITY_DN39835_c0_g1_i16:2244-2594 -            117 46948at7898          -            454   0.00085   18.0   0.0   1   1   1.3e-05   0.00087   18.0   0.0    46   130    28   114     4   117 0.66 -
TRINITY_DN39835_c0_g1_i17:2245-2595 -            117 46948at7898          -            454   0.00085   18.0   0.0   1   1   1.3e-05   0.00087   18.0   0.0    46   130    28   114     4   117 0.66 -
TRINITY_DN39835_c0_g1_i19:2259-2609 -            117 46948at7898          -            454   0.00085   18.0   0.0   1   1   1.3e-05   0.00087   18.0   0.0    46   130    28   114     4   117 0.66 -
TRINITY_DN15232_c0_g1_i1:152-1579   -            476 46948at7898          -            454     0.001   17.7   0.0   1   1   2.5e-05    0.0017   17.0   0.0   104   202    27   128     5   135 0.74 -
TRINITY_DN4066_c0_g2_i5:1236-2921   -            562 46948at7898          -            454    0.0038   15.9   0.3   1   2    0.0016      0.11   11.0   0.0    80   140     1    66     1    73 0.70 -
TRINITY_DN4066_c0_g2_i5:1236-2921   -            562 46948at7898          -            454    0.0038   15.9   0.3   2   2      0.43        29    3.0   0.1    93   118    99   124    85   182 0.69 -
TRINITY_DN7205_c0_g4_i1:2-883       -            294 46948at7898          -            454    0.0042   15.7   0.1   1   1   0.00024     0.017   13.7   0.1    93   156   179   250   165   282 0.65 -
TRINITY_DN13797_c0_g2_i1:473-856    -            128 46948at7898          -            454    0.0051   15.4   0.0   1   2     0.081       5.6    5.4   0.0   231   256    29    55     4    67 0.57 -
TRINITY_DN13797_c0_g2_i1:473-856    -            128 46948at7898          -            454    0.0051   15.4   0.0   2   2   0.00088     0.061   11.9   0.0    80   152    35   114    33   127 0.69 -
TRINITY_DN16083_c0_g2_i3:0-1592     -            531 46948at7898          -            454      0.01   14.4   1.3   1   1   0.00021     0.015   13.9   0.1    82   177   414   515   380   527 0.81 -
TRINITY_DN11163_c0_g1_i1:94-477     -            128 46948at7898          -            454     0.032   12.8   0.0   1   1   0.00058      0.04   12.5   0.0    46   137    35   128    27   128 0.69 -
#
# Program:         hmmsearch
# Version:         3.1b2 (February 2015)
# Pipeline mode:   SEARCH
# Query file:      /home/ericjuo/Projects/salmo_trutta_rna_seq/busco_downloads/lineages/actinopterygii_odb10/hmms/46948at7898.hmm
# Target file:     /home/ericjuo/Projects/salmo_trutta_rna_seq/data/02_intermediate/busco/run_actinopterygii_odb10/metaeuk_output/initial_results/trinity.Trinity.fasta.modified.fas
# Option settings: hmmsearch --domtblout /home/ericjuo/Projects/salmo_trutta_rna_seq/data/02_intermediate/busco/run_actinopterygii_odb10/hmmer_output/initial_run_results/46948at7898.out --cpu 1 /home/ericjuo/Projects/salmo_trutta_rna_seq/busco_downloads/lineages/actinopterygii_odb10/hmms/46948at7898.hmm /home/ericjuo/Projects/salmo_trutta_rna_seq/data/02_intermediate/busco/run_actinopterygii_odb10/metaeuk_output/initial_results/trinity.Trinity.fasta.modified.fas 
# Current dir:     /home/ericjuo/Projects/salmo_trutta_rna_seq
# Date:            Fri Apr 29 12:53:59 2022
# [ok]
