#                                                                                          --- full sequence --- -------------- this domain -------------   hmm coord   ali coord   env coord
# target name                      accession   tlen query name           accession   qlen   E-value  score  bias   #  of  c-Evalue  i-Evalue  score  bias  from    to  from    to  from    to  acc description of target
#              ------------------- ---------- ----- -------------------- ---------- ----- --------- ------ ----- --- --- --------- --------- ------ ----- ----- ----- ----- ----- ----- ----- ---- ---------------------
TRINITY_DN3550_c0_g1_i3:440-2170   -            577 49930at7898          -            520  5.1e-285  945.3  28.1   1   1    1e-286  6.6e-285  944.9  28.1     1   520     8   575     8   575 0.94 -
TRINITY_DN3550_c0_g1_i4:1163-2893  -            577 49930at7898          -            520  5.1e-285  945.3  28.1   1   1    1e-286  6.6e-285  944.9  28.1     1   520     8   575     8   575 0.94 -
TRINITY_DN3550_c0_g1_i5:830-2560   -            577 49930at7898          -            520  5.1e-285  945.3  28.1   1   1    1e-286  6.6e-285  944.9  28.1     1   520     8   575     8   575 0.94 -
TRINITY_DN48_c0_g1_i4:75-2489      -            805 49930at7898          -            520   1.7e-99  333.2  45.0   1   4   1.1e-26   7.2e-25   87.0  13.8   108   271    97   259    89   265 0.86 -
TRINITY_DN48_c0_g1_i4:75-2489      -            805 49930at7898          -            520   1.7e-99  333.2  45.0   2   4   7.1e-16   4.6e-14   51.3   1.5   108   192   269   349   262   357 0.85 -
TRINITY_DN48_c0_g1_i4:75-2489      -            805 49930at7898          -            520   1.7e-99  333.2  45.0   3   4   1.8e-14   1.2e-12   46.6   0.4   106   192   362   444   360   455 0.77 -
TRINITY_DN48_c0_g1_i4:75-2489      -            805 49930at7898          -            520   1.7e-99  333.2  45.0   4   4   7.8e-48   5.1e-46  156.7   7.9   189   520   480   800   479   800 0.77 -
TRINITY_DN48_c0_g1_i12:231-2579    -            783 49930at7898          -            520   9.9e-98  327.4  46.5   1   5   6.3e-27   4.1e-25   87.7  14.1   108   271    81   243    73   249 0.85 -
TRINITY_DN48_c0_g1_i12:231-2579    -            783 49930at7898          -            520   9.9e-98  327.4  46.5   2   5   7.4e-16   4.8e-14   51.2   1.6   108   191   253   332   246   340 0.85 -
TRINITY_DN48_c0_g1_i12:231-2579    -            783 49930at7898          -            520   9.9e-98  327.4  46.5   3   5   1.2e-14   7.9e-13   47.2   0.5   106   192   346   428   344   432 0.84 -
TRINITY_DN48_c0_g1_i12:231-2579    -            783 49930at7898          -            520   9.9e-98  327.4  46.5   4   5   1.4e-13   8.9e-12   43.7   2.2   106   191   454   537   445   540 0.79 -
TRINITY_DN48_c0_g1_i12:231-2579    -            783 49930at7898          -            520   9.9e-98  327.4  46.5   5   5     8e-36   5.2e-34  117.1   0.5   289   520   540   778   537   778 0.82 -
TRINITY_DN48_c0_g1_i5:75-2471      -            799 49930at7898          -            520   1.5e-97  326.8  46.1   1   5   1.1e-15   6.9e-14   50.7   3.9   105   192   176   259   174   264 0.89 -
TRINITY_DN48_c0_g1_i5:75-2471      -            799 49930at7898          -            520   1.5e-97  326.8  46.1   2   5   7.7e-16     5e-14   51.2   1.6   108   191   269   348   262   356 0.85 -
TRINITY_DN48_c0_g1_i5:75-2471      -            799 49930at7898          -            520   1.5e-97  326.8  46.1   3   5   1.2e-14   8.1e-13   47.2   0.5   106   192   362   444   360   448 0.84 -
TRINITY_DN48_c0_g1_i5:75-2471      -            799 49930at7898          -            520   1.5e-97  326.8  46.1   4   5   1.4e-13   9.2e-12   43.7   2.2   106   191   470   553   461   556 0.79 -
TRINITY_DN48_c0_g1_i5:75-2471      -            799 49930at7898          -            520   1.5e-97  326.8  46.1   5   5   8.2e-36   5.4e-34  117.1   0.5   289   520   556   794   553   794 0.82 -
TRINITY_DN48_c0_g1_i11:839-2707    -            623 49930at7898          -            520   9.9e-87  291.1  35.2   1   5   8.5e-16   5.5e-14   51.0   2.5   107   192     2    83     1    86 0.89 -
TRINITY_DN48_c0_g1_i11:839-2707    -            623 49930at7898          -            520   9.9e-87  291.1  35.2   2   5   5.8e-16   3.8e-14   51.6   1.7   108   191    93   172    87   180 0.85 -
TRINITY_DN48_c0_g1_i11:839-2707    -            623 49930at7898          -            520   9.9e-87  291.1  35.2   3   5   8.8e-15   5.8e-13   47.7   0.5   106   192   186   268   184   272 0.84 -
TRINITY_DN48_c0_g1_i11:839-2707    -            623 49930at7898          -            520   9.9e-87  291.1  35.2   4   5     1e-13   6.5e-12   44.2   2.2   106   191   294   377   285   380 0.79 -
TRINITY_DN48_c0_g1_i11:839-2707    -            623 49930at7898          -            520   9.9e-87  291.1  35.2   5   5     6e-36   3.9e-34  117.5   0.8   289   520   380   618   377   618 0.82 -
TRINITY_DN60265_c0_g1_i1:281-1465  -            395 49930at7898          -            520   2.5e-86  289.8  14.4   1   2   2.4e-24   1.5e-22   79.3   6.3    73   192     1   113     1   119 0.92 -
TRINITY_DN60265_c0_g1_i1:281-1465  -            395 49930at7898          -            520   2.5e-86  289.8  14.4   2   2   9.9e-66   6.4e-64  215.8   1.1   284   519   135   395   121   395 0.90 -
TRINITY_DN19517_c0_g2_i1:336-1934  -            533 49930at7898          -            520   1.8e-80  270.4  26.4   1   3     0.084       5.5    4.8   4.3    70   112     3    43     1    55 0.75 -
TRINITY_DN19517_c0_g2_i1:336-1934  -            533 49930at7898          -            520   1.8e-80  270.4  26.4   2   3   6.9e-29   4.5e-27   94.2   5.9    60   199    72   208    56   232 0.86 -
TRINITY_DN19517_c0_g2_i1:336-1934  -            533 49930at7898          -            520   1.8e-80  270.4  26.4   3   3   9.1e-56   5.9e-54  182.9   1.2   278   519   273   533   264   533 0.89 -
TRINITY_DN48_c0_g1_i14:75-2312     -            746 49930at7898          -            520   5.2e-80  268.9  39.5   1   5     7e-27   4.5e-25   87.6  14.2   108   271    97   259    89   263 0.85 -
TRINITY_DN48_c0_g1_i14:75-2312     -            746 49930at7898          -            520   5.2e-80  268.9  39.5   2   5     7e-16   4.5e-14   51.3   1.6   108   191   269   348   262   356 0.85 -
TRINITY_DN48_c0_g1_i14:75-2312     -            746 49930at7898          -            520   5.2e-80  268.9  39.5   3   5   1.1e-14   7.4e-13   47.3   0.5   106   192   362   444   360   448 0.84 -
TRINITY_DN48_c0_g1_i14:75-2312     -            746 49930at7898          -            520   5.2e-80  268.9  39.5   4   5   1.3e-13   8.6e-12   43.8   2.2   106   191   470   553   461   556 0.79 -
TRINITY_DN48_c0_g1_i14:75-2312     -            746 49930at7898          -            520   5.2e-80  268.9  39.5   5   5   4.3e-16   2.8e-14   52.0   0.0   289   476   556   746   553   746 0.79 -
TRINITY_DN48_c0_g1_i3:231-2345     -            705 49930at7898          -            520   1.2e-79  267.7  38.5   1   5   4.3e-27   2.8e-25   88.3  13.7   108   271    81   243    73   248 0.85 -
TRINITY_DN48_c0_g1_i3:231-2345     -            705 49930at7898          -            520   1.2e-79  267.7  38.5   2   5   6.5e-16   4.2e-14   51.4   1.6   108   191   253   332   246   340 0.85 -
TRINITY_DN48_c0_g1_i3:231-2345     -            705 49930at7898          -            520   1.2e-79  267.7  38.5   3   5     1e-14   6.8e-13   47.4   0.5   106   192   346   428   344   432 0.84 -
TRINITY_DN48_c0_g1_i3:231-2345     -            705 49930at7898          -            520   1.2e-79  267.7  38.5   4   5   1.1e-13   7.5e-12   44.0   2.1   106   191   454   537   445   540 0.79 -
TRINITY_DN48_c0_g1_i3:231-2345     -            705 49930at7898          -            520   1.2e-79  267.7  38.5   5   5   3.3e-15   2.1e-13   49.1   0.0   289   425   540   681   537   685 0.82 -
TRINITY_DN2604_c0_g1_i3:320-2452   -            711 49930at7898          -            520   1.9e-63  214.2  38.2   1   3   6.6e-25   4.3e-23   81.1  14.2   107   273   109   273    95   284 0.85 -
TRINITY_DN2604_c0_g1_i3:320-2452   -            711 49930at7898          -            520   1.9e-63  214.2  38.2   2   3   1.7e-29   1.1e-27   96.2  10.2   106   341   282   524   275   530 0.77 -
TRINITY_DN2604_c0_g1_i3:320-2452   -            711 49930at7898          -            520   1.9e-63  214.2  38.2   3   3   1.3e-14   8.4e-13   47.1   0.4   396   520   580   705   564   705 0.88 -
TRINITY_DN2604_c0_g1_i1:320-2452   -            711 49930at7898          -            520   1.9e-63  214.2  38.2   1   3   6.6e-25   4.3e-23   81.1  14.2   107   273   109   273    95   284 0.85 -
TRINITY_DN2604_c0_g1_i1:320-2452   -            711 49930at7898          -            520   1.9e-63  214.2  38.2   2   3   1.7e-29   1.1e-27   96.2  10.2   106   341   282   524   275   530 0.77 -
TRINITY_DN2604_c0_g1_i1:320-2452   -            711 49930at7898          -            520   1.9e-63  214.2  38.2   3   3   1.3e-14   8.4e-13   47.1   0.4   396   520   580   705   564   705 0.88 -
TRINITY_DN2604_c0_g1_i2:320-2428   -            703 49930at7898          -            520   2.6e-63  213.8  38.3   1   3   6.5e-25   4.2e-23   81.1  14.2   107   273   100   264    85   275 0.85 -
TRINITY_DN2604_c0_g1_i2:320-2428   -            703 49930at7898          -            520   2.6e-63  213.8  38.3   2   3   3.6e-30   2.3e-28   98.5   9.3   107   341   274   516   268   522 0.76 -
TRINITY_DN2604_c0_g1_i2:320-2428   -            703 49930at7898          -            520   2.6e-63  213.8  38.3   3   3   5.8e-14   3.8e-12   45.0   0.7   396   520   572   697   556   697 0.87 -
TRINITY_DN16270_c0_g2_i1:4-846     -            281 49930at7898          -            520   3.1e-54  183.8   3.3   1   1   1.6e-55   1.1e-53  182.1   3.3   233   473     5   279     1   281 0.80 -
TRINITY_DN19517_c0_g2_i1:1188-1940 -            251 49930at7898          -            520   1.2e-52  178.7   1.9   1   1     2e-54   1.3e-52  178.5   1.9   290   520     1   250     1   250 0.88 -
TRINITY_DN48_c0_g1_i8:4-1287       -            428 49930at7898          -            520   5.2e-50  169.9  17.9   1   3   3.7e-09   2.4e-07   29.1   1.5   158   191    23    55     6    59 0.85 -
TRINITY_DN48_c0_g1_i8:4-1287       -            428 49930at7898          -            520   5.2e-50  169.9  17.9   2   3   8.6e-16   5.6e-14   51.0   0.5   106   192    69   151    63   158 0.83 -
TRINITY_DN48_c0_g1_i8:4-1287       -            428 49930at7898          -            520   5.2e-50  169.9  17.9   3   3   2.2e-28   1.4e-26   92.5   2.6   189   425   181   404   178   409 0.73 -
TRINITY_DN48_c0_g1_i6:4-1305       -            434 49930at7898          -            520   5.6e-50  169.8  17.9   1   3   3.8e-09   2.5e-07   29.1   1.5   158   191    23    55     6    59 0.85 -
TRINITY_DN48_c0_g1_i6:4-1305       -            434 49930at7898          -            520   5.6e-50  169.8  17.9   2   3   8.8e-16   5.8e-14   51.0   0.5   106   192    69   151    63   158 0.83 -
TRINITY_DN48_c0_g1_i6:4-1305       -            434 49930at7898          -            520   5.6e-50  169.8  17.9   3   3   2.3e-28   1.5e-26   92.5   2.6   189   425   187   410   184   415 0.73 -
TRINITY_DN1212_c0_g1_i7:108-1880   -            591 49930at7898          -            520   1.3e-47  162.0   9.2   1   3     1e-10   6.6e-09   34.3   1.7   100   192    81   169    69   185 0.81 -
TRINITY_DN1212_c0_g1_i7:108-1880   -            591 49930at7898          -            520   1.3e-47  162.0   9.2   2   3   1.6e-13     1e-11   43.6   0.2   191   295   194   295   184   320 0.73 -
TRINITY_DN1212_c0_g1_i7:108-1880   -            591 49930at7898          -            520   1.3e-47  162.0   9.2   3   3   6.2e-27     4e-25   87.8   0.0   302   519   336   585   310   586 0.74 -
TRINITY_DN12090_c0_g2_i1:558-1613  -            352 49930at7898          -            520   3.8e-47  160.4   1.0   1   1   7.8e-49   5.1e-47  160.0   1.0   278   519    95   347    74   348 0.84 -
TRINITY_DN12090_c0_g2_i4:558-1613  -            352 49930at7898          -            520   3.8e-47  160.4   1.0   1   1   7.8e-49   5.1e-47  160.0   1.0   278   519    95   347    74   348 0.84 -
TRINITY_DN12090_c0_g2_i8:558-1613  -            352 49930at7898          -            520   6.6e-47  159.7   1.5   1   1   1.4e-48   8.9e-47  159.2   1.5   288   519   105   347    84   348 0.83 -
TRINITY_DN11030_c0_g1_i2:96-1322   -            409 49930at7898          -            520   1.2e-46  158.8  10.1   1   2   0.00017     0.011   13.8   3.8    67   106    68   106    53   121 0.85 -
TRINITY_DN11030_c0_g1_i2:96-1322   -            409 49930at7898          -            520   1.2e-46  158.8  10.1   2   2   1.8e-45   1.1e-43  149.0   0.4   296   520   172   408   140   408 0.82 -
TRINITY_DN11030_c0_g1_i1:122-1348  -            409 49930at7898          -            520   1.2e-46  158.8  10.1   1   2   0.00017     0.011   13.8   3.8    67   106    68   106    53   121 0.85 -
TRINITY_DN11030_c0_g1_i1:122-1348  -            409 49930at7898          -            520   1.2e-46  158.8  10.1   2   2   1.8e-45   1.1e-43  149.0   0.4   296   520   172   408   140   408 0.82 -
TRINITY_DN12090_c0_g2_i7:558-1613  -            352 49930at7898          -            520   1.9e-46  158.1   1.2   1   1   3.9e-48   2.6e-46  157.7   1.2   278   519    95   347    74   348 0.84 -
TRINITY_DN1212_c0_g1_i1:24-1796    -            591 49930at7898          -            520   2.3e-46  157.9  10.9   1   3   4.3e-10   2.8e-08   32.2   1.8   103   192    84   169    61   173 0.79 -
TRINITY_DN1212_c0_g1_i1:24-1796    -            591 49930at7898          -            520   2.3e-46  157.9  10.9   2   3   3.1e-13     2e-11   42.6   0.4   108   276   190   277   184   305 0.49 -
TRINITY_DN1212_c0_g1_i1:24-1796    -            591 49930at7898          -            520   2.3e-46  157.9  10.9   3   3   6.4e-27   4.2e-25   87.7   0.0   302   519   336   585   312   586 0.74 -
TRINITY_DN12090_c0_g2_i2:558-1613  -            352 49930at7898          -            520   3.4e-46  157.3   1.7   1   1   7.1e-48   4.6e-46  156.9   1.7   288   519   105   347    84   348 0.83 -
TRINITY_DN7445_c0_g1_i3:468-1529   -            354 49930at7898          -            520   4.4e-46  156.9   3.2   1   1   1.1e-47   6.9e-46  156.3   3.2   283   520   104   349    56   349 0.87 -
TRINITY_DN7445_c0_g1_i7:468-1532   -            355 49930at7898          -            520   4.7e-46  156.8   3.3   1   1   1.1e-47   7.2e-46  156.2   3.3   283   520   105   350    58   350 0.87 -
TRINITY_DN4807_c0_g1_i1:247-1563   -            439 49930at7898          -            520   4.9e-46  156.8  12.8   1   2    0.0017      0.11   10.4   7.2    65   111   104   151    96   171 0.81 -
TRINITY_DN4807_c0_g1_i1:247-1563   -            439 49930at7898          -            520   4.9e-46  156.8  12.8   2   2   1.1e-45   7.3e-44  149.6   0.2   290   520   193   435   188   435 0.85 -
TRINITY_DN4807_c0_g1_i2:247-1563   -            439 49930at7898          -            520   4.9e-46  156.8  12.8   1   2    0.0017      0.11   10.4   7.2    65   111   104   151    96   171 0.81 -
TRINITY_DN4807_c0_g1_i2:247-1563   -            439 49930at7898          -            520   4.9e-46  156.8  12.8   2   2   1.1e-45   7.3e-44  149.6   0.2   290   520   193   435   188   435 0.85 -
TRINITY_DN4807_c0_g1_i3:248-1564   -            439 49930at7898          -            520   4.9e-46  156.8  12.8   1   2    0.0017      0.11   10.4   7.2    65   111   104   151    96   171 0.81 -
TRINITY_DN4807_c0_g1_i3:248-1564   -            439 49930at7898          -            520   4.9e-46  156.8  12.8   2   2   1.1e-45   7.3e-44  149.6   0.2   290   520   193   435   188   435 0.85 -
TRINITY_DN858_c0_g1_i3:147-1430    -            428 49930at7898          -            520     1e-45  155.8  12.6   1   2     0.024       1.6    6.6   8.1    67   114    88   133    80   152 0.81 -
TRINITY_DN858_c0_g1_i3:147-1430    -            428 49930at7898          -            520     1e-45  155.8  12.6   2   2   3.5e-46   2.3e-44  151.3   0.2   310   519   203   423   150   424 0.86 -
TRINITY_DN7445_c0_g1_i8:465-2915   -            817 49930at7898          -            520   1.4e-45  155.2   1.9   1   1   3.7e-47   2.4e-45  154.5   1.9   283   520   566   811   537   811 0.86 -
TRINITY_DN858_c0_g1_i5:147-1471    -            344 49930at7898          -            520   5.2e-45  153.4  15.1   1   2      0.21        14    3.5  10.6    67   107    11    48     6    73 0.71 -
TRINITY_DN858_c0_g1_i5:147-1471    -            344 49930at7898          -            520   5.2e-45  153.4  15.1   2   2     2e-46   1.3e-44  152.1   0.1   310   519   119   339    84   340 0.86 -
TRINITY_DN858_c0_g1_i2:147-1702    -            421 49930at7898          -            520     1e-44  152.4  15.0   1   2      0.32        21    3.0  11.0    67   107    88   125    81   158 0.72 -
TRINITY_DN858_c0_g1_i2:147-1702    -            421 49930at7898          -            520     1e-44  152.4  15.0   2   2   4.1e-46   2.7e-44  151.0   0.6   310   519   196   416   143   417 0.86 -
TRINITY_DN858_c0_g1_i4:147-1702    -            421 49930at7898          -            520     1e-44  152.4  15.0   1   2      0.32        21    3.0  11.0    67   107    88   125    81   158 0.72 -
TRINITY_DN858_c0_g1_i4:147-1702    -            421 49930at7898          -            520     1e-44  152.4  15.0   2   2   4.1e-46   2.7e-44  151.0   0.6   310   519   196   416   143   417 0.86 -
TRINITY_DN1258_c1_g1_i1:1406-2152  -            249 49930at7898          -            520   6.6e-44  149.8   1.3   1   1   1.2e-45     8e-44  149.5   1.3   302   519    13   242     3   243 0.86 -
TRINITY_DN1258_c1_g1_i2:1412-2158  -            249 49930at7898          -            520   6.6e-44  149.8   1.3   1   1   1.2e-45     8e-44  149.5   1.3   302   519    13   242     3   243 0.86 -
TRINITY_DN1258_c1_g1_i3:1424-2170  -            249 49930at7898          -            520   6.6e-44  149.8   1.3   1   1   1.2e-45     8e-44  149.5   1.3   302   519    13   242     3   243 0.86 -
TRINITY_DN1212_c0_g1_i3:18-1475    -            486 49930at7898          -            520     4e-42  143.9   9.2   1   4   2.5e-05    0.0016   16.5   0.8   158   191    28    61     9    65 0.77 -
TRINITY_DN1212_c0_g1_i3:18-1475    -            486 49930at7898          -            520     4e-42  143.9   9.2   2   4   2.2e-05    0.0015   16.7   0.9   159   192    29    62    23    83 0.67 -
TRINITY_DN1212_c0_g1_i3:18-1475    -            486 49930at7898          -            520     4e-42  143.9   9.2   3   4     3e-13     2e-11   42.6   0.6   109   280    84   174    78   211 0.54 -
TRINITY_DN1212_c0_g1_i3:18-1475    -            486 49930at7898          -            520     4e-42  143.9   9.2   4   4   3.8e-27   2.5e-25   88.5   0.0   302   519   229   478   203   479 0.74 -
TRINITY_DN857_c0_g1_i10:8979-9701  -            241 49930at7898          -            520     9e-42  142.7   2.4   1   1   1.7e-43   1.1e-41  142.5   2.4   302   520    19   238    10   238 0.86 -
TRINITY_DN857_c0_g1_i11:9021-9743  -            241 49930at7898          -            520     9e-42  142.7   2.4   1   1   1.7e-43   1.1e-41  142.5   2.4   302   520    19   238    10   238 0.86 -
TRINITY_DN857_c0_g1_i15:8946-9668  -            241 49930at7898          -            520     9e-42  142.7   2.4   1   1   1.7e-43   1.1e-41  142.5   2.4   302   520    19   238    10   238 0.86 -
TRINITY_DN857_c0_g1_i24:8978-9700  -            241 49930at7898          -            520     9e-42  142.7   2.4   1   1   1.7e-43   1.1e-41  142.5   2.4   302   520    19   238    10   238 0.86 -
TRINITY_DN857_c0_g1_i43:8917-9639  -            241 49930at7898          -            520     9e-42  142.7   2.4   1   1   1.7e-43   1.1e-41  142.5   2.4   302   520    19   238    10   238 0.86 -
TRINITY_DN857_c0_g1_i51:9018-9740  -            241 49930at7898          -            520     9e-42  142.7   2.4   1   1   1.7e-43   1.1e-41  142.5   2.4   302   520    19   238    10   238 0.86 -
TRINITY_DN857_c0_g1_i68:9053-9775  -            241 49930at7898          -            520     9e-42  142.7   2.4   1   1   1.7e-43   1.1e-41  142.5   2.4   302   520    19   238    10   238 0.86 -
TRINITY_DN24195_c1_g1_i3:470-1792  -            441 49930at7898          -            520   1.6e-41  141.9  16.0   1   2   1.3e-08   8.6e-07   27.3  13.2    67   133    69   133    67   148 0.90 -
TRINITY_DN24195_c1_g1_i3:470-1792  -            441 49930at7898          -            520   1.6e-41  141.9  16.0   2   2   2.5e-35   1.6e-33  115.5   0.0   285   519   191   437   162   438 0.78 -
TRINITY_DN463_c0_g2_i5:123-1241    -            373 49930at7898          -            520   4.2e-41  140.5   3.6   1   1   6.4e-43   4.2e-41  140.5   3.6   298   519   136   369   113   370 0.78 -
TRINITY_DN716_c0_g2_i1:98-778      -            227 49930at7898          -            520   4.5e-41  140.4   3.4   1   1   8.3e-43   5.4e-41  140.2   3.4   302   520     5   221     2   221 0.89 -
TRINITY_DN463_c0_g2_i2:322-1560    -            413 49930at7898          -            520   5.6e-41  140.1   3.6   1   1   8.6e-43   5.6e-41  140.1   3.6   298   519   176   409   153   410 0.78 -
TRINITY_DN463_c0_g2_i4:322-1560    -            413 49930at7898          -            520   5.6e-41  140.1   3.6   1   1   8.6e-43   5.6e-41  140.1   3.6   298   519   176   409   153   410 0.78 -
TRINITY_DN4008_c0_g1_i6:4-909      -            302 49930at7898          -            520   5.8e-41  140.1   5.5   1   1   1.3e-42   8.7e-41  139.5   5.5   263   520    23   297     2   297 0.79 -
TRINITY_DN463_c0_g2_i1:322-1683    -            454 49930at7898          -            520   7.2e-41  139.7   3.6   1   1   1.1e-42   7.2e-41  139.7   3.6   298   519   217   450   194   451 0.78 -
TRINITY_DN463_c0_g2_i3:322-1683    -            454 49930at7898          -            520   7.2e-41  139.7   3.6   1   1   1.1e-42   7.2e-41  139.7   3.6   298   519   217   450   194   451 0.78 -
TRINITY_DN1830_c0_g1_i6:197-1886   -            477 49930at7898          -            520   9.1e-41  139.4  15.6   1   2    0.0018      0.12   10.4  10.9    67   116    79   126    72   164 0.87 -
TRINITY_DN1830_c0_g1_i6:197-1886   -            477 49930at7898          -            520   9.1e-41  139.4  15.6   2   2   3.4e-40   2.2e-38  131.5   0.1   301   519   228   457   218   458 0.87 -
TRINITY_DN1830_c0_g1_i4:197-1645   -            483 49930at7898          -            520   9.1e-41  139.4  14.9   1   2    0.0018      0.12   10.3  10.1    68   116    80   126    76   164 0.87 -
TRINITY_DN1830_c0_g1_i4:197-1645   -            483 49930at7898          -            520   9.1e-41  139.4  14.9   2   2   3.3e-40   2.1e-38  131.6   0.1   301   519   234   463   226   464 0.87 -
TRINITY_DN1830_c0_g1_i18:197-1645  -            483 49930at7898          -            520   9.2e-41  139.4  14.7   1   2    0.0018      0.12   10.3  10.1    68   116    80   126    76   164 0.87 -
TRINITY_DN1830_c0_g1_i18:197-1645  -            483 49930at7898          -            520   9.2e-41  139.4  14.7   2   2   3.6e-40   2.3e-38  131.5   0.1   301   519   234   463   225   464 0.87 -
TRINITY_DN1830_c0_g1_i10:566-1759  -            398 49930at7898          -            520   1.1e-40  139.1  14.9   1   2    0.0033      0.21    9.5  10.3    68   116     1    47     1    86 0.86 -
TRINITY_DN1830_c0_g1_i10:566-1759  -            398 49930at7898          -            520   1.1e-40  139.1  14.9   2   2   2.1e-40   1.4e-38  132.2   0.1   301   519   149   378   138   379 0.87 -
TRINITY_DN1830_c0_g1_i11:248-1696  -            483 49930at7898          -            520   1.3e-40  138.8  14.9   1   2    0.0018      0.12   10.3  10.1    68   116    80   126    76   164 0.87 -
TRINITY_DN1830_c0_g1_i11:248-1696  -            483 49930at7898          -            520   1.3e-40  138.8  14.9   2   2   4.5e-40   2.9e-38  131.1   0.2   301   519   234   463   226   464 0.86 -
TRINITY_DN1830_c0_g1_i14:197-1645  -            483 49930at7898          -            520   1.3e-40  138.8  14.9   1   2    0.0018      0.12   10.3  10.1    68   116    80   126    76   164 0.87 -
TRINITY_DN1830_c0_g1_i14:197-1645  -            483 49930at7898          -            520   1.3e-40  138.8  14.9   2   2   4.5e-40   2.9e-38  131.1   0.2   301   519   234   463   226   464 0.86 -
TRINITY_DN1830_c0_g1_i9:248-1696   -            483 49930at7898          -            520   1.3e-40  138.8  14.9   1   2    0.0018      0.12   10.3  10.1    68   116    80   126    76   164 0.87 -
TRINITY_DN1830_c0_g1_i9:248-1696   -            483 49930at7898          -            520   1.3e-40  138.8  14.9   2   2   4.5e-40   2.9e-38  131.1   0.2   301   519   234   463   226   464 0.86 -
TRINITY_DN18563_c1_g1_i1:675-1454  -            260 49930at7898          -            520   2.4e-40  138.0   2.2   1   1   4.4e-42   2.9e-40  137.8   2.2   300   519    25   255    16   256 0.91 -
TRINITY_DN24195_c1_g1_i2:470-1832  -            383 49930at7898          -            520   4.7e-40  137.0  15.9   1   2   5.5e-07   3.6e-05   21.9  13.0    67   133    12    75    10    90 0.88 -
TRINITY_DN24195_c1_g1_i2:470-1832  -            383 49930at7898          -            520   4.7e-40  137.0  15.9   2   2   1.6e-35   1.1e-33  116.1   0.0   285   519   133   379   104   380 0.78 -
TRINITY_DN359_c0_g2_i13:192-1391   -            400 49930at7898          -            520   5.7e-40  136.8   3.3   1   2         2   1.3e+02    0.3   1.8    71   101    28    58    20    70 0.88 -
TRINITY_DN359_c0_g2_i13:192-1391   -            400 49930at7898          -            520   5.7e-40  136.8   3.3   2   2   8.8e-42   5.7e-40  136.8   3.3   290   519   155   393    62   394 0.82 -
TRINITY_DN359_c0_g2_i14:369-1568   -            400 49930at7898          -            520   5.7e-40  136.8   3.3   1   2         2   1.3e+02    0.3   1.8    71   101    28    58    20    70 0.88 -
TRINITY_DN359_c0_g2_i14:369-1568   -            400 49930at7898          -            520   5.7e-40  136.8   3.3   2   2   8.8e-42   5.7e-40  136.8   3.3   290   519   155   393    62   394 0.82 -
TRINITY_DN41681_c1_g1_i1:222-815   -            198 49930at7898          -            520   1.1e-39  135.8   0.5   1   1     2e-41   1.3e-39  135.6   0.5   333   519     2   198     1   198 0.84 -
TRINITY_DN4008_c0_g1_i4:418-2877   -            820 49930at7898          -            520   4.2e-39  133.9   8.4   1   1   1.1e-40     7e-39  133.2   8.4   251   520   527   815   503   815 0.80 -
TRINITY_DN359_c0_g2_i1:192-1505    -            438 49930at7898          -            520   6.1e-39  133.4   4.0   1   1   9.4e-41   6.1e-39  133.4   4.0   226   519   130   431    84   432 0.73 -
TRINITY_DN359_c0_g2_i8:369-1682    -            438 49930at7898          -            520   1.2e-38  132.5   4.8   1   1   1.8e-40   1.2e-38  132.4   4.1   226   519   130   431    84   432 0.73 -
TRINITY_DN359_c0_g2_i10:192-1505   -            438 49930at7898          -            520   1.2e-38  132.4   4.1   1   1   1.8e-40   1.2e-38  132.4   4.1   226   519   130   431    84   432 0.73 -
TRINITY_DN359_c0_g2_i7:192-1505    -            438 49930at7898          -            520   1.2e-38  132.4   4.1   1   1   1.8e-40   1.2e-38  132.4   4.1   226   519   130   431    84   432 0.73 -
TRINITY_DN2388_c0_g1_i7:1107-2477  -            457 49930at7898          -            520   1.2e-38  132.4   3.7   1   1   2.4e-40   1.6e-38  132.0   3.7   287   520   213   450   183   450 0.88 -
TRINITY_DN2388_c0_g1_i9:1125-2501  -            459 49930at7898          -            520   1.2e-38  132.4   3.7   1   1   2.5e-40   1.6e-38  132.0   3.7   287   520   215   452   185   452 0.88 -
TRINITY_DN2388_c0_g1_i11:1125-2507 -            461 49930at7898          -            520   1.2e-38  132.4   3.7   1   1   2.5e-40   1.6e-38  132.0   3.7   287   520   217   454   187   454 0.88 -
TRINITY_DN12668_c0_g1_i1:268-2775  -            836 49930at7898          -            520   1.5e-38  132.1   5.2   1   1   2.2e-40   1.5e-38  132.1   5.2   266   519   562   831   553   832 0.76 -
TRINITY_DN12668_c0_g1_i2:168-2681  -            838 49930at7898          -            520   1.5e-38  132.1   5.2   1   1   2.3e-40   1.5e-38  132.1   5.2   266   519   564   833   555   834 0.76 -
TRINITY_DN359_c0_g2_i18:192-1505   -            438 49930at7898          -            520   2.2e-38  131.5   4.8   1   1   3.4e-40   2.2e-38  131.5   4.2   226   519   130   431    84   432 0.73 -
TRINITY_DN67723_c0_g1_i1:91-801    -            237 49930at7898          -            520   2.7e-38  131.3   0.4   1   1   4.8e-40   3.1e-38  131.0   0.4   321   520    30   232     4   232 0.87 -
TRINITY_DN3975_c0_g1_i6:893-2209   -            439 49930at7898          -            520   3.7e-38  130.8  13.4   1   2    0.0043      0.28    9.1   9.1    67   130    45   106    24   130 0.82 -
TRINITY_DN3975_c0_g1_i6:893-2209   -            439 49930at7898          -            520   3.7e-38  130.8  13.4   2   2   6.1e-38     4e-36  124.1   0.1   299   520   195   426   150   426 0.81 -
TRINITY_DN60175_c0_g1_i1:444-2840  -            799 49930at7898          -            520   3.8e-38  130.8   3.6   1   1   5.8e-40   3.8e-38  130.8   3.6   284   520   544   794   512   794 0.76 -
TRINITY_DN3975_c0_g1_i5:780-2162   -            461 49930at7898          -            520   4.2e-38  130.6  13.4   1   2    0.0046       0.3    9.0   9.1    67   130    68   129    47   153 0.82 -
TRINITY_DN3975_c0_g1_i5:780-2162   -            461 49930at7898          -            520   4.2e-38  130.6  13.4   2   2   6.5e-38   4.3e-36  124.0   0.1   299   520   218   449   174   449 0.81 -
TRINITY_DN4051_c0_g1_i2:156-1637   -            494 49930at7898          -            520   4.4e-38  130.6  12.4   1   2     2e-07   1.3e-05   23.4   8.7    67   115    72   118    62   140 0.84 -
TRINITY_DN4051_c0_g1_i2:156-1637   -            494 49930at7898          -            520   4.4e-38  130.6  12.4   2   2   2.8e-33   1.9e-31  108.7   0.1   298   520   249   487   242   487 0.81 -
TRINITY_DN618_c0_g2_i1:222-1010    -            263 49930at7898          -            520   4.9e-38  130.4   0.6   1   1   9.1e-40     6e-38  130.1   0.6   302   519    33   256    15   257 0.88 -
TRINITY_DN3975_c0_g1_i1:780-2195   -            472 49930at7898          -            520   5.2e-38  130.3  13.7   1   2    0.0034      0.22    9.4   8.5    67   130    81   142    60   160 0.82 -
TRINITY_DN3975_c0_g1_i1:780-2195   -            472 49930at7898          -            520   5.2e-38  130.3  13.7   2   2   6.4e-38   4.2e-36  124.0   0.2   301   520   231   460   202   460 0.82 -
TRINITY_DN3975_c0_g1_i2:896-2311   -            472 49930at7898          -            520   5.2e-38  130.3  13.7   1   2    0.0034      0.22    9.4   8.5    67   130    81   142    60   160 0.82 -
TRINITY_DN3975_c0_g1_i2:896-2311   -            472 49930at7898          -            520   5.2e-38  130.3  13.7   2   2   6.4e-38   4.2e-36  124.0   0.2   301   520   231   460   202   460 0.82 -
TRINITY_DN3975_c0_g1_i8:757-2172   -            472 49930at7898          -            520   5.2e-38  130.3  13.7   1   2    0.0034      0.22    9.4   8.5    67   130    81   142    60   160 0.82 -
TRINITY_DN3975_c0_g1_i8:757-2172   -            472 49930at7898          -            520   5.2e-38  130.3  13.7   2   2   6.4e-38   4.2e-36  124.0   0.2   301   520   231   460   202   460 0.82 -
TRINITY_DN618_c0_g2_i3:222-1010    -            263 49930at7898          -            520   1.1e-37  129.2   0.5   1   1   2.1e-39   1.4e-37  128.9   0.5   302   519    33   256    15   257 0.88 -
TRINITY_DN618_c0_g2_i2:222-1010    -            263 49930at7898          -            520   1.3e-37  129.0   0.5   1   1   2.5e-39   1.6e-37  128.7   0.5   302   519    33   256    15   257 0.88 -
TRINITY_DN1749_c0_g3_i1:157-894    -            246 49930at7898          -            520   1.6e-37  128.7   2.1   1   1   2.7e-39   1.8e-37  128.6   2.1   300   520     7   240     1   240 0.89 -
TRINITY_DN4051_c0_g1_i1:156-1730   -            484 49930at7898          -            520   1.8e-37  128.5  12.5   1   2   1.9e-07   1.3e-05   23.5   8.7    67   115    72   118    62   140 0.84 -
TRINITY_DN4051_c0_g1_i1:156-1730   -            484 49930at7898          -            520   1.8e-37  128.5  12.5   2   2   1.1e-32   7.1e-31  106.8   0.1   298   520   249   477   242   477 0.84 -
TRINITY_DN716_c0_g2_i2:890-1570    -            227 49930at7898          -            520   2.8e-37  127.9   2.3   1   1   5.1e-39   3.3e-37  127.6   2.3   302   519     5   220     2   221 0.89 -
TRINITY_DN3989_c1_g2_i1:71-844     -            258 49930at7898          -            520     3e-37  127.8   1.1   1   1   5.4e-39   3.6e-37  127.6   1.1   300   520    16   252     4   252 0.85 -
TRINITY_DN1749_c0_g1_i4:124-858    -            245 49930at7898          -            520   3.2e-37  127.7   0.9   1   1   5.9e-39   3.9e-37  127.4   0.9   301   520     8   239     2   239 0.88 -
TRINITY_DN1749_c0_g1_i7:124-855    -            244 49930at7898          -            520   3.6e-37  127.5   0.9   1   1   6.8e-39   4.5e-37  127.2   0.9   301   520     8   239     2   239 0.88 -
TRINITY_DN3975_c0_g1_i7:893-1825   -            311 49930at7898          -            520   5.4e-37  127.0   0.2   1   1   9.7e-39   6.3e-37  126.7   0.2   300   520    68   298    40   298 0.83 -
TRINITY_DN1749_c0_g1_i16:124-855   -            244 49930at7898          -            520   5.5e-37  126.9   0.7   1   1     1e-38   6.7e-37  126.6   0.7   301   520     8   239     2   239 0.88 -
TRINITY_DN2388_c0_g1_i3:1125-2495  -            457 49930at7898          -            520   5.8e-37  126.9   3.4   1   1   1.2e-38   7.8e-37  126.4   3.4   287   520   213   450   183   450 0.88 -
TRINITY_DN1749_c0_g1_i10:124-855   -            244 49930at7898          -            520   1.1e-36  126.0   0.9   1   1     2e-38   1.3e-36  125.7   0.9   301   520     8   239     2   239 0.88 -
TRINITY_DN1749_c0_g1_i1:124-855    -            244 49930at7898          -            520   1.1e-36  126.0   0.9   1   1     2e-38   1.3e-36  125.7   0.9   301   520     8   239     2   239 0.88 -
TRINITY_DN1627_c0_g1_i6:1391-2497  -            369 49930at7898          -            520   1.4e-36  125.5   0.9   1   1   2.8e-38   1.8e-36  125.2   0.9   288   520   111   363    93   363 0.86 -
TRINITY_DN1627_c0_g1_i1:1406-2512  -            369 49930at7898          -            520   1.5e-36  125.5   1.0   1   1   2.8e-38   1.8e-36  125.2   1.0   288   520   111   363    90   363 0.86 -
TRINITY_DN1627_c0_g1_i3:1391-2497  -            369 49930at7898          -            520   1.5e-36  125.5   1.0   1   1   2.8e-38   1.8e-36  125.2   1.0   288   520   111   363    90   363 0.86 -
TRINITY_DN1749_c0_g1_i25:124-855   -            244 49930at7898          -            520   1.6e-36  125.4   0.8   1   1   2.9e-38   1.9e-36  125.1   0.8   301   520     8   239     2   239 0.88 -
TRINITY_DN1749_c0_g1_i26:124-855   -            244 49930at7898          -            520   1.6e-36  125.4   0.8   1   1   2.9e-38   1.9e-36  125.1   0.8   301   520     8   239     2   239 0.88 -
TRINITY_DN2098_c0_g1_i10:558-1799  -            414 49930at7898          -            520   3.1e-36  124.4   9.7   1   2     0.016         1    7.2  10.3    68   116    71   119    64   150 0.77 -
TRINITY_DN2098_c0_g1_i10:558-1799  -            414 49930at7898          -            520   3.1e-36  124.4   9.7   2   2   4.9e-35   3.2e-33  114.5   0.0   293   519   162   410   144   411 0.81 -
TRINITY_DN2098_c0_g1_i14:582-1823  -            414 49930at7898          -            520   3.1e-36  124.4   9.7   1   2     0.016         1    7.2  10.3    68   116    71   119    64   150 0.77 -
TRINITY_DN2098_c0_g1_i14:582-1823  -            414 49930at7898          -            520   3.1e-36  124.4   9.7   2   2   4.9e-35   3.2e-33  114.5   0.0   293   519   162   410   144   411 0.81 -
TRINITY_DN2098_c0_g1_i17:433-1674  -            414 49930at7898          -            520   3.1e-36  124.4   9.7   1   2     0.016         1    7.2  10.3    68   116    71   119    64   150 0.77 -
TRINITY_DN2098_c0_g1_i17:433-1674  -            414 49930at7898          -            520   3.1e-36  124.4   9.7   2   2   4.9e-35   3.2e-33  114.5   0.0   293   519   162   410   144   411 0.81 -
TRINITY_DN2098_c0_g1_i23:558-1799  -            414 49930at7898          -            520   3.1e-36  124.4   9.7   1   2     0.016         1    7.2  10.3    68   116    71   119    64   150 0.77 -
TRINITY_DN2098_c0_g1_i23:558-1799  -            414 49930at7898          -            520   3.1e-36  124.4   9.7   2   2   4.9e-35   3.2e-33  114.5   0.0   293   519   162   410   144   411 0.81 -
TRINITY_DN2098_c0_g1_i2:433-1674   -            414 49930at7898          -            520   3.1e-36  124.4   9.7   1   2     0.016         1    7.2  10.3    68   116    71   119    64   150 0.77 -
TRINITY_DN2098_c0_g1_i2:433-1674   -            414 49930at7898          -            520   3.1e-36  124.4   9.7   2   2   4.9e-35   3.2e-33  114.5   0.0   293   519   162   410   144   411 0.81 -
TRINITY_DN2098_c0_g1_i30:510-1751  -            414 49930at7898          -            520   3.1e-36  124.4   9.7   1   2     0.016         1    7.2  10.3    68   116    71   119    64   150 0.77 -
TRINITY_DN2098_c0_g1_i30:510-1751  -            414 49930at7898          -            520   3.1e-36  124.4   9.7   2   2   4.9e-35   3.2e-33  114.5   0.0   293   519   162   410   144   411 0.81 -
TRINITY_DN1268_c0_g1_i37:1176-1919 -            248 49930at7898          -            520   5.3e-36  123.7   0.0   1   1   9.1e-38     6e-36  123.5   0.0   291   520     2   246     1   246 0.83 -
TRINITY_DN1212_c0_g1_i9:108-2040   -            437 49930at7898          -            520   1.1e-35  122.7   4.6   1   2   5.6e-11   3.7e-09   35.1   2.0   100   192    90   178    76   189 0.80 -
TRINITY_DN1212_c0_g1_i9:108-2040   -            437 49930at7898          -            520   1.1e-35  122.7   4.6   2   2   3.3e-27   2.2e-25   88.7   0.1   302   519   182   431   178   432 0.73 -
TRINITY_DN3989_c1_g1_i1:85-873     -            263 49930at7898          -            520   4.6e-35  120.6   1.3   1   1   8.5e-37   5.5e-35  120.3   1.3   297   520    20   257     8   257 0.86 -
TRINITY_DN1268_c0_g1_i24:1217-1963 -            249 49930at7898          -            520   4.7e-35  120.6   0.1   1   1   8.8e-37   5.8e-35  120.3   0.1   310   520    13   236     2   236 0.82 -
TRINITY_DN2516_c1_g1_i1:1-678      -            226 49930at7898          -            520   5.6e-35  120.3   1.2   1   1   9.7e-37   6.4e-35  120.1   1.2   313   520     2   220     1   220 0.90 -
TRINITY_DN49523_c0_g1_i1:476-1138  -            221 49930at7898          -            520   6.7e-35  120.0   0.7   1   1   1.2e-36   7.6e-35  119.9   0.7   321   519    12   218     1   219 0.86 -
TRINITY_DN23206_c0_g1_i1:132-812   -            227 49930at7898          -            520   1.2e-34  119.2   0.8   1   1   2.1e-36   1.4e-34  119.0   0.8   319   520    22   226     2   226 0.87 -
TRINITY_DN618_c0_g3_i1:201-986     -            262 49930at7898          -            520   1.7e-34  118.7   0.9   1   1     3e-36     2e-34  118.5   0.9   302   519    30   255    12   256 0.85 -
TRINITY_DN244_c0_g1_i1:134-922     -            263 49930at7898          -            520   1.5e-33  115.6   1.1   1   1   2.7e-35   1.8e-33  115.4   1.1   301   520    29   263    20   263 0.84 -
TRINITY_DN244_c0_g1_i7:112-900     -            263 49930at7898          -            520   1.5e-33  115.6   1.1   1   1   2.7e-35   1.8e-33  115.4   1.1   301   520    29   263    20   263 0.84 -
TRINITY_DN618_c0_g1_i1:232-1011    -            260 49930at7898          -            520     2e-33  115.1   1.3   1   1   3.6e-35   2.3e-33  114.9   1.3   311   519    41   253    12   254 0.83 -
TRINITY_DN178_c0_g1_i1:192-929     -            246 49930at7898          -            520   2.7e-33  114.8   0.4   1   1   4.8e-35   3.1e-33  114.5   0.4   298   519    16   239     7   240 0.87 -
TRINITY_DN3644_c0_g1_i4:139-897    -            253 49930at7898          -            520   2.7e-33  114.8   0.1   1   1   4.9e-35   3.2e-33  114.5   0.1   321   519    50   249    19   250 0.84 -
TRINITY_DN3644_c0_g1_i6:139-897    -            253 49930at7898          -            520   2.7e-33  114.8   0.1   1   1   4.9e-35   3.2e-33  114.5   0.1   321   519    50   249    19   250 0.84 -
TRINITY_DN244_c0_g1_i10:112-900    -            263 49930at7898          -            520   3.2e-33  114.5   1.2   1   1   5.7e-35   3.7e-33  114.3   1.2   301   520    29   263    20   263 0.84 -
TRINITY_DN244_c0_g1_i2:112-900     -            263 49930at7898          -            520   3.4e-33  114.4   1.1   1   1   6.1e-35     4e-33  114.2   1.1   301   520    29   263    20   263 0.84 -
TRINITY_DN244_c0_g1_i5:134-922     -            263 49930at7898          -            520   3.8e-33  114.3   1.1   1   1   6.8e-35   4.5e-33  114.0   1.1   301   520    29   263    20   263 0.84 -
TRINITY_DN244_c0_g1_i3:134-922     -            263 49930at7898          -            520   4.4e-33  114.0   1.2   1   1     8e-35   5.2e-33  113.8   1.2   301   520    29   263    20   263 0.84 -
TRINITY_DN178_c0_g1_i2:84-821      -            246 49930at7898          -            520   4.5e-33  114.0   0.5   1   1   8.1e-35   5.3e-33  113.8   0.5   298   519    16   239     7   240 0.87 -
TRINITY_DN12089_c0_g1_i1:652-1497  -            282 49930at7898          -            520   2.2e-32  111.8   0.9   1   1     4e-34   2.6e-32  111.5   0.9   300   519    43   282    26   282 0.79 -
TRINITY_DN12089_c0_g1_i2:647-1492  -            282 49930at7898          -            520   2.2e-32  111.8   0.9   1   1     4e-34   2.6e-32  111.5   0.9   300   519    43   282    26   282 0.79 -
TRINITY_DN3486_c0_g2_i1:182-799    -            206 49930at7898          -            520   8.2e-32  109.9   0.2   1   1   1.3e-33   8.8e-32  109.8   0.2   300   488     7   203     1   206 0.86 -
TRINITY_DN3486_c0_g2_i2:260-877    -            206 49930at7898          -            520   8.2e-32  109.9   0.2   1   1   1.3e-33   8.8e-32  109.8   0.2   300   488     7   203     1   206 0.86 -
TRINITY_DN3486_c0_g2_i3:221-838    -            206 49930at7898          -            520   8.2e-32  109.9   0.2   1   1   1.3e-33   8.8e-32  109.8   0.2   300   488     7   203     1   206 0.86 -
TRINITY_DN3486_c0_g1_i2:315-941    -            209 49930at7898          -            520     6e-31  107.0   0.4   1   1     1e-32   6.6e-31  106.9   0.4   302   497     2   209     1   209 0.86 -
TRINITY_DN20536_c0_g1_i1:328-1122  -            265 49930at7898          -            520   4.9e-30  104.0   0.0   1   1     9e-32   5.9e-30  103.7   0.0   311   519    34   264     3   265 0.78 -
TRINITY_DN4839_c0_g1_i9:88-747     -            220 49930at7898          -            520   1.2e-28   99.4   0.0   1   1   2.1e-30   1.3e-28   99.2   0.0   311   520    11   217     1   217 0.86 -
TRINITY_DN162_c0_g1_i2:1408-2724   -            439 49930at7898          -            520     3e-28   98.1   0.0   1   1   6.7e-30   4.4e-28   97.6   0.0   287   520   176   433   156   433 0.76 -
TRINITY_DN4839_c0_g1_i5:1420-2094  -            225 49930at7898          -            520   5.3e-28   97.3   0.0   1   1   9.1e-30     6e-28   97.1   0.0   311   520    12   218     1   218 0.86 -
TRINITY_DN162_c0_g1_i7:442-2487    -            682 49930at7898          -            520   8.2e-28   96.7   0.0   1   1     2e-29   1.3e-27   96.0   0.0   287   520   424   681   404   681 0.76 -
TRINITY_DN162_c0_g1_i1:446-1192    -            249 49930at7898          -            520   8.2e-28   96.7   0.0   1   1   1.5e-29   9.6e-28   96.4   0.0   302   520     1   245     1   245 0.77 -
TRINITY_DN5797_c0_g2_i1:15-803     -            263 49930at7898          -            520   1.1e-27   96.2   1.0   1   1     2e-29   1.3e-27   96.0   1.0   290   519     9   256     3   257 0.82 -
TRINITY_DN5797_c0_g3_i1:34-813     -            260 49930at7898          -            520   1.9e-27   95.4   0.7   1   1   3.6e-29   2.3e-27   95.2   0.7   300   519    17   253     5   254 0.83 -
TRINITY_DN162_c0_g1_i4:659-1399    -            247 49930at7898          -            520   2.5e-27   95.1   0.0   1   1   4.5e-29   2.9e-27   94.8   0.0   302   520     1   243     1   243 0.75 -
TRINITY_DN162_c0_g1_i3:446-1192    -            249 49930at7898          -            520   4.5e-27   94.2   0.0   1   1   8.1e-29   5.3e-27   94.0   0.0   302   520     1   245     1   245 0.77 -
TRINITY_DN68033_c0_g1_i1:20-811    -            264 49930at7898          -            520   8.2e-27   93.4   1.8   1   1   1.5e-28   9.7e-27   93.1   1.8   290   520    14   259     8   259 0.85 -
TRINITY_DN60342_c0_g1_i1:153-848   -            232 49930at7898          -            520   1.5e-26   92.5   1.0   1   1   2.6e-28   1.7e-26   92.3   1.0   321   520    27   227     4   227 0.90 -
TRINITY_DN4839_c0_g1_i2:88-753     -            222 49930at7898          -            520   2.1e-26   92.0   0.0   1   1   4.3e-28   2.8e-26   91.6   0.0   311   520    11   217     1   217 0.82 -
TRINITY_DN1212_c0_g1_i6:111-887    -            259 49930at7898          -            520   4.3e-26   91.0   0.1   1   1   9.4e-28   6.1e-26   90.5   0.1   307   519    11   253     2   254 0.73 -
TRINITY_DN359_c0_g2_i19:220-1260   -            347 49930at7898          -            520     2e-24   85.5   0.4   1   2       1.7   1.1e+02    0.6   1.7    71   101    28    58    18    63 0.88 -
TRINITY_DN359_c0_g2_i19:220-1260   -            347 49930at7898          -            520     2e-24   85.5   0.4   2   2     3e-26     2e-24   85.5   0.4   290   477   155   347    62   347 0.80 -
TRINITY_DN7390_c0_g1_i2:328-1116   -            263 49930at7898          -            520   9.4e-24   83.3   0.0   1   1   2.3e-25   1.5e-23   82.6   0.0   302   520     1   255     1   255 0.72 -
TRINITY_DN1268_c0_g1_i37:302-1063  -            254 49930at7898          -            520   4.2e-22   77.8   0.0   1   1   1.1e-23   7.3e-22   77.0   0.0   302   520     7   249     2   249 0.72 -
TRINITY_DN4839_c0_g1_i8:1423-2272  -            216 49930at7898          -            520   4.3e-22   77.8   0.1   1   1   1.3e-23   8.8e-22   76.8   0.1   311   520    11   211     1   211 0.81 -
TRINITY_DN1268_c0_g1_i24:302-1045  -            248 49930at7898          -            520   1.4e-21   76.1   0.0   1   1   3.5e-23   2.3e-21   75.4   0.0   311   520    12   243     1   243 0.71 -
TRINITY_DN1268_c0_g1_i2:302-1045   -            248 49930at7898          -            520   1.4e-21   76.1   0.0   1   1   3.5e-23   2.3e-21   75.4   0.0   311   520    12   243     1   243 0.71 -
TRINITY_DN716_c1_g1_i1:398-922     -            175 49930at7898          -            520   7.6e-21   73.7   0.2   1   1   1.3e-22   8.3e-21   73.5   0.2   303   476     3   175     1   175 0.86 -
TRINITY_DN16270_c0_g3_i1:109-294   -             62 49930at7898          -            520   2.6e-19   68.6   4.5   1   1   4.4e-21   2.9e-19   68.5   4.5   465   520     1    59     1    59 0.86 -
TRINITY_DN1323_c0_g1_i14:1738-1959 -             74 49930at7898          -            520   4.4e-19   67.9   0.6   1   1   7.2e-21   4.7e-19   67.8   0.6   459   520     3    68     1    68 0.89 -
TRINITY_DN1323_c0_g1_i8:1843-2064  -             74 49930at7898          -            520   4.4e-19   67.9   0.6   1   1   7.2e-21   4.7e-19   67.8   0.6   459   520     3    68     1    68 0.89 -
TRINITY_DN1323_c0_g2_i10:78-299    -             74 49930at7898          -            520   4.4e-19   67.9   0.6   1   1   7.2e-21   4.7e-19   67.8   0.6   459   520     3    68     1    68 0.89 -
TRINITY_DN1323_c0_g2_i12:78-299    -             74 49930at7898          -            520   4.4e-19   67.9   0.6   1   1   7.2e-21   4.7e-19   67.8   0.6   459   520     3    68     1    68 0.89 -
TRINITY_DN15979_c0_g1_i3:490-1965  -            492 49930at7898          -            520   2.8e-18   65.2 134.8   1  13   0.00025     0.017   13.2   1.1    88   109     4    24     2    28 0.86 -
TRINITY_DN15979_c0_g1_i3:490-1965  -            492 49930at7898          -            520   2.8e-18   65.2 134.8   2  13    0.0029      0.19    9.7   4.9    64   103    20    57    19    63 0.90 -
TRINITY_DN15979_c0_g1_i3:490-1965  -            492 49930at7898          -            520   2.8e-18   65.2 134.8   3  13    0.0032      0.21    9.5   2.5    66   105    60    99    57   102 0.88 -
TRINITY_DN15979_c0_g1_i3:490-1965  -            492 49930at7898          -            520   2.8e-18   65.2 134.8   4  13    0.0092       0.6    8.0   5.2    65   106    99   138    96   142 0.86 -
TRINITY_DN15979_c0_g1_i3:490-1965  -            492 49930at7898          -            520   2.8e-18   65.2 134.8   5  13   0.00011    0.0072   14.4   3.9    67   107   139   177   135   181 0.87 -
TRINITY_DN15979_c0_g1_i3:490-1965  -            492 49930at7898          -            520   2.8e-18   65.2 134.8   6  13   3.9e-05    0.0025   15.8   3.2    67   107   177   215   173   217 0.88 -
TRINITY_DN15979_c0_g1_i3:490-1965  -            492 49930at7898          -            520   2.8e-18   65.2 134.8   7  13   0.00038     0.025   12.6   5.7    66   107   214   253   211   255 0.89 -
TRINITY_DN15979_c0_g1_i3:490-1965  -            492 49930at7898          -            520   2.8e-18   65.2 134.8   8  13     0.021       1.4    6.8   7.6    68   102   254   286   252   294 0.85 -
TRINITY_DN15979_c0_g1_i3:490-1965  -            492 49930at7898          -            520   2.8e-18   65.2 134.8   9  13     0.021       1.3    6.9   5.8    66   105   290   327   286   355 0.81 -
TRINITY_DN15979_c0_g1_i3:490-1965  -            492 49930at7898          -            520   2.8e-18   65.2 134.8  10  13       1.6   1.1e+02    0.6   4.9    73   106   345   376   326   379 0.76 -
TRINITY_DN15979_c0_g1_i3:490-1965  -            492 49930at7898          -            520   2.8e-18   65.2 134.8  11  13      0.13       8.3    4.3  15.5    49   107   359   415   356   417 0.83 -
TRINITY_DN15979_c0_g1_i3:490-1965  -            492 49930at7898          -            520   2.8e-18   65.2 134.8  12  13   1.2e-05   0.00082   17.5   3.0    65   107   413   453   411   460 0.88 -
TRINITY_DN15979_c0_g1_i3:490-1965  -            492 49930at7898          -            520   2.8e-18   65.2 134.8  13  13   0.00023     0.015   13.3   4.0    69   102   461   492   454   492 0.90 -
TRINITY_DN130_c0_g1_i2:364-1146    -            261 49930at7898          -            520   8.3e-18   63.7   0.0   1   1   4.4e-19   2.8e-17   61.9   0.0   300   520    11   258     3   258 0.78 -
TRINITY_DN25190_c0_g3_i1:4-603     -            200 49930at7898          -            520   2.9e-17   61.8   0.2   1   1     5e-19   3.2e-17   61.7   0.2   336   515     1   200     1   200 0.83 -
TRINITY_DN9935_c0_g1_i1:1535-2269  -            245 49930at7898          -            520   4.2e-17   61.3   0.7   1   1   8.5e-19   5.5e-17   60.9   0.7   307   497     7   234     4   245 0.67 -
TRINITY_DN9935_c0_g1_i6:1547-2281  -            245 49930at7898          -            520   4.2e-17   61.3   0.7   1   1   8.5e-19   5.5e-17   60.9   0.7   307   497     7   234     4   245 0.67 -
TRINITY_DN9935_c0_g1_i8:1547-2281  -            245 49930at7898          -            520   4.2e-17   61.3   0.7   1   1   8.5e-19   5.5e-17   60.9   0.7   307   497     7   234     4   245 0.67 -
TRINITY_DN716_c1_g1_i2:398-835     -            146 49930at7898          -            520     1e-16   60.0   0.1   1   1   1.8e-18   1.2e-16   59.8   0.1   303   435     3   136     1   140 0.83 -
TRINITY_DN18722_c0_g1_i1:121-672   -            184 49930at7898          -            520   3.7e-15   54.9   0.1   1   1   6.7e-17   4.4e-15   54.7   0.1   319   480    26   184    13   184 0.77 -
TRINITY_DN16298_c3_g1_i3:115-1224  -            370 49930at7898          -            520   6.3e-15   54.2 108.6   1   9   0.00017     0.011   13.7   9.2    65   106    11    50     3    53 0.88 -
TRINITY_DN16298_c3_g1_i3:115-1224  -            370 49930at7898          -            520   6.3e-15   54.2 108.6   2   9   9.5e-07   6.2e-05   21.2   5.6    67   107    51    89    49    93 0.89 -
TRINITY_DN16298_c3_g1_i3:115-1224  -            370 49930at7898          -            520   6.3e-15   54.2 108.6   3   9    0.0047      0.31    9.0   6.6    66   102    88   122    85   128 0.86 -
TRINITY_DN16298_c3_g1_i3:115-1224  -            370 49930at7898          -            520   6.3e-15   54.2 108.6   4   9     0.001     0.067   11.2   5.1    67   107   127   165   122   180 0.81 -
TRINITY_DN16298_c3_g1_i3:115-1224  -            370 49930at7898          -            520   6.3e-15   54.2 108.6   5   9     0.088       5.8    4.8   5.6    70   107   178   213   174   216 0.84 -
TRINITY_DN16298_c3_g1_i3:115-1224  -            370 49930at7898          -            520   6.3e-15   54.2 108.6   6   9     0.053       3.4    5.5  14.8    48   106   194   250   192   251 0.84 -
TRINITY_DN16298_c3_g1_i3:115-1224  -            370 49930at7898          -            520   6.3e-15   54.2 108.6   7   9   1.9e-06   0.00013   20.2   5.3    65   107   249   289   247   299 0.88 -
TRINITY_DN16298_c3_g1_i3:115-1224  -            370 49930at7898          -            520   6.3e-15   54.2 108.6   8   9   0.00058     0.038   12.0   6.3    68   110   298   337   288   347 0.77 -
TRINITY_DN16298_c3_g1_i3:115-1224  -            370 49930at7898          -            520   6.3e-15   54.2 108.6   9   9     0.016       1.1    7.2   3.3    65   102   333   370   332   370 0.94 -
TRINITY_DN38170_c0_g2_i1:230-775   -            182 49930at7898          -            520   2.2e-12   45.8  34.9   1   3   1.2e-05   0.00077   17.6  14.1    47   107    13    71     8    74 0.90 -
TRINITY_DN38170_c0_g2_i1:230-775   -            182 49930at7898          -            520   2.2e-12   45.8  34.9   2   3   1.4e-07   8.8e-06   24.0   2.7    65   107    69   109    67   119 0.89 -
TRINITY_DN38170_c0_g2_i1:230-775   -            182 49930at7898          -            520   2.2e-12   45.8  34.9   3   3     2e-05    0.0013   16.8   4.9    71   107   121   155   110   164 0.88 -
TRINITY_DN3218_c0_g2_i1:42-197     -             52 49930at7898          -            520   4.4e-12   44.8   0.4   1   1   6.9e-14   4.5e-12   44.7   0.4   476   519     4    52     1    52 0.87 -
TRINITY_DN5_c0_g1_i10:502-1341     -            280 49930at7898          -            520   9.7e-12   43.6   0.4   1   1   7.5e-12   4.9e-10   38.0   0.4   313   498    36   267    27   278 0.58 -
TRINITY_DN5_c0_g1_i37:3001-3699    -            233 49930at7898          -            520   9.8e-12   43.6   0.2   1   1   6.6e-12   4.3e-10   38.2   0.2   322   497    17   231     1   233 0.58 -
TRINITY_DN15979_c0_g1_i4:127-1167  -            347 49930at7898          -            520   2.3e-11   42.4  89.3   1   8      0.21        14    3.5  13.1    50   106     8    62     3    88 0.72 -
TRINITY_DN15979_c0_g1_i4:127-1167  -            347 49930at7898          -            520   2.3e-11   42.4  89.3   2   8       1.1        69    1.2   3.4    73   104    79   108    71   114 0.74 -
TRINITY_DN15979_c0_g1_i4:127-1167  -            347 49930at7898          -            520   2.3e-11   42.4  89.3   3   8     0.037       2.4    6.0  14.4    49   107    93   149    90   153 0.80 -
TRINITY_DN15979_c0_g1_i4:127-1167  -            347 49930at7898          -            520   2.3e-11   42.4  89.3   4   8   7.8e-06   0.00051   18.2   3.0    65   107   147   187   145   194 0.88 -
TRINITY_DN15979_c0_g1_i4:127-1167  -            347 49930at7898          -            520   2.3e-11   42.4  89.3   5   8   2.6e-05    0.0017   16.4   6.0    69   111   195   234   188   239 0.85 -
TRINITY_DN15979_c0_g1_i4:127-1167  -            347 49930at7898          -            520   2.3e-11   42.4  89.3   6   8    0.0057      0.37    8.7   1.4    65   102   229   266   227   271 0.92 -
TRINITY_DN15979_c0_g1_i4:127-1167  -            347 49930at7898          -            520   2.3e-11   42.4  89.3   7   8     0.032       2.1    6.2  13.4    50   102   254   307   252   315 0.84 -
TRINITY_DN15979_c0_g1_i4:127-1167  -            347 49930at7898          -            520   2.3e-11   42.4  89.3   8   8    0.0001    0.0068   14.4   6.8    60   102   306   347   305   347 0.91 -
TRINITY_DN34_c1_g1_i1:182-907      -            242 49930at7898          -            520   1.3e-10   39.9   0.6   1   1   2.6e-12   1.7e-10   39.5   0.6   321   519    35   238    32   239 0.79 -
TRINITY_DN5_c0_g1_i17:715-1440     -            242 49930at7898          -            520   1.5e-10   39.7   0.5   1   1   7.7e-11     5e-09   34.7   0.5   320   497    25   242     2   242 0.58 -
TRINITY_DN5_c0_g1_i2:715-1440      -            242 49930at7898          -            520   1.5e-10   39.7   0.5   1   1   7.7e-11     5e-09   34.7   0.5   320   497    25   242     2   242 0.58 -
TRINITY_DN5_c0_g1_i32:615-1340     -            242 49930at7898          -            520   1.5e-10   39.7   0.5   1   1   7.7e-11     5e-09   34.7   0.5   320   497    25   242     2   242 0.58 -
TRINITY_DN5_c0_g1_i5:715-1440      -            242 49930at7898          -            520   1.8e-10   39.5   0.5   1   1     1e-10   6.7e-09   34.3   0.5   320   497    25   242     2   242 0.59 -
TRINITY_DN5_c0_g1_i14:715-1440     -            242 49930at7898          -            520   2.4e-10   39.0   0.2   1   1   1.4e-10     9e-09   33.8   0.2   320   497    25   242     2   242 0.59 -
TRINITY_DN18064_c0_g2_i1:148-672   -            175 49930at7898          -            520   8.1e-10   37.3  40.1   1   4   0.00064     0.042   11.8   2.0    73   107     1    33     1    39 0.83 -
TRINITY_DN18064_c0_g2_i1:148-672   -            175 49930at7898          -            520   8.1e-10   37.3  40.1   2   4     0.001     0.067   11.2   2.7    68   102    34    67    30    72 0.79 -
TRINITY_DN18064_c0_g2_i1:148-672   -            175 49930at7898          -            520   8.1e-10   37.3  40.1   3   4   9.8e-07   6.4e-05   21.1   3.2    68   106    73   110    69   113 0.87 -
TRINITY_DN18064_c0_g2_i1:148-672   -            175 49930at7898          -            520   8.1e-10   37.3  40.1   4   4   0.00052     0.034   12.1  10.6    67   131   111   173   108   175 0.79 -
TRINITY_DN48106_c0_g1_i1:2-349     -            116 49930at7898          -            520   1.5e-09   36.4  23.6   1   3     3e-05     0.002   16.2   0.9    73   107     3    35     1    40 0.91 -
TRINITY_DN48106_c0_g1_i1:2-349     -            116 49930at7898          -            520   1.5e-09   36.4  23.6   2   3   0.00021     0.014   13.4   5.1    67   106    35    72    33    77 0.88 -
TRINITY_DN48106_c0_g1_i1:2-349     -            116 49930at7898          -            520   1.5e-09   36.4  23.6   3   3   8.1e-06   0.00053   18.1   5.5    69   107    74   110    71   114 0.86 -
TRINITY_DN18722_c0_g1_i2:121-519   -            133 49930at7898          -            520   5.3e-09   34.6   0.0   1   1   8.7e-11   5.7e-09   34.5   0.0   319   410    26   119    13   133 0.72 -
TRINITY_DN16298_c0_g1_i1:15-515    -            167 49930at7898          -            520   7.1e-09   34.2  37.0   1   4    0.0003      0.02   12.9   1.4    77   107     4    32     1    35 0.88 -
TRINITY_DN16298_c0_g1_i1:15-515    -            167 49930at7898          -            520   7.1e-09   34.2  37.0   2   4     6e-06   0.00039   18.5   5.8    65   107    30    70    29    77 0.88 -
TRINITY_DN16298_c0_g1_i1:15-515    -            167 49930at7898          -            520   7.1e-09   34.2  37.0   3   4    0.0023      0.15   10.0   3.9    72   107    74   107    68   111 0.81 -
TRINITY_DN16298_c0_g1_i1:15-515    -            167 49930at7898          -            520   7.1e-09   34.2  37.0   4   4   0.00043     0.028   12.4   6.5    67   113   107   155   105   165 0.79 -
TRINITY_DN60802_c0_g1_i1:134-820   -            229 49930at7898          -            520     1e-08   33.6   0.8   1   1   1.9e-10   1.2e-08   33.4   0.8   320   496    43   217    25   229 0.82 -
TRINITY_DN12896_c0_g3_i1:106-507   -            134 49930at7898          -            520   3.9e-08   31.7   0.0   1   1   5.9e-10   3.9e-08   31.7   0.0   320   408    40   130    10   134 0.80 -
TRINITY_DN15979_c1_g2_i1:221-775   -            185 49930at7898          -            520   9.8e-08   30.4  39.0   1   5   0.00016     0.011   13.8   3.9    72   121     3    54     2    61 0.87 -
TRINITY_DN15979_c1_g2_i1:221-775   -            185 49930at7898          -            520   9.8e-08   30.4  39.0   2   5     0.058       3.8    5.4   3.7    67   102    41    76    39    81 0.81 -
TRINITY_DN15979_c1_g2_i1:221-775   -            185 49930at7898          -            520   9.8e-08   30.4  39.0   3   5   1.9e-06   0.00012   20.2   6.7    50   111    64   122    59   126 0.81 -
TRINITY_DN15979_c1_g2_i1:221-775   -            185 49930at7898          -            520   9.8e-08   30.4  39.0   4   5     0.029       1.9    6.4   5.3    71   102   125   154   119   157 0.83 -
TRINITY_DN15979_c1_g2_i1:221-775   -            185 49930at7898          -            520   9.8e-08   30.4  39.0   5   5     0.013      0.85    7.5   1.6    63    93   155   184   154   185 0.86 -
TRINITY_DN24322_c0_g1_i2:2655-3464 -            270 49930at7898          -            520   1.3e-07   30.0   0.9   1   1   1.6e-08     1e-06   27.1   0.9   310   497    36   270     5   270 0.60 -
TRINITY_DN24322_c0_g1_i5:2655-3464 -            270 49930at7898          -            520   1.3e-07   30.0   0.9   1   1   1.6e-08     1e-06   27.1   0.9   310   497    36   270     5   270 0.60 -
TRINITY_DN27733_c0_g1_i10:80-835   -            252 49930at7898          -            520   2.2e-07   29.2   3.0   1   1     2e-08   1.3e-06   26.7   3.0   321   519    28   246    20   247 0.66 -
TRINITY_DN66651_c0_g1_i1:3-206     -             68 49930at7898          -            520   7.3e-07   27.5   0.1   1   1   1.2e-08   7.8e-07   27.4   0.1   460   520     2    65     1    65 0.81 -
TRINITY_DN16298_c0_g1_i2:15-362    -            116 49930at7898          -            520   4.7e-06   24.9  25.5   1   3    0.0024      0.15   10.0   1.3    88   108     2    22     1    25 0.90 -
TRINITY_DN16298_c0_g1_i2:15-362    -            116 49930at7898          -            520   4.7e-06   24.9  25.5   2   3    0.0075      0.49    8.3   3.5    65   103    19    55    17    59 0.90 -
TRINITY_DN16298_c0_g1_i2:15-362    -            116 49930at7898          -            520   4.7e-06   24.9  25.5   3   3   2.2e-06   0.00015   19.9   7.4    67   110    59   101    55   114 0.88 -
TRINITY_DN27733_c0_g1_i9:80-811    -            244 49930at7898          -            520   9.5e-06   23.9   5.3   1   1   7.2e-07   4.7e-05   21.6   5.3   321   519    28   244    18   244 0.64 -
TRINITY_DN1268_c0_g1_i25:51-491    -            147 49930at7898          -            520   1.9e-05   22.9   0.0   1   1   3.4e-07   2.2e-05   22.6   0.0   372   482    36   147    21   147 0.74 -
TRINITY_DN47121_c0_g1_i1:450-767   -            106 49930at7898          -            520   2.3e-05   22.6  20.2   1   3     0.035       2.3    6.1   0.4    85   105     5    25     3    27 0.85 -
TRINITY_DN47121_c0_g1_i1:450-767   -            106 49930at7898          -            520   2.3e-05   22.6  20.2   2   3   0.00078     0.051   11.6   5.3    67   102    27    60    24    63 0.93 -
TRINITY_DN47121_c0_g1_i1:450-767   -            106 49930at7898          -            520   2.3e-05   22.6  20.2   3   3   5.5e-05    0.0036   15.4   1.4    67   102    72   105    65   106 0.90 -
TRINITY_DN27733_c0_g1_i3:80-862    -            261 49930at7898          -            520     3e-05   22.2   5.2   1   1   9.9e-06   0.00065   17.8   5.2   321   519    28   255    16   256 0.62 -
TRINITY_DN1258_c2_g2_i1:247-981    -            245 49930at7898          -            520   3.8e-05   21.9   1.5   1   1   2.4e-06   0.00016   19.8   1.5   313   491    33   204     8   241 0.71 -
TRINITY_DN10067_c1_g1_i3:194-1378  -            395 49930at7898          -            520   9.9e-05   20.5  22.7   1   3    0.0053      0.35    8.8   9.0    72   107   275   309   251   313 0.80 -
TRINITY_DN10067_c1_g1_i3:194-1378  -            395 49930at7898          -            520   9.9e-05   20.5  22.7   2   3   3.4e-05    0.0022   16.0   7.0    68   105   310   345   308   349 0.88 -
TRINITY_DN10067_c1_g1_i3:194-1378  -            395 49930at7898          -            520   9.9e-05   20.5  22.7   3   3   7.5e-06   0.00049   18.2   7.7    65   112   345   390   343   394 0.85 -
TRINITY_DN16298_c2_g1_i2:279-611   -            111 49930at7898          -            520   0.00034   18.7  26.0   1   3    0.0057      0.37    8.7   6.4    72   106     5    37     2    40 0.84 -
TRINITY_DN16298_c2_g1_i2:279-611   -            111 49930at7898          -            520   0.00034   18.7  26.0   2   3   0.00015    0.0099   13.9   3.2    66   104    37    73    34    77 0.88 -
TRINITY_DN16298_c2_g1_i2:279-611   -            111 49930at7898          -            520   0.00034   18.7  26.0   3   3     0.011       0.7    7.8   3.2    68   102    76   110    74   111 0.94 -
TRINITY_DN38170_c0_g3_i1:42-626    -            195 49930at7898          -            520   0.00067   17.8  42.7   1   4      0.47        31    2.4   8.2    50   106     4    57     1    59 0.79 -
TRINITY_DN38170_c0_g3_i1:42-626    -            195 49930at7898          -            520   0.00067   17.8  42.7   2   4   1.3e-05   0.00082   17.5   4.3    67   107    58    96    57   100 0.90 -
TRINITY_DN38170_c0_g3_i1:42-626    -            195 49930at7898          -            520   0.00067   17.8  42.7   3   4    0.0074      0.48    8.3   2.9    64   101    93   128    92   131 0.89 -
TRINITY_DN38170_c0_g3_i1:42-626    -            195 49930at7898          -            520   0.00067   17.8  42.7   4   4     0.013      0.83    7.6   8.9    66   123   133   188   127   195 0.81 -
TRINITY_DN15979_c0_g2_i1:133-579   -            149 49930at7898          -            520   0.00077   17.6  33.3   1   3    0.0006     0.039   11.9   3.9    65   105     6    44     2    47 0.89 -
TRINITY_DN15979_c0_g2_i1:133-579   -            149 49930at7898          -            520   0.00077   17.6  33.3   2   3    0.0007     0.046   11.7   7.7    67   123    45   100    43   105 0.86 -
TRINITY_DN15979_c0_g2_i1:133-579   -            149 49930at7898          -            520   0.00077   17.6  33.3   3   3      0.22        14    3.5  10.2    73   112    93   129    90   149 0.78 -
TRINITY_DN16298_c1_g1_i2:399-734   -            112 49930at7898          -            520   0.00096   17.2  17.7   1   2    0.0036      0.24    9.4   5.1    67   110     7    49     2    55 0.87 -
TRINITY_DN16298_c1_g1_i2:399-734   -            112 49930at7898          -            520   0.00096   17.2  17.7   2   2    0.0008     0.052   11.5   7.7    73   110    55    89    48   110 0.83 -
TRINITY_DN27733_c0_g3_i1:172-834   -            221 49930at7898          -            520    0.0036   15.4   0.1   1   2      0.12         8    4.3   0.0   323   343     1    21     1    96 0.64 -
TRINITY_DN27733_c0_g3_i1:172-834   -            221 49930at7898          -            520    0.0036   15.4   0.1   2   2    0.0043      0.28    9.1   0.2   462   519   166   221   148   221 0.87 -
TRINITY_DN26060_c0_g3_i1:2-697     -            232 49930at7898          -            520    0.0082   14.2   0.0   1   1   0.00016     0.011   13.8   0.0   297   340    95   139    43   148 0.77 -
TRINITY_DN26060_c0_g3_i2:2-847     -            282 49930at7898          -            520     0.012   13.6   0.0   1   1   0.00024     0.016   13.2   0.0   297   340   145   189    94   198 0.77 -
TRINITY_DN46177_c0_g1_i1:145-435   -             97 49930at7898          -            520     0.027   12.5   1.2   1   1   0.00041     0.027   12.5   1.2    62   108    23    68     7    89 0.79 -
TRINITY_DN16518_c0_g1_i1:337-705   -            123 49930at7898          -            520     0.072   11.1  11.8   1   2      0.14         9    4.1   1.7    78   104     4    28     1    32 0.70 -
TRINITY_DN16518_c0_g1_i1:337-705   -            123 49930at7898          -            520     0.072   11.1  11.8   2   2    0.0036      0.24    9.3  10.7    49   106    13    68    10    81 0.83 -
TRINITY_DN32057_c0_g1_i1:0-866     -            289 49930at7898          -            520     0.084   10.8   0.0   1   1    0.0025      0.17    9.9   0.0   299   340    93   135    62   143 0.85 -
TRINITY_DN24485_c0_g1_i1:118-1395  -            426 49930at7898          -            520      0.12   10.4  53.7   1   3    0.0017      0.11   10.4   6.2    70   107   286   322   278   323 0.83 -
TRINITY_DN24485_c0_g1_i1:118-1395  -            426 49930at7898          -            520      0.12   10.4  53.7   2   3   0.00032     0.021   12.8   3.0    65   103   320   356   318   360 0.88 -
TRINITY_DN24485_c0_g1_i1:118-1395  -            426 49930at7898          -            520      0.12   10.4  53.7   3   3   0.00027     0.017   13.1   8.7    65   110   358   401   356   425 0.83 -
#
# Program:         hmmsearch
# Version:         3.1b2 (February 2015)
# Pipeline mode:   SEARCH
# Query file:      /home/ericjuo/Projects/salmo_trutta_rna_seq/busco_downloads/lineages/actinopterygii_odb10/hmms/49930at7898.hmm
# Target file:     /home/ericjuo/Projects/salmo_trutta_rna_seq/data/02_intermediate/busco/run_actinopterygii_odb10/metaeuk_output/initial_results/trinity.Trinity.fasta.modified.fas
# Option settings: hmmsearch --domtblout /home/ericjuo/Projects/salmo_trutta_rna_seq/data/02_intermediate/busco/run_actinopterygii_odb10/hmmer_output/initial_run_results/49930at7898.out --cpu 1 /home/ericjuo/Projects/salmo_trutta_rna_seq/busco_downloads/lineages/actinopterygii_odb10/hmms/49930at7898.hmm /home/ericjuo/Projects/salmo_trutta_rna_seq/data/02_intermediate/busco/run_actinopterygii_odb10/metaeuk_output/initial_results/trinity.Trinity.fasta.modified.fas 
# Current dir:     /home/ericjuo/Projects/salmo_trutta_rna_seq
# Date:            Fri Apr 29 12:53:54 2022
# [ok]
