#                                                                                         --- full sequence --- -------------- this domain -------------   hmm coord   ali coord   env coord
# target name                     accession   tlen query name           accession   qlen   E-value  score  bias   #  of  c-Evalue  i-Evalue  score  bias  from    to  from    to  from    to  acc description of target
#             ------------------- ---------- ----- -------------------- ---------- ----- --------- ------ ----- --- --- --------- --------- ------ ----- ----- ----- ----- ----- ----- ----- ---- ---------------------
TRINITY_DN350_c0_g1_i8:159-1757   -            533 51072at7898          -            473  2.2e-281  932.7  15.5   1   1  4.9e-284  2.6e-281  932.5  15.5     1   473    16   533    16   533 0.96 -
TRINITY_DN350_c0_g1_i3:184-1803   -            540 51072at7898          -            473  2.4e-281  932.6  15.5   1   1  5.2e-284  2.8e-281  932.4  15.5     1   473    23   540    23   540 0.96 -
TRINITY_DN350_c0_g1_i12:159-1757  -            533 51072at7898          -            473  2.6e-281  932.5  15.7   1   1  5.7e-284    3e-281  932.3  15.7     1   473    16   533    16   533 0.96 -
TRINITY_DN350_c0_g1_i11:184-1803  -            540 51072at7898          -            473  2.7e-281  932.4  15.7   1   1    6e-284  3.2e-281  932.2  15.7     1   473    23   540    23   540 0.96 -
TRINITY_DN350_c0_g1_i7:184-1185   -            334 51072at7898          -            473    2e-156  520.7  11.3   1   1  4.5e-159  2.4e-156  520.4  11.3     1   276    23   334    23   334 0.94 -
TRINITY_DN835_c0_g1_i9:298-1920   -            541 51072at7898          -            473     3e-85  286.0  10.6   1   1   2.2e-87   1.2e-84  284.0  10.6    15   469    36   533    19   536 0.83 -
TRINITY_DN835_c0_g1_i4:298-1920   -            541 51072at7898          -            473   4.3e-85  285.5  10.8   1   1   2.7e-87   1.4e-84  283.8  10.8    15   469    36   533    19   536 0.83 -
TRINITY_DN30084_c0_g1_i1:596-2233 -            546 51072at7898          -            473     3e-69  233.2   3.8   1   1   1.1e-71   5.8e-69  232.3   3.8    14   470    24   521    14   525 0.82 -
TRINITY_DN30084_c0_g1_i4:595-2232 -            546 51072at7898          -            473     3e-69  233.2   3.8   1   1   1.1e-71   5.8e-69  232.3   3.8    14   470    24   521    14   525 0.82 -
TRINITY_DN3243_c0_g1_i4:857-2419  -            521 51072at7898          -            473   6.5e-65  218.9   7.9   1   1   1.6e-67   8.4e-65  218.6   7.9     5   470    12   520     8   521 0.81 -
TRINITY_DN3243_c0_g1_i3:429-2003  -            525 51072at7898          -            473   9.1e-65  218.5   9.3   1   1   2.1e-67   1.1e-64  218.2   9.3     5   470    17   525    13   525 0.82 -
TRINITY_DN3243_c0_g1_i2:426-1988  -            521 51072at7898          -            473   1.3e-64  217.9   7.6   1   1   3.2e-67   1.7e-64  217.6   7.6     5   470    12   520     8   521 0.81 -
TRINITY_DN3243_c0_g1_i5:756-2318  -            521 51072at7898          -            473   1.3e-64  217.9   7.6   1   1   3.2e-67   1.7e-64  217.6   7.6     5   470    12   520     8   521 0.81 -
TRINITY_DN3243_c0_g1_i7:755-2317  -            521 51072at7898          -            473   1.3e-64  217.9   7.6   1   1   3.2e-67   1.7e-64  217.6   7.6     5   470    12   520     8   521 0.81 -
TRINITY_DN2602_c0_g1_i1:64-1734   -            557 51072at7898          -            473   6.5e-63  212.4  14.3   1   1     2e-65   1.1e-62  211.6  14.3     6   470    14   534     9   536 0.78 -
TRINITY_DN2819_c0_g1_i1:289-1878  -            530 51072at7898          -            473   8.5e-61  205.4  15.7   1   1   7.1e-63   3.8e-60  203.2  15.7     5   471    18   523    15   525 0.82 -
TRINITY_DN2637_c0_g1_i3:242-1876  -            545 51072at7898          -            473   1.6e-52  178.1   3.3   1   1   4.7e-55   2.5e-52  177.4   3.3    13   471    29   526    25   528 0.82 -
TRINITY_DN2637_c0_g1_i6:220-1854  -            545 51072at7898          -            473   1.6e-52  178.1   3.3   1   1   4.7e-55   2.5e-52  177.4   3.3    13   471    29   526    25   528 0.82 -
TRINITY_DN835_c0_g1_i1:297-1427   -            377 51072at7898          -            473   2.3e-52  177.6   2.5   1   1   5.2e-55   2.8e-52  177.3   2.5   124   469     4   369     2   372 0.84 -
TRINITY_DN2637_c0_g1_i10:370-1941 -            524 51072at7898          -            473   3.5e-52  177.0   2.7   1   1     1e-54   5.4e-52  176.3   2.7    13   469    29   524    25   524 0.82 -
TRINITY_DN2637_c0_g1_i13:347-1918 -            524 51072at7898          -            473   3.5e-52  177.0   2.7   1   1     1e-54   5.4e-52  176.3   2.7    13   469    29   524    25   524 0.82 -
TRINITY_DN835_c0_g1_i7:292-1329   -            346 51072at7898          -            473   2.2e-47  161.1   1.0   1   1   5.2e-50   2.8e-47  160.8   1.0   155   469     7   338     2   341 0.84 -
TRINITY_DN23228_c0_g1_i1:487-2079 -            531 51072at7898          -            473   6.2e-46  156.4   6.4   1   1   1.5e-48   7.8e-46  156.0   6.4    15   432    22   484    11   524 0.80 -
TRINITY_DN23228_c0_g1_i2:487-2079 -            531 51072at7898          -            473   6.2e-46  156.4   6.4   1   1   1.5e-48   7.8e-46  156.0   6.4    15   432    22   484    11   524 0.80 -
TRINITY_DN23228_c0_g1_i4:526-2118 -            531 51072at7898          -            473   6.2e-46  156.4   6.4   1   1   1.5e-48   7.8e-46  156.0   6.4    15   432    22   484    11   524 0.80 -
TRINITY_DN835_c0_g1_i5:326-757    -            144 51072at7898          -            473   2.9e-21   75.0   2.2   1   1   4.5e-23   2.4e-20   72.0   2.2    51   168     1   143     1   144 0.75 -
#
# Program:         hmmsearch
# Version:         3.1b2 (February 2015)
# Pipeline mode:   SEARCH
# Query file:      /home/ericjuo/Projects/salmo_trutta_rna_seq/busco_downloads/lineages/actinopterygii_odb10/hmms/51072at7898.hmm
# Target file:     /home/ericjuo/Projects/salmo_trutta_rna_seq/data/02_intermediate/busco/run_actinopterygii_odb10/metaeuk_output/initial_results/trinity.Trinity.fasta.modified.fas
# Option settings: hmmsearch --domtblout /home/ericjuo/Projects/salmo_trutta_rna_seq/data/02_intermediate/busco/run_actinopterygii_odb10/hmmer_output/initial_run_results/51072at7898.out --cpu 1 /home/ericjuo/Projects/salmo_trutta_rna_seq/busco_downloads/lineages/actinopterygii_odb10/hmms/51072at7898.hmm /home/ericjuo/Projects/salmo_trutta_rna_seq/data/02_intermediate/busco/run_actinopterygii_odb10/metaeuk_output/initial_results/trinity.Trinity.fasta.modified.fas 
# Current dir:     /home/ericjuo/Projects/salmo_trutta_rna_seq
# Date:            Fri Apr 29 12:53:48 2022
# [ok]
