#                                                                                         --- full sequence --- -------------- this domain -------------   hmm coord   ali coord   env coord
# target name                     accession   tlen query name           accession   qlen   E-value  score  bias   #  of  c-Evalue  i-Evalue  score  bias  from    to  from    to  from    to  acc description of target
#             ------------------- ---------- ----- -------------------- ---------- ----- --------- ------ ----- --- --- --------- --------- ------ ----- ----- ----- ----- ----- ----- ----- ---- ---------------------
TRINITY_DN36000_c0_g2_i1:17-889   -            291 56686at7898          -            419  7.4e-171  568.0   2.8   1   1  3.1e-170  1.1e-167  557.5   2.8   116   381     1   291     1   291 0.93 -
TRINITY_DN992_c0_g1_i12:90-1376   -            429 56686at7898          -            419   1.6e-88  296.8   0.0   1   1   4.8e-91   1.7e-88  296.7   0.0     3   411     3   426     1   429 0.91 -
TRINITY_DN992_c0_g1_i17:100-1386  -            429 56686at7898          -            419   1.6e-88  296.8   0.0   1   1   4.8e-91   1.7e-88  296.7   0.0     3   411     3   426     1   429 0.91 -
TRINITY_DN992_c0_g1_i1:93-1379    -            429 56686at7898          -            419   1.6e-88  296.8   0.0   1   1   4.8e-91   1.7e-88  296.7   0.0     3   411     3   426     1   429 0.91 -
TRINITY_DN1509_c1_g1_i1:49-1335   -            429 56686at7898          -            419   3.4e-88  295.7   0.0   1   1     1e-90   3.8e-88  295.5   0.0     3   411     3   426     1   429 0.91 -
TRINITY_DN992_c0_g1_i20:93-1379   -            429 56686at7898          -            419     5e-88  295.2   0.0   1   1   1.5e-90   5.6e-88  295.0   0.0     3   411     3   426     1   429 0.91 -
TRINITY_DN992_c0_g1_i22:90-1376   -            429 56686at7898          -            419     5e-88  295.2   0.0   1   1   1.5e-90   5.6e-88  295.0   0.0     3   411     3   426     1   429 0.91 -
TRINITY_DN992_c0_g1_i13:93-1379   -            429 56686at7898          -            419   7.9e-88  294.5   0.0   1   1   2.4e-90   8.8e-88  294.3   0.0     3   411     3   426     1   429 0.91 -
TRINITY_DN992_c0_g1_i21:90-1376   -            429 56686at7898          -            419   7.9e-88  294.5   0.0   1   1   2.4e-90   8.8e-88  294.3   0.0     3   411     3   426     1   429 0.91 -
TRINITY_DN992_c0_g1_i9:100-1386   -            429 56686at7898          -            419   7.9e-88  294.5   0.0   1   1   2.4e-90   8.8e-88  294.3   0.0     3   411     3   426     1   429 0.91 -
TRINITY_DN34_c0_g1_i1:224-1528    -            435 56686at7898          -            419   1.7e-76  257.2   0.0   1   1   5.2e-79   1.9e-76  257.0   0.0     2   409     2   434     1   435 0.87 -
TRINITY_DN13698_c0_g1_i2:2-1198   -            399 56686at7898          -            419   3.8e-76  256.0   0.0   1   1   1.2e-78   4.2e-76  255.9   0.0    17   398     1   397     1   399 0.90 -
TRINITY_DN34_c0_g1_i15:606-1901   -            432 56686at7898          -            419   1.4e-75  254.1   0.0   1   1   4.4e-78   1.6e-75  253.9   0.0     2   407     2   432     1   432 0.87 -
TRINITY_DN34_c0_g1_i18:231-1526   -            432 56686at7898          -            419   1.4e-75  254.1   0.0   1   1   4.4e-78   1.6e-75  253.9   0.0     2   407     2   432     1   432 0.87 -
TRINITY_DN34_c0_g1_i21:637-1932   -            432 56686at7898          -            419   1.4e-75  254.1   0.0   1   1   4.4e-78   1.6e-75  253.9   0.0     2   407     2   432     1   432 0.87 -
TRINITY_DN34_c0_g1_i5:98-1393     -            432 56686at7898          -            419   1.5e-75  254.1   0.0   1   1   4.5e-78   1.7e-75  253.9   0.0     2   407     2   432     1   432 0.87 -
TRINITY_DN992_c0_g1_i11:93-1226   -            378 56686at7898          -            419   1.7e-75  253.8   0.0   1   1   5.3e-78   1.9e-75  253.7   0.0     3   364     3   377     1   378 0.90 -
TRINITY_DN992_c0_g1_i5:93-1226    -            378 56686at7898          -            419   3.9e-75  252.7   0.0   1   1   1.2e-77   4.4e-75  252.5   0.0     3   364     3   377     1   378 0.90 -
TRINITY_DN49504_c0_g1_i1:49-1344  -            432 56686at7898          -            419   4.4e-75  252.5   0.0   1   1   1.4e-77     5e-75  252.3   0.0     3   407     3   432     1   432 0.87 -
TRINITY_DN36246_c0_g1_i1:138-1415 -            426 56686at7898          -            419     9e-75  251.5   0.0   1   1   2.8e-77     1e-74  251.3   0.0     2   396     2   422     1   426 0.87 -
TRINITY_DN67328_c0_g1_i1:10-1293  -            428 56686at7898          -            419   5.3e-73  245.6   0.0   1   1   1.6e-75     6e-73  245.5   0.0     2   407     2   428     1   428 0.87 -
TRINITY_DN54438_c0_g1_i1:52-1356  -            435 56686at7898          -            419   8.5e-72  241.7   0.0   1   1   2.6e-74   9.5e-72  241.5   0.0     3   410     3   433     1   435 0.89 -
TRINITY_DN36246_c0_g1_i2:210-1247 -            346 56686at7898          -            419   1.4e-64  217.9   0.0   1   1   4.3e-67   1.6e-64  217.7   0.0    68   393     2   340     1   346 0.88 -
TRINITY_DN9354_c0_g2_i1:0-998     -            333 56686at7898          -            419   5.3e-56  189.7   0.0   1   1   1.6e-58   5.7e-56  189.5   0.0     5   313     3   327     1   333 0.83 -
TRINITY_DN9354_c0_g2_i2:0-998     -            333 56686at7898          -            419   5.3e-56  189.7   0.0   1   1   1.6e-58   5.7e-56  189.5   0.0     5   313     3   327     1   333 0.83 -
TRINITY_DN784_c0_g2_i1:145-936    -            264 56686at7898          -            419   2.3e-54  184.2   0.0   1   1   7.3e-57   2.6e-54  184.1   0.0     1   253     1   264     1   264 0.91 -
TRINITY_DN784_c0_g3_i1:23-814     -            264 56686at7898          -            419   7.2e-53  179.3   0.0   1   1   2.3e-55   8.2e-53  179.1   0.0     2   253     2   264     1   264 0.90 -
TRINITY_DN784_c0_g3_i6:23-814     -            264 56686at7898          -            419   9.3e-53  179.0   0.0   1   1   2.9e-55   1.1e-52  178.8   0.0     2   253     2   264     1   264 0.90 -
TRINITY_DN784_c0_g3_i2:23-814     -            264 56686at7898          -            419   1.5e-52  178.3   0.0   1   1   4.6e-55   1.7e-52  178.1   0.0     2   253     2   264     1   264 0.90 -
TRINITY_DN13698_c0_g1_i6:1-699    -            233 56686at7898          -            419   1.8e-44  151.7   0.0   1   1   5.5e-47     2e-44  151.5   0.0    17   240     1   233     1   233 0.91 -
TRINITY_DN23933_c0_g1_i3:0-764    -            255 56686at7898          -            419   3.5e-42  144.1   0.0   1   1   1.1e-44     4e-42  143.9   0.0   168   409     1   254     1   255 0.86 -
TRINITY_DN34_c0_g1_i8:0-770       -            257 56686at7898          -            419   4.1e-41  140.6   0.0   1   1   1.2e-43   4.5e-41  140.5   0.0   158   396     1   252     1   257 0.84 -
TRINITY_DN34_c0_g1_i10:0-770      -            257 56686at7898          -            419   6.5e-41  139.9   0.0   1   1     2e-43   7.1e-41  139.8   0.0   158   396     1   252     1   257 0.84 -
TRINITY_DN992_c0_g1_i10:0-530     -            177 56686at7898          -            419   6.2e-30  103.8   0.0   1   1   1.9e-32   6.7e-30  103.7   0.0   245   411     2   174     1   177 0.89 -
TRINITY_DN34_c0_g1_i20:230-817    -            196 56686at7898          -            419   6.7e-30  103.7   0.0   1   1     2e-32   7.4e-30  103.5   0.0   230   409     2   195     1   196 0.85 -
TRINITY_DN34_c0_g1_i7:246-833     -            196 56686at7898          -            419   6.7e-30  103.7   0.0   1   1     2e-32   7.4e-30  103.5   0.0   230   409     2   195     1   196 0.85 -
TRINITY_DN4936_c0_g1_i1:9-533     -            175 56686at7898          -            419   2.2e-21   75.6   0.0   1   1   6.8e-24   2.5e-21   75.4   0.0   244   401     2   173     1   175 0.81 -
TRINITY_DN4936_c0_g1_i2:9-533     -            175 56686at7898          -            419   2.2e-21   75.6   0.0   1   1   6.8e-24   2.5e-21   75.4   0.0   244   401     2   173     1   175 0.81 -
#
# Program:         hmmsearch
# Version:         3.1b2 (February 2015)
# Pipeline mode:   SEARCH
# Query file:      /home/ericjuo/Projects/salmo_trutta_rna_seq/busco_downloads/lineages/actinopterygii_odb10/hmms/56686at7898.hmm
# Target file:     /home/ericjuo/Projects/salmo_trutta_rna_seq/data/02_intermediate/busco/run_actinopterygii_odb10/metaeuk_output/initial_results/trinity.Trinity.fasta.modified.fas
# Option settings: hmmsearch --domtblout /home/ericjuo/Projects/salmo_trutta_rna_seq/data/02_intermediate/busco/run_actinopterygii_odb10/hmmer_output/initial_run_results/56686at7898.out --cpu 1 /home/ericjuo/Projects/salmo_trutta_rna_seq/busco_downloads/lineages/actinopterygii_odb10/hmms/56686at7898.hmm /home/ericjuo/Projects/salmo_trutta_rna_seq/data/02_intermediate/busco/run_actinopterygii_odb10/metaeuk_output/initial_results/trinity.Trinity.fasta.modified.fas 
# Current dir:     /home/ericjuo/Projects/salmo_trutta_rna_seq
# Date:            Fri Apr 29 12:53:50 2022
# [ok]
