#                                                                                          --- full sequence --- -------------- this domain -------------   hmm coord   ali coord   env coord
# target name                      accession   tlen query name           accession   qlen   E-value  score  bias   #  of  c-Evalue  i-Evalue  score  bias  from    to  from    to  from    to  acc description of target
#              ------------------- ---------- ----- -------------------- ---------- ----- --------- ------ ----- --- --- --------- --------- ------ ----- ----- ----- ----- ----- ----- ----- ---- ---------------------
TRINITY_DN1158_c0_g1_i11:522-1430  -            303 58402at7898          -            350   1.2e-78  264.5   1.9   1   1   2.8e-81   1.5e-78  264.2   1.9     1   263     1   272     1   291 0.80 -
TRINITY_DN1158_c0_g1_i17:522-1430  -            303 58402at7898          -            350   1.2e-78  264.5   1.9   1   1   2.8e-81   1.5e-78  264.2   1.9     1   263     1   272     1   291 0.80 -
TRINITY_DN37651_c0_g1_i1:344-1204  -            287 58402at7898          -            350   2.4e-09   36.6   0.1   1   2   1.7e-05    0.0091   15.0   0.1    16   113    28   127    23   173 0.76 -
TRINITY_DN37651_c0_g1_i1:344-1204  -            287 58402at7898          -            350   2.4e-09   36.6   0.1   2   2   6.5e-07   0.00034   19.7   0.0    17    74   177   239   170   279 0.80 -
TRINITY_DN22268_c0_g1_i1:332-1150  -            273 58402at7898          -            350   5.9e-09   35.4   0.1   1   2     3e-05     0.016   14.2   0.0    17    77    26    89    16   107 0.81 -
TRINITY_DN22268_c0_g1_i1:332-1150  -            273 58402at7898          -            350   5.9e-09   35.4   0.1   2   2     8e-07   0.00042   19.4   0.0     9    68   147   213   142   268 0.83 -
TRINITY_DN31043_c1_g3_i1:110-877   -            256 58402at7898          -            350   3.6e-08   32.8   0.0   1   2   0.00044      0.23   10.4   0.0    22    64     6    49     1    66 0.87 -
TRINITY_DN31043_c1_g3_i1:110-877   -            256 58402at7898          -            350   3.6e-08   32.8   0.0   2   2   3.6e-07   0.00019   20.5   0.0    12    78   162   224   151   255 0.76 -
TRINITY_DN6382_c0_g1_i1:1-1749     -            583 58402at7898          -            350   1.8e-07   30.5   0.8   1   4    0.0055       2.9    6.8   0.0    35   124     1    82     1    89 0.77 -
TRINITY_DN6382_c0_g1_i1:1-1749     -            583 58402at7898          -            350   1.8e-07   30.5   0.8   2   4      0.12        67    2.3   0.0     9    64   119   176   112   183 0.70 -
TRINITY_DN6382_c0_g1_i1:1-1749     -            583 58402at7898          -            350   1.8e-07   30.5   0.8   3   4   9.7e-05     0.051   12.5   0.1    24   124   360   451   344   458 0.73 -
TRINITY_DN6382_c0_g1_i1:1-1749     -            583 58402at7898          -            350   1.8e-07   30.5   0.8   4   4      0.06        32    3.3   0.0    35    64   516   545   481   551 0.74 -
TRINITY_DN6382_c0_g1_i7:1-1755     -            585 58402at7898          -            350     2e-07   30.3   0.8   1   4    0.0055       2.9    6.7   0.0    35   124     1    82     1    89 0.77 -
TRINITY_DN6382_c0_g1_i7:1-1755     -            585 58402at7898          -            350     2e-07   30.3   0.8   2   4      0.13        67    2.3   0.0     9    64   119   176   112   183 0.70 -
TRINITY_DN6382_c0_g1_i7:1-1755     -            585 58402at7898          -            350     2e-07   30.3   0.8   3   4   8.7e-05     0.046   12.7   0.1    23   124   361   453   346   460 0.73 -
TRINITY_DN6382_c0_g1_i7:1-1755     -            585 58402at7898          -            350     2e-07   30.3   0.8   4   4      0.06        32    3.3   0.0    35    64   518   547   483   553 0.74 -
TRINITY_DN2390_c0_g2_i2:90-3545    -           1152 58402at7898          -            350   6.6e-07   28.6   0.1   1   2   6.6e-09   3.5e-06   26.2   0.0    19   108     6    92     2    99 0.86 -
TRINITY_DN2390_c0_g2_i2:90-3545    -           1152 58402at7898          -            350   6.6e-07   28.6   0.1   2   2       1.4   7.6e+02   -1.2   0.0    41    62   398   419   384   427 0.79 -
TRINITY_DN6382_c0_g1_i13:5-1663    -            553 58402at7898          -            350   1.1e-06   27.9   0.2   1   3    0.0062       3.3    6.6   0.0    34    65    45    76    11    89 0.76 -
TRINITY_DN6382_c0_g1_i13:5-1663    -            553 58402at7898          -            350   1.1e-06   27.9   0.2   2   3   3.8e-05      0.02   13.9   0.0    25   124   331   421   313   428 0.72 -
TRINITY_DN6382_c0_g1_i13:5-1663    -            553 58402at7898          -            350   1.1e-06   27.9   0.2   3   3     0.056        30    3.4   0.0    35    64   486   515   451   521 0.74 -
TRINITY_DN6382_c0_g1_i6:5-1663     -            553 58402at7898          -            350   1.1e-06   27.8   0.2   1   3    0.0065       3.4    6.5   0.0    34    65    45    76    11    85 0.75 -
TRINITY_DN6382_c0_g1_i6:5-1663     -            553 58402at7898          -            350   1.1e-06   27.8   0.2   2   3   3.8e-05      0.02   13.9   0.0    25   124   331   421   313   428 0.72 -
TRINITY_DN6382_c0_g1_i6:5-1663     -            553 58402at7898          -            350   1.1e-06   27.8   0.2   3   3     0.056        30    3.4   0.0    35    64   486   515   451   521 0.74 -
TRINITY_DN6382_c0_g1_i16:5-1702    -            566 58402at7898          -            350   1.3e-06   27.7   0.2   1   3    0.0064       3.4    6.5   0.0    34    65    45    76    11    89 0.76 -
TRINITY_DN6382_c0_g1_i16:5-1702    -            566 58402at7898          -            350   1.3e-06   27.7   0.2   2   3     4e-05     0.021   13.8   0.0    25   124   344   434   326   441 0.72 -
TRINITY_DN6382_c0_g1_i16:5-1702    -            566 58402at7898          -            350   1.3e-06   27.7   0.2   3   3     0.058        31    3.4   0.0    35    64   499   528   464   534 0.74 -
TRINITY_DN30679_c0_g1_i5:8-1060    -            351 58402at7898          -            350   9.3e-06   24.8   0.0   1   1   2.7e-08   1.4e-05   24.2   0.0    43   143   107   202    70   208 0.80 -
TRINITY_DN16722_c0_g3_i10:199-1392 -            398 58402at7898          -            350   1.1e-05   24.7   0.0   1   1     3e-08   1.6e-05   24.1   0.0    15   143   115   244   108   249 0.77 -
TRINITY_DN30679_c0_g1_i3:254-1354  -            367 58402at7898          -            350   1.2e-05   24.5   0.0   1   1   3.5e-08   1.9e-05   23.9   0.0    43   143   117   212    80   218 0.80 -
TRINITY_DN30679_c0_g1_i4:254-1354  -            367 58402at7898          -            350   1.2e-05   24.5   0.0   1   1   3.5e-08   1.9e-05   23.9   0.0    43   143   117   212    80   218 0.80 -
TRINITY_DN16722_c0_g3_i4:126-1718  -            531 58402at7898          -            350   1.7e-05   24.0   0.0   1   1   5.1e-08   2.7e-05   23.3   0.0    15   143   248   377   241   382 0.77 -
TRINITY_DN16722_c0_g3_i6:259-1931  -            531 58402at7898          -            350   1.7e-05   24.0   0.0   1   1   5.1e-08   2.7e-05   23.3   0.0    15   143   248   377   241   382 0.77 -
TRINITY_DN16722_c0_g3_i7:626-2218  -            531 58402at7898          -            350   1.7e-05   24.0   0.0   1   1   5.1e-08   2.7e-05   23.3   0.0    15   143   248   377   241   382 0.77 -
TRINITY_DN16722_c0_g3_i9:259-1851  -            531 58402at7898          -            350   1.7e-05   24.0   0.0   1   1   5.1e-08   2.7e-05   23.3   0.0    15   143   248   377   241   382 0.77 -
TRINITY_DN2390_c0_g1_i6:21-3065    -           1015 58402at7898          -            350    0.0011   18.0   0.0   1   2    0.0072       3.9    6.4   0.0    14    67    94   147    84   202 0.79 -
TRINITY_DN2390_c0_g1_i6:21-3065    -           1015 58402at7898          -            350    0.0011   18.0   0.0   2   2   0.00091      0.49    9.3   0.0    15    72   509   566   504   602 0.67 -
TRINITY_DN2390_c0_g1_i7:21-3256    -           1034 58402at7898          -            350    0.0011   18.0   0.0   1   2    0.0074         4    6.3   0.0    14    67    94   147    84   201 0.79 -
TRINITY_DN2390_c0_g1_i7:21-3256    -           1034 58402at7898          -            350    0.0011   18.0   0.0   2   2   0.00094       0.5    9.3   0.0    15    72   528   585   523   621 0.67 -
TRINITY_DN6382_c1_g1_i1:340-2328   -            663 58402at7898          -            350     0.011   14.8   0.0   1   1   4.4e-05     0.024   13.6   0.0    20   126   324   422   309   429 0.71 -
TRINITY_DN6382_c1_g1_i2:340-2364   -            675 58402at7898          -            350     0.011   14.7   0.0   1   1   4.5e-05     0.024   13.6   0.0    20   126   324   422   309   429 0.71 -
TRINITY_DN26665_c0_g2_i3:589-1398  -            270 58402at7898          -            350     0.016   14.2   0.2   1   2   5.8e-05     0.031   13.3   0.1    42   143    20   122    16   149 0.77 -
TRINITY_DN26665_c0_g2_i3:589-1398  -            270 58402at7898          -            350     0.016   14.2   0.2   2   2       4.4   2.4e+03   -2.8   0.0    44    62   172   190   164   197 0.79 -
TRINITY_DN26665_c0_g2_i7:559-1572  -            338 58402at7898          -            350      0.02   13.9   0.1   1   2   6.3e-05     0.034   13.1   0.0    42   143    78   180    46   197 0.77 -
TRINITY_DN26665_c0_g2_i7:559-1572  -            338 58402at7898          -            350      0.02   13.9   0.1   2   2       6.9   3.7e+03   -3.4   0.0    44    62   230   248   227   253 0.77 -
TRINITY_DN6683_c0_g1_i7:308-2746   -            813 58402at7898          -            350     0.085   11.8   0.0   1   3    0.0099       5.3    5.9   0.0    30    67   307   342   272   399 0.64 -
TRINITY_DN6683_c0_g1_i7:308-2746   -            813 58402at7898          -            350     0.085   11.8   0.0   2   3     0.094        50    2.7   0.0    33    66   457   490   423   569 0.79 -
TRINITY_DN6683_c0_g1_i7:308-2746   -            813 58402at7898          -            350     0.085   11.8   0.0   3   3       4.6   2.5e+03   -2.9   0.0    49    67   741   759   736   767 0.76 -
#
# Program:         hmmsearch
# Version:         3.1b2 (February 2015)
# Pipeline mode:   SEARCH
# Query file:      /home/ericjuo/Projects/salmo_trutta_rna_seq/busco_downloads/lineages/actinopterygii_odb10/hmms/58402at7898.hmm
# Target file:     /home/ericjuo/Projects/salmo_trutta_rna_seq/data/02_intermediate/busco/run_actinopterygii_odb10/metaeuk_output/initial_results/trinity.Trinity.fasta.modified.fas
# Option settings: hmmsearch --domtblout /home/ericjuo/Projects/salmo_trutta_rna_seq/data/02_intermediate/busco/run_actinopterygii_odb10/hmmer_output/initial_run_results/58402at7898.out --cpu 1 /home/ericjuo/Projects/salmo_trutta_rna_seq/busco_downloads/lineages/actinopterygii_odb10/hmms/58402at7898.hmm /home/ericjuo/Projects/salmo_trutta_rna_seq/data/02_intermediate/busco/run_actinopterygii_odb10/metaeuk_output/initial_results/trinity.Trinity.fasta.modified.fas 
# Current dir:     /home/ericjuo/Projects/salmo_trutta_rna_seq
# Date:            Fri Apr 29 12:54:04 2022
# [ok]
