#                                                                                           --- full sequence --- -------------- this domain -------------   hmm coord   ali coord   env coord
# target name                       accession   tlen query name           accession   qlen   E-value  score  bias   #  of  c-Evalue  i-Evalue  score  bias  from    to  from    to  from    to  acc description of target
#               ------------------- ---------- ----- -------------------- ---------- ----- --------- ------ ----- --- --- --------- --------- ------ ----- ----- ----- ----- ----- ----- ----- ---- ---------------------
TRINITY_DN37615_c0_g2_i1:136-816    -            227 62269at7898          -            355  1.3e-131  437.9   1.0   1   1  1.4e-132  2.7e-130  433.6   1.0     1   208     1   227     1   227 0.97 -
TRINITY_DN40585_c0_g1_i1:218-1054   -            279 62269at7898          -            355   1.1e-40  138.9   0.3   1   1   7.9e-42   1.5e-39  135.1   0.3   120   335     2   232     1   247 0.84 -
TRINITY_DN68517_c0_g1_i1:267-1163   -            299 62269at7898          -            355   2.1e-39  134.7   0.2   1   1   1.3e-40   2.6e-38  131.1   0.2   119   312    18   225    12   250 0.85 -
TRINITY_DN43367_c0_g1_i2:60-1019    -            320 62269at7898          -            355   1.6e-38  131.7   2.2   1   1   2.3e-39   4.5e-37  127.0   2.2   119   332    42   272    37   284 0.83 -
TRINITY_DN43367_c0_g1_i1:334-1125   -            264 62269at7898          -            355   6.6e-38  129.7   2.1   1   1   1.2e-38   2.3e-36  124.7   2.1   119   320    42   259    39   263 0.84 -
TRINITY_DN6539_c0_g1_i17:207-1076   -            290 62269at7898          -            355   1.3e-37  128.8   1.0   1   1   1.3e-38   2.5e-36  124.5   1.0   119   316     7   223     4   245 0.80 -
TRINITY_DN28350_c0_g1_i1:276-1199   -            308 62269at7898          -            355   7.4e-37  126.3   2.9   1   1   5.8e-38   1.1e-35  122.4   2.9   117   301    30   226    26   254 0.82 -
TRINITY_DN6539_c0_g1_i12:742-1611   -            290 62269at7898          -            355   1.4e-36  125.4   1.9   1   1     7e-37   1.4e-34  118.8   1.9   118   313     6   225     2   286 0.72 -
TRINITY_DN6539_c0_g1_i8:739-1611    -            291 62269at7898          -            355   1.7e-36  125.1   1.9   1   1   8.8e-37   1.7e-34  118.5   1.9   118   318     7   228     3   287 0.73 -
TRINITY_DN6539_c0_g1_i26:742-1611   -            290 62269at7898          -            355   1.8e-36  125.0   1.5   1   1     9e-37   1.8e-34  118.5   1.5   118   313     6   225     2   286 0.72 -
TRINITY_DN14940_c1_g1_i1:216-1082   -            289 62269at7898          -            355   2.5e-36  124.6   0.4   1   2   1.9e-06   0.00036   18.8   0.1   121   161     3    43     1    52 0.89 -
TRINITY_DN14940_c1_g1_i1:216-1082   -            289 62269at7898          -            355   2.5e-36  124.6   0.4   2   2   1.9e-32   3.7e-30  104.3   0.0   163   332    65   237    53   255 0.84 -
TRINITY_DN6539_c0_g1_i15:728-1597   -            290 62269at7898          -            355   3.2e-36  124.2   1.5   1   1   1.6e-36   3.2e-34  117.6   1.5   118   312     6   222     2   285 0.78 -
TRINITY_DN6539_c0_g1_i20:742-1611   -            290 62269at7898          -            355   3.2e-36  124.2   1.5   1   1   1.6e-36   3.2e-34  117.6   1.5   118   312     6   222     2   285 0.78 -
TRINITY_DN37584_c0_g1_i1:65-631     -            189 62269at7898          -            355     2e-35  121.6   0.6   1   2   7.9e-08   1.5e-05   23.3   0.1   119   161     8    50     3    57 0.89 -
TRINITY_DN37584_c0_g1_i1:65-631     -            189 62269at7898          -            355     2e-35  121.6   0.6   2   2   3.1e-30   6.1e-28   97.0   0.0   163   283    72   189    66   189 0.96 -
TRINITY_DN6539_c0_g1_i22:728-1597   -            290 62269at7898          -            355   1.3e-34  119.0   2.4   1   1   6.2e-35   1.2e-32  112.4   2.4   118   313     6   225     2   286 0.73 -
TRINITY_DN37515_c0_g1_i1:226-963    -            246 62269at7898          -            355   5.1e-34  117.0   0.1   1   1   3.2e-36   6.3e-34  116.7   0.1   162   300    24   160     6   189 0.88 -
TRINITY_DN49815_c0_g1_i1:321-1238   -            306 62269at7898          -            355   7.5e-33  113.1   0.5   1   1   4.6e-34   8.9e-32  109.6   0.5   119   309    26   235    18   253 0.81 -
TRINITY_DN43367_c0_g2_i1:158-748    -            197 62269at7898          -            355   3.5e-25   87.9   0.1   1   1   2.1e-27   4.1e-25   87.7   0.1   185   333     1   148     1   162 0.86 -
TRINITY_DN6539_c0_g1_i14:137-601    -            155 62269at7898          -            355   5.1e-23   80.8   0.1   1   2     2e-11   3.9e-09   35.1   0.3   118   167    20    68    10    77 0.90 -
TRINITY_DN6539_c0_g1_i14:137-601    -            155 62269at7898          -            355   5.1e-23   80.8   0.1   2   2   4.2e-14   8.3e-12   43.9   0.0   161   236    81   155    71   155 0.91 -
TRINITY_DN6539_c0_g1_i2:135-629     -            165 62269at7898          -            355     9e-21   73.4   0.1   1   1   1.2e-21   2.3e-19   68.8   0.1   119   236    31   165    26   165 0.82 -
TRINITY_DN20765_c0_g1_i1:331-1277   -            205 62269at7898          -            355   3.5e-20   71.5   0.1   1   1   6.5e-22   1.3e-19   69.6   0.1   118   232     6   132     2   140 0.83 -
TRINITY_DN20765_c0_g1_i2:331-1199   -            205 62269at7898          -            355   3.5e-20   71.5   0.1   1   1   6.5e-22   1.3e-19   69.6   0.1   118   232     6   132     2   140 0.83 -
TRINITY_DN17683_c1_g1_i3:169-777    -            203 62269at7898          -            355   5.8e-20   70.7   1.2   1   1   1.6e-20   3.2e-18   65.0   1.2   118   298     2   195     1   198 0.75 -
TRINITY_DN2149_c1_g3_i1:0-569       -            190 62269at7898          -            355   3.3e-15   55.1   0.1   1   1   8.9e-17   1.7e-14   52.7   0.1   199   309     5   116     1   178 0.77 -
TRINITY_DN630_c0_g1_i1:1151-1696    -            182 62269at7898          -            355   1.9e-07   29.6   0.1   1   1   3.7e-09   7.2e-07   27.7   0.1   114   244    10   160     3   180 0.71 -
TRINITY_DN630_c0_g1_i2:508-1293     -            262 62269at7898          -            355   2.2e-06   26.1   0.1   1   1   4.4e-08   8.6e-06   24.1   0.1   116   239     2   144     1   159 0.70 -
TRINITY_DN68327_c0_g1_i1:455-1105   -            217 62269at7898          -            355   1.9e-05   23.0   0.1   1   2   5.2e-06     0.001   17.3   0.0   116   156     7    47     3    64 0.86 -
TRINITY_DN68327_c0_g1_i1:455-1105   -            217 62269at7898          -            355   1.9e-05   23.0   0.1   2   2     0.064        13    3.8   0.0   182   241   112   174    86   183 0.73 -
TRINITY_DN10178_c0_g1_i1:507-1085   -            193 62269at7898          -            355   2.1e-05   22.8   0.2   1   1   2.8e-07   5.4e-05   21.5   0.2   119   220     1   122     1   145 0.67 -
TRINITY_DN10178_c0_g1_i3:507-1085   -            193 62269at7898          -            355   2.1e-05   22.8   0.2   1   1   2.8e-07   5.4e-05   21.5   0.2   119   220     1   122     1   145 0.67 -
TRINITY_DN2530_c0_g1_i8:130-975     -            282 62269at7898          -            355   3.2e-05   22.3   1.2   1   1   6.3e-07   0.00012   20.3   1.0   118   170    33    84    28   180 0.81 -
TRINITY_DN53217_c0_g1_i1:353-1069   -            239 62269at7898          -            355   4.2e-05   21.9   0.3   1   2   7.4e-06    0.0014   16.8   0.0   123   168     1    45     1    60 0.85 -
TRINITY_DN53217_c0_g1_i1:353-1069   -            239 62269at7898          -            355   4.2e-05   21.9   0.3   2   2     0.077        15    3.6   0.0   183   240    84   144    63   184 0.83 -
TRINITY_DN11108_c0_g2_i1:1153-1926  -            258 62269at7898          -            355   5.5e-05   21.5   0.4   1   2   6.4e-05     0.013   13.7   0.1   116   154     9    47     2    57 0.87 -
TRINITY_DN11108_c0_g2_i1:1153-1926  -            258 62269at7898          -            355   5.5e-05   21.5   0.4   2   2     0.014       2.8    6.0   0.0   250   308   146   203   120   208 0.88 -
TRINITY_DN3843_c0_g1_i2:509-1396    -            296 62269at7898          -            355   0.00013   20.2   0.0   1   2   1.6e-06   0.00031   19.0   0.0   105   161    19    75     7    87 0.84 -
TRINITY_DN3843_c0_g1_i2:509-1396    -            296 62269at7898          -            355   0.00013   20.2   0.0   2   2         7   1.4e+03   -2.9   0.0   270   300   188   218   184   223 0.81 -
TRINITY_DN3843_c0_g1_i1:439-1338    -            300 62269at7898          -            355   0.00013   20.2   0.0   1   2   1.6e-06   0.00032   19.0   0.0   105   161    18    74     6    86 0.84 -
TRINITY_DN3843_c0_g1_i1:439-1338    -            300 62269at7898          -            355   0.00013   20.2   0.0   2   2       7.2   1.4e+03   -2.9   0.0   270   300   187   217   183   222 0.81 -
TRINITY_DN3440_c0_g2_i4:27-1214     -            396 62269at7898          -            355   0.00017   19.8   0.0   1   1   1.4e-06   0.00028   19.2   0.0    59    93   111   145    98   154 0.73 -
TRINITY_DN20082_c0_g1_i1:475-1209   -            245 62269at7898          -            355    0.0002   19.6   0.0   1   1   1.9e-06   0.00036   18.8   0.0   121   241     7   140     2   162 0.73 -
TRINITY_DN2530_c0_g1_i6:65-931      -            289 62269at7898          -            355   0.00024   19.4   1.1   1   2   2.3e-06   0.00045   18.5   0.4   117   166    39    87    24   101 0.85 -
TRINITY_DN2530_c0_g1_i6:65-931      -            289 62269at7898          -            355   0.00024   19.4   1.1   2   2       2.1     4e+02   -1.1   0.0   185   238   123   180   108   235 0.69 -
TRINITY_DN3440_c0_g2_i1:963-2162    -            400 62269at7898          -            355   0.00029   19.1   0.0   1   1   2.3e-06   0.00045   18.4   0.0    59    93   111   145    98   154 0.76 -
TRINITY_DN3440_c0_g2_i6:963-2162    -            400 62269at7898          -            355   0.00029   19.1   0.0   1   1   2.3e-06   0.00045   18.4   0.0    59    93   111   145    98   154 0.76 -
TRINITY_DN60337_c0_g1_i1:210-1115   -            302 62269at7898          -            355   0.00034   18.9   0.0   1   2   7.2e-06    0.0014   16.8   0.0   115   163    11    59     6   158 0.88 -
TRINITY_DN60337_c0_g1_i1:210-1115   -            302 62269at7898          -            355   0.00034   18.9   0.0   2   2       1.3   2.5e+02   -0.5   0.0   273   299   170   196   162   206 0.82 -
TRINITY_DN14349_c0_g2_i1:1689-2420  -            244 62269at7898          -            355   0.00037   18.7   0.7   1   1    0.0001      0.02   13.0   0.7   123   227     2   128     1   195 0.68 -
TRINITY_DN1201_c0_g1_i5:253-1017    -            255 62269at7898          -            355    0.0011   17.2   0.5   1   2   1.7e-05    0.0033   15.6   0.2   120   157    10    47     4    58 0.86 -
TRINITY_DN1201_c0_g1_i5:253-1017    -            255 62269at7898          -            355    0.0011   17.2   0.5   2   2       2.5   4.9e+02   -1.4   0.0   278   301   172   195   156   199 0.76 -
TRINITY_DN1342_c0_g1_i12:201-749    -            183 62269at7898          -            355    0.0014   16.9   0.0   1   1   4.7e-05    0.0092   14.2   0.0   123   235     2   134     1   143 0.65 -
TRINITY_DN1342_c0_g1_i20:201-749    -            183 62269at7898          -            355    0.0014   16.9   0.0   1   1   4.7e-05    0.0092   14.2   0.0   123   235     2   134     1   143 0.65 -
TRINITY_DN4859_c1_g1_i1:116-673     -            186 62269at7898          -            355    0.0026   16.0   0.1   1   1   5.6e-05     0.011   13.9   0.1   123   238     1   137     1   149 0.68 -
TRINITY_DN60771_c0_g1_i1:38-685     -            216 62269at7898          -            355    0.0044   15.2   0.1   1   2    0.0013      0.25    9.4   0.0   116   158     4    46     2    62 0.83 -
TRINITY_DN60771_c0_g1_i1:38-685     -            216 62269at7898          -            355    0.0044   15.2   0.1   2   2      0.06        12    3.9   0.0   168   237    97   170    90   180 0.70 -
TRINITY_DN3727_c0_g1_i12:2-859      -            286 62269at7898          -            355    0.0078   14.4   0.0   1   2   0.00066      0.13   10.4   0.0   115   238    16   157    11   173 0.60 -
TRINITY_DN3727_c0_g1_i12:2-859      -            286 62269at7898          -            355    0.0078   14.4   0.0   2   2      0.29        57    1.7   0.0   271   302   173   204   165   239 0.82 -
TRINITY_DN3727_c0_g1_i7:158-1078    -            307 62269at7898          -            355    0.0089   14.2   0.0   1   2   0.00092      0.18    9.9   0.0   115   238    16   157    11   165 0.57 -
TRINITY_DN3727_c0_g1_i7:158-1078    -            307 62269at7898          -            355    0.0089   14.2   0.0   2   2      0.28        54    1.7   0.0   271   303   173   205   167   229 0.79 -
TRINITY_DN3727_c0_g1_i3:209-1147    -            313 62269at7898          -            355     0.011   13.9   0.0   1   2   0.00081      0.16   10.1   0.0   115   238    18   159    13   175 0.59 -
TRINITY_DN3727_c0_g1_i3:209-1147    -            313 62269at7898          -            355     0.011   13.9   0.0   2   2      0.45        88    1.0   0.0   271   301   175   205   169   215 0.79 -
TRINITY_DN3727_c0_g1_i8:209-1147    -            313 62269at7898          -            355     0.011   13.9   0.0   1   2   0.00081      0.16   10.1   0.0   115   238    18   159    13   175 0.59 -
TRINITY_DN3727_c0_g1_i8:209-1147    -            313 62269at7898          -            355     0.011   13.9   0.0   2   2      0.45        88    1.0   0.0   271   301   175   205   169   215 0.79 -
TRINITY_DN49709_c0_g1_i2:42-926     -            295 62269at7898          -            355     0.011   13.8   0.3   1   2    0.0019      0.36    8.9   0.0   122   155    54    87    41   105 0.84 -
TRINITY_DN49709_c0_g1_i2:42-926     -            295 62269at7898          -            355     0.011   13.8   0.3   2   2      0.11        22    3.0   0.1   266   331   206   269   190   284 0.76 -
TRINITY_DN3727_c0_g1_i2:221-1141    -            307 62269at7898          -            355     0.012   13.8   0.0   1   1   0.00066      0.13   10.4   0.0   115   238    16   157    11   239 0.70 -
TRINITY_DN14901_c0_g1_i1:1750-2496  -            249 62269at7898          -            355     0.012   13.7   0.1   1   1     0.001       0.2    9.8   0.1   118   298     5   190     1   206 0.54 -
TRINITY_DN314_c2_g1_i1:551-1234     -            228 62269at7898          -            355     0.017   13.2   0.0   1   1    0.0002     0.038   12.1   0.0   122   167     1    46     1   138 0.75 -
TRINITY_DN40556_c0_g1_i1:728-1690   -            321 62269at7898          -            355     0.019   13.1   0.0   1   1   0.00016     0.031   12.4   0.0   119   155    32    68    26    86 0.86 -
TRINITY_DN43231_c0_g1_i2:47-820     -            258 62269at7898          -            355     0.024   12.8   0.0   1   2    0.0021      0.41    8.7   0.0   120   167     8    54     1    74 0.84 -
TRINITY_DN43231_c0_g1_i2:47-820     -            258 62269at7898          -            355     0.024   12.8   0.0   2   2      0.23        46    2.0   0.0   284   324   179   220   161   231 0.75 -
TRINITY_DN3473_c2_g1_i10:508-1371   -            288 62269at7898          -            355      0.03   12.4   0.1   1   1    0.0034      0.67    8.0   0.1   259   335   151   227     6   243 0.82 -
TRINITY_DN3473_c2_g1_i11:513-1376   -            288 62269at7898          -            355      0.03   12.4   0.1   1   1    0.0034      0.67    8.0   0.1   259   335   151   227     6   243 0.82 -
TRINITY_DN3473_c2_g1_i1:538-1401    -            288 62269at7898          -            355      0.03   12.4   0.1   1   1    0.0034      0.67    8.0   0.1   259   335   151   227     6   243 0.82 -
TRINITY_DN67555_c0_g1_i1:342-1031   -            230 62269at7898          -            355     0.031   12.4   0.5   1   1   0.00027     0.052   11.7   0.5   122   167     2    46     1    52 0.84 -
TRINITY_DN3528_c0_g1_i1:26-967      -            314 62269at7898          -            355     0.037   12.1   0.0   1   2   0.00057      0.11   10.6   0.0   120   162    38    80    29   189 0.58 -
TRINITY_DN3528_c0_g1_i1:26-967      -            314 62269at7898          -            355     0.037   12.1   0.0   2   2       4.2   8.1e+02   -2.1   0.0   276   300   195   219   185   233 0.76 -
TRINITY_DN38437_c0_g1_i11:2664-3584 -            307 62269at7898          -            355     0.042   12.0   0.1   1   1    0.0013      0.26    9.4   0.2   120   161     6    47     2   159 0.80 -
TRINITY_DN3528_c0_g1_i4:541-1515    -            325 62269at7898          -            355     0.045   11.9   0.0   1   2    0.0006      0.12   10.5   0.0   120   162    38    80    29   191 0.58 -
TRINITY_DN3528_c0_g1_i4:541-1515    -            325 62269at7898          -            355     0.045   11.9   0.0   2   2       6.1   1.2e+03   -2.7   0.0   276   299   195   218   185   229 0.78 -
TRINITY_DN3528_c0_g1_i2:240-1223    -            328 62269at7898          -            355     0.046   11.8   0.0   1   2   0.00062      0.12   10.5   0.0   120   162    38    80    29   191 0.58 -
TRINITY_DN3528_c0_g1_i2:240-1223    -            328 62269at7898          -            355     0.046   11.8   0.0   2   2       6.2   1.2e+03   -2.7   0.0   276   299   195   218   185   229 0.78 -
TRINITY_DN3528_c0_g1_i5:240-1431    -            327 62269at7898          -            355     0.048   11.8   0.0   1   2   0.00063      0.12   10.5   0.0   120   162    38    80    29   189 0.58 -
TRINITY_DN3528_c0_g1_i5:240-1431    -            327 62269at7898          -            355     0.048   11.8   0.0   2   2       6.4   1.2e+03   -2.7   0.0   276   299   195   218   184   227 0.78 -
TRINITY_DN38437_c0_g1_i7:2661-3719  -            353 62269at7898          -            355     0.049   11.8   0.2   1   1    0.0016      0.31    9.1   0.2   119   161    51    93    46   205 0.81 -
TRINITY_DN38437_c0_g1_i9:2659-3717  -            353 62269at7898          -            355     0.049   11.7   0.2   1   1    0.0016      0.31    9.1   0.2   119   161    51    93    46   205 0.81 -
TRINITY_DN38437_c0_g1_i3:2654-3730  -            359 62269at7898          -            355     0.052   11.7   0.2   1   1    0.0016      0.32    9.1   0.2   119   161    57    99    52   211 0.81 -
TRINITY_DN38437_c0_g1_i2:2654-3730  -            359 62269at7898          -            355     0.052   11.7   0.2   1   1    0.0016      0.32    9.1   0.2   119   161    57    99    52   211 0.81 -
TRINITY_DN38437_c0_g1_i1:2656-3732  -            359 62269at7898          -            355     0.052   11.7   0.2   1   1    0.0016      0.32    9.1   0.2   119   161    57    99    52   211 0.81 -
TRINITY_DN13641_c0_g2_i1:1144-1800  -            219 62269at7898          -            355      0.13   10.4   0.0   1   1   0.00099      0.19    9.8   0.0   120   182     2    63     1    75 0.73 -
#
# Program:         hmmsearch
# Version:         3.1b2 (February 2015)
# Pipeline mode:   SEARCH
# Query file:      /home/ericjuo/Projects/salmo_trutta_rna_seq/busco_downloads/lineages/actinopterygii_odb10/hmms/62269at7898.hmm
# Target file:     /home/ericjuo/Projects/salmo_trutta_rna_seq/data/02_intermediate/busco/run_actinopterygii_odb10/metaeuk_output/initial_results/trinity.Trinity.fasta.modified.fas
# Option settings: hmmsearch --domtblout /home/ericjuo/Projects/salmo_trutta_rna_seq/data/02_intermediate/busco/run_actinopterygii_odb10/hmmer_output/initial_run_results/62269at7898.out --cpu 1 /home/ericjuo/Projects/salmo_trutta_rna_seq/busco_downloads/lineages/actinopterygii_odb10/hmms/62269at7898.hmm /home/ericjuo/Projects/salmo_trutta_rna_seq/data/02_intermediate/busco/run_actinopterygii_odb10/metaeuk_output/initial_results/trinity.Trinity.fasta.modified.fas 
# Current dir:     /home/ericjuo/Projects/salmo_trutta_rna_seq
# Date:            Fri Apr 29 12:54:15 2022
# [ok]
