#                                                                                         --- full sequence --- -------------- this domain -------------   hmm coord   ali coord   env coord
# target name                     accession   tlen query name           accession   qlen   E-value  score  bias   #  of  c-Evalue  i-Evalue  score  bias  from    to  from    to  from    to  acc description of target
#             ------------------- ---------- ----- -------------------- ---------- ----- --------- ------ ----- --- --- --------- --------- ------ ----- ----- ----- ----- ----- ----- ----- ---- ---------------------
TRINITY_DN58800_c0_g1_i1:1-333    -            111 62835at7898          -            477   4.5e-45  153.5   0.6   1   2   1.7e-08   8.2e-06   24.0   0.0    89   115     2    28     1    32 0.95 -
TRINITY_DN58800_c0_g1_i1:1-333    -            111 62835at7898          -            477   4.5e-45  153.5   0.6   2   2   4.1e-40     2e-37  128.3   0.1   110   179    41   111    38   111 0.96 -
TRINITY_DN992_c0_g1_i5:93-1226    -            378 62835at7898          -            477     2e-06   26.0   0.1   1   2    0.0037       1.8    6.4   0.0     6    67     2    69     1    86 0.63 -
TRINITY_DN992_c0_g1_i5:93-1226    -            378 62835at7898          -            477     2e-06   26.0   0.1   2   2   1.4e-06   0.00069   17.7   0.0   177   261   111   195    92   216 0.81 -
TRINITY_DN992_c0_g1_i13:93-1379   -            429 62835at7898          -            477   2.7e-06   25.6   0.0   1   2    0.0045       2.2    6.1   0.0     6    67     2    69     1    86 0.63 -
TRINITY_DN992_c0_g1_i13:93-1379   -            429 62835at7898          -            477   2.7e-06   25.6   0.0   2   2   1.7e-06   0.00082   17.4   0.0   177   261   111   195    92   220 0.81 -
TRINITY_DN992_c0_g1_i21:90-1376   -            429 62835at7898          -            477   2.7e-06   25.6   0.0   1   2    0.0045       2.2    6.1   0.0     6    67     2    69     1    86 0.63 -
TRINITY_DN992_c0_g1_i21:90-1376   -            429 62835at7898          -            477   2.7e-06   25.6   0.0   2   2   1.7e-06   0.00082   17.4   0.0   177   261   111   195    92   220 0.81 -
TRINITY_DN992_c0_g1_i9:100-1386   -            429 62835at7898          -            477   2.7e-06   25.6   0.0   1   2    0.0045       2.2    6.1   0.0     6    67     2    69     1    86 0.63 -
TRINITY_DN992_c0_g1_i9:100-1386   -            429 62835at7898          -            477   2.7e-06   25.6   0.0   2   2   1.7e-06   0.00082   17.4   0.0   177   261   111   195    92   220 0.81 -
TRINITY_DN992_c0_g1_i11:93-1226   -            378 62835at7898          -            477   4.9e-06   24.8   0.1   1   2    0.0064       3.2    5.6   0.0     6    67     2    69     1    86 0.61 -
TRINITY_DN992_c0_g1_i11:93-1226   -            378 62835at7898          -            477   4.9e-06   24.8   0.1   2   2   1.9e-06   0.00094   17.2   0.0   178   261   112   195    92   216 0.80 -
TRINITY_DN9354_c0_g2_i1:0-998     -            333 62835at7898          -            477   7.1e-06   24.2   0.0   1   2     0.012       6.2    4.7   0.0     7    36     1    30     1    72 0.76 -
TRINITY_DN9354_c0_g2_i1:0-998     -            333 62835at7898          -            477   7.1e-06   24.2   0.0   2   2   1.3e-06   0.00064   17.8   0.0   178   266   111   200    88   245 0.80 -
TRINITY_DN9354_c0_g2_i2:0-998     -            333 62835at7898          -            477   7.1e-06   24.2   0.0   1   2     0.012       6.2    4.7   0.0     7    36     1    30     1    72 0.76 -
TRINITY_DN9354_c0_g2_i2:0-998     -            333 62835at7898          -            477   7.1e-06   24.2   0.0   2   2   1.3e-06   0.00064   17.8   0.0   178   266   111   200    88   245 0.80 -
TRINITY_DN992_c0_g1_i12:90-1376   -            429 62835at7898          -            477   7.2e-06   24.2   0.1   1   2    0.0077       3.8    5.3   0.0     6    67     2    69     1    86 0.61 -
TRINITY_DN992_c0_g1_i12:90-1376   -            429 62835at7898          -            477   7.2e-06   24.2   0.1   2   2   2.3e-06    0.0012   17.0   0.0   178   261   112   195    92   218 0.80 -
TRINITY_DN992_c0_g1_i17:100-1386  -            429 62835at7898          -            477   7.2e-06   24.2   0.1   1   2    0.0077       3.8    5.3   0.0     6    67     2    69     1    86 0.61 -
TRINITY_DN992_c0_g1_i17:100-1386  -            429 62835at7898          -            477   7.2e-06   24.2   0.1   2   2   2.3e-06    0.0012   17.0   0.0   178   261   112   195    92   218 0.80 -
TRINITY_DN992_c0_g1_i1:93-1379    -            429 62835at7898          -            477   7.2e-06   24.2   0.1   1   2    0.0077       3.8    5.3   0.0     6    67     2    69     1    86 0.61 -
TRINITY_DN992_c0_g1_i1:93-1379    -            429 62835at7898          -            477   7.2e-06   24.2   0.1   2   2   2.3e-06    0.0012   17.0   0.0   178   261   112   195    92   218 0.80 -
TRINITY_DN992_c0_g1_i20:93-1379   -            429 62835at7898          -            477   7.2e-06   24.2   0.1   1   2    0.0077       3.8    5.3   0.0     6    67     2    69     1    86 0.61 -
TRINITY_DN992_c0_g1_i20:93-1379   -            429 62835at7898          -            477   7.2e-06   24.2   0.1   2   2   2.3e-06    0.0012   17.0   0.0   178   261   112   195    92   218 0.80 -
TRINITY_DN992_c0_g1_i22:90-1376   -            429 62835at7898          -            477   7.2e-06   24.2   0.1   1   2    0.0077       3.8    5.3   0.0     6    67     2    69     1    86 0.61 -
TRINITY_DN992_c0_g1_i22:90-1376   -            429 62835at7898          -            477   7.2e-06   24.2   0.1   2   2   2.3e-06    0.0012   17.0   0.0   178   261   112   195    92   218 0.80 -
TRINITY_DN1509_c1_g1_i1:49-1335   -            429 62835at7898          -            477   5.6e-05   21.3   0.1   1   2     0.028        14    3.5   0.0     6    37     2    33     1    86 0.60 -
TRINITY_DN1509_c1_g1_i1:49-1335   -            429 62835at7898          -            477   5.6e-05   21.3   0.1   2   2   5.1e-06    0.0025   15.8   0.0   180   260   114   194    92   215 0.80 -
TRINITY_DN13698_c0_g1_i6:1-699    -            233 62835at7898          -            477   9.9e-05   20.5   0.0   1   1   2.8e-07   0.00014   20.0   0.0   176   257    94   175    76   199 0.80 -
TRINITY_DN13698_c0_g1_i2:2-1198   -            399 62835at7898          -            477   0.00024   19.2   0.0   1   1     7e-07   0.00034   18.7   0.0   176   257    94   175    76   227 0.82 -
TRINITY_DN784_c0_g3_i2:23-814     -            264 62835at7898          -            477   0.00039   18.5   0.0   1   2      0.54   2.7e+02   -0.7   0.0     6    77     2    81     1    97 0.59 -
TRINITY_DN784_c0_g3_i2:23-814     -            264 62835at7898          -            477   0.00039   18.5   0.0   2   2   2.5e-06    0.0012   16.9   0.0   163   259    99   195    90   214 0.81 -
TRINITY_DN784_c0_g2_i1:145-936    -            264 62835at7898          -            477     0.002   16.2   0.0   1   2       2.6   1.3e+03   -3.0   0.0    42    72    46    76     2    85 0.64 -
TRINITY_DN784_c0_g2_i1:145-936    -            264 62835at7898          -            477     0.002   16.2   0.0   2   2   7.1e-06    0.0035   15.4   0.0   163   259    99   195    90   215 0.81 -
TRINITY_DN784_c0_g3_i1:23-814     -            264 62835at7898          -            477     0.013   13.5   0.0   1   1   3.9e-05     0.019   12.9   0.0   165   259   101   195    91   215 0.80 -
TRINITY_DN54438_c0_g1_i1:52-1356  -            435 62835at7898          -            477     0.016   13.2   0.0   1   1   5.5e-05     0.027   12.4   0.0   163   241    97   176    88   242 0.87 -
TRINITY_DN784_c0_g3_i6:23-814     -            264 62835at7898          -            477     0.016   13.2   0.0   1   1   4.9e-05     0.024   12.6   0.0   165   259   101   195    91   215 0.80 -
TRINITY_DN36246_c0_g1_i2:210-1247 -            346 62835at7898          -            477     0.029   12.3   0.0   1   1   8.7e-05     0.043   11.8   0.0   164   255    25   116    16   135 0.80 -
TRINITY_DN34_c0_g1_i1:224-1528    -            435 62835at7898          -            477     0.034   12.1   0.0   1   1   0.00011     0.052   11.5   0.0   165   257   101   193    90   212 0.80 -
TRINITY_DN34_c0_g1_i5:98-1393     -            432 62835at7898          -            477     0.034   12.1   0.0   1   1   0.00011     0.052   11.5   0.0   165   257   101   193    90   210 0.80 -
TRINITY_DN34_c0_g1_i15:606-1901   -            432 62835at7898          -            477     0.034   12.1   0.0   1   1   0.00011     0.053   11.5   0.0   165   257   101   193    90   209 0.79 -
TRINITY_DN34_c0_g1_i18:231-1526   -            432 62835at7898          -            477     0.034   12.1   0.0   1   1   0.00011     0.053   11.5   0.0   165   257   101   193    90   209 0.79 -
TRINITY_DN34_c0_g1_i21:637-1932   -            432 62835at7898          -            477     0.034   12.1   0.0   1   1   0.00011     0.053   11.5   0.0   165   257   101   193    90   209 0.79 -
TRINITY_DN36246_c0_g1_i1:138-1415 -            426 62835at7898          -            477      0.04   11.9   0.0   1   1   0.00013     0.062   11.2   0.0   164   254   101   191    91   210 0.80 -
#
# Program:         hmmsearch
# Version:         3.1b2 (February 2015)
# Pipeline mode:   SEARCH
# Query file:      /home/ericjuo/Projects/salmo_trutta_rna_seq/busco_downloads/lineages/actinopterygii_odb10/hmms/62835at7898.hmm
# Target file:     /home/ericjuo/Projects/salmo_trutta_rna_seq/data/02_intermediate/busco/run_actinopterygii_odb10/metaeuk_output/initial_results/trinity.Trinity.fasta.modified.fas
# Option settings: hmmsearch --domtblout /home/ericjuo/Projects/salmo_trutta_rna_seq/data/02_intermediate/busco/run_actinopterygii_odb10/hmmer_output/initial_run_results/62835at7898.out --cpu 1 /home/ericjuo/Projects/salmo_trutta_rna_seq/busco_downloads/lineages/actinopterygii_odb10/hmms/62835at7898.hmm /home/ericjuo/Projects/salmo_trutta_rna_seq/data/02_intermediate/busco/run_actinopterygii_odb10/metaeuk_output/initial_results/trinity.Trinity.fasta.modified.fas 
# Current dir:     /home/ericjuo/Projects/salmo_trutta_rna_seq
# Date:            Fri Apr 29 12:53:55 2022
# [ok]
