#                                                                                         --- full sequence --- -------------- this domain -------------   hmm coord   ali coord   env coord
# target name                     accession   tlen query name           accession   qlen   E-value  score  bias   #  of  c-Evalue  i-Evalue  score  bias  from    to  from    to  from    to  acc description of target
#             ------------------- ---------- ----- -------------------- ---------- ----- --------- ------ ----- --- --- --------- --------- ------ ----- ----- ----- ----- ----- ----- ----- ---- ---------------------
TRINITY_DN6410_c0_g1_i3:85-1470   -            462 63404at7898          -            417    8e-241  798.5   0.0   1   1  6.6e-243    1e-240  798.2   0.0     1   417     1   461     1   461 0.95 -
TRINITY_DN6410_c0_g1_i6:85-1056   -            324 63404at7898          -            417    2e-159  530.4   0.0   1   1  1.6e-161  2.4e-159  530.1   0.0     1   290     1   324     1   324 0.95 -
TRINITY_DN18563_c0_g1_i1:118-1563 -            482 63404at7898          -            417   1.6e-21   76.1   0.0   1   1   1.9e-23   2.9e-21   75.3   0.0   199   417   237   482   224   482 0.80 -
TRINITY_DN18563_c0_g1_i3:118-1563 -            482 63404at7898          -            417   1.6e-21   76.1   0.0   1   1   1.9e-23   2.9e-21   75.3   0.0   199   417   237   482   224   482 0.80 -
TRINITY_DN13754_c0_g2_i1:281-1576 -            432 63404at7898          -            417   1.8e-20   72.7   0.0   1   1   2.3e-22   3.5e-20   71.7   0.0   217   398   216   402   188   432 0.85 -
TRINITY_DN13754_c0_g2_i4:281-1576 -            432 63404at7898          -            417   1.8e-20   72.7   0.0   1   1   2.3e-22   3.5e-20   71.7   0.0   217   398   216   402   188   432 0.85 -
TRINITY_DN215_c0_g1_i1:476-1225   -            250 63404at7898          -            417   2.2e-19   69.1   0.0   1   1   1.8e-21   2.7e-19   68.8   0.0   221   390    45   218    21   228 0.86 -
TRINITY_DN215_c0_g1_i14:455-1861  -            469 63404at7898          -            417     7e-19   67.4   0.0   1   1   8.9e-21   1.4e-18   66.5   0.0   221   390   257   430   234   440 0.86 -
TRINITY_DN215_c0_g1_i4:455-1861   -            469 63404at7898          -            417     7e-19   67.4   0.0   1   1   8.9e-21   1.4e-18   66.5   0.0   221   390   257   430   234   440 0.86 -
TRINITY_DN215_c0_g1_i3:455-1861   -            469 63404at7898          -            417   7.1e-19   67.4   0.0   1   1   8.9e-21   1.4e-18   66.5   0.0   221   390   257   430   234   440 0.86 -
TRINITY_DN803_c0_g1_i10:902-2290  -            463 63404at7898          -            417   1.8e-18   66.1   0.0   1   2    0.0083       1.3    7.3   0.0    58    85    34    61    20    74 0.82 -
TRINITY_DN803_c0_g1_i10:902-2290  -            463 63404at7898          -            417   1.8e-18   66.1   0.0   2   2   9.2e-18   1.4e-15   56.6   0.0   226   398   260   437   256   444 0.92 -
TRINITY_DN803_c0_g1_i1:1043-2431  -            463 63404at7898          -            417   1.8e-18   66.1   0.0   1   2    0.0083       1.3    7.3   0.0    58    85    34    61    20    74 0.82 -
TRINITY_DN803_c0_g1_i1:1043-2431  -            463 63404at7898          -            417   1.8e-18   66.1   0.0   2   2   9.2e-18   1.4e-15   56.6   0.0   226   398   260   437   256   444 0.92 -
TRINITY_DN803_c0_g1_i2:1043-2431  -            463 63404at7898          -            417   1.8e-18   66.1   0.0   1   2    0.0083       1.3    7.3   0.0    58    85    34    61    20    74 0.82 -
TRINITY_DN803_c0_g1_i2:1043-2431  -            463 63404at7898          -            417   1.8e-18   66.1   0.0   2   2   9.2e-18   1.4e-15   56.6   0.0   226   398   260   437   256   444 0.92 -
TRINITY_DN803_c0_g1_i4:1403-2791  -            463 63404at7898          -            417   1.8e-18   66.1   0.0   1   2    0.0083       1.3    7.3   0.0    58    85    34    61    20    74 0.82 -
TRINITY_DN803_c0_g1_i4:1403-2791  -            463 63404at7898          -            417   1.8e-18   66.1   0.0   2   2   9.2e-18   1.4e-15   56.6   0.0   226   398   260   437   256   444 0.92 -
TRINITY_DN803_c0_g1_i5:1402-2790  -            463 63404at7898          -            417   1.8e-18   66.1   0.0   1   2    0.0083       1.3    7.3   0.0    58    85    34    61    20    74 0.82 -
TRINITY_DN803_c0_g1_i5:1402-2790  -            463 63404at7898          -            417   1.8e-18   66.1   0.0   2   2   9.2e-18   1.4e-15   56.6   0.0   226   398   260   437   256   444 0.92 -
TRINITY_DN198_c0_g1_i17:139-1626  -            496 63404at7898          -            417   1.9e-18   66.0   0.0   1   2     0.015       2.2    6.5   0.0    58    85    67    94    50   106 0.86 -
TRINITY_DN198_c0_g1_i17:139-1626  -            496 63404at7898          -            417   1.9e-18   66.0   0.0   2   2   5.5e-18   8.4e-16   57.3   0.0   239   397   306   469   279   475 0.89 -
TRINITY_DN198_c0_g1_i9:139-1699   -            496 63404at7898          -            417   1.9e-18   66.0   0.0   1   2     0.015       2.2    6.5   0.0    58    85    67    94    50   106 0.86 -
TRINITY_DN198_c0_g1_i9:139-1699   -            496 63404at7898          -            417   1.9e-18   66.0   0.0   2   2   5.5e-18   8.4e-16   57.3   0.0   239   397   306   469   279   475 0.89 -
TRINITY_DN4028_c1_g1_i11:639-2075 -            479 63404at7898          -            417     3e-17   62.1   0.0   1   1   3.5e-19   5.3e-17   61.2   0.0   242   398   291   451   273   459 0.86 -
TRINITY_DN4028_c1_g1_i7:524-1960  -            479 63404at7898          -            417     3e-17   62.1   0.0   1   1   3.5e-19   5.3e-17   61.2   0.0   242   398   291   451   273   459 0.86 -
TRINITY_DN4028_c1_g1_i9:589-2025  -            479 63404at7898          -            417     3e-17   62.1   0.0   1   1   3.5e-19   5.3e-17   61.2   0.0   242   398   291   451   273   459 0.86 -
TRINITY_DN5914_c0_g1_i5:185-1717  -            511 63404at7898          -            417     4e-17   61.7   0.0   1   2       1.4   2.2e+02   -0.1   0.0    53    87    68   102    63   109 0.92 -
TRINITY_DN5914_c0_g1_i5:185-1717  -            511 63404at7898          -            417     4e-17   61.7   0.0   2   2   1.6e-18   2.4e-16   59.1   0.0   226   393   304   476   278   485 0.82 -
TRINITY_DN5914_c0_g1_i4:185-1858  -            509 63404at7898          -            417     4e-17   61.6   0.0   1   2       1.4   2.2e+02   -0.1   0.0    53    87    68   102    63   109 0.92 -
TRINITY_DN5914_c0_g1_i4:185-1858  -            509 63404at7898          -            417     4e-17   61.6   0.0   2   2   1.6e-18   2.4e-16   59.1   0.0   226   393   302   474   280   483 0.82 -
TRINITY_DN5914_c0_g1_i3:415-1884  -            490 63404at7898          -            417     4e-17   61.6   0.0   1   2         3   4.6e+02   -1.1   0.0    53    87    47    81    38    88 0.91 -
TRINITY_DN5914_c0_g1_i3:415-1884  -            490 63404at7898          -            417     4e-17   61.6   0.0   2   2   9.9e-19   1.5e-16   59.7   0.0   226   394   283   456   266   465 0.82 -
TRINITY_DN198_c0_g1_i13:211-1626  -            472 63404at7898          -            417   4.8e-17   61.4   0.0   1   2     0.014       2.2    6.5   0.0    58    85    43    70    29    82 0.86 -
TRINITY_DN198_c0_g1_i13:211-1626  -            472 63404at7898          -            417   4.8e-17   61.4   0.0   2   2   1.3e-16     2e-14   52.7   0.0   228   398   271   446   252   449 0.89 -
TRINITY_DN198_c0_g1_i1:211-1995   -            472 63404at7898          -            417   4.8e-17   61.4   0.0   1   2     0.014       2.2    6.5   0.0    58    85    43    70    29    82 0.86 -
TRINITY_DN198_c0_g1_i1:211-1995   -            472 63404at7898          -            417   4.8e-17   61.4   0.0   2   2   1.3e-16     2e-14   52.7   0.0   228   398   271   446   252   449 0.89 -
TRINITY_DN198_c0_g1_i14:211-1647  -            479 63404at7898          -            417   4.8e-17   61.4   0.0   1   2     0.074        11    4.2   0.0    58    86    43    71    29    82 0.86 -
TRINITY_DN198_c0_g1_i14:211-1647  -            479 63404at7898          -            417   4.8e-17   61.4   0.0   2   2   2.7e-17     4e-15   55.0   0.0   228   397   271   445   252   451 0.89 -
TRINITY_DN2274_c0_g1_i14:492-1790 -            433 63404at7898          -            417   1.3e-16   59.9   0.0   1   1   1.4e-18   2.1e-16   59.3   0.0   229   395   264   432   242   433 0.92 -
TRINITY_DN2274_c0_g1_i5:492-1790  -            433 63404at7898          -            417   1.4e-16   59.9   0.0   1   1   1.4e-18   2.1e-16   59.3   0.0   229   395   264   432   242   433 0.92 -
TRINITY_DN198_c0_g1_i15:230-1051  -            274 63404at7898          -            417   1.4e-16   59.8   0.0   1   1   1.1e-18   1.7e-16   59.6   0.0   239   397    77   240    26   246 0.89 -
TRINITY_DN894_c1_g1_i1:142-1665   -            508 63404at7898          -            417   2.2e-16   59.2   0.0   1   1   2.4e-18   3.7e-16   58.5   0.0   240   395   315   475   292   482 0.90 -
TRINITY_DN2274_c0_g1_i11:492-1790 -            433 63404at7898          -            417   3.4e-16   58.6   0.0   1   1   3.5e-18   5.3e-16   57.9   0.0   229   395   264   432   242   433 0.92 -
TRINITY_DN3914_c5_g1_i1:244-1734  -            497 63404at7898          -            417   6.8e-16   57.6   0.0   1   2     0.033         5    5.3   0.0    59    85    22    48    12    70 0.79 -
TRINITY_DN3914_c5_g1_i1:244-1734  -            497 63404at7898          -            417   6.8e-16   57.6   0.0   2   2   8.6e-16   1.3e-13   50.1   0.0   220   398   284   466   279   481 0.90 -
TRINITY_DN7883_c0_g1_i2:797-2191  -            465 63404at7898          -            417   2.4e-15   55.8   0.0   1   2      0.11        17    3.5   0.0    43    83    18    61     4    95 0.85 -
TRINITY_DN7883_c0_g1_i2:797-2191  -            465 63404at7898          -            417   2.4e-15   55.8   0.0   2   2   8.7e-16   1.3e-13   50.0   0.0   238   397   273   435   251   449 0.86 -
TRINITY_DN105_c1_g1_i5:631-2375   -            482 63404at7898          -            417   2.6e-15   55.7   0.0   1   1   3.4e-17   5.2e-15   54.7   0.0   241   397   290   451   276   455 0.88 -
TRINITY_DN7883_c0_g1_i22:449-1792 -            448 63404at7898          -            417   4.3e-15   54.9   0.0   1   2      0.19        29    2.8   0.0    44    83     2    44     1    78 0.84 -
TRINITY_DN7883_c0_g1_i22:449-1792 -            448 63404at7898          -            417   4.3e-15   54.9   0.0   2   2     9e-16   1.4e-13   50.0   0.0   239   397   257   418   235   432 0.87 -
TRINITY_DN7387_c0_g1_i2:68-1504   -            479 63404at7898          -            417   5.1e-15   54.7   0.0   1   1   4.7e-17   7.2e-15   54.2   0.0   228   401   270   452   226   462 0.87 -
TRINITY_DN7387_c0_g1_i7:68-1504   -            479 63404at7898          -            417   5.1e-15   54.7   0.0   1   1   4.7e-17   7.2e-15   54.2   0.0   228   401   270   452   226   462 0.87 -
TRINITY_DN7387_c0_g1_i3:134-1696  -            521 63404at7898          -            417   6.2e-15   54.4   0.0   1   1   5.7e-17   8.7e-15   53.9   0.0   228   401   312   494   269   504 0.87 -
TRINITY_DN7387_c0_g1_i5:197-1759  -            521 63404at7898          -            417   6.2e-15   54.4   0.0   1   1   5.7e-17   8.7e-15   53.9   0.0   228   401   312   494   269   504 0.87 -
TRINITY_DN15073_c0_g1_i1:389-1819 -            477 63404at7898          -            417   6.2e-15   54.4   0.0   1   1     6e-17   9.1e-15   53.9   0.0   229   383   273   432   262   448 0.85 -
TRINITY_DN290_c0_g1_i12:177-1649  -            491 63404at7898          -            417   6.6e-15   54.4   0.0   1   2     0.032       4.9    5.4   0.0    43    88    40    85     2    97 0.64 -
TRINITY_DN290_c0_g1_i12:177-1649  -            491 63404at7898          -            417   6.6e-15   54.4   0.0   2   2   8.3e-15   1.3e-12   46.8   0.0   242   397   298   457   263   461 0.84 -
TRINITY_DN290_c0_g1_i6:177-1649   -            491 63404at7898          -            417     1e-14   53.8   0.0   1   2     0.032       4.9    5.4   0.0    43    88    40    85     2    97 0.64 -
TRINITY_DN290_c0_g1_i6:177-1649   -            491 63404at7898          -            417     1e-14   53.8   0.0   2   2   1.3e-14   1.9e-12   46.2   0.0   242   397   298   457   263   461 0.84 -
TRINITY_DN290_c0_g1_i1:177-1711   -            491 63404at7898          -            417     1e-14   53.7   0.0   1   2     0.032       4.9    5.4   0.0    43    88    40    85     2    97 0.64 -
TRINITY_DN290_c0_g1_i1:177-1711   -            491 63404at7898          -            417     1e-14   53.7   0.0   2   2   1.3e-14   1.9e-12   46.2   0.0   242   397   298   457   263   461 0.84 -
TRINITY_DN7883_c0_g1_i5:449-1843  -            465 63404at7898          -            417     1e-14   53.7   0.0   1   2      0.11        17    3.6   0.0    43    83    18    61     4    95 0.85 -
TRINITY_DN7883_c0_g1_i5:449-1843  -            465 63404at7898          -            417     1e-14   53.7   0.0   2   2   3.4e-15   5.2e-13   48.1   0.0   230   397   265   435   177   449 0.87 -
TRINITY_DN7883_c0_g1_i15:449-1843 -            465 63404at7898          -            417     1e-14   53.7   0.0   1   2      0.11        17    3.6   0.0    43    83    18    61     4    95 0.85 -
TRINITY_DN7883_c0_g1_i15:449-1843 -            465 63404at7898          -            417     1e-14   53.7   0.0   2   2   3.4e-15   5.2e-13   48.1   0.0   230   397   265   435   177   449 0.87 -
TRINITY_DN290_c0_g1_i11:177-1565  -            463 63404at7898          -            417   2.9e-14   52.2   0.0   1   2     0.096        15    3.8   0.0    58    88    54    85     3    97 0.80 -
TRINITY_DN290_c0_g1_i11:177-1565  -            463 63404at7898          -            417   2.9e-14   52.2   0.0   2   2   1.2e-14   1.8e-12   46.3   0.0   242   396   298   456   262   459 0.83 -
TRINITY_DN16059_c0_g2_i1:167-1684 -            506 63404at7898          -            417   3.2e-14   52.1   0.0   1   2      0.33        50    2.0   0.0    63    89    91   117    83   128 0.79 -
TRINITY_DN16059_c0_g2_i1:167-1684 -            506 63404at7898          -            417   3.2e-14   52.1   0.0   2   2   4.2e-15   6.5e-13   47.8   0.0   240   381   335   481   306   498 0.83 -
TRINITY_DN25999_c0_g1_i1:189-1577 -            463 63404at7898          -            417   3.9e-14   51.8   0.0   1   1   4.2e-16   6.5e-14   51.1   0.0   224   393   254   427   247   435 0.85 -
TRINITY_DN25999_c0_g1_i2:305-1693 -            463 63404at7898          -            417   3.9e-14   51.8   0.0   1   1   4.2e-16   6.5e-14   51.1   0.0   224   393   254   427   247   435 0.85 -
TRINITY_DN290_c0_g1_i29:177-1649  -            491 63404at7898          -            417     7e-14   51.0   0.0   1   2      0.93   1.4e+02    0.5   0.0    55    88    51    85     2    95 0.71 -
TRINITY_DN290_c0_g1_i29:177-1649  -            491 63404at7898          -            417     7e-14   51.0   0.0   2   2   4.1e-15   6.3e-13   47.8   0.0   238   397   295   457   279   461 0.83 -
TRINITY_DN290_c0_g1_i32:177-1649  -            491 63404at7898          -            417     7e-14   51.0   0.0   1   2      0.93   1.4e+02    0.5   0.0    55    88    51    85     2    95 0.71 -
TRINITY_DN290_c0_g1_i32:177-1649  -            491 63404at7898          -            417     7e-14   51.0   0.0   2   2   4.1e-15   6.3e-13   47.8   0.0   238   397   295   457   279   461 0.83 -
TRINITY_DN290_c0_g1_i20:177-1649  -            491 63404at7898          -            417   7.1e-14   51.0   0.0   1   2      0.93   1.4e+02    0.5   0.0    55    88    51    85     2    95 0.71 -
TRINITY_DN290_c0_g1_i20:177-1649  -            491 63404at7898          -            417   7.1e-14   51.0   0.0   2   2   4.1e-15   6.3e-13   47.8   0.0   238   397   295   457   279   461 0.83 -
TRINITY_DN290_c0_g1_i10:284-1324  -            347 63404at7898          -            417   2.1e-13   49.4   0.0   1   1     2e-15   3.1e-13   48.8   0.0   238   396   179   340   162   343 0.82 -
TRINITY_DN290_c0_g1_i24:177-1649  -            491 63404at7898          -            417   2.2e-13   49.3   0.0   1   2      0.93   1.4e+02    0.5   0.0    55    88    51    85     2    95 0.71 -
TRINITY_DN290_c0_g1_i24:177-1649  -            491 63404at7898          -            417   2.2e-13   49.3   0.0   2   2   1.2e-14   1.9e-12   46.2   0.0   242   397   298   457   262   461 0.84 -
TRINITY_DN2496_c1_g1_i4:907-2208  -            434 63404at7898          -            417   3.3e-13   48.8   0.0   1   2      0.69   1.1e+02    1.0   0.0   364   395   133   164   117   171 0.79 -
TRINITY_DN2496_c1_g1_i4:907-2208  -            434 63404at7898          -            417   3.3e-13   48.8   0.0   2   2   2.2e-14   3.4e-12   45.4   0.0   212   399   226   427   213   432 0.83 -
TRINITY_DN193_c0_g1_i6:551-2029   -            454 63404at7898          -            417   6.1e-13   47.9   0.0   1   2    0.0025      0.39    9.0   0.0    55    82    48    75     1    85 0.73 -
TRINITY_DN193_c0_g1_i6:551-2029   -            454 63404at7898          -            417   6.1e-13   47.9   0.0   2   2   8.4e-12   1.3e-09   36.9   0.0   232   383   274   434   245   450 0.77 -
TRINITY_DN7883_c0_g1_i21:770-2164 -            465 63404at7898          -            417   9.8e-13   47.2   0.0   1   2      0.11        17    3.6   0.0    43    83    18    61     4    95 0.85 -
TRINITY_DN7883_c0_g1_i21:770-2164 -            465 63404at7898          -            417   9.8e-13   47.2   0.0   2   2   3.2e-13   4.9e-11   41.6   0.0   230   396   265   434   177   443 0.87 -
TRINITY_DN193_c0_g1_i8:551-1927   -            459 63404at7898          -            417     1e-12   47.1   0.0   1   2    0.0026      0.39    9.0   0.0    55    82    48    75     1    85 0.73 -
TRINITY_DN193_c0_g1_i8:551-1927   -            459 63404at7898          -            417     1e-12   47.1   0.0   2   2   1.4e-11   2.1e-09   36.2   0.0   242   383   294   439   251   455 0.79 -
TRINITY_DN1538_c0_g1_i10:981-2435 -            485 63404at7898          -            417   1.1e-12   47.1   0.0   1   1   1.6e-14   2.4e-12   45.9   0.0   235   395   285   450   264   455 0.87 -
TRINITY_DN1538_c0_g1_i3:341-1795  -            485 63404at7898          -            417   1.1e-12   47.1   0.0   1   1   1.6e-14   2.4e-12   45.9   0.0   235   395   285   450   264   455 0.87 -
TRINITY_DN7883_c0_g1_i24:770-2164 -            465 63404at7898          -            417   1.2e-12   46.8   0.0   1   2      0.11        17    3.5   0.0    43    83    18    61     4    95 0.85 -
TRINITY_DN7883_c0_g1_i24:770-2164 -            465 63404at7898          -            417   1.2e-12   46.8   0.0   2   2   4.5e-13   6.9e-11   41.1   0.0   238   396   273   434   251   443 0.86 -
TRINITY_DN5028_c0_g1_i1:391-1881  -            497 63404at7898          -            417   4.9e-12   44.9   0.0   1   1   4.8e-14   7.3e-12   44.3   0.0   245   377   306   446   241   469 0.76 -
TRINITY_DN5028_c0_g1_i6:394-1884  -            497 63404at7898          -            417   4.9e-12   44.9   0.0   1   1   4.8e-14   7.3e-12   44.3   0.0   245   377   306   446   241   469 0.76 -
TRINITY_DN193_c0_g1_i10:551-1765  -            405 63404at7898          -            417   2.5e-11   42.6   0.1   1   2      0.09        14    3.9   0.1    63    82     2    21     1    31 0.86 -
TRINITY_DN193_c0_g1_i10:551-1765  -            405 63404at7898          -            417   2.5e-11   42.6   0.1   2   2     1e-11   1.6e-09   36.6   0.0   242   383   240   385   196   401 0.79 -
TRINITY_DN193_c0_g1_i1:551-1765   -            405 63404at7898          -            417   2.5e-11   42.6   0.1   1   2      0.09        14    3.9   0.1    63    82     2    21     1    31 0.86 -
TRINITY_DN193_c0_g1_i1:551-1765   -            405 63404at7898          -            417   2.5e-11   42.6   0.1   2   2     1e-11   1.6e-09   36.6   0.0   242   383   240   385   196   401 0.79 -
TRINITY_DN193_c0_g1_i7:572-1867   -            389 63404at7898          -            417   3.3e-11   42.2   0.0   1   2     0.083        13    4.0   0.1    63    82     2    21     1    32 0.86 -
TRINITY_DN193_c0_g1_i7:572-1867   -            389 63404at7898          -            417   3.3e-11   42.2   0.0   2   2   1.5e-11   2.3e-09   36.1   0.0   242   381   231   374   206   388 0.79 -
TRINITY_DN5028_c0_g1_i3:391-1866  -            492 63404at7898          -            417   4.5e-11   41.7   0.0   1   1   4.5e-13   6.9e-11   41.1   0.0   245   383   306   452   241   471 0.75 -
TRINITY_DN261_c0_g1_i10:1045-2520 -            492 63404at7898          -            417   4.8e-11   41.6   0.0   1   2     0.035       5.4    5.2   0.0    55    89    41    76    22    82 0.82 -
TRINITY_DN261_c0_g1_i10:1045-2520 -            492 63404at7898          -            417   4.8e-11   41.6   0.0   2   2   5.5e-11   8.4e-09   34.2   0.0   247   357   303   415   256   460 0.85 -
TRINITY_DN261_c0_g1_i16:1074-2549 -            492 63404at7898          -            417   4.8e-11   41.6   0.0   1   2     0.035       5.4    5.2   0.0    55    89    41    76    22    82 0.82 -
TRINITY_DN261_c0_g1_i16:1074-2549 -            492 63404at7898          -            417   4.8e-11   41.6   0.0   2   2   5.5e-11   8.4e-09   34.2   0.0   247   357   303   415   256   460 0.85 -
TRINITY_DN261_c0_g1_i18:1076-2551 -            492 63404at7898          -            417   4.8e-11   41.6   0.0   1   2     0.035       5.4    5.2   0.0    55    89    41    76    22    82 0.82 -
TRINITY_DN261_c0_g1_i18:1076-2551 -            492 63404at7898          -            417   4.8e-11   41.6   0.0   2   2   5.5e-11   8.4e-09   34.2   0.0   247   357   303   415   256   460 0.85 -
TRINITY_DN261_c0_g1_i26:1040-2515 -            492 63404at7898          -            417   4.8e-11   41.6   0.0   1   2     0.035       5.4    5.2   0.0    55    89    41    76    22    82 0.82 -
TRINITY_DN261_c0_g1_i26:1040-2515 -            492 63404at7898          -            417   4.8e-11   41.6   0.0   2   2   5.5e-11   8.4e-09   34.2   0.0   247   357   303   415   256   460 0.85 -
TRINITY_DN261_c0_g1_i28:1074-2549 -            492 63404at7898          -            417   4.8e-11   41.6   0.0   1   2     0.035       5.4    5.2   0.0    55    89    41    76    22    82 0.82 -
TRINITY_DN261_c0_g1_i28:1074-2549 -            492 63404at7898          -            417   4.8e-11   41.6   0.0   2   2   5.5e-11   8.4e-09   34.2   0.0   247   357   303   415   256   460 0.85 -
TRINITY_DN261_c0_g1_i2:1076-2551  -            492 63404at7898          -            417   4.8e-11   41.6   0.0   1   2     0.035       5.4    5.2   0.0    55    89    41    76    22    82 0.82 -
TRINITY_DN261_c0_g1_i2:1076-2551  -            492 63404at7898          -            417   4.8e-11   41.6   0.0   2   2   5.5e-11   8.4e-09   34.2   0.0   247   357   303   415   256   460 0.85 -
TRINITY_DN3096_c0_g1_i10:956-2083 -            376 63404at7898          -            417   4.9e-11   41.6   0.0   1   1   5.3e-13   8.1e-11   40.9   0.0   221   407   175   366   138   372 0.87 -
TRINITY_DN3096_c0_g1_i11:970-2097 -            376 63404at7898          -            417   4.9e-11   41.6   0.0   1   1   5.3e-13   8.1e-11   40.9   0.0   221   407   175   366   138   372 0.87 -
TRINITY_DN3478_c0_g1_i1:1072-2481 -            470 63404at7898          -            417   6.2e-11   41.3   0.0   1   2      0.22        33    2.6   0.0    57    85    51    79    44    91 0.86 -
TRINITY_DN3478_c0_g1_i1:1072-2481 -            470 63404at7898          -            417   6.2e-11   41.3   0.0   2   2   1.2e-11   1.9e-09   36.4   0.0   239   382   291   438   249   461 0.84 -
TRINITY_DN3096_c0_g1_i1:465-1730  -            422 63404at7898          -            417   6.6e-11   41.2   0.0   1   1   7.2e-13   1.1e-10   40.4   0.0   221   407   217   408   181   414 0.87 -
TRINITY_DN5028_c0_g1_i5:12-1268   -            419 63404at7898          -            417   6.8e-11   41.1   0.0   1   1   6.1e-13   9.2e-11   40.7   0.0   238   377   222   368   165   391 0.77 -
TRINITY_DN9489_c0_g1_i3:7-1011    -            335 63404at7898          -            417   1.2e-10   40.3   0.0   1   1   1.1e-12   1.7e-10   39.9   0.0   255   356   231   334   212   335 0.88 -
TRINITY_DN193_c0_g1_i12:572-1444  -            291 63404at7898          -            417   7.2e-10   37.7   0.0   1   1   5.7e-12   8.7e-10   37.5   0.0   242   381   133   276    83   290 0.80 -
TRINITY_DN8820_c0_g1_i1:400-1833  -            478 63404at7898          -            417   7.6e-10   37.7   0.0   1   2      0.29        43    2.2   0.0    53    86    31    64    18    87 0.89 -
TRINITY_DN8820_c0_g1_i1:400-1833  -            478 63404at7898          -            417   7.6e-10   37.7   0.0   2   2   1.2e-10   1.8e-08   33.1   0.0   202   397   240   447   231   456 0.78 -
TRINITY_DN8820_c0_g1_i3:400-1833  -            478 63404at7898          -            417   7.6e-10   37.7   0.0   1   2      0.29        43    2.2   0.0    53    86    31    64    18    87 0.89 -
TRINITY_DN8820_c0_g1_i3:400-1833  -            478 63404at7898          -            417   7.6e-10   37.7   0.0   2   2   1.2e-10   1.8e-08   33.1   0.0   202   397   240   447   231   456 0.78 -
TRINITY_DN8820_c0_g1_i6:400-1833  -            478 63404at7898          -            417   7.6e-10   37.7   0.0   1   2      0.29        43    2.2   0.0    53    86    31    64    18    87 0.89 -
TRINITY_DN8820_c0_g1_i6:400-1833  -            478 63404at7898          -            417   7.6e-10   37.7   0.0   2   2   1.2e-10   1.8e-08   33.1   0.0   202   397   240   447   231   456 0.78 -
TRINITY_DN8820_c0_g1_i7:397-1830  -            478 63404at7898          -            417   7.6e-10   37.7   0.0   1   2      0.29        43    2.2   0.0    53    86    31    64    18    87 0.89 -
TRINITY_DN8820_c0_g1_i7:397-1830  -            478 63404at7898          -            417   7.6e-10   37.7   0.0   2   2   1.2e-10   1.8e-08   33.1   0.0   202   397   240   447   231   456 0.78 -
TRINITY_DN193_c0_g1_i9:572-1444   -            291 63404at7898          -            417   8.5e-10   37.5   0.0   1   1   7.1e-12   1.1e-09   37.2   0.0   242   381   133   276   100   290 0.80 -
TRINITY_DN5914_c0_g2_i1:147-1112  -            322 63404at7898          -            417   1.7e-09   36.5   0.0   1   1   1.4e-11   2.1e-09   36.2   0.0   239   401   126   295    66   311 0.81 -
TRINITY_DN261_c0_g1_i24:1038-2021 -            328 63404at7898          -            417   2.6e-09   35.9   0.0   1   1   2.2e-11   3.3e-09   35.6   0.0   247   357   139   251    86   297 0.85 -
TRINITY_DN261_c0_g1_i25:1076-2059 -            328 63404at7898          -            417   2.6e-09   35.9   0.0   1   1   2.2e-11   3.3e-09   35.6   0.0   247   357   139   251    86   297 0.85 -
TRINITY_DN7251_c0_g1_i2:1465-2994 -            510 63404at7898          -            417     2e-08   33.0   0.0   1   1   1.9e-10   2.9e-08   32.5   0.0   230   382   306   462   292   481 0.84 -
TRINITY_DN3345_c4_g1_i1:865-2334  -            490 63404at7898          -            417   3.1e-06   25.8   0.0   1   2       6.1   9.2e+02   -2.1   0.0    55    88    48    81    40    85 0.84 -
TRINITY_DN3345_c4_g1_i1:865-2334  -            490 63404at7898          -            417   3.1e-06   25.8   0.0   2   2   6.1e-08   9.3e-06   24.2   0.0   252   375   312   442   302   460 0.84 -
TRINITY_DN7926_c0_g1_i3:1245-2474 -            410 63404at7898          -            417   0.00024   19.6   0.0   1   1   2.3e-06   0.00035   19.0   0.0   220   382   220   390   205   404 0.81 -
#
# Program:         hmmsearch
# Version:         3.1b2 (February 2015)
# Pipeline mode:   SEARCH
# Query file:      /home/ericjuo/Projects/salmo_trutta_rna_seq/busco_downloads/lineages/actinopterygii_odb10/hmms/63404at7898.hmm
# Target file:     /home/ericjuo/Projects/salmo_trutta_rna_seq/data/02_intermediate/busco/run_actinopterygii_odb10/metaeuk_output/initial_results/trinity.Trinity.fasta.modified.fas
# Option settings: hmmsearch --domtblout /home/ericjuo/Projects/salmo_trutta_rna_seq/data/02_intermediate/busco/run_actinopterygii_odb10/hmmer_output/initial_run_results/63404at7898.out --cpu 1 /home/ericjuo/Projects/salmo_trutta_rna_seq/busco_downloads/lineages/actinopterygii_odb10/hmms/63404at7898.hmm /home/ericjuo/Projects/salmo_trutta_rna_seq/data/02_intermediate/busco/run_actinopterygii_odb10/metaeuk_output/initial_results/trinity.Trinity.fasta.modified.fas 
# Current dir:     /home/ericjuo/Projects/salmo_trutta_rna_seq
# Date:            Fri Apr 29 12:54:05 2022
# [ok]
