#                                                                                           --- full sequence --- -------------- this domain -------------   hmm coord   ali coord   env coord
# target name                       accession   tlen query name           accession   qlen   E-value  score  bias   #  of  c-Evalue  i-Evalue  score  bias  from    to  from    to  from    to  acc description of target
#               ------------------- ---------- ----- -------------------- ---------- ----- --------- ------ ----- --- --- --------- --------- ------ ----- ----- ----- ----- ----- ----- ----- ---- ---------------------
TRINITY_DN972_c1_g1_i1:85-1485      -            467 72575at7898          -            349  3.5e-158  525.7  39.1   1   3  2.7e-125    3e-123  410.9   2.4     2   255     1   275     1   276 0.91 -
TRINITY_DN972_c1_g1_i1:85-1485      -            467 72575at7898          -            349  3.5e-158  525.7  39.1   2   3     3e-20   3.4e-18   65.4  17.6   223   301   268   369   259   377 0.76 -
TRINITY_DN972_c1_g1_i1:85-1485      -            467 72575at7898          -            349  3.5e-158  525.7  39.1   3   3   3.4e-18   3.8e-16   58.6   6.4   288   349   404   466   371   466 0.86 -
TRINITY_DN9949_c0_g1_i3:1-873       -            291 72575at7898          -            349     4e-52  176.9   4.1   1   3   5.2e-20   5.8e-18   64.6   0.6   164   222     5    61     2    72 0.88 -
TRINITY_DN9949_c0_g1_i3:1-873       -            291 72575at7898          -            349     4e-52  176.9   4.1   2   3   3.2e-19   3.5e-17   62.0   0.0    76   133    92   152    77   174 0.76 -
TRINITY_DN9949_c0_g1_i3:1-873       -            291 72575at7898          -            349     4e-52  176.9   4.1   3   3   1.3e-15   1.5e-13   50.1   0.0   136   199   228   291   222   291 0.91 -
TRINITY_DN9949_c0_g1_i1:1-873       -            291 72575at7898          -            349   8.1e-52  175.9   3.6   1   3   1.6e-19   1.8e-17   63.0   0.4   164   222     5    61     2    75 0.84 -
TRINITY_DN9949_c0_g1_i1:1-873       -            291 72575at7898          -            349   8.1e-52  175.9   3.6   2   3   2.3e-19   2.6e-17   62.5   0.0    74   133    90   152    77   176 0.78 -
TRINITY_DN9949_c0_g1_i1:1-873       -            291 72575at7898          -            349   8.1e-52  175.9   3.6   3   3   1.3e-15   1.5e-13   50.1   0.0   136   199   228   291   222   291 0.91 -
TRINITY_DN9949_c0_g1_i4:1-873       -            291 72575at7898          -            349   8.1e-52  175.9   3.6   1   3   1.6e-19   1.8e-17   63.0   0.4   164   222     5    61     2    75 0.84 -
TRINITY_DN9949_c0_g1_i4:1-873       -            291 72575at7898          -            349   8.1e-52  175.9   3.6   2   3   2.3e-19   2.6e-17   62.5   0.0    74   133    90   152    77   176 0.78 -
TRINITY_DN9949_c0_g1_i4:1-873       -            291 72575at7898          -            349   8.1e-52  175.9   3.6   3   3   1.3e-15   1.5e-13   50.1   0.0   136   199   228   291   222   291 0.91 -
TRINITY_DN9949_c0_g1_i2:1-873       -            291 72575at7898          -            349   1.1e-51  175.5   3.9   1   3   1.6e-19   1.8e-17   63.0   0.4   164   222     5    61     2    75 0.84 -
TRINITY_DN9949_c0_g1_i2:1-873       -            291 72575at7898          -            349   1.1e-51  175.5   3.9   2   3   2.4e-19   2.7e-17   62.4   0.0    74   133    90   152    77   176 0.76 -
TRINITY_DN9949_c0_g1_i2:1-873       -            291 72575at7898          -            349   1.1e-51  175.5   3.9   3   3   1.3e-15   1.5e-13   50.1   0.0   136   199   228   291   222   291 0.91 -
TRINITY_DN6016_c0_g1_i2:1814-3319   -            502 72575at7898          -            349   8.8e-45  152.8  30.4   1   4   1.1e-07   1.3e-05   24.0   0.0   108   133     1    26     1    51 0.70 -
TRINITY_DN6016_c0_g1_i2:1814-3319   -            502 72575at7898          -            349   8.8e-45  152.8  30.4   2   4   5.5e-26   6.1e-24   84.3   6.3   150   296   119   267    97   272 0.66 -
TRINITY_DN6016_c0_g1_i2:1814-3319   -            502 72575at7898          -            349   8.8e-45  152.8  30.4   3   4   3.3e-07   3.7e-05   22.5   0.2   267   298   330   361   285   373 0.82 -
TRINITY_DN6016_c0_g1_i2:1814-3319   -            502 72575at7898          -            349   8.8e-45  152.8  30.4   4   4   2.9e-10   3.2e-08   32.5   8.1   283   347   438   502   379   502 0.93 -
TRINITY_DN6016_c0_g1_i4:1763-3283   -            507 72575at7898          -            349   1.3e-43  149.0  31.2   1   4   1.1e-07   1.3e-05   24.0   0.0   108   133     1    26     1    51 0.70 -
TRINITY_DN6016_c0_g1_i4:1763-3283   -            507 72575at7898          -            349   1.3e-43  149.0  31.2   2   4   5.6e-26   6.2e-24   84.2   6.3   150   296   119   267    97   272 0.66 -
TRINITY_DN6016_c0_g1_i4:1763-3283   -            507 72575at7898          -            349   1.3e-43  149.0  31.2   3   4   6.7e-06   0.00075   18.2   0.2   270   298   333   360   280   363 0.75 -
TRINITY_DN6016_c0_g1_i4:1763-3283   -            507 72575at7898          -            349   1.3e-43  149.0  31.2   4   4   1.7e-10   1.9e-08   33.3   8.8   285   347   445   507   364   507 0.74 -
TRINITY_DN2569_c0_g3_i2:95-1204     -            370 72575at7898          -            349   2.2e-39  135.0  20.4   1   3   1.3e-26   1.5e-24   86.3   5.3   159   296     3   135     1   150 0.79 -
TRINITY_DN2569_c0_g3_i2:95-1204     -            370 72575at7898          -            349   2.2e-39  135.0  20.4   2   3   4.8e-06   0.00053   18.7   5.6   257   327   171   247   118   264 0.59 -
TRINITY_DN2569_c0_g3_i2:95-1204     -            370 72575at7898          -            349   2.2e-39  135.0  20.4   3   3   1.3e-11   1.4e-09   37.0   0.4   279   347   300   370   270   370 0.89 -
TRINITY_DN2569_c0_g3_i7:95-1168     -            358 72575at7898          -            349   2.8e-35  121.5  19.5   1   3   8.4e-27   9.3e-25   86.9   3.8   159   297     3   136     1   141 0.81 -
TRINITY_DN2569_c0_g3_i7:95-1168     -            358 72575at7898          -            349   2.8e-35  121.5  19.5   2   3   2.2e-05    0.0025   16.5   0.2   269   303   184   218   148   250 0.77 -
TRINITY_DN2569_c0_g3_i7:95-1168     -            358 72575at7898          -            349   2.8e-35  121.5  19.5   3   3   3.1e-08   3.5e-06   25.8   4.7   280   347   288   358   230   358 0.78 -
TRINITY_DN29149_c0_g3_i2:351-1058   -            236 72575at7898          -            349   7.4e-35  120.1   0.1   1   3   5.4e-10     6e-08   31.7   0.1   164   214     4    51     1    59 0.88 -
TRINITY_DN29149_c0_g3_i2:351-1058   -            236 72575at7898          -            349   7.4e-35  120.1   0.1   2   3   5.4e-11     6e-09   34.9   0.0   154   227    65   142    51   155 0.76 -
TRINITY_DN29149_c0_g3_i2:351-1058   -            236 72575at7898          -            349   7.4e-35  120.1   0.1   3   3     1e-15   1.1e-13   50.5   0.0   160   215   179   234   172   236 0.90 -
TRINITY_DN9054_c2_g2_i1:122-793     -            224 72575at7898          -            349   2.6e-30  105.2   0.8   1   3   4.2e-10   4.7e-08   32.0   0.1     7    54     4    50     1    67 0.88 -
TRINITY_DN9054_c2_g2_i1:122-793     -            224 72575at7898          -            349   2.6e-30  105.2   0.8   2   3   5.2e-10   5.8e-08   31.7   0.0   160   216    97   151    68   168 0.83 -
TRINITY_DN9054_c2_g2_i1:122-793     -            224 72575at7898          -            349   2.6e-30  105.2   0.8   3   3     2e-12   2.2e-10   39.7   0.0   152   215   160   223   155   224 0.83 -
TRINITY_DN3048_c0_g3_i1:231-1085    -            285 72575at7898          -            349   1.5e-19   69.9   0.0   1   2   2.4e-10   2.6e-08   32.8   0.0   166   230     7    68     3    78 0.83 -
TRINITY_DN3048_c0_g3_i1:231-1085    -            285 72575at7898          -            349   1.5e-19   69.9   0.0   2   2     5e-11   5.6e-09   35.0   0.0   162   212   237   285   220   285 0.86 -
TRINITY_DN3048_c0_g3_i2:1072-1926   -            285 72575at7898          -            349   1.5e-19   69.9   0.0   1   2   2.4e-10   2.6e-08   32.8   0.0   166   230     7    68     3    78 0.83 -
TRINITY_DN3048_c0_g3_i2:1072-1926   -            285 72575at7898          -            349   1.5e-19   69.9   0.0   2   2     5e-11   5.6e-09   35.0   0.0   162   212   237   285   220   285 0.86 -
TRINITY_DN3048_c0_g3_i3:1072-1926   -            285 72575at7898          -            349   1.5e-19   69.9   0.0   1   2   2.4e-10   2.6e-08   32.8   0.0   166   230     7    68     3    78 0.83 -
TRINITY_DN3048_c0_g3_i3:1072-1926   -            285 72575at7898          -            349   1.5e-19   69.9   0.0   2   2     5e-11   5.6e-09   35.0   0.0   162   212   237   285   220   285 0.86 -
TRINITY_DN3048_c0_g3_i5:495-1349    -            285 72575at7898          -            349   1.5e-19   69.9   0.0   1   2   2.4e-10   2.6e-08   32.8   0.0   166   230     7    68     3    78 0.83 -
TRINITY_DN3048_c0_g3_i5:495-1349    -            285 72575at7898          -            349   1.5e-19   69.9   0.0   2   2     5e-11   5.6e-09   35.0   0.0   162   212   237   285   220   285 0.86 -
TRINITY_DN1510_c0_g1_i8:587-1837    -            417 72575at7898          -            349   2.2e-16   59.4   0.0   1   2   1.1e-07   1.2e-05   24.1   0.0   160   248   156   241   142   276 0.77 -
TRINITY_DN1510_c0_g1_i8:587-1837    -            417 72575at7898          -            349   2.2e-16   59.4   0.0   2   2   1.9e-10   2.1e-08   33.2   0.0     4    58   361   414   347   417 0.55 -
TRINITY_DN1510_c0_g1_i2:536-1786    -            417 72575at7898          -            349   2.3e-16   59.4   0.0   1   2   1.1e-07   1.2e-05   24.1   0.0   160   248   156   241   142   276 0.77 -
TRINITY_DN1510_c0_g1_i2:536-1786    -            417 72575at7898          -            349   2.3e-16   59.4   0.0   2   2   1.9e-10   2.1e-08   33.2   0.0   162   217   360   413   346   417 0.55 -
TRINITY_DN1510_c0_g1_i7:1227-2723   -            499 72575at7898          -            349   3.9e-16   58.6   0.0   1   2   1.5e-07   1.6e-05   23.6   0.0   160   248   238   323   224   357 0.77 -
TRINITY_DN1510_c0_g1_i7:1227-2723   -            499 72575at7898          -            349   3.9e-16   58.6   0.0   2   2   2.4e-10   2.7e-08   32.8   0.0     4    58   443   496   429   499 0.55 -
TRINITY_DN1510_c0_g1_i5:536-1783    -            416 72575at7898          -            349   1.2e-15   56.9   0.0   1   2   6.1e-07   6.8e-05   21.6   0.0   161   246   157   239   143   266 0.73 -
TRINITY_DN1510_c0_g1_i5:536-1783    -            416 72575at7898          -            349   1.2e-15   56.9   0.0   2   2   1.9e-10   2.1e-08   33.2   0.0   162   217   359   412   345   416 0.55 -
TRINITY_DN13358_c0_g2_i1:37-672     -            212 72575at7898          -            349   1.5e-15   56.6   0.0   1   2   1.6e-10   1.8e-08   33.4   0.0   164   217     5    57     1    82 0.66 -
TRINITY_DN13358_c0_g2_i1:37-672     -            212 72575at7898          -            349   1.5e-15   56.6   0.0   2   2   6.5e-07   7.2e-05   21.5   0.0   155   214   153   210   133   212 0.83 -
TRINITY_DN17646_c0_g3_i1:20-2158    -            713 72575at7898          -            349   1.6e-14   53.3   3.3   1   1   1.5e-16   1.7e-14   53.2   0.0   163   217    44   101    35   120 0.87 -
TRINITY_DN2136_c0_g2_i20:251-1279   -            343 72575at7898          -            349   2.2e-12   46.2   0.2   1   1   4.4e-14   4.9e-12   45.1   0.2   161   217   280   334   272   342 0.92 -
TRINITY_DN2136_c0_g2_i18:0-1625     -            542 72575at7898          -            349   9.6e-12   44.1   0.1   1   1   8.6e-14   9.6e-12   44.1   0.1   161   217   479   533   472   541 0.92 -
TRINITY_DN2136_c0_g2_i4:0-1625      -            542 72575at7898          -            349   9.6e-12   44.1   0.1   1   1   8.6e-14   9.6e-12   44.1   0.1   161   217   479   533   472   541 0.92 -
TRINITY_DN2136_c0_g2_i6:0-1625      -            542 72575at7898          -            349   9.6e-12   44.1   0.1   1   1   8.6e-14   9.6e-12   44.1   0.1   161   217   479   533   472   541 0.92 -
TRINITY_DN18043_c0_g1_i12:874-1911  -            346 72575at7898          -            349   1.5e-10   40.2   0.6   1   1   2.1e-12   2.4e-10   39.5   0.1   158   216   285   343   275   345 0.92 -
TRINITY_DN18043_c0_g1_i13:833-1870  -            346 72575at7898          -            349   1.5e-10   40.2   0.6   1   1   2.1e-12   2.4e-10   39.5   0.1   158   216   285   343   275   345 0.92 -
TRINITY_DN18043_c0_g1_i18:783-1820  -            346 72575at7898          -            349   1.5e-10   40.2   0.6   1   1   2.1e-12   2.4e-10   39.5   0.1   158   216   285   343   275   345 0.92 -
TRINITY_DN18043_c0_g1_i19:284-1321  -            346 72575at7898          -            349   1.5e-10   40.2   0.6   1   1   2.1e-12   2.4e-10   39.5   0.1   158   216   285   343   275   345 0.92 -
TRINITY_DN11965_c0_g1_i1:2853-5594  -            914 72575at7898          -            349     1e-09   37.5   0.0   1   1   1.6e-11   1.8e-09   36.7   0.0   159   230   495   565   484   575 0.87 -
TRINITY_DN11965_c0_g1_i4:2854-5595  -            914 72575at7898          -            349     1e-09   37.5   0.0   1   1   1.6e-11   1.8e-09   36.7   0.0   159   230   495   565   484   575 0.87 -
TRINITY_DN2708_c2_g1_i3:628-3702    -           1025 72575at7898          -            349   7.5e-09   34.6   0.0   1   1   1.2e-10   1.3e-08   33.8   0.0   159   229   609   678   600   695 0.84 -
TRINITY_DN2708_c2_g1_i6:774-4088    -           1105 72575at7898          -            349   8.2e-09   34.5   0.0   1   1   1.3e-10   1.5e-08   33.7   0.0   159   229   711   780   702   797 0.84 -
TRINITY_DN2708_c2_g1_i4:628-4008    -           1127 72575at7898          -            349   8.4e-09   34.5   0.0   1   1   1.4e-10   1.5e-08   33.6   0.0   159   229   711   780   702   797 0.84 -
TRINITY_DN468_c0_g1_i2:390-2669     -            760 72575at7898          -            349     2e-08   33.2   0.0   1   1   3.1e-10   3.5e-08   32.4   0.0   154   217   690   752   681   758 0.85 -
TRINITY_DN6334_c0_g1_i1:1025-2230   -            402 72575at7898          -            349   2.6e-08   32.8   0.1   1   1   3.8e-10   4.3e-08   32.1   0.1   173   222     1    48     1    70 0.85 -
TRINITY_DN6334_c0_g1_i2:1025-2230   -            402 72575at7898          -            349   2.6e-08   32.8   0.1   1   1   3.8e-10   4.3e-08   32.1   0.1   173   222     1    48     1    70 0.85 -
TRINITY_DN6334_c0_g1_i5:1025-2230   -            402 72575at7898          -            349   2.6e-08   32.8   0.1   1   1   3.8e-10   4.3e-08   32.1   0.1   173   222     1    48     1    70 0.85 -
TRINITY_DN8999_c0_g1_i5:219-1649    -            457 72575at7898          -            349   6.1e-08   31.6   0.0   1   1   1.2e-09   1.4e-07   30.5   0.0     3    54   403   455   401   457 0.90 -
TRINITY_DN5204_c0_g1_i8:979-3312    -            778 72575at7898          -            349   7.9e-08   31.3   0.0   1   1   1.3e-09   1.5e-07   30.3   0.0   162   217   719   772   706   776 0.89 -
TRINITY_DN8999_c0_g1_i3:276-1625    -            430 72575at7898          -            349   1.1e-07   30.8   0.0   1   1   2.4e-09   2.7e-07   29.5   0.0     3    53   378   429   376   430 0.89 -
TRINITY_DN8999_c0_g1_i7:276-1625    -            430 72575at7898          -            349   1.1e-07   30.8   0.0   1   1   2.4e-09   2.7e-07   29.5   0.0     3    53   378   429   376   430 0.89 -
TRINITY_DN1875_c1_g1_i1:421-1350    -            310 72575at7898          -            349   4.3e-07   28.8   0.0   1   1   5.9e-09   6.6e-07   28.2   0.0   164   225     4    63     2   107 0.82 -
TRINITY_DN3096_c4_g1_i1:405-2243    -            613 72575at7898          -            349   4.3e-07   28.8   0.9   1   1   6.1e-09   6.8e-07   28.2   0.0   160   237   470   545   459   553 0.87 -
TRINITY_DN1727_c2_g2_i4:2374-3861   -            496 72575at7898          -            349   5.2e-07   28.6   4.0   1   2       1.6   1.8e+02    0.5   2.4   275   327   162   216   137   236 0.78 -
TRINITY_DN1727_c2_g2_i4:2374-3861   -            496 72575at7898          -            349   5.2e-07   28.6   4.0   2   2   1.1e-08   1.3e-06   27.3   0.0     3    56   442   496   440   496 0.90 -
TRINITY_DN3931_c0_g2_i2:483-1418    -            312 72575at7898          -            349     8e-07   28.0   0.7   1   2       5.9   6.6e+02   -1.4   0.2   300   337   131   168    84   181 0.53 -
TRINITY_DN3931_c0_g2_i2:483-1418    -            312 72575at7898          -            349     8e-07   28.0   0.7   2   2   7.2e-09     8e-07   28.0   0.7   161   213   259   311   191   312 0.66 -
TRINITY_DN1875_c1_g1_i6:421-1752    -            444 72575at7898          -            349   8.4e-07   27.9   0.0   1   1   1.1e-08   1.3e-06   27.3   0.0   164   225     4    63     2    93 0.80 -
TRINITY_DN1875_c1_g1_i7:485-1816    -            444 72575at7898          -            349   8.4e-07   27.9   0.0   1   1   1.1e-08   1.3e-06   27.3   0.0   164   225     4    63     2    93 0.80 -
TRINITY_DN5926_c0_g1_i2:106-705     -            200 72575at7898          -            349   1.5e-06   27.1   0.0   1   1   1.4e-08   1.6e-06   27.0   0.0   164   224     4    62     1   122 0.76 -
TRINITY_DN30873_c0_g1_i4:120-1292   -            391 72575at7898          -            349   1.9e-06   26.7   0.0   1   1   1.7e-08   1.9e-06   26.7   0.0     3    54   339   391   333   391 0.81 -
TRINITY_DN6673_c1_g1_i4:2-1321      -            440 72575at7898          -            349     2e-06   26.6   0.1   1   1   3.3e-08   3.6e-06   25.8   0.1   162   220   370   428   357   435 0.80 -
TRINITY_DN30873_c0_g1_i11:925-2166  -            414 72575at7898          -            349   2.1e-06   26.6   0.0   1   2       8.1     9e+02   -1.8   1.1   280   325   149   194    98   227 0.55 -
TRINITY_DN30873_c0_g1_i11:925-2166  -            414 72575at7898          -            349   2.1e-06   26.6   0.0   2   2   1.8e-08   2.1e-06   26.6   0.0     3    54   362   414   356   414 0.80 -
TRINITY_DN30873_c0_g1_i5:1218-2459  -            414 72575at7898          -            349   2.1e-06   26.6   0.0   1   2       8.1     9e+02   -1.8   1.1   280   325   149   194    98   227 0.55 -
TRINITY_DN30873_c0_g1_i5:1218-2459  -            414 72575at7898          -            349   2.1e-06   26.6   0.0   2   2   1.8e-08   2.1e-06   26.6   0.0     3    54   362   414   356   414 0.80 -
TRINITY_DN4877_c0_g1_i8:122-3121    -           1000 72575at7898          -            349   4.1e-06   25.6   0.0   1   1   1.3e-07   1.4e-05   23.9   0.0   162   216   943   998   933  1000 0.86 -
TRINITY_DN4877_c0_g1_i12:122-3232   -           1037 72575at7898          -            349   4.5e-06   25.5   0.0   1   1   1.3e-07   1.5e-05   23.8   0.0   162   216   980  1035   970  1037 0.86 -
TRINITY_DN6432_c1_g1_i2:155-805     -            217 72575at7898          -            349   4.9e-06   25.4   0.0   1   1   6.2e-08   6.9e-06   24.9   0.0    84   150    43   107    32   117 0.84 -
TRINITY_DN6432_c1_g1_i3:155-805     -            217 72575at7898          -            349   4.9e-06   25.4   0.0   1   1   6.2e-08   6.9e-06   24.9   0.0    84   150    43   107    32   117 0.84 -
TRINITY_DN5926_c0_g1_i3:106-1437    -            444 72575at7898          -            349   5.8e-06   25.1   0.0   1   1   6.8e-08   7.6e-06   24.7   0.0   164   224     4    62     1   121 0.79 -
TRINITY_DN6432_c1_g1_i8:130-1164    -            345 72575at7898          -            349   5.9e-06   25.1   0.0   1   1   1.5e-07   1.7e-05   23.6   0.0    84   150   171   235   161   244 0.84 -
TRINITY_DN4251_c0_g1_i3:1-561       -            187 72575at7898          -            349     1e-05   24.3   0.0   1   1   1.2e-07   1.4e-05   23.9   0.0   171   221    15    63     3    89 0.60 -
TRINITY_DN6432_c1_g1_i4:130-1164    -            345 72575at7898          -            349     1e-05   24.3   0.0   1   1   1.5e-07   1.7e-05   23.6   0.0    84   150   171   235   161   244 0.84 -
TRINITY_DN5746_c0_g1_i1:1182-1673   -            164 72575at7898          -            349   1.2e-05   24.1   0.0   1   1   1.8e-07     2e-05   23.4   0.0   174   215     2    41     1    58 0.85 -
TRINITY_DN5746_c0_g1_i3:1182-1673   -            164 72575at7898          -            349   1.2e-05   24.1   0.0   1   1   1.8e-07     2e-05   23.4   0.0   174   215     2    41     1    58 0.85 -
TRINITY_DN5746_c0_g1_i4:1065-1556   -            164 72575at7898          -            349   1.2e-05   24.1   0.0   1   1   1.8e-07     2e-05   23.4   0.0   174   215     2    41     1    58 0.85 -
TRINITY_DN67954_c0_g1_i1:1243-2007  -            255 72575at7898          -            349   1.8e-05   23.5   0.0   1   1   2.2e-07   2.5e-05   23.1   0.0     6    56     8    59     3    68 0.87 -
TRINITY_DN3931_c0_g4_i1:163-1302    -            380 72575at7898          -            349   1.9e-05   23.5   1.1   1   1   1.7e-07   1.9e-05   23.5   1.1   160   213   324   377   235   380 0.67 -
TRINITY_DN24909_c0_g1_i1:370-1086   -            239 72575at7898          -            349   1.9e-05   23.4   0.0   1   1   2.9e-07   3.2e-05   22.7   0.0    85   129   121   165   111   190 0.80 -
TRINITY_DN4251_c0_g1_i4:121-1200    -            360 72575at7898          -            349   2.4e-05   23.1   0.0   1   1   3.8e-07   4.3e-05   22.3   0.0   174   228   194   246   180   265 0.75 -
TRINITY_DN6344_c0_g1_i3:74-1387     -            438 72575at7898          -            349   2.7e-05   22.9   0.0   1   1   4.3e-07   4.7e-05   22.1   0.0    80   130   370   423   352   436 0.70 -
TRINITY_DN24909_c0_g1_i3:286-1167   -            294 72575at7898          -            349   2.8e-05   22.9   0.0   1   1   4.2e-07   4.7e-05   22.1   0.0    85   129   121   165   111   187 0.80 -
TRINITY_DN6344_c0_g1_i2:74-1540     -            489 72575at7898          -            349   3.2e-05   22.7   0.0   1   1     5e-07   5.6e-05   21.9   0.0    80   130   421   474   403   487 0.70 -
TRINITY_DN3811_c0_g1_i10:767-1666   -            300 72575at7898          -            349   4.6e-05   22.2   1.8   1   2   1.5e-06   0.00017   20.3   0.1    85   129   120   164   109   175 0.87 -
TRINITY_DN3811_c0_g1_i10:767-1666   -            300 72575at7898          -            349   4.6e-05   22.2   1.8   2   2      0.26        29    3.1   0.5   270   328   158   221   157   246 0.70 -
TRINITY_DN4251_c0_g1_i12:129-1208   -            360 72575at7898          -            349   4.7e-05   22.1   0.0   1   1   7.2e-07     8e-05   21.4   0.0   174   223   194   241   180   265 0.78 -
TRINITY_DN4251_c0_g1_i10:120-1310   -            397 72575at7898          -            349   4.8e-05   22.1   0.0   1   1   8.3e-07   9.3e-05   21.2   0.0   174   223   193   240   179   264 0.78 -
TRINITY_DN4251_c0_g1_i11:121-1311   -            397 72575at7898          -            349   4.8e-05   22.1   0.0   1   1   8.3e-07   9.3e-05   21.2   0.0   174   223   193   240   179   264 0.78 -
TRINITY_DN4251_c0_g1_i13:121-1311   -            397 72575at7898          -            349   4.8e-05   22.1   0.0   1   1   8.3e-07   9.3e-05   21.2   0.0   174   223   193   240   179   264 0.78 -
TRINITY_DN4251_c0_g1_i14:121-1311   -            397 72575at7898          -            349   4.8e-05   22.1   0.0   1   1   8.3e-07   9.3e-05   21.2   0.0   174   223   193   240   179   264 0.78 -
TRINITY_DN4877_c0_g1_i5:93-3092     -           1000 72575at7898          -            349   5.5e-05   21.9   0.0   1   1   1.7e-06   0.00019   20.1   0.0   160   217   941   999   929  1000 0.80 -
TRINITY_DN13193_c0_g1_i11:103-894   -            264 72575at7898          -            349   5.7e-05   21.9   0.0   1   1   7.8e-07   8.7e-05   21.3   0.0   164   217    10    62     5    85 0.82 -
TRINITY_DN4877_c0_g1_i14:93-3089    -            999 72575at7898          -            349   6.5e-05   21.7   0.0   1   1   1.7e-06   0.00019   20.1   0.0   160   217   940   998   928   999 0.80 -
TRINITY_DN3811_c0_g1_i3:409-1494    -            362 72575at7898          -            349   7.6e-05   21.4   2.1   1   1   3.2e-06   0.00036   19.2   1.8    85   130   182   227   171   294 0.81 -
TRINITY_DN3811_c0_g1_i6:514-1599    -            362 72575at7898          -            349   7.6e-05   21.4   2.1   1   1   3.2e-06   0.00036   19.2   1.8    85   130   182   227   171   294 0.81 -
TRINITY_DN3811_c0_g1_i8:767-1852    -            362 72575at7898          -            349   7.6e-05   21.4   2.1   1   1   3.2e-06   0.00036   19.2   1.8    85   130   182   227   171   294 0.81 -
TRINITY_DN3811_c0_g1_i5:767-1792    -            342 72575at7898          -            349   7.8e-05   21.4   2.1   1   1   2.8e-06   0.00031   19.4   1.8    85   130   162   207   151   274 0.81 -
TRINITY_DN6608_c1_g1_i1:205-1707    -            501 72575at7898          -            349   8.1e-05   21.4   0.1   1   1   1.1e-06   0.00013   20.7   0.1   164   218    61   115    56   131 0.83 -
TRINITY_DN13193_c0_g1_i4:54-1412    -            453 72575at7898          -            349    0.0001   21.0   0.0   1   1   1.5e-06   0.00017   20.3   0.0   164   217    14    66     7    94 0.82 -
TRINITY_DN13193_c0_g1_i10:1055-2398 -            448 72575at7898          -            349   0.00013   20.6   0.0   1   1   1.9e-06   0.00021   20.0   0.0   164   217     7    59     2    80 0.82 -
TRINITY_DN14432_c0_g1_i23:645-3509  -            955 72575at7898          -            349   0.00021   20.0   0.0   1   1   3.9e-06   0.00043   19.0   0.0   161   219   876   934   859   946 0.76 -
TRINITY_DN383_c4_g1_i5:2-928        -            309 72575at7898          -            349   0.00022   20.0   0.0   1   1   2.8e-06   0.00031   19.4   0.0   162   214     7    59     3    71 0.84 -
TRINITY_DN6673_c1_g1_i2:2-1321      -            440 72575at7898          -            349   0.00024   19.8   0.0   1   1   3.6e-06    0.0004   19.1   0.0   162   222   370   430   359   435 0.84 -
TRINITY_DN1086_c3_g1_i1:672-2180    -            503 72575at7898          -            349   0.00024   19.8   0.0   1   1   3.4e-06   0.00038   19.2   0.0   146   215    44   111    29   136 0.78 -
TRINITY_DN1086_c3_g1_i3:654-2162    -            503 72575at7898          -            349   0.00024   19.8   0.0   1   1   3.4e-06   0.00038   19.2   0.0   146   215    44   111    29   136 0.78 -
TRINITY_DN383_c4_g1_i4:123-1442     -            440 72575at7898          -            349   0.00035   19.3   0.0   1   1   4.8e-06   0.00054   18.7   0.0   162   213     8    59     4    71 0.84 -
TRINITY_DN476_c1_g1_i3:139-2136     -            666 72575at7898          -            349   0.00057   18.6   0.2   1   1   5.1e-06   0.00057   18.6   0.2   159   293   441   565   433   576 0.64 -
TRINITY_DN1575_c0_g1_i2:294-1961    -            556 72575at7898          -            349   0.00059   18.5   0.0   1   1   8.8e-06   0.00098   17.8   0.0   162   239     5    83     2    94 0.81 -
TRINITY_DN1575_c0_g1_i4:294-1961    -            556 72575at7898          -            349   0.00059   18.5   0.0   1   1   8.8e-06   0.00098   17.8   0.0   162   239     5    83     2    94 0.81 -
TRINITY_DN1575_c0_g1_i7:294-1961    -            556 72575at7898          -            349   0.00059   18.5   0.0   1   1   8.8e-06   0.00098   17.8   0.0   162   239     5    83     2    94 0.81 -
TRINITY_DN165_c0_g1_i11:340-2334    -            665 72575at7898          -            349    0.0024   16.5   0.0   1   1   3.4e-05    0.0038   15.9   0.0   150   230   578   657   555   664 0.71 -
TRINITY_DN165_c0_g1_i12:340-2334    -            665 72575at7898          -            349    0.0024   16.5   0.0   1   1   3.4e-05    0.0038   15.9   0.0   150   230   578   657   555   664 0.71 -
TRINITY_DN165_c0_g1_i14:340-2334    -            665 72575at7898          -            349    0.0024   16.5   0.0   1   1   3.4e-05    0.0038   15.9   0.0   150   230   578   657   555   664 0.71 -
TRINITY_DN165_c0_g1_i16:340-2334    -            665 72575at7898          -            349    0.0024   16.5   0.0   1   1   3.4e-05    0.0038   15.9   0.0   150   230   578   657   555   664 0.71 -
TRINITY_DN165_c0_g1_i2:340-2334     -            665 72575at7898          -            349    0.0024   16.5   0.0   1   1   3.4e-05    0.0038   15.9   0.0   150   230   578   657   555   664 0.71 -
TRINITY_DN165_c0_g1_i3:340-2334     -            665 72575at7898          -            349    0.0024   16.5   0.0   1   1   3.4e-05    0.0038   15.9   0.0   150   230   578   657   555   664 0.71 -
TRINITY_DN165_c0_g1_i7:340-2334     -            665 72575at7898          -            349    0.0024   16.5   0.0   1   1   3.4e-05    0.0038   15.9   0.0   150   230   578   657   555   664 0.71 -
TRINITY_DN165_c0_g1_i8:340-2334     -            665 72575at7898          -            349    0.0024   16.5   0.0   1   1   3.4e-05    0.0038   15.9   0.0   150   230   578   657   555   664 0.71 -
TRINITY_DN165_c0_g1_i9:340-2334     -            665 72575at7898          -            349    0.0024   16.5   0.0   1   1   3.4e-05    0.0038   15.9   0.0   150   230   578   657   555   664 0.71 -
TRINITY_DN841_c0_g1_i2:1402-2799    -            466 72575at7898          -            349    0.0026   16.4   0.0   1   1   3.7e-05    0.0042   15.7   0.0   164   216    14    69     8    89 0.81 -
TRINITY_DN841_c0_g1_i8:1333-2730    -            466 72575at7898          -            349    0.0026   16.4   0.0   1   1   3.7e-05    0.0042   15.7   0.0   164   216    14    69     8    89 0.81 -
TRINITY_DN841_c0_g1_i6:1348-2712    -            455 72575at7898          -            349    0.0037   15.9   0.0   1   1   5.3e-05    0.0059   15.2   0.0   160   216    11    70     7    90 0.77 -
TRINITY_DN841_c0_g1_i5:1333-2751    -            473 72575at7898          -            349    0.0039   15.8   0.0   1   1   5.6e-05    0.0063   15.1   0.0   160   216    17    76    13    96 0.77 -
TRINITY_DN11454_c0_g1_i3:303-1475   -            391 72575at7898          -            349     0.004   15.8   0.5   1   1     6e-05    0.0067   15.1   0.0   162   217    10    65     3    85 0.75 -
TRINITY_DN6486_c0_g1_i16:559-2538   -            606 72575at7898          -            349     0.012   14.3   0.0   1   1   0.00018      0.02   13.5   0.0   164   218   183   236   148   263 0.82 -
TRINITY_DN5074_c0_g1_i4:45-1361     -            439 72575at7898          -            349     0.013   14.1   0.0   1   1   0.00018      0.02   13.5   0.0   162   213     7    58     4    69 0.82 -
TRINITY_DN6486_c0_g1_i8:559-2616    -            614 72575at7898          -            349     0.013   14.1   0.4   1   1   0.00024     0.026   13.1   0.0   165   218   192   244   179   271 0.81 -
TRINITY_DN6486_c0_g1_i11:559-2415   -            619 72575at7898          -            349     0.014   14.0   0.5   1   1   0.00024     0.027   13.1   0.0   165   218   197   249   184   276 0.81 -
TRINITY_DN6486_c0_g1_i7:559-2415    -            619 72575at7898          -            349     0.014   14.0   0.5   1   1   0.00024     0.027   13.1   0.0   165   218   197   249   184   276 0.81 -
TRINITY_DN5351_c3_g1_i1:204-2102    -            633 72575at7898          -            349     0.017   13.8   0.0   1   1   0.00034     0.038   12.6   0.0   162   211   499   546   485   587 0.81 -
TRINITY_DN64425_c0_g1_i1:58-1095    -            346 72575at7898          -            349     0.018   13.7   0.0   1   1   0.00032     0.036   12.6   0.0   161   213   275   325   265   337 0.84 -
TRINITY_DN1575_c0_g2_i3:432-2150    -            573 72575at7898          -            349     0.023   13.3   0.0   1   1   0.00036      0.04   12.5   0.0   163   213     6    57     2    69 0.55 -
TRINITY_DN1575_c0_g2_i4:432-2228    -            599 72575at7898          -            349     0.024   13.2   0.0   1   1   0.00038     0.042   12.4   0.0   163   213     6    57     2    71 0.56 -
TRINITY_DN1248_c0_g1_i13:3782-4938  -            277 72575at7898          -            349     0.038   12.6   0.0   1   2       9.8   1.1e+03   -2.1   1.4   316   341    68    93    59   103 0.69 -
TRINITY_DN1248_c0_g1_i13:3782-4938  -            277 72575at7898          -            349     0.038   12.6   0.0   2   2   0.00034     0.038   12.6   0.0   161   218   210   267   205   275 0.84 -
TRINITY_DN1248_c0_g1_i10:3805-4644  -            280 72575at7898          -            349     0.038   12.6   0.0   1   2       7.3   8.2e+02   -1.7   1.2   315   341    70    96    49   104 0.73 -
TRINITY_DN1248_c0_g1_i10:3805-4644  -            280 72575at7898          -            349     0.038   12.6   0.0   2   2   0.00034     0.038   12.6   0.0   161   218   213   270   207   278 0.84 -
TRINITY_DN1248_c0_g1_i21:3897-4736  -            280 72575at7898          -            349     0.038   12.6   0.0   1   2       7.3   8.2e+02   -1.7   1.2   315   341    70    96    49   104 0.73 -
TRINITY_DN1248_c0_g1_i21:3897-4736  -            280 72575at7898          -            349     0.038   12.6   0.0   2   2   0.00034     0.038   12.6   0.0   161   218   213   270   207   278 0.84 -
TRINITY_DN67491_c0_g1_i1:58-456     -            133 72575at7898          -            349     0.072   11.7   0.0   1   1    0.0022      0.24    9.9   0.0   165   230    49   125    20   129 0.69 -
#
# Program:         hmmsearch
# Version:         3.1b2 (February 2015)
# Pipeline mode:   SEARCH
# Query file:      /home/ericjuo/Projects/salmo_trutta_rna_seq/busco_downloads/lineages/actinopterygii_odb10/hmms/72575at7898.hmm
# Target file:     /home/ericjuo/Projects/salmo_trutta_rna_seq/data/02_intermediate/busco/run_actinopterygii_odb10/metaeuk_output/initial_results/trinity.Trinity.fasta.modified.fas
# Option settings: hmmsearch --domtblout /home/ericjuo/Projects/salmo_trutta_rna_seq/data/02_intermediate/busco/run_actinopterygii_odb10/hmmer_output/initial_run_results/72575at7898.out --cpu 1 /home/ericjuo/Projects/salmo_trutta_rna_seq/busco_downloads/lineages/actinopterygii_odb10/hmms/72575at7898.hmm /home/ericjuo/Projects/salmo_trutta_rna_seq/data/02_intermediate/busco/run_actinopterygii_odb10/metaeuk_output/initial_results/trinity.Trinity.fasta.modified.fas 
# Current dir:     /home/ericjuo/Projects/salmo_trutta_rna_seq
# Date:            Fri Apr 29 12:54:16 2022
# [ok]
