#                                                                                        --- full sequence --- -------------- this domain -------------   hmm coord   ali coord   env coord
# target name                    accession   tlen query name           accession   qlen   E-value  score  bias   #  of  c-Evalue  i-Evalue  score  bias  from    to  from    to  from    to  acc description of target
#            ------------------- ---------- ----- -------------------- ---------- ----- --------- ------ ----- --- --- --------- --------- ------ ----- ----- ----- ----- ----- ----- ----- ---- ---------------------
TRINITY_DN2657_c0_g1_i1:307-1344 -            346 74231at7898          -            305  7.1e-181  599.9   0.1   1   1  7.9e-184  1.1e-180  599.3   0.1     1   305     3   344     3   344 0.95 -
TRINITY_DN2657_c0_g1_i2:299-1342 -            348 74231at7898          -            305  1.5e-180  598.9   0.0   1   1  1.6e-183  2.3e-180  598.3   0.0     1   305     3   344     3   344 0.95 -
TRINITY_DN8637_c0_g4_i3:136-1208 -            320 74231at7898          -            305   7.1e-13   48.2   0.0   1   2   5.8e-14     8e-11   41.5   0.0     2   142    13   168    12   194 0.73 -
TRINITY_DN8637_c0_g4_i3:136-1208 -            320 74231at7898          -            305   7.1e-13   48.2   0.0   2   2     0.009        12    4.7   0.0   200   255   212   270   200   319 0.64 -
TRINITY_DN8637_c0_g4_i2:136-1126 -            328 74231at7898          -            305   2.1e-12   46.6   0.0   1   2   6.2e-14   8.5e-11   41.4   0.0     2   142    13   168    12   194 0.73 -
TRINITY_DN8637_c0_g4_i2:136-1126 -            328 74231at7898          -            305   2.1e-12   46.6   0.0   2   2     0.029        41    3.0   0.0   200   250   212   265   200   273 0.77 -
TRINITY_DN5723_c7_g1_i1:727-1983 -            419 74231at7898          -            305   1.5e-11   43.9   0.0   1   1   2.3e-14   3.1e-11   42.8   0.0     2   289    88   380    87   392 0.77 -
TRINITY_DN9177_c0_g1_i1:789-1823 -            345 74231at7898          -            305     0.001   18.1   0.1   1   1   2.2e-06     0.003   16.6   0.1     3   149    12   163    10   239 0.65 -
TRINITY_DN9177_c0_g1_i4:205-1239 -            345 74231at7898          -            305     0.001   18.1   0.1   1   1   2.2e-06     0.003   16.6   0.1     3   149    12   163    10   239 0.65 -
TRINITY_DN4177_c0_g1_i2:256-1290 -            345 74231at7898          -            305     0.014   14.4   0.4   1   1   1.9e-05     0.026   13.5   0.4     4   148    11   174     9   200 0.62 -
TRINITY_DN4177_c0_g1_i3:258-1292 -            345 74231at7898          -            305     0.014   14.4   0.4   1   1   1.9e-05     0.026   13.5   0.4     4   148    11   174     9   200 0.62 -
TRINITY_DN4177_c0_g1_i7:256-1290 -            345 74231at7898          -            305     0.014   14.4   0.4   1   1   1.9e-05     0.026   13.5   0.4     4   148    11   174     9   200 0.62 -
#
# Program:         hmmsearch
# Version:         3.1b2 (February 2015)
# Pipeline mode:   SEARCH
# Query file:      /home/ericjuo/Projects/salmo_trutta_rna_seq/busco_downloads/lineages/actinopterygii_odb10/hmms/74231at7898.hmm
# Target file:     /home/ericjuo/Projects/salmo_trutta_rna_seq/data/02_intermediate/busco/run_actinopterygii_odb10/metaeuk_output/initial_results/trinity.Trinity.fasta.modified.fas
# Option settings: hmmsearch --domtblout /home/ericjuo/Projects/salmo_trutta_rna_seq/data/02_intermediate/busco/run_actinopterygii_odb10/hmmer_output/initial_run_results/74231at7898.out --cpu 1 /home/ericjuo/Projects/salmo_trutta_rna_seq/busco_downloads/lineages/actinopterygii_odb10/hmms/74231at7898.hmm /home/ericjuo/Projects/salmo_trutta_rna_seq/data/02_intermediate/busco/run_actinopterygii_odb10/metaeuk_output/initial_results/trinity.Trinity.fasta.modified.fas 
# Current dir:     /home/ericjuo/Projects/salmo_trutta_rna_seq
# Date:            Fri Apr 29 12:54:26 2022
# [ok]
