#                                                                                         --- full sequence --- -------------- this domain -------------   hmm coord   ali coord   env coord
# target name                     accession   tlen query name           accession   qlen   E-value  score  bias   #  of  c-Evalue  i-Evalue  score  bias  from    to  from    to  from    to  acc description of target
#             ------------------- ---------- ----- -------------------- ---------- ----- --------- ------ ----- --- --- --------- --------- ------ ----- ----- ----- ----- ----- ----- ----- ---- ---------------------
TRINITY_DN1756_c0_g1_i15:633-1724 -            364 76643at7898          -            237  6.4e-156  516.4   0.1   1   1  1.6e-158  8.7e-156  516.0   0.1     1   237     1   244     1   244 0.99 -
TRINITY_DN1756_c0_g1_i17:480-1571 -            364 76643at7898          -            237  6.4e-156  516.4   0.1   1   1  1.6e-158  8.7e-156  516.0   0.1     1   237     1   244     1   244 0.99 -
TRINITY_DN1756_c0_g1_i2:312-1403  -            364 76643at7898          -            237  6.4e-156  516.4   0.1   1   1  1.6e-158  8.7e-156  516.0   0.1     1   237     1   244     1   244 0.99 -
TRINITY_DN1756_c0_g1_i7:582-1673  -            364 76643at7898          -            237  6.4e-156  516.4   0.1   1   1  1.6e-158  8.7e-156  516.0   0.1     1   237     1   244     1   244 0.99 -
TRINITY_DN9313_c0_g1_i1:266-1363  -            366 76643at7898          -            237   1.2e-92  309.3   0.1   1   1   2.8e-95   1.5e-92  309.0   0.1     1   237     1   245     1   245 0.97 -
TRINITY_DN9313_c0_g1_i2:257-1354  -            366 76643at7898          -            237   1.2e-92  309.3   0.1   1   1   2.8e-95   1.5e-92  309.0   0.1     1   237     1   245     1   245 0.97 -
TRINITY_DN9313_c0_g1_i3:266-1363  -            366 76643at7898          -            237   1.2e-92  309.3   0.1   1   1   2.8e-95   1.5e-92  309.0   0.1     1   237     1   245     1   245 0.97 -
TRINITY_DN1756_c0_g1_i3:259-885   -            209 76643at7898          -            237   1.9e-51  174.4   0.1   1   1   5.9e-54   3.1e-51  173.7   0.1   152   237     1    89     1    89 0.98 -
TRINITY_DN5950_c0_g1_i2:573-1526  -            318 76643at7898          -            237   1.9e-12   46.7   0.0   1   1   5.8e-15   3.1e-12   46.1   0.0    59   139   104   186    82   221 0.86 -
TRINITY_DN5950_c0_g1_i4:573-1607  -            318 76643at7898          -            237   1.9e-12   46.7   0.0   1   1   5.8e-15   3.1e-12   46.1   0.0    59   139   104   186    82   221 0.86 -
TRINITY_DN1665_c0_g1_i1:50-1957   -            636 76643at7898          -            237   6.1e-10   38.6   0.0   1   2   2.2e-11   1.2e-08   34.4   0.0    61   160   171   270   157   292 0.78 -
TRINITY_DN1665_c0_g1_i1:50-1957   -            636 76643at7898          -            237   6.1e-10   38.6   0.0   2   2      0.26   1.4e+02    1.4   0.1   121   169   486   534   476   551 0.78 -
TRINITY_DN1665_c0_g1_i2:50-1957   -            636 76643at7898          -            237   6.1e-10   38.6   0.0   1   2   2.2e-11   1.2e-08   34.4   0.0    61   160   171   270   157   292 0.78 -
TRINITY_DN1665_c0_g1_i2:50-1957   -            636 76643at7898          -            237   6.1e-10   38.6   0.0   2   2      0.26   1.4e+02    1.4   0.1   121   169   486   534   476   551 0.78 -
TRINITY_DN39220_c0_g1_i3:0-1099   -            250 76643at7898          -            237   1.1e-09   37.7   0.0   1   1   2.8e-12   1.5e-09   37.3   0.0    60   144   131   216   104   237 0.84 -
TRINITY_DN2324_c0_g1_i6:85-1263   -            393 76643at7898          -            237    0.0012   18.0   0.0   1   1   4.4e-06    0.0023   17.0   0.0    56   123   135   200   123   234 0.85 -
TRINITY_DN2324_c0_g1_i1:666-1760  -            365 76643at7898          -            237    0.0012   18.0   0.0   1   1   3.8e-06     0.002   17.2   0.0    56   123   135   200   123   235 0.85 -
TRINITY_DN2324_c0_g1_i2:917-2011  -            365 76643at7898          -            237    0.0012   18.0   0.0   1   1   3.8e-06     0.002   17.2   0.0    56   123   135   200   123   235 0.85 -
TRINITY_DN2324_c0_g1_i7:641-1735  -            365 76643at7898          -            237    0.0012   18.0   0.0   1   1   3.8e-06     0.002   17.2   0.0    56   123   135   200   123   235 0.85 -
TRINITY_DN2324_c0_g1_i9:232-1410  -            393 76643at7898          -            237    0.0013   17.9   0.0   1   1   4.4e-06    0.0023   17.0   0.0    56   123   135   200   123   234 0.85 -
TRINITY_DN1110_c1_g5_i1:714-1943  -            410 76643at7898          -            237    0.0032   16.5   0.0   1   1     1e-05    0.0053   15.8   0.0    58   117    62   122    50   164 0.80 -
TRINITY_DN3471_c0_g1_i1:550-1665  -            372 76643at7898          -            237     0.019   14.0   0.1   1   3       1.4   7.7e+02   -1.1   0.0    60    77    38    55    17    61 0.85 -
TRINITY_DN3471_c0_g1_i1:550-1665  -            372 76643at7898          -            237     0.019   14.0   0.1   2   3    0.0002       0.1   11.6   0.0   106   156   126   180   113   200 0.87 -
TRINITY_DN3471_c0_g1_i1:550-1665  -            372 76643at7898          -            237     0.019   14.0   0.1   3   3       9.8   5.2e+03   -3.8   0.1   152   179   278   305   271   310 0.59 -
TRINITY_DN31695_c0_g1_i1:448-1200 -            251 76643at7898          -            237      0.02   13.9   0.1   1   2       4.1   2.2e+03   -2.5   0.0   154   194    52    95    36   101 0.51 -
TRINITY_DN31695_c0_g1_i1:448-1200 -            251 76643at7898          -            237      0.02   13.9   0.1   2   2   9.2e-05     0.049   12.7   0.0    60   120   129   187   119   200 0.75 -
TRINITY_DN31695_c0_g1_i2:623-1375 -            251 76643at7898          -            237      0.02   13.9   0.1   1   2       4.1   2.2e+03   -2.5   0.0   154   194    52    95    36   101 0.51 -
TRINITY_DN31695_c0_g1_i2:623-1375 -            251 76643at7898          -            237      0.02   13.9   0.1   2   2   9.2e-05     0.049   12.7   0.0    60   120   129   187   119   200 0.75 -
TRINITY_DN6774_c0_g2_i1:373-1491  -            373 76643at7898          -            237      0.02   13.9   0.1   1   3       1.8   9.8e+02   -1.4   0.0    61    77    37    53    30    58 0.81 -
TRINITY_DN6774_c0_g2_i1:373-1491  -            373 76643at7898          -            237      0.02   13.9   0.1   2   3    0.0002      0.11   11.6   0.0   106   156   124   178   116   197 0.87 -
TRINITY_DN6774_c0_g2_i1:373-1491  -            373 76643at7898          -            237      0.02   13.9   0.1   3   3       7.9   4.2e+03   -3.5   0.1    31    47   276   292   258   308 0.60 -
TRINITY_DN6774_c0_g2_i2:373-1491  -            373 76643at7898          -            237     0.024   13.7   0.1   1   3       1.8   9.8e+02   -1.4   0.0    61    77    37    53    30    58 0.81 -
TRINITY_DN6774_c0_g2_i2:373-1491  -            373 76643at7898          -            237     0.024   13.7   0.1   2   3   0.00023      0.12   11.4   0.0   106   155   124   177   116   197 0.88 -
TRINITY_DN6774_c0_g2_i2:373-1491  -            373 76643at7898          -            237     0.024   13.7   0.1   3   3       7.9   4.2e+03   -3.5   0.1    31    47   276   292   258   308 0.60 -
TRINITY_DN6774_c0_g2_i3:373-1491  -            373 76643at7898          -            237     0.024   13.7   0.1   1   3       1.8   9.8e+02   -1.4   0.0    61    77    37    53    30    58 0.81 -
TRINITY_DN6774_c0_g2_i3:373-1491  -            373 76643at7898          -            237     0.024   13.7   0.1   2   3   0.00023      0.12   11.4   0.0   106   155   124   177   116   197 0.88 -
TRINITY_DN6774_c0_g2_i3:373-1491  -            373 76643at7898          -            237     0.024   13.7   0.1   3   3       7.9   4.2e+03   -3.5   0.1    31    47   276   292   258   308 0.60 -
TRINITY_DN3471_c0_g1_i3:550-1665  -            372 76643at7898          -            237     0.024   13.7   0.1   1   3       1.6   8.7e+02   -1.2   0.0    60    77    38    55    27    60 0.82 -
TRINITY_DN3471_c0_g1_i3:550-1665  -            372 76643at7898          -            237     0.024   13.7   0.1   2   3   0.00023      0.12   11.3   0.0   106   156   126   180   123   200 0.87 -
TRINITY_DN3471_c0_g1_i3:550-1665  -            372 76643at7898          -            237     0.024   13.7   0.1   3   3       9.8   5.2e+03   -3.8   0.1   152   179   278   305   271   310 0.59 -
#
# Program:         hmmsearch
# Version:         3.1b2 (February 2015)
# Pipeline mode:   SEARCH
# Query file:      /home/ericjuo/Projects/salmo_trutta_rna_seq/busco_downloads/lineages/actinopterygii_odb10/hmms/76643at7898.hmm
# Target file:     /home/ericjuo/Projects/salmo_trutta_rna_seq/data/02_intermediate/busco/run_actinopterygii_odb10/metaeuk_output/initial_results/trinity.Trinity.fasta.modified.fas
# Option settings: hmmsearch --domtblout /home/ericjuo/Projects/salmo_trutta_rna_seq/data/02_intermediate/busco/run_actinopterygii_odb10/hmmer_output/initial_run_results/76643at7898.out --cpu 1 /home/ericjuo/Projects/salmo_trutta_rna_seq/busco_downloads/lineages/actinopterygii_odb10/hmms/76643at7898.hmm /home/ericjuo/Projects/salmo_trutta_rna_seq/data/02_intermediate/busco/run_actinopterygii_odb10/metaeuk_output/initial_results/trinity.Trinity.fasta.modified.fas 
# Current dir:     /home/ericjuo/Projects/salmo_trutta_rna_seq
# Date:            Fri Apr 29 12:54:27 2022
# [ok]
