#                                                                                           --- full sequence --- -------------- this domain -------------   hmm coord   ali coord   env coord
# target name                       accession   tlen query name           accession   qlen   E-value  score  bias   #  of  c-Evalue  i-Evalue  score  bias  from    to  from    to  from    to  acc description of target
#               ------------------- ---------- ----- -------------------- ---------- ----- --------- ------ ----- --- --- --------- --------- ------ ----- ----- ----- ----- ----- ----- ----- ---- ---------------------
TRINITY_DN45355_c0_g1_i9:1395-2615  -            407 7677at7898           -           1031   1.8e-15   55.6   0.1   1   2   2.3e-10   1.9e-08   32.4   0.0     1    66   158   227   158   229 0.86 -
TRINITY_DN45355_c0_g1_i9:1395-2615  -            407 7677at7898           -           1031   1.8e-15   55.6   0.1   2   2   2.3e-09   1.9e-07   29.1   0.0     5   141   206   360   206   366 0.81 -
TRINITY_DN45355_c0_g1_i12:1395-2615 -            407 7677at7898           -           1031     5e-15   54.2   0.2   1   2   4.7e-09   3.9e-07   28.0   0.0     1    66   158   227   157   231 0.86 -
TRINITY_DN45355_c0_g1_i12:1395-2615 -            407 7677at7898           -           1031     5e-15   54.2   0.2   2   2   2.9e-10   2.4e-08   32.0   0.0     1   141   202   360   202   368 0.81 -
TRINITY_DN9437_c0_g1_i1:327-1202    -            292 7677at7898           -           1031   8.9e-15   53.3   5.3   1   3     0.018       1.5    6.2   0.1    34    67     2    35     1    49 0.90 -
TRINITY_DN9437_c0_g1_i1:327-1202    -            292 7677at7898           -           1031   8.9e-15   53.3   5.3   2   3   1.6e-09   1.4e-07   29.5   0.2     1    97    51   151    51   169 0.86 -
TRINITY_DN9437_c0_g1_i1:327-1202    -            292 7677at7898           -           1031   8.9e-15   53.3   5.3   3   3   2.2e-06   0.00019   19.2   0.1     4    97   181   281   178   291 0.81 -
TRINITY_DN9437_c0_g1_i5:344-1219    -            292 7677at7898           -           1031   8.9e-15   53.3   5.3   1   3     0.018       1.5    6.2   0.1    34    67     2    35     1    49 0.90 -
TRINITY_DN9437_c0_g1_i5:344-1219    -            292 7677at7898           -           1031   8.9e-15   53.3   5.3   2   3   1.6e-09   1.4e-07   29.5   0.2     1    97    51   151    51   169 0.86 -
TRINITY_DN9437_c0_g1_i5:344-1219    -            292 7677at7898           -           1031   8.9e-15   53.3   5.3   3   3   2.2e-06   0.00019   19.2   0.1     4    97   181   281   178   291 0.81 -
TRINITY_DN9437_c0_g1_i8:327-1202    -            292 7677at7898           -           1031   8.9e-15   53.3   5.3   1   3     0.018       1.5    6.2   0.1    34    67     2    35     1    49 0.90 -
TRINITY_DN9437_c0_g1_i8:327-1202    -            292 7677at7898           -           1031   8.9e-15   53.3   5.3   2   3   1.6e-09   1.4e-07   29.5   0.2     1    97    51   151    51   169 0.86 -
TRINITY_DN9437_c0_g1_i8:327-1202    -            292 7677at7898           -           1031   8.9e-15   53.3   5.3   3   3   2.2e-06   0.00019   19.2   0.1     4    97   181   281   178   291 0.81 -
TRINITY_DN9437_c0_g1_i9:344-1219    -            292 7677at7898           -           1031   8.9e-15   53.3   5.3   1   3     0.018       1.5    6.2   0.1    34    67     2    35     1    49 0.90 -
TRINITY_DN9437_c0_g1_i9:344-1219    -            292 7677at7898           -           1031   8.9e-15   53.3   5.3   2   3   1.6e-09   1.4e-07   29.5   0.2     1    97    51   151    51   169 0.86 -
TRINITY_DN9437_c0_g1_i9:344-1219    -            292 7677at7898           -           1031   8.9e-15   53.3   5.3   3   3   2.2e-06   0.00019   19.2   0.1     4    97   181   281   178   291 0.81 -
TRINITY_DN19352_c0_g1_i1:108-1529   -            474 7677at7898           -           1031   1.3e-14   52.8   6.3   1   5   2.7e-05    0.0022   15.6   0.6    30   108    95   176    75   221 0.73 -
TRINITY_DN19352_c0_g1_i1:108-1529   -            474 7677at7898           -           1031   1.3e-14   52.8   6.3   2   5     0.017       1.4    6.3   0.1    21    68   217   264   199   284 0.82 -
TRINITY_DN19352_c0_g1_i1:108-1529   -            474 7677at7898           -           1031   1.3e-14   52.8   6.3   3   5      0.02       1.7    6.1   0.0    32    67   355   390   348   393 0.90 -
TRINITY_DN19352_c0_g1_i1:108-1529   -            474 7677at7898           -           1031   1.3e-14   52.8   6.3   4   5   4.8e-06    0.0004   18.1   0.1     3    68   366   433   364   438 0.84 -
TRINITY_DN19352_c0_g1_i1:108-1529   -            474 7677at7898           -           1031   1.3e-14   52.8   6.3   5   5   0.00056     0.046   11.2   0.0    28    65   435   472   431   474 0.93 -
TRINITY_DN7542_c0_g1_i1:504-1748    -            415 7677at7898           -           1031   1.4e-14   52.6   1.5   1   3   1.1e-08     9e-07   26.8   0.1     3   106    97   206    95   244 0.75 -
TRINITY_DN7542_c0_g1_i1:504-1748    -            415 7677at7898           -           1031   1.4e-14   52.6   1.5   2   3    0.0011     0.088   10.3   0.1     3   100   224   324   222   334 0.78 -
TRINITY_DN7542_c0_g1_i1:504-1748    -            415 7677at7898           -           1031   1.4e-14   52.6   1.5   3   3   7.6e-05    0.0064   14.1   0.0     3    65   350   414   348   415 0.87 -
TRINITY_DN9653_c0_g1_i3:768-4118    -           1117 7677at7898           -           1031   2.3e-13   48.6   6.1   1   6     5e-07   4.1e-05   21.3   0.1    37   135   475   579   467   643 0.55 -
TRINITY_DN9653_c0_g1_i3:768-4118    -           1117 7677at7898           -           1031   2.3e-13   48.6   6.1   2   6       1.9   1.5e+02   -0.4   0.0    21    67   725   772   706   787 0.76 -
TRINITY_DN9653_c0_g1_i3:768-4118    -           1117 7677at7898           -           1031   2.3e-13   48.6   6.1   3   6       1.3   1.1e+02    0.1   0.0   213   271   791   851   787   854 0.73 -
TRINITY_DN9653_c0_g1_i3:768-4118    -           1117 7677at7898           -           1031   2.3e-13   48.6   6.1   4   6     0.051       4.3    4.7   0.0    27    85   856   915   846   933 0.86 -
TRINITY_DN9653_c0_g1_i3:768-4118    -           1117 7677at7898           -           1031   2.3e-13   48.6   6.1   5   6    0.0014      0.11    9.9   0.0    23    68   938   984   932   990 0.88 -
TRINITY_DN9653_c0_g1_i3:768-4118    -           1117 7677at7898           -           1031   2.3e-13   48.6   6.1   6   6     0.003      0.25    8.8   0.0    31    80   989  1038   984  1051 0.90 -
TRINITY_DN12868_c0_g1_i10:1859-2653 -            265 7677at7898           -           1031   1.4e-12   46.0   0.1   1   2   4.6e-06   0.00038   18.1   0.0    28   106    20   101     1   107 0.59 -
TRINITY_DN12868_c0_g1_i10:1859-2653 -            265 7677at7898           -           1031   1.4e-12   46.0   0.1   2   2   1.4e-08   1.2e-06   26.5   0.0    33   132   109   213   102   223 0.75 -
TRINITY_DN12868_c0_g1_i1:1812-2606  -            265 7677at7898           -           1031   1.4e-12   46.0   0.1   1   2   4.6e-06   0.00038   18.1   0.0    28   106    20   101     1   107 0.59 -
TRINITY_DN12868_c0_g1_i1:1812-2606  -            265 7677at7898           -           1031   1.4e-12   46.0   0.1   2   2   1.4e-08   1.2e-06   26.5   0.0    33   132   109   213   102   223 0.75 -
TRINITY_DN12868_c0_g1_i8:1846-2640  -            265 7677at7898           -           1031   1.4e-12   46.0   0.1   1   2   4.6e-06   0.00038   18.1   0.0    28   106    20   101     1   107 0.59 -
TRINITY_DN12868_c0_g1_i8:1846-2640  -            265 7677at7898           -           1031   1.4e-12   46.0   0.1   2   2   1.4e-08   1.2e-06   26.5   0.0    33   132   109   213   102   223 0.75 -
TRINITY_DN5619_c6_g1_i1:174-1088    -            305 7677at7898           -           1031   2.6e-12   45.2   1.0   1   2   0.00013     0.011   13.4   0.0    29   144    55   175    28   188 0.81 -
TRINITY_DN5619_c6_g1_i1:174-1088    -            305 7677at7898           -           1031   2.6e-12   45.2   1.0   2   2   7.8e-10   6.5e-08   30.6   0.3     3    96   195   292   193   297 0.82 -
TRINITY_DN5619_c6_g1_i2:174-1088    -            305 7677at7898           -           1031   2.6e-12   45.2   1.0   1   2   0.00013     0.011   13.4   0.0    29   144    55   175    28   188 0.81 -
TRINITY_DN5619_c6_g1_i2:174-1088    -            305 7677at7898           -           1031   2.6e-12   45.2   1.0   2   2   7.8e-10   6.5e-08   30.6   0.3     3    96   195   292   193   297 0.82 -
TRINITY_DN45355_c0_g1_i16:1395-5555 -            402 7677at7898           -           1031   6.5e-12   43.9   0.0   1   2   1.3e-07   1.1e-05   23.3   0.0     1    52   158   213   158   217 0.80 -
TRINITY_DN45355_c0_g1_i16:1395-5555 -            402 7677at7898           -           1031   6.5e-12   43.9   0.0   2   2   5.4e-06   0.00045   17.9   0.0    21   141   218   355   213   359 0.78 -
TRINITY_DN4214_c1_g1_i5:26-862      -            279 7677at7898           -           1031   6.6e-12   43.8   3.7   1   3   0.00069     0.057   10.9   0.1    21    68    22    69     1   101 0.75 -
TRINITY_DN4214_c1_g1_i5:26-862      -            279 7677at7898           -           1031   6.6e-12   43.8   3.7   2   3     0.012         1    6.8   0.3    51   113    93   158    68   178 0.65 -
TRINITY_DN4214_c1_g1_i5:26-862      -            279 7677at7898           -           1031   6.6e-12   43.8   3.7   3   3   1.1e-08   9.2e-07   26.8   0.0    19    95   195   273   178   279 0.78 -
TRINITY_DN4214_c1_g1_i8:26-862      -            279 7677at7898           -           1031   6.6e-12   43.8   3.7   1   3   0.00069     0.057   10.9   0.1    21    68    22    69     1   101 0.75 -
TRINITY_DN4214_c1_g1_i8:26-862      -            279 7677at7898           -           1031   6.6e-12   43.8   3.7   2   3     0.012         1    6.8   0.3    51   113    93   158    68   178 0.65 -
TRINITY_DN4214_c1_g1_i8:26-862      -            279 7677at7898           -           1031   6.6e-12   43.8   3.7   3   3   1.1e-08   9.2e-07   26.8   0.0    19    95   195   273   178   279 0.78 -
TRINITY_DN45355_c0_g1_i17:1395-5206 -            402 7677at7898           -           1031     7e-12   43.7   0.1   1   3   1.2e-07   9.7e-06   23.4   0.0     1    53   158   214   158   218 0.80 -
TRINITY_DN45355_c0_g1_i17:1395-5206 -            402 7677at7898           -           1031     7e-12   43.7   0.1   2   3   1.4e-05    0.0011   16.6   0.1    21   141   218   355   214   359 0.76 -
TRINITY_DN45355_c0_g1_i17:1395-5206 -            402 7677at7898           -           1031     7e-12   43.7   0.1   3   3      0.15        12    3.2   0.0     4    66   297   359   294   377 0.66 -
TRINITY_DN4214_c1_g1_i3:26-871      -            282 7677at7898           -           1031   8.9e-12   43.4   3.6   1   3   0.00065     0.055   11.0   0.1    21    69    22    70     1   102 0.74 -
TRINITY_DN4214_c1_g1_i3:26-871      -            282 7677at7898           -           1031   8.9e-12   43.4   3.6   2   3     0.012         1    6.8   0.2    51   113    93   158    70   179 0.65 -
TRINITY_DN4214_c1_g1_i3:26-871      -            282 7677at7898           -           1031   8.9e-12   43.4   3.6   3   3   1.4e-08   1.2e-06   26.4   0.1    19    95   195   273   167   281 0.78 -
TRINITY_DN8754_c0_g2_i2:447-1370    -            308 7677at7898           -           1031   1.7e-11   42.5   1.9   1   3   8.6e-07   7.2e-05   20.5   0.1     5    98    16   113    12   121 0.78 -
TRINITY_DN8754_c0_g2_i2:447-1370    -            308 7677at7898           -           1031   1.7e-11   42.5   1.9   2   3   2.2e-06   0.00018   19.2   0.1     3    90    98   189    96   201 0.83 -
TRINITY_DN8754_c0_g2_i2:447-1370    -            308 7677at7898           -           1031   1.7e-11   42.5   1.9   3   3     0.022       1.8    6.0   0.0   218   271   211   265   204   308 0.66 -
TRINITY_DN8754_c0_g2_i5:447-1370    -            308 7677at7898           -           1031   1.7e-11   42.5   1.9   1   3   8.6e-07   7.2e-05   20.5   0.1     5    98    16   113    12   121 0.78 -
TRINITY_DN8754_c0_g2_i5:447-1370    -            308 7677at7898           -           1031   1.7e-11   42.5   1.9   2   3   2.2e-06   0.00018   19.2   0.1     3    90    98   189    96   201 0.83 -
TRINITY_DN8754_c0_g2_i5:447-1370    -            308 7677at7898           -           1031   1.7e-11   42.5   1.9   3   3     0.022       1.8    6.0   0.0   218   271   211   265   204   308 0.66 -
TRINITY_DN614_c2_g1_i1:1138-2136    -            333 7677at7898           -           1031   2.8e-11   41.7   5.1   1   4    0.0018      0.15    9.5   0.1    29    99     6    82     2    96 0.76 -
TRINITY_DN614_c2_g1_i1:1138-2136    -            333 7677at7898           -           1031   2.8e-11   41.7   5.1   2   4   4.2e-08   3.5e-06   24.9   0.2    29    99    96   171    90   183 0.82 -
TRINITY_DN614_c2_g1_i1:1138-2136    -            333 7677at7898           -           1031   2.8e-11   41.7   5.1   3   4    0.0044      0.36    8.3   0.1    25    66   181   222   171   270 0.88 -
TRINITY_DN614_c2_g1_i1:1138-2136    -            333 7677at7898           -           1031   2.8e-11   41.7   5.1   4   4       2.4     2e+02   -0.8   0.0    35    65   296   327   251   332 0.46 -
TRINITY_DN614_c2_g1_i2:787-1785     -            333 7677at7898           -           1031   3.2e-11   41.6   5.1   1   4    0.0018      0.15    9.5   0.1    29    99     6    82     2    96 0.76 -
TRINITY_DN614_c2_g1_i2:787-1785     -            333 7677at7898           -           1031   3.2e-11   41.6   5.1   2   4   4.6e-08   3.8e-06   24.7   0.2    29    99    96   171    90   183 0.82 -
TRINITY_DN614_c2_g1_i2:787-1785     -            333 7677at7898           -           1031   3.2e-11   41.6   5.1   3   4    0.0044      0.36    8.3   0.1    25    66   181   222   171   270 0.88 -
TRINITY_DN614_c2_g1_i2:787-1785     -            333 7677at7898           -           1031   3.2e-11   41.6   5.1   4   4       2.4     2e+02   -0.8   0.0    35    65   296   327   251   332 0.46 -
TRINITY_DN8754_c0_g2_i4:200-1021    -            274 7677at7898           -           1031   1.3e-10   39.6   1.9   1   3     8e-06   0.00067   17.3   0.1    28    98     7    79     1    87 0.82 -
TRINITY_DN8754_c0_g2_i4:200-1021    -            274 7677at7898           -           1031   1.3e-10   39.6   1.9   2   3   1.4e-06   0.00012   19.8   0.1     3    91    64   156    62   169 0.82 -
TRINITY_DN8754_c0_g2_i4:200-1021    -            274 7677at7898           -           1031   1.3e-10   39.6   1.9   3   3     0.026       2.2    5.7   0.0   216   272   175   232   169   259 0.78 -
TRINITY_DN8754_c0_g2_i6:729-1652    -            308 7677at7898           -           1031   1.8e-10   39.1   1.4   1   3     7e-07   5.8e-05   20.8   0.1     4    98    15   113    12   121 0.79 -
TRINITY_DN8754_c0_g2_i6:729-1652    -            308 7677at7898           -           1031   1.8e-10   39.1   1.4   2   3   1.5e-05    0.0012   16.4   0.0     3    89    98   188    96   199 0.82 -
TRINITY_DN8754_c0_g2_i6:729-1652    -            308 7677at7898           -           1031   1.8e-10   39.1   1.4   3   3     0.063       5.2    4.4   0.0   235   271   229   265   205   308 0.56 -
TRINITY_DN13686_c0_g3_i1:2281-2856  -            192 7677at7898           -           1031     2e-10   38.9   0.2   1   2   3.5e-07   2.9e-05   21.8   0.1     2    69    34   103    33   120 0.84 -
TRINITY_DN13686_c0_g3_i1:2281-2856  -            192 7677at7898           -           1031     2e-10   38.9   0.2   2   2     4e-05    0.0033   15.0   0.0     1    65   126   192   126   192 0.90 -
TRINITY_DN4540_c0_g2_i4:289-1116    -            276 7677at7898           -           1031   2.3e-10   38.7   0.3   1   3   0.00029     0.024   12.2   0.0     6    68     1    66     1    69 0.80 -
TRINITY_DN4540_c0_g2_i4:289-1116    -            276 7677at7898           -           1031   2.3e-10   38.7   0.3   2   3   4.5e-09   3.8e-07   28.1   0.2     2   143    40   188    39   207 0.81 -
TRINITY_DN4540_c0_g2_i4:289-1116    -            276 7677at7898           -           1031   2.3e-10   38.7   0.3   3   3      0.01      0.85    7.0   0.0    42    89   217   265   201   275 0.79 -
TRINITY_DN5974_c0_g1_i4:677-2491    -            605 7677at7898           -           1031   2.4e-10   38.7   3.8   1   3    0.0038      0.32    8.5   0.0     7    78    26    99    22   143 0.81 -
TRINITY_DN5974_c0_g1_i4:677-2491    -            605 7677at7898           -           1031   2.4e-10   38.7   3.8   2   3   0.00021     0.018   12.6   0.0    35   104   186   261   181   291 0.75 -
TRINITY_DN5974_c0_g1_i4:677-2491    -            605 7677at7898           -           1031   2.4e-10   38.7   3.8   3   3   1.1e-05   0.00092   16.9   0.2     1    67   492   561   492   580 0.87 -
TRINITY_DN12253_c0_g1_i2:15-980     -            322 7677at7898           -           1031   2.9e-10   38.4   1.3   1   2   2.3e-08   1.9e-06   25.7   0.6    35   145    23   140    15   167 0.74 -
TRINITY_DN12253_c0_g1_i2:15-980     -            322 7677at7898           -           1031   2.9e-10   38.4   1.3   2   2    0.0005     0.042   11.4   0.0    28    99   185   258   156   264 0.72 -
TRINITY_DN12253_c0_g1_i7:15-980     -            322 7677at7898           -           1031   2.9e-10   38.4   1.3   1   2   2.3e-08   1.9e-06   25.7   0.6    35   145    23   140    15   167 0.74 -
TRINITY_DN12253_c0_g1_i7:15-980     -            322 7677at7898           -           1031   2.9e-10   38.4   1.3   2   2    0.0005     0.042   11.4   0.0    28    99   185   258   156   264 0.72 -
TRINITY_DN5974_c0_g1_i1:395-2209    -            605 7677at7898           -           1031   3.4e-10   38.1   4.2   1   3    0.0038      0.32    8.5   0.0     7    78    26    99    22   143 0.81 -
TRINITY_DN5974_c0_g1_i1:395-2209    -            605 7677at7898           -           1031   3.4e-10   38.1   4.2   2   3   0.00024      0.02   12.5   0.0    37   104   188   261   181   290 0.65 -
TRINITY_DN5974_c0_g1_i1:395-2209    -            605 7677at7898           -           1031   3.4e-10   38.1   4.2   3   3   1.1e-05   0.00092   16.9   0.2     1    67   492   561   492   580 0.87 -
TRINITY_DN13686_c0_g4_i1:195-770    -            192 7677at7898           -           1031   3.7e-10   38.0   0.2   1   2   4.2e-07   3.5e-05   21.6   0.1     2    69    34   103    33   119 0.84 -
TRINITY_DN13686_c0_g4_i1:195-770    -            192 7677at7898           -           1031   3.7e-10   38.0   0.2   2   2   6.5e-05    0.0055   14.3   0.0     1    65   126   192   126   192 0.90 -
TRINITY_DN7767_c0_g1_i2:2-1417      -            472 7677at7898           -           1031   4.7e-10   37.7   1.0   1   3     0.018       1.5    6.2   0.0    27    66   134   173   123   183 0.90 -
TRINITY_DN7767_c0_g1_i2:2-1417      -            472 7677at7898           -           1031   4.7e-10   37.7   1.0   2   3   1.9e-05    0.0016   16.1   0.1    35   104   195   267   187   274 0.84 -
TRINITY_DN7767_c0_g1_i2:2-1417      -            472 7677at7898           -           1031   4.7e-10   37.7   1.0   3   3   5.1e-05    0.0043   14.7   0.0    15   110   257   355   246   366 0.81 -
TRINITY_DN7767_c0_g1_i3:206-1624    -            473 7677at7898           -           1031   4.7e-10   37.7   1.0   1   3     0.018       1.5    6.2   0.0    27    66   134   173   123   183 0.90 -
TRINITY_DN7767_c0_g1_i3:206-1624    -            473 7677at7898           -           1031   4.7e-10   37.7   1.0   2   3   1.9e-05    0.0016   16.1   0.1    35   104   195   267   187   274 0.84 -
TRINITY_DN7767_c0_g1_i3:206-1624    -            473 7677at7898           -           1031   4.7e-10   37.7   1.0   3   3   5.2e-05    0.0043   14.6   0.0    15   110   257   355   246   366 0.81 -
TRINITY_DN7767_c0_g1_i1:355-1785    -            477 7677at7898           -           1031   4.9e-10   37.6   1.0   1   3     0.018       1.5    6.2   0.0    27    66   134   173   123   183 0.90 -
TRINITY_DN7767_c0_g1_i1:355-1785    -            477 7677at7898           -           1031   4.9e-10   37.6   1.0   2   3   1.9e-05    0.0016   16.1   0.1    35   104   195   267   187   274 0.84 -
TRINITY_DN7767_c0_g1_i1:355-1785    -            477 7677at7898           -           1031   4.9e-10   37.6   1.0   3   3   5.2e-05    0.0044   14.6   0.0    15   110   257   355   246   366 0.81 -
TRINITY_DN5974_c0_g1_i2:1085-2899   -            605 7677at7898           -           1031   5.1e-10   37.6   5.6   1   4    0.0038      0.32    8.5   0.0     7    78    26    99    22   143 0.81 -
TRINITY_DN5974_c0_g1_i2:1085-2899   -            605 7677at7898           -           1031   5.1e-10   37.6   5.6   2   4   0.00022     0.018   12.6   0.0    37   104   188   261   181   290 0.64 -
TRINITY_DN5974_c0_g1_i2:1085-2899   -            605 7677at7898           -           1031   5.1e-10   37.6   5.6   3   4       3.2   2.6e+02   -1.2   0.1    32   104   314   390   307   478 0.72 -
TRINITY_DN5974_c0_g1_i2:1085-2899   -            605 7677at7898           -           1031   5.1e-10   37.6   5.6   4   4   1.1e-05   0.00092   16.9   0.2     1    67   492   561   492   580 0.87 -
TRINITY_DN34449_c2_g1_i1:1311-2189  -            293 7677at7898           -           1031   5.7e-10   37.4   0.2   1   3     0.097       8.1    3.8   0.0   212   271    53   113    12   138 0.59 -
TRINITY_DN34449_c2_g1_i1:1311-2189  -            293 7677at7898           -           1031   5.7e-10   37.4   0.2   2   3   6.1e-06   0.00051   17.7   0.0     6    93   148   239   143   246 0.79 -
TRINITY_DN34449_c2_g1_i1:1311-2189  -            293 7677at7898           -           1031   5.7e-10   37.4   0.2   3   3   0.00013     0.011   13.3   0.0    19    65   246   293   237   293 0.85 -
TRINITY_DN5974_c0_g1_i6:160-1974    -            605 7677at7898           -           1031   6.8e-10   37.2   5.3   1   4    0.0038      0.32    8.5   0.0     7    78    26    99    22   141 0.81 -
TRINITY_DN5974_c0_g1_i6:160-1974    -            605 7677at7898           -           1031   6.8e-10   37.2   5.3   2   4   0.00028     0.024   12.2   0.0    40   104   191   261   183   290 0.58 -
TRINITY_DN5974_c0_g1_i6:160-1974    -            605 7677at7898           -           1031   6.8e-10   37.2   5.3   3   4       5.9   4.9e+02   -2.1   0.1    32   102   314   388   308   404 0.69 -
TRINITY_DN5974_c0_g1_i6:160-1974    -            605 7677at7898           -           1031   6.8e-10   37.2   5.3   4   4   1.1e-05   0.00092   16.9   0.2     1    67   492   561   492   580 0.87 -
TRINITY_DN13945_c0_g1_i2:2100-3014  -            305 7677at7898           -           1031   1.1e-09   36.5   5.0   1   4     0.008      0.67    7.4   0.1    77   172     4   113     1   121 0.63 -
TRINITY_DN13945_c0_g1_i2:2100-3014  -            305 7677at7898           -           1031   1.1e-09   36.5   5.0   2   4    0.0019      0.15    9.5   0.1    22    68    86   132    64   164 0.79 -
TRINITY_DN13945_c0_g1_i2:2100-3014  -            305 7677at7898           -           1031   1.1e-09   36.5   5.0   3   4    0.0037      0.31    8.5   0.9    21   125   126   235   113   244 0.63 -
TRINITY_DN13945_c0_g1_i2:2100-3014  -            305 7677at7898           -           1031   1.1e-09   36.5   5.0   4   4   1.7e-06   0.00014   19.6   0.0    19    65   258   305   242   305 0.84 -
TRINITY_DN13945_c0_g1_i5:1608-2522  -            305 7677at7898           -           1031   1.1e-09   36.5   5.0   1   4     0.008      0.67    7.4   0.1    77   172     4   113     1   121 0.63 -
TRINITY_DN13945_c0_g1_i5:1608-2522  -            305 7677at7898           -           1031   1.1e-09   36.5   5.0   2   4    0.0019      0.15    9.5   0.1    22    68    86   132    64   164 0.79 -
TRINITY_DN13945_c0_g1_i5:1608-2522  -            305 7677at7898           -           1031   1.1e-09   36.5   5.0   3   4    0.0037      0.31    8.5   0.9    21   125   126   235   113   244 0.63 -
TRINITY_DN13945_c0_g1_i5:1608-2522  -            305 7677at7898           -           1031   1.1e-09   36.5   5.0   4   4   1.7e-06   0.00014   19.6   0.0    19    65   258   305   242   305 0.84 -
TRINITY_DN13095_c3_g1_i1:81-635     -            185 7677at7898           -           1031   4.1e-09   34.6   0.1   1   1   5.8e-11   4.8e-09   34.3   0.1    31   139    41   155    16   166 0.84 -
TRINITY_DN4668_c1_g1_i1:248-946     -            233 7677at7898           -           1031   1.4e-08   32.8   0.1   1   2       2.4     2e+02   -0.8   0.0    55    94     5    48     3    72 0.68 -
TRINITY_DN4668_c1_g1_i1:248-946     -            233 7677at7898           -           1031   1.4e-08   32.8   0.1   2   2   5.5e-10   4.6e-08   31.1   0.1    22    99   146   227   122   233 0.85 -
TRINITY_DN4668_c1_g1_i6:248-946     -            233 7677at7898           -           1031   1.4e-08   32.8   0.1   1   2       2.4     2e+02   -0.8   0.0    55    94     5    48     3    72 0.68 -
TRINITY_DN4668_c1_g1_i6:248-946     -            233 7677at7898           -           1031   1.4e-08   32.8   0.1   2   2   5.5e-10   4.6e-08   31.1   0.1    22    99   146   227   122   233 0.85 -
TRINITY_DN223_c0_g1_i10:919-1827    -            303 7677at7898           -           1031   3.4e-08   31.5   2.0   1   4         4   3.3e+02   -1.5   0.0    34    66     2    35     1    47 0.80 -
TRINITY_DN223_c0_g1_i10:919-1827    -            303 7677at7898           -           1031   3.4e-08   31.5   2.0   2   4      0.91        75    0.6   0.0    31    65    47    81    11    85 0.82 -
TRINITY_DN223_c0_g1_i10:919-1827    -            303 7677at7898           -           1031   3.4e-08   31.5   2.0   3   4   3.9e-06   0.00033   18.4   0.3    26    92    84   153    57   168 0.75 -
TRINITY_DN223_c0_g1_i10:919-1827    -            303 7677at7898           -           1031   3.4e-08   31.5   2.0   4   4   0.00013     0.011   13.3   0.1     5   141   146   298   142   302 0.73 -
TRINITY_DN223_c0_g1_i2:919-1827     -            303 7677at7898           -           1031   3.4e-08   31.5   2.0   1   4         4   3.3e+02   -1.5   0.0    34    66     2    35     1    47 0.80 -
TRINITY_DN223_c0_g1_i2:919-1827     -            303 7677at7898           -           1031   3.4e-08   31.5   2.0   2   4      0.91        75    0.6   0.0    31    65    47    81    11    85 0.82 -
TRINITY_DN223_c0_g1_i2:919-1827     -            303 7677at7898           -           1031   3.4e-08   31.5   2.0   3   4   3.9e-06   0.00033   18.4   0.3    26    92    84   153    57   168 0.75 -
TRINITY_DN223_c0_g1_i2:919-1827     -            303 7677at7898           -           1031   3.4e-08   31.5   2.0   4   4   0.00013     0.011   13.3   0.1     5   141   146   298   142   302 0.73 -
TRINITY_DN223_c0_g1_i5:198-1106     -            303 7677at7898           -           1031   3.4e-08   31.5   2.0   1   4         4   3.3e+02   -1.5   0.0    34    66     2    35     1    47 0.80 -
TRINITY_DN223_c0_g1_i5:198-1106     -            303 7677at7898           -           1031   3.4e-08   31.5   2.0   2   4      0.91        75    0.6   0.0    31    65    47    81    11    85 0.82 -
TRINITY_DN223_c0_g1_i5:198-1106     -            303 7677at7898           -           1031   3.4e-08   31.5   2.0   3   4   3.9e-06   0.00033   18.4   0.3    26    92    84   153    57   168 0.75 -
TRINITY_DN223_c0_g1_i5:198-1106     -            303 7677at7898           -           1031   3.4e-08   31.5   2.0   4   4   0.00013     0.011   13.3   0.1     5   141   146   298   142   302 0.73 -
TRINITY_DN223_c0_g1_i6:198-1106     -            303 7677at7898           -           1031   3.4e-08   31.5   2.0   1   4         4   3.3e+02   -1.5   0.0    34    66     2    35     1    47 0.80 -
TRINITY_DN223_c0_g1_i6:198-1106     -            303 7677at7898           -           1031   3.4e-08   31.5   2.0   2   4      0.91        75    0.6   0.0    31    65    47    81    11    85 0.82 -
TRINITY_DN223_c0_g1_i6:198-1106     -            303 7677at7898           -           1031   3.4e-08   31.5   2.0   3   4   3.9e-06   0.00033   18.4   0.3    26    92    84   153    57   168 0.75 -
TRINITY_DN223_c0_g1_i6:198-1106     -            303 7677at7898           -           1031   3.4e-08   31.5   2.0   4   4   0.00013     0.011   13.3   0.1     5   141   146   298   142   302 0.73 -
TRINITY_DN223_c0_g1_i7:198-1106     -            303 7677at7898           -           1031   3.4e-08   31.5   2.0   1   4         4   3.3e+02   -1.5   0.0    34    66     2    35     1    47 0.80 -
TRINITY_DN223_c0_g1_i7:198-1106     -            303 7677at7898           -           1031   3.4e-08   31.5   2.0   2   4      0.91        75    0.6   0.0    31    65    47    81    11    85 0.82 -
TRINITY_DN223_c0_g1_i7:198-1106     -            303 7677at7898           -           1031   3.4e-08   31.5   2.0   3   4   3.9e-06   0.00033   18.4   0.3    26    92    84   153    57   168 0.75 -
TRINITY_DN223_c0_g1_i7:198-1106     -            303 7677at7898           -           1031   3.4e-08   31.5   2.0   4   4   0.00013     0.011   13.3   0.1     5   141   146   298   142   302 0.73 -
TRINITY_DN223_c0_g1_i8:198-1106     -            303 7677at7898           -           1031   3.4e-08   31.5   2.0   1   4         4   3.3e+02   -1.5   0.0    34    66     2    35     1    47 0.80 -
TRINITY_DN223_c0_g1_i8:198-1106     -            303 7677at7898           -           1031   3.4e-08   31.5   2.0   2   4      0.91        75    0.6   0.0    31    65    47    81    11    85 0.82 -
TRINITY_DN223_c0_g1_i8:198-1106     -            303 7677at7898           -           1031   3.4e-08   31.5   2.0   3   4   3.9e-06   0.00033   18.4   0.3    26    92    84   153    57   168 0.75 -
TRINITY_DN223_c0_g1_i8:198-1106     -            303 7677at7898           -           1031   3.4e-08   31.5   2.0   4   4   0.00013     0.011   13.3   0.1     5   141   146   298   142   302 0.73 -
TRINITY_DN223_c0_g1_i9:900-1808     -            303 7677at7898           -           1031   3.4e-08   31.5   2.0   1   4         4   3.3e+02   -1.5   0.0    34    66     2    35     1    47 0.80 -
TRINITY_DN223_c0_g1_i9:900-1808     -            303 7677at7898           -           1031   3.4e-08   31.5   2.0   2   4      0.91        75    0.6   0.0    31    65    47    81    11    85 0.82 -
TRINITY_DN223_c0_g1_i9:900-1808     -            303 7677at7898           -           1031   3.4e-08   31.5   2.0   3   4   3.9e-06   0.00033   18.4   0.3    26    92    84   153    57   168 0.75 -
TRINITY_DN223_c0_g1_i9:900-1808     -            303 7677at7898           -           1031   3.4e-08   31.5   2.0   4   4   0.00013     0.011   13.3   0.1     5   141   146   298   142   302 0.73 -
TRINITY_DN9419_c0_g1_i1:1256-2836   -            527 7677at7898           -           1031   3.8e-08   31.4   0.5   1   3    0.0013      0.11   10.0   0.1     5   103    87   189    83   206 0.76 -
TRINITY_DN9419_c0_g1_i1:1256-2836   -            527 7677at7898           -           1031   3.8e-08   31.4   0.5   2   3   1.6e-05    0.0014   16.3   0.0     8    88   216   299   209   304 0.84 -
TRINITY_DN9419_c0_g1_i1:1256-2836   -            527 7677at7898           -           1031   3.8e-08   31.4   0.5   3   3     0.067       5.6    4.3   0.0   109   166   281   338   278   380 0.69 -
TRINITY_DN2992_c0_g1_i16:1734-2630  -            299 7677at7898           -           1031     9e-08   30.1   5.5   1   4     0.013       1.1    6.7   0.0    32    68     8    44     3    52 0.91 -
TRINITY_DN2992_c0_g1_i16:1734-2630  -            299 7677at7898           -           1031     9e-08   30.1   5.5   2   4     0.019       1.6    6.2   0.1   239   268    50    79    44    92 0.81 -
TRINITY_DN2992_c0_g1_i16:1734-2630  -            299 7677at7898           -           1031     9e-08   30.1   5.5   3   4   9.6e-05     0.008   13.8   0.1     9   131   112   243   104   249 0.73 -
TRINITY_DN2992_c0_g1_i16:1734-2630  -            299 7677at7898           -           1031     9e-08   30.1   5.5   4   4      0.14        12    3.2   0.0    31    65   264   298   232   299 0.80 -
TRINITY_DN2992_c0_g1_i6:1776-2672   -            299 7677at7898           -           1031     9e-08   30.1   5.5   1   4     0.013       1.1    6.7   0.0    32    68     8    44     3    52 0.91 -
TRINITY_DN2992_c0_g1_i6:1776-2672   -            299 7677at7898           -           1031     9e-08   30.1   5.5   2   4     0.019       1.6    6.2   0.1   239   268    50    79    44    92 0.81 -
TRINITY_DN2992_c0_g1_i6:1776-2672   -            299 7677at7898           -           1031     9e-08   30.1   5.5   3   4   9.6e-05     0.008   13.8   0.1     9   131   112   243   104   249 0.73 -
TRINITY_DN2992_c0_g1_i6:1776-2672   -            299 7677at7898           -           1031     9e-08   30.1   5.5   4   4      0.14        12    3.2   0.0    31    65   264   298   232   299 0.80 -
TRINITY_DN54486_c0_g1_i1:83-973     -            297 7677at7898           -           1031   9.1e-08   30.1   0.7   1   4      0.73        61    0.9   0.0    34    66     2    35     1    42 0.84 -
TRINITY_DN54486_c0_g1_i1:83-973     -            297 7677at7898           -           1031   9.1e-08   30.1   0.7   2   4       0.3        25    2.2   0.0    30    65    46    81    40    85 0.90 -
TRINITY_DN54486_c0_g1_i1:83-973     -            297 7677at7898           -           1031   9.1e-08   30.1   0.7   3   4   7.3e-05    0.0061   14.2   0.1    31    97    89   160    59   169 0.77 -
TRINITY_DN54486_c0_g1_i1:83-973     -            297 7677at7898           -           1031   9.1e-08   30.1   0.7   4   4    0.0011     0.091   10.3   0.0    19   137   163   290   151   296 0.79 -
TRINITY_DN2992_c0_g1_i14:1644-2540  -            299 7677at7898           -           1031   1.6e-07   29.3   6.1   1   4     0.013       1.1    6.7   0.0    32    68     8    44     3    53 0.91 -
TRINITY_DN2992_c0_g1_i14:1644-2540  -            299 7677at7898           -           1031   1.6e-07   29.3   6.1   2   4     0.017       1.4    6.3   0.1   239   268    50    79    44    91 0.81 -
TRINITY_DN2992_c0_g1_i14:1644-2540  -            299 7677at7898           -           1031   1.6e-07   29.3   6.1   3   4   0.00029     0.025   12.1   0.1     9    97   112   204   104   250 0.73 -
TRINITY_DN2992_c0_g1_i14:1644-2540  -            299 7677at7898           -           1031   1.6e-07   29.3   6.1   4   4     0.058       4.8    4.5   0.1    32    65   265   298   232   299 0.81 -
TRINITY_DN2992_c0_g1_i1:1644-2540   -            299 7677at7898           -           1031   1.6e-07   29.3   6.1   1   4     0.013       1.1    6.7   0.0    32    68     8    44     3    53 0.91 -
TRINITY_DN2992_c0_g1_i1:1644-2540   -            299 7677at7898           -           1031   1.6e-07   29.3   6.1   2   4     0.017       1.4    6.3   0.1   239   268    50    79    44    91 0.81 -
TRINITY_DN2992_c0_g1_i1:1644-2540   -            299 7677at7898           -           1031   1.6e-07   29.3   6.1   3   4   0.00029     0.025   12.1   0.1     9    97   112   204   104   250 0.73 -
TRINITY_DN2992_c0_g1_i1:1644-2540   -            299 7677at7898           -           1031   1.6e-07   29.3   6.1   4   4     0.058       4.8    4.5   0.1    32    65   265   298   232   299 0.81 -
TRINITY_DN2992_c0_g1_i22:1644-2540  -            299 7677at7898           -           1031   1.6e-07   29.3   6.1   1   4     0.013       1.1    6.7   0.0    32    68     8    44     3    53 0.91 -
TRINITY_DN2992_c0_g1_i22:1644-2540  -            299 7677at7898           -           1031   1.6e-07   29.3   6.1   2   4     0.017       1.4    6.3   0.1   239   268    50    79    44    91 0.81 -
TRINITY_DN2992_c0_g1_i22:1644-2540  -            299 7677at7898           -           1031   1.6e-07   29.3   6.1   3   4   0.00029     0.025   12.1   0.1     9    97   112   204   104   250 0.73 -
TRINITY_DN2992_c0_g1_i22:1644-2540  -            299 7677at7898           -           1031   1.6e-07   29.3   6.1   4   4     0.058       4.8    4.5   0.1    32    65   265   298   232   299 0.81 -
TRINITY_DN2992_c0_g1_i25:1596-2492  -            299 7677at7898           -           1031   1.6e-07   29.3   6.1   1   4     0.013       1.1    6.7   0.0    32    68     8    44     3    53 0.91 -
TRINITY_DN2992_c0_g1_i25:1596-2492  -            299 7677at7898           -           1031   1.6e-07   29.3   6.1   2   4     0.017       1.4    6.3   0.1   239   268    50    79    44    91 0.81 -
TRINITY_DN2992_c0_g1_i25:1596-2492  -            299 7677at7898           -           1031   1.6e-07   29.3   6.1   3   4   0.00029     0.025   12.1   0.1     9    97   112   204   104   250 0.73 -
TRINITY_DN2992_c0_g1_i25:1596-2492  -            299 7677at7898           -           1031   1.6e-07   29.3   6.1   4   4     0.058       4.8    4.5   0.1    32    65   265   298   232   299 0.81 -
TRINITY_DN2992_c0_g1_i7:1596-2492   -            299 7677at7898           -           1031   1.6e-07   29.3   6.1   1   4     0.013       1.1    6.7   0.0    32    68     8    44     3    53 0.91 -
TRINITY_DN2992_c0_g1_i7:1596-2492   -            299 7677at7898           -           1031   1.6e-07   29.3   6.1   2   4     0.017       1.4    6.3   0.1   239   268    50    79    44    91 0.81 -
TRINITY_DN2992_c0_g1_i7:1596-2492   -            299 7677at7898           -           1031   1.6e-07   29.3   6.1   3   4   0.00029     0.025   12.1   0.1     9    97   112   204   104   250 0.73 -
TRINITY_DN2992_c0_g1_i7:1596-2492   -            299 7677at7898           -           1031   1.6e-07   29.3   6.1   4   4     0.058       4.8    4.5   0.1    32    65   265   298   232   299 0.81 -
TRINITY_DN2992_c0_g1_i2:1739-2635   -            299 7677at7898           -           1031   2.9e-07   28.5   5.5   1   4     0.013       1.1    6.7   0.0    32    68     8    44     3    52 0.91 -
TRINITY_DN2992_c0_g1_i2:1739-2635   -            299 7677at7898           -           1031   2.9e-07   28.5   5.5   2   4     0.017       1.4    6.4   0.1   239   269    50    80    44    93 0.81 -
TRINITY_DN2992_c0_g1_i2:1739-2635   -            299 7677at7898           -           1031   2.9e-07   28.5   5.5   3   4   0.00031     0.026   12.1   0.1     9    96   112   203   105   249 0.74 -
TRINITY_DN2992_c0_g1_i2:1739-2635   -            299 7677at7898           -           1031   2.9e-07   28.5   5.5   4   4      0.14        12    3.2   0.1    31    65   264   298   232   299 0.80 -
TRINITY_DN2992_c0_g1_i3:1737-2633   -            299 7677at7898           -           1031   2.9e-07   28.5   5.5   1   4     0.013       1.1    6.7   0.0    32    68     8    44     3    52 0.91 -
TRINITY_DN2992_c0_g1_i3:1737-2633   -            299 7677at7898           -           1031   2.9e-07   28.5   5.5   2   4     0.017       1.4    6.4   0.1   239   269    50    80    44    93 0.81 -
TRINITY_DN2992_c0_g1_i3:1737-2633   -            299 7677at7898           -           1031   2.9e-07   28.5   5.5   3   4   0.00031     0.026   12.1   0.1     9    96   112   203   105   249 0.74 -
TRINITY_DN2992_c0_g1_i3:1737-2633   -            299 7677at7898           -           1031   2.9e-07   28.5   5.5   4   4      0.14        12    3.2   0.1    31    65   264   298   232   299 0.80 -
TRINITY_DN3661_c1_g2_i1:2560-4236   -            559 7677at7898           -           1031   3.4e-07   28.2   1.1   1   1   6.5e-09   5.4e-07   27.6   1.1    29   132   426   531   393   538 0.76 -
TRINITY_DN4668_c1_g1_i5:171-902     -            244 7677at7898           -           1031   5.1e-07   27.6   0.1   1   1   8.4e-09     7e-07   27.2   0.1    24   105    29   115    17   123 0.83 -
TRINITY_DN15872_c0_g1_i2:471-1436   -            322 7677at7898           -           1031   5.3e-07   27.6   1.3   1   3    0.0013      0.11   10.0   0.1     3    99    17   117    15   132 0.82 -
TRINITY_DN15872_c0_g1_i2:471-1436   -            322 7677at7898           -           1031   5.3e-07   27.6   1.3   2   3   4.8e-05     0.004   14.7   0.1     1   105    99   207    99   209 0.82 -
TRINITY_DN15872_c0_g1_i2:471-1436   -            322 7677at7898           -           1031   5.3e-07   27.6   1.3   3   3     0.069       5.7    4.3   0.0    27    66   210   248   207   263 0.85 -
TRINITY_DN1767_c0_g1_i1:3459-5264   -            602 7677at7898           -           1031   5.8e-07   27.5   3.2   1   4    0.0028      0.24    8.9   0.0    41   115    42   119    13   129 0.80 -
TRINITY_DN1767_c0_g1_i1:3459-5264   -            602 7677at7898           -           1031   5.8e-07   27.5   3.2   2   4   5.9e-05    0.0049   14.5   0.2    26   116   306   399   283   411 0.78 -
TRINITY_DN1767_c0_g1_i1:3459-5264   -            602 7677at7898           -           1031   5.8e-07   27.5   3.2   3   4      0.15        13    3.2   0.0   208   259   409   456   394   487 0.74 -
TRINITY_DN1767_c0_g1_i1:3459-5264   -            602 7677at7898           -           1031   5.8e-07   27.5   3.2   4   4       7.3   6.1e+02   -2.4   0.0    33   135   489   592   478   600 0.66 -
TRINITY_DN1767_c0_g1_i3:3459-5264   -            602 7677at7898           -           1031   5.8e-07   27.5   3.2   1   4    0.0028      0.24    8.9   0.0    41   115    42   119    13   129 0.80 -
TRINITY_DN1767_c0_g1_i3:3459-5264   -            602 7677at7898           -           1031   5.8e-07   27.5   3.2   2   4   5.9e-05    0.0049   14.5   0.2    26   116   306   399   283   411 0.78 -
TRINITY_DN1767_c0_g1_i3:3459-5264   -            602 7677at7898           -           1031   5.8e-07   27.5   3.2   3   4      0.15        13    3.2   0.0   208   259   409   456   394   487 0.74 -
TRINITY_DN1767_c0_g1_i3:3459-5264   -            602 7677at7898           -           1031   5.8e-07   27.5   3.2   4   4       7.3   6.1e+02   -2.4   0.0    33   135   489   592   478   600 0.66 -
TRINITY_DN10781_c0_g2_i5:17-793     -            259 7677at7898           -           1031   6.7e-07   27.3   1.2   1   3     0.011      0.93    6.9   0.0    32    68    17    53    10    59 0.91 -
TRINITY_DN10781_c0_g2_i5:17-793     -            259 7677at7898           -           1031   6.7e-07   27.3   1.2   2   3     0.014       1.1    6.6   0.0   238   269    58    89    53    99 0.83 -
TRINITY_DN10781_c0_g2_i5:17-793     -            259 7677at7898           -           1031   6.7e-07   27.3   1.2   3   3    0.0019      0.16    9.4   0.1    11    94   123   210   116   253 0.54 -
TRINITY_DN10416_c0_g1_i4:759-1403   -            215 7677at7898           -           1031     8e-07   27.0   0.5   1   1   1.5e-08   1.2e-06   26.4   0.5    16   170    33   193    18   213 0.81 -
TRINITY_DN10416_c0_g1_i8:774-1418   -            215 7677at7898           -           1031     8e-07   27.0   0.5   1   1   1.5e-08   1.2e-06   26.4   0.5    16   170    33   193    18   213 0.81 -
TRINITY_DN10416_c0_g1_i10:931-1575  -            215 7677at7898           -           1031   8.2e-07   27.0   0.3   1   1   1.4e-08   1.1e-06   26.5   0.3    10   170    25   193    16   213 0.80 -
TRINITY_DN43617_c0_g1_i4:500-1372   -            291 7677at7898           -           1031   8.7e-07   26.9   0.4   1   2   5.1e-05    0.0042   14.7   0.1    36   135     3   114     1   128 0.71 -
TRINITY_DN43617_c0_g1_i4:500-1372   -            291 7677at7898           -           1031   8.7e-07   26.9   0.4   2   2    0.0011     0.096   10.2   0.0    16   100   195   285   179   291 0.74 -
TRINITY_DN43617_c0_g1_i3:500-1372   -            291 7677at7898           -           1031     1e-06   26.7   1.1   1   2   3.8e-05    0.0032   15.1   0.5    36   136     3   115     1   147 0.74 -
TRINITY_DN43617_c0_g1_i3:500-1372   -            291 7677at7898           -           1031     1e-06   26.7   1.1   2   2    0.0011     0.096   10.2   0.0    16   100   195   285   179   291 0.74 -
TRINITY_DN43617_c0_g1_i5:500-1372   -            291 7677at7898           -           1031     1e-06   26.7   1.1   1   2   3.8e-05    0.0032   15.1   0.5    36   136     3   115     1   147 0.74 -
TRINITY_DN43617_c0_g1_i5:500-1372   -            291 7677at7898           -           1031     1e-06   26.7   1.1   2   2    0.0011     0.096   10.2   0.0    16   100   195   285   179   291 0.74 -
TRINITY_DN10416_c0_g1_i2:774-1418   -            215 7677at7898           -           1031   1.1e-06   26.6   0.4   1   1   1.9e-08   1.6e-06   26.0   0.4    16   170    33   193    18   213 0.81 -
TRINITY_DN9304_c0_g1_i1:2240-2950   -            237 7677at7898           -           1031   3.2e-06   25.0   0.3   1   3      0.94        78    0.5   0.0    67   109    30    74     8    78 0.52 -
TRINITY_DN9304_c0_g1_i1:2240-2950   -            237 7677at7898           -           1031   3.2e-06   25.0   0.3   2   3    0.0025      0.21    9.1   0.1    25    86    72   136    45   142 0.74 -
TRINITY_DN9304_c0_g1_i1:2240-2950   -            237 7677at7898           -           1031   3.2e-06   25.0   0.3   3   3   0.00022     0.019   12.5   0.0    16    77   148   214   139   223 0.78 -
TRINITY_DN9304_c0_g1_i2:2336-3046   -            237 7677at7898           -           1031   3.2e-06   25.0   0.3   1   3      0.94        78    0.5   0.0    67   109    30    74     8    78 0.52 -
TRINITY_DN9304_c0_g1_i2:2336-3046   -            237 7677at7898           -           1031   3.2e-06   25.0   0.3   2   3    0.0025      0.21    9.1   0.1    25    86    72   136    45   142 0.74 -
TRINITY_DN9304_c0_g1_i2:2336-3046   -            237 7677at7898           -           1031   3.2e-06   25.0   0.3   3   3   0.00022     0.019   12.5   0.0    16    77   148   214   139   223 0.78 -
TRINITY_DN15872_c0_g1_i3:102-1640   -            513 7677at7898           -           1031   3.8e-06   24.8   1.1   1   3    0.0039      0.33    8.4   0.1     3    98   208   307   206   319 0.83 -
TRINITY_DN15872_c0_g1_i3:102-1640   -            513 7677at7898           -           1031   3.8e-06   24.8   1.1   2   3   9.7e-05    0.0081   13.7   0.1     1   105   290   398   290   401 0.82 -
TRINITY_DN15872_c0_g1_i3:102-1640   -            513 7677at7898           -           1031   3.8e-06   24.8   1.1   3   3      0.13        11    3.4   0.0    27    66   401   439   398   455 0.86 -
TRINITY_DN43617_c0_g1_i1:500-1372   -            291 7677at7898           -           1031   4.3e-06   24.6   0.4   1   2   0.00025     0.021   12.4   0.1    36   135     3   114     1   128 0.71 -
TRINITY_DN43617_c0_g1_i1:500-1372   -            291 7677at7898           -           1031   4.3e-06   24.6   0.4   2   2    0.0011     0.096   10.2   0.0    16   100   195   285   179   291 0.74 -
TRINITY_DN43617_c0_g1_i6:500-1372   -            291 7677at7898           -           1031   4.3e-06   24.6   0.4   1   2   0.00025     0.021   12.4   0.1    36   135     3   114     1   128 0.71 -
TRINITY_DN43617_c0_g1_i6:500-1372   -            291 7677at7898           -           1031   4.3e-06   24.6   0.4   2   2    0.0011     0.096   10.2   0.0    16   100   195   285   179   291 0.74 -
TRINITY_DN23071_c0_g1_i7:355-2079   -            575 7677at7898           -           1031   5.1e-06   24.3   0.4   1   2      0.03       2.5    5.5   0.0    31    89   321   380   308   390 0.86 -
TRINITY_DN23071_c0_g1_i7:355-2079   -            575 7677at7898           -           1031   5.1e-06   24.3   0.4   2   2   2.7e-06   0.00023   18.9   0.1     2   119   373   500   373   557 0.72 -
TRINITY_DN53018_c0_g1_i1:65-766     -            234 7677at7898           -           1031   5.8e-06   24.1   0.4   1   3    0.0023       0.2    9.2   0.0    34    66     3    35     1    38 0.92 -
TRINITY_DN53018_c0_g1_i1:65-766     -            234 7677at7898           -           1031   5.8e-06   24.1   0.4   2   3    0.0034      0.29    8.6   0.0    27   108    38   126    36   172 0.66 -
TRINITY_DN53018_c0_g1_i1:65-766     -            234 7677at7898           -           1031   5.8e-06   24.1   0.4   3   3      0.14        12    3.3   0.0    29    66   180   217   158   222 0.87 -
TRINITY_DN6850_c0_g1_i1:371-1147    -            259 7677at7898           -           1031   6.1e-06   24.1   0.9   1   2   0.00032     0.027   12.0   0.1    73   109    53    90     2   165 0.74 -
TRINITY_DN6850_c0_g1_i1:371-1147    -            259 7677at7898           -           1031   6.1e-06   24.1   0.9   2   2   0.00042     0.035   11.6   0.1    14    96   166   256   153   259 0.76 -
TRINITY_DN6850_c0_g1_i3:371-1147    -            259 7677at7898           -           1031   6.1e-06   24.1   0.9   1   2   0.00032     0.027   12.0   0.1    73   109    53    90     2   165 0.74 -
TRINITY_DN6850_c0_g1_i3:371-1147    -            259 7677at7898           -           1031   6.1e-06   24.1   0.9   2   2   0.00042     0.035   11.6   0.1    14    96   166   256   153   259 0.76 -
TRINITY_DN6850_c0_g1_i4:627-1403    -            259 7677at7898           -           1031   6.1e-06   24.1   0.9   1   2   0.00032     0.027   12.0   0.1    73   109    53    90     2   165 0.74 -
TRINITY_DN6850_c0_g1_i4:627-1403    -            259 7677at7898           -           1031   6.1e-06   24.1   0.9   2   2   0.00042     0.035   11.6   0.1    14    96   166   256   153   259 0.76 -
TRINITY_DN1767_c0_g1_i1:4179-5111   -            311 7677at7898           -           1031   2.9e-05   21.8   0.4   1   2   7.8e-06   0.00065   17.4   0.2    26   128    66   171    43   186 0.78 -
TRINITY_DN1767_c0_g1_i1:4179-5111   -            311 7677at7898           -           1031   2.9e-05   21.8   0.4   2   2     0.052       4.3    4.7   0.0   207   259   168   216   153   247 0.74 -
TRINITY_DN1767_c0_g1_i3:4179-5111   -            311 7677at7898           -           1031   2.9e-05   21.8   0.4   1   2   7.8e-06   0.00065   17.4   0.2    26   128    66   171    43   186 0.78 -
TRINITY_DN1767_c0_g1_i3:4179-5111   -            311 7677at7898           -           1031   2.9e-05   21.8   0.4   2   2     0.052       4.3    4.7   0.0   207   259   168   216   153   247 0.74 -
TRINITY_DN12324_c0_g1_i2:753-1619   -            289 7677at7898           -           1031   3.9e-05   21.4   2.0   1   1   9.5e-07   7.9e-05   20.4   2.0    37   271    41   288     2   289 0.76 -
TRINITY_DN12324_c0_g1_i3:772-1638   -            289 7677at7898           -           1031   3.9e-05   21.4   2.0   1   1   9.5e-07   7.9e-05   20.4   2.0    37   271    41   288     2   289 0.76 -
TRINITY_DN12324_c0_g1_i5:772-1638   -            289 7677at7898           -           1031   3.9e-05   21.4   2.0   1   1   9.5e-07   7.9e-05   20.4   2.0    37   271    41   288     2   289 0.76 -
TRINITY_DN15291_c2_g3_i1:93-1361    -            423 7677at7898           -           1031   4.1e-05   21.3   2.2   1   2     0.014       1.2    6.5   0.1    22   105   124   217   107   224 0.72 -
TRINITY_DN15291_c2_g3_i1:93-1361    -            423 7677at7898           -           1031   4.1e-05   21.3   2.2   2   2   0.00015     0.013   13.1   0.4    33   113   252   333   246   397 0.71 -
TRINITY_DN3434_c0_g2_i1:153-995     -            281 7677at7898           -           1031   4.8e-05   21.1   1.2   1   1      0.28        23    2.3   0.1   204   267   211   276   204   281 0.72 -
TRINITY_DN7906_c0_g2_i1:533-1339    -            269 7677at7898           -           1031   4.9e-05   21.1   0.5   1   2    0.0012       0.1   10.1   0.1   184   270    50   138    24   147 0.79 -
TRINITY_DN7906_c0_g2_i1:533-1339    -            269 7677at7898           -           1031   4.9e-05   21.1   0.5   2   2    0.0018      0.15    9.5   0.0    56   144   174   268   160   269 0.73 -
TRINITY_DN5024_c0_g1_i1:795-1652    -            286 7677at7898           -           1031   6.8e-05   20.6   0.3   1   1   6.9e-06   0.00057   17.5   0.3     3   271    13   286    11   286 0.77 -
TRINITY_DN21995_c1_g3_i1:625-1575   -            317 7677at7898           -           1031   6.9e-05   20.6   0.7   1   3     0.071       5.9    4.3   0.3   118   171    65   116    34   125 0.79 -
TRINITY_DN21995_c1_g3_i1:625-1575   -            317 7677at7898           -           1031   6.9e-05   20.6   0.7   2   3   9.3e-05    0.0078   13.8   0.0    28    95   137   206   111   221 0.77 -
TRINITY_DN21995_c1_g3_i1:625-1575   -            317 7677at7898           -           1031   6.9e-05   20.6   0.7   3   3         2   1.7e+02   -0.5   0.0    19    65   257   304   236   310 0.66 -
TRINITY_DN5024_c0_g1_i3:789-1691    -            301 7677at7898           -           1031   9.1e-05   20.2   0.2   1   1   9.7e-06   0.00081   17.0   0.2     7   271    35   301    26   301 0.77 -
TRINITY_DN63730_c0_g1_i1:1558-2850  -            431 7677at7898           -           1031   9.9e-05   20.1   0.0   1   2     0.037       3.1    5.2   0.0     4    66    86   149    83   161 0.86 -
TRINITY_DN63730_c0_g1_i1:1558-2850  -            431 7677at7898           -           1031   9.9e-05   20.1   0.0   2   2   0.00018     0.015   12.9   0.0    23    69   254   300   228   315 0.85 -
TRINITY_DN67315_c0_g1_i1:428-1387   -            320 7677at7898           -           1031    0.0001   20.0   0.6   1   2   1.2e-06    0.0001   20.0   0.6     9   103    24   129    16   160 0.67 -
TRINITY_DN67315_c0_g1_i1:428-1387   -            320 7677at7898           -           1031    0.0001   20.0   0.6   2   2      0.57        48    1.3   0.2    33   133   206   277   175   313 0.46 -
TRINITY_DN4214_c1_g1_i11:2-514      -            171 7677at7898           -           1031   0.00011   19.9   1.2   1   2   0.00044     0.037   11.6   0.1    22    69    18    65     1    96 0.79 -
TRINITY_DN4214_c1_g1_i11:2-514      -            171 7677at7898           -           1031   0.00011   19.9   1.2   2   2    0.0037      0.31    8.5   0.3    50   113    87   153    65   171 0.68 -
TRINITY_DN8480_c0_g1_i1:810-1094    -             95 7677at7898           -           1031   0.00012   19.7   0.0   1   2    0.0023      0.19    9.2   0.0   222   271     1    51     1    56 0.87 -
TRINITY_DN8480_c0_g1_i1:810-1094    -             95 7677at7898           -           1031   0.00012   19.7   0.0   2   2    0.0025      0.21    9.1   0.0    28    65    57    94    53    95 0.94 -
TRINITY_DN13794_c0_g2_i6:0-821      -            274 7677at7898           -           1031   0.00018   19.2   0.0   1   2   0.00043     0.036   11.6   0.0    26   149    16   156     6   163 0.70 -
TRINITY_DN13794_c0_g2_i6:0-821      -            274 7677at7898           -           1031   0.00018   19.2   0.0   2   2     0.012      0.98    6.8   0.0    29    66   159   196   131   202 0.79 -
TRINITY_DN8754_c0_g2_i3:802-1041    -             80 7677at7898           -           1031    0.0002   19.0   0.0   1   1   2.4e-06    0.0002   19.0   0.0    21    86    10    78     1    80 0.76 -
TRINITY_DN45706_c0_g2_i1:0-338      -            113 7677at7898           -           1031   0.00022   18.9   0.5   1   1   3.2e-06   0.00027   18.6   0.5    40   138     5   108     1   113 0.47 -
TRINITY_DN5860_c0_g1_i5:6-773       -            256 7677at7898           -           1031   0.00024   18.8   0.1   1   2      0.03       2.5    5.5   0.0    32   108    43   125    32   143 0.71 -
TRINITY_DN5860_c0_g1_i5:6-773       -            256 7677at7898           -           1031   0.00024   18.8   0.1   2   2    0.0005     0.042   11.4   0.0    19    98   163   249   151   253 0.79 -
TRINITY_DN4682_c0_g1_i8:34-756      -            241 7677at7898           -           1031   0.00026   18.7   0.4   1   2     0.016       1.3    6.4   0.0     4    74     9    81     6   104 0.72 -
TRINITY_DN4682_c0_g1_i8:34-756      -            241 7677at7898           -           1031   0.00026   18.7   0.4   2   2   0.00085     0.071   10.6   0.1    43    99   176   235   128   241 0.83 -
TRINITY_DN5860_c0_g1_i11:1417-2466  -            350 7677at7898           -           1031   0.00027   18.6   0.1   1   4         2   1.6e+02   -0.5   0.0    76   110    34    69    15    80 0.76 -
TRINITY_DN5860_c0_g1_i11:1417-2466  -            350 7677at7898           -           1031   0.00027   18.6   0.1   2   4    0.0052      0.43    8.0   0.0    31   108    82   173    69   184 0.72 -
TRINITY_DN5860_c0_g1_i11:1417-2466  -            350 7677at7898           -           1031   0.00027   18.6   0.1   3   4      0.02       1.7    6.1   0.0    32   108   136   219   122   225 0.68 -
TRINITY_DN5860_c0_g1_i11:1417-2466  -            350 7677at7898           -           1031   0.00027   18.6   0.1   4   4     0.024         2    5.8   0.0    21    94   259   339   245   347 0.73 -
TRINITY_DN5860_c0_g1_i2:1238-2287   -            350 7677at7898           -           1031   0.00027   18.6   0.1   1   4         2   1.6e+02   -0.5   0.0    76   110    34    69    15    80 0.76 -
TRINITY_DN5860_c0_g1_i2:1238-2287   -            350 7677at7898           -           1031   0.00027   18.6   0.1   2   4    0.0052      0.43    8.0   0.0    31   108    82   173    69   184 0.72 -
TRINITY_DN5860_c0_g1_i2:1238-2287   -            350 7677at7898           -           1031   0.00027   18.6   0.1   3   4      0.02       1.7    6.1   0.0    32   108   136   219   122   225 0.68 -
TRINITY_DN5860_c0_g1_i2:1238-2287   -            350 7677at7898           -           1031   0.00027   18.6   0.1   4   4     0.024         2    5.8   0.0    21    94   259   339   245   347 0.73 -
TRINITY_DN5860_c0_g1_i3:1417-2466   -            350 7677at7898           -           1031   0.00027   18.6   0.1   1   4         2   1.6e+02   -0.5   0.0    76   110    34    69    15    80 0.76 -
TRINITY_DN5860_c0_g1_i3:1417-2466   -            350 7677at7898           -           1031   0.00027   18.6   0.1   2   4    0.0052      0.43    8.0   0.0    31   108    82   173    69   184 0.72 -
TRINITY_DN5860_c0_g1_i3:1417-2466   -            350 7677at7898           -           1031   0.00027   18.6   0.1   3   4      0.02       1.7    6.1   0.0    32   108   136   219   122   225 0.68 -
TRINITY_DN5860_c0_g1_i3:1417-2466   -            350 7677at7898           -           1031   0.00027   18.6   0.1   4   4     0.024         2    5.8   0.0    21    94   259   339   245   347 0.73 -
TRINITY_DN2576_c0_g1_i1:140-1114    -            325 7677at7898           -           1031    0.0003   18.5   0.9   1   2   9.5e-05     0.008   13.8   0.2    22   155    36   185    13   199 0.68 -
TRINITY_DN2576_c0_g1_i1:140-1114    -            325 7677at7898           -           1031    0.0003   18.5   0.9   2   2      0.18        15    2.9   0.0    33    59   280   306   271   313 0.88 -
TRINITY_DN2576_c0_g1_i3:140-1114    -            325 7677at7898           -           1031    0.0003   18.5   0.9   1   2   9.5e-05     0.008   13.8   0.2    22   155    36   185    13   199 0.68 -
TRINITY_DN2576_c0_g1_i3:140-1114    -            325 7677at7898           -           1031    0.0003   18.5   0.9   2   2      0.18        15    2.9   0.0    33    59   280   306   271   313 0.88 -
TRINITY_DN2576_c0_g1_i4:140-1114    -            325 7677at7898           -           1031    0.0003   18.5   0.9   1   2   9.5e-05     0.008   13.8   0.2    22   155    36   185    13   199 0.68 -
TRINITY_DN2576_c0_g1_i4:140-1114    -            325 7677at7898           -           1031    0.0003   18.5   0.9   2   2      0.18        15    2.9   0.0    33    59   280   306   271   313 0.88 -
TRINITY_DN2576_c0_g1_i6:140-1114    -            325 7677at7898           -           1031    0.0003   18.5   0.9   1   2   9.5e-05     0.008   13.8   0.2    22   155    36   185    13   199 0.68 -
TRINITY_DN2576_c0_g1_i6:140-1114    -            325 7677at7898           -           1031    0.0003   18.5   0.9   2   2      0.18        15    2.9   0.0    33    59   280   306   271   313 0.88 -
TRINITY_DN18411_c0_g1_i1:245-1348   -            368 7677at7898           -           1031   0.00045   17.9   0.4   1   2      0.12       9.9    3.5   0.0    33    66    65    98    35   103 0.86 -
TRINITY_DN18411_c0_g1_i1:245-1348   -            368 7677at7898           -           1031   0.00045   17.9   0.4   2   2   0.00022     0.019   12.5   0.2    31   134   124   239   110   264 0.74 -
TRINITY_DN13945_c0_g1_i1:14-790     -            259 7677at7898           -           1031   0.00069   17.3   3.1   1   3     0.017       1.4    6.3   0.0   117   171    57   108     3   113 0.68 -
TRINITY_DN13945_c0_g1_i1:14-790     -            259 7677at7898           -           1031   0.00069   17.3   3.1   2   3     0.002      0.17    9.4   0.0    22    67    82   127    60   141 0.82 -
TRINITY_DN13945_c0_g1_i1:14-790     -            259 7677at7898           -           1031   0.00069   17.3   3.1   3   3    0.0032      0.26    8.7   1.1    21   125   122   231   111   238 0.65 -
TRINITY_DN8786_c0_g1_i1:114-1214    -            367 7677at7898           -           1031   0.00078   17.1   0.2   1   1   1.2e-05     0.001   16.7   0.2    47   231    86   275    43   299 0.75 -
TRINITY_DN4078_c0_g1_i1:142-1059    -            306 7677at7898           -           1031   0.00089   16.9   0.2   1   3     0.071       5.9    4.3   0.1    34    68     9    43     4    80 0.74 -
TRINITY_DN4078_c0_g1_i1:142-1059    -            306 7677at7898           -           1031   0.00089   16.9   0.2   2   3       2.7   2.2e+02   -1.0   0.0    27    66    89   128    84   139 0.89 -
TRINITY_DN4078_c0_g1_i1:142-1059    -            306 7677at7898           -           1031   0.00089   16.9   0.2   3   3    0.0025      0.21    9.1   0.0     4   105   193   301   191   304 0.78 -
TRINITY_DN4078_c0_g1_i2:142-1059    -            306 7677at7898           -           1031   0.00089   16.9   0.2   1   3     0.071       5.9    4.3   0.1    34    68     9    43     4    80 0.74 -
TRINITY_DN4078_c0_g1_i2:142-1059    -            306 7677at7898           -           1031   0.00089   16.9   0.2   2   3       2.7   2.2e+02   -1.0   0.0    27    66    89   128    84   139 0.89 -
TRINITY_DN4078_c0_g1_i2:142-1059    -            306 7677at7898           -           1031   0.00089   16.9   0.2   3   3    0.0025      0.21    9.1   0.0     4   105   193   301   191   304 0.78 -
TRINITY_DN7198_c0_g1_i1:268-1068    -            267 7677at7898           -           1031   0.00093   16.9   0.1   1   2      0.26        22    2.4   0.0    35    65    35    65    16    76 0.86 -
TRINITY_DN7198_c0_g1_i1:268-1068    -            267 7677at7898           -           1031   0.00093   16.9   0.1   2   2    0.0055      0.46    7.9   0.0     4    67   153   221   150   243 0.79 -
TRINITY_DN26474_c0_g1_i1:18-563     -            182 7677at7898           -           1031     0.001   16.7   0.5   1   2     2e-05    0.0017   16.0   0.2     2    66    37   103    36   111 0.83 -
TRINITY_DN26474_c0_g1_i1:18-563     -            182 7677at7898           -           1031     0.001   16.7   0.5   2   2       8.9   7.5e+02   -2.7   0.0   250   271   128   148   116   150 0.73 -
TRINITY_DN2302_c0_g1_i4:289-1176    -            296 7677at7898           -           1031     0.001   16.7   1.0   1   2    0.0013      0.11   10.0   0.2    41   126    21   111     8   125 0.45 -
TRINITY_DN2302_c0_g1_i4:289-1176    -            296 7677at7898           -           1031     0.001   16.7   1.0   2   2   0.00014     0.012   13.2   0.3     8   147    70   214    63   223 0.71 -
TRINITY_DN3890_c1_g1_i2:92-1609     -            506 7677at7898           -           1031     0.001   16.7   0.0   1   3         1        83    0.5   0.0     6   107   223   337   220   349 0.64 -
TRINITY_DN3890_c1_g1_i2:92-1609     -            506 7677at7898           -           1031     0.001   16.7   0.0   2   3    0.0013      0.11   10.0   0.0     1    88   352   443   352   462 0.77 -
TRINITY_DN3890_c1_g1_i2:92-1609     -            506 7677at7898           -           1031     0.001   16.7   0.0   3   3      0.15        12    3.2   0.0    19    67   456   505   436   506 0.65 -
TRINITY_DN355_c0_g1_i1:269-580      -            104 7677at7898           -           1031    0.0013   16.4   0.0   1   1   1.7e-05    0.0015   16.2   0.0     7    92     7   100     2   104 0.76 -
TRINITY_DN355_c0_g1_i2:274-921      -            216 7677at7898           -           1031    0.0014   16.2   0.0   1   1   1.8e-05    0.0015   16.1   0.0     8   100     4   104     1   174 0.73 -
TRINITY_DN14729_c0_g1_i1:17-1507    -            497 7677at7898           -           1031    0.0014   16.2   0.1   1   2      0.13        11    3.4   0.1    10    66    36    94    27   208 0.71 -
TRINITY_DN14729_c0_g1_i1:17-1507    -            497 7677at7898           -           1031    0.0014   16.2   0.1   2   2   0.00065     0.054   11.0   0.0    16   108   225   325   201   330 0.71 -
TRINITY_DN32396_c0_g1_i1:37-378     -            114 7677at7898           -           1031    0.0028   15.3   0.5   1   1   4.3e-05    0.0036   14.9   0.5    37   132     1   101     1   113 0.68 -
TRINITY_DN8786_c0_g1_i2:114-2186    -            691 7677at7898           -           1031    0.0032   15.1   0.2   1   1   5.4e-05    0.0045   14.6   0.2    47   231    86   275    45   297 0.74 -
TRINITY_DN5860_c0_g1_i8:1318-2460   -            381 7677at7898           -           1031    0.0032   15.1   0.2   1   3     0.016       1.3    6.4   0.0    32   106   115   203   100   211 0.74 -
TRINITY_DN5860_c0_g1_i8:1318-2460   -            381 7677at7898           -           1031    0.0032   15.1   0.2   2   3     0.077       6.4    4.1   0.0    33   107   169   249   158   261 0.69 -
TRINITY_DN5860_c0_g1_i8:1318-2460   -            381 7677at7898           -           1031    0.0032   15.1   0.2   3   3     0.027       2.3    5.6   0.0    21    94   290   370   276   378 0.73 -
TRINITY_DN10925_c0_g2_i3:75-1457    -            461 7677at7898           -           1031    0.0054   14.3   0.2   1   3      0.28        23    2.3   0.0    55   264   128   170    81   179 0.48 -
TRINITY_DN10925_c0_g2_i3:75-1457    -            461 7677at7898           -           1031    0.0054   14.3   0.2   2   3     0.072         6    4.2   0.0    31    86   144   199   137   224 0.78 -
TRINITY_DN10925_c0_g2_i3:75-1457    -            461 7677at7898           -           1031    0.0054   14.3   0.2   3   3     0.024         2    5.8   0.0   210   290   237   317   225   325 0.76 -
TRINITY_DN20458_c0_g1_i2:53-1570    -            506 7677at7898           -           1031    0.0059   14.2   0.8   1   2   0.00028     0.023   12.2   0.4    13   143   203   340   196   384 0.67 -
TRINITY_DN20458_c0_g1_i2:53-1570    -            506 7677at7898           -           1031    0.0059   14.2   0.8   2   2         2   1.6e+02   -0.5   0.0    21    76   432   489   409   500 0.71 -
TRINITY_DN8786_c0_g1_i6:114-2195    -            694 7677at7898           -           1031    0.0074   13.9   0.2   1   1   0.00013     0.011   13.4   0.2    49   231    88   275    46   298 0.68 -
TRINITY_DN4540_c0_g2_i5:62-592      -            177 7677at7898           -           1031    0.0078   13.8   0.0   1   2      0.11       9.5    3.6   0.0     9    66    28    88    18    93 0.79 -
TRINITY_DN4540_c0_g2_i5:62-592      -            177 7677at7898           -           1031    0.0078   13.8   0.0   2   2    0.0039      0.32    8.4   0.0    42    90   115   164    98   175 0.79 -
TRINITY_DN8786_c0_g1_i4:173-2254    -            694 7677at7898           -           1031    0.0083   13.7   0.1   1   1   0.00015     0.013   13.1   0.1    11   114    89   201    68   298 0.61 -
TRINITY_DN8644_c0_g1_i1:357-1838    -            494 7677at7898           -           1031    0.0084   13.7   0.4   1   1   0.00015     0.013   13.1   0.0    29    98   244   316   237   350 0.77 -
TRINITY_DN8644_c0_g1_i2:424-1905    -            494 7677at7898           -           1031    0.0084   13.7   0.4   1   1   0.00015     0.013   13.1   0.0    29    98   244   316   237   350 0.77 -
TRINITY_DN8644_c0_g1_i5:478-1959    -            494 7677at7898           -           1031    0.0084   13.7   0.4   1   1   0.00015     0.013   13.1   0.0    29    98   244   316   237   350 0.77 -
TRINITY_DN22384_c0_g2_i1:5-475      -            157 7677at7898           -           1031    0.0089   13.6   0.0   1   1   0.00018     0.015   12.8   0.0    18    77    34    96    16   155 0.71 -
TRINITY_DN7260_c0_g1_i3:1612-2448   -            279 7677at7898           -           1031     0.009   13.6   0.2   1   3       5.1   4.2e+02   -1.9   0.0    76   116     4    44     3    53 0.76 -
TRINITY_DN7260_c0_g1_i3:1612-2448   -            279 7677at7898           -           1031     0.009   13.6   0.2   2   3    0.0045      0.37    8.2   0.1    75   110   109   145    45   154 0.69 -
TRINITY_DN7260_c0_g1_i3:1612-2448   -            279 7677at7898           -           1031     0.009   13.6   0.2   3   3      0.22        18    2.6   0.0    23    66   233   277   216   279 0.85 -
TRINITY_DN22527_c0_g1_i12:50-559    -            170 7677at7898           -           1031     0.011   13.3   0.3   1   1   0.00017     0.014   13.0   0.3    36    99     8    78     3   102 0.77 -
TRINITY_DN12941_c4_g1_i10:882-2138  -            419 7677at7898           -           1031     0.013   13.0   0.1   1   2     0.011      0.88    7.0   0.0     3    67    83   150    77   190 0.82 -
TRINITY_DN12941_c4_g1_i10:882-2138  -            419 7677at7898           -           1031     0.013   13.0   0.1   2   2      0.08       6.6    4.1   0.0     8    66   212   276   208   310 0.67 -
TRINITY_DN12941_c4_g1_i1:871-2127   -            419 7677at7898           -           1031     0.013   13.0   0.1   1   2     0.011      0.88    7.0   0.0     3    67    83   150    77   190 0.82 -
TRINITY_DN12941_c4_g1_i1:871-2127   -            419 7677at7898           -           1031     0.013   13.0   0.1   2   2      0.08       6.6    4.1   0.0     8    66   212   276   208   310 0.67 -
TRINITY_DN12941_c4_g1_i9:863-2119   -            419 7677at7898           -           1031     0.013   13.0   0.1   1   2     0.011      0.88    7.0   0.0     3    67    83   150    77   190 0.82 -
TRINITY_DN12941_c4_g1_i9:863-2119   -            419 7677at7898           -           1031     0.013   13.0   0.1   2   2      0.08       6.6    4.1   0.0     8    66   212   276   208   310 0.67 -
TRINITY_DN5860_c0_g1_i6:1318-2334   -            339 7677at7898           -           1031     0.019   12.5   0.0   1   3     0.013       1.1    6.7   0.0    32   106   115   203   103   212 0.74 -
TRINITY_DN5860_c0_g1_i6:1318-2334   -            339 7677at7898           -           1031     0.019   12.5   0.0   2   3     0.063       5.3    4.4   0.0    33   107   169   249   158   261 0.69 -
TRINITY_DN5860_c0_g1_i6:1318-2334   -            339 7677at7898           -           1031     0.019   12.5   0.0   3   3      0.26        22    2.4   0.0    21    66   290   336   276   338 0.84 -
TRINITY_DN10925_c0_g2_i2:78-2036    -            653 7677at7898           -           1031     0.022   12.3   0.2   1   4      0.32        26    2.1   0.0    31    65   144   178    83   182 0.56 -
TRINITY_DN10925_c0_g2_i2:78-2036    -            653 7677at7898           -           1031     0.022   12.3   0.2   2   4      0.12       9.9    3.5   0.0    31    85   144   198   135   217 0.77 -
TRINITY_DN10925_c0_g2_i2:78-2036    -            653 7677at7898           -           1031     0.022   12.3   0.2   3   4     0.013       1.1    6.7   0.1    19   141   172   294   154   302 0.66 -
TRINITY_DN10925_c0_g2_i2:78-2036    -            653 7677at7898           -           1031     0.022   12.3   0.2   4   4     0.037       3.1    5.2   0.0   210   277   237   301   220   324 0.75 -
TRINITY_DN22527_c0_g1_i11:187-1149  -            321 7677at7898           -           1031     0.029   11.9   0.4   1   1   0.00062     0.052   11.1   0.4    36    99     8    78     3   103 0.77 -
TRINITY_DN8740_c0_g1_i1:242-1096    -            285 7677at7898           -           1031      0.03   11.9   0.5   1   2      0.19        16    2.9   0.1    23    85    17    80     9   106 0.74 -
TRINITY_DN8740_c0_g1_i1:242-1096    -            285 7677at7898           -           1031      0.03   11.9   0.5   2   2    0.0082      0.68    7.4   0.1    80   133   221   277   203   281 0.81 -
TRINITY_DN8740_c0_g1_i5:242-1096    -            285 7677at7898           -           1031      0.03   11.9   0.5   1   2      0.19        16    2.9   0.1    23    85    17    80     9   106 0.74 -
TRINITY_DN8740_c0_g1_i5:242-1096    -            285 7677at7898           -           1031      0.03   11.9   0.5   2   2    0.0082      0.68    7.4   0.1    80   133   221   277   203   281 0.81 -
TRINITY_DN8740_c0_g1_i9:244-1098    -            285 7677at7898           -           1031      0.03   11.9   0.5   1   2      0.19        16    2.9   0.1    23    85    17    80     9   106 0.74 -
TRINITY_DN8740_c0_g1_i9:244-1098    -            285 7677at7898           -           1031      0.03   11.9   0.5   2   2    0.0082      0.68    7.4   0.1    80   133   221   277   203   281 0.81 -
TRINITY_DN22527_c0_g1_i1:680-1642   -            321 7677at7898           -           1031      0.03   11.8   0.4   1   1   0.00062     0.052   11.1   0.4    36    99     8    78     3   103 0.77 -
TRINITY_DN22527_c0_g1_i4:691-1653   -            321 7677at7898           -           1031      0.03   11.8   0.4   1   1   0.00062     0.052   11.1   0.4    36    99     8    78     3   103 0.77 -
TRINITY_DN22527_c0_g1_i6:571-1533   -            321 7677at7898           -           1031      0.03   11.8   0.4   1   1   0.00062     0.052   11.1   0.4    36    99     8    78     3   103 0.77 -
TRINITY_DN14788_c0_g3_i1:299-892    -            198 7677at7898           -           1031      0.03   11.8   0.1   1   2     0.095       7.9    3.8   0.1    50   104     2    58     1    64 0.81 -
TRINITY_DN14788_c0_g3_i1:299-892    -            198 7677at7898           -           1031      0.03   11.8   0.1   2   2     0.014       1.2    6.6   0.0    32    70    75   113    66   184 0.92 -
TRINITY_DN4682_c0_g1_i1:1022-1681   -            220 7677at7898           -           1031     0.031   11.8   0.3   1   1    0.0007     0.058   10.9   0.1    43    99   155   214   107   220 0.83 -
TRINITY_DN18328_c0_g1_i10:94-2052   -            653 7677at7898           -           1031     0.032   11.7   0.5   1   2     0.074       6.2    4.2   0.1    21   140   179   310   157   331 0.77 -
TRINITY_DN18328_c0_g1_i10:94-2052   -            653 7677at7898           -           1031     0.032   11.7   0.5   2   2     0.033       2.8    5.3   0.0     5    66   471   538   349   555 0.81 -
TRINITY_DN18328_c0_g1_i1:553-2541   -            663 7677at7898           -           1031     0.034   11.7   0.5   1   2     0.076       6.4    4.2   0.1    21   140   189   320   167   341 0.77 -
TRINITY_DN18328_c0_g1_i1:553-2541   -            663 7677at7898           -           1031     0.034   11.7   0.5   2   2     0.034       2.9    5.3   0.0     5    66   481   548   359   565 0.81 -
TRINITY_DN18328_c0_g1_i8:1228-3216  -            663 7677at7898           -           1031     0.034   11.7   0.5   1   2     0.076       6.4    4.2   0.1    21   140   189   320   167   341 0.77 -
TRINITY_DN18328_c0_g1_i8:1228-3216  -            663 7677at7898           -           1031     0.034   11.7   0.5   2   2     0.034       2.9    5.3   0.0     5    66   481   548   359   565 0.81 -
TRINITY_DN3363_c0_g1_i3:280-1089    -            270 7677at7898           -           1031     0.046   11.2   0.0   1   1   0.00057     0.047   11.2   0.0    34   108    48   126     5   184 0.63 -
TRINITY_DN38765_c1_g1_i1:1418-2425  -            336 7677at7898           -           1031     0.071   10.6   0.1   1   2       4.1   3.4e+02   -1.6   0.0    36    88     1    54     1    73 0.68 -
TRINITY_DN38765_c1_g1_i1:1418-2425  -            336 7677at7898           -           1031     0.071   10.6   0.1   2   2    0.0022      0.18    9.3   0.0     3    66   216   282   214   314 0.79 -
TRINITY_DN38765_c1_g1_i5:1087-2094  -            336 7677at7898           -           1031     0.071   10.6   0.1   1   2       4.1   3.4e+02   -1.6   0.0    36    88     1    54     1    73 0.68 -
TRINITY_DN38765_c1_g1_i5:1087-2094  -            336 7677at7898           -           1031     0.071   10.6   0.1   2   2    0.0022      0.18    9.3   0.0     3    66   216   282   214   314 0.79 -
TRINITY_DN38765_c1_g1_i8:1418-2425  -            336 7677at7898           -           1031     0.071   10.6   0.1   1   2       4.1   3.4e+02   -1.6   0.0    36    88     1    54     1    73 0.68 -
TRINITY_DN38765_c1_g1_i8:1418-2425  -            336 7677at7898           -           1031     0.071   10.6   0.1   2   2    0.0022      0.18    9.3   0.0     3    66   216   282   214   314 0.79 -
TRINITY_DN24351_c0_g1_i2:129-2072   -            648 7677at7898           -           1031     0.085   10.4   0.2   1   1    0.0021      0.17    9.3   0.0    33    75   321   363   313   406 0.85 -
TRINITY_DN38961_c0_g1_i1:555-1160   -            202 7677at7898           -           1031       0.1   10.1   0.2   1   1     0.002      0.17    9.4   0.0     4    74    88   162    85   171 0.78 -
TRINITY_DN767_c0_g2_i1:1846-2511    -            222 7677at7898           -           1031      0.12    9.9   0.3   1   2    0.0072       0.6    7.5   0.2    15   112    81   180    69   189 0.74 -
TRINITY_DN767_c0_g2_i1:1846-2511    -            222 7677at7898           -           1031      0.12    9.9   0.3   2   2      0.46        38    1.6   0.0     3    58   152   213   150   221 0.72 -
TRINITY_DN10416_c0_g1_i5:24-308     -             95 7677at7898           -           1031      0.13    9.8   0.0   1   1    0.0022      0.19    9.2   0.0     6    66    21    83    16    92 0.78 -
TRINITY_DN1995_c1_g1_i3:1337-3637   -            767 7677at7898           -           1031      0.13    9.7   0.0   1   3       0.1       8.7    3.7   0.0    28    68   539   579   524   586 0.88 -
TRINITY_DN1995_c1_g1_i3:1337-3637   -            767 7677at7898           -           1031      0.13    9.7   0.0   2   3      0.27        22    2.3   0.0    31    69   593   631   589   646 0.88 -
TRINITY_DN1995_c1_g1_i3:1337-3637   -            767 7677at7898           -           1031      0.13    9.7   0.0   3   3       3.4   2.9e+02   -1.3   0.0   216   270   705   759   692   763 0.77 -
TRINITY_DN1995_c1_g1_i5:1337-3637   -            767 7677at7898           -           1031      0.13    9.7   0.0   1   3       0.1       8.7    3.7   0.0    28    68   539   579   524   586 0.88 -
TRINITY_DN1995_c1_g1_i5:1337-3637   -            767 7677at7898           -           1031      0.13    9.7   0.0   2   3      0.27        22    2.3   0.0    31    69   593   631   589   646 0.88 -
TRINITY_DN1995_c1_g1_i5:1337-3637   -            767 7677at7898           -           1031      0.13    9.7   0.0   3   3       3.4   2.9e+02   -1.3   0.0   216   270   705   759   692   763 0.77 -
TRINITY_DN4540_c0_g2_i1:59-526      -            156 7677at7898           -           1031      0.14    9.6   0.3   1   2     0.092       7.7    3.9   0.0     9    66    29    89    22    94 0.78 -
TRINITY_DN4540_c0_g2_i1:59-526      -            156 7677at7898           -           1031      0.14    9.6   0.3   2   2      0.11         9    3.7   0.1    42    73   116   146    99   152 0.79 -
TRINITY_DN18021_c0_g2_i1:671-1573   -            301 7677at7898           -           1031      0.22    9.0   0.0   1   1     0.004      0.33    8.4   0.0    41   106   166   236   143   289 0.83 -
#
# Program:         hmmsearch
# Version:         3.1b2 (February 2015)
# Pipeline mode:   SEARCH
# Query file:      /home/ericjuo/Projects/salmo_trutta_rna_seq/busco_downloads/lineages/actinopterygii_odb10/hmms/7677at7898.hmm
# Target file:     /home/ericjuo/Projects/salmo_trutta_rna_seq/data/02_intermediate/busco/run_actinopterygii_odb10/metaeuk_output/initial_results/trinity.Trinity.fasta.modified.fas
# Option settings: hmmsearch --domtblout /home/ericjuo/Projects/salmo_trutta_rna_seq/data/02_intermediate/busco/run_actinopterygii_odb10/hmmer_output/initial_run_results/7677at7898.out --cpu 1 /home/ericjuo/Projects/salmo_trutta_rna_seq/busco_downloads/lineages/actinopterygii_odb10/hmms/7677at7898.hmm /home/ericjuo/Projects/salmo_trutta_rna_seq/data/02_intermediate/busco/run_actinopterygii_odb10/metaeuk_output/initial_results/trinity.Trinity.fasta.modified.fas 
# Current dir:     /home/ericjuo/Projects/salmo_trutta_rna_seq
# Date:            Fri Apr 29 12:54:29 2022
# [ok]
