#                                                                                        --- full sequence --- -------------- this domain -------------   hmm coord   ali coord   env coord
# target name                    accession   tlen query name           accession   qlen   E-value  score  bias   #  of  c-Evalue  i-Evalue  score  bias  from    to  from    to  from    to  acc description of target
#            ------------------- ---------- ----- -------------------- ---------- ----- --------- ------ ----- --- --- --------- --------- ------ ----- ----- ----- ----- ----- ----- ----- ---- ---------------------
TRINITY_DN7310_c0_g1_i4:751-2286 -            512 78141at7898          -            395  1.4e-200  666.0  40.6   1   2     0.032   1.5e+02    0.8   0.2     5    29    45    72    42    79 0.74 -
TRINITY_DN7310_c0_g1_i4:751-2286 -            512 78141at7898          -            395  1.4e-200  666.0  40.6   2   2    7e-200  3.2e-196  651.6  36.1    21   395    87   507    71   507 0.92 -
TRINITY_DN7310_c0_g1_i5:751-2208 -            486 78141at7898          -            395    2e-200  665.5  42.3   1   3    0.0014       6.5    5.3   1.5     4    30    18    47    15    53 0.75 -
TRINITY_DN7310_c0_g1_i5:751-2208 -            486 78141at7898          -            395    2e-200  665.5  42.3   2   3  7.5e-138  3.5e-134  447.4  22.8    22   287    62   344    44   350 0.92 -
TRINITY_DN7310_c0_g1_i5:751-2208 -            486 78141at7898          -            395    2e-200  665.5  42.3   3   3   3.2e-68   1.5e-64  218.1   4.1   281   395   360   481   345   481 0.96 -
TRINITY_DN7310_c0_g1_i6:625-2163 -            513 78141at7898          -            395  3.3e-199  661.5  44.1   1   3     0.033   1.5e+02    0.8   0.2     5    29    45    72    42    77 0.73 -
TRINITY_DN7310_c0_g1_i6:625-2163 -            513 78141at7898          -            395  3.3e-199  661.5  44.1   2   3    8e-139  3.7e-135  450.6  25.9    21   287    87   370    70   375 0.92 -
TRINITY_DN7310_c0_g1_i6:625-2163 -            513 78141at7898          -            395  3.3e-199  661.5  44.1   3   3   2.2e-66     1e-62  212.0   5.7   281   394   387   507   374   508 0.96 -
#
# Program:         hmmsearch
# Version:         3.1b2 (February 2015)
# Pipeline mode:   SEARCH
# Query file:      /home/ericjuo/Projects/salmo_trutta_rna_seq/busco_downloads/lineages/actinopterygii_odb10/hmms/78141at7898.hmm
# Target file:     /home/ericjuo/Projects/salmo_trutta_rna_seq/data/02_intermediate/busco/run_actinopterygii_odb10/metaeuk_output/initial_results/trinity.Trinity.fasta.modified.fas
# Option settings: hmmsearch --domtblout /home/ericjuo/Projects/salmo_trutta_rna_seq/data/02_intermediate/busco/run_actinopterygii_odb10/hmmer_output/initial_run_results/78141at7898.out --cpu 1 /home/ericjuo/Projects/salmo_trutta_rna_seq/busco_downloads/lineages/actinopterygii_odb10/hmms/78141at7898.hmm /home/ericjuo/Projects/salmo_trutta_rna_seq/data/02_intermediate/busco/run_actinopterygii_odb10/metaeuk_output/initial_results/trinity.Trinity.fasta.modified.fas 
# Current dir:     /home/ericjuo/Projects/salmo_trutta_rna_seq
# Date:            Fri Apr 29 12:54:20 2022
# [ok]
