#                                                                                         --- full sequence --- -------------- this domain -------------   hmm coord   ali coord   env coord
# target name                     accession   tlen query name           accession   qlen   E-value  score  bias   #  of  c-Evalue  i-Evalue  score  bias  from    to  from    to  from    to  acc description of target
#             ------------------- ---------- ----- -------------------- ---------- ----- --------- ------ ----- --- --- --------- --------- ------ ----- ----- ----- ----- ----- ----- ----- ---- ---------------------
TRINITY_DN18719_c0_g1_i1:0-572    -            191 80823at7898          -            304   6.5e-79  264.8   0.5   1   1   3.8e-82   7.4e-79  264.6   0.5   125   269    37   191    14   191 0.94 -
TRINITY_DN4444_c1_g1_i1:134-832   -            233 80823at7898          -            304   0.00024   19.9   0.0   1   1   1.5e-07    0.0003   19.6   0.0    22   175     8   170     2   201 0.62 -
TRINITY_DN13312_c0_g1_i2:808-1353 -            182 80823at7898          -            304      0.04   12.6   0.0   1   1   2.8e-05     0.055   12.1   0.0    21    88    14    81     4   142 0.77 -
TRINITY_DN13312_c0_g1_i3:808-1353 -            182 80823at7898          -            304      0.04   12.6   0.0   1   1   2.8e-05     0.055   12.1   0.0    21    88    14    81     4   142 0.77 -
TRINITY_DN13312_c0_g1_i5:781-1326 -            182 80823at7898          -            304      0.04   12.6   0.0   1   1   2.8e-05     0.055   12.1   0.0    21    88    14    81     4   142 0.77 -
TRINITY_DN9170_c0_g1_i1:348-641   -             98 80823at7898          -            304     0.045   12.4   0.0   1   1   2.7e-05     0.053   12.2   0.0    19   100    15    92     7    97 0.75 -
TRINITY_DN9170_c0_g1_i4:336-869   -            178 80823at7898          -            304     0.046   12.4   0.0   1   1   2.9e-05     0.058   12.1   0.0    19   112    15   104     7   136 0.79 -
#
# Program:         hmmsearch
# Version:         3.1b2 (February 2015)
# Pipeline mode:   SEARCH
# Query file:      /home/ericjuo/Projects/salmo_trutta_rna_seq/busco_downloads/lineages/actinopterygii_odb10/hmms/80823at7898.hmm
# Target file:     /home/ericjuo/Projects/salmo_trutta_rna_seq/data/02_intermediate/busco/run_actinopterygii_odb10/metaeuk_output/initial_results/trinity.Trinity.fasta.modified.fas
# Option settings: hmmsearch --domtblout /home/ericjuo/Projects/salmo_trutta_rna_seq/data/02_intermediate/busco/run_actinopterygii_odb10/hmmer_output/initial_run_results/80823at7898.out --cpu 1 /home/ericjuo/Projects/salmo_trutta_rna_seq/busco_downloads/lineages/actinopterygii_odb10/hmms/80823at7898.hmm /home/ericjuo/Projects/salmo_trutta_rna_seq/data/02_intermediate/busco/run_actinopterygii_odb10/metaeuk_output/initial_results/trinity.Trinity.fasta.modified.fas 
# Current dir:     /home/ericjuo/Projects/salmo_trutta_rna_seq
# Date:            Fri Apr 29 12:54:18 2022
# [ok]
