#                                                                                          --- full sequence --- -------------- this domain -------------   hmm coord   ali coord   env coord
# target name                      accession   tlen query name           accession   qlen   E-value  score  bias   #  of  c-Evalue  i-Evalue  score  bias  from    to  from    to  from    to  acc description of target
#              ------------------- ---------- ----- -------------------- ---------- ----- --------- ------ ----- --- --- --------- --------- ------ ----- ----- ----- ----- ----- ----- ----- ---- ---------------------
TRINITY_DN513_c0_g1_i10:1507-2352  -            282 87601at7898          -            296   5.8e-62  209.3  27.4   1   3   2.8e-48   8.5e-46  156.2   8.0   104   176     1    73     1    82 0.95 -
TRINITY_DN513_c0_g1_i10:1507-2352  -            282 87601at7898          -            296   5.8e-62  209.3  27.4   2   3   3.5e-08   1.1e-05   24.6   0.5   158   232    90   163    84   196 0.72 -
TRINITY_DN513_c0_g1_i10:1507-2352  -            282 87601at7898          -            296   5.8e-62  209.3  27.4   3   3   1.2e-12   3.7e-10   39.2   4.9   252   296   236   282   228   282 0.89 -
TRINITY_DN513_c0_g1_i1:1565-2410   -            282 87601at7898          -            296   5.8e-62  209.3  27.4   1   3   2.8e-48   8.5e-46  156.2   8.0   104   176     1    73     1    82 0.95 -
TRINITY_DN513_c0_g1_i1:1565-2410   -            282 87601at7898          -            296   5.8e-62  209.3  27.4   2   3   3.5e-08   1.1e-05   24.6   0.5   158   232    90   163    84   196 0.72 -
TRINITY_DN513_c0_g1_i1:1565-2410   -            282 87601at7898          -            296   5.8e-62  209.3  27.4   3   3   1.2e-12   3.7e-10   39.2   4.9   252   296   236   282   228   282 0.89 -
TRINITY_DN513_c0_g1_i6:1513-2358   -            282 87601at7898          -            296   5.8e-62  209.3  27.4   1   3   2.8e-48   8.5e-46  156.2   8.0   104   176     1    73     1    82 0.95 -
TRINITY_DN513_c0_g1_i6:1513-2358   -            282 87601at7898          -            296   5.8e-62  209.3  27.4   2   3   3.5e-08   1.1e-05   24.6   0.5   158   232    90   163    84   196 0.72 -
TRINITY_DN513_c0_g1_i6:1513-2358   -            282 87601at7898          -            296   5.8e-62  209.3  27.4   3   3   1.2e-12   3.7e-10   39.2   4.9   252   296   236   282   228   282 0.89 -
TRINITY_DN513_c0_g1_i8:1568-2413   -            282 87601at7898          -            296   5.8e-62  209.3  27.4   1   3   2.8e-48   8.5e-46  156.2   8.0   104   176     1    73     1    82 0.95 -
TRINITY_DN513_c0_g1_i8:1568-2413   -            282 87601at7898          -            296   5.8e-62  209.3  27.4   2   3   3.5e-08   1.1e-05   24.6   0.5   158   232    90   163    84   196 0.72 -
TRINITY_DN513_c0_g1_i8:1568-2413   -            282 87601at7898          -            296   5.8e-62  209.3  27.4   3   3   1.2e-12   3.7e-10   39.2   4.9   252   296   236   282   228   282 0.89 -
TRINITY_DN513_c0_g1_i7:1537-2391   -            285 87601at7898          -            296   5.6e-61  206.0  27.2   1   3   2.8e-48   8.3e-46  156.2   8.2   104   177     1    74     1    83 0.95 -
TRINITY_DN513_c0_g1_i7:1537-2391   -            285 87601at7898          -            296   5.6e-61  206.0  27.2   2   3   9.1e-07   0.00027   19.9   0.3   176   262   106   191    84   206 0.64 -
TRINITY_DN513_c0_g1_i7:1537-2391   -            285 87601at7898          -            296   5.6e-61  206.0  27.2   3   3   6.5e-13     2e-10   40.1   5.2   252   296   239   285   231   285 0.89 -
TRINITY_DN513_c0_g1_i9:1537-2391   -            285 87601at7898          -            296   5.6e-61  206.0  27.2   1   3   2.8e-48   8.3e-46  156.2   8.2   104   177     1    74     1    83 0.95 -
TRINITY_DN513_c0_g1_i9:1537-2391   -            285 87601at7898          -            296   5.6e-61  206.0  27.2   2   3   9.1e-07   0.00027   19.9   0.3   176   262   106   191    84   206 0.64 -
TRINITY_DN513_c0_g1_i9:1537-2391   -            285 87601at7898          -            296   5.6e-61  206.0  27.2   3   3   6.5e-13     2e-10   40.1   5.2   252   296   239   285   231   285 0.89 -
TRINITY_DN7380_c0_g1_i15:543-1286  -            248 87601at7898          -            296   2.6e-59  200.6  22.2   1   1   6.4e-58   1.9e-55  187.9  22.2    98   296     7   248     1   248 0.67 -
TRINITY_DN7380_c0_g1_i25:543-1286  -            248 87601at7898          -            296   2.6e-59  200.6  22.2   1   1   6.4e-58   1.9e-55  187.9  22.2    98   296     7   248     1   248 0.67 -
TRINITY_DN424_c0_g1_i1:112-1191    -            360 87601at7898          -            296   3.5e-59  200.1  12.5   1   2   7.3e-52   2.2e-49  168.0   5.7    69   214    66   241    29   264 0.73 -
TRINITY_DN424_c0_g1_i1:112-1191    -            360 87601at7898          -            296   3.5e-59  200.1  12.5   2   2   2.1e-11   6.3e-09   35.2   0.6   236   295   302   360   277   360 0.81 -
TRINITY_DN424_c0_g1_i3:112-1191    -            360 87601at7898          -            296   3.5e-59  200.1  12.5   1   2   7.3e-52   2.2e-49  168.0   5.7    69   214    66   241    29   264 0.73 -
TRINITY_DN424_c0_g1_i3:112-1191    -            360 87601at7898          -            296   3.5e-59  200.1  12.5   2   2   2.1e-11   6.3e-09   35.2   0.6   236   295   302   360   277   360 0.81 -
TRINITY_DN7380_c0_g1_i16:543-1301  -            253 87601at7898          -            296   4.2e-59  199.9  25.1   1   2   1.5e-48   4.4e-46  157.1  12.9    98   237     7   160     1   169 0.72 -
TRINITY_DN7380_c0_g1_i16:543-1301  -            253 87601at7898          -            296   4.2e-59  199.9  25.1   2   2   1.8e-14   5.3e-12   45.3   4.6   252   296   210   253   163   253 0.78 -
TRINITY_DN7380_c0_g1_i24:568-1275  -            236 87601at7898          -            296   1.8e-58  197.8  23.1   1   2   1.3e-48   3.8e-46  157.3  10.2   104   216     1   108     1   148 0.77 -
TRINITY_DN7380_c0_g1_i24:568-1275  -            236 87601at7898          -            296   1.8e-58  197.8  23.1   2   2   1.7e-14   5.1e-12   45.3   5.4   231   296   170   236   133   236 0.73 -
TRINITY_DN7380_c0_g1_i22:568-1290  -            241 87601at7898          -            296   2.1e-58  197.6  25.5   1   2     9e-48   2.7e-45  154.6  13.5   104   237     1   148     1   157 0.73 -
TRINITY_DN7380_c0_g1_i22:568-1290  -            241 87601at7898          -            296   2.1e-58  197.6  25.5   2   2   1.4e-14   4.2e-12   45.6   4.4   252   296   198   241   152   241 0.78 -
TRINITY_DN424_c0_g1_i5:112-1191    -            360 87601at7898          -            296   3.5e-58  196.9  12.1   1   2   3.9e-51   1.2e-48  165.6   5.4    70   214    67   241    39   259 0.72 -
TRINITY_DN424_c0_g1_i5:112-1191    -            360 87601at7898          -            296   3.5e-58  196.9  12.1   2   2   5.6e-11   1.7e-08   33.8   0.4   238   295   304   360   278   360 0.80 -
TRINITY_DN424_c0_g1_i7:112-1191    -            360 87601at7898          -            296   3.5e-58  196.9  12.1   1   2   3.9e-51   1.2e-48  165.6   5.4    70   214    67   241    39   259 0.72 -
TRINITY_DN424_c0_g1_i7:112-1191    -            360 87601at7898          -            296   3.5e-58  196.9  12.1   2   2   5.6e-11   1.7e-08   33.8   0.4   238   295   304   360   278   360 0.80 -
TRINITY_DN424_c0_g1_i4:112-1173    -            354 87601at7898          -            296   1.9e-55  187.9  11.4   1   2   2.4e-51   7.1e-49  166.3   5.8    69   214    66   241    30   266 0.73 -
TRINITY_DN424_c0_g1_i4:112-1173    -            354 87601at7898          -            296   1.9e-55  187.9  11.4   2   2   6.9e-08   2.1e-05   23.6   0.2   238   288   304   353   278   354 0.77 -
TRINITY_DN23132_c0_g2_i1:997-1590  -            198 87601at7898          -            296   1.2e-53  182.0   6.5   1   1     1e-55   3.1e-53  180.6   6.5    35   215     1   194     1   198 0.73 -
TRINITY_DN23132_c0_g2_i2:446-1039  -            198 87601at7898          -            296   1.2e-53  182.0   6.5   1   1     1e-55   3.1e-53  180.6   6.5    35   215     1   194     1   198 0.73 -
TRINITY_DN23132_c0_g2_i4:1076-1669 -            198 87601at7898          -            296   1.2e-53  182.0   6.5   1   1     1e-55   3.1e-53  180.6   6.5    35   215     1   194     1   198 0.73 -
TRINITY_DN23132_c0_g2_i5:135-818   -            228 87601at7898          -            296   6.7e-53  179.5   3.7   1   1   3.8e-55   1.1e-52  178.8   3.7    88   218    71   207    10   225 0.72 -
TRINITY_DN7380_c0_g1_i12:5-577     -            191 87601at7898          -            296   1.2e-39  136.1  12.3   1   2   8.9e-31   2.7e-28   98.8   1.7   135   222     1    93     1   113 0.79 -
TRINITY_DN7380_c0_g1_i12:5-577     -            191 87601at7898          -            296   1.2e-39  136.1  12.3   2   2   8.3e-14   2.5e-11   43.1   3.3   251   296   148   191   111   191 0.88 -
TRINITY_DN7380_c0_g1_i21:5-577     -            191 87601at7898          -            296   1.2e-39  136.1  12.3   1   2   8.9e-31   2.7e-28   98.8   1.7   135   222     1    93     1   113 0.79 -
TRINITY_DN7380_c0_g1_i21:5-577     -            191 87601at7898          -            296   1.2e-39  136.1  12.3   2   2   8.3e-14   2.5e-11   43.1   3.3   251   296   148   191   111   191 0.88 -
TRINITY_DN53008_c0_g1_i1:202-2130  -            643 87601at7898          -            296   7.6e-06   25.0   1.3   1   1   4.3e-08   1.3e-05   24.3   1.3   116   169   112   163    82   188 0.82 -
TRINITY_DN5939_c0_g1_i1:584-1930   -            449 87601at7898          -            296   0.00011   21.2  15.3   1   3   0.00087      0.26   10.1   4.8    97   173     6    75     1    84 0.74 -
TRINITY_DN5939_c0_g1_i1:584-1930   -            449 87601at7898          -            296   0.00011   21.2  15.3   2   3    0.0073       2.2    7.1   0.2   109   144   175   211   150   225 0.77 -
TRINITY_DN5939_c0_g1_i1:584-1930   -            449 87601at7898          -            296   0.00011   21.2  15.3   3   3    0.0017      0.52    9.2   0.2   147   184   331   369   318   384 0.72 -
TRINITY_DN3417_c0_g2_i2:416-916    -            167 87601at7898          -            296     0.004   16.1  17.0   1   2     0.014       4.1    6.2   3.1   103   151    59   105    36   110 0.77 -
TRINITY_DN3417_c0_g2_i2:416-916    -            167 87601at7898          -            296     0.004   16.1  17.0   2   2   1.5e-05    0.0046   15.9   6.4   116   169   114   165   107   167 0.90 -
TRINITY_DN3417_c0_g2_i3:416-916    -            167 87601at7898          -            296     0.004   16.1  17.0   1   2     0.014       4.1    6.2   3.1   103   151    59   105    36   110 0.77 -
TRINITY_DN3417_c0_g2_i3:416-916    -            167 87601at7898          -            296     0.004   16.1  17.0   2   2   1.5e-05    0.0046   15.9   6.4   116   169   114   165   107   167 0.90 -
TRINITY_DN3417_c0_g2_i5:416-916    -            167 87601at7898          -            296     0.004   16.1  17.0   1   2     0.014       4.1    6.2   3.1   103   151    59   105    36   110 0.77 -
TRINITY_DN3417_c0_g2_i5:416-916    -            167 87601at7898          -            296     0.004   16.1  17.0   2   2   1.5e-05    0.0046   15.9   6.4   116   169   114   165   107   167 0.90 -
TRINITY_DN26796_c0_g2_i1:207-734   -            176 87601at7898          -            296    0.0065   15.4   0.2   1   1   3.3e-05    0.0099   14.8   0.2   148   181    55    88    48   102 0.83 -
TRINITY_DN26796_c0_g2_i2:239-766   -            176 87601at7898          -            296    0.0065   15.4   0.2   1   1   3.3e-05    0.0099   14.8   0.2   148   181    55    88    48   102 0.83 -
TRINITY_DN26796_c0_g2_i3:207-734   -            176 87601at7898          -            296    0.0065   15.4   0.2   1   1   3.3e-05    0.0099   14.8   0.2   148   181    55    88    48   102 0.83 -
TRINITY_DN26796_c0_g2_i4:154-681   -            176 87601at7898          -            296    0.0065   15.4   0.2   1   1   3.3e-05    0.0099   14.8   0.2   148   181    55    88    48   102 0.83 -
TRINITY_DN26796_c0_g2_i7:160-687   -            176 87601at7898          -            296    0.0065   15.4   0.2   1   1   3.3e-05    0.0099   14.8   0.2   148   181    55    88    48   102 0.83 -
TRINITY_DN5686_c0_g1_i1:3295-4590  -            432 87601at7898          -            296     0.022   13.7  14.9   1   3      0.29        87    1.9   6.6   112   169     6    53     1    57 0.58 -
TRINITY_DN5686_c0_g1_i1:3295-4590  -            432 87601at7898          -            296     0.022   13.7  14.9   2   3     0.016       4.7    6.0   0.3   111   133   183   204   152   247 0.81 -
TRINITY_DN5686_c0_g1_i1:3295-4590  -            432 87601at7898          -            296     0.022   13.7  14.9   3   3    0.0023      0.68    8.8   0.0   148   184   338   374   330   393 0.76 -
TRINITY_DN5686_c0_g1_i8:3560-4855  -            432 87601at7898          -            296     0.022   13.7  14.9   1   3      0.29        87    1.9   6.6   112   169     6    53     1    57 0.58 -
TRINITY_DN5686_c0_g1_i8:3560-4855  -            432 87601at7898          -            296     0.022   13.7  14.9   2   3     0.016       4.7    6.0   0.3   111   133   183   204   152   247 0.81 -
TRINITY_DN5686_c0_g1_i8:3560-4855  -            432 87601at7898          -            296     0.022   13.7  14.9   3   3    0.0023      0.68    8.8   0.0   148   184   338   374   330   393 0.76 -
TRINITY_DN5686_c0_g1_i7:3295-4566  -            424 87601at7898          -            296     0.028   13.3  15.5   1   3       0.3        91    1.8   6.7   112   169     6    53     1    57 0.58 -
TRINITY_DN5686_c0_g1_i7:3295-4566  -            424 87601at7898          -            296     0.028   13.3  15.5   2   3     0.015       4.6    6.1   0.4   111   133   175   196   148   241 0.78 -
TRINITY_DN5686_c0_g1_i7:3295-4566  -            424 87601at7898          -            296     0.028   13.3  15.5   3   3    0.0022      0.66    8.8   0.0   148   184   330   366   322   385 0.76 -
TRINITY_DN9947_c0_g1_i4:128-1675   -            516 87601at7898          -            296     0.041   12.8   0.0   1   1   0.00029     0.088   11.7   0.0   149   200   273   333   270   350 0.66 -
TRINITY_DN9947_c0_g1_i1:149-976    -            276 87601at7898          -            296     0.043   12.7   0.1   1   2   0.00033     0.099   11.5   0.0   149   182    49    86    42   134 0.69 -
TRINITY_DN9947_c0_g1_i1:149-976    -            276 87601at7898          -            296     0.043   12.7   0.1   2   2         5   1.5e+03   -2.2   0.0   175   223   190   243   185   269 0.48 -
TRINITY_DN6315_c0_g1_i1:181-3171   -            997 87601at7898          -            296      0.67    8.8   8.7   1   3      0.46   1.4e+02    1.2   0.3   112   138   529   555   518   576 0.78 -
TRINITY_DN6315_c0_g1_i1:181-3171   -            997 87601at7898          -            296      0.67    8.8   8.7   2   3     0.016       4.9    6.0   0.0   110   135   799   824   768   834 0.88 -
TRINITY_DN6315_c0_g1_i1:181-3171   -            997 87601at7898          -            296      0.67    8.8   8.7   3   3     0.041        12    4.7   0.3   112   138   933   958   922   966 0.81 -
TRINITY_DN6315_c0_g1_i6:181-3171   -            997 87601at7898          -            296      0.67    8.8   8.7   1   3      0.46   1.4e+02    1.2   0.3   112   138   529   555   518   576 0.78 -
TRINITY_DN6315_c0_g1_i6:181-3171   -            997 87601at7898          -            296      0.67    8.8   8.7   2   3     0.016       4.9    6.0   0.0   110   135   799   824   768   834 0.88 -
TRINITY_DN6315_c0_g1_i6:181-3171   -            997 87601at7898          -            296      0.67    8.8   8.7   3   3     0.041        12    4.7   0.3   112   138   933   958   922   966 0.81 -
TRINITY_DN6315_c0_g1_i4:182-3205   -           1008 87601at7898          -            296       0.7    8.7   8.7   1   3      0.46   1.4e+02    1.2   0.3   112   138   540   566   529   587 0.78 -
TRINITY_DN6315_c0_g1_i4:182-3205   -           1008 87601at7898          -            296       0.7    8.7   8.7   2   3     0.017         5    6.0   0.0   110   135   810   835   779   845 0.88 -
TRINITY_DN6315_c0_g1_i4:182-3205   -           1008 87601at7898          -            296       0.7    8.7   8.7   3   3     0.041        12    4.6   0.3   112   138   944   969   933   977 0.81 -
TRINITY_DN6315_c0_g1_i11:181-3204  -           1008 87601at7898          -            296       0.7    8.7   8.7   1   3      0.46   1.4e+02    1.2   0.3   112   138   540   566   529   587 0.78 -
TRINITY_DN6315_c0_g1_i11:181-3204  -           1008 87601at7898          -            296       0.7    8.7   8.7   2   3     0.017         5    6.0   0.0   110   135   810   835   779   845 0.88 -
TRINITY_DN6315_c0_g1_i11:181-3204  -           1008 87601at7898          -            296       0.7    8.7   8.7   3   3     0.041        12    4.6   0.3   112   138   944   969   933   977 0.81 -
TRINITY_DN2452_c1_g1_i1:245-1075   -            277 87601at7898          -            296       1.5    7.7  12.9   1   1       5.3   1.6e+03   -2.3  13.0   141   170   139   167    33   181 0.78 -
TRINITY_DN2452_c1_g1_i2:289-1119   -            277 87601at7898          -            296       1.5    7.7  12.9   1   1       5.3   1.6e+03   -2.3  13.0   141   170   139   167    33   181 0.78 -
TRINITY_DN14727_c1_g4_i1:56-1078   -            341 87601at7898          -            296       2.1    7.2   7.6   1   2    0.0013      0.38    9.6   0.5   111   133     2    24     1    40 0.84 -
TRINITY_DN14727_c1_g4_i1:56-1078   -            341 87601at7898          -            296       2.1    7.2   7.6   2   2      0.58   1.7e+02    0.9   1.5   148   169    94   114    88   119 0.85 -
TRINITY_DN3306_c0_g1_i5:205-3192   -            996 87601at7898          -            296       2.3    7.1  14.1   1   4     0.031       9.3    5.1   0.6   111   136   521   546   516   558 0.89 -
TRINITY_DN3306_c0_g1_i5:205-3192   -            996 87601at7898          -            296       2.3    7.1  14.1   2   4      0.32        97    1.7   0.9   102   137   640   674   623   680 0.76 -
TRINITY_DN3306_c0_g1_i5:205-3192   -            996 87601at7898          -            296       2.3    7.1  14.1   3   4      0.11        35    3.2   0.4   110   136   799   825   790   831 0.82 -
TRINITY_DN3306_c0_g1_i5:205-3192   -            996 87601at7898          -            296       2.3    7.1  14.1   4   4      0.13        38    3.0   0.0   158   187   941   971   916   984 0.71 -
TRINITY_DN3306_c0_g1_i4:194-3190   -            999 87601at7898          -            296       2.3    7.1  14.1   1   4     0.031       9.3    5.1   0.6   111   136   521   546   516   558 0.89 -
TRINITY_DN3306_c0_g1_i4:194-3190   -            999 87601at7898          -            296       2.3    7.1  14.1   2   4      0.32        97    1.7   0.9   102   137   643   677   626   683 0.76 -
TRINITY_DN3306_c0_g1_i4:194-3190   -            999 87601at7898          -            296       2.3    7.1  14.1   3   4      0.12        35    3.2   0.4   110   136   802   828   793   834 0.82 -
TRINITY_DN3306_c0_g1_i4:194-3190   -            999 87601at7898          -            296       2.3    7.1  14.1   4   4      0.13        39    3.0   0.0   158   187   944   974   919   987 0.71 -
#
# Program:         hmmsearch
# Version:         3.1b2 (February 2015)
# Pipeline mode:   SEARCH
# Query file:      /home/ericjuo/Projects/salmo_trutta_rna_seq/busco_downloads/lineages/actinopterygii_odb10/hmms/87601at7898.hmm
# Target file:     /home/ericjuo/Projects/salmo_trutta_rna_seq/data/02_intermediate/busco/run_actinopterygii_odb10/metaeuk_output/initial_results/trinity.Trinity.fasta.modified.fas
# Option settings: hmmsearch --domtblout /home/ericjuo/Projects/salmo_trutta_rna_seq/data/02_intermediate/busco/run_actinopterygii_odb10/hmmer_output/initial_run_results/87601at7898.out --cpu 1 /home/ericjuo/Projects/salmo_trutta_rna_seq/busco_downloads/lineages/actinopterygii_odb10/hmms/87601at7898.hmm /home/ericjuo/Projects/salmo_trutta_rna_seq/data/02_intermediate/busco/run_actinopterygii_odb10/metaeuk_output/initial_results/trinity.Trinity.fasta.modified.fas 
# Current dir:     /home/ericjuo/Projects/salmo_trutta_rna_seq
# Date:            Fri Apr 29 12:54:32 2022
# [ok]
