#                                                                                           --- full sequence --- -------------- this domain -------------   hmm coord   ali coord   env coord
# target name                       accession   tlen query name           accession   qlen   E-value  score  bias   #  of  c-Evalue  i-Evalue  score  bias  from    to  from    to  from    to  acc description of target
#               ------------------- ---------- ----- -------------------- ---------- ----- --------- ------ ----- --- --- --------- --------- ------ ----- ----- ----- ----- ----- ----- ----- ---- ---------------------
TRINITY_DN2884_c0_g1_i3:74-1402     -            443 88998at7898          -            448   5.4e-17   61.3  28.0   1   4   1.5e-07     2e-05   23.2   2.9    41   103    86   150    79   156 0.90 -
TRINITY_DN2884_c0_g1_i3:74-1402     -            443 88998at7898          -            448   5.4e-17   61.3  28.0   2   4   5.2e-06    0.0007   18.1   3.5    43   105   160   224   151   229 0.89 -
TRINITY_DN2884_c0_g1_i3:74-1402     -            443 88998at7898          -            448   5.4e-17   61.3  28.0   3   4     0.021       2.8    6.2   0.2    67   105   258   296   236   301 0.89 -
TRINITY_DN2884_c0_g1_i3:74-1402     -            443 88998at7898          -            448   5.4e-17   61.3  28.0   4   4   3.2e-09   4.2e-07   28.7   1.6    47   102   308   365   298   369 0.89 -
TRINITY_DN2884_c0_g1_i5:74-1402     -            443 88998at7898          -            448   5.4e-17   61.3  28.0   1   4   1.5e-07     2e-05   23.2   2.9    41   103    86   150    79   156 0.90 -
TRINITY_DN2884_c0_g1_i5:74-1402     -            443 88998at7898          -            448   5.4e-17   61.3  28.0   2   4   5.2e-06    0.0007   18.1   3.5    43   105   160   224   151   229 0.89 -
TRINITY_DN2884_c0_g1_i5:74-1402     -            443 88998at7898          -            448   5.4e-17   61.3  28.0   3   4     0.021       2.8    6.2   0.2    67   105   258   296   236   301 0.89 -
TRINITY_DN2884_c0_g1_i5:74-1402     -            443 88998at7898          -            448   5.4e-17   61.3  28.0   4   4   3.2e-09   4.2e-07   28.7   1.6    47   102   308   365   298   369 0.89 -
TRINITY_DN13127_c1_g3_i1:159-1679   -            507 88998at7898          -            448   3.4e-15   55.4  37.2   1   5    0.0002     0.026   12.9   0.5    51   105    49   105    42   113 0.79 -
TRINITY_DN13127_c1_g3_i1:159-1679   -            507 88998at7898          -            448   3.4e-15   55.4  37.2   2   5   0.00086      0.11   10.8   6.0    32   104   125   201   110   204 0.82 -
TRINITY_DN13127_c1_g3_i1:159-1679   -            507 88998at7898          -            448   3.4e-15   55.4  37.2   3   5      0.64        85    1.3   0.1    65   105   285   325   234   344 0.66 -
TRINITY_DN13127_c1_g3_i1:159-1679   -            507 88998at7898          -            448   3.4e-15   55.4  37.2   4   5   1.8e-07   2.3e-05   22.9   3.7    38   103   351   418   343   421 0.89 -
TRINITY_DN13127_c1_g3_i1:159-1679   -            507 88998at7898          -            448   3.4e-15   55.4  37.2   5   5     4e-08   5.4e-06   25.0   2.1    34   105   418   492   416   497 0.84 -
TRINITY_DN53559_c0_g1_i1:118-648    -            177 88998at7898          -            448   3.3e-14   52.1   6.9   1   2   1.4e-10   1.9e-08   33.1   2.4    27    94    25    89     6    91 0.80 -
TRINITY_DN53559_c0_g1_i1:118-648    -            177 88998at7898          -            448   3.3e-14   52.1   6.9   2   2   8.5e-08   1.1e-05   24.0   0.8    62   145    78   161    76   176 0.86 -
TRINITY_DN11968_c0_g1_i1:655-1782   -            376 88998at7898          -            448   6.9e-13   47.7   9.2   1   3    0.0011      0.15   10.4   0.4    40   105    74   141    61   147 0.90 -
TRINITY_DN11968_c0_g1_i1:655-1782   -            376 88998at7898          -            448   6.9e-13   47.7   9.2   2   3   1.1e-06   0.00015   20.3   0.1    17   104   170   259   163   262 0.91 -
TRINITY_DN11968_c0_g1_i1:655-1782   -            376 88998at7898          -            448   6.9e-13   47.7   9.2   3   3   5.2e-07   6.9e-05   21.4   0.2    22   102   296   374   284   376 0.89 -
TRINITY_DN11968_c0_g1_i2:646-1773   -            376 88998at7898          -            448   6.9e-13   47.7   9.2   1   3    0.0011      0.15   10.4   0.4    40   105    74   141    61   147 0.90 -
TRINITY_DN11968_c0_g1_i2:646-1773   -            376 88998at7898          -            448   6.9e-13   47.7   9.2   2   3   1.1e-06   0.00015   20.3   0.1    17   104   170   259   163   262 0.91 -
TRINITY_DN11968_c0_g1_i2:646-1773   -            376 88998at7898          -            448   6.9e-13   47.7   9.2   3   3   5.2e-07   6.9e-05   21.4   0.2    22   102   296   374   284   376 0.89 -
TRINITY_DN2171_c1_g1_i4:170-892     -            241 88998at7898          -            448   2.2e-11   42.8   0.0   1   1   2.1e-13   2.8e-11   42.5   0.0    47   141    41   137    28   214 0.84 -
TRINITY_DN19162_c0_g1_i1:273-1223   -            317 88998at7898          -            448   2.8e-11   42.5  15.4   1   3      0.21        27    2.9   0.1    42    70    67    95    54   108 0.83 -
TRINITY_DN19162_c0_g1_i1:273-1223   -            317 88998at7898          -            448   2.8e-11   42.5  15.4   2   3   4.7e-06   0.00062   18.2   1.9    38   113   109   183    96   193 0.88 -
TRINITY_DN19162_c0_g1_i1:273-1223   -            317 88998at7898          -            448   2.8e-11   42.5  15.4   3   3   3.8e-09   5.1e-07   28.4   3.4    35   142   195   303   181   314 0.82 -
TRINITY_DN19162_c0_g1_i4:273-1223   -            317 88998at7898          -            448   2.8e-11   42.5  15.4   1   3      0.21        27    2.9   0.1    42    70    67    95    54   108 0.83 -
TRINITY_DN19162_c0_g1_i4:273-1223   -            317 88998at7898          -            448   2.8e-11   42.5  15.4   2   3   4.7e-06   0.00062   18.2   1.9    38   113   109   183    96   193 0.88 -
TRINITY_DN19162_c0_g1_i4:273-1223   -            317 88998at7898          -            448   2.8e-11   42.5  15.4   3   3   3.8e-09   5.1e-07   28.4   3.4    35   142   195   303   181   314 0.82 -
TRINITY_DN563_c0_g1_i14:394-2288    -            249 88998at7898          -            448   1.4e-10   40.1   2.0   1   2     0.001      0.14   10.5   0.1    34   102    33    98    18   101 0.82 -
TRINITY_DN563_c0_g1_i14:394-2288    -            249 88998at7898          -            448   1.4e-10   40.1   2.0   2   2   8.4e-11   1.1e-08   33.9   0.6    66   155    86   175    84   222 0.85 -
TRINITY_DN563_c0_g1_i6:394-1140     -            249 88998at7898          -            448   1.4e-10   40.1   2.0   1   2     0.001      0.14   10.5   0.1    34   102    33    98    18   101 0.82 -
TRINITY_DN563_c0_g1_i6:394-1140     -            249 88998at7898          -            448   1.4e-10   40.1   2.0   2   2   8.4e-11   1.1e-08   33.9   0.6    66   155    86   175    84   222 0.85 -
TRINITY_DN563_c0_g1_i10:415-1904    -            251 88998at7898          -            448   1.4e-10   40.1   2.0   1   2     0.001      0.14   10.5   0.1    34   102    33    98    18   101 0.82 -
TRINITY_DN563_c0_g1_i10:415-1904    -            251 88998at7898          -            448   1.4e-10   40.1   2.0   2   2   8.5e-11   1.1e-08   33.9   0.6    66   155    86   175    84   222 0.85 -
TRINITY_DN563_c0_g1_i11:415-1904    -            251 88998at7898          -            448   1.4e-10   40.1   2.0   1   2     0.001      0.14   10.5   0.1    34   102    33    98    18   101 0.82 -
TRINITY_DN563_c0_g1_i11:415-1904    -            251 88998at7898          -            448   1.4e-10   40.1   2.0   2   2   8.5e-11   1.1e-08   33.9   0.6    66   155    86   175    84   222 0.85 -
TRINITY_DN563_c0_g1_i12:415-1167    -            251 88998at7898          -            448   1.4e-10   40.1   2.0   1   2     0.001      0.14   10.5   0.1    34   102    33    98    18   101 0.82 -
TRINITY_DN563_c0_g1_i12:415-1167    -            251 88998at7898          -            448   1.4e-10   40.1   2.0   2   2   8.5e-11   1.1e-08   33.9   0.6    66   155    86   175    84   222 0.85 -
TRINITY_DN563_c0_g1_i3:394-1146     -            251 88998at7898          -            448   1.4e-10   40.1   2.0   1   2     0.001      0.14   10.5   0.1    34   102    33    98    18   101 0.82 -
TRINITY_DN563_c0_g1_i3:394-1146     -            251 88998at7898          -            448   1.4e-10   40.1   2.0   2   2   8.5e-11   1.1e-08   33.9   0.6    66   155    86   175    84   222 0.85 -
TRINITY_DN563_c0_g1_i4:394-2294     -            251 88998at7898          -            448   1.4e-10   40.1   2.0   1   2     0.001      0.14   10.5   0.1    34   102    33    98    18   101 0.82 -
TRINITY_DN563_c0_g1_i4:394-2294     -            251 88998at7898          -            448   1.4e-10   40.1   2.0   2   2   8.5e-11   1.1e-08   33.9   0.6    66   155    86   175    84   222 0.85 -
TRINITY_DN40089_c0_g1_i1:5-535      -            177 88998at7898          -            448   1.1e-08   33.9   6.3   1   3   0.00073     0.097   11.0   0.1    70   105     5    40     3    45 0.92 -
TRINITY_DN40089_c0_g1_i1:5-535      -            177 88998at7898          -            448   1.1e-08   33.9   6.3   2   3   1.1e-05    0.0015   17.0   1.0    35   102    39   107    35   133 0.86 -
TRINITY_DN40089_c0_g1_i1:5-535      -            177 88998at7898          -            448   1.1e-08   33.9   6.3   3   3    0.0023      0.31    9.4   0.2    42    78   138   174   118   177 0.80 -
TRINITY_DN11092_c2_g1_i1:92-1669    -            526 88998at7898          -            448   1.5e-08   33.4  25.3   1   5       5.3   7.1e+02   -1.7   0.0    65    99    73   107    58   118 0.85 -
TRINITY_DN11092_c2_g1_i1:92-1669    -            526 88998at7898          -            448   1.5e-08   33.4  25.3   2   5     0.011       1.5    7.1   0.8    68   102   125   159    93   161 0.84 -
TRINITY_DN11092_c2_g1_i1:92-1669    -            526 88998at7898          -            448   1.5e-08   33.4  25.3   3   5   1.4e-05    0.0018   16.7   5.2    18   102   147   230   145   233 0.89 -
TRINITY_DN11092_c2_g1_i1:92-1669    -            526 88998at7898          -            448   1.5e-08   33.4  25.3   4   5   0.00024     0.032   12.6   0.3    42   110   216   284   212   308 0.79 -
TRINITY_DN11092_c2_g1_i1:92-1669    -            526 88998at7898          -            448   1.5e-08   33.4  25.3   5   5   9.7e-06    0.0013   17.2   1.3    42   102   310   372   306   395 0.85 -
TRINITY_DN35607_c0_g1_i1:14-415     -            134 88998at7898          -            448   1.7e-08   33.2   4.4   1   1   1.7e-09   2.3e-07   29.6   4.8    42   136    28   125    14   131 0.76 -
TRINITY_DN18660_c0_g1_i1:2-517      -            172 88998at7898          -            448   2.5e-08   32.7  17.5   1   2   3.4e-09   4.6e-07   28.6   4.2    40   125    10    93     4    94 0.86 -
TRINITY_DN18660_c0_g1_i1:2-517      -            172 88998at7898          -            448   2.5e-08   32.7  17.5   2   2   1.4e-05    0.0019   16.6   5.4    43   135    61   153    57   157 0.81 -
TRINITY_DN28114_c0_g1_i1:955-1332   -            126 88998at7898          -            448   2.8e-08   32.5   2.0   1   2   2.2e-08     3e-06   25.9   1.0    32    98     8    74     1    75 0.89 -
TRINITY_DN28114_c0_g1_i1:955-1332   -            126 88998at7898          -            448   2.8e-08   32.5   2.0   2   2    0.0022      0.29    9.4   0.1    19    79    67   124    63   126 0.81 -
TRINITY_DN28114_c0_g1_i4:349-726    -            126 88998at7898          -            448   2.8e-08   32.5   2.0   1   2   2.2e-08     3e-06   25.9   1.0    32    98     8    74     1    75 0.89 -
TRINITY_DN28114_c0_g1_i4:349-726    -            126 88998at7898          -            448   2.8e-08   32.5   2.0   2   2    0.0022      0.29    9.4   0.1    19    79    67   124    63   126 0.81 -
TRINITY_DN20994_c0_g7_i1:38-892     -            285 88998at7898          -            448   3.6e-08   32.2   4.7   1   2   6.6e-07   8.9e-05   21.0   0.7    52   102    87   137    66   145 0.86 -
TRINITY_DN20994_c0_g7_i1:38-892     -            285 88998at7898          -            448   3.6e-08   32.2   4.7   2   2   0.00019     0.026   12.9   0.3    48   102   151   205   136   209 0.90 -
TRINITY_DN11406_c0_g1_i2:128-790    -            221 88998at7898          -            448   1.6e-07   30.1   6.9   1   2     2e-05    0.0027   16.1   1.0    44    89    11    56     4    63 0.88 -
TRINITY_DN11406_c0_g1_i2:128-790    -            221 88998at7898          -            448   1.6e-07   30.1   6.9   2   2   4.9e-06   0.00065   18.2   1.2    68   130    57   125    53   132 0.80 -
TRINITY_DN1692_c0_g1_i1:874-2097    -            408 88998at7898          -            448   3.1e-07   29.1  25.6   1   5   0.00064     0.085   11.2   0.5    50   104    23    79     9    96 0.82 -
TRINITY_DN1692_c0_g1_i1:874-2097    -            408 88998at7898          -            448   3.1e-07   29.1  25.6   2   5    0.0054      0.72    8.1   1.6    22   102    45   125    40   132 0.77 -
TRINITY_DN1692_c0_g1_i1:874-2097    -            408 88998at7898          -            448   3.1e-07   29.1  25.6   3   5   0.00061     0.081   11.3   1.2    47   104   140   199   123   204 0.82 -
TRINITY_DN1692_c0_g1_i1:874-2097    -            408 88998at7898          -            448   3.1e-07   29.1  25.6   4   5     2e-05    0.0027   16.1   0.6    44   104   233   295   225   299 0.85 -
TRINITY_DN1692_c0_g1_i1:874-2097    -            408 88998at7898          -            448   3.1e-07   29.1  25.6   5   5      0.21        28    2.9   3.2    46   105   304   368   297   378 0.77 -
TRINITY_DN15628_c0_g2_i2:1-2181     -            727 88998at7898          -            448   3.7e-07   28.9  18.2   1   4     0.026       3.5    5.9   0.4    41    84    97   141    86   143 0.89 -
TRINITY_DN15628_c0_g2_i2:1-2181     -            727 88998at7898          -            448   3.7e-07   28.9  18.2   2   4      0.16        22    3.3   1.7    38   110   165   239   143   257 0.73 -
TRINITY_DN15628_c0_g2_i2:1-2181     -            727 88998at7898          -            448   3.7e-07   28.9  18.2   3   4   2.9e-06   0.00039   18.9   0.4    47   104   270   329   263   336 0.88 -
TRINITY_DN15628_c0_g2_i2:1-2181     -            727 88998at7898          -            448   3.7e-07   28.9  18.2   4   4   0.00081      0.11   10.8   0.1    67   110   343   386   332   395 0.90 -
TRINITY_DN32578_c0_g1_i1:185-853    -            223 88998at7898          -            448   5.8e-07   28.2   9.1   1   2   2.2e-05    0.0029   16.0   1.3    32    95    30    93    17    97 0.72 -
TRINITY_DN32578_c0_g1_i1:185-853    -            223 88998at7898          -            448   5.8e-07   28.2   9.1   2   2   1.7e-05    0.0022   16.4   1.9    32   112    99   178    92   195 0.85 -
TRINITY_DN32578_c0_g1_i2:185-853    -            223 88998at7898          -            448   5.8e-07   28.2   9.1   1   2   2.2e-05    0.0029   16.0   1.3    32    95    30    93    17    97 0.72 -
TRINITY_DN32578_c0_g1_i2:185-853    -            223 88998at7898          -            448   5.8e-07   28.2   9.1   2   2   1.7e-05    0.0022   16.4   1.9    32   112    99   178    92   195 0.85 -
TRINITY_DN2534_c0_g2_i1:104-874     -            257 88998at7898          -            448   6.9e-07   28.0  11.0   1   2   1.7e-05    0.0023   16.4   0.7    62   102    58    98    41   106 0.80 -
TRINITY_DN2534_c0_g2_i1:104-874     -            257 88998at7898          -            448   6.9e-07   28.0  11.0   2   2   2.1e-05    0.0027   16.1   3.7    43   123   156   234   129   240 0.79 -
TRINITY_DN2232_c2_g1_i3:4-681       -            226 88998at7898          -            448   8.9e-07   27.6   9.0   1   3   2.7e-05    0.0036   15.7   1.7    39    99    63   125    51   130 0.82 -
TRINITY_DN2232_c2_g1_i3:4-681       -            226 88998at7898          -            448   8.9e-07   27.6   9.0   2   3   4.2e-05    0.0056   15.1   1.0    33   105   128   200   125   203 0.90 -
TRINITY_DN2232_c2_g1_i3:4-681       -            226 88998at7898          -            448   8.9e-07   27.6   9.0   3   3     0.022       2.9    6.1   0.1    68   102   187   220   181   223 0.90 -
TRINITY_DN2232_c2_g1_i1:4-681       -            226 88998at7898          -            448   1.1e-06   27.3   9.5   1   3   2.5e-05    0.0033   15.8   1.4    39    99    63   125    56   130 0.82 -
TRINITY_DN2232_c2_g1_i1:4-681       -            226 88998at7898          -            448   1.1e-06   27.3   9.5   2   3   4.3e-05    0.0057   15.1   1.0    33   105   128   200   125   203 0.90 -
TRINITY_DN2232_c2_g1_i1:4-681       -            226 88998at7898          -            448   1.1e-06   27.3   9.5   3   3     0.023       3.1    6.0   0.1    68   102   187   220   183   223 0.91 -
TRINITY_DN2534_c0_g2_i3:78-932      -            285 88998at7898          -            448   1.2e-06   27.2  11.2   1   2     2e-05    0.0027   16.1   0.7    62   102    86   126    69   134 0.80 -
TRINITY_DN2534_c0_g2_i3:78-932      -            285 88998at7898          -            448   1.2e-06   27.2  11.2   2   2   2.9e-05    0.0039   15.6   3.9    43   123   184   262   158   268 0.79 -
TRINITY_DN27838_c1_g3_i1:261-842    -            194 88998at7898          -            448   4.1e-06   25.4   4.3   1   3   0.00014     0.019   13.3   0.3    50   102    23    75    15    87 0.77 -
TRINITY_DN27838_c1_g3_i1:261-842    -            194 88998at7898          -            448   4.1e-06   25.4   4.3   2   3   0.00031     0.042   12.2   0.4    48   104    89   145    78   149 0.92 -
TRINITY_DN27838_c1_g3_i1:261-842    -            194 88998at7898          -            448   4.1e-06   25.4   4.3   3   3       1.8   2.4e+02   -0.2   0.0    48    81   157   191   148   192 0.80 -
TRINITY_DN15628_c0_g2_i5:148-1071   -            308 88998at7898          -            448   4.3e-06   25.4  13.4   1   3    0.0047      0.63    8.3   0.2    33    84    66   119    36   123 0.83 -
TRINITY_DN15628_c0_g2_i5:148-1071   -            308 88998at7898          -            448   4.3e-06   25.4  13.4   2   3     0.048       6.3    5.0   1.8    34   110   139   217   121   232 0.74 -
TRINITY_DN15628_c0_g2_i5:148-1071   -            308 88998at7898          -            448   4.3e-06   25.4  13.4   3   3   2.1e-06   0.00028   19.4   0.5    47   103   248   306   235   308 0.89 -
TRINITY_DN1957_c0_g1_i2:157-2451    -            765 88998at7898          -            448   1.1e-05   24.0   0.6   1   3   8.5e-08   1.1e-05   24.0   0.6    39   124    32   119    14   124 0.84 -
TRINITY_DN1957_c0_g1_i2:157-2451    -            765 88998at7898          -            448   1.1e-05   24.0   0.6   2   3       1.7   2.2e+02   -0.1   1.4    47   103   327   392   321   400 0.70 -
TRINITY_DN1957_c0_g1_i2:157-2451    -            765 88998at7898          -            448   1.1e-05   24.0   0.6   3   3      0.31        41    2.3   0.1    48   106   406   460   404   465 0.78 -
TRINITY_DN4898_c0_g2_i1:1-1146      -            382 88998at7898          -            448   1.7e-05   23.4   2.2   1   1     3e-07   3.9e-05   22.2   2.2    46   106   301   362   243   377 0.93 -
TRINITY_DN4898_c0_g2_i2:1-1146      -            382 88998at7898          -            448   1.7e-05   23.4   2.2   1   1     3e-07   3.9e-05   22.2   2.2    46   106   301   362   243   377 0.93 -
TRINITY_DN7600_c0_g2_i1:170-550     -            127 88998at7898          -            448   1.7e-05   23.4   6.1   1   2      0.26        35    2.6   0.1    41    61    34    54     7    56 0.85 -
TRINITY_DN7600_c0_g2_i1:170-550     -            127 88998at7898          -            448   1.7e-05   23.4   6.1   2   2     4e-07   5.3e-05   21.7   3.2    47   105    63   121    56   125 0.88 -
TRINITY_DN67851_c0_g1_i1:5-493      -            163 88998at7898          -            448   2.8e-05   22.7   4.0   1   2   3.6e-05    0.0048   15.3   0.5    48   105    34    89     4   109 0.83 -
TRINITY_DN67851_c0_g1_i1:5-493      -            163 88998at7898          -            448   2.8e-05   22.7   4.0   2   2    0.0026      0.34    9.2   0.2   109   138   131   160   123   163 0.89 -
TRINITY_DN13295_c0_g1_i1:4897-5499  -            201 88998at7898          -            448     5e-05   21.8   4.8   1   2      0.23        31    2.7   0.4    49    99    22    50    16    59 0.55 -
TRINITY_DN13295_c0_g1_i1:4897-5499  -            201 88998at7898          -            448     5e-05   21.8   4.8   2   2   1.4e-06   0.00019   20.0   2.2    21   105    44   134    41   156 0.81 -
TRINITY_DN7600_c0_g2_i3:170-604     -            145 88998at7898          -            448   7.1e-05   21.3   6.1   1   2      0.43        57    1.9   0.0    42    61    53    72    47    74 0.88 -
TRINITY_DN7600_c0_g2_i3:170-604     -            145 88998at7898          -            448   7.1e-05   21.3   6.1   2   2   1.9e-06   0.00025   19.5   3.4    47   104    81   138    74   143 0.87 -
TRINITY_DN7600_c0_g2_i4:170-604     -            145 88998at7898          -            448   7.1e-05   21.3   6.1   1   2      0.43        57    1.9   0.0    42    61    53    72    47    74 0.88 -
TRINITY_DN7600_c0_g2_i4:170-604     -            145 88998at7898          -            448   7.1e-05   21.3   6.1   2   2   1.9e-06   0.00025   19.5   3.4    47   104    81   138    74   143 0.87 -
TRINITY_DN4073_c0_g2_i1:4678-5466   -            263 88998at7898          -            448   0.00012   20.6   3.6   1   2       2.6   3.5e+02   -0.7   0.1    50    83    21    54    18    57 0.83 -
TRINITY_DN4073_c0_g2_i1:4678-5466   -            263 88998at7898          -            448   0.00012   20.6   3.6   2   2   2.4e-06   0.00032   19.2   1.1    48   126    85   160    37   162 0.80 -
TRINITY_DN4073_c0_g2_i3:5080-5868   -            263 88998at7898          -            448   0.00012   20.6   3.6   1   2       2.6   3.5e+02   -0.7   0.1    50    83    21    54    18    57 0.83 -
TRINITY_DN4073_c0_g2_i3:5080-5868   -            263 88998at7898          -            448   0.00012   20.6   3.6   2   2   2.4e-06   0.00032   19.2   1.1    48   126    85   160    37   162 0.80 -
TRINITY_DN15628_c1_g2_i1:4-1440     -            479 88998at7898          -            448   0.00013   20.5   3.4   1   2      0.09        12    4.1   0.1    47   103    34    92    20   100 0.88 -
TRINITY_DN15628_c1_g2_i1:4-1440     -            479 88998at7898          -            448   0.00013   20.5   3.4   2   2   1.1e-05    0.0014   17.0   0.3     7    75    95   163    91   175 0.80 -
TRINITY_DN1692_c0_g1_i1:1795-2430   -            212 88998at7898          -            448   0.00022   19.7   4.3   1   2    0.0034      0.45    8.8   0.4    23   108    37   122    31   133 0.82 -
TRINITY_DN1692_c0_g1_i1:1795-2430   -            212 88998at7898          -            448   0.00022   19.7   4.3   2   2   0.00017     0.022   13.1   0.2    50   104   134   190   122   208 0.82 -
TRINITY_DN47274_c0_g1_i1:71-511     -            147 88998at7898          -            448   0.00029   19.3   1.2   1   2   2.2e-06   0.00029   19.3   1.2    34   105    11    85     2    93 0.82 -
TRINITY_DN47274_c0_g1_i1:71-511     -            147 88998at7898          -            448   0.00029   19.3   1.2   2   2      0.23        30    2.8   0.4    48    99    95   147    89   147 0.83 -
TRINITY_DN4197_c0_g1_i1:264-2771    -            836 88998at7898          -            448   0.00032   19.2   5.5   1   5       1.8   2.5e+02   -0.2   0.0    47    72   351   376   326   378 0.87 -
TRINITY_DN4197_c0_g1_i1:264-2771    -            836 88998at7898          -            448   0.00032   19.2   5.5   2   5       9.1   1.2e+03   -2.5   1.1    41    78   551   588   546   607 0.75 -
TRINITY_DN4197_c0_g1_i1:264-2771    -            836 88998at7898          -            448   0.00032   19.2   5.5   3   5   6.2e-05    0.0083   14.5   0.3    38    82   640   687   626   691 0.84 -
TRINITY_DN4197_c0_g1_i1:264-2771    -            836 88998at7898          -            448   0.00032   19.2   5.5   4   5   2.5e-05    0.0033   15.8   0.9    41   105   668   732   667   740 0.88 -
TRINITY_DN4197_c0_g1_i1:264-2771    -            836 88998at7898          -            448   0.00032   19.2   5.5   5   5     0.053         7    4.9   0.1    32    83   751   803   738   815 0.88 -
TRINITY_DN4197_c0_g1_i7:264-2771    -            836 88998at7898          -            448   0.00032   19.2   5.5   1   5       1.8   2.5e+02   -0.2   0.0    47    72   351   376   326   378 0.87 -
TRINITY_DN4197_c0_g1_i7:264-2771    -            836 88998at7898          -            448   0.00032   19.2   5.5   2   5       9.1   1.2e+03   -2.5   1.1    41    78   551   588   546   607 0.75 -
TRINITY_DN4197_c0_g1_i7:264-2771    -            836 88998at7898          -            448   0.00032   19.2   5.5   3   5   6.2e-05    0.0083   14.5   0.3    38    82   640   687   626   691 0.84 -
TRINITY_DN4197_c0_g1_i7:264-2771    -            836 88998at7898          -            448   0.00032   19.2   5.5   4   5   2.5e-05    0.0033   15.8   0.9    41   105   668   732   667   740 0.88 -
TRINITY_DN4197_c0_g1_i7:264-2771    -            836 88998at7898          -            448   0.00032   19.2   5.5   5   5     0.053         7    4.9   0.1    32    83   751   803   738   815 0.88 -
TRINITY_DN4197_c0_g1_i5:68-2581     -            838 88998at7898          -            448   0.00032   19.2   5.5   1   5      0.55        73    1.5   0.0    30    73   330   379   323   381 0.69 -
TRINITY_DN4197_c0_g1_i5:68-2581     -            838 88998at7898          -            448   0.00032   19.2   5.5   2   5       9.1   1.2e+03   -2.5   1.1    41    78   553   590   548   609 0.75 -
TRINITY_DN4197_c0_g1_i5:68-2581     -            838 88998at7898          -            448   0.00032   19.2   5.5   3   5   6.2e-05    0.0083   14.5   0.3    38    82   642   689   628   693 0.84 -
TRINITY_DN4197_c0_g1_i5:68-2581     -            838 88998at7898          -            448   0.00032   19.2   5.5   4   5   2.5e-05    0.0033   15.8   0.9    41   105   670   734   669   742 0.88 -
TRINITY_DN4197_c0_g1_i5:68-2581     -            838 88998at7898          -            448   0.00032   19.2   5.5   5   5     0.053       7.1    4.9   0.1    32    83   753   805   740   817 0.88 -
TRINITY_DN4197_c0_g1_i6:617-3130    -            838 88998at7898          -            448   0.00032   19.2   5.5   1   5      0.55        73    1.5   0.0    30    73   330   379   323   381 0.69 -
TRINITY_DN4197_c0_g1_i6:617-3130    -            838 88998at7898          -            448   0.00032   19.2   5.5   2   5       9.1   1.2e+03   -2.5   1.1    41    78   553   590   548   609 0.75 -
TRINITY_DN4197_c0_g1_i6:617-3130    -            838 88998at7898          -            448   0.00032   19.2   5.5   3   5   6.2e-05    0.0083   14.5   0.3    38    82   642   689   628   693 0.84 -
TRINITY_DN4197_c0_g1_i6:617-3130    -            838 88998at7898          -            448   0.00032   19.2   5.5   4   5   2.5e-05    0.0033   15.8   0.9    41   105   670   734   669   742 0.88 -
TRINITY_DN4197_c0_g1_i6:617-3130    -            838 88998at7898          -            448   0.00032   19.2   5.5   5   5     0.053       7.1    4.9   0.1    32    83   753   805   740   817 0.88 -
TRINITY_DN11960_c0_g1_i1:292-816    -            175 88998at7898          -            448   0.00034   19.1   0.7   1   2      0.22        29    2.8   0.0    51   106    23    84    17    88 0.68 -
TRINITY_DN11960_c0_g1_i1:292-816    -            175 88998at7898          -            448   0.00034   19.1   0.7   2   2   7.8e-06     0.001   17.5   0.6    21   105    71   153    66   157 0.88 -
TRINITY_DN4003_c0_g1_i1:56-1147     -            364 88998at7898          -            448   0.00034   19.1   4.7   1   2      0.26        35    2.6   0.3    51   102    89   142    85   189 0.80 -
TRINITY_DN4003_c0_g1_i1:56-1147     -            364 88998at7898          -            448   0.00034   19.1   4.7   2   2     5e-06   0.00067   18.1   0.6    48   105   226   285   222   289 0.88 -
TRINITY_DN16127_c0_g1_i2:583-1227   -            215 88998at7898          -            448   0.00045   18.7   1.9   1   3   3.4e-06   0.00045   18.7   1.9    45   102    22    79    17    83 0.88 -
TRINITY_DN16127_c0_g1_i2:583-1227   -            215 88998at7898          -            448   0.00045   18.7   1.9   2   3   0.00034     0.045   12.1   0.7    33    97    56   122    54   134 0.80 -
TRINITY_DN16127_c0_g1_i2:583-1227   -            215 88998at7898          -            448   0.00045   18.7   1.9   3   3      0.17        23    3.2   0.3    47   105   118   176   107   182 0.80 -
TRINITY_DN16127_c0_g1_i3:308-952    -            215 88998at7898          -            448   0.00045   18.7   1.9   1   3   3.4e-06   0.00045   18.7   1.9    45   102    22    79    17    83 0.88 -
TRINITY_DN16127_c0_g1_i3:308-952    -            215 88998at7898          -            448   0.00045   18.7   1.9   2   3   0.00034     0.045   12.1   0.7    33    97    56   122    54   134 0.80 -
TRINITY_DN16127_c0_g1_i3:308-952    -            215 88998at7898          -            448   0.00045   18.7   1.9   3   3      0.17        23    3.2   0.3    47   105   118   176   107   182 0.80 -
TRINITY_DN16127_c0_g1_i4:205-849    -            215 88998at7898          -            448   0.00045   18.7   1.9   1   3   3.4e-06   0.00045   18.7   1.9    45   102    22    79    17    83 0.88 -
TRINITY_DN16127_c0_g1_i4:205-849    -            215 88998at7898          -            448   0.00045   18.7   1.9   2   3   0.00034     0.045   12.1   0.7    33    97    56   122    54   134 0.80 -
TRINITY_DN16127_c0_g1_i4:205-849    -            215 88998at7898          -            448   0.00045   18.7   1.9   3   3      0.17        23    3.2   0.3    47   105   118   176   107   182 0.80 -
TRINITY_DN16127_c0_g1_i5:217-861    -            215 88998at7898          -            448   0.00045   18.7   1.9   1   3   3.4e-06   0.00045   18.7   1.9    45   102    22    79    17    83 0.88 -
TRINITY_DN16127_c0_g1_i5:217-861    -            215 88998at7898          -            448   0.00045   18.7   1.9   2   3   0.00034     0.045   12.1   0.7    33    97    56   122    54   134 0.80 -
TRINITY_DN16127_c0_g1_i5:217-861    -            215 88998at7898          -            448   0.00045   18.7   1.9   3   3      0.17        23    3.2   0.3    47   105   118   176   107   182 0.80 -
TRINITY_DN40428_c0_g1_i1:66-596     -            177 88998at7898          -            448   0.00053   18.5  10.5   1   3      0.19        26    3.0   0.7    67   105    21    59    13    63 0.90 -
TRINITY_DN40428_c0_g1_i1:66-596     -            177 88998at7898          -            448   0.00053   18.5  10.5   2   3   3.2e-05    0.0042   15.5   0.1    33    81    56   105    54   110 0.87 -
TRINITY_DN40428_c0_g1_i1:66-596     -            177 88998at7898          -            448   0.00053   18.5  10.5   3   3    0.0092       1.2    7.4   0.5    45   105   114   174   105   176 0.88 -
TRINITY_DN15628_c1_g1_i1:15-788     -            258 88998at7898          -            448    0.0011   17.4   8.9   1   3     0.072       9.6    4.4   0.1    72   101    57    86    53    94 0.84 -
TRINITY_DN15628_c1_g1_i1:15-788     -            258 88998at7898          -            448    0.0011   17.4   8.9   2   3    0.0024      0.32    9.3   1.2    20   101   100   179    96   181 0.75 -
TRINITY_DN15628_c1_g1_i1:15-788     -            258 88998at7898          -            448    0.0011   17.4   8.9   3   3    0.0039      0.52    8.6   0.7    47   105   173   232   166   237 0.87 -
TRINITY_DN15628_c1_g1_i2:15-788     -            258 88998at7898          -            448    0.0011   17.4   8.9   1   3     0.072       9.6    4.4   0.1    72   101    57    86    53    94 0.84 -
TRINITY_DN15628_c1_g1_i2:15-788     -            258 88998at7898          -            448    0.0011   17.4   8.9   2   3    0.0024      0.32    9.3   1.2    20   101   100   179    96   181 0.75 -
TRINITY_DN15628_c1_g1_i2:15-788     -            258 88998at7898          -            448    0.0011   17.4   8.9   3   3    0.0039      0.52    8.6   0.7    47   105   173   232   166   237 0.87 -
TRINITY_DN13639_c0_g1_i1:7-630      -            208 88998at7898          -            448    0.0011   17.4   5.6   1   5   1.3e-05    0.0017   16.8   0.2    47   104    18    75     4    95 0.87 -
TRINITY_DN13639_c0_g1_i1:7-630      -            208 88998at7898          -            448    0.0011   17.4   5.6   2   5       1.6   2.1e+02    0.0   0.0    35    74    75   115    73   139 0.72 -
TRINITY_DN13639_c0_g1_i1:7-630      -            208 88998at7898          -            448    0.0011   17.4   5.6   3   5      0.93   1.2e+02    0.8   0.2    51   103   114   166   104   172 0.53 -
TRINITY_DN13639_c0_g1_i1:7-630      -            208 88998at7898          -            448    0.0011   17.4   5.6   4   5      0.65        86    1.3   0.9    65    96   152   182   126   189 0.66 -
TRINITY_DN13639_c0_g1_i1:7-630      -            208 88998at7898          -            448    0.0011   17.4   5.6   5   5       0.5        67    1.6   0.5    34    56   166   188   150   207 0.59 -
TRINITY_DN45477_c0_g2_i1:20-418     -            133 88998at7898          -            448    0.0012   17.3   1.7   1   1   1.5e-05     0.002   16.5   1.7    33   126    37   125    26   133 0.83 -
TRINITY_DN18518_c0_g1_i1:523-3123   -            867 88998at7898          -            448    0.0018   16.7   0.2   1   4    0.0062      0.83    7.9   0.7    41   102    32    95    21   103 0.90 -
TRINITY_DN18518_c0_g1_i1:523-3123   -            867 88998at7898          -            448    0.0018   16.7   0.2   2   4   1.3e-05    0.0018   16.7   0.2    22   111   213   304   208   362 0.76 -
TRINITY_DN18518_c0_g1_i1:523-3123   -            867 88998at7898          -            448    0.0018   16.7   0.2   3   4      0.15        20    3.4   1.5    23    82   446   507   437   511 0.71 -
TRINITY_DN18518_c0_g1_i1:523-3123   -            867 88998at7898          -            448    0.0018   16.7   0.2   4   4      0.29        38    2.4   1.4    40   103   543   609   520   616 0.77 -
TRINITY_DN11818_c0_g3_i1:44-817     -            258 88998at7898          -            448     0.002   16.5   8.2   1   3   0.00032     0.043   12.2   3.5    34   107    12    88     8    91 0.78 -
TRINITY_DN11818_c0_g3_i1:44-817     -            258 88998at7898          -            448     0.002   16.5   8.2   2   3    0.0004     0.054   11.8   1.0    67   105    72   110    67   136 0.64 -
TRINITY_DN11818_c0_g3_i1:44-817     -            258 88998at7898          -            448     0.002   16.5   8.2   3   3       3.8   5.1e+02   -1.3   0.0   190   238   185   230   170   253 0.67 -
TRINITY_DN15575_c0_g1_i1:326-2140   -            605 88998at7898          -            448    0.0024   16.3  18.6   1   6       2.1   2.8e+02   -0.4   0.0    78    99    22    43    17    61 0.82 -
TRINITY_DN15575_c0_g1_i1:326-2140   -            605 88998at7898          -            448    0.0024   16.3  18.6   2   6         1   1.3e+02    0.6   0.2    64   109    82   129    52   134 0.65 -
TRINITY_DN15575_c0_g1_i1:326-2140   -            605 88998at7898          -            448    0.0024   16.3  18.6   3   6   0.00091      0.12   10.7   0.9    32   103   290   364   270   374 0.72 -
TRINITY_DN15575_c0_g1_i1:326-2140   -            605 88998at7898          -            448    0.0024   16.3  18.6   4   6      0.57        76    1.5   1.2    34    88   364   421   352   428 0.74 -
TRINITY_DN15575_c0_g1_i1:326-2140   -            605 88998at7898          -            448    0.0024   16.3  18.6   5   6    0.0011      0.15   10.4   0.3    42    85   479   524   472   547 0.76 -
TRINITY_DN15575_c0_g1_i1:326-2140   -            605 88998at7898          -            448    0.0024   16.3  18.6   6   6      0.43        58    1.9   0.0    47    79   530   561   525   564 0.86 -
TRINITY_DN14395_c0_g1_i1:194-3235   -           1014 88998at7898          -            448    0.0031   15.9   2.6   1   7     0.014       1.9    6.8   1.7    49   102    63   119    51   168 0.83 -
TRINITY_DN14395_c0_g1_i1:194-3235   -           1014 88998at7898          -            448    0.0031   15.9   2.6   2   7       3.6   4.7e+02   -1.2   0.0    44   100   186   241   177   251 0.75 -
TRINITY_DN14395_c0_g1_i1:194-3235   -           1014 88998at7898          -            448    0.0031   15.9   2.6   3   7      0.84   1.1e+02    0.9   0.1    44    82   271   311   265   334 0.62 -
TRINITY_DN14395_c0_g1_i1:194-3235   -           1014 88998at7898          -            448    0.0031   15.9   2.6   4   7       2.9   3.8e+02   -0.8   0.4    62    99   374   411   345   439 0.69 -
TRINITY_DN14395_c0_g1_i1:194-3235   -           1014 88998at7898          -            448    0.0031   15.9   2.6   5   7     0.097        13    4.0   6.5    39   102   533   603   518   631 0.78 -
TRINITY_DN14395_c0_g1_i1:194-3235   -           1014 88998at7898          -            448    0.0031   15.9   2.6   6   7       1.7   2.2e+02   -0.1   0.1    42    61   620   639   604   665 0.81 -
TRINITY_DN14395_c0_g1_i1:194-3235   -           1014 88998at7898          -            448    0.0031   15.9   2.6   7   7   2.3e-05    0.0031   15.9   2.6    41   105   668   734   661   747 0.86 -
TRINITY_DN24696_c0_g3_i2:23-415     -            131 88998at7898          -            448    0.0039   15.6   1.9   1   3       3.3   4.5e+02   -1.1   0.0    47    84     8    46     6    49 0.70 -
TRINITY_DN24696_c0_g3_i2:23-415     -            131 88998at7898          -            448    0.0039   15.6   1.9   2   3     3e-05    0.0039   15.6   1.9    42    97    48   103    43   113 0.83 -
TRINITY_DN24696_c0_g3_i2:23-415     -            131 88998at7898          -            448    0.0039   15.6   1.9   3   3     0.032       4.2    5.6   0.6    44   102    73   131    67   131 0.84 -
TRINITY_DN14395_c0_g1_i2:194-3250   -           1019 88998at7898          -            448    0.0041   15.5   2.7   1   7     0.014       1.9    6.8   1.7    49   102    63   119    51   168 0.83 -
TRINITY_DN14395_c0_g1_i2:194-3250   -           1019 88998at7898          -            448    0.0041   15.5   2.7   2   7       3.6   4.8e+02   -1.2   0.0    44   100   186   241   177   251 0.75 -
TRINITY_DN14395_c0_g1_i2:194-3250   -           1019 88998at7898          -            448    0.0041   15.5   2.7   3   7      0.84   1.1e+02    0.9   0.1    44    82   271   311   265   334 0.62 -
TRINITY_DN14395_c0_g1_i2:194-3250   -           1019 88998at7898          -            448    0.0041   15.5   2.7   4   7       2.9   3.8e+02   -0.9   0.4    62    99   374   411   345   439 0.69 -
TRINITY_DN14395_c0_g1_i2:194-3250   -           1019 88998at7898          -            448    0.0041   15.5   2.7   5   7      0.12        16    3.7   6.8    39   102   533   603   521   631 0.78 -
TRINITY_DN14395_c0_g1_i2:194-3250   -           1019 88998at7898          -            448    0.0041   15.5   2.7   6   7      0.04       5.3    5.3   0.9    42   102   620   683   605   683 0.85 -
TRINITY_DN14395_c0_g1_i2:194-3250   -           1019 88998at7898          -            448    0.0041   15.5   2.7   7   7   3.1e-05    0.0041   15.5   2.7    41   105   668   734   661   739 0.87 -
TRINITY_DN4717_c0_g1_i7:627-1445    -            273 88998at7898          -            448    0.0045   15.4   8.8   1   3    0.0001     0.013   13.8   0.3    46   101    41    97    34   101 0.87 -
TRINITY_DN4717_c0_g1_i7:627-1445    -            273 88998at7898          -            448    0.0045   15.4   8.8   2   3       4.3   5.7e+02   -1.4   0.1    46    99   139   191   123   196 0.74 -
TRINITY_DN4717_c0_g1_i7:627-1445    -            273 88998at7898          -            448    0.0045   15.4   8.8   3   3     0.047       6.2    5.0   1.7    40    99   203   265   183   268 0.85 -
TRINITY_DN2534_c0_g2_i4:418-1170    -            251 88998at7898          -            448    0.0056   15.1   5.9   1   1   7.3e-05    0.0097   14.3   5.9    43   124    91   170    48   181 0.81 -
TRINITY_DN4717_c0_g1_i10:627-1439   -            271 88998at7898          -            448    0.0064   14.9   8.7   1   3   0.00015      0.02   13.2   0.3    46   101    39    95    32    99 0.86 -
TRINITY_DN4717_c0_g1_i10:627-1439   -            271 88998at7898          -            448    0.0064   14.9   8.7   2   3       4.2   5.6e+02   -1.4   0.1    46    99   137   189   121   194 0.75 -
TRINITY_DN4717_c0_g1_i10:627-1439   -            271 88998at7898          -            448    0.0064   14.9   8.7   3   3     0.046       6.1    5.1   1.7    40    99   201   263   181   266 0.85 -
TRINITY_DN4717_c0_g1_i3:613-1425    -            271 88998at7898          -            448    0.0064   14.9   8.7   1   3   0.00015      0.02   13.2   0.3    46   101    39    95    32    99 0.86 -
TRINITY_DN4717_c0_g1_i3:613-1425    -            271 88998at7898          -            448    0.0064   14.9   8.7   2   3       4.2   5.6e+02   -1.4   0.1    46    99   137   189   121   194 0.75 -
TRINITY_DN4717_c0_g1_i3:613-1425    -            271 88998at7898          -            448    0.0064   14.9   8.7   3   3     0.046       6.1    5.1   1.7    40    99   201   263   181   266 0.85 -
TRINITY_DN4717_c0_g1_i9:627-1439    -            271 88998at7898          -            448    0.0064   14.9   8.7   1   3   0.00015      0.02   13.2   0.3    46   101    39    95    32    99 0.86 -
TRINITY_DN4717_c0_g1_i9:627-1439    -            271 88998at7898          -            448    0.0064   14.9   8.7   2   3       4.2   5.6e+02   -1.4   0.1    46    99   137   189   121   194 0.75 -
TRINITY_DN4717_c0_g1_i9:627-1439    -            271 88998at7898          -            448    0.0064   14.9   8.7   3   3     0.046       6.1    5.1   1.7    40    99   201   263   181   266 0.85 -
TRINITY_DN2534_c0_g2_i2:5-556       -            184 88998at7898          -            448    0.0071   14.7   6.9   1   1     6e-05     0.008   14.6   6.4    43   124    49   128    22   135 0.79 -
TRINITY_DN4717_c0_g1_i8:627-1439    -            271 88998at7898          -            448    0.0073   14.7   8.0   1   3   0.00015      0.02   13.2   0.3    46   101    39    95    32    99 0.86 -
TRINITY_DN4717_c0_g1_i8:627-1439    -            271 88998at7898          -            448    0.0073   14.7   8.0   2   3       6.4   8.5e+02   -2.0   0.0    46    97   137   187   129   193 0.72 -
TRINITY_DN4717_c0_g1_i8:627-1439    -            271 88998at7898          -            448    0.0073   14.7   8.0   3   3     0.049       6.6    5.0   1.2    44    99   205   263   178   266 0.80 -
TRINITY_DN4717_c0_g1_i5:627-1517    -            297 88998at7898          -            448    0.0074   14.7   8.3   1   3   0.00018     0.023   13.0   0.3    46   101    65   121    58   125 0.86 -
TRINITY_DN4717_c0_g1_i5:627-1517    -            297 88998at7898          -            448    0.0074   14.7   8.3   2   3         4   5.3e+02   -1.3   0.0    46    99   163   215   147   230 0.75 -
TRINITY_DN4717_c0_g1_i5:627-1517    -            297 88998at7898          -            448    0.0074   14.7   8.3   3   3     0.048       6.4    5.0   1.5    40    99   227   289   207   292 0.85 -
TRINITY_DN22425_c0_g1_i1:184-696    -            171 88998at7898          -            448    0.0078   14.6  11.0   1   2    0.0023      0.31    9.3   3.1    68   102    18    51     1    58 0.79 -
TRINITY_DN22425_c0_g1_i1:184-696    -            171 88998at7898          -            448    0.0078   14.6  11.0   2   2    0.0012      0.16   10.3   0.9    31   105    71   144    58   156 0.64 -
TRINITY_DN22425_c0_g1_i2:184-696    -            171 88998at7898          -            448    0.0078   14.6  11.0   1   2    0.0023      0.31    9.3   3.1    68   102    18    51     1    58 0.79 -
TRINITY_DN22425_c0_g1_i2:184-696    -            171 88998at7898          -            448    0.0078   14.6  11.0   2   2    0.0012      0.16   10.3   0.9    31   105    71   144    58   156 0.64 -
TRINITY_DN37520_c0_g1_i2:33-593     -            187 88998at7898          -            448     0.015   13.7   2.1   1   2      0.14        18    3.5   0.1    39    84    15    62     3    87 0.78 -
TRINITY_DN37520_c0_g1_i2:33-593     -            187 88998at7898          -            448     0.015   13.7   2.1   2   2    0.0013      0.17   10.2   0.2    48   104    96   154    81   160 0.92 -
TRINITY_DN22773_c0_g1_i4:172-960    -            263 88998at7898          -            448     0.017   13.5  12.6   1   3     0.012       1.6    7.0   0.0    40    80    62   103    53   110 0.84 -
TRINITY_DN22773_c0_g1_i4:172-960    -            263 88998at7898          -            448     0.017   13.5  12.6   2   3     0.023         3    6.1   0.4    44    94   136   186   120   199 0.82 -
TRINITY_DN22773_c0_g1_i4:172-960    -            263 88998at7898          -            448     0.017   13.5  12.6   3   3     0.025       3.3    6.0   4.0    42   105   180   243   173   250 0.80 -
TRINITY_DN6022_c0_g1_i1:24-1184     -            387 88998at7898          -            448     0.019   13.3  21.2   1   5      0.12        15    3.7   1.0    49   102    55   110    53   113 0.83 -
TRINITY_DN6022_c0_g1_i1:24-1184     -            387 88998at7898          -            448     0.019   13.3  21.2   2   5      0.68        91    1.2   0.2    27   102   107   185   103   191 0.69 -
TRINITY_DN6022_c0_g1_i1:24-1184     -            387 88998at7898          -            448     0.019   13.3  21.2   3   5    0.0067      0.89    7.8   1.9    41   102   194   254   183   258 0.84 -
TRINITY_DN6022_c0_g1_i1:24-1184     -            387 88998at7898          -            448     0.019   13.3  21.2   4   5       6.4   8.5e+02   -2.0   0.0    47    62   267   282   261   288 0.87 -
TRINITY_DN6022_c0_g1_i1:24-1184     -            387 88998at7898          -            448     0.019   13.3  21.2   5   5     0.001      0.13   10.5   1.2    44   106   311   375   304   378 0.85 -
TRINITY_DN1610_c0_g2_i5:3228-4118   -            297 88998at7898          -            448      0.05   12.0   3.0   1   2     0.051       6.7    4.9   0.5    47   106    89   152    85   159 0.72 -
TRINITY_DN1610_c0_g2_i5:3228-4118   -            297 88998at7898          -            448      0.05   12.0   3.0   2   2      0.01       1.3    7.2   0.1    40    89   202   249   197   256 0.88 -
TRINITY_DN4648_c0_g1_i4:984-2552    -            523 88998at7898          -            448     0.072   11.4  11.3   1   5     0.062       8.2    4.6   0.0    29    71    65   108    56   133 0.82 -
TRINITY_DN4648_c0_g1_i4:984-2552    -            523 88998at7898          -            448     0.072   11.4  11.3   2   5       2.4   3.2e+02   -0.6   2.9    43    97   148   202   124   212 0.56 -
TRINITY_DN4648_c0_g1_i4:984-2552    -            523 88998at7898          -            448     0.072   11.4  11.3   3   5       6.6   8.8e+02   -2.0   3.8    35    81   163   210   148   232 0.69 -
TRINITY_DN4648_c0_g1_i4:984-2552    -            523 88998at7898          -            448     0.072   11.4  11.3   4   5    0.0041      0.54    8.5   0.7    20    85   217   283   203   296 0.86 -
TRINITY_DN4648_c0_g1_i4:984-2552    -            523 88998at7898          -            448     0.072   11.4  11.3   5   5     0.008       1.1    7.6   0.1    20    83   263   327   259   335 0.93 -
TRINITY_DN22773_c0_g1_i9:1072-1797  -            242 88998at7898          -            448      0.08   11.3  12.7   1   3     0.011       1.4    7.2   0.1    40    80    62   103    50   110 0.84 -
TRINITY_DN22773_c0_g1_i9:1072-1797  -            242 88998at7898          -            448      0.08   11.3  12.7   2   3     0.023         3    6.1   0.5    44    94   136   186   120   196 0.82 -
TRINITY_DN22773_c0_g1_i9:1072-1797  -            242 88998at7898          -            448      0.08   11.3  12.7   3   3       0.3        40    2.4   4.8    48   104   186   242   179   242 0.76 -
TRINITY_DN37419_c0_g1_i1:49-873     -            275 88998at7898          -            448     0.081   11.3   9.1   1   4     0.001      0.13   10.5   1.8    43   102    25    85     1    96 0.75 -
TRINITY_DN37419_c0_g1_i1:49-873     -            275 88998at7898          -            448     0.081   11.3   9.1   2   4       0.6        80    1.4   0.2    68    99   100   131    76   140 0.67 -
TRINITY_DN37419_c0_g1_i1:49-873     -            275 88998at7898          -            448     0.081   11.3   9.1   3   4      0.68        91    1.2   0.1    70    99   102   131    90   165 0.65 -
TRINITY_DN37419_c0_g1_i1:49-873     -            275 88998at7898          -            448     0.081   11.3   9.1   4   4      0.25        33    2.7   0.2    65   104   186   225   144   228 0.73 -
TRINITY_DN4648_c0_g1_i5:274-1842    -            523 88998at7898          -            448      0.12   10.7  15.2   1   4     0.055       7.3    4.8   0.0    29    71    65   108    55   140 0.81 -
TRINITY_DN4648_c0_g1_i5:274-1842    -            523 88998at7898          -            448      0.12   10.7  15.2   2   4       1.9   2.5e+02   -0.3   3.6    39    97   144   202   122   212 0.69 -
TRINITY_DN4648_c0_g1_i5:274-1842    -            523 88998at7898          -            448      0.12   10.7  15.2   3   4    0.0054      0.72    8.1   0.3    20    83   217   281   213   283 0.87 -
TRINITY_DN4648_c0_g1_i5:274-1842    -            523 88998at7898          -            448      0.12   10.7  15.2   4   4    0.0033      0.44    8.8   0.1    20    83   263   327   261   332 0.93 -
TRINITY_DN4648_c0_g1_i1:274-1842    -            523 88998at7898          -            448      0.13   10.6  15.4   1   4     0.058       7.7    4.7   0.0    29    71    65   108    55   135 0.82 -
TRINITY_DN4648_c0_g1_i1:274-1842    -            523 88998at7898          -            448      0.13   10.6  15.4   2   4         2   2.6e+02   -0.3   3.6    40    97   145   202   124   213 0.69 -
TRINITY_DN4648_c0_g1_i1:274-1842    -            523 88998at7898          -            448      0.13   10.6  15.4   3   4    0.0055      0.73    8.1   0.3    20    83   217   281   213   283 0.87 -
TRINITY_DN4648_c0_g1_i1:274-1842    -            523 88998at7898          -            448      0.13   10.6  15.4   4   4    0.0037      0.49    8.7   0.1    21    83   264   327   262   332 0.93 -
TRINITY_DN393_c0_g1_i9:504-1289     -            262 88998at7898          -            448      0.14   10.5  14.4   1   2      0.86   1.1e+02    0.9   0.1   318   349    71   102    21   111 0.69 -
TRINITY_DN393_c0_g1_i9:504-1289     -            262 88998at7898          -            448      0.14   10.5  14.4   2   2   0.00046     0.061   11.7  10.3   317   442   132   256   114   259 0.86 -
TRINITY_DN37520_c0_g1_i1:3-740      -            246 88998at7898          -            448      0.26    9.6   5.5   1   2       0.2        27    3.0   0.2    39    83    25    71    10    97 0.75 -
TRINITY_DN37520_c0_g1_i1:3-740      -            246 88998at7898          -            448      0.26    9.6   5.5   2   2    0.0022       0.3    9.4   0.2    48   104   106   164    99   173 0.91 -
TRINITY_DN393_c0_g1_i1:485-1159     -            225 88998at7898          -            448      0.48    8.7  18.7   1   2       1.4   1.9e+02    0.2   0.2   319   425    34    60    19    71 0.45 -
TRINITY_DN393_c0_g1_i1:485-1159     -            225 88998at7898          -            448      0.48    8.7  18.7   2   2   0.00058     0.077   11.3  13.3   317   442    94   218    76   221 0.86 -
TRINITY_DN393_c0_g1_i6:485-1159     -            225 88998at7898          -            448      0.48    8.7  18.7   1   2       1.4   1.9e+02    0.2   0.2   319   425    34    60    19    71 0.45 -
TRINITY_DN393_c0_g1_i6:485-1159     -            225 88998at7898          -            448      0.48    8.7  18.7   2   2   0.00058     0.077   11.3  13.3   317   442    94   218    76   221 0.86 -
TRINITY_DN7957_c0_g3_i1:233-1649    -            433 88998at7898          -            448      0.53    8.6   7.6   1   1    0.0057      0.76    8.0   7.6   305   444   114   245   111   249 0.83 -
TRINITY_DN7957_c0_g3_i3:233-1549    -            439 88998at7898          -            448      0.55    8.5   7.6   1   1    0.0059      0.78    8.0   7.6   305   444   114   245   111   249 0.83 -
TRINITY_DN27588_c0_g2_i1:1-1461     -            487 88998at7898          -            448      0.59    8.4  18.4   1   3      0.49        65    1.7   0.4    51   106     7    67     4    71 0.80 -
TRINITY_DN27588_c0_g2_i1:1-1461     -            487 88998at7898          -            448      0.59    8.4  18.4   2   3      0.12        16    3.7   3.6    42   105    97   162    71   175 0.80 -
TRINITY_DN27588_c0_g2_i1:1-1461     -            487 88998at7898          -            448      0.59    8.4  18.4   3   3    0.0004     0.053   11.9   1.2    62   105   320   363   250   368 0.80 -
TRINITY_DN32389_c0_g2_i1:106-819    -            238 88998at7898          -            448      0.96    7.7   8.4   1   2    0.0053      0.71    8.2   0.1    70   105    79   114    68   119 0.92 -
TRINITY_DN32389_c0_g2_i1:106-819    -            238 88998at7898          -            448      0.96    7.7   8.4   2   2      0.43        57    1.9   4.1    19   104   124   216   118   221 0.75 -
TRINITY_DN393_c0_g1_i7:485-1432     -            316 88998at7898          -            448       1.6    7.0  20.2   1   3       3.8   5.1e+02   -1.3   0.1   354   417     9    68     4    93 0.71 -
TRINITY_DN393_c0_g1_i7:485-1432     -            316 88998at7898          -            448       1.6    7.0  20.2   2   3       1.6   2.1e+02   -0.0   0.2   318   349   124   155    99   163 0.63 -
TRINITY_DN393_c0_g1_i7:485-1432     -            316 88998at7898          -            448       1.6    7.0  20.2   3   3   0.00018     0.025   13.0  10.5   317   442   185   309   167   312 0.86 -
TRINITY_DN22773_c0_g1_i11:1024-1665 -            214 88998at7898          -            448       2.1    6.6  13.9   1   3    0.0064      0.86    7.9   0.3    32    80    26    75     5    80 0.82 -
TRINITY_DN22773_c0_g1_i11:1024-1665 -            214 88998at7898          -            448       2.1    6.6  13.9   2   3      0.24        32    2.7   1.3    47   102   111   166   103   184 0.55 -
TRINITY_DN22773_c0_g1_i11:1024-1665 -            214 88998at7898          -            448       2.1    6.6  13.9   3   3      0.14        19    3.5   4.1    42   104   152   214   145   214 0.87 -
TRINITY_DN22773_c0_g1_i2:1072-1713  -            214 88998at7898          -            448       2.1    6.6  13.9   1   3    0.0064      0.86    7.9   0.3    32    80    26    75     5    80 0.82 -
TRINITY_DN22773_c0_g1_i2:1072-1713  -            214 88998at7898          -            448       2.1    6.6  13.9   2   3      0.24        32    2.7   1.3    47   102   111   166   103   184 0.55 -
TRINITY_DN22773_c0_g1_i2:1072-1713  -            214 88998at7898          -            448       2.1    6.6  13.9   3   3      0.14        19    3.5   4.1    42   104   152   214   145   214 0.87 -
TRINITY_DN2928_c0_g1_i10:132-1166   -            345 88998at7898          -            448       2.9    6.1   6.3   1   3       3.5   4.7e+02   -1.2   0.1    43   106   121   183    94   191 0.72 -
TRINITY_DN2928_c0_g1_i10:132-1166   -            345 88998at7898          -            448       2.9    6.1   6.3   2   3       1.7   2.3e+02   -0.1   0.1    69   103   216   250   178   254 0.73 -
TRINITY_DN2928_c0_g1_i10:132-1166   -            345 88998at7898          -            448       2.9    6.1   6.3   3   3    0.0063      0.84    7.9   0.6    41    84   259   300   253   320 0.85 -
TRINITY_DN2928_c0_g1_i11:132-1166   -            345 88998at7898          -            448       2.9    6.1   6.3   1   3       3.5   4.7e+02   -1.2   0.1    43   106   121   183    94   191 0.72 -
TRINITY_DN2928_c0_g1_i11:132-1166   -            345 88998at7898          -            448       2.9    6.1   6.3   2   3       1.7   2.3e+02   -0.1   0.1    69   103   216   250   178   254 0.73 -
TRINITY_DN2928_c0_g1_i11:132-1166   -            345 88998at7898          -            448       2.9    6.1   6.3   3   3    0.0063      0.84    7.9   0.6    41    84   259   300   253   320 0.85 -
TRINITY_DN2928_c0_g1_i3:132-1166    -            345 88998at7898          -            448       2.9    6.1   6.3   1   3       3.5   4.7e+02   -1.2   0.1    43   106   121   183    94   191 0.72 -
TRINITY_DN2928_c0_g1_i3:132-1166    -            345 88998at7898          -            448       2.9    6.1   6.3   2   3       1.7   2.3e+02   -0.1   0.1    69   103   216   250   178   254 0.73 -
TRINITY_DN2928_c0_g1_i3:132-1166    -            345 88998at7898          -            448       2.9    6.1   6.3   3   3    0.0063      0.84    7.9   0.6    41    84   259   300   253   320 0.85 -
TRINITY_DN2928_c0_g1_i8:132-1166    -            345 88998at7898          -            448       2.9    6.1   6.3   1   3       3.5   4.7e+02   -1.2   0.1    43   106   121   183    94   191 0.72 -
TRINITY_DN2928_c0_g1_i8:132-1166    -            345 88998at7898          -            448       2.9    6.1   6.3   2   3       1.7   2.3e+02   -0.1   0.1    69   103   216   250   178   254 0.73 -
TRINITY_DN2928_c0_g1_i8:132-1166    -            345 88998at7898          -            448       2.9    6.1   6.3   3   3    0.0063      0.84    7.9   0.6    41    84   259   300   253   320 0.85 -
TRINITY_DN393_c0_g1_i2:485-1432     -            316 88998at7898          -            448       4.5    5.5  19.4   1   3       3.8     5e+02   -1.2   0.1   354   419     9    70     4    94 0.72 -
TRINITY_DN393_c0_g1_i2:485-1432     -            316 88998at7898          -            448       4.5    5.5  19.4   2   3       1.5   2.1e+02    0.0   0.5   397   427   125   153    58   163 0.62 -
TRINITY_DN393_c0_g1_i2:485-1432     -            316 88998at7898          -            448       4.5    5.5  19.4   3   3   0.00072     0.095   11.0  10.2   317   442   185   309   167   312 0.86 -
TRINITY_DN13991_c0_g2_i1:258-941    -            228 88998at7898          -            448       9.5    4.4  14.8   1   2    0.0026      0.35    9.2   6.1   311   362    16    70     5    75 0.85 -
TRINITY_DN13991_c0_g2_i1:258-941    -            228 88998at7898          -            448       9.5    4.4  14.8   2   2      0.71        95    1.1   0.3   308   336    83   114    70   129 0.61 -
#
# Program:         hmmsearch
# Version:         3.1b2 (February 2015)
# Pipeline mode:   SEARCH
# Query file:      /home/ericjuo/Projects/salmo_trutta_rna_seq/busco_downloads/lineages/actinopterygii_odb10/hmms/88998at7898.hmm
# Target file:     /home/ericjuo/Projects/salmo_trutta_rna_seq/data/02_intermediate/busco/run_actinopterygii_odb10/metaeuk_output/initial_results/trinity.Trinity.fasta.modified.fas
# Option settings: hmmsearch --domtblout /home/ericjuo/Projects/salmo_trutta_rna_seq/data/02_intermediate/busco/run_actinopterygii_odb10/hmmer_output/initial_run_results/88998at7898.out --cpu 1 /home/ericjuo/Projects/salmo_trutta_rna_seq/busco_downloads/lineages/actinopterygii_odb10/hmms/88998at7898.hmm /home/ericjuo/Projects/salmo_trutta_rna_seq/data/02_intermediate/busco/run_actinopterygii_odb10/metaeuk_output/initial_results/trinity.Trinity.fasta.modified.fas 
# Current dir:     /home/ericjuo/Projects/salmo_trutta_rna_seq
# Date:            Fri Apr 29 12:54:25 2022
# [ok]
