#                                                                                           --- full sequence --- -------------- this domain -------------   hmm coord   ali coord   env coord
# target name                       accession   tlen query name           accession   qlen   E-value  score  bias   #  of  c-Evalue  i-Evalue  score  bias  from    to  from    to  from    to  acc description of target
#               ------------------- ---------- ----- -------------------- ---------- ----- --------- ------ ----- --- --- --------- --------- ------ ----- ----- ----- ----- ----- ----- ----- ---- ---------------------
TRINITY_DN17537_c0_g1_i1:496-1509   -            338 90238at7898          -            303  2.3e-166  552.2   0.9   1   1  2.5e-168  2.8e-166  551.9   0.9     9   303    32   333    26   333 0.97 -
TRINITY_DN2928_c0_g1_i10:132-1166   -            345 90238at7898          -            303   6.2e-90  301.2   3.9   1   1   6.5e-92   7.5e-90  300.9   3.9    12   303    41   342    35   342 0.94 -
TRINITY_DN2928_c0_g1_i11:132-1166   -            345 90238at7898          -            303   6.2e-90  301.2   3.9   1   1   6.5e-92   7.5e-90  300.9   3.9    12   303    41   342    35   342 0.94 -
TRINITY_DN2928_c0_g1_i3:132-1166    -            345 90238at7898          -            303   6.2e-90  301.2   3.9   1   1   6.5e-92   7.5e-90  300.9   3.9    12   303    41   342    35   342 0.94 -
TRINITY_DN2928_c0_g1_i8:132-1166    -            345 90238at7898          -            303   6.2e-90  301.2   3.9   1   1   6.5e-92   7.5e-90  300.9   3.9    12   303    41   342    35   342 0.94 -
TRINITY_DN1610_c0_g2_i5:3228-4118   -            297 90238at7898          -            303   3.8e-72  242.8   7.2   1   1   3.8e-74   4.4e-72  242.6   7.2    26   302     1   291     1   292 0.91 -
TRINITY_DN4003_c0_g1_i1:56-1147     -            364 90238at7898          -            303   1.3e-41  142.5   3.0   1   2   6.5e-25   7.5e-23   80.9   0.4    11   147    53   192    48   195 0.85 -
TRINITY_DN4003_c0_g1_i1:56-1147     -            364 90238at7898          -            303   1.3e-41  142.5   3.0   2   2   5.1e-20   5.9e-18   64.8   0.1    74   193   187   312   180   323 0.89 -
TRINITY_DN2884_c0_g1_i3:74-1402     -            443 90238at7898          -            303   3.3e-40  137.9  36.2   1   3   7.6e-16   8.8e-14   51.1   3.6    10   213    11   224     4   227 0.81 -
TRINITY_DN2884_c0_g1_i3:74-1402     -            443 90238at7898          -            303   3.3e-40  137.9  36.2   2   3   2.2e-18   2.5e-16   59.5   8.9    80   243   105   277    79   278 0.84 -
TRINITY_DN2884_c0_g1_i3:74-1402     -            443 90238at7898          -            303   3.3e-40  137.9  36.2   3   3   4.9e-17   5.6e-15   55.0   7.8    70   222   216   375   212   391 0.84 -
TRINITY_DN2884_c0_g1_i5:74-1402     -            443 90238at7898          -            303   3.3e-40  137.9  36.2   1   3   7.6e-16   8.8e-14   51.1   3.6    10   213    11   224     4   227 0.81 -
TRINITY_DN2884_c0_g1_i5:74-1402     -            443 90238at7898          -            303   3.3e-40  137.9  36.2   2   3   2.2e-18   2.5e-16   59.5   8.9    80   243   105   277    79   278 0.84 -
TRINITY_DN2884_c0_g1_i5:74-1402     -            443 90238at7898          -            303   3.3e-40  137.9  36.2   3   3   4.9e-17   5.6e-15   55.0   7.8    70   222   216   375   212   391 0.84 -
TRINITY_DN11968_c0_g1_i1:655-1782   -            376 90238at7898          -            303   1.1e-37  129.6  24.6   1   4    0.0011      0.13   11.2   0.0   161   213    17    69    15    72 0.95 -
TRINITY_DN11968_c0_g1_i1:655-1782   -            376 90238at7898          -            303   1.1e-37  129.6  24.6   2   4   7.8e-17     9e-15   54.4   4.6    97   232    39   183    34   183 0.87 -
TRINITY_DN11968_c0_g1_i1:655-1782   -            376 90238at7898          -            303   1.1e-37  129.6  24.6   3   4   8.6e-22   9.9e-20   70.6   5.8    45   217    81   264    80   279 0.82 -
TRINITY_DN11968_c0_g1_i1:655-1782   -            376 90238at7898          -            303   1.1e-37  129.6  24.6   4   4     1e-07   1.2e-05   24.4   0.3    89   167   293   376   282   376 0.79 -
TRINITY_DN11968_c0_g1_i2:646-1773   -            376 90238at7898          -            303   1.1e-37  129.6  24.6   1   4    0.0011      0.13   11.2   0.0   161   213    17    69    15    72 0.95 -
TRINITY_DN11968_c0_g1_i2:646-1773   -            376 90238at7898          -            303   1.1e-37  129.6  24.6   2   4   7.8e-17     9e-15   54.4   4.6    97   232    39   183    34   183 0.87 -
TRINITY_DN11968_c0_g1_i2:646-1773   -            376 90238at7898          -            303   1.1e-37  129.6  24.6   3   4   8.6e-22   9.9e-20   70.6   5.8    45   217    81   264    80   279 0.82 -
TRINITY_DN11968_c0_g1_i2:646-1773   -            376 90238at7898          -            303   1.1e-37  129.6  24.6   4   4     1e-07   1.2e-05   24.4   0.3    89   167   293   376   282   376 0.79 -
TRINITY_DN8002_c0_g2_i1:163-1395    -            411 90238at7898          -            303   3.4e-37  128.0  25.5   1   4   1.3e-16   1.5e-14   53.6   2.4   113   242     5   135     1   140 0.90 -
TRINITY_DN8002_c0_g2_i1:163-1395    -            411 90238at7898          -            303   3.4e-37  128.0  25.5   2   4   1.4e-11   1.6e-09   37.2   1.7   132   241   141   251   135   252 0.91 -
TRINITY_DN8002_c0_g2_i1:163-1395    -            411 90238at7898          -            303   3.4e-37  128.0  25.5   3   4   7.7e-09   8.9e-07   28.1   0.3   154   242   210   299   209   304 0.82 -
TRINITY_DN8002_c0_g2_i1:163-1395    -            411 90238at7898          -            303   3.4e-37  128.0  25.5   4   4   4.9e-10   5.7e-08   32.0   3.8   153   255   303   407   299   409 0.56 -
TRINITY_DN29863_c0_g1_i6:854-2326   -            491 90238at7898          -            303   1.4e-34  119.4  14.3   1   3   8.6e-19   9.9e-17   60.8   5.3    77   247    19   192     7   195 0.88 -
TRINITY_DN29863_c0_g1_i6:854-2326   -            491 90238at7898          -            303   1.4e-34  119.4  14.3   2   3   9.6e-14   1.1e-11   44.2   0.1    85   213   188   321   187   322 0.86 -
TRINITY_DN29863_c0_g1_i6:854-2326   -            491 90238at7898          -            303   1.4e-34  119.4  14.3   3   3   2.8e-09   3.2e-07   29.6   0.1    89   186   284   387   283   397 0.83 -
TRINITY_DN29863_c0_g1_i7:836-2308   -            491 90238at7898          -            303   1.4e-34  119.4  14.3   1   3   8.6e-19   9.9e-17   60.8   5.3    77   247    19   192     7   195 0.88 -
TRINITY_DN29863_c0_g1_i7:836-2308   -            491 90238at7898          -            303   1.4e-34  119.4  14.3   2   3   9.6e-14   1.1e-11   44.2   0.1    85   213   188   321   187   322 0.86 -
TRINITY_DN29863_c0_g1_i7:836-2308   -            491 90238at7898          -            303   1.4e-34  119.4  14.3   3   3   2.8e-09   3.2e-07   29.6   0.1    89   186   284   387   283   397 0.83 -
TRINITY_DN10110_c0_g1_i2:132-1928   -            599 90238at7898          -            303   1.7e-34  119.1  38.9   1   6   3.3e-09   3.8e-07   29.3   1.6   132   195    81   146    38   149 0.88 -
TRINITY_DN10110_c0_g1_i2:132-1928   -            599 90238at7898          -            303   1.7e-34  119.1  38.9   2   6   7.7e-12   8.9e-10   38.0   6.5   113   213   129   232   127   239 0.61 -
TRINITY_DN10110_c0_g1_i2:132-1928   -            599 90238at7898          -            303   1.7e-34  119.1  38.9   3   6   2.2e-14   2.6e-12   46.3   4.0    86   206   238   365   235   381 0.86 -
TRINITY_DN10110_c0_g1_i2:132-1928   -            599 90238at7898          -            303   1.7e-34  119.1  38.9   4   6       3.4   3.9e+02   -0.3   0.0   150   175   392   417   385   422 0.85 -
TRINITY_DN10110_c0_g1_i2:132-1928   -            599 90238at7898          -            303   1.7e-34  119.1  38.9   5   6   1.5e-06   0.00017   20.6   1.5   160   257   428   528   423   532 0.83 -
TRINITY_DN10110_c0_g1_i2:132-1928   -            599 90238at7898          -            303   1.7e-34  119.1  38.9   6   6    0.0013      0.15   11.0   0.3   136   186   520   573   515   595 0.72 -
TRINITY_DN29863_c0_g1_i3:855-2327   -            491 90238at7898          -            303   2.9e-34  118.4  14.9   1   3   1.5e-18   1.7e-16   60.0   5.7    77   247    19   192     6   193 0.88 -
TRINITY_DN29863_c0_g1_i3:855-2327   -            491 90238at7898          -            303   2.9e-34  118.4  14.9   2   3   1.4e-13   1.6e-11   43.7   0.2    85   213   188   321   187   322 0.87 -
TRINITY_DN29863_c0_g1_i3:855-2327   -            491 90238at7898          -            303   2.9e-34  118.4  14.9   3   3   2.8e-09   3.2e-07   29.6   0.1    89   186   284   387   283   397 0.83 -
TRINITY_DN14395_c0_g1_i1:194-3235   -           1014 90238at7898          -            303     2e-32  112.4  40.0   1   6   2.2e-11   2.5e-09   36.5   5.3    32   210    47   166    32   171 0.59 -
TRINITY_DN14395_c0_g1_i1:194-3235   -           1014 90238at7898          -            303     2e-32  112.4  40.0   2   6   3.8e-13   4.3e-11   42.3   0.8    80   235   178   333   168   340 0.84 -
TRINITY_DN14395_c0_g1_i1:194-3235   -           1014 90238at7898          -            303     2e-32  112.4  40.0   3   6    0.0095       1.1    8.1   2.3    81   212   264   416   259   425 0.64 -
TRINITY_DN14395_c0_g1_i1:194-3235   -           1014 90238at7898          -            303     2e-32  112.4  40.0   4   6   0.00057     0.066   12.1   1.5   114   234   470   602   459   608 0.56 -
TRINITY_DN14395_c0_g1_i1:194-3235   -           1014 90238at7898          -            303     2e-32  112.4  40.0   5   6   4.2e-10   4.8e-08   32.3  10.8    87   239   537   711   533   715 0.72 -
TRINITY_DN14395_c0_g1_i1:194-3235   -           1014 90238at7898          -            303     2e-32  112.4  40.0   6   6     0.021       2.4    7.0   0.1   150   191   716   757   709   769 0.83 -
TRINITY_DN14395_c0_g1_i2:194-3250   -           1019 90238at7898          -            303   1.8e-31  109.2  40.3   1   5   2.2e-11   2.5e-09   36.5   5.3    32   210    47   166    32   171 0.59 -
TRINITY_DN14395_c0_g1_i2:194-3250   -           1019 90238at7898          -            303   1.8e-31  109.2  40.3   2   5   3.8e-13   4.4e-11   42.3   0.8    80   235   178   333   168   340 0.84 -
TRINITY_DN14395_c0_g1_i2:194-3250   -           1019 90238at7898          -            303   1.8e-31  109.2  40.3   3   5    0.0094       1.1    8.1   2.3    81   212   264   416   259   425 0.64 -
TRINITY_DN14395_c0_g1_i2:194-3250   -           1019 90238at7898          -            303   1.8e-31  109.2  40.3   4   5   0.00073     0.084   11.8   1.8   114   234   470   602   460   608 0.57 -
TRINITY_DN14395_c0_g1_i2:194-3250   -           1019 90238at7898          -            303   1.8e-31  109.2  40.3   5   5   8.9e-10     1e-07   31.2  14.3    87   264   537   740   533   757 0.70 -
TRINITY_DN13127_c1_g3_i1:159-1679   -            507 90238at7898          -            303   2.3e-30  105.5  26.7   1   4   1.6e-11   1.9e-09   36.9   0.2     3   107     2   109     1   113 0.85 -
TRINITY_DN13127_c1_g3_i1:159-1679   -            507 90238at7898          -            303   2.3e-30  105.5  26.7   2   4   1.5e-09   1.8e-07   30.4   6.3   129   236   113   223   108   267 0.85 -
TRINITY_DN13127_c1_g3_i1:159-1679   -            507 90238at7898          -            303   2.3e-30  105.5  26.7   3   4   0.00027     0.031   13.2   0.2   145   214   254   326   237   330 0.82 -
TRINITY_DN13127_c1_g3_i1:159-1679   -            507 90238at7898          -            303   2.3e-30  105.5  26.7   4   4   5.2e-14   6.1e-12   45.1   7.4    87   277   285   487   273   506 0.79 -
TRINITY_DN4648_c0_g1_i1:274-1842    -            523 90238at7898          -            303   5.2e-30  104.4  13.0   1   3   4.1e-12   4.7e-10   38.9   2.5    85   213    31   164    16   164 0.82 -
TRINITY_DN4648_c0_g1_i1:274-1842    -            523 90238at7898          -            303   5.2e-30  104.4  13.0   2   3   4.7e-12   5.4e-10   38.7   2.9    88   194   149   261   142   266 0.87 -
TRINITY_DN4648_c0_g1_i1:274-1842    -            523 90238at7898          -            303   5.2e-30  104.4  13.0   3   3   3.1e-12   3.6e-10   39.2   0.5   112   256   244   391   242   398 0.87 -
TRINITY_DN4648_c0_g1_i4:984-2552    -            523 90238at7898          -            303   8.1e-30  103.8  31.1   1   4   1.3e-12   1.5e-10   40.5   5.9    86   241    32   190    25   192 0.84 -
TRINITY_DN4648_c0_g1_i4:984-2552    -            523 90238at7898          -            303   8.1e-30  103.8  31.1   2   4   4.6e-09   5.3e-07   28.8   0.9    97   194   112   215   104   217 0.75 -
TRINITY_DN4648_c0_g1_i4:984-2552    -            523 90238at7898          -            303   8.1e-30  103.8  31.1   3   4   4.9e-11   5.7e-09   35.3   2.8    89   194   150   261   148   265 0.85 -
TRINITY_DN4648_c0_g1_i4:984-2552    -            523 90238at7898          -            303   8.1e-30  103.8  31.1   4   4     5e-12   5.7e-10   38.6   0.5   112   256   244   391   242   398 0.88 -
TRINITY_DN4648_c0_g1_i5:274-1842    -            523 90238at7898          -            303   1.3e-29  103.1  13.1   1   3     4e-11   4.6e-09   35.6   1.4    85   198    31   149    14   156 0.80 -
TRINITY_DN4648_c0_g1_i5:274-1842    -            523 90238at7898          -            303   1.3e-29  103.1  13.1   2   3     5e-12   5.8e-10   38.6   2.6    88   194   149   261   146   266 0.87 -
TRINITY_DN4648_c0_g1_i5:274-1842    -            523 90238at7898          -            303   1.3e-29  103.1  13.1   3   3   3.4e-12   3.9e-10   39.1   0.4   112   256   244   391   243   398 0.87 -
TRINITY_DN1692_c0_g1_i1:874-2097    -            408 90238at7898          -            303   2.8e-27   95.4  11.2   1   4    0.0017      0.19   10.6   0.0   163   240     3    82     1    84 0.69 -
TRINITY_DN1692_c0_g1_i1:874-2097    -            408 90238at7898          -            303   2.8e-27   95.4  11.2   2   4   1.1e-09   1.2e-07   30.9   0.8    80   172    81   180    77   182 0.86 -
TRINITY_DN1692_c0_g1_i1:874-2097    -            408 90238at7898          -            303   2.8e-27   95.4  11.2   3   4   1.5e-06   0.00017   20.6   0.0   112   184   164   243   155   251 0.80 -
TRINITY_DN1692_c0_g1_i1:874-2097    -            408 90238at7898          -            303   2.8e-27   95.4  11.2   4   4   2.3e-12   2.6e-10   39.7   2.4    80   202   249   381   244   382 0.82 -
TRINITY_DN7137_c0_g1_i1:64-2265     -            734 90238at7898          -            303   3.4e-26   91.9  19.1   1   3   4.3e-11     5e-09   35.5   0.3   150   242    28   121    23   125 0.92 -
TRINITY_DN7137_c0_g1_i1:64-2265     -            734 90238at7898          -            303   3.4e-26   91.9  19.1   2   3   2.6e-13     3e-11   42.8   9.2   131   282   126   276   121   285 0.57 -
TRINITY_DN7137_c0_g1_i1:64-2265     -            734 90238at7898          -            303   3.4e-26   91.9  19.1   3   3   3.5e-09     4e-07   29.2   1.5   134   246   248   361   244   373 0.87 -
TRINITY_DN11092_c2_g1_i1:92-1669    -            526 90238at7898          -            303   4.1e-26   91.6  19.8   1   3   1.3e-14   1.5e-12   47.0   4.3     7   212    14   232     5   235 0.81 -
TRINITY_DN11092_c2_g1_i1:92-1669    -            526 90238at7898          -            303   4.1e-26   91.6  19.8   2   3   2.4e-12   2.8e-10   39.6   5.0    83   193   237   355   230   361 0.83 -
TRINITY_DN11092_c2_g1_i1:92-1669    -            526 90238at7898          -            303   4.1e-26   91.6  19.8   3   3   3.7e-05    0.0043   16.0   0.4   151   210   334   396   331   402 0.87 -
TRINITY_DN15628_c0_g2_i2:1-2181     -            727 90238at7898          -            303   1.2e-23   83.6  20.4   1   3   3.7e-16   4.3e-14   52.1   6.8    10   214    18   235     8   239 0.82 -
TRINITY_DN15628_c0_g2_i2:1-2181     -            727 90238at7898          -            303   1.2e-23   83.6  20.4   2   3   1.3e-09   1.5e-07   30.6   0.5   113   240   152   284   151   287 0.83 -
TRINITY_DN15628_c0_g2_i2:1-2181     -            727 90238at7898          -            303   1.2e-23   83.6  20.4   3   3   2.1e-08   2.5e-06   26.7   0.5    81   181   284   395   282   406 0.81 -
TRINITY_DN26898_c0_g1_i2:62-1165    -            368 90238at7898          -            303   1.6e-23   83.1  20.3   1   4     0.043       4.9    6.0   0.1    88   151     2    70     1    72 0.74 -
TRINITY_DN26898_c0_g1_i2:62-1165    -            368 90238at7898          -            303   1.6e-23   83.1  20.3   2   4   6.6e-06   0.00076   18.5   0.1    91   176    52   135    49   139 0.88 -
TRINITY_DN26898_c0_g1_i2:62-1165    -            368 90238at7898          -            303   1.6e-23   83.1  20.3   3   4   1.1e-17   1.3e-15   57.1   6.8    29   249    77   304    71   306 0.83 -
TRINITY_DN26898_c0_g1_i2:62-1165    -            368 90238at7898          -            303   1.6e-23   83.1  20.3   4   4   1.3e-09   1.5e-07   30.6   1.6   114   233   235   356   234   366 0.83 -
TRINITY_DN26898_c0_g1_i1:15-1118    -            368 90238at7898          -            303   1.2e-22   80.2  23.1   1   4     0.018         2    7.2   0.3    88   152     2    71     1    87 0.69 -
TRINITY_DN26898_c0_g1_i1:15-1118    -            368 90238at7898          -            303   1.2e-22   80.2  23.1   2   4   7.2e-06   0.00083   18.4   0.2    91   176    52   135    48   136 0.89 -
TRINITY_DN26898_c0_g1_i1:15-1118    -            368 90238at7898          -            303   1.2e-22   80.2  23.1   3   4   7.1e-17   8.2e-15   54.5   8.4    29   243    77   298    75   302 0.84 -
TRINITY_DN26898_c0_g1_i1:15-1118    -            368 90238at7898          -            303   1.2e-22   80.2  23.1   4   4     9e-10     1e-07   31.2   2.1   113   233   234   356   231   366 0.84 -
TRINITY_DN18518_c0_g1_i1:523-3123   -            867 90238at7898          -            303   9.2e-21   74.0  26.3   1   5      0.16        19    4.0   0.0   101   130     3    32     1    43 0.78 -
TRINITY_DN18518_c0_g1_i1:523-3123   -            867 90238at7898          -            303   9.2e-21   74.0  26.3   2   5     8e-11   9.2e-09   34.6   2.9    94   209    41   168    27   197 0.79 -
TRINITY_DN18518_c0_g1_i1:523-3123   -            867 90238at7898          -            303   9.2e-21   74.0  26.3   3   5    0.0022      0.26   10.2   0.3   151   203   231   288   194   315 0.55 -
TRINITY_DN18518_c0_g1_i1:523-3123   -            867 90238at7898          -            303   9.2e-21   74.0  26.3   4   5   2.5e-10   2.9e-08   33.0   5.3    65   213   393   562   369   573 0.76 -
TRINITY_DN18518_c0_g1_i1:523-3123   -            867 90238at7898          -            303   9.2e-21   74.0  26.3   5   5   3.6e-05    0.0042   16.0   0.1   111   200   525   622   523   656 0.73 -
TRINITY_DN8002_c0_g2_i1:898-1473    -            192 90238at7898          -            303   3.3e-19   68.9  18.6   1   2   1.6e-14   1.8e-12   46.8   4.9    81   212     5   141     1   143 0.90 -
TRINITY_DN8002_c0_g2_i1:898-1473    -            192 90238at7898          -            303   3.3e-19   68.9  18.6   2   2     7e-11   8.1e-09   34.8   5.7    89   194    59   171    57   190 0.55 -
TRINITY_DN1870_c0_g1_i1:988-1542    -            185 90238at7898          -            303   3.3e-19   68.9   0.5   1   2   1.7e-12     2e-10   40.1   0.1    29   124     2   100     1   104 0.85 -
TRINITY_DN1870_c0_g1_i1:988-1542    -            185 90238at7898          -            303   3.3e-19   68.9   0.5   2   2   1.2e-09   1.4e-07   30.8   0.2   207   290    94   179    87   184 0.80 -
TRINITY_DN4197_c0_g1_i1:264-2771    -            836 90238at7898          -            303   3.5e-19   68.8  19.1   1   3     0.014       1.6    7.6   0.7    80   156   516   601   503   615 0.57 -
TRINITY_DN4197_c0_g1_i1:264-2771    -            836 90238at7898          -            303   3.5e-19   68.8  19.1   2   3   8.1e-13   9.3e-11   41.2  10.5    75   242   560   736   551   736 0.80 -
TRINITY_DN4197_c0_g1_i1:264-2771    -            836 90238at7898          -            303   3.5e-19   68.8  19.1   3   3   5.4e-13   6.2e-11   41.8   1.3   114   242   676   805   668   817 0.53 -
TRINITY_DN4197_c0_g1_i7:264-2771    -            836 90238at7898          -            303   3.5e-19   68.8  19.1   1   3     0.014       1.6    7.6   0.7    80   156   516   601   503   615 0.57 -
TRINITY_DN4197_c0_g1_i7:264-2771    -            836 90238at7898          -            303   3.5e-19   68.8  19.1   2   3   8.1e-13   9.3e-11   41.2  10.5    75   242   560   736   551   736 0.80 -
TRINITY_DN4197_c0_g1_i7:264-2771    -            836 90238at7898          -            303   3.5e-19   68.8  19.1   3   3   5.4e-13   6.2e-11   41.8   1.3   114   242   676   805   668   817 0.53 -
TRINITY_DN4197_c0_g1_i5:68-2581     -            838 90238at7898          -            303   3.6e-19   68.8  19.1   1   3     0.014       1.6    7.5   0.7    80   156   518   603   505   617 0.57 -
TRINITY_DN4197_c0_g1_i5:68-2581     -            838 90238at7898          -            303   3.6e-19   68.8  19.1   2   3   8.2e-13   9.5e-11   41.2  10.5    75   242   562   738   553   738 0.80 -
TRINITY_DN4197_c0_g1_i5:68-2581     -            838 90238at7898          -            303   3.6e-19   68.8  19.1   3   3   5.4e-13   6.3e-11   41.7   1.3   114   242   678   807   670   819 0.53 -
TRINITY_DN4197_c0_g1_i6:617-3130    -            838 90238at7898          -            303   3.6e-19   68.8  19.1   1   3     0.014       1.6    7.5   0.7    80   156   518   603   505   617 0.57 -
TRINITY_DN4197_c0_g1_i6:617-3130    -            838 90238at7898          -            303   3.6e-19   68.8  19.1   2   3   8.2e-13   9.5e-11   41.2  10.5    75   242   562   738   553   738 0.80 -
TRINITY_DN4197_c0_g1_i6:617-3130    -            838 90238at7898          -            303   3.6e-19   68.8  19.1   3   3   5.4e-13   6.3e-11   41.7   1.3   114   242   678   807   670   819 0.53 -
TRINITY_DN15575_c0_g1_i1:326-2140   -            605 90238at7898          -            303   1.1e-18   67.2  14.1   1   4   4.2e-06   0.00048   19.1   0.3    36   201     4   162     1   209 0.61 -
TRINITY_DN15575_c0_g1_i1:326-2140   -            605 90238at7898          -            303   1.1e-18   67.2  14.1   2   4   7.3e-07   8.4e-05   21.6   0.0    74   149   290   370   256   377 0.73 -
TRINITY_DN15575_c0_g1_i1:326-2140   -            605 90238at7898          -            303   1.1e-18   67.2  14.1   3   4   6.8e-06   0.00079   18.4   3.6   118   241   360   499   355   500 0.75 -
TRINITY_DN15575_c0_g1_i1:326-2140   -            605 90238at7898          -            303   1.1e-18   67.2  14.1   4   4   3.5e-05     0.004   16.1   0.5   173   256   481   561   435   579 0.73 -
TRINITY_DN15628_c1_g1_i1:15-788     -            258 90238at7898          -            303   2.5e-18   66.1  13.0   1   2   2.8e-06   0.00032   19.7   0.1   159   212    36    89    31    96 0.95 -
TRINITY_DN15628_c1_g1_i1:15-788     -            258 90238at7898          -            303   2.5e-18   66.1  13.0   2   2   4.2e-17   4.9e-15   55.2   9.2    97   286    60   254    60   257 0.84 -
TRINITY_DN15628_c1_g1_i2:15-788     -            258 90238at7898          -            303   2.5e-18   66.1  13.0   1   2   2.8e-06   0.00032   19.7   0.1   159   212    36    89    31    96 0.95 -
TRINITY_DN15628_c1_g1_i2:15-788     -            258 90238at7898          -            303   2.5e-18   66.1  13.0   2   2   4.2e-17   4.9e-15   55.2   9.2    97   286    60   254    60   257 0.84 -
TRINITY_DN6022_c0_g1_i1:24-1184     -            387 90238at7898          -            303   3.5e-18   65.6  19.7   1   3   5.3e-08   6.1e-06   25.4   1.8    94   168    35   113    22   123 0.88 -
TRINITY_DN6022_c0_g1_i1:24-1184     -            387 90238at7898          -            303   3.5e-18   65.6  19.7   2   3   5.9e-08   6.8e-06   25.2   2.9   111   245   151   286   114   296 0.72 -
TRINITY_DN6022_c0_g1_i1:24-1184     -            387 90238at7898          -            303   3.5e-18   65.6  19.7   3   3   5.8e-08   6.7e-06   25.2   0.9   177   250   314   386   306   387 0.89 -
TRINITY_DN15628_c0_g2_i5:148-1071   -            308 90238at7898          -            303     5e-17   61.8  12.3   1   2   7.6e-11   8.7e-09   34.7   4.0    98   240    20   166    11   170 0.83 -
TRINITY_DN15628_c0_g2_i5:148-1071   -            308 90238at7898          -            303     5e-17   61.8  12.3   2   2   3.3e-12   3.8e-10   39.2   2.9   108   271   125   297   120   308 0.84 -
TRINITY_DN15234_c0_g1_i2:342-2306   -            655 90238at7898          -            303   6.3e-17   61.4  20.1   1   3   2.1e-06   0.00025   20.1   1.9   108   243   340   482   306   489 0.75 -
TRINITY_DN15234_c0_g1_i2:342-2306   -            655 90238at7898          -            303   6.3e-17   61.4  20.1   2   3   8.2e-15   9.5e-13   47.7   3.1    86   255   437   614   427   618 0.83 -
TRINITY_DN15234_c0_g1_i2:342-2306   -            655 90238at7898          -            303   6.3e-17   61.4  20.1   3   3   1.3e-06   0.00015   20.8   0.9    91   195   536   648   534   654 0.69 -
TRINITY_DN15234_c0_g1_i1:377-2332   -            652 90238at7898          -            303   1.3e-16   60.4  20.3   1   3     2e-06   0.00023   20.2   1.9   107   243   339   482   301   488 0.75 -
TRINITY_DN15234_c0_g1_i1:377-2332   -            652 90238at7898          -            303   1.3e-16   60.4  20.3   2   3   1.1e-14   1.3e-12   47.3   3.4    86   251   437   608   432   618 0.84 -
TRINITY_DN15234_c0_g1_i1:377-2332   -            652 90238at7898          -            303   1.3e-16   60.4  20.3   3   3   2.2e-06   0.00026   20.0   0.8    90   194   535   647   530   651 0.76 -
TRINITY_DN18660_c0_g1_i1:2-517      -            172 90238at7898          -            303   2.6e-16   59.4   9.2   1   2   1.1e-11   1.2e-09   37.5   2.2   125   214     9   102     1   107 0.83 -
TRINITY_DN18660_c0_g1_i1:2-517      -            172 90238at7898          -            303   2.6e-16   59.4   9.2   2   2   1.9e-08   2.1e-06   26.9   0.8    82   143   104   171   102   172 0.82 -
TRINITY_DN37520_c0_g1_i1:3-740      -            246 90238at7898          -            303   3.5e-16   59.0   1.5   1   2   3.4e-15   3.9e-13   49.0   0.2    71   225    15   175     5   186 0.82 -
TRINITY_DN37520_c0_g1_i1:3-740      -            246 90238at7898          -            303   3.5e-16   59.0   1.5   2   2    0.0072      0.83    8.5   0.1    79   121   190   233   182   238 0.79 -
TRINITY_DN40089_c0_g1_i1:5-535      -            177 90238at7898          -            303   1.5e-15   57.0   6.9   1   2   3.5e-12   4.1e-10   39.1   0.9   109   212     1   109     1   110 0.91 -
TRINITY_DN40089_c0_g1_i1:5-535      -            177 90238at7898          -            303   1.5e-15   57.0   6.9   2   2     9e-09     1e-06   27.9   0.6    86   167    93   176    92   177 0.87 -
TRINITY_DN16127_c0_g1_i2:583-1227   -            215 90238at7898          -            303   2.4e-15   56.3   8.2   1   2   3.6e-15   4.1e-13   48.9   3.8   131   245    22   137    12   143 0.93 -
TRINITY_DN16127_c0_g1_i2:583-1227   -            215 90238at7898          -            303   2.4e-15   56.3   8.2   2   2    0.0017       0.2   10.6   0.2   132   175   140   183   136   199 0.91 -
TRINITY_DN16127_c0_g1_i3:308-952    -            215 90238at7898          -            303   2.4e-15   56.3   8.2   1   2   3.6e-15   4.1e-13   48.9   3.8   131   245    22   137    12   143 0.93 -
TRINITY_DN16127_c0_g1_i3:308-952    -            215 90238at7898          -            303   2.4e-15   56.3   8.2   2   2    0.0017       0.2   10.6   0.2   132   175   140   183   136   199 0.91 -
TRINITY_DN16127_c0_g1_i4:205-849    -            215 90238at7898          -            303   2.4e-15   56.3   8.2   1   2   3.6e-15   4.1e-13   48.9   3.8   131   245    22   137    12   143 0.93 -
TRINITY_DN16127_c0_g1_i4:205-849    -            215 90238at7898          -            303   2.4e-15   56.3   8.2   2   2    0.0017       0.2   10.6   0.2   132   175   140   183   136   199 0.91 -
TRINITY_DN16127_c0_g1_i5:217-861    -            215 90238at7898          -            303   2.4e-15   56.3   8.2   1   2   3.6e-15   4.1e-13   48.9   3.8   131   245    22   137    12   143 0.93 -
TRINITY_DN16127_c0_g1_i5:217-861    -            215 90238at7898          -            303   2.4e-15   56.3   8.2   2   2    0.0017       0.2   10.6   0.2   132   175   140   183   136   199 0.91 -
TRINITY_DN2534_c0_g2_i1:104-874     -            257 90238at7898          -            303   3.3e-15   55.8  10.6   1   1   2.7e-16   3.1e-14   52.6  10.0    14   242     7   248     2   248 0.85 -
TRINITY_DN5279_c0_g1_i2:5-1117      -            371 90238at7898          -            303   3.6e-15   55.7   7.1   1   2   4.6e-12   5.3e-10   38.7   1.0   131   213    61   144    46   152 0.89 -
TRINITY_DN5279_c0_g1_i2:5-1117      -            371 90238at7898          -            303   3.6e-15   55.7   7.1   2   2   2.2e-06   0.00025   20.0   0.5   132   185   154   209   146   236 0.81 -
TRINITY_DN2534_c0_g2_i3:78-932      -            285 90238at7898          -            303   3.7e-15   55.6  10.3   1   1   2.8e-16   3.3e-14   52.5   9.8    13   242    34   276    27   276 0.85 -
TRINITY_DN5279_c0_g1_i4:5-1150      -            382 90238at7898          -            303   5.7e-15   55.0   7.6   1   2   5.5e-12   6.3e-10   38.5   1.3   130   213    71   155    57   163 0.90 -
TRINITY_DN5279_c0_g1_i4:5-1150      -            382 90238at7898          -            303   5.7e-15   55.0   7.6   2   2   2.6e-06    0.0003   19.8   0.5   132   184   165   219   162   247 0.80 -
TRINITY_DN2232_c2_g1_i3:4-681       -            226 90238at7898          -            303   9.9e-15   54.2  11.2   1   2     4e-05    0.0046   15.9   4.1   100   192     9   111     1   115 0.75 -
TRINITY_DN2232_c2_g1_i3:4-681       -            226 90238at7898          -            303   9.9e-15   54.2  11.2   2   2   5.2e-14     6e-12   45.1   0.7   116   241   100   226    97   226 0.84 -
TRINITY_DN2232_c2_g1_i1:4-681       -            226 90238at7898          -            303     1e-14   54.2  10.7   1   2   4.3e-05     0.005   15.8   3.6   100   192     9   111     1   115 0.75 -
TRINITY_DN2232_c2_g1_i1:4-681       -            226 90238at7898          -            303     1e-14   54.2  10.7   2   2   4.2e-14   4.9e-12   45.4   0.7   116   241   100   226    95   226 0.85 -
TRINITY_DN5279_c0_g1_i3:519-2210    -            564 90238at7898          -            303   1.8e-14   53.4   7.6   1   2   1.1e-11   1.3e-09   37.5   1.3   130   213    71   155    60   162 0.90 -
TRINITY_DN5279_c0_g1_i3:519-2210    -            564 90238at7898          -            303   1.8e-14   53.4   7.6   2   2   4.4e-06   0.00051   19.1   0.5   132   184   165   219   160   247 0.81 -
TRINITY_DN40428_c0_g1_i1:66-596     -            177 90238at7898          -            303   2.5e-14   52.9   7.5   1   1   3.6e-15   4.1e-13   48.9   7.5    81   241    13   177     1   177 0.78 -
TRINITY_DN1957_c0_g1_i2:157-2451    -            765 90238at7898          -            303   5.1e-14   51.9   3.5   1   3   9.6e-07   0.00011   21.2   0.0   165   282     4   122     1   161 0.57 -
TRINITY_DN1957_c0_g1_i2:157-2451    -            765 90238at7898          -            303   5.1e-14   51.9   3.5   2   3      0.81        93    1.8   0.1   177   217   303   343   297   355 0.79 -
TRINITY_DN1957_c0_g1_i2:157-2451    -            765 90238at7898          -            303   5.1e-14   51.9   3.5   3   3   1.2e-08   1.3e-06   27.5   0.6    73   210   364   502   354   507 0.82 -
TRINITY_DN4717_c0_g1_i10:627-1439   -            271 90238at7898          -            303   7.1e-14   51.4   7.2   1   2     2e-05    0.0023   16.9   0.3   145   245    29   132    13   142 0.61 -
TRINITY_DN4717_c0_g1_i10:627-1439   -            271 90238at7898          -            303   7.1e-14   51.4   7.2   2   2   1.6e-11   1.9e-09   36.9   3.3    89   210   136   266   119   269 0.82 -
TRINITY_DN4717_c0_g1_i3:613-1425    -            271 90238at7898          -            303   7.1e-14   51.4   7.2   1   2     2e-05    0.0023   16.9   0.3   145   245    29   132    13   142 0.61 -
TRINITY_DN4717_c0_g1_i3:613-1425    -            271 90238at7898          -            303   7.1e-14   51.4   7.2   2   2   1.6e-11   1.9e-09   36.9   3.3    89   210   136   266   119   269 0.82 -
TRINITY_DN4717_c0_g1_i9:627-1439    -            271 90238at7898          -            303   7.1e-14   51.4   7.2   1   2     2e-05    0.0023   16.9   0.3   145   245    29   132    13   142 0.61 -
TRINITY_DN4717_c0_g1_i9:627-1439    -            271 90238at7898          -            303   7.1e-14   51.4   7.2   2   2   1.6e-11   1.9e-09   36.9   3.3    89   210   136   266   119   269 0.82 -
TRINITY_DN4717_c0_g1_i7:627-1445    -            273 90238at7898          -            303   7.6e-14   51.3   7.2   1   2   2.2e-05    0.0025   16.8   0.3   145   245    31   134    15   143 0.60 -
TRINITY_DN4717_c0_g1_i7:627-1445    -            273 90238at7898          -            303   7.6e-14   51.3   7.2   2   2   1.8e-11     2e-09   36.8   3.4    89   210   138   268   121   271 0.82 -
TRINITY_DN37520_c0_g1_i2:33-593     -            187 90238at7898          -            303     1e-13   50.9   0.2   1   1   1.5e-15   1.8e-13   50.1   0.2    71   226     5   166     1   184 0.81 -
TRINITY_DN4717_c0_g1_i5:627-1517    -            297 90238at7898          -            303   1.1e-13   50.8   7.3   1   2   8.7e-06     0.001   18.1   0.6   145   256    55   174    37   176 0.68 -
TRINITY_DN4717_c0_g1_i5:627-1517    -            297 90238at7898          -            303   1.1e-13   50.8   7.3   2   2   2.2e-11   2.5e-09   36.5   3.5    89   210   162   292   143   295 0.81 -
TRINITY_DN32578_c0_g1_i1:185-853    -            223 90238at7898          -            303   2.3e-13   49.7   5.3   1   1     3e-15   3.5e-13   49.2   5.3    89   250    20   183     3   203 0.88 -
TRINITY_DN32578_c0_g1_i2:185-853    -            223 90238at7898          -            303   2.3e-13   49.7   5.3   1   1     3e-15   3.5e-13   49.2   5.3    89   250    20   183     3   203 0.88 -
TRINITY_DN4717_c0_g1_i8:627-1439    -            271 90238at7898          -            303   2.5e-13   49.6   5.8   1   2   1.9e-05    0.0022   17.0   0.2   145   245    29   132    11   141 0.60 -
TRINITY_DN4717_c0_g1_i8:627-1439    -            271 90238at7898          -            303   2.5e-13   49.6   5.8   2   2     1e-10   1.2e-08   34.3   2.4    89   210   136   266   117   269 0.81 -
TRINITY_DN22773_c0_g1_i6:895-1536   -            214 90238at7898          -            303     4e-13   49.0   8.9   1   2   1.4e-09   1.6e-07   30.6   1.4    98   248     4   156     1   160 0.84 -
TRINITY_DN22773_c0_g1_i6:895-1536   -            214 90238at7898          -            303     4e-13   49.0   8.9   2   2   2.6e-09     3e-07   29.7   1.1    86   179   106   203   104   214 0.88 -
TRINITY_DN1692_c0_g1_i1:1795-2430   -            212 90238at7898          -            303     5e-13   48.6   0.6   1   1     8e-15   9.3e-13   47.8   0.6    15   210     1   212     1   212 0.82 -
TRINITY_DN22773_c0_g1_i9:1072-1797  -            242 90238at7898          -            303   5.8e-13   48.4   5.1   1   2   0.00017     0.019   13.9   0.1   156   213    25    81    10    89 0.82 -
TRINITY_DN22773_c0_g1_i9:1072-1797  -            242 90238at7898          -            303   5.8e-13   48.4   5.1   2   2   5.6e-11   6.4e-09   35.1   1.9   113   247    93   229    87   242 0.73 -
TRINITY_DN22773_c0_g1_i4:172-960    -            263 90238at7898          -            303   5.8e-13   48.4   5.0   1   2   0.00022     0.026   13.5   0.1   156   213    25    81    11    87 0.83 -
TRINITY_DN22773_c0_g1_i4:172-960    -            263 90238at7898          -            303   5.8e-13   48.4   5.0   2   2   5.3e-11   6.1e-09   35.2   1.9   113   254    93   239    89   253 0.73 -
TRINITY_DN22773_c0_g1_i11:1024-1665 -            214 90238at7898          -            303   6.6e-13   48.2  10.2   1   2   1.6e-09   1.9e-07   30.3   1.9    98   249     4   157     1   161 0.84 -
TRINITY_DN22773_c0_g1_i11:1024-1665 -            214 90238at7898          -            303   6.6e-13   48.2  10.2   2   2   2.5e-09   2.9e-07   29.7   1.4    86   179   106   203   104   214 0.87 -
TRINITY_DN22773_c0_g1_i2:1072-1713  -            214 90238at7898          -            303   6.6e-13   48.2  10.2   1   2   1.6e-09   1.9e-07   30.3   1.9    98   249     4   157     1   161 0.84 -
TRINITY_DN22773_c0_g1_i2:1072-1713  -            214 90238at7898          -            303   6.6e-13   48.2  10.2   2   2   2.5e-09   2.9e-07   29.7   1.4    86   179   106   203   104   214 0.87 -
TRINITY_DN13295_c0_g1_i1:4897-5499  -            201 90238at7898          -            303   7.4e-13   48.1   0.3   1   1     2e-13   2.3e-11   43.2   0.3    42   210    17   201    16   201 0.78 -
TRINITY_DN13639_c0_g1_i1:7-630      -            208 90238at7898          -            303   9.1e-13   47.8   3.7   1   3      0.11        12    4.7   0.0   217   239     9    31     3    34 0.87 -
TRINITY_DN13639_c0_g1_i1:7-630      -            208 90238at7898          -            303   9.1e-13   47.8   3.7   2   3   3.8e-09   4.3e-07   29.1   0.1   133   248    18   132    12   136 0.81 -
TRINITY_DN13639_c0_g1_i1:7-630      -            208 90238at7898          -            303   9.1e-13   47.8   3.7   3   3   3.5e-06   0.00041   19.4   0.8   153   231   130   207   124   208 0.85 -
TRINITY_DN37419_c0_g1_i1:49-873     -            275 90238at7898          -            303   1.1e-12   47.5   4.1   1   3    0.0029      0.34    9.8   0.0    87   116    25    54    14    58 0.81 -
TRINITY_DN37419_c0_g1_i1:49-873     -            275 90238at7898          -            303   1.1e-12   47.5   4.1   2   3     3e-07   3.4e-05   22.9   0.2   129   213    49   137    47   143 0.87 -
TRINITY_DN37419_c0_g1_i1:49-873     -            275 90238at7898          -            303   1.1e-12   47.5   4.1   3   3   5.1e-09   5.9e-07   28.7   0.2    91   239   101   251    94   275 0.80 -
TRINITY_DN2534_c0_g2_i4:418-1170    -            251 90238at7898          -            303   1.7e-12   46.9  10.8   1   2   6.1e-13     7e-11   41.6   7.2    92   241     1   158     1   159 0.68 -
TRINITY_DN2534_c0_g2_i4:418-1170    -            251 90238at7898          -            303   1.7e-12   46.9  10.8   2   2    0.0011      0.13   11.2   0.7    81   134   133   189   125   195 0.68 -
TRINITY_DN27838_c1_g3_i1:261-842    -            194 90238at7898          -            303   1.9e-12   46.8   4.5   1   1   3.1e-14   3.6e-12   45.8   4.5    92   255    21   188    12   192 0.76 -
TRINITY_DN4073_c0_g2_i1:4678-5466   -            263 90238at7898          -            303   4.7e-12   45.4   0.0   1   2    0.0018      0.21   10.4   0.0   100   149     6    56     1    63 0.84 -
TRINITY_DN4073_c0_g2_i1:4678-5466   -            263 90238at7898          -            303   4.7e-12   45.4   0.0   2   2   2.3e-10   2.6e-08   33.1   0.0   156   244    84   173    72   197 0.88 -
TRINITY_DN4073_c0_g2_i3:5080-5868   -            263 90238at7898          -            303   4.7e-12   45.4   0.0   1   2    0.0018      0.21   10.4   0.0   100   149     6    56     1    63 0.84 -
TRINITY_DN4073_c0_g2_i3:5080-5868   -            263 90238at7898          -            303   4.7e-12   45.4   0.0   2   2   2.3e-10   2.6e-08   33.1   0.0   156   244    84   173    72   197 0.88 -
TRINITY_DN11818_c0_g3_i1:44-817     -            258 90238at7898          -            303   5.5e-12   45.2   3.4   1   2   0.00019     0.022   13.7   0.1   135   179     4    49     2    51 0.87 -
TRINITY_DN11818_c0_g3_i1:44-817     -            258 90238at7898          -            303   5.5e-12   45.2   3.4   2   2   4.1e-10   4.7e-08   32.3   0.9    45   124    50   134    48   138 0.82 -
TRINITY_DN20994_c0_g7_i1:38-892     -            285 90238at7898          -            303   2.1e-11   43.3   3.5   1   3    0.0065      0.75    8.7   0.0   204   258    60   117    49   119 0.78 -
TRINITY_DN20994_c0_g7_i1:38-892     -            285 90238at7898          -            303   2.1e-11   43.3   3.5   2   3   1.3e-05    0.0015   17.5   0.3   133   193   105   166   101   167 0.84 -
TRINITY_DN20994_c0_g7_i1:38-892     -            285 90238at7898          -            303   2.1e-11   43.3   3.5   3   3   1.5e-09   1.8e-07   30.4   1.7    87   213   124   253   121   272 0.69 -
TRINITY_DN25647_c0_g2_i1:225-899    -            225 90238at7898          -            303   4.8e-11   42.1   5.3   1   1     5e-13   5.8e-11   41.9   5.3    19   189     3   188     1   201 0.78 -
TRINITY_DN22425_c0_g1_i1:184-696    -            171 90238at7898          -            303   7.5e-11   41.5   4.3   1   1     3e-11   3.5e-09   36.0   4.3    97   250     2   156     2   168 0.82 -
TRINITY_DN22425_c0_g1_i2:184-696    -            171 90238at7898          -            303   7.5e-11   41.5   4.3   1   1     3e-11   3.5e-09   36.0   4.3    97   250     2   156     2   168 0.82 -
TRINITY_DN32389_c0_g2_i1:106-819    -            238 90238at7898          -            303     9e-11   41.2   0.1   1   1   1.2e-11   1.4e-09   37.3   0.1     9   207    15   209     8   215 0.78 -
TRINITY_DN22773_c0_g1_i7:356-889    -            178 90238at7898          -            303   2.1e-10   40.0   5.0   1   1   3.4e-12   3.9e-10   39.1   5.0    90   250     6   170     2   178 0.86 -
TRINITY_DN47274_c0_g1_i1:71-511     -            147 90238at7898          -            303   2.6e-10   39.7   2.0   1   1   3.3e-12   3.8e-10   39.2   2.0    92   194     2   111     1   141 0.71 -
TRINITY_DN24696_c0_g3_i2:23-415     -            131 90238at7898          -            303   3.5e-10   39.3   2.5   1   1   3.6e-12   4.2e-10   39.0   2.5    92   210     9   131     2   131 0.87 -
TRINITY_DN2534_c0_g2_i2:5-556       -            184 90238at7898          -            303     5e-10   38.8   4.8   1   2   5.5e-10   6.3e-08   31.9   1.7   178   273     6   104     3   113 0.61 -
TRINITY_DN2534_c0_g2_i2:5-556       -            184 90238at7898          -            303     5e-10   38.8   4.8   2   2   0.00051     0.058   12.3   0.7    81   135    91   148    83   160 0.70 -
TRINITY_DN28114_c0_g1_i1:955-1332   -            126 90238at7898          -            303     6e-10   38.5   0.9   1   1   1.1e-11   1.3e-09   37.5   0.9    84   202    16   113     1   126 0.46 -
TRINITY_DN28114_c0_g1_i4:349-726    -            126 90238at7898          -            303     6e-10   38.5   0.9   1   1   1.1e-11   1.3e-09   37.5   0.9    84   202    16   113     1   126 0.46 -
TRINITY_DN25647_c0_g1_i1:7-738      -            244 90238at7898          -            303   1.1e-09   37.7   0.4   1   1   1.2e-11   1.4e-09   37.3   0.4    14   172    39   209    32   228 0.71 -
TRINITY_DN19162_c0_g1_i1:273-1223   -            317 90238at7898          -            303   1.5e-09   37.2   3.6   1   2   0.00013     0.015   14.3   0.0   136   214    53   131    42   147 0.81 -
TRINITY_DN19162_c0_g1_i1:273-1223   -            317 90238at7898          -            303   1.5e-09   37.2   3.6   2   2     6e-07   6.9e-05   21.9   1.7    83   167   155   240   138   264 0.82 -
TRINITY_DN19162_c0_g1_i4:273-1223   -            317 90238at7898          -            303   1.5e-09   37.2   3.6   1   2   0.00013     0.015   14.3   0.0   136   214    53   131    42   147 0.81 -
TRINITY_DN19162_c0_g1_i4:273-1223   -            317 90238at7898          -            303   1.5e-09   37.2   3.6   2   2     6e-07   6.9e-05   21.9   1.7    83   167   155   240   138   264 0.82 -
TRINITY_DN11960_c0_g1_i1:292-816    -            175 90238at7898          -            303   1.7e-09   37.0   1.3   1   2    0.0081      0.93    8.3   0.0   160   203    23    73     4    75 0.79 -
TRINITY_DN11960_c0_g1_i1:292-816    -            175 90238at7898          -            303   1.7e-09   37.0   1.3   2   2     8e-09   9.2e-07   28.1   0.9   135   215    73   155    71   170 0.90 -
TRINITY_DN45477_c0_g2_i1:20-418     -            133 90238at7898          -            303   8.2e-09   34.8   1.6   1   1   1.5e-10   1.7e-08   33.8   1.6   117   212    30   131     1   133 0.59 -
TRINITY_DN15628_c1_g2_i1:4-1440     -            479 90238at7898          -            303   1.2e-08   34.3   0.5   1   1     3e-10   3.5e-08   32.7   0.5    89   214     8   146     2   168 0.79 -
TRINITY_DN27588_c0_g2_i1:1-1461     -            487 90238at7898          -            303     2e-08   33.5  21.9   1   3       2.5   2.9e+02    0.2   0.1   230   261     7    33     5    46 0.70 -
TRINITY_DN27588_c0_g2_i1:1-1461     -            487 90238at7898          -            303     2e-08   33.5  21.9   2   3   1.6e-09   1.8e-07   30.4  12.6    45   272    28   279    24   284 0.75 -
TRINITY_DN27588_c0_g2_i1:1-1461     -            487 90238at7898          -            303     2e-08   33.5  21.9   3   3   0.00037     0.042   12.8   5.7    82   219   217   369   197   389 0.72 -
TRINITY_DN7600_c0_g2_i1:170-550     -            127 90238at7898          -            303   1.7e-06   27.2   3.3   1   1   2.4e-08   2.7e-06   26.5   3.3   132   212    39   120     2   123 0.75 -
TRINITY_DN7320_c0_g1_i2:102-1781    -            560 90238at7898          -            303   1.8e-05   23.8   0.0   1   1   3.4e-07     4e-05   22.7   0.0    12   145    49   186    39   198 0.69 -
TRINITY_DN7320_c0_g1_i3:102-1781    -            560 90238at7898          -            303   1.8e-05   23.8   0.0   1   1   3.4e-07     4e-05   22.7   0.0    12   145    49   186    39   198 0.69 -
TRINITY_DN7320_c0_g1_i4:355-2046    -            564 90238at7898          -            303   1.8e-05   23.8   0.0   1   1   3.5e-07     4e-05   22.7   0.0    12   145    53   190    43   202 0.69 -
TRINITY_DN7600_c0_g2_i3:170-604     -            145 90238at7898          -            303   2.2e-05   23.5   3.8   1   1   3.3e-07   3.8e-05   22.7   3.8   130   211    55   137    11   141 0.53 -
TRINITY_DN7600_c0_g2_i4:170-604     -            145 90238at7898          -            303   2.2e-05   23.5   3.8   1   1   3.3e-07   3.8e-05   22.7   3.8   130   211    55   137    11   141 0.53 -
TRINITY_DN53559_c0_g1_i1:118-648    -            177 90238at7898          -            303   3.6e-05   22.8   5.2   1   1   1.4e-06   0.00016   20.7   5.1   111   212    18   121     1   143 0.76 -
TRINITY_DN6644_c0_g1_i12:0-1973     -            658 90238at7898          -            303   3.7e-05   22.8   0.2   1   2   1.4e-05    0.0016   17.4   0.1   136   291   386   549   366   557 0.68 -
TRINITY_DN6644_c0_g1_i12:0-1973     -            658 90238at7898          -            303   3.7e-05   22.8   0.2   2   2      0.35        41    3.0   0.0   197   235   616   658   593   658 0.78 -
TRINITY_DN14453_c0_g2_i2:427-1842   -            359 90238at7898          -            303     9e-05   21.5   2.2   1   2   2.5e-05    0.0029   16.6   0.3    87   168     8    98     3   118 0.75 -
TRINITY_DN14453_c0_g2_i2:427-1842   -            359 90238at7898          -            303     9e-05   21.5   2.2   2   2      0.12        14    4.5   0.1   131   168   138   177   113   201 0.79 -
TRINITY_DN60055_c0_g1_i1:89-748     -            220 90238at7898          -            303    0.0001   21.3   0.4   1   2   3.3e-05    0.0038   16.2   0.1    14   108     1    97     1   108 0.78 -
TRINITY_DN60055_c0_g1_i1:89-748     -            220 90238at7898          -            303    0.0001   21.3   0.4   2   2      0.28        33    3.3   0.0    43    87   153   199   136   217 0.71 -
TRINITY_DN14453_c0_g2_i3:427-1503   -            359 90238at7898          -            303   0.00017   20.6   2.0   1   2   2.8e-05    0.0033   16.4   0.2    87   167     8    97     3   103 0.73 -
TRINITY_DN14453_c0_g2_i3:427-1503   -            359 90238at7898          -            303   0.00017   20.6   2.0   2   2      0.28        32    3.3   0.1   131   168   138   177   113   202 0.78 -
TRINITY_DN32978_c0_g2_i2:1-1461     -            487 90238at7898          -            303   0.00064   18.7   1.2   1   3     0.091        11    4.9   0.0   134   185   156   213   138   244 0.63 -
TRINITY_DN32978_c0_g2_i2:1-1461     -            487 90238at7898          -            303   0.00064   18.7   1.2   2   3      0.26        30    3.4   0.0   134   166   283   320   278   324 0.74 -
TRINITY_DN32978_c0_g2_i2:1-1461     -            487 90238at7898          -            303   0.00064   18.7   1.2   3   3     0.054       6.3    5.6   0.2   133   166   343   376   326   420 0.83 -
TRINITY_DN563_c0_g1_i14:394-2288    -            249 90238at7898          -            303     0.014   14.3   1.0   1   1   0.00017     0.019   13.9   1.0    86   168    60   126    20   159 0.54 -
TRINITY_DN563_c0_g1_i6:394-1140     -            249 90238at7898          -            303     0.014   14.3   1.0   1   1   0.00017     0.019   13.9   1.0    86   168    60   126    20   159 0.54 -
TRINITY_DN563_c0_g1_i10:415-1904    -            251 90238at7898          -            303     0.014   14.3   1.0   1   1   0.00017      0.02   13.8   1.0    86   168    60   126    20   159 0.54 -
TRINITY_DN563_c0_g1_i11:415-1904    -            251 90238at7898          -            303     0.014   14.3   1.0   1   1   0.00017      0.02   13.8   1.0    86   168    60   126    20   159 0.54 -
TRINITY_DN563_c0_g1_i12:415-1167    -            251 90238at7898          -            303     0.014   14.3   1.0   1   1   0.00017      0.02   13.8   1.0    86   168    60   126    20   159 0.54 -
TRINITY_DN563_c0_g1_i3:394-1146     -            251 90238at7898          -            303     0.014   14.3   1.0   1   1   0.00017      0.02   13.8   1.0    86   168    60   126    20   159 0.54 -
TRINITY_DN563_c0_g1_i4:394-2294     -            251 90238at7898          -            303     0.014   14.3   1.0   1   1   0.00017      0.02   13.8   1.0    86   168    60   126    20   159 0.54 -
TRINITY_DN2772_c0_g1_i1:696-1085    -            130 90238at7898          -            303     0.042   12.8   0.4   1   2     0.025       2.9    6.7   0.3    12    61    13    62     4    63 0.72 -
TRINITY_DN2772_c0_g1_i1:696-1085    -            130 90238at7898          -            303     0.042   12.8   0.4   2   2   0.00065     0.075   11.9   0.0   162   210    29    79    24    88 0.82 -
TRINITY_DN16016_c0_g1_i1:305-976    -            224 90238at7898          -            303     0.052   12.5   0.0   1   1    0.0011      0.13   11.1   0.0   160   212    15    66     4    73 0.81 -
#
# Program:         hmmsearch
# Version:         3.1b2 (February 2015)
# Pipeline mode:   SEARCH
# Query file:      /home/ericjuo/Projects/salmo_trutta_rna_seq/busco_downloads/lineages/actinopterygii_odb10/hmms/90238at7898.hmm
# Target file:     /home/ericjuo/Projects/salmo_trutta_rna_seq/data/02_intermediate/busco/run_actinopterygii_odb10/metaeuk_output/initial_results/trinity.Trinity.fasta.modified.fas
# Option settings: hmmsearch --domtblout /home/ericjuo/Projects/salmo_trutta_rna_seq/data/02_intermediate/busco/run_actinopterygii_odb10/hmmer_output/initial_run_results/90238at7898.out --cpu 1 /home/ericjuo/Projects/salmo_trutta_rna_seq/busco_downloads/lineages/actinopterygii_odb10/hmms/90238at7898.hmm /home/ericjuo/Projects/salmo_trutta_rna_seq/data/02_intermediate/busco/run_actinopterygii_odb10/metaeuk_output/initial_results/trinity.Trinity.fasta.modified.fas 
# Current dir:     /home/ericjuo/Projects/salmo_trutta_rna_seq
# Date:            Fri Apr 29 12:54:35 2022
# [ok]
