#                                                                                        --- full sequence --- -------------- this domain -------------   hmm coord   ali coord   env coord
# target name                    accession   tlen query name           accession   qlen   E-value  score  bias   #  of  c-Evalue  i-Evalue  score  bias  from    to  from    to  from    to  acc description of target
#            ------------------- ---------- ----- -------------------- ---------- ----- --------- ------ ----- --- --- --------- --------- ------ ----- ----- ----- ----- ----- ----- ----- ---- ---------------------
TRINITY_DN8993_c0_g1_i3:196-1122 -            309 91731at7898          -            216  1.2e-115  384.2  24.1   1   3   1.7e-30   5.9e-27   94.3  13.2     1    80     7   101     7   114 0.83 -
TRINITY_DN8993_c0_g1_i3:196-1122 -            309 91731at7898          -            216  1.2e-115  384.2  24.1   2   3   3.7e-70   1.3e-66  224.0   0.2    66   173   130   237   116   248 0.95 -
TRINITY_DN8993_c0_g1_i3:196-1122 -            309 91731at7898          -            216  1.2e-115  384.2  24.1   3   3   1.2e-23   4.2e-20   71.9   0.2   168   216   260   309   245   309 0.93 -
TRINITY_DN8993_c0_g1_i7:344-1270 -            309 91731at7898          -            216  1.4e-115  384.0  23.9   1   3   1.3e-30   4.6e-27   94.7  12.9     1    80     7   101     7   112 0.83 -
TRINITY_DN8993_c0_g1_i7:344-1270 -            309 91731at7898          -            216  1.4e-115  384.0  23.9   2   3   2.2e-70   7.6e-67  224.7   0.2    66   173   130   237   121   248 0.95 -
TRINITY_DN8993_c0_g1_i7:344-1270 -            309 91731at7898          -            216  1.4e-115  384.0  23.9   3   3   3.2e-23   1.1e-19   70.5   0.3   168   216   260   309   245   309 0.94 -
TRINITY_DN8993_c0_g1_i1:196-1008 -            271 91731at7898          -            216  1.5e-100  334.9  14.3   1   3   3.2e-15   1.1e-11   44.4   3.4    33    80    15    63     1    76 0.81 -
TRINITY_DN8993_c0_g1_i1:196-1008 -            271 91731at7898          -            216  1.5e-100  334.9  14.3   2   3   1.6e-70   5.5e-67  225.2   0.3    66   173    92   199    82   212 0.95 -
TRINITY_DN8993_c0_g1_i1:196-1008 -            271 91731at7898          -            216  1.5e-100  334.9  14.3   3   3   9.8e-24   3.4e-20   72.2   0.2   168   216   222   271   207   271 0.93 -
TRINITY_DN8993_c0_g1_i8:344-1156 -            271 91731at7898          -            216  9.7e-100  332.2  14.8   1   3   3.2e-15   1.1e-11   44.4   3.4    33    80    15    63     1    76 0.81 -
TRINITY_DN8993_c0_g1_i8:344-1156 -            271 91731at7898          -            216  9.7e-100  332.2  14.8   2   3   2.9e-70     1e-66  224.3   0.3    66   173    92   199    82   212 0.95 -
TRINITY_DN8993_c0_g1_i8:344-1156 -            271 91731at7898          -            216  9.7e-100  332.2  14.8   3   3   2.6e-23   8.9e-20   70.9   0.3   168   216   222   271   207   271 0.94 -
#
# Program:         hmmsearch
# Version:         3.1b2 (February 2015)
# Pipeline mode:   SEARCH
# Query file:      /home/ericjuo/Projects/salmo_trutta_rna_seq/busco_downloads/lineages/actinopterygii_odb10/hmms/91731at7898.hmm
# Target file:     /home/ericjuo/Projects/salmo_trutta_rna_seq/data/02_intermediate/busco/run_actinopterygii_odb10/metaeuk_output/initial_results/trinity.Trinity.fasta.modified.fas
# Option settings: hmmsearch --domtblout /home/ericjuo/Projects/salmo_trutta_rna_seq/data/02_intermediate/busco/run_actinopterygii_odb10/hmmer_output/initial_run_results/91731at7898.out --cpu 1 /home/ericjuo/Projects/salmo_trutta_rna_seq/busco_downloads/lineages/actinopterygii_odb10/hmms/91731at7898.hmm /home/ericjuo/Projects/salmo_trutta_rna_seq/data/02_intermediate/busco/run_actinopterygii_odb10/metaeuk_output/initial_results/trinity.Trinity.fasta.modified.fas 
# Current dir:     /home/ericjuo/Projects/salmo_trutta_rna_seq
# Date:            Fri Apr 29 12:54:29 2022
# [ok]
