#                                                                                           --- full sequence --- -------------- this domain -------------   hmm coord   ali coord   env coord
# target name                       accession   tlen query name           accession   qlen   E-value  score  bias   #  of  c-Evalue  i-Evalue  score  bias  from    to  from    to  from    to  acc description of target
#               ------------------- ---------- ----- -------------------- ---------- ----- --------- ------ ----- --- --- --------- --------- ------ ----- ----- ----- ----- ----- ----- ----- ---- ---------------------
TRINITY_DN3843_c0_g1_i1:439-1338    -            300 91826at7898          -            264  1.5e-162  538.7   0.4   1   1  1.2e-164  1.9e-162  538.5   0.4     1   264    11   293    11   293 0.97 -
TRINITY_DN3843_c0_g1_i2:509-1396    -            296 91826at7898          -            264  1.7e-161  535.4   0.4   1   1  1.4e-163  2.2e-161  535.0   0.4     1   260    12   286    12   290 0.97 -
TRINITY_DN43231_c0_g1_i2:47-820     -            258 91826at7898          -            264   9.3e-53  178.8   0.1   1   1   6.8e-55   1.1e-52  178.6   0.1    17   252     2   256     1   258 0.89 -
TRINITY_DN4876_c1_g2_i1:166-948     -            261 91826at7898          -            264   5.7e-43  146.8   0.7   1   1   4.8e-45   7.6e-43  146.4   0.7    22   257     4   255     1   259 0.91 -
TRINITY_DN43231_c0_g1_i1:39-581     -            181 91826at7898          -            264   3.6e-37  127.8   0.2   1   1   2.5e-39     4e-37  127.6   0.2    86   252     3   179     1   181 0.90 -
TRINITY_DN14901_c0_g1_i1:1750-2496  -            249 91826at7898          -            264   2.7e-25   88.8   0.7   1   1   2.1e-27   3.4e-25   88.5   0.7    22   251     6   249     3   249 0.90 -
TRINITY_DN2530_c0_g1_i8:130-975     -            282 91826at7898          -            264   4.1e-25   88.2   1.5   1   1   4.2e-27   6.5e-25   87.6   1.5    18   251    30   277    20   280 0.85 -
TRINITY_DN11108_c0_g2_i1:1153-1926  -            258 91826at7898          -            264   1.4e-24   86.5   1.6   1   1   2.8e-26   4.4e-24   84.8   1.6    21   251    11   258     6   258 0.85 -
TRINITY_DN2530_c0_g1_i6:65-931      -            289 91826at7898          -            264   6.5e-24   84.3   2.1   1   1   6.7e-26   1.1e-23   83.6   2.1    19   251    38   284    32   287 0.86 -
TRINITY_DN20082_c0_g1_i1:475-1209   -            245 91826at7898          -            264   3.1e-22   78.8   0.8   1   1   2.6e-24   4.1e-22   78.4   0.8    25   251     8   241     4   245 0.83 -
TRINITY_DN1201_c0_g1_i5:253-1017    -            255 91826at7898          -            264   2.2e-20   72.7   0.5   1   1   3.5e-22   5.5e-20   71.4   0.5    23   250    10   254     4   255 0.79 -
TRINITY_DN4859_c1_g1_i1:116-673     -            186 91826at7898          -            264   5.7e-19   68.1   0.2   1   1     4e-21   6.3e-19   67.9   0.2    26   203     1   184     1   186 0.87 -
TRINITY_DN13641_c0_g2_i1:1144-1800  -            219 91826at7898          -            264   6.6e-18   64.6   0.3   1   1   5.1e-20   8.1e-18   64.3   0.3    24   214     3   205     1   217 0.84 -
TRINITY_DN22126_c0_g1_i1:1-510      -            170 91826at7898          -            264   2.3e-15   56.3   0.5   1   1   1.7e-17   2.6e-15   56.1   0.5    40   202     4   168     1   170 0.89 -
TRINITY_DN14349_c0_g2_i1:1689-2420  -            244 91826at7898          -            264   1.5e-14   53.6   2.6   1   1   1.7e-16   2.6e-14   52.8   2.6    26   251     2   243     1   244 0.78 -
TRINITY_DN40556_c0_g1_i1:728-1690   -            321 91826at7898          -            264   7.5e-14   51.3   0.0   1   1   6.3e-16   9.9e-14   50.9   0.0    22   204    32   223    22   259 0.80 -
TRINITY_DN49709_c0_g1_i2:42-926     -            295 91826at7898          -            264   5.2e-13   48.6   0.1   1   1   4.5e-15     7e-13   48.1   0.1    15   212    43   249    37   284 0.81 -
TRINITY_DN10178_c0_g1_i1:507-1085   -            193 91826at7898          -            264   5.7e-13   48.4   0.0   1   1   3.9e-15   6.2e-13   48.3   0.0    23   178     2   162     1   192 0.81 -
TRINITY_DN10178_c0_g1_i3:507-1085   -            193 91826at7898          -            264   5.7e-13   48.4   0.0   1   1   3.9e-15   6.2e-13   48.3   0.0    23   178     2   162     1   192 0.81 -
TRINITY_DN38437_c0_g1_i7:2661-3719  -            353 91826at7898          -            264     1e-12   47.6   0.0   1   1   1.1e-14   1.8e-12   46.8   0.0    25   209    54   246    37   262 0.82 -
TRINITY_DN38437_c0_g1_i3:2654-3730  -            359 91826at7898          -            264   1.1e-12   47.5   0.0   1   1   1.2e-14   1.8e-12   46.7   0.0    25   209    60   252    43   268 0.82 -
TRINITY_DN38437_c0_g1_i9:2659-3717  -            353 91826at7898          -            264   1.4e-12   47.2   0.0   1   1   1.4e-14   2.3e-12   46.5   0.0    25   208    54   245    37   262 0.81 -
TRINITY_DN38437_c0_g1_i11:2664-3584 -            307 91826at7898          -            264   1.4e-12   47.2   0.0   1   1   1.5e-14   2.3e-12   46.4   0.0    27   209    10   200     2   217 0.83 -
TRINITY_DN38437_c0_g1_i2:2654-3730  -            359 91826at7898          -            264   1.4e-12   47.1   0.0   1   1   1.5e-14   2.4e-12   46.4   0.0    25   208    60   251    43   268 0.81 -
TRINITY_DN38437_c0_g1_i1:2656-3732  -            359 91826at7898          -            264   1.4e-12   47.1   0.0   1   1   1.5e-14   2.4e-12   46.4   0.0    25   208    60   251    43   268 0.81 -
TRINITY_DN4643_c0_g1_i10:1385-2215  -            277 91826at7898          -            264   8.5e-12   44.6   0.0   1   1   7.1e-14   1.1e-11   44.2   0.0    25   202    46   230    35   243 0.85 -
TRINITY_DN4643_c0_g1_i1:1330-2160   -            277 91826at7898          -            264   8.5e-12   44.6   0.0   1   1   7.1e-14   1.1e-11   44.2   0.0    25   202    46   230    35   243 0.85 -
TRINITY_DN4643_c0_g1_i5:1206-2036   -            277 91826at7898          -            264   8.5e-12   44.6   0.0   1   1   7.1e-14   1.1e-11   44.2   0.0    25   202    46   230    35   243 0.85 -
TRINITY_DN4643_c0_g1_i9:1221-2051   -            277 91826at7898          -            264   8.5e-12   44.6   0.0   1   1   7.1e-14   1.1e-11   44.2   0.0    25   202    46   230    35   243 0.85 -
TRINITY_DN3652_c1_g1_i1:1734-2540   -            269 91826at7898          -            264   7.2e-11   41.5   0.0   1   1     6e-13   9.5e-11   41.1   0.0    25   202    38   222    28   231 0.87 -
TRINITY_DN3652_c1_g1_i2:1736-2542   -            269 91826at7898          -            264   7.2e-11   41.5   0.0   1   1     6e-13   9.5e-11   41.1   0.0    25   202    38   222    28   231 0.87 -
TRINITY_DN37584_c0_g1_i1:65-631     -            189 91826at7898          -            264   9.7e-11   41.1   0.0   1   1   7.7e-13   1.2e-10   40.8   0.0    21   160     7   152     2   172 0.82 -
TRINITY_DN3473_c2_g1_i10:508-1371   -            288 91826at7898          -            264   1.6e-10   40.4   0.0   1   1   1.4e-12   2.1e-10   40.0   0.0    24   202     9   192     3   203 0.86 -
TRINITY_DN3473_c2_g1_i11:513-1376   -            288 91826at7898          -            264   1.6e-10   40.4   0.0   1   1   1.4e-12   2.1e-10   40.0   0.0    24   202     9   192     3   203 0.86 -
TRINITY_DN3473_c2_g1_i1:538-1401    -            288 91826at7898          -            264   1.6e-10   40.4   0.0   1   1   1.4e-12   2.1e-10   40.0   0.0    24   202     9   192     3   203 0.86 -
TRINITY_DN1675_c0_g1_i1:65-676      -            204 91826at7898          -            264   2.1e-10   40.0   1.0   1   1   3.2e-12   5.1e-10   38.7   1.0    22   201     2   184     1   190 0.76 -
TRINITY_DN1675_c0_g1_i8:65-676      -            204 91826at7898          -            264   2.1e-10   40.0   1.0   1   1   3.2e-12   5.1e-10   38.7   1.0    22   201     2   184     1   190 0.76 -
TRINITY_DN1675_c0_g1_i9:65-676      -            204 91826at7898          -            264   2.1e-10   40.0   1.0   1   1   3.2e-12   5.1e-10   38.7   1.0    22   201     2   184     1   190 0.76 -
TRINITY_DN67555_c0_g1_i1:342-1031   -            230 91826at7898          -            264   2.5e-10   39.7   1.2   1   1   1.9e-12     3e-10   39.5   1.2    25   213     2   201     1   229 0.78 -
TRINITY_DN1675_c0_g1_i3:65-811      -            249 91826at7898          -            264   3.8e-10   39.2   0.9   1   1   5.8e-12   9.2e-10   37.9   0.9    22   201     2   184     1   192 0.76 -
TRINITY_DN14940_c1_g1_i1:216-1082   -            289 91826at7898          -            264   1.5e-09   37.2   0.0   1   1   2.2e-11   3.4e-09   36.0   0.0    25   202     4   202     1   211 0.73 -
TRINITY_DN167_c3_g1_i1:666-1235     -            190 91826at7898          -            264   2.7e-09   36.3   0.1   1   1   2.9e-11   4.5e-09   35.6   0.1    29   202     2   186     1   189 0.73 -
TRINITY_DN68517_c0_g1_i1:267-1163   -            299 91826at7898          -            264   3.5e-09   36.0   0.0   1   1   6.4e-11     1e-08   34.5   0.0    21   220    17   232    11   240 0.79 -
TRINITY_DN1342_c0_g1_i12:201-749    -            183 91826at7898          -            264   4.8e-09   35.6   0.2   1   1   3.2e-11   5.1e-09   35.5   0.2    26   185     2   166     1   183 0.74 -
TRINITY_DN1342_c0_g1_i20:201-749    -            183 91826at7898          -            264   4.8e-09   35.6   0.2   1   1   3.2e-11   5.1e-09   35.5   0.2    26   185     2   166     1   183 0.74 -
TRINITY_DN53217_c0_g1_i1:353-1069   -            239 91826at7898          -            264   6.8e-09   35.0   0.3   1   1   5.9e-11   9.3e-09   34.6   0.3    26   203     1   189     1   197 0.83 -
TRINITY_DN1201_c0_g1_i1:253-708     -            152 91826at7898          -            264   8.4e-09   34.8   0.1   1   1   1.6e-10   2.6e-08   33.2   0.1   119   250     9   151     2   152 0.74 -
TRINITY_DN1201_c0_g1_i4:253-708     -            152 91826at7898          -            264   8.4e-09   34.8   0.1   1   1   1.6e-10   2.6e-08   33.2   0.1   119   250     9   151     2   152 0.74 -
TRINITY_DN40585_c0_g1_i1:218-1054   -            279 91826at7898          -            264   9.9e-09   34.5   0.4   1   1   1.3e-10   2.1e-08   33.5   0.4    25   211     4   205     1   212 0.73 -
TRINITY_DN28350_c0_g1_i1:276-1199   -            308 91826at7898          -            264   1.4e-08   34.0   0.1   1   1   1.3e-10     2e-08   33.5   0.1    17   165    25   177    19   185 0.70 -
TRINITY_DN37615_c0_g2_i1:136-816    -            227 91826at7898          -            264     2e-08   33.5   0.0   1   1   1.6e-10   2.5e-08   33.2   0.0    21    70   118   167   104   211 0.79 -
TRINITY_DN314_c2_g1_i1:551-1234     -            228 91826at7898          -            264   3.6e-08   32.7   0.1   1   1   2.8e-10   4.4e-08   32.4   0.1    25   158     1   137     1   159 0.77 -
TRINITY_DN68327_c0_g1_i1:455-1105   -            217 91826at7898          -            264   4.2e-08   32.5   0.1   1   2   0.00015     0.023   13.6   0.0    24    67    12    55     6    67 0.88 -
TRINITY_DN68327_c0_g1_i1:455-1105   -            217 91826at7898          -            264   4.2e-08   32.5   0.1   2   2   1.3e-05    0.0021   17.1   0.0    77   160    91   175    61   191 0.80 -
TRINITY_DN43367_c0_g1_i1:334-1125   -            264 91826at7898          -            264   4.3e-08   32.4   0.3   1   1   5.2e-10   8.2e-08   31.5   0.3    22   168    42   192    38   249 0.71 -
TRINITY_DN6539_c0_g1_i17:207-1076   -            290 91826at7898          -            264   5.2e-08   32.1   0.1   1   1   6.2e-10   9.7e-08   31.3   0.1    18   162     3   149     1   160 0.82 -
TRINITY_DN49815_c0_g1_i1:321-1238   -            306 91826at7898          -            264   7.5e-08   31.6   0.2   1   1     7e-10   1.1e-07   31.1   0.2    24   161    28   166    16   179 0.80 -
TRINITY_DN43367_c0_g1_i2:60-1019    -            320 91826at7898          -            264   7.7e-08   31.6   0.3   1   1   9.4e-10   1.5e-07   30.7   0.3    22   168    42   192    38   248 0.71 -
TRINITY_DN15221_c0_g1_i1:235-951    -            239 91826at7898          -            264   2.7e-07   29.8   0.5   1   1   2.8e-09   4.4e-07   29.1   0.5    27   209     4   195     1   202 0.83 -
TRINITY_DN15221_c0_g1_i2:235-951    -            239 91826at7898          -            264   2.7e-07   29.8   0.5   1   1   2.8e-09   4.4e-07   29.1   0.5    27   209     4   195     1   202 0.83 -
TRINITY_DN15221_c0_g1_i4:40-747     -            236 91826at7898          -            264   4.6e-07   29.1   0.5   1   1   4.8e-09   7.5e-07   28.3   0.5    27   209     1   192     1   199 0.83 -
TRINITY_DN20765_c0_g1_i1:331-1277   -            205 91826at7898          -            264   5.8e-07   28.7   0.2   1   1   5.9e-09   9.2e-07   28.1   0.2    21   105     6    91     2    97 0.89 -
TRINITY_DN20765_c0_g1_i2:331-1199   -            205 91826at7898          -            264   5.8e-07   28.7   0.2   1   1   5.9e-09   9.2e-07   28.1   0.2    21   105     6    91     2    97 0.89 -
TRINITY_DN6539_c0_g1_i2:135-629     -            165 91826at7898          -            264   1.2e-06   27.7   0.0   1   1   8.7e-09   1.4e-06   27.5   0.0    17   106    26   121    19   164 0.81 -
TRINITY_DN6539_c0_g1_i8:739-1611    -            291 91826at7898          -            264   2.3e-06   26.8   0.2   1   1     3e-08   4.8e-06   25.7   0.2    22   159     8   146     2   220 0.73 -
TRINITY_DN6539_c0_g1_i14:137-601    -            155 91826at7898          -            264   2.4e-06   26.7   0.1   1   1   1.5e-08   2.4e-06   26.7   0.1    18   108    17   112     8   155 0.78 -
TRINITY_DN630_c0_g1_i1:1151-1696    -            182 91826at7898          -            264   2.4e-06   26.7   0.0   1   1   1.7e-08   2.7e-06   26.5   0.0    22   114    15   113     5   158 0.81 -
TRINITY_DN60337_c0_g1_i1:210-1115   -            302 91826at7898          -            264     3e-06   26.4   0.0   1   1   2.4e-08   3.8e-06   26.0   0.0    24   200    17   195     8   224 0.74 -
TRINITY_DN6539_c0_g1_i15:728-1597   -            290 91826at7898          -            264   4.1e-06   25.9   0.2   1   1   3.8e-08   5.9e-06   25.4   0.2    22   159     7   145     2   213 0.76 -
TRINITY_DN6539_c0_g1_i20:742-1611   -            290 91826at7898          -            264   4.1e-06   25.9   0.2   1   1   3.8e-08   5.9e-06   25.4   0.2    22   159     7   145     2   213 0.76 -
TRINITY_DN6539_c0_g1_i12:742-1611   -            290 91826at7898          -            264   5.1e-06   25.6   0.2   1   1   4.6e-08   7.3e-06   25.1   0.2    22   155     7   142     2   211 0.77 -
TRINITY_DN5519_c0_g2_i1:154-471     -            106 91826at7898          -            264   5.2e-06   25.6   0.1   1   1   3.8e-08     6e-06   25.4   0.1    21   105     6    96     1    99 0.81 -
TRINITY_DN5519_c0_g2_i2:154-471     -            106 91826at7898          -            264   5.2e-06   25.6   0.1   1   1   3.8e-08     6e-06   25.4   0.1    21   105     6    96     1    99 0.81 -
TRINITY_DN6539_c0_g1_i26:742-1611   -            290 91826at7898          -            264   5.3e-06   25.6   0.1   1   1   4.8e-08   7.6e-06   25.1   0.1    22   155     7   142     2   211 0.77 -
TRINITY_DN6539_c0_g1_i22:728-1597   -            290 91826at7898          -            264     6e-06   25.4   0.3   1   1   5.3e-08   8.3e-06   24.9   0.3    22   155     7   142     2   211 0.79 -
TRINITY_DN630_c0_g1_i2:508-1293     -            262 91826at7898          -            264   6.9e-06   25.2   0.0   1   1   5.7e-08     9e-06   24.8   0.0    23   114     6   103     2   148 0.81 -
TRINITY_DN17683_c1_g1_i3:169-777    -            203 91826at7898          -            264   1.5e-05   24.1   0.2   1   1   1.1e-07   1.7e-05   23.9   0.2    26   154     7   138     2   173 0.79 -
TRINITY_DN3727_c0_g1_i12:2-859      -            286 91826at7898          -            264   2.3e-05   23.5   0.0   1   1     2e-07   3.2e-05   23.0   0.0    24   205    22   205    16   219 0.75 -
TRINITY_DN21077_c0_g1_i1:168-1163   -            332 91826at7898          -            264   2.3e-05   23.5   0.0   1   1   2.3e-07   3.6e-05   22.8   0.0    21   160    40   182    25   224 0.79 -
TRINITY_DN3727_c0_g1_i7:158-1078    -            307 91826at7898          -            264   2.8e-05   23.2   0.0   1   1   2.5e-07     4e-05   22.7   0.0    24   205    22   205    16   219 0.76 -
TRINITY_DN3727_c0_g1_i3:209-1147    -            313 91826at7898          -            264     3e-05   23.1   0.0   1   1   2.7e-07   4.2e-05   22.6   0.0    24   205    24   207    18   221 0.75 -
TRINITY_DN3727_c0_g1_i8:209-1147    -            313 91826at7898          -            264     3e-05   23.1   0.0   1   1   2.7e-07   4.2e-05   22.6   0.0    24   205    24   207    18   221 0.75 -
TRINITY_DN3727_c0_g1_i2:221-1141    -            307 91826at7898          -            264   3.8e-05   22.8   0.0   1   1   3.4e-07   5.4e-05   22.3   0.0    24   205    22   205    16   219 0.75 -
TRINITY_DN60771_c0_g1_i1:38-685     -            216 91826at7898          -            264   4.2e-05   22.6   0.0   1   2      0.01       1.6    7.6   0.0    24    66     9    51     4    65 0.82 -
TRINITY_DN60771_c0_g1_i1:38-685     -            216 91826at7898          -            264   4.2e-05   22.6   0.0   2   2   0.00021     0.034   13.1   0.0    78   160    91   174    83   191 0.76 -
TRINITY_DN26198_c0_g2_i1:1-840      -            280 91826at7898          -            264   6.9e-05   21.9   0.0   1   1   6.4e-07    0.0001   21.4   0.0    27   202    70   251    66   268 0.84 -
TRINITY_DN1166_c1_g1_i13:3698-5902  -            735 91826at7898          -            264   0.00025   20.1   0.8   1   1   3.7e-06   0.00059   18.9   0.8    24   203     7   196     2   202 0.75 -
TRINITY_DN1166_c1_g1_i1:3666-5870   -            735 91826at7898          -            264   0.00025   20.1   0.8   1   1   3.7e-06   0.00059   18.9   0.8    24   203     7   196     2   202 0.75 -
TRINITY_DN1166_c1_g1_i6:4423-6627   -            735 91826at7898          -            264   0.00025   20.1   0.8   1   1   3.7e-06   0.00059   18.9   0.8    24   203     7   196     2   202 0.75 -
TRINITY_DN37515_c0_g1_i1:226-963    -            246 91826at7898          -            264   0.00047   19.2   0.1   1   1   8.5e-06    0.0013   17.7   0.1    91   162    38   106    18   175 0.61 -
#
# Program:         hmmsearch
# Version:         3.1b2 (February 2015)
# Pipeline mode:   SEARCH
# Query file:      /home/ericjuo/Projects/salmo_trutta_rna_seq/busco_downloads/lineages/actinopterygii_odb10/hmms/91826at7898.hmm
# Target file:     /home/ericjuo/Projects/salmo_trutta_rna_seq/data/02_intermediate/busco/run_actinopterygii_odb10/metaeuk_output/initial_results/trinity.Trinity.fasta.modified.fas
# Option settings: hmmsearch --domtblout /home/ericjuo/Projects/salmo_trutta_rna_seq/data/02_intermediate/busco/run_actinopterygii_odb10/hmmer_output/initial_run_results/91826at7898.out --cpu 1 /home/ericjuo/Projects/salmo_trutta_rna_seq/busco_downloads/lineages/actinopterygii_odb10/hmms/91826at7898.hmm /home/ericjuo/Projects/salmo_trutta_rna_seq/data/02_intermediate/busco/run_actinopterygii_odb10/metaeuk_output/initial_results/trinity.Trinity.fasta.modified.fas 
# Current dir:     /home/ericjuo/Projects/salmo_trutta_rna_seq
# Date:            Fri Apr 29 12:54:31 2022
# [ok]
