#                                                                                          --- full sequence --- -------------- this domain -------------   hmm coord   ali coord   env coord
# target name                      accession   tlen query name           accession   qlen   E-value  score  bias   #  of  c-Evalue  i-Evalue  score  bias  from    to  from    to  from    to  acc description of target
#              ------------------- ---------- ----- -------------------- ---------- ----- --------- ------ ----- --- --- --------- --------- ------ ----- ----- ----- ----- ----- ----- ----- ---- ---------------------
TRINITY_DN1534_c0_g3_i1:720-1733   -            338 93195at7898          -            278  2.2e-156  518.9  37.5   1   1  1.6e-157  2.5e-155  515.3  37.5     1   278    30   338    30   338 0.95 -
TRINITY_DN76_c7_g1_i1:953-1864     -            304 93195at7898          -            278   1.4e-29  102.9  23.6   1   1   1.9e-31   3.1e-29  101.8  23.6     3   259    17   303    15   304 0.71 -
TRINITY_DN76_c7_g1_i2:953-1864     -            304 93195at7898          -            278   1.4e-29  102.9  23.6   1   1   1.9e-31   3.1e-29  101.8  23.6     3   259    17   303    15   304 0.71 -
TRINITY_DN3829_c0_g1_i9:350-1222   -            291 93195at7898          -            278   1.3e-28   99.7  21.3   1   2   2.7e-28   4.4e-26   91.4  16.8     2   216     3   236     2   254 0.82 -
TRINITY_DN3829_c0_g1_i9:350-1222   -            291 93195at7898          -            278   1.3e-28   99.7  21.3   2   2   0.00078      0.13   11.2   0.3   206   245   250   288   237   291 0.87 -
TRINITY_DN4790_c0_g2_i8:235-1104   -            290 93195at7898          -            278   1.3e-28   99.7  22.7   1   1   2.5e-29     4e-27   94.9  22.7     2   221    11   246    10   289 0.75 -
TRINITY_DN4790_c0_g2_i4:235-1155   -            307 93195at7898          -            278   7.7e-28   97.2  22.0   1   1     1e-27   1.7e-25   89.5  22.0     2   251    11   301    10   307 0.73 -
TRINITY_DN4790_c0_g2_i7:235-1083   -            283 93195at7898          -            278   1.3e-27   96.5  23.0   1   1     4e-29   6.4e-27   94.2  23.0     2   220    11   245    10   283 0.79 -
TRINITY_DN3829_c0_g1_i16:221-1126  -            302 93195at7898          -            278   1.3e-27   96.4  23.2   1   2   2.4e-27   3.9e-25   88.3  18.7     2   216    14   247    13   266 0.82 -
TRINITY_DN3829_c0_g1_i16:221-1126  -            302 93195at7898          -            278   1.3e-27   96.4  23.2   2   2   0.00082      0.13   11.2   0.3   206   245   261   299   248   302 0.87 -
TRINITY_DN18130_c0_g1_i3:266-1222  -            319 93195at7898          -            278   3.3e-26   91.8  13.4   1   2     2e-28   3.3e-26   91.8  13.4     3   214    37   267    35   272 0.80 -
TRINITY_DN18130_c0_g1_i3:266-1222  -            319 93195at7898          -            278   3.3e-26   91.8  13.4   2   2       4.9   7.9e+02   -1.2   0.0   210   240   285   314   282   317 0.74 -
TRINITY_DN18130_c0_g1_i2:266-1126  -            287 93195at7898          -            278   1.2e-25   90.0  17.9   1   2   7.7e-28   1.2e-25   90.0  16.0     3   214     5   235     4   240 0.78 -
TRINITY_DN18130_c0_g1_i2:266-1126  -            287 93195at7898          -            278   1.2e-25   90.0  17.9   2   2       4.3   6.9e+02   -1.0   0.0   210   240   253   282   250   285 0.74 -
TRINITY_DN14202_c0_g1_i4:174-1166  -            331 93195at7898          -            278   1.4e-24   86.5  21.8   1   1   2.6e-24   4.2e-22   78.4  21.3     1   214    40   278    40   318 0.78 -
TRINITY_DN14202_c0_g1_i3:172-1164  -            331 93195at7898          -            278   1.4e-24   86.5  21.8   1   1   2.6e-24   4.2e-22   78.4  21.3     1   214    40   278    40   318 0.78 -
TRINITY_DN18485_c0_g1_i3:1031-2047 -            339 93195at7898          -            278   3.8e-22   78.5  15.2   1   1   3.3e-24   5.4e-22   78.0  15.2     4   222    56   286    54   293 0.78 -
TRINITY_DN18485_c0_g1_i4:1030-2046 -            339 93195at7898          -            278   3.8e-22   78.5  15.2   1   1   3.3e-24   5.4e-22   78.0  15.2     4   222    56   286    54   293 0.78 -
TRINITY_DN16024_c0_g1_i3:615-1502  -            296 93195at7898          -            278   3.9e-22   78.5  21.0   1   1   3.1e-24   4.9e-22   78.2  21.0     4   249    18   278    15   292 0.81 -
TRINITY_DN18485_c0_g1_i5:1158-2174 -            339 93195at7898          -            278     5e-22   78.1  13.4   1   1   4.1e-24   6.6e-22   77.7  13.4     4   221    56   285    54   303 0.79 -
TRINITY_DN18485_c0_g1_i1:1158-2174 -            339 93195at7898          -            278   6.6e-21   74.5  14.1   1   1   5.4e-23   8.7e-21   74.1  14.1     4   221    56   285    54   303 0.78 -
TRINITY_DN13705_c0_g1_i2:441-1385  -            315 93195at7898          -            278   9.1e-21   74.0  18.9   1   1   7.3e-23   1.2e-20   73.6  18.9     3   213    40   258    38   310 0.86 -
TRINITY_DN13705_c0_g1_i1:12-950    -            313 93195at7898          -            278   9.9e-21   73.9  19.1   1   1   7.9e-23   1.3e-20   73.5  19.1     3   213    38   256    36   309 0.86 -
TRINITY_DN18459_c0_g1_i1:275-1006  -            244 93195at7898          -            278   1.6e-20   73.2   7.2   1   2     2e-19   3.2e-17   62.4   3.1     2   131     4   140     3   158 0.84 -
TRINITY_DN18459_c0_g1_i1:275-1006  -            244 93195at7898          -            278   1.6e-20   73.2   7.2   2   2   0.00022     0.035   13.0   0.1   154   207   190   244   173   244 0.85 -
TRINITY_DN13705_c0_g1_i3:416-1399  -            328 93195at7898          -            278   3.2e-20   72.2  19.8   1   1     2e-22   3.2e-20   72.2  19.8     3   213    40   258    38   270 0.85 -
TRINITY_DN17855_c0_g2_i2:299-1255  -            319 93195at7898          -            278   4.8e-20   71.6  16.7   1   2   3.5e-18   5.6e-16   58.3   8.3     3   125     7   134     5   145 0.81 -
TRINITY_DN17855_c0_g2_i2:299-1255  -            319 93195at7898          -            278   4.8e-20   71.6  16.7   2   2   4.8e-06   0.00077   18.5   1.2   151   216   201   261   158   276 0.85 -
TRINITY_DN45193_c0_g1_i1:14-544    -            177 93195at7898          -            278   8.4e-20   70.8   4.3   1   1   6.1e-22   9.8e-20   70.6   4.3     7   166     1   176     1   177 0.82 -
TRINITY_DN18485_c1_g1_i1:662-1612  -            317 93195at7898          -            278   1.1e-19   70.4  17.3   1   1     1e-21   1.6e-19   69.9  17.3     5   222    34   264    32   286 0.79 -
TRINITY_DN16024_c0_g1_i4:568-1560  -            331 93195at7898          -            278   1.4e-19   70.1  24.9   1   1   1.2e-21     2e-19   69.6  24.9     3   249    53   317    50   329 0.78 -
TRINITY_DN16024_c0_g1_i5:595-1587  -            331 93195at7898          -            278   1.4e-19   70.1  24.9   1   1   1.2e-21     2e-19   69.6  24.9     3   249    53   317    50   329 0.78 -
TRINITY_DN219_c0_g1_i2:180-1064    -            295 93195at7898          -            278   1.8e-19   69.8  19.2   1   1   1.5e-21   2.4e-19   69.3  19.2     3   222    23   253    21   289 0.83 -
TRINITY_DN19416_c0_g1_i2:292-1275  -            328 93195at7898          -            278     1e-18   67.3  14.8   1   1   9.1e-21   1.5e-18   66.8  14.8     3   216    34   252    32   262 0.81 -
TRINITY_DN19416_c0_g1_i1:292-1299  -            336 93195at7898          -            278   1.1e-18   67.2  14.8   1   1   9.7e-21   1.6e-18   66.7  14.8     3   216    42   260    40   270 0.81 -
TRINITY_DN13818_c1_g1_i2:59-895    -            279 93195at7898          -            278   1.3e-18   67.0  20.0   1   1   3.4e-20   5.4e-18   64.9  20.0     4   227     2   242     1   278 0.70 -
TRINITY_DN28961_c0_g1_i1:641-1546  -            302 93195at7898          -            278   1.8e-18   66.5  24.1   1   1   1.6e-20   2.6e-18   65.9  24.1     1   213    43   258    43   273 0.83 -
TRINITY_DN13050_c0_g1_i3:237-1196  -            320 93195at7898          -            278   3.2e-18   65.7  20.2   1   1   2.8e-20   4.5e-18   65.2  20.2     4   211    30   249    28   277 0.79 -
TRINITY_DN13050_c0_g1_i1:574-1533  -            320 93195at7898          -            278   8.1e-18   64.3  20.2   1   1   7.5e-20   1.2e-17   63.8  20.2     4   211    30   249    28   270 0.79 -
TRINITY_DN13050_c0_g1_i2:474-1433  -            320 93195at7898          -            278   8.1e-18   64.3  20.2   1   1   7.5e-20   1.2e-17   63.8  20.2     4   211    30   249    28   270 0.79 -
TRINITY_DN219_c0_g1_i1:81-1001     -            307 93195at7898          -            278   9.7e-18   64.1  18.2   1   1   8.4e-20   1.4e-17   63.6  18.2     3   222    33   265    31   301 0.82 -
TRINITY_DN219_c0_g1_i3:421-1341    -            307 93195at7898          -            278   9.7e-18   64.1  18.2   1   1   8.4e-20   1.4e-17   63.6  18.2     3   222    33   265    31   301 0.82 -
TRINITY_DN219_c0_g1_i4:81-1001     -            307 93195at7898          -            278   9.7e-18   64.1  18.2   1   1   8.4e-20   1.4e-17   63.6  18.2     3   222    33   265    31   301 0.82 -
TRINITY_DN13818_c1_g1_i1:224-1057  -            278 93195at7898          -            278   1.1e-17   63.9  21.0   1   1   2.1e-19   3.4e-17   62.3  21.0     4   227     2   242     1   277 0.70 -
TRINITY_DN13818_c1_g1_i4:426-1259  -            278 93195at7898          -            278   1.1e-17   63.9  21.0   1   1   2.1e-19   3.4e-17   62.3  21.0     4   227     2   242     1   277 0.70 -
TRINITY_DN3743_c1_g1_i2:515-1327   -            271 93195at7898          -            278   1.5e-17   63.5  15.4   1   1   1.1e-19   1.8e-17   63.2  15.4     4   216     2   226     1   244 0.78 -
TRINITY_DN3743_c1_g1_i3:259-1071   -            271 93195at7898          -            278   1.5e-17   63.5  15.4   1   1   1.1e-19   1.8e-17   63.2  15.4     4   216     2   226     1   244 0.78 -
TRINITY_DN3743_c1_g1_i4:515-1327   -            271 93195at7898          -            278   1.5e-17   63.5  15.4   1   1   1.1e-19   1.8e-17   63.2  15.4     4   216     2   226     1   244 0.78 -
TRINITY_DN18459_c0_g2_i1:222-974   -            251 93195at7898          -            278   2.9e-17   62.5   7.3   1   1   2.5e-19     4e-17   62.1   7.3     2   204    25   251    24   251 0.75 -
TRINITY_DN40605_c1_g1_i2:188-1123  -            312 93195at7898          -            278   4.5e-17   61.9   9.6   1   1   5.4e-19   8.7e-17   60.9   9.6     2   216    16   240    15   242 0.78 -
TRINITY_DN41817_c0_g1_i1:1-771     -            257 93195at7898          -            278   1.8e-16   59.9  11.6   1   1   1.6e-18   2.6e-16   59.4  11.6     3   216    26   256    22   257 0.75 -
TRINITY_DN16057_c0_g4_i2:405-1031  -            209 93195at7898          -            278   1.9e-15   56.5   2.4   1   1   1.6e-17   2.6e-15   56.1   2.4     4   128    35   169    32   176 0.79 -
TRINITY_DN35988_c0_g1_i1:0-440     -            147 93195at7898          -            278   2.1e-15   56.4   7.0   1   1   1.6e-17   2.6e-15   56.1   7.0     3   101    40   142    39   147 0.88 -
TRINITY_DN2642_c1_g1_i3:527-1732   -            402 93195at7898          -            278   4.3e-15   55.4  19.2   1   2   1.8e-15     3e-13   49.4  10.5     3   118    36   156    34   173 0.87 -
TRINITY_DN2642_c1_g1_i3:527-1732   -            402 93195at7898          -            278   4.3e-15   55.4  19.2   2   2    0.0024      0.38    9.6   1.4   184   219   295   330   287   386 0.78 -
TRINITY_DN46965_c0_g1_i1:3-557     -            185 93195at7898          -            278   1.1e-14   54.1   9.0   1   1   7.6e-17   1.2e-14   53.9   9.0     1   142     4   152     4   175 0.82 -
TRINITY_DN33802_c0_g3_i1:12-473    -            154 93195at7898          -            278   2.7e-14   52.8   1.3   1   1   1.8e-16   2.9e-14   52.7   1.3    13   126     3   124     1   146 0.80 -
TRINITY_DN22342_c1_g1_i1:232-1086  -            285 93195at7898          -            278   3.1e-14   52.6   9.3   1   1   3.3e-16   5.3e-14   51.8   9.3     8   208     9   222     4   235 0.75 -
TRINITY_DN44679_c0_g1_i1:196-759   -            188 93195at7898          -            278   1.4e-13   50.4  12.7   1   1   1.1e-15   1.8e-13   50.0  12.7     2   167     8   188     7   188 0.71 -
TRINITY_DN22430_c0_g1_i1:334-777   -            148 93195at7898          -            278   1.5e-13   50.3   7.6   1   1   1.1e-15   1.8e-13   50.1   7.6     3   114    29   147    27   148 0.85 -
TRINITY_DN13311_c0_g1_i1:815-1693  -            293 93195at7898          -            278   5.4e-13   48.5   8.3   1   1   5.5e-15   8.8e-13   47.8   8.3     2   212    14   233    13   248 0.73 -
TRINITY_DN20608_c0_g2_i1:543-1283  -            247 93195at7898          -            278   6.2e-13   48.3  17.1   1   1   1.5e-14   2.4e-12   46.4  17.1    53   263     4   243     2   247 0.71 -
TRINITY_DN40605_c1_g1_i1:185-751   -            189 93195at7898          -            278   8.5e-13   47.9   2.2   1   1   6.4e-15     1e-12   47.6   2.2     2   124    17   144    16   163 0.80 -
TRINITY_DN14419_c0_g1_i2:191-1033  -            281 93195at7898          -            278   3.1e-12   46.0  12.0   1   1   1.9e-14   3.1e-12   46.0  12.0    10   215     2   214     1   224 0.78 -
TRINITY_DN6442_c0_g1_i6:474-1343   -            290 93195at7898          -            278   3.6e-12   45.8  18.1   1   1   3.6e-14   5.8e-12   45.1  18.1     2   215    16   237    15   289 0.77 -
TRINITY_DN6442_c0_g1_i3:923-1798   -            292 93195at7898          -            278   1.8e-11   43.5  15.5   1   1   2.1e-13   3.3e-11   42.6  15.5     2   215    16   239    15   289 0.73 -
TRINITY_DN6442_c0_g1_i7:923-1798   -            292 93195at7898          -            278   1.8e-11   43.5  15.5   1   1   2.1e-13   3.3e-11   42.6  15.5     2   215    16   239    15   289 0.73 -
TRINITY_DN24845_c0_g3_i1:2-823     -            274 93195at7898          -            278   4.4e-11   42.2  25.5   1   1   4.4e-13     7e-11   41.6  25.5     8   213     3   227     1   274 0.70 -
TRINITY_DN6442_c0_g1_i4:923-1798   -            292 93195at7898          -            278     6e-11   41.8  15.8   1   1   6.7e-13   1.1e-10   40.9  15.8     2   215    16   239    15   289 0.73 -
TRINITY_DN16647_c0_g1_i4:157-867   -            237 93195at7898          -            278   7.5e-11   41.5   4.1   1   1   4.7e-13   7.5e-11   41.5   4.1    59   215     3   173     1   187 0.75 -
TRINITY_DN16647_c0_g1_i2:302-1015  -            238 93195at7898          -            278   7.6e-11   41.5   4.1   1   1   4.7e-13   7.6e-11   41.5   4.1    59   215     3   173     1   187 0.75 -
TRINITY_DN57235_c0_g1_i1:1-534     -            178 93195at7898          -            278   6.9e-10   38.3   8.2   1   1   4.6e-12   7.4e-10   38.2   8.2    86   214     1   134     1   177 0.79 -
TRINITY_DN6406_c0_g1_i2:239-991    -            251 93195at7898          -            278   1.1e-09   37.6  16.6   1   1   8.2e-12   1.3e-09   37.4  16.6    15   236     1   243     1   249 0.71 -
TRINITY_DN19061_c0_g1_i1:362-1204  -            281 93195at7898          -            278   1.5e-09   37.2  24.8   1   1   1.8e-11   2.9e-09   36.3  24.8     3   215     8   227     6   258 0.73 -
TRINITY_DN3609_c0_g1_i1:282-971    -            230 93195at7898          -            278   2.2e-09   36.7  24.4   1   1   3.8e-11   6.2e-09   35.2  24.4     4   210     1   230     1   230 0.71 -
TRINITY_DN6406_c0_g1_i1:241-1002   -            254 93195at7898          -            278   2.6e-09   36.4  15.8   1   1     2e-11   3.3e-09   36.1  15.8    15   236     1   243     1   249 0.69 -
TRINITY_DN16647_c0_g1_i1:302-1024  -            241 93195at7898          -            278   8.3e-09   34.8   8.2   1   1   5.2e-11   8.3e-09   34.8   8.2    59   215     3   176     1   190 0.71 -
TRINITY_DN53926_c0_g1_i1:2-775     -            258 93195at7898          -            278     1e-08   34.4   1.5   1   1   8.2e-11   1.3e-08   34.1   1.5    59   215     1   170     1   232 0.74 -
TRINITY_DN14419_c0_g1_i1:56-571    -            172 93195at7898          -            278   1.2e-08   34.2   8.7   1   1   9.2e-11   1.5e-08   33.9   8.7     3   126    27   155    24   169 0.82 -
TRINITY_DN20182_c0_g1_i1:11-673    -            221 93195at7898          -            278   4.6e-08   32.3  18.3   1   1   4.6e-10   7.5e-08   31.6  18.3    59   233     3   192     1   215 0.70 -
TRINITY_DN27599_c1_g1_i7:284-1276  -            331 93195at7898          -            278     1e-07   31.2  18.4   1   2   6.3e-10     1e-07   31.2  18.4     7   186     4   199     1   204 0.75 -
TRINITY_DN27599_c1_g1_i7:284-1276  -            331 93195at7898          -            278     1e-07   31.2  18.4   2   2       5.7   9.2e+02   -1.5   0.0   179   214   247   282   241   288 0.68 -
TRINITY_DN27599_c1_g1_i2:431-1420  -            330 93195at7898          -            278   1.5e-07   30.7  18.3   1   2   9.1e-10   1.5e-07   30.7  18.3     7   181     4   194     1   203 0.74 -
TRINITY_DN27599_c1_g1_i2:431-1420  -            330 93195at7898          -            278   1.5e-07   30.7  18.3   2   2       3.8   6.1e+02   -0.9   0.1   178   214   245   281   236   288 0.70 -
TRINITY_DN27599_c1_g1_i5:1673-2662 -            330 93195at7898          -            278   1.5e-07   30.7  18.3   1   2   9.1e-10   1.5e-07   30.7  18.3     7   181     4   194     1   203 0.74 -
TRINITY_DN27599_c1_g1_i5:1673-2662 -            330 93195at7898          -            278   1.5e-07   30.7  18.3   2   2       3.8   6.1e+02   -0.9   0.1   178   214   245   281   236   288 0.70 -
TRINITY_DN25580_c1_g1_i1:541-1434  -            298 93195at7898          -            278   4.1e-07   29.2  17.7   1   3   2.9e-06   0.00047   19.2   2.5     6   124     2   132     1   142 0.79 -
TRINITY_DN25580_c1_g1_i1:541-1434  -            298 93195at7898          -            278   4.1e-07   29.2  17.7   2   3     2e-05    0.0032   16.4   2.2    48   128   160   238   144   252 0.85 -
TRINITY_DN25580_c1_g1_i1:541-1434  -            298 93195at7898          -            278   4.1e-07   29.2  17.7   3   3      0.31        49    2.7   0.3   211   241   262   292   253   297 0.67 -
TRINITY_DN25580_c1_g1_i2:541-1434  -            298 93195at7898          -            278   4.1e-07   29.2  17.7   1   3   2.9e-06   0.00047   19.2   2.5     6   124     2   132     1   142 0.79 -
TRINITY_DN25580_c1_g1_i2:541-1434  -            298 93195at7898          -            278   4.1e-07   29.2  17.7   2   3     2e-05    0.0032   16.4   2.2    48   128   160   238   144   252 0.85 -
TRINITY_DN25580_c1_g1_i2:541-1434  -            298 93195at7898          -            278   4.1e-07   29.2  17.7   3   3      0.31        49    2.7   0.3   211   241   262   292   253   297 0.67 -
TRINITY_DN27599_c1_g1_i6:1673-2662 -            330 93195at7898          -            278     7e-07   28.5  17.8   1   2   4.3e-09     7e-07   28.5  17.8     7   181     4   194     1   203 0.74 -
TRINITY_DN27599_c1_g1_i6:1673-2662 -            330 93195at7898          -            278     7e-07   28.5  17.8   2   2       3.8   6.1e+02   -0.9   0.1   178   214   245   281   236   288 0.70 -
TRINITY_DN22388_c1_g1_i1:1-537     -            179 93195at7898          -            278   8.3e-07   28.2   4.4   1   1   6.4e-09     1e-06   27.9   4.4   114   223     1   107     1   157 0.66 -
TRINITY_DN28354_c0_g1_i1:118-792   -            225 93195at7898          -            278   3.2e-06   26.3  11.2   1   1   3.5e-08   5.6e-06   25.5  11.2    59   214     1   166     1   181 0.71 -
TRINITY_DN3829_c0_g1_i6:111-656    -            182 93195at7898          -            278   9.5e-06   24.7   5.2   1   2     5e-05     0.008   15.1   0.9   154   216     4    71     1    90 0.75 -
TRINITY_DN3829_c0_g1_i6:111-656    -            182 93195at7898          -            278   9.5e-06   24.7   5.2   2   2   0.00047     0.076   11.9   0.2   213   246   136   169   120   181 0.89 -
TRINITY_DN20457_c0_g1_i2:98-724    -            209 93195at7898          -            278   4.6e-05   22.5  21.4   1   1   4.1e-07   6.6e-05   22.0  21.4     2   170    19   198    18   207 0.74 -
TRINITY_DN56721_c0_g1_i1:23-916    -            298 93195at7898          -            278   6.9e-05   21.9  10.6   1   1   1.6e-06   0.00026   20.0  10.6     3   124    63   192    61   267 0.74 -
TRINITY_DN47541_c0_g1_i1:3-518     -            172 93195at7898          -            278    0.0025   16.8   5.9   1   2     2e-05    0.0032   16.4   4.1   154   212    48   100    41   115 0.84 -
TRINITY_DN47541_c0_g1_i1:3-518     -            172 93195at7898          -            278    0.0025   16.8   5.9   2   2       2.7   4.3e+02   -0.4   0.0   218   246   128   157   114   161 0.72 -
TRINITY_DN2871_c0_g2_i1:801-1670   -            290 93195at7898          -            278      0.18   10.7   8.4   1   1    0.0014      0.23   10.4   8.1    10   170    28   199    17   236 0.70 -
#
# Program:         hmmsearch
# Version:         3.1b2 (February 2015)
# Pipeline mode:   SEARCH
# Query file:      /home/ericjuo/Projects/salmo_trutta_rna_seq/busco_downloads/lineages/actinopterygii_odb10/hmms/93195at7898.hmm
# Target file:     /home/ericjuo/Projects/salmo_trutta_rna_seq/data/02_intermediate/busco/run_actinopterygii_odb10/metaeuk_output/initial_results/trinity.Trinity.fasta.modified.fas
# Option settings: hmmsearch --domtblout /home/ericjuo/Projects/salmo_trutta_rna_seq/data/02_intermediate/busco/run_actinopterygii_odb10/hmmer_output/initial_run_results/93195at7898.out --cpu 1 /home/ericjuo/Projects/salmo_trutta_rna_seq/busco_downloads/lineages/actinopterygii_odb10/hmms/93195at7898.hmm /home/ericjuo/Projects/salmo_trutta_rna_seq/data/02_intermediate/busco/run_actinopterygii_odb10/metaeuk_output/initial_results/trinity.Trinity.fasta.modified.fas 
# Current dir:     /home/ericjuo/Projects/salmo_trutta_rna_seq
# Date:            Fri Apr 29 12:54:37 2022
# [ok]
