#                                                                                          --- full sequence --- -------------- this domain -------------   hmm coord   ali coord   env coord
# target name                      accession   tlen query name           accession   qlen   E-value  score  bias   #  of  c-Evalue  i-Evalue  score  bias  from    to  from    to  from    to  acc description of target
#              ------------------- ---------- ----- -------------------- ---------- ----- --------- ------ ----- --- --- --------- --------- ------ ----- ----- ----- ----- ----- ----- ----- ---- ---------------------
TRINITY_DN16285_c2_g1_i1:147-998   -            284 95905at7898          -            274   5.6e-40  137.0   0.6   1   1   5.7e-42   7.2e-40  136.7   0.6     6   273     5   279     1   280 0.82 -
TRINITY_DN1994_c0_g1_i12:199-1110  -            304 95905at7898          -            274   5.2e-35  120.8   1.6   1   1     5e-37   6.3e-35  120.5   1.6     5   273    20   296    15   297 0.83 -
TRINITY_DN1994_c0_g1_i5:199-1110   -            304 95905at7898          -            274   5.2e-35  120.8   1.6   1   1     5e-37   6.3e-35  120.5   1.6     5   273    20   296    15   297 0.83 -
TRINITY_DN1994_c0_g1_i6:199-1110   -            304 95905at7898          -            274   5.2e-35  120.8   1.6   1   1     5e-37   6.3e-35  120.5   1.6     5   273    20   296    15   297 0.83 -
TRINITY_DN1994_c0_g1_i3:199-1110   -            304 95905at7898          -            274   7.7e-35  120.2   1.8   1   1   7.4e-37   9.3e-35  119.9   1.8     5   273    20   296    15   297 0.82 -
TRINITY_DN1994_c0_g1_i10:224-1141  -            306 95905at7898          -            274   1.4e-34  119.4   2.2   1   1   1.3e-36   1.7e-34  119.1   2.2     5   273    20   296    15   297 0.82 -
TRINITY_DN1994_c0_g1_i8:224-1141   -            306 95905at7898          -            274   1.4e-34  119.4   2.2   1   1   1.3e-36   1.7e-34  119.1   2.2     5   273    20   296    15   297 0.82 -
TRINITY_DN5425_c2_g1_i1:48-872     -            275 95905at7898          -            274   1.2e-32  113.1   1.3   1   1   1.4e-34   1.8e-32  112.4   1.3     6   273     5   273     1   274 0.84 -
TRINITY_DN5425_c2_g1_i2:48-872     -            275 95905at7898          -            274   1.2e-32  113.1   1.3   1   1   1.4e-34   1.8e-32  112.4   1.3     6   273     5   273     1   274 0.84 -
TRINITY_DN2579_c0_g1_i25:649-1575  -            309 95905at7898          -            274   1.9e-30  105.8   0.5   1   1   1.9e-32   2.4e-30  105.4   0.5     6   273    21   294    17   295 0.82 -
TRINITY_DN2579_c0_g1_i28:892-1818  -            309 95905at7898          -            274   1.9e-30  105.8   0.5   1   1   1.9e-32   2.4e-30  105.4   0.5     6   273    21   294    17   295 0.82 -
TRINITY_DN2579_c0_g1_i12:649-1859  -            309 95905at7898          -            274     2e-30  105.7   0.6   1   1     2e-32   2.5e-30  105.4   0.6     6   273    21   294    17   295 0.82 -
TRINITY_DN6037_c0_g2_i1:687-1565   -            293 95905at7898          -            274   1.4e-27   96.4   1.0   1   3     7e-09   8.8e-07   28.2   0.0   191   269    14    93     3    98 0.81 -
TRINITY_DN6037_c0_g2_i1:687-1565   -            293 95905at7898          -            274   1.4e-27   96.4   1.0   2   3   7.8e-06   0.00098   18.2   0.1     4    33   115   145   112   151 0.81 -
TRINITY_DN6037_c0_g2_i1:687-1565   -            293 95905at7898          -            274   1.4e-27   96.4   1.0   3   3   8.7e-15   1.1e-12   47.5   0.0   141   271   155   283   149   286 0.89 -
TRINITY_DN1994_c0_g1_i11:199-987   -            263 95905at7898          -            274   6.1e-27   94.3   1.2   1   1   5.8e-29   7.3e-27   94.0   1.2    28   273     2   255     1   256 0.80 -
TRINITY_DN4688_c0_g1_i1:638-1486   -            283 95905at7898          -            274   4.3e-25   88.2   0.4   1   3   8.8e-14   1.1e-11   44.2   0.0   193   264     5    76     2    84 0.90 -
TRINITY_DN4688_c0_g1_i1:638-1486   -            283 95905at7898          -            274   4.3e-25   88.2   0.4   2   3   2.6e-06   0.00033   19.8   0.0   184   263    96   172    75   183 0.82 -
TRINITY_DN4688_c0_g1_i1:638-1486   -            283 95905at7898          -            274   4.3e-25   88.2   0.4   3   3   5.5e-11   6.9e-09   35.1   0.0    93   263   102   269    97   278 0.82 -
TRINITY_DN4688_c0_g1_i2:671-1519   -            283 95905at7898          -            274   4.3e-25   88.2   0.4   1   3   8.8e-14   1.1e-11   44.2   0.0   193   264     5    76     2    84 0.90 -
TRINITY_DN4688_c0_g1_i2:671-1519   -            283 95905at7898          -            274   4.3e-25   88.2   0.4   2   3   2.6e-06   0.00033   19.8   0.0   184   263    96   172    75   183 0.82 -
TRINITY_DN4688_c0_g1_i2:671-1519   -            283 95905at7898          -            274   4.3e-25   88.2   0.4   3   3   5.5e-11   6.9e-09   35.1   0.0    93   263   102   269    97   278 0.82 -
TRINITY_DN16988_c2_g1_i1:208-1146  -            313 95905at7898          -            274   3.6e-24   85.2   0.4   1   3   4.6e-07   5.7e-05   22.2   0.0    13   102    30   120    17   124 0.83 -
TRINITY_DN16988_c2_g1_i1:208-1146  -            313 95905at7898          -            274   3.6e-24   85.2   0.4   2   3   3.1e-08   3.9e-06   26.0   0.2     3    86   122   200   120   205 0.89 -
TRINITY_DN16988_c2_g1_i1:208-1146  -            313 95905at7898          -            274   3.6e-24   85.2   0.4   3   3   1.4e-10   1.7e-08   33.8   0.0   188   271   216   302   208   305 0.83 -
TRINITY_DN23_c0_g1_i14:1058-1885   -            276 95905at7898          -            274   4.3e-22   78.4   0.2   1   2   6.1e-16   7.6e-14   51.3   0.0    94   255     7   174     2   178 0.83 -
TRINITY_DN23_c0_g1_i14:1058-1885   -            276 95905at7898          -            274   4.3e-22   78.4   0.2   2   2   3.7e-10   4.6e-08   32.4   0.1   146   254   163   270   163   275 0.88 -
TRINITY_DN23_c0_g1_i12:1058-1885   -            276 95905at7898          -            274   5.8e-22   78.0   0.1   1   2   6.1e-16   7.6e-14   51.3   0.0    94   255     7   174     2   178 0.83 -
TRINITY_DN23_c0_g1_i12:1058-1885   -            276 95905at7898          -            274   5.8e-22   78.0   0.1   2   2     5e-10   6.3e-08   31.9   0.1   146   254   163   270   163   275 0.88 -
TRINITY_DN3804_c0_g1_i5:635-1540   -            302 95905at7898          -            274   2.5e-21   75.9   4.4   1   4   2.7e-10   3.4e-08   32.8   0.0   192   266     3    73     1    81 0.85 -
TRINITY_DN3804_c0_g1_i5:635-1540   -            302 95905at7898          -            274   2.5e-21   75.9   4.4   2   4      0.31        39    3.1   0.1     8    34    99   129    94   133 0.67 -
TRINITY_DN3804_c0_g1_i5:635-1540   -            302 95905at7898          -            274   2.5e-21   75.9   4.4   3   4   0.00099      0.12   11.3   0.0   239   266   173   200   135   208 0.85 -
TRINITY_DN3804_c0_g1_i5:635-1540   -            302 95905at7898          -            274   2.5e-21   75.9   4.4   4   4   8.5e-09   1.1e-06   27.9   0.0   191   261   225   293   219   302 0.85 -
TRINITY_DN3804_c0_g1_i9:635-2307   -            298 95905at7898          -            274   2.8e-21   75.7   3.2   1   4   7.7e-10   9.7e-08   31.3   0.0   192   253     3    60     1    65 0.91 -
TRINITY_DN3804_c0_g1_i9:635-2307   -            298 95905at7898          -            274   2.8e-21   75.7   3.2   2   4       0.3        38    3.1   0.1     8    34    95   125    90   129 0.67 -
TRINITY_DN3804_c0_g1_i9:635-2307   -            298 95905at7898          -            274   2.8e-21   75.7   3.2   3   4   0.00097      0.12   11.3   0.0   239   266   169   196   131   204 0.84 -
TRINITY_DN3804_c0_g1_i9:635-2307   -            298 95905at7898          -            274   2.8e-21   75.7   3.2   4   4   8.3e-09     1e-06   27.9   0.0   191   261   221   289   215   298 0.85 -
TRINITY_DN46710_c0_g1_i11:458-1252 -            265 95905at7898          -            274   2.4e-20   72.7   1.6   1   1   3.2e-22     4e-20   71.9   1.6     6   274     1   265     1   265 0.83 -
TRINITY_DN46710_c0_g1_i2:458-1252  -            265 95905at7898          -            274   2.4e-20   72.7   1.6   1   1   3.2e-22     4e-20   71.9   1.6     6   274     1   265     1   265 0.83 -
TRINITY_DN7960_c0_g1_i1:456-1286   -            277 95905at7898          -            274   7.7e-20   71.0   2.6   1   4   1.3e-08   1.6e-06   27.3   0.0   191   265     3    73     1    82 0.85 -
TRINITY_DN7960_c0_g1_i1:456-1286   -            277 95905at7898          -            274   7.7e-20   71.0   2.6   2   4      0.34        42    3.0   0.1     9    34   101   130    95   135 0.72 -
TRINITY_DN7960_c0_g1_i1:456-1286   -            277 95905at7898          -            274   7.7e-20   71.0   2.6   3   4   0.00013     0.016   14.2   0.0   238   269   157   188   149   193 0.83 -
TRINITY_DN7960_c0_g1_i1:456-1286   -            277 95905at7898          -            274   7.7e-20   71.0   2.6   4   4   1.4e-07   1.8e-05   23.9   0.0   188   251   207   268   204   274 0.90 -
TRINITY_DN23_c0_g1_i15:105-914     -            270 95905at7898          -            274   1.4e-19   70.1   0.1   1   2     2e-14   2.6e-12   46.3   0.0    96   255     3   168     1   173 0.79 -
TRINITY_DN23_c0_g1_i15:105-914     -            270 95905at7898          -            274   1.4e-19   70.1   0.1   2   2   4.2e-07   5.3e-05   22.3   0.0   161   254   172   264   166   269 0.81 -
TRINITY_DN23_c0_g1_i13:105-914     -            270 95905at7898          -            274   1.5e-19   70.0   0.1   1   2     2e-14   2.6e-12   46.3   0.0    96   255     3   168     1   173 0.79 -
TRINITY_DN23_c0_g1_i13:105-914     -            270 95905at7898          -            274   1.5e-19   70.0   0.1   2   2   4.7e-07   5.9e-05   22.2   0.0   161   254   172   264   166   269 0.80 -
TRINITY_DN6135_c0_g1_i11:27-785    -            253 95905at7898          -            274     8e-19   67.7   0.3   1   2     1e-12   1.3e-10   40.8   0.0   140   273    21   149     7   150 0.91 -
TRINITY_DN6135_c0_g1_i11:27-785    -            253 95905at7898          -            274     8e-19   67.7   0.3   2   2   5.2e-08   6.5e-06   25.3   0.1   188   273   167   249   164   250 0.89 -
TRINITY_DN6135_c0_g1_i6:27-785     -            253 95905at7898          -            274     8e-19   67.7   0.3   1   2     1e-12   1.3e-10   40.8   0.0   140   273    21   149     7   150 0.91 -
TRINITY_DN6135_c0_g1_i6:27-785     -            253 95905at7898          -            274     8e-19   67.7   0.3   2   2   5.2e-08   6.5e-06   25.3   0.1   188   273   167   249   164   250 0.89 -
TRINITY_DN818_c0_g2_i1:679-1506    -            276 95905at7898          -            274     3e-18   65.8   0.9   1   2   1.5e-13   1.9e-11   43.5   0.2    95   273     6   175     3   176 0.86 -
TRINITY_DN818_c0_g2_i1:679-1506    -            276 95905at7898          -            274     3e-18   65.8   0.9   2   2   1.1e-06   0.00013   21.0   0.0   188   274   193   276   184   276 0.86 -
TRINITY_DN818_c0_g2_i4:558-1385    -            276 95905at7898          -            274     3e-18   65.8   0.9   1   2   1.5e-13   1.9e-11   43.5   0.2    95   273     6   175     3   176 0.86 -
TRINITY_DN818_c0_g2_i4:558-1385    -            276 95905at7898          -            274     3e-18   65.8   0.9   2   2   1.1e-06   0.00013   21.0   0.0   188   274   193   276   184   276 0.86 -
TRINITY_DN2586_c0_g1_i10:47-814    -            256 95905at7898          -            274   2.7e-17   62.7   0.0   1   2     3e-11   3.7e-09   36.0   0.0   209   268     2    60     1    64 0.88 -
TRINITY_DN2586_c0_g1_i10:47-814    -            256 95905at7898          -            274   2.7e-17   62.7   0.0   2   2     9e-08   1.1e-05   24.5   0.0    93   261    82   252    74   256 0.76 -
TRINITY_DN1624_c0_g1_i2:963-1853   -            297 95905at7898          -            274     4e-17   62.1   0.0   1   1     3e-18   3.8e-16   58.9   0.0     6   271    19   287    14   290 0.80 -
TRINITY_DN1624_c0_g1_i4:930-1820   -            297 95905at7898          -            274     4e-17   62.1   0.0   1   1     3e-18   3.8e-16   58.9   0.0     6   271    19   287    14   290 0.80 -
TRINITY_DN1624_c0_g1_i6:974-1864   -            297 95905at7898          -            274     4e-17   62.1   0.0   1   1     3e-18   3.8e-16   58.9   0.0     6   271    19   287    14   290 0.80 -
TRINITY_DN818_c0_g2_i3:1-759       -            253 95905at7898          -            274   1.1e-16   60.7   0.3   1   2   7.8e-12   9.8e-10   37.9   0.1   136   273    20   152     2   153 0.86 -
TRINITY_DN818_c0_g2_i3:1-759       -            253 95905at7898          -            274   1.1e-16   60.7   0.3   2   2   8.9e-07   0.00011   21.3   0.0   188   274   170   253   161   253 0.86 -
TRINITY_DN8064_c0_g1_i1:599-1528   -            310 95905at7898          -            274   5.7e-16   58.3   2.1   1   3   1.6e-06    0.0002   20.5   0.2     3   127    12   141    10   146 0.66 -
TRINITY_DN8064_c0_g1_i1:599-1528   -            310 95905at7898          -            274   5.7e-16   58.3   2.1   2   3   5.2e-06   0.00066   18.8   0.0   228   262   167   201   153   210 0.83 -
TRINITY_DN8064_c0_g1_i1:599-1528   -            310 95905at7898          -            274   5.7e-16   58.3   2.1   3   3   2.3e-05    0.0028   16.7   0.1   191   258   231   293   227   306 0.80 -
TRINITY_DN8064_c0_g1_i4:579-1508   -            310 95905at7898          -            274   6.1e-16   58.2   2.1   1   3   1.6e-06    0.0002   20.5   0.2     3   127    12   141    10   146 0.66 -
TRINITY_DN8064_c0_g1_i4:579-1508   -            310 95905at7898          -            274   6.1e-16   58.2   2.1   2   3   5.2e-06   0.00066   18.8   0.0   228   262   167   201   153   210 0.83 -
TRINITY_DN8064_c0_g1_i4:579-1508   -            310 95905at7898          -            274   6.1e-16   58.2   2.1   3   3   2.5e-05    0.0031   16.5   0.1   191   258   231   293   227   306 0.80 -
TRINITY_DN8064_c0_g1_i3:594-1475   -            294 95905at7898          -            274   1.4e-15   57.1   2.1   1   3   3.9e-06   0.00049   19.2   0.1    12   127     6   125     1   130 0.68 -
TRINITY_DN8064_c0_g1_i3:594-1475   -            294 95905at7898          -            274   1.4e-15   57.1   2.1   2   3   4.8e-06   0.00061   18.9   0.0   228   262   151   185   137   194 0.83 -
TRINITY_DN8064_c0_g1_i3:594-1475   -            294 95905at7898          -            274   1.4e-15   57.1   2.1   3   3   2.1e-05    0.0026   16.8   0.1   191   258   215   277   211   290 0.80 -
TRINITY_DN9826_c0_g2_i11:809-1648  -            280 95905at7898          -            274   2.3e-15   56.3   1.6   1   3   1.2e-05    0.0015   17.6   0.1   206   257    16    64     1    81 0.76 -
TRINITY_DN9826_c0_g2_i11:809-1648  -            280 95905at7898          -            274   2.3e-15   56.3   1.6   2   3   2.9e-06   0.00036   19.6   0.0   189   273    99   177    92   178 0.80 -
TRINITY_DN9826_c0_g2_i11:809-1648  -            280 95905at7898          -            274   2.3e-15   56.3   1.6   3   3   3.3e-05    0.0041   16.1   0.0   188   271   193   270   188   273 0.80 -
TRINITY_DN9826_c0_g2_i1:1890-2729  -            280 95905at7898          -            274   2.3e-15   56.3   1.6   1   3   1.2e-05    0.0015   17.6   0.1   206   257    16    64     1    81 0.76 -
TRINITY_DN9826_c0_g2_i1:1890-2729  -            280 95905at7898          -            274   2.3e-15   56.3   1.6   2   3   2.9e-06   0.00036   19.6   0.0   189   273    99   177    92   178 0.80 -
TRINITY_DN9826_c0_g2_i1:1890-2729  -            280 95905at7898          -            274   2.3e-15   56.3   1.6   3   3   3.3e-05    0.0041   16.1   0.0   188   271   193   270   188   273 0.80 -
TRINITY_DN9826_c0_g2_i3:1822-2661  -            280 95905at7898          -            274   2.3e-15   56.3   1.6   1   3   1.2e-05    0.0015   17.6   0.1   206   257    16    64     1    81 0.76 -
TRINITY_DN9826_c0_g2_i3:1822-2661  -            280 95905at7898          -            274   2.3e-15   56.3   1.6   2   3   2.9e-06   0.00036   19.6   0.0   189   273    99   177    92   178 0.80 -
TRINITY_DN9826_c0_g2_i3:1822-2661  -            280 95905at7898          -            274   2.3e-15   56.3   1.6   3   3   3.3e-05    0.0041   16.1   0.0   188   271   193   270   188   273 0.80 -
TRINITY_DN9826_c0_g2_i7:1822-2661  -            280 95905at7898          -            274   2.3e-15   56.3   1.6   1   3   1.2e-05    0.0015   17.6   0.1   206   257    16    64     1    81 0.76 -
TRINITY_DN9826_c0_g2_i7:1822-2661  -            280 95905at7898          -            274   2.3e-15   56.3   1.6   2   3   2.9e-06   0.00036   19.6   0.0   189   273    99   177    92   178 0.80 -
TRINITY_DN9826_c0_g2_i7:1822-2661  -            280 95905at7898          -            274   2.3e-15   56.3   1.6   3   3   3.3e-05    0.0041   16.1   0.0   188   271   193   270   188   273 0.80 -
TRINITY_DN11661_c0_g1_i1:2-472     -            157 95905at7898          -            274   2.5e-15   56.2   0.0   1   1   2.3e-17   2.9e-15   56.0   0.0   139   273    14   144     3   145 0.84 -
TRINITY_DN11661_c0_g1_i2:2-472     -            157 95905at7898          -            274   2.5e-15   56.2   0.0   1   1   2.3e-17   2.9e-15   56.0   0.0   139   273    14   144     3   145 0.84 -
TRINITY_DN7983_c1_g1_i2:1298-2224  -            309 95905at7898          -            274   2.6e-15   56.2   2.4   1   2   2.4e-12     3e-10   39.5   0.6    96   270    12   197     2   201 0.79 -
TRINITY_DN7983_c1_g1_i2:1298-2224  -            309 95905at7898          -            274   2.6e-15   56.2   2.4   2   2   0.00012     0.015   14.3   0.1     4    84   230   304   225   308 0.73 -
TRINITY_DN7983_c1_g1_i5:1298-2224  -            309 95905at7898          -            274   2.6e-15   56.2   2.4   1   2   2.4e-12     3e-10   39.5   0.6    96   270    12   197     2   201 0.79 -
TRINITY_DN7983_c1_g1_i5:1298-2224  -            309 95905at7898          -            274   2.6e-15   56.2   2.4   2   2   0.00012     0.015   14.3   0.1     4    84   230   304   225   308 0.73 -
TRINITY_DN2579_c0_g1_i1:908-2474   -            197 95905at7898          -            274   7.4e-15   54.7   0.0   1   1   8.3e-17     1e-14   54.2   0.0    95   273     8   182     2   183 0.83 -
TRINITY_DN9826_c0_g2_i8:809-1648   -            280 95905at7898          -            274   8.2e-15   54.5   2.4   1   2   1.9e-10   2.4e-08   33.3   0.6    96   273     3   177     1   178 0.76 -
TRINITY_DN9826_c0_g2_i8:809-1648   -            280 95905at7898          -            274   8.2e-15   54.5   2.4   2   2   3.3e-05    0.0042   16.1   0.0   189   271   194   270   189   273 0.79 -
TRINITY_DN2417_c4_g1_i1:3-554      -            184 95905at7898          -            274   1.3e-14   53.9   0.5   1   2   3.7e-09   4.7e-07   29.1   0.1    13    84     9    80     1    87 0.83 -
TRINITY_DN2417_c4_g1_i1:3-554      -            184 95905at7898          -            274   1.3e-14   53.9   0.5   2   2   2.1e-07   2.6e-05   23.3   0.0   190   261    98   166    92   179 0.87 -
TRINITY_DN24790_c0_g2_i1:350-907   -            186 95905at7898          -            274   1.2e-13   50.7   0.0   1   1   2.9e-15   3.7e-13   49.1   0.0    96   272     4   178     2   180 0.77 -
TRINITY_DN24790_c0_g2_i3:1934-2491 -            186 95905at7898          -            274   1.2e-13   50.7   0.0   1   1   2.9e-15   3.7e-13   49.1   0.0    96   272     4   178     2   180 0.77 -
TRINITY_DN23_c0_g1_i9:99-782       -            228 95905at7898          -            274   1.4e-13   50.4   0.2   1   2   1.1e-14   1.4e-12   47.2   0.0    96   255     5   170     2   176 0.79 -
TRINITY_DN23_c0_g1_i9:99-782       -            228 95905at7898          -            274   1.4e-13   50.4   0.2   2   2      0.95   1.2e+02    1.5   0.1   161   214   174   227   168   228 0.72 -
TRINITY_DN2264_c0_g1_i8:96-1130    -            345 95905at7898          -            274   6.6e-13   48.3   1.3   1   3     0.038       4.8    6.1   0.0     6    29    11    34     6    38 0.81 -
TRINITY_DN2264_c0_g1_i8:96-1130    -            345 95905at7898          -            274   6.6e-13   48.3   1.3   2   3    0.0081         1    8.3   0.0   229   274    90   135    69   135 0.90 -
TRINITY_DN2264_c0_g1_i8:96-1130    -            345 95905at7898          -            274   6.6e-13   48.3   1.3   3   3   8.2e-12     1e-09   37.8   0.4    40   218    89   272    85   328 0.78 -
TRINITY_DN1816_c0_g1_i3:153-1106   -            318 95905at7898          -            274   1.7e-12   46.9   2.0   1   2   1.2e-08   1.5e-06   27.5   0.4    96   272    13   206     6   208 0.74 -
TRINITY_DN1816_c0_g1_i3:153-1106   -            318 95905at7898          -            274   1.7e-12   46.9   2.0   2   2    0.0011      0.13   11.2   0.0     9    85   242   309   231   317 0.79 -
TRINITY_DN8179_c1_g1_i1:0-620      -            207 95905at7898          -            274     4e-12   45.7   0.3   1   1   4.3e-14   5.4e-12   45.3   0.3    99   263    21   182     7   193 0.81 -
TRINITY_DN6135_c0_g1_i1:759-1274   -            172 95905at7898          -            274   5.9e-12   45.2   0.1   1   1   1.8e-13   2.3e-11   43.2   0.1    96   263     7   165     3   172 0.84 -
TRINITY_DN6135_c0_g1_i3:459-974    -            172 95905at7898          -            274   5.9e-12   45.2   0.1   1   1   1.8e-13   2.3e-11   43.2   0.1    96   263     7   165     3   172 0.84 -
TRINITY_DN6135_c0_g1_i8:759-1274   -            172 95905at7898          -            274   5.9e-12   45.2   0.1   1   1   1.8e-13   2.3e-11   43.2   0.1    96   263     7   165     3   172 0.84 -
TRINITY_DN3804_c0_g1_i1:612-1049   -            146 95905at7898          -            274   9.8e-12   44.4   0.1   1   2   0.00048      0.06   12.3   0.0   240   267    10    37     3    44 0.83 -
TRINITY_DN3804_c0_g1_i1:612-1049   -            146 95905at7898          -            274   9.8e-12   44.4   0.1   2   2   1.5e-09   1.9e-07   30.3   0.0   190   261    60   129    55   140 0.84 -
TRINITY_DN3804_c0_g1_i3:611-1048   -            146 95905at7898          -            274   9.8e-12   44.4   0.1   1   2   0.00048      0.06   12.3   0.0   240   267    10    37     3    44 0.83 -
TRINITY_DN3804_c0_g1_i3:611-1048   -            146 95905at7898          -            274   9.8e-12   44.4   0.1   2   2   1.5e-09   1.9e-07   30.3   0.0   190   261    60   129    55   140 0.84 -
TRINITY_DN3804_c0_g1_i4:1265-1702  -            146 95905at7898          -            274   9.8e-12   44.4   0.1   1   2   0.00048      0.06   12.3   0.0   240   267    10    37     3    44 0.83 -
TRINITY_DN3804_c0_g1_i4:1265-1702  -            146 95905at7898          -            274   9.8e-12   44.4   0.1   2   2   1.5e-09   1.9e-07   30.3   0.0   190   261    60   129    55   140 0.84 -
TRINITY_DN3804_c0_g1_i8:611-1048   -            146 95905at7898          -            274   9.8e-12   44.4   0.1   1   2   0.00048      0.06   12.3   0.0   240   267    10    37     3    44 0.83 -
TRINITY_DN3804_c0_g1_i8:611-1048   -            146 95905at7898          -            274   9.8e-12   44.4   0.1   2   2   1.5e-09   1.9e-07   30.3   0.0   190   261    60   129    55   140 0.84 -
TRINITY_DN2264_c0_g1_i4:1214-2197  -            328 95905at7898          -            274   1.6e-11   43.7   1.5   1   3       1.1   1.4e+02    1.2   0.0    16    29     4    17     1    22 0.68 -
TRINITY_DN2264_c0_g1_i4:1214-2197  -            328 95905at7898          -            274   1.6e-11   43.7   1.5   2   3    0.0076      0.95    8.4   0.0   229   274    73   118    52   118 0.90 -
TRINITY_DN2264_c0_g1_i4:1214-2197  -            328 95905at7898          -            274   1.6e-11   43.7   1.5   3   3   7.8e-12   9.8e-10   37.9   0.4    40   219    72   256    69   311 0.78 -
TRINITY_DN36488_c0_g1_i1:1-660     -            220 95905at7898          -            274   3.2e-11   42.7   0.5   1   2   1.5e-05    0.0019   17.2   0.0   193   272    43   116    36   118 0.85 -
TRINITY_DN36488_c0_g1_i1:1-660     -            220 95905at7898          -            274   3.2e-11   42.7   0.5   2   2   1.4e-07   1.8e-05   23.9   0.1    96   265   139   208   121   217 0.59 -
TRINITY_DN2264_c0_g1_i5:1216-2190  -            325 95905at7898          -            274   3.8e-11   42.5   1.8   1   3       2.5   3.2e+02    0.1   0.0    17    29     2    14     1    18 0.71 -
TRINITY_DN2264_c0_g1_i5:1216-2190  -            325 95905at7898          -            274   3.8e-11   42.5   1.8   2   3    0.0074      0.94    8.4   0.0   229   274    70   115    49   115 0.90 -
TRINITY_DN2264_c0_g1_i5:1216-2190  -            325 95905at7898          -            274   3.8e-11   42.5   1.8   3   3   7.6e-12   9.6e-10   37.9   0.4    40   219    69   253    66   308 0.78 -
TRINITY_DN2264_c0_g1_i6:768-1742   -            325 95905at7898          -            274   3.8e-11   42.5   1.8   1   3       2.5   3.2e+02    0.1   0.0    17    29     2    14     1    18 0.71 -
TRINITY_DN2264_c0_g1_i6:768-1742   -            325 95905at7898          -            274   3.8e-11   42.5   1.8   2   3    0.0074      0.94    8.4   0.0   229   274    70   115    49   115 0.90 -
TRINITY_DN2264_c0_g1_i6:768-1742   -            325 95905at7898          -            274   3.8e-11   42.5   1.8   3   3   7.6e-12   9.6e-10   37.9   0.4    40   219    69   253    66   308 0.78 -
TRINITY_DN12358_c0_g1_i1:263-1111  -            283 95905at7898          -            274     4e-11   42.4   2.7   1   1   1.2e-05    0.0015   17.5   0.2   221   253    22    54     1    79 0.77 -
TRINITY_DN17708_c0_g1_i1:20-580    -            187 95905at7898          -            274   1.4e-10   40.6   1.0   1   2   3.9e-08   4.9e-06   25.7   0.1   189   253     2    59     1    72 0.83 -
TRINITY_DN17708_c0_g1_i1:20-580    -            187 95905at7898          -            274   1.4e-10   40.6   1.0   2   2   0.00015     0.019   13.9   0.1    68   160    74   170    62   185 0.75 -
TRINITY_DN57242_c0_g1_i1:1266-1802 -            179 95905at7898          -            274   1.6e-10   40.5   0.1   1   1   4.3e-12   5.5e-10   38.7   0.1   137   252    45   164     3   177 0.80 -
TRINITY_DN64086_c0_g1_i1:131-940   -            270 95905at7898          -            274   2.1e-10   40.0   2.0   1   3       0.1        13    4.7   0.0   191   218    10    37     5    45 0.54 -
TRINITY_DN64086_c0_g1_i1:131-940   -            270 95905at7898          -            274   2.1e-10   40.0   2.0   2   3   1.5e-07   1.9e-05   23.8   0.1   149   273    44   168    37   169 0.88 -
TRINITY_DN64086_c0_g1_i1:131-940   -            270 95905at7898          -            274   2.1e-10   40.0   2.0   3   3    0.0024      0.31   10.0   0.1     6    70   189   250   184   269 0.60 -
TRINITY_DN7409_c2_g2_i1:778-1587   -            249 95905at7898          -            274   5.9e-10   38.6   0.1   1   1   1.5e-11   1.8e-09   37.0   0.1    53   263     4   222     1   231 0.73 -
TRINITY_DN8064_c0_g1_i7:594-1199   -            202 95905at7898          -            274   6.9e-10   38.4   0.1   1   2   3.7e-06   0.00047   19.2   0.0   228   262    64    98    51   109 0.86 -
TRINITY_DN8064_c0_g1_i7:594-1199   -            202 95905at7898          -            274   6.9e-10   38.4   0.1   2   2   1.4e-05    0.0018   17.3   0.0   191   258   128   190   124   200 0.81 -
TRINITY_DN1665_c1_g3_i1:348-1100   -            251 95905at7898          -            274   8.4e-10   38.1   7.2   1   4   6.8e-05    0.0086   15.1   0.1   227   259     4    36     1    40 0.89 -
TRINITY_DN1665_c1_g3_i1:348-1100   -            251 95905at7898          -            274   8.4e-10   38.1   7.2   2   4    0.0013      0.17   10.8   0.6   166   262    40   150    35   160 0.73 -
TRINITY_DN1665_c1_g3_i1:348-1100   -            251 95905at7898          -            274   8.4e-10   38.1   7.2   3   4    0.0012      0.15   11.0   0.0     7    33   185   211   179   219 0.85 -
TRINITY_DN1665_c1_g3_i1:348-1100   -            251 95905at7898          -            274   8.4e-10   38.1   7.2   4   4      0.39        49    2.8   0.0   233   266   213   246   209   251 0.82 -
TRINITY_DN9922_c1_g1_i2:501-1367   -            289 95905at7898          -            274   1.9e-09   36.9   0.2   1   2   7.5e-06   0.00094   18.2   0.0   104   256     4   150     1   168 0.72 -
TRINITY_DN9922_c1_g1_i2:501-1367   -            289 95905at7898          -            274   1.9e-09   36.9   0.2   2   2   8.8e-05     0.011   14.7   0.1     6    82   187   273   181   283 0.74 -
TRINITY_DN11622_c0_g1_i1:1719-2510 -            264 95905at7898          -            274     4e-09   35.9   2.8   1   2   1.5e-07   1.9e-05   23.8   1.1    97   271     3   170     1   173 0.79 -
TRINITY_DN11622_c0_g1_i1:1719-2510 -            264 95905at7898          -            274     4e-09   35.9   2.8   2   2    0.0014      0.18   10.8   0.0     8    49   197   242   189   262 0.63 -
TRINITY_DN11622_c0_g1_i3:1719-2510 -            264 95905at7898          -            274     4e-09   35.9   2.8   1   2   1.5e-07   1.9e-05   23.8   1.1    97   271     3   170     1   173 0.79 -
TRINITY_DN11622_c0_g1_i3:1719-2510 -            264 95905at7898          -            274     4e-09   35.9   2.8   2   2    0.0014      0.18   10.8   0.0     8    49   197   242   189   262 0.63 -
TRINITY_DN71_c2_g1_i1:48-464       -            139 95905at7898          -            274   4.1e-09   35.8   2.5   1   2   2.1e-06   0.00027   20.0   0.3   189   254     9    66     7    81 0.87 -
TRINITY_DN71_c2_g1_i1:48-464       -            139 95905at7898          -            274   4.1e-09   35.8   2.5   2   2   0.00017     0.022   13.8   0.1    88   122   103   137    65   139 0.83 -
TRINITY_DN71_c2_g1_i3:48-464       -            139 95905at7898          -            274   4.1e-09   35.8   2.5   1   2   2.1e-06   0.00027   20.0   0.3   189   254     9    66     7    81 0.87 -
TRINITY_DN71_c2_g1_i3:48-464       -            139 95905at7898          -            274   4.1e-09   35.8   2.5   2   2   0.00017     0.022   13.8   0.1    88   122   103   137    65   139 0.83 -
TRINITY_DN1816_c0_g1_i2:49-696     -            216 95905at7898          -            274   8.1e-09   34.9   1.1   1   2   1.5e-06   0.00018   20.6   0.2   175   272    10   104     3   106 0.80 -
TRINITY_DN1816_c0_g1_i2:49-696     -            216 95905at7898          -            274   8.1e-09   34.9   1.1   2   2   0.00051     0.064   12.2   0.0     9    85   140   207   129   215 0.79 -
TRINITY_DN1816_c0_g1_i5:49-696     -            216 95905at7898          -            274   8.1e-09   34.9   1.1   1   2   1.5e-06   0.00018   20.6   0.2   175   272    10   104     3   106 0.80 -
TRINITY_DN1816_c0_g1_i5:49-696     -            216 95905at7898          -            274   8.1e-09   34.9   1.1   2   2   0.00051     0.064   12.2   0.0     9    85   140   207   129   215 0.79 -
TRINITY_DN7983_c1_g1_i1:1298-1861  -            188 95905at7898          -            274   1.3e-08   34.1   0.3   1   2   0.00015     0.018   14.0   0.0   204   270    13    75    10    79 0.71 -
TRINITY_DN7983_c1_g1_i1:1298-1861  -            188 95905at7898          -            274   1.3e-08   34.1   0.3   2   2   4.5e-05    0.0057   15.7   0.1     4    84   109   183   104   187 0.74 -
TRINITY_DN7983_c1_g1_i3:1317-1880  -            188 95905at7898          -            274   1.3e-08   34.1   0.3   1   2   0.00015     0.018   14.0   0.0   204   270    13    75    10    79 0.71 -
TRINITY_DN7983_c1_g1_i3:1317-1880  -            188 95905at7898          -            274   1.3e-08   34.1   0.3   2   2   4.5e-05    0.0057   15.7   0.1     4    84   109   183   104   187 0.74 -
TRINITY_DN1718_c0_g2_i7:4-581      -            171 95905at7898          -            274   2.3e-07   30.1   0.2   1   2   5.8e-09   7.3e-07   28.4   0.1   165   272     9   114     2   116 0.84 -
TRINITY_DN1718_c0_g2_i7:4-581      -            171 95905at7898          -            274   2.3e-07   30.1   0.2   2   2       5.4   6.8e+02   -1.0   0.0    17    29   151   163   144   167 0.85 -
TRINITY_DN6695_c0_g1_i11:674-1477  -            268 95905at7898          -            274   2.6e-07   29.9   1.9   1   3   0.00018     0.022   13.7   0.0     7    76     5    66     2   127 0.69 -
TRINITY_DN6695_c0_g1_i11:674-1477  -            268 95905at7898          -            274   2.6e-07   29.9   1.9   2   3     0.013       1.6    7.6   0.0   230   268   130   168    75   173 0.75 -
TRINITY_DN6695_c0_g1_i11:674-1477  -            268 95905at7898          -            274   2.6e-07   29.9   1.9   3   3     0.049       6.2    5.7   0.4   235   272   230   267   193   268 0.78 -
TRINITY_DN3318_c0_g1_i4:218-790    -            191 95905at7898          -            274   2.9e-07   29.8   0.0   1   2     0.072         9    5.2   0.0   191   252     4    59     1    81 0.67 -
TRINITY_DN3318_c0_g1_i4:218-790    -            191 95905at7898          -            274   2.9e-07   29.8   0.0   2   2   2.7e-07   3.4e-05   22.9   0.0     2    70    95   166    94   183 0.75 -
TRINITY_DN3318_c0_g1_i5:218-790    -            191 95905at7898          -            274   2.9e-07   29.8   0.0   1   2     0.072         9    5.2   0.0   191   252     4    59     1    81 0.67 -
TRINITY_DN3318_c0_g1_i5:218-790    -            191 95905at7898          -            274   2.9e-07   29.8   0.0   2   2   2.7e-07   3.4e-05   22.9   0.0     2    70    95   166    94   183 0.75 -
TRINITY_DN7409_c2_g2_i2:778-1344   -            189 95905at7898          -            274   3.4e-07   29.5   0.1   1   1   3.6e-09   4.5e-07   29.1   0.1   105   263     4   162     1   172 0.78 -
TRINITY_DN3318_c0_g1_i9:302-886    -            195 95905at7898          -            274   6.7e-07   28.6   0.0   1   2      0.18        23    3.9   0.0   196   252     3    56     1    78 0.69 -
TRINITY_DN3318_c0_g1_i9:302-886    -            195 95905at7898          -            274   6.7e-07   28.6   0.0   2   2   2.6e-07   3.2e-05   23.0   0.0     2    70    92   163    91   187 0.76 -
TRINITY_DN9922_c1_g2_i1:432-1091   -            220 95905at7898          -            274   9.1e-07   28.1   0.7   1   2     1e-07   1.3e-05   24.4   0.3    95   261    10   170     3   183 0.73 -
TRINITY_DN9922_c1_g2_i1:432-1091   -            220 95905at7898          -            274   9.1e-07   28.1   0.7   2   2    0.0026      0.33    9.9   0.3     3    29   104   134   102   220 0.70 -
TRINITY_DN6695_c0_g1_i10:674-1477  -            268 95905at7898          -            274   1.1e-06   27.8   3.0   1   3   0.00018     0.022   13.7   0.0     7    76     5    66     2   127 0.69 -
TRINITY_DN6695_c0_g1_i10:674-1477  -            268 95905at7898          -            274   1.1e-06   27.8   3.0   2   3     0.013       1.6    7.6   0.0   230   268   130   168    75   173 0.75 -
TRINITY_DN6695_c0_g1_i10:674-1477  -            268 95905at7898          -            274   1.1e-06   27.8   3.0   3   3      0.15        19    4.1   0.9   239   271   234   266   195   268 0.68 -
TRINITY_DN6695_c0_g1_i4:679-1482   -            268 95905at7898          -            274   1.1e-06   27.8   3.0   1   3   0.00018     0.022   13.7   0.0     7    76     5    66     2   127 0.69 -
TRINITY_DN6695_c0_g1_i4:679-1482   -            268 95905at7898          -            274   1.1e-06   27.8   3.0   2   3     0.013       1.6    7.6   0.0   230   268   130   168    75   173 0.75 -
TRINITY_DN6695_c0_g1_i4:679-1482   -            268 95905at7898          -            274   1.1e-06   27.8   3.0   3   3      0.15        19    4.1   0.9   239   271   234   266   195   268 0.68 -
TRINITY_DN2586_c0_g1_i11:416-985   -            190 95905at7898          -            274   1.7e-06   27.2   0.0   1   1   2.2e-08   2.8e-06   26.5   0.0    93   263    10   182     4   190 0.75 -
TRINITY_DN6695_c0_g1_i17:661-1557  -            299 95905at7898          -            274   2.1e-06   26.9   2.6   1   3   0.00021     0.026   13.5   0.0     6    69    29    85    22   113 0.54 -
TRINITY_DN6695_c0_g1_i17:661-1557  -            299 95905at7898          -            274   2.1e-06   26.9   2.6   2   3     0.045       5.7    5.8   0.0   232   268   157   193   123   198 0.89 -
TRINITY_DN6695_c0_g1_i17:661-1557  -            299 95905at7898          -            274   2.1e-06   26.9   2.6   3   3      0.11        14    4.5   0.8   239   272   259   292   220   294 0.74 -
TRINITY_DN8712_c0_g1_i1:56-640     -            195 95905at7898          -            274   4.3e-06   25.9   5.8   1   2   3.5e-06   0.00044   19.3   0.2   194   259    10    70     6    77 0.82 -
TRINITY_DN8712_c0_g1_i1:56-640     -            195 95905at7898          -            274   4.3e-06   25.9   5.8   2   2     0.011       1.4    7.9   1.4   166   233    74   142    69   193 0.71 -
TRINITY_DN1816_c0_g1_i1:153-668    -            172 95905at7898          -            274     7e-06   25.2   0.1   1   3    0.0029      0.37    9.7   0.0    96   121    13    38     9    43 0.73 -
TRINITY_DN1816_c0_g1_i1:153-668    -            172 95905at7898          -            274     7e-06   25.2   0.1   2   3      0.24        31    3.4   0.0   221   262    59   101    40   111 0.77 -
TRINITY_DN1816_c0_g1_i1:153-668    -            172 95905at7898          -            274     7e-06   25.2   0.1   3   3    0.0067      0.85    8.6   0.0     6    33   133   160   122   166 0.75 -
TRINITY_DN1718_c0_g2_i23:749-2212  -            246 95905at7898          -            274   8.8e-06   24.9   0.1   1   2   3.9e-07   4.9e-05   22.5   0.0    99   244    30   165     7   170 0.81 -
TRINITY_DN1718_c0_g2_i23:749-2212  -            246 95905at7898          -            274   8.8e-06   24.9   0.1   2   2       3.4   4.3e+02   -0.3   0.1    18    31   192   205   185   244 0.62 -
TRINITY_DN11803_c0_g2_i1:15-323    -            103 95905at7898          -            274   1.5e-05   24.1   0.0   1   1   1.5e-07   1.8e-05   23.8   0.0     7    87     6    79     1   100 0.85 -
TRINITY_DN6695_c0_g1_i1:656-1543   -            296 95905at7898          -            274   2.5e-05   23.4   3.1   1   3    0.0026      0.32    9.9   0.1   193   256    25    81    18    99 0.72 -
TRINITY_DN6695_c0_g1_i1:656-1543   -            296 95905at7898          -            274   2.5e-05   23.4   3.1   2   3     0.047       5.9    5.8   0.0   232   268   154   190   130   195 0.89 -
TRINITY_DN6695_c0_g1_i1:656-1543   -            296 95905at7898          -            274   2.5e-05   23.4   3.1   3   3      0.11        14    4.5   0.7   239   272   256   289   217   291 0.74 -
TRINITY_DN9922_c1_g1_i6:170-694    -            175 95905at7898          -            274   0.00024   20.2   0.4   1   2      0.87   1.1e+02    1.6   0.0   229   263    16    50     6    61 0.77 -
TRINITY_DN9922_c1_g1_i6:170-694    -            175 95905at7898          -            274   0.00024   20.2   0.4   2   2   3.5e-05    0.0044   16.0   0.2     6    82    80   166    75   172 0.73 -
TRINITY_DN6275_c0_g1_i11:4-687     -            228 95905at7898          -            274   0.00032   19.8   0.5   1   2      0.11        13    4.6   0.0    11    72    33   102    27   139 0.66 -
TRINITY_DN6275_c0_g1_i11:4-687     -            228 95905at7898          -            274   0.00032   19.8   0.5   2   2   0.00017     0.021   13.8   0.1   195   252   146   200   123   217 0.70 -
TRINITY_DN6275_c0_g1_i2:4-687      -            228 95905at7898          -            274   0.00032   19.8   0.5   1   2      0.11        13    4.6   0.0    11    72    33   102    27   139 0.66 -
TRINITY_DN6275_c0_g1_i2:4-687      -            228 95905at7898          -            274   0.00032   19.8   0.5   2   2   0.00017     0.021   13.8   0.1   195   252   146   200   123   217 0.70 -
TRINITY_DN6275_c0_g1_i10:442-924   -            161 95905at7898          -            274   0.00043   19.4   0.2   1   1   4.2e-06   0.00053   19.1   0.2     9   116     3   114     1   126 0.75 -
TRINITY_DN6275_c0_g1_i1:442-924    -            161 95905at7898          -            274   0.00043   19.4   0.2   1   1   4.2e-06   0.00053   19.1   0.2     9   116     3   114     1   126 0.75 -
TRINITY_DN6275_c0_g1_i3:442-924    -            161 95905at7898          -            274   0.00043   19.4   0.2   1   1   4.2e-06   0.00053   19.1   0.2     9   116     3   114     1   126 0.75 -
TRINITY_DN6275_c0_g1_i5:442-924    -            161 95905at7898          -            274   0.00043   19.4   0.2   1   1   4.2e-06   0.00053   19.1   0.2     9   116     3   114     1   126 0.75 -
TRINITY_DN15809_c0_g1_i2:936-1682  -            249 95905at7898          -            274    0.0039   16.2   0.1   1   2       3.1   3.9e+02   -0.2   0.0    62    87     8    33     2    71 0.75 -
TRINITY_DN15809_c0_g1_i2:936-1682  -            249 95905at7898          -            274    0.0039   16.2   0.1   2   2   0.00022     0.028   13.4   0.0   190   254   167   242   154   248 0.72 -
TRINITY_DN15809_c0_g1_i3:936-1682  -            249 95905at7898          -            274    0.0039   16.2   0.1   1   2       3.1   3.9e+02   -0.2   0.0    62    87     8    33     2    71 0.75 -
TRINITY_DN15809_c0_g1_i3:936-1682  -            249 95905at7898          -            274    0.0039   16.2   0.1   2   2   0.00022     0.028   13.4   0.0   190   254   167   242   154   248 0.72 -
TRINITY_DN6695_c0_g1_i12:667-1236  -            190 95905at7898          -            274    0.0055   15.7   1.1   1   3     0.022       2.7    6.9   0.0   232   268    50    86    20    91 0.89 -
TRINITY_DN6695_c0_g1_i12:667-1236  -            190 95905at7898          -            274    0.0055   15.7   1.1   2   3      0.32        40    3.1   0.6    95   142   118   166   106   173 0.72 -
TRINITY_DN6695_c0_g1_i12:667-1236  -            190 95905at7898          -            274    0.0055   15.7   1.1   3   3     0.071       8.9    5.2   0.1   239   273   152   186   147   187 0.91 -
TRINITY_DN1718_c0_g2_i19:1121-1988 -            174 95905at7898          -            274     0.084   11.8   0.1   1   2       0.4        51    2.7   0.0   109   154    39    80    10    98 0.61 -
TRINITY_DN1718_c0_g2_i19:1121-1988 -            174 95905at7898          -            274     0.084   11.8   0.1   2   2     0.019       2.4    7.1   0.0     6    49   105   146   100   156 0.78 -
TRINITY_DN1718_c0_g2_i25:885-2340  -            231 95905at7898          -            274     0.096   11.7   1.1   1   3      0.79     1e+02    1.8   0.0   110   153    40    79    13    95 0.59 -
TRINITY_DN1718_c0_g2_i25:885-2340  -            231 95905at7898          -            274     0.096   11.7   1.1   2   3     0.031       3.9    6.4   0.0     6    49   105   146   100   156 0.79 -
TRINITY_DN1718_c0_g2_i25:885-2340  -            231 95905at7898          -            274     0.096   11.7   1.1   3   3       3.1   3.9e+02   -0.2   0.1    18    31   177   190   171   229 0.62 -
#
# Program:         hmmsearch
# Version:         3.1b2 (February 2015)
# Pipeline mode:   SEARCH
# Query file:      /home/ericjuo/Projects/salmo_trutta_rna_seq/busco_downloads/lineages/actinopterygii_odb10/hmms/95905at7898.hmm
# Target file:     /home/ericjuo/Projects/salmo_trutta_rna_seq/data/02_intermediate/busco/run_actinopterygii_odb10/metaeuk_output/initial_results/trinity.Trinity.fasta.modified.fas
# Option settings: hmmsearch --domtblout /home/ericjuo/Projects/salmo_trutta_rna_seq/data/02_intermediate/busco/run_actinopterygii_odb10/hmmer_output/initial_run_results/95905at7898.out --cpu 1 /home/ericjuo/Projects/salmo_trutta_rna_seq/busco_downloads/lineages/actinopterygii_odb10/hmms/95905at7898.hmm /home/ericjuo/Projects/salmo_trutta_rna_seq/data/02_intermediate/busco/run_actinopterygii_odb10/metaeuk_output/initial_results/trinity.Trinity.fasta.modified.fas 
# Current dir:     /home/ericjuo/Projects/salmo_trutta_rna_seq
# Date:            Fri Apr 29 12:54:30 2022
# [ok]
