#                                                                                           --- full sequence --- -------------- this domain -------------   hmm coord   ali coord   env coord
# target name                       accession   tlen query name           accession   qlen   E-value  score  bias   #  of  c-Evalue  i-Evalue  score  bias  from    to  from    to  from    to  acc description of target
#               ------------------- ---------- ----- -------------------- ---------- ----- --------- ------ ----- --- --- --------- --------- ------ ----- ----- ----- ----- ----- ----- ----- ---- ---------------------
TRINITY_DN43367_c0_g1_i2:60-1019    -            320 96643at7898          -            293  4.7e-167  554.1   0.8   1   1  4.7e-169    7e-167  553.5   0.8     1   291     7   320     7   320 0.93 -
TRINITY_DN43367_c0_g1_i1:334-1125   -            264 96643at7898          -            293  1.5e-130  434.2   3.8   1   1  1.6e-132  2.4e-130  433.6   3.8     1   235     7   264     7   264 0.92 -
TRINITY_DN43367_c0_g2_i1:158-748    -            197 96643at7898          -            293  2.8e-112  374.3   0.2   1   1  2.1e-114  3.1e-112  374.1   0.2   103   293     1   197     1   197 0.99 -
TRINITY_DN68517_c0_g1_i1:267-1163   -            299 96643at7898          -            293   1.3e-89  299.8   0.0   1   1   1.2e-91   1.7e-89  299.5   0.0    15   289    14   295     6   298 0.94 -
TRINITY_DN6539_c0_g1_i12:742-1611   -            290 96643at7898          -            293   2.5e-86  289.1   0.5   1   1   2.2e-88   3.2e-86  288.7   0.5    15   290     3   287     1   289 0.91 -
TRINITY_DN6539_c0_g1_i26:742-1611   -            290 96643at7898          -            293   1.2e-85  286.9   0.3   1   1     1e-87   1.5e-85  286.5   0.3    15   290     3   287     1   289 0.91 -
TRINITY_DN6539_c0_g1_i15:728-1597   -            290 96643at7898          -            293   1.4e-85  286.6   0.3   1   1   1.2e-87   1.8e-85  286.3   0.3    15   290     3   287     1   289 0.93 -
TRINITY_DN6539_c0_g1_i20:742-1611   -            290 96643at7898          -            293   1.4e-85  286.6   0.3   1   1   1.2e-87   1.8e-85  286.3   0.3    15   290     3   287     1   289 0.93 -
TRINITY_DN40585_c0_g1_i1:218-1054   -            279 96643at7898          -            293   1.6e-85  286.5   0.1   1   1   1.2e-87   1.8e-85  286.3   0.1    19   291     1   276     1   278 0.95 -
TRINITY_DN6539_c0_g1_i17:207-1076   -            290 96643at7898          -            293   1.3e-84  283.5   0.0   1   1   1.1e-86   1.6e-84  283.2   0.0    18   291     6   288     2   290 0.92 -
TRINITY_DN6539_c0_g1_i8:739-1611    -            291 96643at7898          -            293   2.9e-84  282.3   0.4   1   1   2.5e-86   3.6e-84  282.0   0.4    14   290     3   288     1   290 0.92 -
TRINITY_DN6539_c0_g1_i22:728-1597   -            290 96643at7898          -            293     2e-81  273.0   0.8   1   1   1.7e-83   2.5e-81  272.7   0.8    15   290     3   287     1   289 0.93 -
TRINITY_DN14940_c1_g1_i1:216-1082   -            289 96643at7898          -            293   2.6e-73  246.3   0.0   1   1     2e-75     3e-73  246.1   0.0    20   291     2   284     1   286 0.94 -
TRINITY_DN28350_c0_g1_i1:276-1199   -            308 96643at7898          -            293   2.9e-73  246.2   0.0   1   1   2.4e-75   3.6e-73  245.9   0.0    17   291    30   305    18   307 0.96 -
TRINITY_DN49815_c0_g1_i1:321-1238   -            306 96643at7898          -            293   3.7e-72  242.6   0.0   1   1     3e-74   4.5e-72  242.3   0.0    17   290    24   306     9   306 0.92 -
TRINITY_DN37515_c0_g1_i1:226-963    -            246 96643at7898          -            293   2.4e-64  216.9   0.0   1   1   1.9e-66   2.8e-64  216.7   0.0    57   287     1   239     1   244 0.90 -
TRINITY_DN37584_c0_g1_i1:65-631     -            189 96643at7898          -            293     9e-58  195.3   0.0   1   1   6.7e-60   9.8e-58  195.2   0.0    17   196     6   189     1   189 0.95 -
TRINITY_DN6539_c0_g1_i14:137-601    -            155 96643at7898          -            293   6.6e-54  182.7   0.3   1   1   5.2e-56   7.6e-54  182.5   0.3    14   155    16   155     4   155 0.96 -
TRINITY_DN6539_c0_g1_i2:135-629     -            165 96643at7898          -            293   1.9e-52  177.8   0.1   1   1   1.6e-54   2.3e-52  177.6   0.1    18   155    30   165    19   165 0.97 -
TRINITY_DN20765_c0_g1_i1:331-1277   -            205 96643at7898          -            293   1.2e-49  168.6   3.5   1   2   3.3e-43   4.9e-41  140.4   0.7    15   151     3   132     1   140 0.93 -
TRINITY_DN20765_c0_g1_i1:331-1277   -            205 96643at7898          -            293   1.2e-49  168.6   3.5   2   2   1.9e-09   2.8e-07   29.6   0.1   231   291   144   203   132   205 0.89 -
TRINITY_DN20765_c0_g1_i2:331-1199   -            205 96643at7898          -            293   1.2e-49  168.6   3.5   1   2   3.3e-43   4.9e-41  140.4   0.7    15   151     3   132     1   140 0.93 -
TRINITY_DN20765_c0_g1_i2:331-1199   -            205 96643at7898          -            293   1.2e-49  168.6   3.5   2   2   1.9e-09   2.8e-07   29.6   0.1   231   291   144   203   132   205 0.89 -
TRINITY_DN17683_c1_g1_i3:169-777    -            203 96643at7898          -            293   4.8e-42  143.7   0.3   1   1   3.5e-44   5.2e-42  143.6   0.3    18   215     2   199     1   203 0.92 -
TRINITY_DN2149_c1_g3_i1:0-569       -            190 96643at7898          -            293   1.6e-27   96.1   0.0   1   1   1.2e-29   1.8e-27   95.9   0.0   114   262     1   160     1   184 0.90 -
TRINITY_DN37615_c0_g2_i1:136-816    -            227 96643at7898          -            293   4.1e-24   84.8   0.0   1   1   3.5e-26   5.2e-24   84.5   0.0    16   126   116   226   103   227 0.94 -
TRINITY_DN38437_c0_g1_i7:2661-3719  -            353 96643at7898          -            293   4.6e-15   55.2   0.0   1   2   9.1e-17   1.3e-14   53.6   0.0    17   170    49   207    37   236 0.84 -
TRINITY_DN38437_c0_g1_i7:2661-3719  -            353 96643at7898          -            293   4.6e-15   55.2   0.0   2   2       5.9   8.8e+02   -1.6   0.0    94   134   265   305   260   328 0.81 -
TRINITY_DN38437_c0_g1_i9:2659-3717  -            353 96643at7898          -            293   4.8e-15   55.1   0.0   1   2   9.4e-17   1.4e-14   53.6   0.0    17   170    49   207    37   236 0.84 -
TRINITY_DN38437_c0_g1_i9:2659-3717  -            353 96643at7898          -            293   4.8e-15   55.1   0.0   2   2       5.9   8.8e+02   -1.6   0.0    94   134   265   305   260   328 0.81 -
TRINITY_DN38437_c0_g1_i3:2654-3730  -            359 96643at7898          -            293   4.8e-15   55.1   0.0   1   2   9.5e-17   1.4e-14   53.6   0.0    17   170    55   213    43   242 0.84 -
TRINITY_DN38437_c0_g1_i3:2654-3730  -            359 96643at7898          -            293   4.8e-15   55.1   0.0   2   2       6.1     9e+02   -1.6   0.0    94   134   271   311   266   334 0.81 -
TRINITY_DN38437_c0_g1_i2:2654-3730  -            359 96643at7898          -            293     5e-15   55.0   0.0   1   2   9.8e-17   1.4e-14   53.5   0.0    17   170    55   213    43   242 0.84 -
TRINITY_DN38437_c0_g1_i2:2654-3730  -            359 96643at7898          -            293     5e-15   55.0   0.0   2   2       6.1     9e+02   -1.6   0.0    94   134   271   311   266   334 0.81 -
TRINITY_DN38437_c0_g1_i1:2656-3732  -            359 96643at7898          -            293     5e-15   55.0   0.0   1   2   9.8e-17   1.4e-14   53.5   0.0    17   170    55   213    43   242 0.84 -
TRINITY_DN38437_c0_g1_i1:2656-3732  -            359 96643at7898          -            293     5e-15   55.0   0.0   2   2       6.1     9e+02   -1.6   0.0    94   134   271   311   266   334 0.81 -
TRINITY_DN38437_c0_g1_i11:2664-3584 -            307 96643at7898          -            293   5.1e-15   55.0   0.0   1   2   1.2e-16   1.7e-14   53.3   0.0    18   170     4   161     2   190 0.84 -
TRINITY_DN38437_c0_g1_i11:2664-3584 -            307 96643at7898          -            293   5.1e-15   55.0   0.0   2   2       4.7   6.9e+02   -1.2   0.0    94   134   219   259   214   283 0.80 -
TRINITY_DN630_c0_g1_i1:1151-1696    -            182 96643at7898          -            293   7.6e-15   54.4   0.1   1   1   6.7e-17   9.9e-15   54.1   0.1    17   162    13   158     7   164 0.83 -
TRINITY_DN630_c0_g1_i2:508-1293     -            262 96643at7898          -            293   9.7e-15   54.1   0.0   1   2   2.3e-16   3.4e-14   52.3   0.0    18   162     4   148     1   166 0.84 -
TRINITY_DN630_c0_g1_i2:508-1293     -            262 96643at7898          -            293   9.7e-15   54.1   0.0   2   2       3.2   4.8e+02   -0.7   0.0   179   217   196   238   183   259 0.66 -
TRINITY_DN10178_c0_g1_i1:507-1085   -            193 96643at7898          -            293   4.7e-14   51.8   0.0   1   1   3.7e-16   5.5e-14   51.6   0.0    21   160     3   143     1   164 0.86 -
TRINITY_DN10178_c0_g1_i3:507-1085   -            193 96643at7898          -            293   4.7e-14   51.8   0.0   1   1   3.7e-16   5.5e-14   51.6   0.0    21   160     3   143     1   164 0.86 -
TRINITY_DN3528_c0_g1_i1:26-967      -            314 96643at7898          -            293   4.7e-14   51.8   0.0   1   1   4.5e-16   6.7e-14   51.3   0.0    21   159    39   176    22   236 0.89 -
TRINITY_DN3528_c0_g1_i4:541-1515    -            325 96643at7898          -            293   5.4e-14   51.6   0.0   1   1   5.3e-16   7.8e-14   51.1   0.0    21   159    39   176    22   224 0.89 -
TRINITY_DN3528_c0_g1_i5:240-1431    -            327 96643at7898          -            293   5.5e-14   51.6   0.0   1   1   5.4e-16   7.9e-14   51.1   0.0    21   159    39   176    22   224 0.89 -
TRINITY_DN3528_c0_g1_i2:240-1223    -            328 96643at7898          -            293   5.6e-14   51.6   0.0   1   1   5.4e-16     8e-14   51.1   0.0    21   159    39   176    22   224 0.89 -
TRINITY_DN14349_c0_g2_i1:1689-2420  -            244 96643at7898          -            293   6.9e-13   48.0   0.2   1   1   1.7e-14   2.5e-12   46.2   0.2    24   218     3   192     1   241 0.78 -
TRINITY_DN1201_c0_g1_i5:253-1017    -            255 96643at7898          -            293   1.7e-12   46.8   0.0   1   1   3.5e-14   5.1e-12   45.2   0.0    19   216     9   197     3   204 0.88 -
TRINITY_DN43231_c0_g1_i2:47-820     -            258 96643at7898          -            293   2.3e-12   46.3   0.1   1   1   4.7e-14   6.9e-12   44.7   0.1    20   170     8   162     4   218 0.77 -
TRINITY_DN11108_c0_g2_i1:1153-1926  -            258 96643at7898          -            293   2.9e-12   46.0   1.8   1   1   1.1e-13   1.6e-11   43.6   1.8    18   220    11   203     7   207 0.87 -
TRINITY_DN40556_c0_g1_i1:728-1690   -            321 96643at7898          -            293   7.1e-12   44.7   0.1   1   1   6.8e-14   9.9e-12   44.2   0.1     7   161    19   178    15   198 0.86 -
TRINITY_DN2530_c0_g1_i8:130-975     -            282 96643at7898          -            293   8.3e-12   44.5   1.6   1   1   4.4e-13   6.5e-11   41.5   1.6    17   216    32   222    26   229 0.86 -
TRINITY_DN49709_c0_g1_i2:42-926     -            295 96643at7898          -            293   8.5e-12   44.4   0.3   1   1   6.1e-13   8.9e-11   41.1   0.3    15   218    47   245    36   260 0.77 -
TRINITY_DN53217_c0_g1_i1:353-1069   -            239 96643at7898          -            293   1.1e-11   44.1   0.1   1   1   8.4e-14   1.2e-11   43.9   0.1    24   161     2   146     1   192 0.83 -
TRINITY_DN68327_c0_g1_i1:455-1105   -            217 96643at7898          -            293   1.5e-11   43.6   0.2   1   1   4.9e-12   7.2e-10   38.1   0.2    15   157     6   171     1   188 0.76 -
TRINITY_DN20082_c0_g1_i1:475-1209   -            245 96643at7898          -            293   1.7e-11   43.5   7.5   1   1     4e-12   5.8e-10   38.4   7.5    19   219     5   189     1   192 0.83 -
TRINITY_DN314_c2_g1_i1:551-1234     -            228 96643at7898          -            293   1.8e-11   43.3   0.0   1   1   1.6e-13   2.4e-11   43.0   0.0    22   159     1   137     1   150 0.88 -
TRINITY_DN2530_c0_g1_i6:65-931      -            289 96643at7898          -            293   2.7e-11   42.8   1.8   1   1   1.5e-12   2.2e-10   39.8   1.8    12   216    34   229    32   236 0.85 -
TRINITY_DN13641_c0_g2_i1:1144-1800  -            219 96643at7898          -            293   3.2e-11   42.5   0.1   1   1   3.6e-13   5.3e-11   41.8   0.1    19   156     1   145     1   152 0.85 -
TRINITY_DN14901_c0_g1_i1:1750-2496  -            249 96643at7898          -            293   3.5e-11   42.4   0.2   1   1   5.9e-13   8.7e-11   41.1   0.2    17   218     4   197     1   207 0.87 -
TRINITY_DN4859_c1_g1_i1:116-673     -            186 96643at7898          -            293   3.6e-11   42.4   0.1   1   1     3e-13   4.4e-11   42.1   0.1    24   170     2   150     1   186 0.78 -
TRINITY_DN3843_c0_g1_i2:509-1396    -            296 96643at7898          -            293   7.7e-11   41.3   0.2   1   1   1.2e-12   1.7e-10   40.2   0.2    19   211    33   216    24   238 0.85 -
TRINITY_DN1342_c0_g1_i12:201-749    -            183 96643at7898          -            293   7.8e-11   41.3   0.1   1   1   6.2e-13   9.2e-11   41.0   0.1    24   161     3   141     1   171 0.86 -
TRINITY_DN1342_c0_g1_i20:201-749    -            183 96643at7898          -            293   7.8e-11   41.3   0.1   1   1   6.2e-13   9.2e-11   41.0   0.1    24   161     3   141     1   171 0.86 -
TRINITY_DN3843_c0_g1_i1:439-1338    -            300 96643at7898          -            293   8.1e-11   41.2   0.2   1   1   1.2e-12   1.8e-10   40.1   0.2    19   211    32   215    23   237 0.85 -
TRINITY_DN21077_c0_g1_i1:168-1163   -            332 96643at7898          -            293   1.1e-10   40.7   0.0   1   1   1.1e-12   1.6e-10   40.3   0.0    18   159    40   180    24   208 0.82 -
TRINITY_DN60337_c0_g1_i1:210-1115   -            302 96643at7898          -            293   2.1e-10   39.9   0.0   1   1   8.4e-12   1.2e-09   37.3   0.0    21   159    17   154     6   209 0.84 -
TRINITY_DN167_c3_g1_i1:666-1235     -            190 96643at7898          -            293     5e-10   38.6   0.0   1   2   1.8e-10   2.7e-08   33.0   0.0    25   110     1    85     1   105 0.86 -
TRINITY_DN167_c3_g1_i1:666-1235     -            190 96643at7898          -            293     5e-10   38.6   0.0   2   2      0.11        16    4.2   0.0   190   216   163   189   108   190 0.86 -
TRINITY_DN60771_c0_g1_i1:38-685     -            216 96643at7898          -            293   2.5e-09   36.3   0.2   1   2   6.4e-06   0.00094   18.0   0.1    17    56     5    45     2    66 0.73 -
TRINITY_DN60771_c0_g1_i1:38-685     -            216 96643at7898          -            293   2.5e-09   36.3   0.2   2   2   1.8e-05    0.0027   16.5   0.0    72   157    83   170    66   183 0.87 -
TRINITY_DN3652_c1_g1_i1:1734-2540   -            269 96643at7898          -            293   5.2e-09   35.3   0.0   1   1   7.2e-10   1.1e-07   31.0   0.0    21   217    37   226    23   231 0.58 -
TRINITY_DN3652_c1_g1_i2:1736-2542   -            269 96643at7898          -            293   5.2e-09   35.3   0.0   1   1   7.2e-10   1.1e-07   31.0   0.0    21   217    37   226    23   231 0.58 -
TRINITY_DN4643_c0_g1_i10:1385-2215  -            277 96643at7898          -            293   6.7e-09   34.9   0.0   1   1   9.3e-11   1.4e-08   33.9   0.0    20   217    44   234    29   241 0.80 -
TRINITY_DN4643_c0_g1_i1:1330-2160   -            277 96643at7898          -            293   6.7e-09   34.9   0.0   1   1   9.3e-11   1.4e-08   33.9   0.0    20   217    44   234    29   241 0.80 -
TRINITY_DN4643_c0_g1_i5:1206-2036   -            277 96643at7898          -            293   6.7e-09   34.9   0.0   1   1   9.3e-11   1.4e-08   33.9   0.0    20   217    44   234    29   241 0.80 -
TRINITY_DN4643_c0_g1_i9:1221-2051   -            277 96643at7898          -            293   6.7e-09   34.9   0.0   1   1   9.3e-11   1.4e-08   33.9   0.0    20   217    44   234    29   241 0.80 -
TRINITY_DN4876_c1_g2_i1:166-948     -            261 96643at7898          -            293   3.2e-08   32.7   0.2   1   1   3.3e-10   4.9e-08   32.1   0.2    19   110     4    94     2   107 0.94 -
TRINITY_DN1675_c0_g1_i1:65-676      -            204 96643at7898          -            293   2.1e-07   30.0   0.4   1   1   7.1e-09     1e-06   27.7   0.4    19   218     2   190     1   195 0.69 -
TRINITY_DN1675_c0_g1_i8:65-676      -            204 96643at7898          -            293   2.1e-07   30.0   0.4   1   1   7.1e-09     1e-06   27.7   0.4    19   218     2   190     1   195 0.69 -
TRINITY_DN1675_c0_g1_i9:65-676      -            204 96643at7898          -            293   2.1e-07   30.0   0.4   1   1   7.1e-09     1e-06   27.7   0.4    19   218     2   190     1   195 0.69 -
TRINITY_DN67555_c0_g1_i1:342-1031   -            230 96643at7898          -            293   2.1e-07   30.0   0.8   1   1   2.1e-09   3.1e-07   29.4   0.8    21   217     1   195     1   203 0.86 -
TRINITY_DN1166_c1_g1_i13:3698-5902  -            735 96643at7898          -            293   3.5e-07   29.3   0.3   1   1   4.3e-09   6.4e-07   28.4   0.3    20   172     6   164     3   193 0.79 -
TRINITY_DN1166_c1_g1_i1:3666-5870   -            735 96643at7898          -            293   3.5e-07   29.3   0.3   1   1   4.3e-09   6.4e-07   28.4   0.3    20   172     6   164     3   193 0.79 -
TRINITY_DN1166_c1_g1_i6:4423-6627   -            735 96643at7898          -            293   3.5e-07   29.3   0.3   1   1   4.3e-09   6.4e-07   28.4   0.3    20   172     6   164     3   193 0.79 -
TRINITY_DN1675_c0_g1_i3:65-811      -            249 96643at7898          -            293   3.5e-07   29.3   0.4   1   1   1.3e-08     2e-06   26.8   0.4    19   159     2   139     1   196 0.69 -
TRINITY_DN3727_c0_g1_i12:2-859      -            286 96643at7898          -            293   1.7e-06   27.0   0.0   1   1   1.9e-08   2.8e-06   26.3   0.0    22   159    23   159    19   210 0.84 -
TRINITY_DN15221_c0_g1_i1:235-951    -            239 96643at7898          -            293     2e-06   26.8   0.1   1   1   1.9e-08   2.8e-06   26.3   0.1    21   113     1    92     1   146 0.80 -
TRINITY_DN15221_c0_g1_i2:235-951    -            239 96643at7898          -            293     2e-06   26.8   0.1   1   1   1.9e-08   2.8e-06   26.3   0.1    21   113     1    92     1   146 0.80 -
TRINITY_DN3727_c0_g1_i3:209-1147    -            313 96643at7898          -            293   2.2e-06   26.7   0.0   1   1   2.3e-08   3.4e-06   26.1   0.0    22   159    25   161    18   208 0.84 -
TRINITY_DN3727_c0_g1_i8:209-1147    -            313 96643at7898          -            293   2.2e-06   26.7   0.0   1   1   2.3e-08   3.4e-06   26.1   0.0    22   159    25   161    18   208 0.84 -
TRINITY_DN3727_c0_g1_i7:158-1078    -            307 96643at7898          -            293   2.3e-06   26.6   0.0   1   1   2.1e-08     3e-06   26.2   0.0    22   159    23   159    13   206 0.85 -
TRINITY_DN3727_c0_g1_i2:221-1141    -            307 96643at7898          -            293   2.3e-06   26.6   0.0   1   1   2.3e-08   3.4e-06   26.0   0.0    22   159    23   159    14   208 0.82 -
TRINITY_DN22126_c0_g1_i1:1-510      -            170 96643at7898          -            293   4.3e-06   25.7   0.9   1   1   7.2e-08   1.1e-05   24.4   0.9    39   213     6   168     1   170 0.81 -
TRINITY_DN15221_c0_g1_i4:40-747     -            236 96643at7898          -            293   6.9e-06   25.0   0.2   1   1   6.8e-08     1e-05   24.5   0.2    24   113     1    89     1   143 0.80 -
TRINITY_DN36372_c0_g1_i1:66-701     -            212 96643at7898          -            293     1e-05   24.5   0.3   1   1   1.1e-07   1.6e-05   23.8   0.3    25   148     2   139     1   212 0.70 -
TRINITY_DN5519_c0_g2_i1:154-471     -            106 96643at7898          -            293     1e-05   24.4   0.0   1   1   8.6e-08   1.3e-05   24.2   0.0    18   110     6    98     2   101 0.91 -
TRINITY_DN5519_c0_g2_i2:154-471     -            106 96643at7898          -            293     1e-05   24.4   0.0   1   1   8.6e-08   1.3e-05   24.2   0.0    18   110     6    98     2   101 0.91 -
TRINITY_DN30963_c0_g1_i1:313-1164   -            284 96643at7898          -            293   7.3e-05   21.7   0.0   1   1     7e-07    0.0001   21.2   0.0    18   159    16   158     2   169 0.77 -
TRINITY_DN3473_c2_g1_i10:508-1371   -            288 96643at7898          -            293   0.00012   21.0   0.0   1   1   1.2e-06   0.00017   20.5   0.0    19   157     7   146     4   153 0.79 -
TRINITY_DN3473_c2_g1_i11:513-1376   -            288 96643at7898          -            293   0.00012   21.0   0.0   1   1   1.2e-06   0.00017   20.5   0.0    19   157     7   146     4   153 0.79 -
TRINITY_DN3473_c2_g1_i1:538-1401    -            288 96643at7898          -            293   0.00012   21.0   0.0   1   1   1.2e-06   0.00017   20.5   0.0    19   157     7   146     4   153 0.79 -
TRINITY_DN26198_c0_g2_i1:1-840      -            280 96643at7898          -            293   0.00096   18.0   0.0   1   1   9.1e-06    0.0013   17.5   0.0    18   158    65   206    55   214 0.83 -
TRINITY_DN19244_c0_g2_i1:282-1427   -            382 96643at7898          -            293     0.034   12.9   0.4   1   1   0.00035     0.051   12.3   0.4    12    57   168   213   158   221 0.84 -
#
# Program:         hmmsearch
# Version:         3.1b2 (February 2015)
# Pipeline mode:   SEARCH
# Query file:      /home/ericjuo/Projects/salmo_trutta_rna_seq/busco_downloads/lineages/actinopterygii_odb10/hmms/96643at7898.hmm
# Target file:     /home/ericjuo/Projects/salmo_trutta_rna_seq/data/02_intermediate/busco/run_actinopterygii_odb10/metaeuk_output/initial_results/trinity.Trinity.fasta.modified.fas
# Option settings: hmmsearch --domtblout /home/ericjuo/Projects/salmo_trutta_rna_seq/data/02_intermediate/busco/run_actinopterygii_odb10/hmmer_output/initial_run_results/96643at7898.out --cpu 1 /home/ericjuo/Projects/salmo_trutta_rna_seq/busco_downloads/lineages/actinopterygii_odb10/hmms/96643at7898.hmm /home/ericjuo/Projects/salmo_trutta_rna_seq/data/02_intermediate/busco/run_actinopterygii_odb10/metaeuk_output/initial_results/trinity.Trinity.fasta.modified.fas 
# Current dir:     /home/ericjuo/Projects/salmo_trutta_rna_seq
# Date:            Fri Apr 29 12:54:32 2022
# [ok]
