#                                                                                           --- full sequence --- -------------- this domain -------------   hmm coord   ali coord   env coord
# target name                       accession   tlen query name           accession   qlen   E-value  score  bias   #  of  c-Evalue  i-Evalue  score  bias  from    to  from    to  from    to  acc description of target
#               ------------------- ---------- ----- -------------------- ---------- ----- --------- ------ ----- --- --- --------- --------- ------ ----- ----- ----- ----- ----- ----- ----- ---- ---------------------
TRINITY_DN37366_c0_g1_i1:42-482     -            147 10556at7898          -            882   4.6e-75  251.8  34.8   1   1   1.2e-76   6.9e-75  251.2  34.8   239   377     1   142     1   147 0.99 -
TRINITY_DN27462_c0_g2_i1:26-1576    -            517 10556at7898          -            882   6.7e-61  204.9 129.8   1   6   1.4e-11   8.5e-10   35.8  16.9    46   118     4    76     1    79 0.83 -
TRINITY_DN27462_c0_g2_i1:26-1576    -            517 10556at7898          -            882   6.7e-61  204.9 129.8   2   6   8.6e-10   5.1e-08   30.0   5.9   272   320    83   131    78   136 0.96 -
TRINITY_DN27462_c0_g2_i1:26-1576    -            517 10556at7898          -            882   6.7e-61  204.9 129.8   3   6   1.9e-11   1.1e-09   35.5  21.7    60   148   143   231   131   260 0.79 -
TRINITY_DN27462_c0_g2_i1:26-1576    -            517 10556at7898          -            882   6.7e-61  204.9 129.8   4   6   8.3e-10   4.9e-08   30.0  20.3    26   114   263   350   243   350 0.85 -
TRINITY_DN27462_c0_g2_i1:26-1576    -            517 10556at7898          -            882   6.7e-61  204.9 129.8   5   6   1.7e-21     1e-19   68.6  21.8   245   347   335   438   333   440 0.92 -
TRINITY_DN27462_c0_g2_i1:26-1576    -            517 10556at7898          -            882   6.7e-61  204.9 129.8   6   6   7.8e-13   4.7e-11   40.0  17.9    40   118   441   517   437   517 0.92 -
TRINITY_DN10584_c0_g1_i10:684-1922  -            413 10556at7898          -            882   7.6e-52  175.0  95.7   1   4   8.8e-18   5.2e-16   56.4  37.7   245   377    14   160     3   165 0.80 -
TRINITY_DN10584_c0_g1_i10:684-1922  -            413 10556at7898          -            882   7.6e-52  175.0  95.7   2   4   1.8e-09   1.1e-07   28.9   6.1    72   120   165   214   161   219 0.84 -
TRINITY_DN10584_c0_g1_i10:684-1922  -            413 10556at7898          -            882   7.6e-52  175.0  95.7   3   4   1.3e-19   7.8e-18   62.4  15.4    41   122   218   297   214   300 0.92 -
TRINITY_DN10584_c0_g1_i10:684-1922  -            413 10556at7898          -            882   7.6e-52  175.0  95.7   4   4   6.4e-15   3.8e-13   46.9  13.1   269   342   299   378   297   393 0.87 -
TRINITY_DN10584_c0_g1_i1:628-1929   -            434 10556at7898          -            882   1.2e-51  174.4  96.1   1   4   2.1e-18   1.3e-16   58.4  37.7   241   377    31   181     3   186 0.80 -
TRINITY_DN10584_c0_g1_i1:628-1929   -            434 10556at7898          -            882   1.2e-51  174.4  96.1   2   4   1.7e-09   9.9e-08   29.0   6.8    72   120   186   235   183   239 0.85 -
TRINITY_DN10584_c0_g1_i1:628-1929   -            434 10556at7898          -            882   1.2e-51  174.4  96.1   3   4   1.2e-19   6.9e-18   62.6  15.2    41   122   239   318   234   321 0.91 -
TRINITY_DN10584_c0_g1_i1:628-1929   -            434 10556at7898          -            882   1.2e-51  174.4  96.1   4   4   5.6e-14   3.3e-12   43.8  13.0   269   341   320   398   318   413 0.76 -
TRINITY_DN10584_c0_g1_i3:645-1898   -            418 10556at7898          -            882   1.8e-51  173.7  98.4   1   4   1.9e-17   1.1e-15   55.3  37.7   243   377    25   173    10   177 0.80 -
TRINITY_DN10584_c0_g1_i3:645-1898   -            418 10556at7898          -            882   1.8e-51  173.7  98.4   2   4   8.1e-10   4.8e-08   30.0   6.3    72   120   178   227   173   233 0.84 -
TRINITY_DN10584_c0_g1_i3:645-1898   -            418 10556at7898          -            882   1.8e-51  173.7  98.4   3   4   8.3e-20   4.9e-18   63.1  15.0    41   122   231   310   226   314 0.91 -
TRINITY_DN10584_c0_g1_i3:645-1898   -            418 10556at7898          -            882   1.8e-51  173.7  98.4   4   4   1.2e-14   7.2e-13   46.0  15.4   269   349   312   401   310   416 0.83 -
TRINITY_DN7480_c0_g1_i1:1317-2582   -            422 10556at7898          -            882   5.3e-51  172.2  26.5   1   5   2.7e-12   1.6e-10   38.2   0.0   694   802     1   109     1   112 0.94 -
TRINITY_DN7480_c0_g1_i1:1317-2582   -            422 10556at7898          -            882   5.3e-51  172.2  26.5   2   5   1.1e-09   6.6e-08   29.6   2.7   273   315   111   154   107   156 0.90 -
TRINITY_DN7480_c0_g1_i1:1317-2582   -            422 10556at7898          -            882   5.3e-51  172.2  26.5   3   5   2.9e-13   1.7e-11   41.5   0.1   693   803   156   266   154   270 0.87 -
TRINITY_DN7480_c0_g1_i1:1317-2582   -            422 10556at7898          -            882   5.3e-51  172.2  26.5   4   5   1.6e-13   9.6e-12   42.3   6.7    88   128   269   309   264   313 0.94 -
TRINITY_DN7480_c0_g1_i1:1317-2582   -            422 10556at7898          -            882   5.3e-51  172.2  26.5   5   5   6.9e-12   4.1e-10   36.9   0.1   688   801   307   420   306   422 0.90 -
TRINITY_DN7480_c0_g1_i3:1323-2588   -            422 10556at7898          -            882   5.3e-51  172.2  26.5   1   5   2.7e-12   1.6e-10   38.2   0.0   694   802     1   109     1   112 0.94 -
TRINITY_DN7480_c0_g1_i3:1323-2588   -            422 10556at7898          -            882   5.3e-51  172.2  26.5   2   5   1.1e-09   6.6e-08   29.6   2.7   273   315   111   154   107   156 0.90 -
TRINITY_DN7480_c0_g1_i3:1323-2588   -            422 10556at7898          -            882   5.3e-51  172.2  26.5   3   5   2.9e-13   1.7e-11   41.5   0.1   693   803   156   266   154   270 0.87 -
TRINITY_DN7480_c0_g1_i3:1323-2588   -            422 10556at7898          -            882   5.3e-51  172.2  26.5   4   5   1.6e-13   9.6e-12   42.3   6.7    88   128   269   309   264   313 0.94 -
TRINITY_DN7480_c0_g1_i3:1323-2588   -            422 10556at7898          -            882   5.3e-51  172.2  26.5   5   5   6.9e-12   4.1e-10   36.9   0.1   688   801   307   420   306   422 0.90 -
TRINITY_DN7480_c0_g1_i5:678-1943    -            422 10556at7898          -            882   5.3e-51  172.2  26.5   1   5   2.7e-12   1.6e-10   38.2   0.0   694   802     1   109     1   112 0.94 -
TRINITY_DN7480_c0_g1_i5:678-1943    -            422 10556at7898          -            882   5.3e-51  172.2  26.5   2   5   1.1e-09   6.6e-08   29.6   2.7   273   315   111   154   107   156 0.90 -
TRINITY_DN7480_c0_g1_i5:678-1943    -            422 10556at7898          -            882   5.3e-51  172.2  26.5   3   5   2.9e-13   1.7e-11   41.5   0.1   693   803   156   266   154   270 0.87 -
TRINITY_DN7480_c0_g1_i5:678-1943    -            422 10556at7898          -            882   5.3e-51  172.2  26.5   4   5   1.6e-13   9.6e-12   42.3   6.7    88   128   269   309   264   313 0.94 -
TRINITY_DN7480_c0_g1_i5:678-1943    -            422 10556at7898          -            882   5.3e-51  172.2  26.5   5   5   6.9e-12   4.1e-10   36.9   0.1   688   801   307   420   306   422 0.90 -
TRINITY_DN10584_c0_g1_i12:684-1922  -            413 10556at7898          -            882   1.1e-50  171.1  96.4   1   4   2.7e-17   1.6e-15   54.8  37.9   245   377    14   160     3   164 0.80 -
TRINITY_DN10584_c0_g1_i12:684-1922  -            413 10556at7898          -            882   1.1e-50  171.1  96.4   2   4   9.3e-10   5.5e-08   29.8   6.4    72   120   165   214   160   219 0.84 -
TRINITY_DN10584_c0_g1_i12:684-1922  -            413 10556at7898          -            882   1.1e-50  171.1  96.4   3   4   1.4e-19   8.3e-18   62.4  15.3    41   122   218   297   214   299 0.92 -
TRINITY_DN10584_c0_g1_i12:684-1922  -            413 10556at7898          -            882   1.1e-50  171.1  96.4   4   4   6.5e-14   3.9e-12   43.6  13.2   269   341   299   377   297   388 0.76 -
TRINITY_DN27462_c0_g1_i1:618-2285   -            556 10556at7898          -            882   1.8e-50  170.4 104.7   1   4   7.6e-11   4.5e-09   33.5  26.5   245   367    33   165    20   198 0.74 -
TRINITY_DN27462_c0_g1_i1:618-2285   -            556 10556at7898          -            882   1.8e-50  170.4 104.7   2   4   1.8e-16   1.1e-14   52.1  16.5   264   367   214   320   195   324 0.87 -
TRINITY_DN27462_c0_g1_i1:618-2285   -            556 10556at7898          -            882   1.8e-50  170.4 104.7   3   4   1.5e-19   9.1e-18   62.2  21.8    24   129   326   431   321   433 0.89 -
TRINITY_DN27462_c0_g1_i1:618-2285   -            556 10556at7898          -            882   1.8e-50  170.4 104.7   4   4   1.8e-12   1.1e-10   38.8  17.8   235   322   432   521   430   546 0.83 -
TRINITY_DN26879_c0_g1_i1:81-353     -             91 10556at7898          -            882   7.5e-42  141.9  18.5   1   1   1.6e-43   9.2e-42  141.6  18.5   294   376     1    86     1    90 0.98 -
TRINITY_DN53400_c0_g1_i1:9-287      -             93 10556at7898          -            882   6.5e-40  135.5  27.7   1   1   6.4e-41   3.8e-39  133.0  26.6   317   399     1    89     1    90 0.96 -
TRINITY_DN1953_c1_g1_i3:519-1394    -            292 10556at7898          -            882   7.7e-36  122.0  54.8   1   3   0.00098     0.058    9.9   1.0   260   301     1    44     1    54 0.72 -
TRINITY_DN1953_c1_g1_i3:519-1394    -            292 10556at7898          -            882   7.7e-36  122.0  54.8   2   3   1.1e-18   6.7e-17   59.4  17.9   259   361    73   173    64   174 0.87 -
TRINITY_DN1953_c1_g1_i3:519-1394    -            292 10556at7898          -            882   7.7e-36  122.0  54.8   3   3   1.1e-23   6.3e-22   76.0  28.9   258   381   150   278   149   286 0.90 -
TRINITY_DN1953_c1_g1_i15:522-1397   -            292 10556at7898          -            882     1e-34  118.3  54.2   1   3    0.0013     0.078    9.5   1.3   260   300     1    43     1    50 0.71 -
TRINITY_DN1953_c1_g1_i15:522-1397   -            292 10556at7898          -            882     1e-34  118.3  54.2   2   3   8.6e-19   5.1e-17   59.7  17.9   259   361    73   173    62   175 0.87 -
TRINITY_DN1953_c1_g1_i15:522-1397   -            292 10556at7898          -            882     1e-34  118.3  54.2   3   3   1.8e-22   1.1e-20   71.9  28.3   258   378   150   275   150   281 0.88 -
TRINITY_DN1953_c1_g1_i17:522-1397   -            292 10556at7898          -            882     1e-34  118.3  54.2   1   3    0.0013     0.078    9.5   1.3   260   300     1    43     1    50 0.71 -
TRINITY_DN1953_c1_g1_i17:522-1397   -            292 10556at7898          -            882     1e-34  118.3  54.2   2   3   8.6e-19   5.1e-17   59.7  17.9   259   361    73   173    62   175 0.87 -
TRINITY_DN1953_c1_g1_i17:522-1397   -            292 10556at7898          -            882     1e-34  118.3  54.2   3   3   1.8e-22   1.1e-20   71.9  28.3   258   378   150   275   150   281 0.88 -
TRINITY_DN1953_c1_g1_i8:243-1118    -            292 10556at7898          -            882     1e-34  118.3  54.2   1   3   0.00098     0.058    9.9   1.0   260   301     1    44     1    54 0.72 -
TRINITY_DN1953_c1_g1_i8:243-1118    -            292 10556at7898          -            882     1e-34  118.3  54.2   2   3   8.6e-19   5.1e-17   59.7  17.9   259   361    73   173    62   175 0.87 -
TRINITY_DN1953_c1_g1_i8:243-1118    -            292 10556at7898          -            882     1e-34  118.3  54.2   3   3   1.8e-22   1.1e-20   71.9  28.3   258   378   150   275   150   281 0.88 -
TRINITY_DN6863_c0_g2_i1:1897-2913   -            339 10556at7898          -            882   7.8e-34  115.4   3.2   1   3   4.4e-16   2.6e-14   50.8   0.0   694   807     1   114     1   118 0.91 -
TRINITY_DN6863_c0_g2_i1:1897-2913   -            339 10556at7898          -            882   7.8e-34  115.4   3.2   2   3     3e-11   1.8e-09   34.8   0.1   693   803   118   228   113   231 0.86 -
TRINITY_DN6863_c0_g2_i1:1897-2913   -            339 10556at7898          -            882   7.8e-34  115.4   3.2   3   3   8.1e-10   4.8e-08   30.0   0.1   694   803   232   339   229   339 0.77 -
TRINITY_DN6863_c0_g2_i2:1897-2913   -            339 10556at7898          -            882   7.8e-34  115.4   3.2   1   3   4.4e-16   2.6e-14   50.8   0.0   694   807     1   114     1   118 0.91 -
TRINITY_DN6863_c0_g2_i2:1897-2913   -            339 10556at7898          -            882   7.8e-34  115.4   3.2   2   3     3e-11   1.8e-09   34.8   0.1   693   803   118   228   113   231 0.86 -
TRINITY_DN6863_c0_g2_i2:1897-2913   -            339 10556at7898          -            882   7.8e-34  115.4   3.2   3   3   8.1e-10   4.8e-08   30.0   0.1   694   803   232   339   229   339 0.77 -
TRINITY_DN26981_c0_g2_i2:16-1023    -            336 10556at7898          -            882   1.9e-31  107.5  74.2   1   4   2.6e-13   1.6e-11   41.6  14.0    44   118     1    74     1    79 0.76 -
TRINITY_DN26981_c0_g2_i2:16-1023    -            336 10556at7898          -            882   1.9e-31  107.5  74.2   2   4   8.4e-18     5e-16   56.5  18.6    40   130    79   169    75   182 0.86 -
TRINITY_DN26981_c0_g2_i2:16-1023    -            336 10556at7898          -            882   1.9e-31  107.5  74.2   3   4   8.8e-06   0.00052   16.7  15.0    15   128   185   295   177   295 0.86 -
TRINITY_DN26981_c0_g2_i2:16-1023    -            336 10556at7898          -            882   1.9e-31  107.5  74.2   4   4     2e-09   1.2e-07   28.8  15.5    45   127   252   335   240   336 0.86 -
TRINITY_DN6863_c0_g2_i1:3979-5313   -            445 10556at7898          -            882   7.7e-31  105.5   8.7   1   4   1.7e-05   0.00098   15.8   0.3   701   802    10   111     1   116 0.77 -
TRINITY_DN6863_c0_g2_i1:3979-5313   -            445 10556at7898          -            882   7.7e-31  105.5   8.7   2   4   7.2e-12   4.3e-10   36.8   0.2   692   805   115   229    99   233 0.89 -
TRINITY_DN6863_c0_g2_i1:3979-5313   -            445 10556at7898          -            882   7.7e-31  105.5   8.7   3   4   2.1e-13   1.2e-11   41.9   0.0   694   803   234   343   230   347 0.85 -
TRINITY_DN6863_c0_g2_i1:3979-5313   -            445 10556at7898          -            882   7.7e-31  105.5   8.7   4   4   2.6e-05    0.0015   15.2   0.1   694   726   347   381   342   392 0.82 -
TRINITY_DN6863_c0_g2_i2:3979-5313   -            445 10556at7898          -            882   7.7e-31  105.5   8.7   1   4   1.7e-05   0.00098   15.8   0.3   701   802    10   111     1   116 0.77 -
TRINITY_DN6863_c0_g2_i2:3979-5313   -            445 10556at7898          -            882   7.7e-31  105.5   8.7   2   4   7.2e-12   4.3e-10   36.8   0.2   692   805   115   229    99   233 0.89 -
TRINITY_DN6863_c0_g2_i2:3979-5313   -            445 10556at7898          -            882   7.7e-31  105.5   8.7   3   4   2.1e-13   1.2e-11   41.9   0.0   694   803   234   343   230   347 0.85 -
TRINITY_DN6863_c0_g2_i2:3979-5313   -            445 10556at7898          -            882   7.7e-31  105.5   8.7   4   4   2.6e-05    0.0015   15.2   0.1   694   726   347   381   342   392 0.82 -
TRINITY_DN16346_c0_g1_i1:41-847     -            269 10556at7898          -            882   9.9e-31  105.1  67.8   1   2   4.7e-19   2.8e-17   60.6  36.1   235   377    10   160     5   162 0.91 -
TRINITY_DN16346_c0_g1_i1:41-847     -            269 10556at7898          -            882   9.9e-31  105.1  67.8   2   2   2.7e-16   1.6e-14   51.5  25.0    28   127   156   255   156   259 0.89 -
TRINITY_DN16346_c0_g1_i2:7-789      -            261 10556at7898          -            882   1.3e-29  101.4  66.4   1   2     6e-18   3.6e-16   56.9  33.9   236   377     3   152     1   153 0.91 -
TRINITY_DN16346_c0_g1_i2:7-789      -            261 10556at7898          -            882   1.3e-29  101.4  66.4   2   2   2.1e-16   1.2e-14   51.9  27.6    26   127   146   247   140   254 0.88 -
TRINITY_DN22120_c0_g1_i1:501-995    -            165 10556at7898          -            882   3.4e-29  100.0  33.8   1   2   6.9e-20   4.1e-18   63.4  17.1    24   118    14   111     4   114 0.88 -
TRINITY_DN22120_c0_g1_i1:501-995    -            165 10556at7898          -            882   3.4e-29  100.0  33.8   2   2   1.4e-15   8.1e-14   49.2   8.7    61   127    95   161    91   164 0.92 -
TRINITY_DN22120_c0_g1_i2:501-995    -            165 10556at7898          -            882   3.4e-29  100.0  33.8   1   2   6.9e-20   4.1e-18   63.4  17.1    24   118    14   111     4   114 0.88 -
TRINITY_DN22120_c0_g1_i2:501-995    -            165 10556at7898          -            882   3.4e-29  100.0  33.8   2   2   1.4e-15   8.1e-14   49.2   8.7    61   127    95   161    91   164 0.92 -
TRINITY_DN22120_c0_g1_i3:501-995    -            165 10556at7898          -            882   3.4e-29  100.0  33.8   1   2   6.9e-20   4.1e-18   63.4  17.1    24   118    14   111     4   114 0.88 -
TRINITY_DN22120_c0_g1_i3:501-995    -            165 10556at7898          -            882   3.4e-29  100.0  33.8   2   2   1.4e-15   8.1e-14   49.2   8.7    61   127    95   161    91   164 0.92 -
TRINITY_DN22120_c0_g1_i4:501-995    -            165 10556at7898          -            882   3.4e-29  100.0  33.8   1   2   6.9e-20   4.1e-18   63.4  17.1    24   118    14   111     4   114 0.88 -
TRINITY_DN22120_c0_g1_i4:501-995    -            165 10556at7898          -            882   3.4e-29  100.0  33.8   2   2   1.4e-15   8.1e-14   49.2   8.7    61   127    95   161    91   164 0.92 -
TRINITY_DN1636_c0_g1_i3:291-1328    -            346 10556at7898          -            882   3.3e-25   86.8  36.8   1   2   0.00061     0.037   10.6   2.4    73   119     1    49     1    59 0.76 -
TRINITY_DN1636_c0_g1_i3:291-1328    -            346 10556at7898          -            882   3.3e-25   86.8  36.8   2   2   1.6e-25   9.5e-24   82.0  26.7   258   377    92   214    84   240 0.89 -
TRINITY_DN1636_c0_g1_i5:291-1328    -            346 10556at7898          -            882   3.3e-25   86.8  36.8   1   2   0.00061     0.037   10.6   2.4    73   119     1    49     1    59 0.76 -
TRINITY_DN1636_c0_g1_i5:291-1328    -            346 10556at7898          -            882   3.3e-25   86.8  36.8   2   2   1.6e-25   9.5e-24   82.0  26.7   258   377    92   214    84   240 0.89 -
TRINITY_DN1636_c0_g1_i7:291-1328    -            346 10556at7898          -            882   3.4e-25   86.8  37.0   1   2   0.00061     0.037   10.6   2.4    73   119     1    49     1    59 0.76 -
TRINITY_DN1636_c0_g1_i7:291-1328    -            346 10556at7898          -            882   3.4e-25   86.8  37.0   2   2   1.6e-25   9.8e-24   82.0  26.9   258   377    92   214    84   240 0.89 -
TRINITY_DN57052_c0_g1_i1:960-1577   -            206 10556at7898          -            882   1.5e-23   81.3  42.0   1   3   1.7e-11     1e-09   35.6  13.6   299   361     2    66     1    67 0.66 -
TRINITY_DN57052_c0_g1_i1:960-1577   -            206 10556at7898          -            882   1.5e-23   81.3  42.0   2   3   3.1e-08   1.9e-06   24.8  10.6   272   323    57   105    54   111 0.76 -
TRINITY_DN57052_c0_g1_i1:960-1577   -            206 10556at7898          -            882   1.5e-23   81.3  42.0   3   3     1e-10   6.2e-09   33.0  11.1   245   309   106   169   100   178 0.83 -
TRINITY_DN52927_c0_g1_i1:130-3579   -           1150 10556at7898          -            882   1.3e-22   78.2  57.4   1   4    0.0024      0.14    8.7   1.6     7    46   336   376   331   426 0.70 -
TRINITY_DN52927_c0_g1_i1:130-3579   -           1150 10556at7898          -            882   1.3e-22   78.2  57.4   2   4   6.8e-17     4e-15   53.5  16.9     9    91   615   700   613   702 0.88 -
TRINITY_DN52927_c0_g1_i1:130-3579   -           1150 10556at7898          -            882   1.3e-22   78.2  57.4   3   4   4.6e-07   2.7e-05   20.9   6.4     7    52   702   751   700   753 0.86 -
TRINITY_DN52927_c0_g1_i1:130-3579   -           1150 10556at7898          -            882   1.3e-22   78.2  57.4   4   4   3.4e-05     0.002   14.8   8.7    14    92   751   837   750   845 0.71 -
TRINITY_DN6863_c0_g2_i1:2932-3969   -            346 10556at7898          -            882   2.9e-21   73.8   3.5   1   3     9e-07   5.4e-05   20.0   0.2   694   808     1   116     1   124 0.90 -
TRINITY_DN6863_c0_g2_i1:2932-3969   -            346 10556at7898          -            882   2.9e-21   73.8   3.5   2   3   1.6e-09   9.4e-08   29.1   0.1   693   801   119   228   116   234 0.87 -
TRINITY_DN6863_c0_g2_i1:2932-3969   -            346 10556at7898          -            882   2.9e-21   73.8   3.5   3   3   2.3e-08   1.3e-06   25.3   0.0   692   802   235   345   229   346 0.88 -
TRINITY_DN6863_c0_g2_i2:2932-3969   -            346 10556at7898          -            882   2.9e-21   73.8   3.5   1   3     9e-07   5.4e-05   20.0   0.2   694   808     1   116     1   124 0.90 -
TRINITY_DN6863_c0_g2_i2:2932-3969   -            346 10556at7898          -            882   2.9e-21   73.8   3.5   2   3   1.6e-09   9.4e-08   29.1   0.1   693   801   119   228   116   234 0.87 -
TRINITY_DN6863_c0_g2_i2:2932-3969   -            346 10556at7898          -            882   2.9e-21   73.8   3.5   3   3   2.3e-08   1.3e-06   25.3   0.0   692   802   235   345   229   346 0.88 -
TRINITY_DN9299_c0_g2_i1:1008-6071   -           1688 10556at7898          -            882   1.5e-19   68.2 121.2   1   6     4e-07   2.4e-05   21.1  16.4    14    94   164   246   154   247 0.86 -
TRINITY_DN9299_c0_g2_i1:1008-6071   -           1688 10556at7898          -            882   1.5e-19   68.2 121.2   2   6   8.3e-10     5e-08   30.0  24.2     6   119   197   317   196   353 0.80 -
TRINITY_DN9299_c0_g2_i1:1008-6071   -           1688 10556at7898          -            882   1.5e-19   68.2 121.2   3   6   1.3e-09   7.6e-08   29.4  38.2    16   163   771   917   759   919 0.79 -
TRINITY_DN9299_c0_g2_i1:1008-6071   -           1688 10556at7898          -            882   1.5e-19   68.2 121.2   4   6    0.0051       0.3    7.5   6.4    13    60  1398  1442  1389  1446 0.85 -
TRINITY_DN9299_c0_g2_i1:1008-6071   -           1688 10556at7898          -            882   1.5e-19   68.2 121.2   5   6   2.3e-11   1.4e-09   35.1  18.4     8   120  1431  1558  1429  1592 0.78 -
TRINITY_DN9299_c0_g2_i1:1008-6071   -           1688 10556at7898          -            882   1.5e-19   68.2 121.2   6   6      0.11       6.6    3.1   0.2    17    45  1631  1659  1621  1671 0.89 -
TRINITY_DN9299_c0_g2_i4:1008-6071   -           1688 10556at7898          -            882   1.5e-19   68.2 121.2   1   6     4e-07   2.4e-05   21.1  16.4    14    94   164   246   154   247 0.86 -
TRINITY_DN9299_c0_g2_i4:1008-6071   -           1688 10556at7898          -            882   1.5e-19   68.2 121.2   2   6   8.3e-10     5e-08   30.0  24.2     6   119   197   317   196   353 0.80 -
TRINITY_DN9299_c0_g2_i4:1008-6071   -           1688 10556at7898          -            882   1.5e-19   68.2 121.2   3   6   1.3e-09   7.6e-08   29.4  38.2    16   163   771   917   759   919 0.79 -
TRINITY_DN9299_c0_g2_i4:1008-6071   -           1688 10556at7898          -            882   1.5e-19   68.2 121.2   4   6    0.0051       0.3    7.5   6.4    13    60  1398  1442  1389  1446 0.85 -
TRINITY_DN9299_c0_g2_i4:1008-6071   -           1688 10556at7898          -            882   1.5e-19   68.2 121.2   5   6   2.3e-11   1.4e-09   35.1  18.4     8   120  1431  1558  1429  1592 0.78 -
TRINITY_DN9299_c0_g2_i4:1008-6071   -           1688 10556at7898          -            882   1.5e-19   68.2 121.2   6   6      0.11       6.6    3.1   0.2    17    45  1631  1659  1621  1671 0.89 -
TRINITY_DN4009_c0_g4_i1:1303-1989   -            229 10556at7898          -            882   9.6e-19   65.5  39.4   1   1   2.7e-20   1.6e-18   64.7  39.4   246   376    97   225    16   229 0.88 -
TRINITY_DN34744_c0_g2_i1:21-413     -            131 10556at7898          -            882   4.3e-18   63.3  27.5   1   1   2.1e-19   1.2e-17   61.8  27.5   238   359     5   130     1   131 0.87 -
TRINITY_DN12668_c0_g1_i1:430-2772   -            781 10556at7898          -            882   1.5e-16   58.2   0.2   1   2   2.2e-07   1.3e-05   22.0   0.0   699   803   157   263   147   267 0.74 -
TRINITY_DN12668_c0_g1_i1:430-2772   -            781 10556at7898          -            882   1.5e-16   58.2   0.2   2   2   9.7e-14   5.8e-12   43.0   0.1   691   807   271   382   264   387 0.89 -
TRINITY_DN12668_c0_g1_i2:336-2678   -            781 10556at7898          -            882   1.5e-16   58.2   0.2   1   2   2.2e-07   1.3e-05   22.0   0.0   699   803   157   263   147   267 0.74 -
TRINITY_DN12668_c0_g1_i2:336-2678   -            781 10556at7898          -            882   1.5e-16   58.2   0.2   2   2   9.7e-14   5.8e-12   43.0   0.1   691   807   271   382   264   387 0.89 -
TRINITY_DN23061_c0_g1_i1:1039-2070  -            344 10556at7898          -            882     2e-16   57.8  37.8   1   2   2.6e-10   1.6e-08   31.7  18.5    43   157    42   156    12   202 0.71 -
TRINITY_DN23061_c0_g1_i1:1039-2070  -            344 10556at7898          -            882     2e-16   57.8  37.8   2   2   1.7e-10     1e-08   32.3  11.2    55   130   265   344   252   344 0.81 -
TRINITY_DN23061_c0_g1_i2:1021-2052  -            344 10556at7898          -            882     2e-16   57.8  37.8   1   2   2.6e-10   1.6e-08   31.7  18.5    43   157    42   156    12   202 0.71 -
TRINITY_DN23061_c0_g1_i2:1021-2052  -            344 10556at7898          -            882     2e-16   57.8  37.8   2   2   1.7e-10     1e-08   32.3  11.2    55   130   265   344   252   344 0.81 -
TRINITY_DN32059_c0_g1_i1:275-958    -            228 10556at7898          -            882   3.5e-16   57.0  32.9   1   2   8.7e-12   5.2e-10   36.6  15.3   256   317   123   184   102   184 0.89 -
TRINITY_DN32059_c0_g1_i1:275-958    -            228 10556at7898          -            882   3.5e-16   57.0  32.9   2   2   7.9e-11   4.7e-09   33.4   9.6   257   316   165   224   164   228 0.83 -
TRINITY_DN24791_c0_g3_i1:117-626    -            170 10556at7898          -            882   3.8e-15   53.6  28.5   1   2    0.0029      0.17    8.3   5.2   292   344     1    58     1    73 0.76 -
TRINITY_DN24791_c0_g3_i1:117-626    -            170 10556at7898          -            882   3.8e-15   53.6  28.5   2   2   1.2e-14   7.2e-13   46.0  22.0   245   341    65   170    47   170 0.74 -
TRINITY_DN4810_c1_g1_i7:454-1338    -            295 10556at7898          -            882   4.7e-14   49.9   1.3   1   2   1.5e-10   9.1e-09   32.4   0.2   689   806    15   134    11   139 0.81 -
TRINITY_DN4810_c1_g1_i7:454-1338    -            295 10556at7898          -            882   4.7e-14   49.9   1.3   2   2     8e-06   0.00047   16.8   0.1   693   734   139   180   134   188 0.88 -
TRINITY_DN236_c0_g1_i9:747-2159     -            471 10556at7898          -            882   9.5e-14   48.9  20.6   1   2   2.4e-11   1.4e-09   35.1   1.6   693   807     4   118     1   121 0.73 -
TRINITY_DN236_c0_g1_i9:747-2159     -            471 10556at7898          -            882   9.5e-14   48.9  20.6   2   2   5.7e-09   3.4e-07   27.3  11.6   651   803   187   344   169   356 0.80 -
TRINITY_DN4810_c1_g1_i5:683-1522    -            280 10556at7898          -            882   1.1e-13   48.8   1.4   1   2   3.5e-10   2.1e-08   31.3   0.2   690   806     1   119     1   122 0.80 -
TRINITY_DN4810_c1_g1_i5:683-1522    -            280 10556at7898          -            882   1.1e-13   48.8   1.4   2   2   7.6e-06   0.00045   16.9   0.1   693   734   124   165   120   173 0.88 -
TRINITY_DN12151_c0_g1_i1:264-1079   -            272 10556at7898          -            882   1.1e-13   48.8  27.3   1   1   1.8e-15   1.1e-13   48.8  27.3   202   316   157   269   127   271 0.73 -
TRINITY_DN3533_c0_g1_i2:108-905     -            266 10556at7898          -            882   1.2e-13   48.6   0.7   1   2   4.9e-08   2.9e-06   24.2   0.1   693   801    30   138    17   149 0.82 -
TRINITY_DN3533_c0_g1_i2:108-905     -            266 10556at7898          -            882   1.2e-13   48.6   0.7   2   2   7.9e-08   4.7e-06   23.5   0.1   692   803   151   264   140   266 0.81 -
TRINITY_DN60202_c0_g1_i1:58-399     -            114 10556at7898          -            882   1.3e-13   48.5  23.4   1   2     4e-12   2.4e-10   37.7  10.2    53   113     4    66     2    68 0.91 -
TRINITY_DN60202_c0_g1_i1:58-399     -            114 10556at7898          -            882   1.3e-13   48.5  23.4   2   2   6.8e-06   0.00041   17.1   5.1    30    72    68   111    66   114 0.74 -
TRINITY_DN4810_c1_g1_i2:461-1723    -            421 10556at7898          -            882   1.5e-13   48.3   1.3   1   2   3.3e-10     2e-08   31.3   0.2   689   806    17   136    13   139 0.80 -
TRINITY_DN4810_c1_g1_i2:461-1723    -            421 10556at7898          -            882   1.5e-13   48.3   1.3   2   2   1.3e-05   0.00078   16.1   0.1   693   734   141   182   136   190 0.88 -
TRINITY_DN4810_c1_g1_i3:461-1723    -            421 10556at7898          -            882   1.5e-13   48.3   1.3   1   2   3.3e-10     2e-08   31.3   0.2   689   806    17   136    13   139 0.80 -
TRINITY_DN4810_c1_g1_i3:461-1723    -            421 10556at7898          -            882   1.5e-13   48.3   1.3   2   2   1.3e-05   0.00078   16.1   0.1   693   734   141   182   136   190 0.88 -
TRINITY_DN236_c0_g1_i8:1128-2474    -            449 10556at7898          -            882   2.2e-13   47.7  16.6   1   2   1.1e-11   6.5e-10   36.2   1.8   692   807    18   133     7   136 0.73 -
TRINITY_DN236_c0_g1_i8:1128-2474    -            449 10556at7898          -            882   2.2e-13   47.7  16.6   2   2   2.9e-08   1.8e-06   24.9   7.3   688   801   335   447   304   449 0.79 -
TRINITY_DN8428_c0_g1_i8:156-533     -            126 10556at7898          -            882   2.4e-13   47.6  23.2   1   2   0.00036     0.022   11.4   1.3   283   306    11    34     1    40 0.59 -
TRINITY_DN8428_c0_g1_i8:156-533     -            126 10556at7898          -            882   2.4e-13   47.6  23.2   2   2   2.2e-13   1.3e-11   41.8  14.7   271   345    46   125    35   126 0.83 -
TRINITY_DN1898_c0_g1_i20:1331-2014  -            228 10556at7898          -            882   6.5e-13   46.2  41.0   1   2   0.00019     0.011   12.3   7.6    84   130     5    54     1    59 0.57 -
TRINITY_DN1898_c0_g1_i20:1331-2014  -            228 10556at7898          -            882   6.5e-13   46.2  41.0   2   2   5.4e-12   3.2e-10   37.2  29.1     8   130    55   185    51   197 0.75 -
TRINITY_DN10173_c0_g1_i1:32-448     -            139 10556at7898          -            882   7.7e-13   45.9  28.6   1   2   2.6e-07   1.5e-05   21.8   9.3   329   377     8    61     2    65 0.53 -
TRINITY_DN10173_c0_g1_i1:32-448     -            139 10556at7898          -            882   7.7e-13   45.9  28.6   2   2   5.8e-10   3.5e-08   30.5  11.0    61   127    71   138    63   139 0.70 -
TRINITY_DN236_c0_g1_i9:1128-2222    -            365 10556at7898          -            882   9.2e-13   45.7  35.9   1   2   1.5e-11   8.6e-10   35.8   1.6   693   807    25   139    20   141 0.73 -
TRINITY_DN236_c0_g1_i9:1128-2222    -            365 10556at7898          -            882   9.2e-13   45.7  35.9   2   2     9e-05    0.0054   13.4  26.9   635   801   194   363   140   365 0.73 -
TRINITY_DN8428_c0_g1_i6:477-896     -            140 10556at7898          -            882   1.5e-12   45.0  24.1   1   2   5.2e-05    0.0031   14.1   1.8    80   119     8    51     1    57 0.45 -
TRINITY_DN8428_c0_g1_i6:477-896     -            140 10556at7898          -            882   1.5e-12   45.0  24.1   2   2   8.1e-12   4.8e-10   36.7  14.9   268   342    60   139    52   140 0.83 -
TRINITY_DN14625_c0_g1_i2:342-1364   -            341 10556at7898          -            882   3.6e-12   43.7   6.8   1   2   0.00028     0.016   11.7   0.0   698   732    21    55    15    81 0.89 -
TRINITY_DN14625_c0_g1_i2:342-1364   -            341 10556at7898          -            882   3.6e-12   43.7   6.8   2   2   1.2e-10   6.9e-09   32.8   3.8   272   328   133   194   113   214 0.81 -
TRINITY_DN14625_c0_g1_i3:659-1681   -            341 10556at7898          -            882   3.6e-12   43.7   6.8   1   2   0.00028     0.016   11.7   0.0   698   732    21    55    15    81 0.89 -
TRINITY_DN14625_c0_g1_i3:659-1681   -            341 10556at7898          -            882   3.6e-12   43.7   6.8   2   2   1.2e-10   6.9e-09   32.8   3.8   272   328   133   194   113   214 0.81 -
TRINITY_DN43917_c0_g1_i14:3677-5845 -            723 10556at7898          -            882   4.3e-11   40.1  75.8   1   3   1.3e-08   7.7e-07   26.1  17.6    10   101     8   102     4   111 0.83 -
TRINITY_DN43917_c0_g1_i14:3677-5845 -            723 10556at7898          -            882   4.3e-11   40.1  75.8   2   3   1.2e-07   7.3e-06   22.8  13.5    15    83    98   167    94   175 0.82 -
TRINITY_DN43917_c0_g1_i14:3677-5845 -            723 10556at7898          -            882   4.3e-11   40.1  75.8   3   3   6.4e-07   3.8e-05   20.5  28.6    13   118   614   719   604   722 0.83 -
TRINITY_DN7390_c0_g1_i2:1555-2364   -            270 10556at7898          -            882   8.2e-11   39.2   8.9   1   3     0.002      0.12    8.9   0.0   701   794     4   102     1   114 0.64 -
TRINITY_DN7390_c0_g1_i2:1555-2364   -            270 10556at7898          -            882   8.2e-11   39.2   8.9   2   3   2.9e-08   1.7e-06   24.9   7.7    34    87   106   158    95   164 0.82 -
TRINITY_DN7390_c0_g1_i2:1555-2364   -            270 10556at7898          -            882   8.2e-11   39.2   8.9   3   3     0.036       2.1    4.7   0.0   694   756   161   227   158   270 0.67 -
TRINITY_DN1898_c0_g1_i14:1331-1807  -            159 10556at7898          -            882   1.1e-10   38.8  21.7   1   1   2.1e-12   1.3e-10   38.6  21.7   249   355     1   115     1   134 0.64 -
TRINITY_DN43917_c0_g1_i11:1418-5914 -           1499 10556at7898          -            882   1.2e-10   38.7  97.7   1   7   3.4e-08     2e-06   24.7  17.7    10   101    31   125    27   134 0.83 -
TRINITY_DN43917_c0_g1_i11:1418-5914 -           1499 10556at7898          -            882   1.2e-10   38.7  97.7   2   7   2.7e-07   1.6e-05   21.7  13.4    15    83   121   190   117   199 0.82 -
TRINITY_DN43917_c0_g1_i11:1418-5914 -           1499 10556at7898          -            882   1.2e-10   38.7  97.7   3   7   6.1e-07   3.6e-05   20.5  20.9    13   100   637   721   630   722 0.86 -
TRINITY_DN43917_c0_g1_i11:1418-5914 -           1499 10556at7898          -            882   1.2e-10   38.7  97.7   4   7   4.4e-05    0.0026   14.4  18.0     5    78   708   786   704   796 0.80 -
TRINITY_DN43917_c0_g1_i11:1418-5914 -           1499 10556at7898          -            882   1.2e-10   38.7  97.7   5   7     0.045       2.7    4.4   7.7    14    61  1245  1289  1236  1294 0.85 -
TRINITY_DN43917_c0_g1_i11:1418-5914 -           1499 10556at7898          -            882   1.2e-10   38.7  97.7   6   7     2e-06   0.00012   18.9  21.7     8   117  1277  1392  1274  1414 0.77 -
TRINITY_DN43917_c0_g1_i11:1418-5914 -           1499 10556at7898          -            882   1.2e-10   38.7  97.7   7   7       1.1        66   -0.2   0.1    20    40  1479  1499  1467  1499 0.91 -
TRINITY_DN31173_c0_g1_i12:144-947   -            268 10556at7898          -            882   1.3e-10   38.6  11.5   1   3   0.00045     0.027   11.0   0.3   705   805     3   109     1   111 0.73 -
TRINITY_DN31173_c0_g1_i12:144-947   -            268 10556at7898          -            882   1.3e-10   38.6  11.5   2   3   1.2e-07   7.1e-06   22.9   3.6   271   314   107   153    95   158 0.77 -
TRINITY_DN31173_c0_g1_i12:144-947   -            268 10556at7898          -            882   1.3e-10   38.6  11.5   3   3   0.00036     0.021   11.4   0.0   695   739   159   203   155   268 0.79 -
TRINITY_DN31173_c0_g1_i6:144-947    -            268 10556at7898          -            882   1.3e-10   38.6  11.5   1   3   0.00045     0.027   11.0   0.3   705   805     3   109     1   111 0.73 -
TRINITY_DN31173_c0_g1_i6:144-947    -            268 10556at7898          -            882   1.3e-10   38.6  11.5   2   3   1.2e-07   7.1e-06   22.9   3.6   271   314   107   153    95   158 0.77 -
TRINITY_DN31173_c0_g1_i6:144-947    -            268 10556at7898          -            882   1.3e-10   38.6  11.5   3   3   0.00036     0.021   11.4   0.0   695   739   159   203   155   268 0.79 -
TRINITY_DN43917_c0_g1_i14:1418-5872 -           1485 10556at7898          -            882   1.5e-10   38.4  97.7   1   7   3.4e-08     2e-06   24.7  17.7    10   101    17   111    13   120 0.83 -
TRINITY_DN43917_c0_g1_i14:1418-5872 -           1485 10556at7898          -            882   1.5e-10   38.4  97.7   2   7   2.7e-07   1.6e-05   21.7  13.4    15    83   107   176   103   185 0.82 -
TRINITY_DN43917_c0_g1_i14:1418-5872 -           1485 10556at7898          -            882   1.5e-10   38.4  97.7   3   7   8.1e-07   4.8e-05   20.1  20.9    13    99   623   706   616   707 0.86 -
TRINITY_DN43917_c0_g1_i14:1418-5872 -           1485 10556at7898          -            882   1.5e-10   38.4  97.7   4   7   4.3e-05    0.0026   14.4  18.0     5    78   694   772   690   782 0.80 -
TRINITY_DN43917_c0_g1_i14:1418-5872 -           1485 10556at7898          -            882   1.5e-10   38.4  97.7   5   7     0.045       2.7    4.4   7.8    14    61  1231  1275  1222  1280 0.85 -
TRINITY_DN43917_c0_g1_i14:1418-5872 -           1485 10556at7898          -            882   1.5e-10   38.4  97.7   6   7     2e-06   0.00012   18.8  21.7     8   117  1263  1378  1260  1400 0.77 -
TRINITY_DN43917_c0_g1_i14:1418-5872 -           1485 10556at7898          -            882   1.5e-10   38.4  97.7   7   7       1.1        65   -0.2   0.1    20    40  1465  1485  1453  1485 0.91 -
TRINITY_DN43917_c0_g1_i14:5333-6112 -            260 10556at7898          -            882   2.6e-10   37.6  42.1   1   2   5.2e-09   3.1e-07   27.4  18.5     9   100    96   190    93   197 0.84 -
TRINITY_DN43917_c0_g1_i14:5333-6112 -            260 10556at7898          -            882   2.6e-10   37.6  42.1   2   2   8.4e-08     5e-06   23.4  15.6    14    78   186   253   178   260 0.81 -
TRINITY_DN3967_c0_g1_i11:98-2104    -            669 10556at7898          -            882     3e-10   37.4  35.1   1   2     5e-12     3e-10   37.4  35.1   176   320   220   371   190   398 0.79 -
TRINITY_DN3967_c0_g1_i11:98-2104    -            669 10556at7898          -            882     3e-10   37.4  35.1   2   2      0.36        21    1.4   0.1    89   105   637   653   615   669 0.59 -
TRINITY_DN3967_c0_g1_i1:98-2104     -            669 10556at7898          -            882     3e-10   37.4  35.1   1   2     5e-12     3e-10   37.4  35.1   176   320   220   371   190   398 0.79 -
TRINITY_DN3967_c0_g1_i1:98-2104     -            669 10556at7898          -            882     3e-10   37.4  35.1   2   2      0.36        21    1.4   0.1    89   105   637   653   615   669 0.59 -
TRINITY_DN3967_c0_g1_i6:98-2104     -            669 10556at7898          -            882     3e-10   37.4  35.1   1   2     5e-12     3e-10   37.4  35.1   176   320   220   371   190   398 0.79 -
TRINITY_DN3967_c0_g1_i6:98-2104     -            669 10556at7898          -            882     3e-10   37.4  35.1   2   2      0.36        21    1.4   0.1    89   105   637   653   615   669 0.59 -
TRINITY_DN43917_c0_g1_i11:5417-5911 -            165 10556at7898          -            882   3.8e-10   37.0  30.3   1   2   8.3e-10   4.9e-08   30.0  17.7     9   101    29   124    25   131 0.83 -
TRINITY_DN43917_c0_g1_i11:5417-5911 -            165 10556at7898          -            882   3.8e-10   37.0  30.3   2   2   3.9e-05    0.0023   14.6   7.8    14    58   119   164   111   165 0.82 -
TRINITY_DN3967_c0_g1_i8:56-2239     -            685 10556at7898          -            882   8.2e-10   35.9  36.6   1   2   1.4e-11   8.2e-10   35.9  36.6   176   320   220   371   181   398 0.79 -
TRINITY_DN3967_c0_g1_i8:56-2239     -            685 10556at7898          -            882   8.2e-10   35.9  36.6   2   2    0.0062      0.37    7.3   0.1    88   128   638   684   619   685 0.61 -
TRINITY_DN236_c0_g1_i8:747-2429     -            561 10556at7898          -            882   1.3e-09   35.2   1.7   1   2   2.2e-11   1.3e-09   35.2   1.7   693   807     4   118     1   121 0.73 -
TRINITY_DN236_c0_g1_i8:747-2429     -            561 10556at7898          -            882   1.3e-09   35.2   1.7   2   2   0.00064     0.038   10.5  25.5   602   803   238   434   206   446 0.71 -
TRINITY_DN8428_c0_g1_i2:2428-2715   -             96 10556at7898          -            882   9.6e-08   29.1  11.9   1   1   2.7e-09   1.6e-07   28.3  11.9    33   115     1    95     1    96 0.73 -
TRINITY_DN8428_c0_g1_i4:2357-2644   -             96 10556at7898          -            882   9.6e-08   29.1  11.9   1   1   2.7e-09   1.6e-07   28.3  11.9    33   115     1    95     1    96 0.73 -
TRINITY_DN8428_c0_g1_i9:2125-2412   -             96 10556at7898          -            882   9.6e-08   29.1  11.9   1   1   2.7e-09   1.6e-07   28.3  11.9    33   115     1    95     1    96 0.73 -
TRINITY_DN25190_c0_g1_i1:2-889      -            296 10556at7898          -            882   1.2e-07   28.7   0.0   1   2     0.038       2.3    4.7   0.0   694   803    44   152    26   156 0.87 -
TRINITY_DN25190_c0_g1_i1:2-889      -            296 10556at7898          -            882   1.2e-07   28.7   0.0   2   2   2.6e-07   1.5e-05   21.8   0.0   693   809   178   294   165   296 0.78 -
TRINITY_DN43917_c0_g1_i11:3533-4258 -            242 10556at7898          -            882   1.5e-07   28.4  46.6   1   2     9e-08   5.4e-06   23.3  20.7    13    99    85   168    78   168 0.86 -
TRINITY_DN43917_c0_g1_i11:3533-4258 -            242 10556at7898          -            882   1.5e-07   28.4  46.6   2   2   3.1e-06   0.00018   18.2  17.9     5    78   156   234   152   241 0.81 -
TRINITY_DN2262_c0_g1_i3:167-1382    -            371 10556at7898          -            882   1.8e-07   28.2  31.6   1   2   3.2e-09   1.9e-07   28.1  29.1    11   119    29   152    21   156 0.60 -
TRINITY_DN2262_c0_g1_i3:167-1382    -            371 10556at7898          -            882   1.8e-07   28.2  31.6   2   2   5.5e-05    0.0033   14.1   7.8    40    81   114   155   105   236 0.60 -
TRINITY_DN2262_c0_g1_i2:167-1520    -            417 10556at7898          -            882   1.8e-07   28.1  31.3   1   2     4e-09   2.4e-07   27.8  29.1    11   119    29   152    21   156 0.60 -
TRINITY_DN2262_c0_g1_i2:167-1520    -            417 10556at7898          -            882   1.8e-07   28.1  31.3   2   2   4.5e-05    0.0027   14.4   7.1    40    81   114   155   108   236 0.60 -
TRINITY_DN19713_c0_g1_i1:160-480    -            107 10556at7898          -            882   4.6e-07   26.8   5.9   1   1   7.8e-09   4.6e-07   26.8   5.9    68   347    47    98    39   105 0.45 -
TRINITY_DN162_c0_g1_i7:532-2487     -            652 10556at7898          -            882   5.2e-07   26.6   4.0   1   2     1e-08   6.1e-07   26.4   0.9   272   314    92   140    83   144 0.81 -
TRINITY_DN162_c0_g1_i7:532-2487     -            652 10556at7898          -            882   5.2e-07   26.6   4.0   2   2      0.54        32    0.9   0.1   694   728   144   179   141   185 0.83 -
TRINITY_DN15900_c0_g1_i6:345-1592   -            416 10556at7898          -            882   6.4e-07   26.3  10.0   1   1   1.4e-08   8.5e-07   25.9  10.0   244   315    87   156    52   172 0.88 -
TRINITY_DN15900_c0_g1_i7:345-1592   -            416 10556at7898          -            882   6.4e-07   26.3  10.0   1   1   1.4e-08   8.5e-07   25.9  10.0   244   315    87   156    52   172 0.88 -
TRINITY_DN15900_c0_g1_i1:190-1230   -            347 10556at7898          -            882   1.1e-06   25.5  11.0   1   1   2.5e-08   1.5e-06   25.1  11.0   246   315    21    88     8   107 0.87 -
TRINITY_DN7199_c0_g1_i1:7-1131      -            375 10556at7898          -            882   1.4e-06   25.2   0.0   1   2     0.022       1.3    5.4   0.0   720   805     1    87     1    94 0.80 -
TRINITY_DN7199_c0_g1_i1:7-1131      -            375 10556at7898          -            882   1.4e-06   25.2   0.0   2   2   3.7e-06   0.00022   17.9   0.1   697   732    98   133    86   143 0.81 -
TRINITY_DN30604_c0_g1_i2:323-922    -            200 10556at7898          -            882     2e-06   24.7  36.6   1   2   5.8e-08   3.4e-06   23.9  33.4    16   163     3   165     1   166 0.66 -
TRINITY_DN30604_c0_g1_i2:323-922    -            200 10556at7898          -            882     2e-06   24.7  36.6   2   2      0.26        15    1.9   4.4    13    47   140   176   133   192 0.76 -
TRINITY_DN1830_c0_g1_i4:227-1597    -            457 10556at7898          -            882   3.5e-06   23.9  14.2   1   1   8.7e-08   5.2e-06   23.3  14.2   215   316    43   146    28   165 0.68 -
TRINITY_DN1830_c0_g1_i11:278-1648   -            457 10556at7898          -            882   3.5e-06   23.9  14.2   1   1   8.7e-08   5.2e-06   23.3  14.2   215   316    43   146    28   165 0.68 -
TRINITY_DN1830_c0_g1_i14:227-1597   -            457 10556at7898          -            882   3.5e-06   23.9  14.2   1   1   8.7e-08   5.2e-06   23.3  14.2   215   316    43   146    28   165 0.68 -
TRINITY_DN1830_c0_g1_i9:278-1648    -            457 10556at7898          -            882   3.5e-06   23.9  14.2   1   1   8.7e-08   5.2e-06   23.3  14.2   215   316    43   146    28   165 0.68 -
TRINITY_DN1830_c0_g1_i18:167-1597   -            477 10556at7898          -            882   3.7e-06   23.8  14.1   1   1   9.4e-08   5.6e-06   23.2  14.1   216   316    64   166    48   185 0.68 -
TRINITY_DN15979_c0_g1_i3:490-1965   -            492 10556at7898          -            882   4.3e-06   23.6 122.0   1   5       3.7   2.2e+02   -1.9  14.3    28   117     3    89     1    91 0.72 -
TRINITY_DN15979_c0_g1_i3:490-1965   -            492 10556at7898          -            882   4.3e-06   23.6 122.0   2   5     1e-05    0.0006   16.5  21.6    14   118    64   166    53   167 0.78 -
TRINITY_DN15979_c0_g1_i3:490-1965   -            492 10556at7898          -            882   4.3e-06   23.6 122.0   3   5   0.00013    0.0075   12.9  29.9   269   378   167   276   162   287 0.80 -
TRINITY_DN15979_c0_g1_i3:490-1965   -            492 10556at7898          -            882   4.3e-06   23.6 122.0   4   5    0.0001    0.0062   13.2  25.5   248   376   264   398   263   398 0.76 -
TRINITY_DN15979_c0_g1_i3:490-1965   -            492 10556at7898          -            882   4.3e-06   23.6 122.0   5   5    0.0017       0.1    9.1  24.6     9   118   377   486   370   490 0.70 -
TRINITY_DN1830_c0_g1_i6:167-1838    -            471 10556at7898          -            882   5.1e-06   23.4  14.6   1   1   1.3e-07   7.7e-06   22.8  14.6   216   316    64   166    48   185 0.68 -
TRINITY_DN11030_c0_g1_i2:99-1316    -            406 10556at7898          -            882   5.8e-06   23.2  12.2   1   1   1.4e-07   8.1e-06   22.7  12.2    13    90    69   150    61   163 0.75 -
TRINITY_DN11030_c0_g1_i1:80-1342    -            421 10556at7898          -            882     6e-06   23.1  12.2   1   1   1.4e-07   8.6e-06   22.6  12.2    13    90    84   165    76   178 0.75 -
TRINITY_DN24195_c1_g1_i3:470-1834   -            455 10556at7898          -            882   6.3e-06   23.0  12.1   1   1   1.4e-07   8.5e-06   22.6  12.1   246   315    92   160    47   179 0.75 -
TRINITY_DN1830_c0_g1_i10:548-1714   -            389 10556at7898          -            882   1.2e-05   22.1  14.7   1   1   3.4e-07   2.1e-05   21.4  14.7   243   316    12    83     2   104 0.69 -
TRINITY_DN4807_c0_g1_i1:250-1497    -            416 10556at7898          -            882   1.8e-05   21.5   8.4   1   1   4.2e-07   2.5e-05   21.1   8.4    89   175    82   165    72   190 0.76 -
TRINITY_DN4807_c0_g1_i2:250-1497    -            416 10556at7898          -            882   1.8e-05   21.5   8.4   1   1   4.2e-07   2.5e-05   21.1   8.4    89   175    82   165    72   190 0.76 -
TRINITY_DN4807_c0_g1_i3:251-1498    -            416 10556at7898          -            882   1.8e-05   21.5   8.4   1   1   4.2e-07   2.5e-05   21.1   8.4    89   175    82   165    72   190 0.76 -
TRINITY_DN3975_c0_g1_i6:917-2206    -            430 10556at7898          -            882   2.2e-05   21.3  12.3   1   1   6.5e-07   3.9e-05   20.4  12.2   234   316    41   122     9   127 0.76 -
TRINITY_DN3975_c0_g1_i1:801-2201    -            467 10556at7898          -            882   2.3e-05   21.2  12.2   1   1   7.3e-07   4.3e-05   20.3  12.2   234   316    80   161    47   167 0.75 -
TRINITY_DN3975_c0_g1_i2:917-2317    -            467 10556at7898          -            882   2.3e-05   21.2  12.2   1   1   7.3e-07   4.3e-05   20.3  12.2   234   316    80   161    47   167 0.75 -
TRINITY_DN3975_c0_g1_i8:778-2178    -            467 10556at7898          -            882   2.3e-05   21.2  12.2   1   1   7.3e-07   4.3e-05   20.3  12.2   234   316    80   161    47   167 0.75 -
TRINITY_DN3975_c0_g1_i5:801-2162    -            454 10556at7898          -            882   2.4e-05   21.1  12.4   1   1   7.7e-07   4.6e-05   20.2  12.4   234   316    65   146    32   152 0.75 -
TRINITY_DN15900_c0_g1_i2:345-1702   -            416 10556at7898          -            882   2.6e-05   21.0  10.0   1   1   5.8e-07   3.5e-05   20.6  10.0   243   315    86   156    50   173 0.85 -
TRINITY_DN60175_c0_g1_i1:621-2834   -            738 10556at7898          -            882   4.8e-05   20.1   0.1   1   2     0.021       1.3    5.5   0.0   700   804   145   252   140   257 0.81 -
TRINITY_DN60175_c0_g1_i1:621-2834   -            738 10556at7898          -            882   4.8e-05   20.1   0.1   2   2     8e-07   4.8e-05   20.1   0.1   691   739   258   306   253   374 0.83 -
TRINITY_DN4051_c0_g1_i1:159-1718    -            485 10556at7898          -            882   5.2e-05   20.0  10.6   1   1   1.3e-06   7.7e-05   19.5  10.6   235   315    66   144    27   165 0.77 -
TRINITY_DN4051_c0_g1_i2:180-1631    -            484 10556at7898          -            882   5.2e-05   20.0  10.6   1   1   1.3e-06   7.7e-05   19.5  10.6   235   315    68   146    29   167 0.77 -
TRINITY_DN16512_c0_g2_i1:2404-6165  -           1254 10556at7898          -            882   6.5e-05   19.7  22.7   1   4      0.13       7.5    2.9   0.3    69   277   297   318   275   327 0.60 -
TRINITY_DN16512_c0_g2_i1:2404-6165  -           1254 10556at7898          -            882   6.5e-05   19.7  22.7   2   4   6.5e-05    0.0039   13.8   0.4   278   315   595   633   582   642 0.69 -
TRINITY_DN16512_c0_g2_i1:2404-6165  -           1254 10556at7898          -            882   6.5e-05   19.7  22.7   3   4     0.012      0.71    6.3   1.0    85   127   913   957   890   972 0.60 -
TRINITY_DN16512_c0_g2_i1:2404-6165  -           1254 10556at7898          -            882   6.5e-05   19.7  22.7   4   4    0.0014     0.086    9.4   2.7   168   199  1220  1251  1209  1254 0.87 -
TRINITY_DN2080_c3_g1_i3:7632-10841  -           1070 10556at7898          -            882   7.2e-05   19.5  23.6   1   4     0.033       1.9    4.9   0.2   283   316   112   146    79   165 0.74 -
TRINITY_DN2080_c3_g1_i3:7632-10841  -           1070 10556at7898          -            882   7.2e-05   19.5  23.6   2   4   0.00037     0.022   11.3   1.0   236   275   414   454   392   462 0.70 -
TRINITY_DN2080_c3_g1_i3:7632-10841  -           1070 10556at7898          -            882   7.2e-05   19.5  23.6   3   4   0.00014    0.0082   12.7   0.8   275   325   721   773   673   784 0.66 -
TRINITY_DN2080_c3_g1_i3:7632-10841  -           1070 10556at7898          -            882   7.2e-05   19.5  23.6   4   4     0.091       5.4    3.4   3.3    79   114  1035  1070  1030  1070 0.70 -
TRINITY_DN2080_c3_g1_i4:7704-10913  -           1070 10556at7898          -            882   7.2e-05   19.5  23.6   1   4     0.033       1.9    4.9   0.2   283   316   112   146    79   165 0.74 -
TRINITY_DN2080_c3_g1_i4:7704-10913  -           1070 10556at7898          -            882   7.2e-05   19.5  23.6   2   4   0.00037     0.022   11.3   1.0   236   275   414   454   392   462 0.70 -
TRINITY_DN2080_c3_g1_i4:7704-10913  -           1070 10556at7898          -            882   7.2e-05   19.5  23.6   3   4   0.00014    0.0082   12.7   0.8   275   325   721   773   673   784 0.66 -
TRINITY_DN2080_c3_g1_i4:7704-10913  -           1070 10556at7898          -            882   7.2e-05   19.5  23.6   4   4     0.091       5.4    3.4   3.3    79   114  1035  1070  1030  1070 0.70 -
TRINITY_DN2098_c0_g1_i23:555-1799   -            415 10556at7898          -            882    0.0001   19.0  12.6   1   1   2.4e-06   0.00014   18.6  12.6    15    87    74   148    36   158 0.76 -
TRINITY_DN2098_c0_g1_i2:430-1674    -            415 10556at7898          -            882    0.0001   19.0  12.6   1   1   2.4e-06   0.00014   18.6  12.6    15    87    74   148    36   158 0.76 -
TRINITY_DN2098_c0_g1_i30:507-1751   -            415 10556at7898          -            882    0.0001   19.0  12.6   1   1   2.4e-06   0.00014   18.6  12.6    15    87    74   148    36   158 0.76 -
TRINITY_DN2098_c0_g1_i10:552-1799   -            416 10556at7898          -            882    0.0001   19.0  12.6   1   1   2.4e-06   0.00014   18.6  12.6    15    87    74   148    36   158 0.76 -
TRINITY_DN2098_c0_g1_i14:576-1823   -            416 10556at7898          -            882    0.0001   19.0  12.6   1   1   2.4e-06   0.00014   18.6  12.6    15    87    74   148    36   158 0.76 -
TRINITY_DN2098_c0_g1_i17:427-1674   -            416 10556at7898          -            882    0.0001   19.0  12.6   1   1   2.4e-06   0.00014   18.6  12.6    15    87    74   148    36   158 0.76 -
TRINITY_DN858_c0_g1_i3:153-1364     -            404 10556at7898          -            882   0.00014   18.6  14.5   1   1   3.4e-06    0.0002   18.1  14.5    96   179    70   149    57   161 0.48 -
TRINITY_DN24195_c1_g1_i2:470-1826   -            376 10556at7898          -            882   0.00035   17.3  13.9   1   1   8.3e-06   0.00049   16.8  13.9   246   315    19    81     8   100 0.80 -
TRINITY_DN858_c0_g1_i5:153-1492     -            351 10556at7898          -            882   0.00059   16.5  15.1   1   1   1.5e-05   0.00088   15.9  15.1    14    87    21    91     9   104 0.72 -
TRINITY_DN858_c0_g1_i2:153-1636     -            399 10556at7898          -            882   0.00072   16.2  15.1   1   1   1.8e-05    0.0011   15.6  15.1    14    87    69   139    57   152 0.72 -
TRINITY_DN858_c0_g1_i4:153-1636     -            399 10556at7898          -            882   0.00072   16.2  15.1   1   1   1.8e-05    0.0011   15.6  15.1    14    87    69   139    57   152 0.72 -
TRINITY_DN12597_c0_g1_i1:3-953      -            317 10556at7898          -            882    0.0011   15.6  18.4   1   1   9.8e-05    0.0058   13.2  17.5     8   312    90   164    83   279 0.74 -
TRINITY_DN38170_c0_g3_i1:0-446      -            149 10556at7898          -            882    0.0036   13.9  32.8   1   2     0.049       2.9    4.3  14.7   289   362     9    78     2    89 0.70 -
TRINITY_DN38170_c0_g3_i1:0-446      -            149 10556at7898          -            882    0.0036   13.9  32.8   2   2   0.00022     0.013   12.0  15.2    60   119    84   142    64   148 0.75 -
TRINITY_DN15979_c0_g1_i4:127-1167   -            347 10556at7898          -            882    0.0047   13.5  78.6   1   3   0.00033      0.02   11.5  22.4   256   376     6   132     1   133 0.76 -
TRINITY_DN15979_c0_g1_i4:127-1167   -            347 10556at7898          -            882    0.0047   13.5  78.6   2   3    0.0007     0.042   10.4  23.7     8   118   110   220   105   224 0.71 -
TRINITY_DN15979_c0_g1_i4:127-1167   -            347 10556at7898          -            882    0.0047   13.5  78.6   3   3    0.0053      0.32    7.5  31.6    25   166   208   343   198   347 0.75 -
TRINITY_DN16298_c3_g1_i3:115-1224   -            370 10556at7898          -            882     0.017   11.7  98.0   1   4   5.1e-05     0.003   14.2  20.3    41   125     4    85     1    87 0.84 -
TRINITY_DN16298_c3_g1_i3:115-1224   -            370 10556at7898          -            882     0.017   11.7  98.0   2   4    0.0012     0.069    9.7  20.1    26   118    67   154    63   167 0.78 -
TRINITY_DN16298_c3_g1_i3:115-1224   -            370 10556at7898          -            882     0.017   11.7  98.0   3   4       1.2        71   -0.3  30.7    22   117   186   277   163   309 0.65 -
TRINITY_DN16298_c3_g1_i3:115-1224   -            370 10556at7898          -            882     0.017   11.7  98.0   4   4    0.0027      0.16    8.5  14.6    23    78   310   365   287   369 0.79 -
TRINITY_DN1854_c0_g1_i2:328-2352    -            675 10556at7898          -            882       0.1    9.2  78.5   1   1    0.0079      0.47    6.9  75.6     9   315    56   368    54   375 0.61 -
TRINITY_DN1854_c0_g1_i3:328-2352    -            675 10556at7898          -            882       0.1    9.2  78.5   1   1    0.0079      0.47    6.9  75.6     9   315    56   368    54   375 0.61 -
TRINITY_DN1854_c0_g1_i5:328-2352    -            675 10556at7898          -            882       0.1    9.2  78.5   1   1    0.0079      0.47    6.9  75.6     9   315    56   368    54   375 0.61 -
TRINITY_DN1854_c0_g1_i6:323-2347    -            675 10556at7898          -            882       0.1    9.2  78.5   1   1    0.0079      0.47    6.9  75.6     9   315    56   368    54   375 0.61 -
#
# Program:         hmmsearch
# Version:         3.1b2 (February 2015)
# Pipeline mode:   SEARCH
# Query file:      /home/ericjuo/Projects/salmo_trutta_rna_seq/busco_downloads/lineages/actinopterygii_odb10/hmms/10556at7898.hmm
# Target file:     /home/ericjuo/Projects/salmo_trutta_rna_seq/data/02_intermediate/busco/run_actinopterygii_odb10/metaeuk_output/rerun_results/trinity.Trinity.fasta.modified.fas
# Option settings: hmmsearch --domtblout /home/ericjuo/Projects/salmo_trutta_rna_seq/data/02_intermediate/busco/run_actinopterygii_odb10/hmmer_output/rerun_results/10556at7898.out --cpu 1 /home/ericjuo/Projects/salmo_trutta_rna_seq/busco_downloads/lineages/actinopterygii_odb10/hmms/10556at7898.hmm /home/ericjuo/Projects/salmo_trutta_rna_seq/data/02_intermediate/busco/run_actinopterygii_odb10/metaeuk_output/rerun_results/trinity.Trinity.fasta.modified.fas 
# Current dir:     /home/ericjuo/Projects/salmo_trutta_rna_seq
# Date:            Fri Apr 29 13:04:35 2022
# [ok]
