#                                                                                          --- full sequence --- -------------- this domain -------------   hmm coord   ali coord   env coord
# target name                      accession   tlen query name           accession   qlen   E-value  score  bias   #  of  c-Evalue  i-Evalue  score  bias  from    to  from    to  from    to  acc description of target
#              ------------------- ---------- ----- -------------------- ---------- ----- --------- ------ ----- --- --- --------- --------- ------ ----- ----- ----- ----- ----- ----- ----- ---- ---------------------
TRINITY_DN34715_c0_g1_i1:0-386     -            129 112711at7898         -            195   5.2e-46  155.5   7.2   1   1   7.6e-44   1.6e-42  144.2   7.2   101   195     1   120     1   120 0.85 -
TRINITY_DN27548_c0_g1_i1:140-838   -            233 112711at7898         -            195   1.5e-44  150.7   3.8   1   2   5.8e-24   1.2e-22   79.3   0.5    10    97     4    91     1    98 0.96 -
TRINITY_DN27548_c0_g1_i1:140-838   -            233 112711at7898         -            195   1.5e-44  150.7   3.8   2   2   5.3e-22   1.1e-20   72.9   0.2    57   167   100   218    95   231 0.87 -
TRINITY_DN6298_c0_g1_i2:245-763    -            173 112711at7898         -            195   1.1e-35  121.9   1.4   1   1   6.3e-37   1.3e-35  121.6   1.4     9   166     5   168     1   172 0.94 -
TRINITY_DN6298_c0_g1_i1:268-774    -            169 112711at7898         -            195   1.7e-35  121.2   1.0   1   1   9.3e-37   1.9e-35  121.1   1.0     9   164     5   166     1   169 0.94 -
TRINITY_DN6298_c0_g1_i4:245-751    -            169 112711at7898         -            195   1.7e-35  121.2   1.0   1   1   9.3e-37   1.9e-35  121.1   1.0     9   164     5   166     1   169 0.94 -
TRINITY_DN1120_c1_g1_i1:657-1178   -            174 112711at7898         -            195   5.1e-34  116.4   0.9   1   1   2.8e-35   5.7e-34  116.2   0.9     8   166     5   170     1   174 0.91 -
TRINITY_DN682_c0_g1_i8:1572-2099   -            176 112711at7898         -            195   2.1e-33  114.4   0.1   1   1   1.3e-34   2.6e-33  114.1   0.1     8   166     1   170     1   175 0.87 -
TRINITY_DN682_c0_g1_i11:1623-2150  -            176 112711at7898         -            195   2.7e-33  114.0   0.1   1   1   1.6e-34   3.3e-33  113.7   0.1     8   166     1   170     1   175 0.87 -
TRINITY_DN682_c0_g1_i3:1572-2099   -            176 112711at7898         -            195   2.7e-33  114.0   0.1   1   1   1.6e-34   3.3e-33  113.7   0.1     8   166     1   170     1   175 0.87 -
TRINITY_DN682_c0_g1_i5:1230-1757   -            176 112711at7898         -            195   2.7e-33  114.0   0.1   1   1   1.6e-34   3.3e-33  113.7   0.1     8   166     1   170     1   175 0.87 -
TRINITY_DN682_c0_g1_i6:1568-2095   -            176 112711at7898         -            195   2.7e-33  114.0   0.1   1   1   1.6e-34   3.3e-33  113.7   0.1     8   166     1   170     1   175 0.87 -
TRINITY_DN1040_c0_g1_i12:568-1065  -            166 112711at7898         -            195   1.6e-32  111.5   1.2   1   1   9.9e-34     2e-32  111.2   1.2    10   162     5   164     2   166 0.90 -
TRINITY_DN1040_c0_g1_i14:562-1059  -            166 112711at7898         -            195   1.6e-32  111.5   1.2   1   1   9.9e-34     2e-32  111.2   1.2    10   162     5   164     2   166 0.90 -
TRINITY_DN1040_c0_g1_i19:562-1059  -            166 112711at7898         -            195   1.6e-32  111.5   1.2   1   1   9.9e-34     2e-32  111.2   1.2    10   162     5   164     2   166 0.90 -
TRINITY_DN1040_c0_g1_i5:562-1059   -            166 112711at7898         -            195   1.6e-32  111.5   1.2   1   1   9.9e-34     2e-32  111.2   1.2    10   162     5   164     2   166 0.90 -
TRINITY_DN1040_c0_g1_i6:562-1059   -            166 112711at7898         -            195   1.6e-32  111.5   1.2   1   1   9.9e-34     2e-32  111.2   1.2    10   162     5   164     2   166 0.90 -
TRINITY_DN9832_c0_g1_i1:1124-1645  -            174 112711at7898         -            195     2e-32  111.2   0.9   1   1   1.1e-33   2.3e-32  111.0   0.9     6   164     3   169     1   174 0.89 -
TRINITY_DN9513_c0_g1_i1:274-861    -            196 112711at7898         -            195   3.2e-32  110.5   0.0   1   1   1.8e-33   3.7e-32  110.3   0.0    10   189     4   189     2   195 0.85 -
TRINITY_DN9513_c0_g1_i3:251-838    -            196 112711at7898         -            195   3.2e-32  110.5   0.0   1   1   1.8e-33   3.7e-32  110.3   0.0    10   189     4   189     2   195 0.85 -
TRINITY_DN9513_c0_g1_i5:270-857    -            196 112711at7898         -            195   3.2e-32  110.5   0.0   1   1   1.8e-33   3.7e-32  110.3   0.0    10   189     4   189     2   195 0.85 -
TRINITY_DN6642_c0_g1_i2:185-715    -            177 112711at7898         -            195   4.5e-32  110.0   0.1   1   1   2.7e-33   5.5e-32  109.8   0.1     9   165     3   170     1   176 0.85 -
TRINITY_DN6642_c0_g1_i4:185-715    -            177 112711at7898         -            195   4.5e-32  110.0   0.1   1   1   2.7e-33   5.5e-32  109.8   0.1     9   165     3   170     1   176 0.85 -
TRINITY_DN21845_c0_g1_i1:425-1003  -            193 112711at7898         -            195   6.2e-32  109.6   0.0   1   1   3.4e-33   6.9e-32  109.4   0.0    10   168     2   167     1   191 0.86 -
TRINITY_DN21845_c0_g1_i2:425-1003  -            193 112711at7898         -            195   6.2e-32  109.6   0.0   1   1   3.4e-33   6.9e-32  109.4   0.0    10   168     2   167     1   191 0.86 -
TRINITY_DN1599_c0_g1_i3:1548-2135  -            196 112711at7898         -            195     8e-32  109.2   0.5   1   1   4.6e-33   9.5e-32  109.0   0.5    10   161     4   162     2   185 0.92 -
TRINITY_DN2661_c0_g1_i1:295-882    -            196 112711at7898         -            195   9.1e-32  109.0   0.0   1   1   5.2e-33   1.1e-31  108.8   0.0    10   167     2   166     1   189 0.87 -
TRINITY_DN2661_c0_g1_i3:198-785    -            196 112711at7898         -            195   9.1e-32  109.0   0.0   1   1   5.2e-33   1.1e-31  108.8   0.0    10   167     2   166     1   189 0.87 -
TRINITY_DN683_c1_g1_i2:1789-2310   -            174 112711at7898         -            195     1e-31  108.9   0.1   1   1     6e-33   1.2e-31  108.6   0.1    10   163     2   162     1   167 0.89 -
TRINITY_DN683_c1_g1_i4:1299-1820   -            174 112711at7898         -            195     1e-31  108.9   0.1   1   1     6e-33   1.2e-31  108.6   0.1    10   163     2   162     1   167 0.89 -
TRINITY_DN683_c1_g1_i5:1254-1775   -            174 112711at7898         -            195     1e-31  108.9   0.1   1   1     6e-33   1.2e-31  108.6   0.1    10   163     2   162     1   167 0.89 -
TRINITY_DN683_c1_g1_i7:1806-2327   -            174 112711at7898         -            195     1e-31  108.9   0.1   1   1     6e-33   1.2e-31  108.6   0.1    10   163     2   162     1   167 0.89 -
TRINITY_DN1599_c0_g1_i10:1732-2319 -            196 112711at7898         -            195   2.2e-31  107.8   0.7   1   1   1.3e-32   2.6e-31  107.5   0.7    10   161     4   162     2   185 0.92 -
TRINITY_DN1599_c0_g1_i14:1732-2319 -            196 112711at7898         -            195   2.2e-31  107.8   0.7   1   1   1.3e-32   2.6e-31  107.5   0.7    10   161     4   162     2   185 0.92 -
TRINITY_DN1727_c2_g1_i1:17-514     -            166 112711at7898         -            195   2.6e-31  107.6   0.6   1   1   1.4e-32   2.9e-31  107.4   0.6    10   160     6   163     1   166 0.90 -
TRINITY_DN2661_c0_g2_i1:0-569      -            190 112711at7898         -            195   3.1e-31  107.3   0.0   1   1   1.8e-32   3.7e-31  107.1   0.0    16   175     2   168     1   184 0.87 -
TRINITY_DN6243_c0_g1_i10:149-646   -            166 112711at7898         -            195   3.3e-31  107.2   0.5   1   1   1.8e-32   3.6e-31  107.1   0.5    10   160     6   163     1   166 0.90 -
TRINITY_DN6243_c0_g1_i7:149-646    -            166 112711at7898         -            195   3.3e-31  107.2   0.5   1   1   1.8e-32   3.6e-31  107.1   0.5    10   160     6   163     1   166 0.90 -
TRINITY_DN1138_c0_g1_i3:1089-1586  -            166 112711at7898         -            195   4.1e-31  106.9   0.5   1   1   2.2e-32   4.5e-31  106.8   0.5    10   160     6   163     1   166 0.90 -
TRINITY_DN1138_c0_g1_i4:1089-1586  -            166 112711at7898         -            195   4.1e-31  106.9   0.5   1   1   2.2e-32   4.5e-31  106.8   0.5    10   160     6   163     1   166 0.90 -
TRINITY_DN1138_c0_g1_i5:1089-1586  -            166 112711at7898         -            195   4.1e-31  106.9   0.5   1   1   2.2e-32   4.5e-31  106.8   0.5    10   160     6   163     1   166 0.90 -
TRINITY_DN1138_c0_g1_i7:447-944    -            166 112711at7898         -            195   6.4e-31  106.3   0.4   1   1   3.5e-32   7.1e-31  106.1   0.4    10   160     6   163     1   166 0.90 -
TRINITY_DN6243_c0_g1_i3:150-647    -            166 112711at7898         -            195   8.8e-31  105.8   0.4   1   1   4.8e-32   9.8e-31  105.7   0.4    10   160     6   163     1   166 0.90 -
TRINITY_DN6243_c0_g1_i5:150-647    -            166 112711at7898         -            195   8.8e-31  105.8   0.4   1   1   4.8e-32   9.8e-31  105.7   0.4    10   160     6   163     1   166 0.90 -
TRINITY_DN1599_c0_g1_i8:164-751    -            196 112711at7898         -            195   1.2e-30  105.4   1.0   1   1   7.1e-32   1.5e-30  105.1   1.0    10   161     4   162     2   185 0.92 -
TRINITY_DN1727_c2_g3_i1:286-783    -            166 112711at7898         -            195   1.3e-30  105.3   0.4   1   1     7e-32   1.4e-30  105.1   0.4    10   160     6   163     1   166 0.90 -
TRINITY_DN1727_c2_g3_i2:279-776    -            166 112711at7898         -            195   1.3e-30  105.3   0.4   1   1     7e-32   1.4e-30  105.1   0.4    10   160     6   163     1   166 0.90 -
TRINITY_DN3735_c0_g1_i2:169-729    -            187 112711at7898         -            195   1.3e-30  105.3   0.3   1   1   7.6e-32   1.5e-30  105.0   0.3     8   169     5   173     1   183 0.86 -
TRINITY_DN3735_c0_g1_i7:169-729    -            187 112711at7898         -            195   1.3e-30  105.3   0.3   1   1   7.6e-32   1.5e-30  105.0   0.3     8   169     5   173     1   183 0.86 -
TRINITY_DN60935_c0_g1_i1:36-632    -            199 112711at7898         -            195   1.6e-30  104.9   0.1   1   1   9.9e-32     2e-30  104.6   0.1     7   163     4   168     1   179 0.88 -
TRINITY_DN2326_c0_g3_i2:1356-1964  -            203 112711at7898         -            195   1.8e-30  104.8   0.0   1   1   1.1e-31   2.3e-30  104.5   0.0    10   171     5   173     2   195 0.90 -
TRINITY_DN2326_c0_g3_i8:316-924    -            203 112711at7898         -            195   1.8e-30  104.8   0.0   1   1   1.1e-31   2.3e-30  104.5   0.0    10   171     5   173     2   195 0.90 -
TRINITY_DN3735_c0_g1_i13:169-711   -            181 112711at7898         -            195   2.6e-30  104.3   0.3   1   1   1.5e-31     3e-30  104.1   0.3     8   167     5   171     1   180 0.86 -
TRINITY_DN3735_c0_g1_i6:169-711    -            181 112711at7898         -            195   2.6e-30  104.3   0.3   1   1   1.5e-31     3e-30  104.1   0.3     8   167     5   171     1   180 0.86 -
TRINITY_DN1932_c0_g1_i4:193-780    -            196 112711at7898         -            195   1.2e-29  102.1   0.2   1   1   7.3e-31   1.5e-29  101.8   0.2    10   160     4   161     2   178 0.93 -
TRINITY_DN1932_c0_g1_i5:193-780    -            196 112711at7898         -            195   1.2e-29  102.1   0.2   1   1   7.3e-31   1.5e-29  101.8   0.2    10   160     4   161     2   178 0.93 -
TRINITY_DN1932_c0_g1_i11:193-780   -            196 112711at7898         -            195   1.3e-29  102.0   0.2   1   1   7.8e-31   1.6e-29  101.7   0.2    10   160     4   161     2   178 0.93 -
TRINITY_DN1932_c0_g1_i12:193-780   -            196 112711at7898         -            195   1.3e-29  102.0   0.2   1   1   7.8e-31   1.6e-29  101.7   0.2    10   160     4   161     2   178 0.93 -
TRINITY_DN3735_c0_g1_i12:169-726   -            186 112711at7898         -            195   1.5e-29  101.8   0.1   1   1     9e-31   1.8e-29  101.5   0.1     8   169     5   173     1   181 0.85 -
TRINITY_DN2916_c0_g1_i1:1531-2016  -            162 112711at7898         -            195   1.6e-29  101.7   0.3   1   1   9.1e-31   1.9e-29  101.5   0.3    11   164     1   162     1   162 0.92 -
TRINITY_DN2916_c0_g1_i3:1531-2016  -            162 112711at7898         -            195   1.6e-29  101.7   0.3   1   1   9.1e-31   1.9e-29  101.5   0.3    11   164     1   162     1   162 0.92 -
TRINITY_DN2916_c0_g1_i4:1506-1991  -            162 112711at7898         -            195   1.6e-29  101.7   0.3   1   1   9.1e-31   1.9e-29  101.5   0.3    11   164     1   162     1   162 0.92 -
TRINITY_DN2916_c0_g1_i6:1525-2010  -            162 112711at7898         -            195   1.6e-29  101.7   0.3   1   1   9.1e-31   1.9e-29  101.5   0.3    11   164     1   162     1   162 0.92 -
TRINITY_DN1599_c0_g1_i5:3294-3767  -            158 112711at7898         -            195   1.7e-29  101.6   1.2   1   1   1.1e-30   2.2e-29  101.2   1.2    10   155     4   156     2   157 0.94 -
TRINITY_DN358_c0_g1_i19:474-953    -            160 112711at7898         -            195   3.2e-29  100.7   0.3   1   1   1.8e-30   3.7e-29  100.5   0.3    11   160     1   157     1   160 0.90 -
TRINITY_DN436_c0_g1_i4:506-1108    -            201 112711at7898         -            195   3.2e-29  100.7   0.2   1   1   1.9e-30   3.8e-29  100.5   0.2     6   171     6   178     1   187 0.89 -
TRINITY_DN436_c0_g1_i6:506-1108    -            201 112711at7898         -            195   3.2e-29  100.7   0.2   1   1   1.9e-30   3.8e-29  100.5   0.2     6   171     6   178     1   187 0.89 -
TRINITY_DN16008_c0_g1_i2:785-1291  -            169 112711at7898         -            195   3.3e-29  100.7   0.5   1   1   1.8e-30   3.6e-29  100.6   0.5     8   161     5   166     1   169 0.91 -
TRINITY_DN358_c0_g1_i15:756-1229   -            158 112711at7898         -            195   4.7e-29  100.2   0.3   1   1   2.6e-30   5.4e-29  100.0   0.3    11   158     1   155     1   158 0.90 -
TRINITY_DN39974_c0_g2_i1:229-711   -            161 112711at7898         -            195   4.7e-29  100.2   0.2   1   1   2.6e-30   5.3e-29  100.0   0.2    10   159     4   160     1   161 0.92 -
TRINITY_DN39974_c0_g2_i3:837-1319  -            161 112711at7898         -            195   4.7e-29  100.2   0.2   1   1   2.6e-30   5.3e-29  100.0   0.2    10   159     4   160     1   161 0.92 -
TRINITY_DN3735_c0_g1_i1:169-696    -            176 112711at7898         -            195   4.7e-29  100.2   0.1   1   1   2.7e-30   5.6e-29   99.9   0.1     8   160     5   164     1   175 0.87 -
TRINITY_DN3735_c0_g1_i5:169-696    -            176 112711at7898         -            195   4.7e-29  100.2   0.1   1   1   2.7e-30   5.6e-29   99.9   0.1     8   160     5   164     1   175 0.87 -
TRINITY_DN1040_c0_g1_i20:103-633   -            177 112711at7898         -            195   8.5e-29   99.3   0.3   1   1   5.7e-30   1.2e-28   98.9   0.3     6   162     2   175     1   177 0.84 -
TRINITY_DN2441_c0_g1_i1:105-614    -            170 112711at7898         -            195   8.8e-29   99.3   0.2   1   1     5e-30     1e-28   99.1   0.2     2   163     1   169     1   170 0.89 -
TRINITY_DN2441_c0_g1_i2:113-622    -            170 112711at7898         -            195   8.8e-29   99.3   0.2   1   1     5e-30     1e-28   99.1   0.2     2   163     1   169     1   170 0.89 -
TRINITY_DN17605_c0_g1_i1:383-913   -            177 112711at7898         -            195   9.3e-29   99.2   0.0   1   1   5.6e-30   1.1e-28   98.9   0.0    11   168     2   168     1   175 0.89 -
TRINITY_DN436_c0_g1_i2:55-549      -            165 112711at7898         -            195   1.2e-28   98.8   0.7   1   1   7.2e-30   1.5e-28   98.6   0.7    10   161     5   163     2   165 0.91 -
TRINITY_DN14008_c0_g1_i1:579-1073  -            165 112711at7898         -            195   1.2e-28   98.8   0.9   1   1   7.3e-30   1.5e-28   98.6   0.9    10   160     5   162     2   165 0.91 -
TRINITY_DN2329_c0_g1_i10:168-716   -            183 112711at7898         -            195   1.3e-28   98.8   0.1   1   1     8e-30   1.6e-28   98.4   0.1    11   168     6   170     2   180 0.90 -
TRINITY_DN2329_c0_g1_i11:168-716   -            183 112711at7898         -            195   1.3e-28   98.8   0.1   1   1     8e-30   1.6e-28   98.4   0.1    11   168     6   170     2   180 0.90 -
TRINITY_DN2329_c0_g1_i15:168-716   -            183 112711at7898         -            195   1.3e-28   98.8   0.1   1   1     8e-30   1.6e-28   98.4   0.1    11   168     6   170     2   180 0.90 -
TRINITY_DN2329_c0_g1_i18:168-716   -            183 112711at7898         -            195   1.3e-28   98.8   0.1   1   1     8e-30   1.6e-28   98.4   0.1    11   168     6   170     2   180 0.90 -
TRINITY_DN2329_c0_g1_i19:168-716   -            183 112711at7898         -            195   1.3e-28   98.8   0.1   1   1     8e-30   1.6e-28   98.4   0.1    11   168     6   170     2   180 0.90 -
TRINITY_DN2329_c0_g1_i20:168-716   -            183 112711at7898         -            195   1.3e-28   98.8   0.1   1   1     8e-30   1.6e-28   98.4   0.1    11   168     6   170     2   180 0.90 -
TRINITY_DN2329_c0_g1_i6:168-716    -            183 112711at7898         -            195   1.3e-28   98.8   0.1   1   1     8e-30   1.6e-28   98.4   0.1    11   168     6   170     2   180 0.90 -
TRINITY_DN15267_c0_g1_i3:205-783   -            193 112711at7898         -            195   2.4e-28   97.9   0.1   1   1   1.3e-29   2.7e-28   97.7   0.1     4   173     3   179     1   189 0.86 -
TRINITY_DN39974_c0_g2_i2:380-925   -            182 112711at7898         -            195   2.6e-28   97.8   0.1   1   1   1.5e-29     3e-28   97.6   0.1    10   161     4   162     1   174 0.90 -
TRINITY_DN2569_c1_g1_i4:755-1279   -            175 112711at7898         -            195   2.9e-28   97.6   0.1   1   1   1.8e-29   3.6e-28   97.3   0.1    11   160     1   160     1   167 0.86 -
TRINITY_DN15267_c0_g1_i4:239-811   -            191 112711at7898         -            195   3.7e-28   97.3   0.1   1   1   2.1e-29   4.2e-28   97.1   0.1     8   173     5   177     1   187 0.86 -
TRINITY_DN15267_c0_g1_i1:205-783   -            193 112711at7898         -            195   3.8e-28   97.2   0.1   1   1   2.2e-29   4.5e-28   97.0   0.1     4   164     3   170     1   186 0.86 -
TRINITY_DN15267_c0_g1_i6:205-783   -            193 112711at7898         -            195   3.8e-28   97.2   0.1   1   1   2.2e-29   4.5e-28   97.0   0.1     4   164     3   170     1   186 0.86 -
TRINITY_DN2426_c0_g2_i1:1569-2102  -            178 112711at7898         -            195   5.3e-28   96.8   0.1   1   1   3.5e-29   7.1e-28   96.3   0.1    10   169     6   172     2   177 0.88 -
TRINITY_DN2426_c0_g2_i2:809-1342   -            178 112711at7898         -            195   5.3e-28   96.8   0.1   1   1   3.5e-29   7.1e-28   96.3   0.1    10   169     6   172     2   177 0.88 -
TRINITY_DN35211_c0_g2_i1:297-824   -            176 112711at7898         -            195   5.6e-28   96.7   0.0   1   1   3.4e-29   6.9e-28   96.4   0.0    11   164     6   168     2   175 0.86 -
TRINITY_DN436_c0_g1_i5:55-549      -            165 112711at7898         -            195   1.1e-27   95.7   0.8   1   1   6.4e-29   1.3e-27   95.5   0.8    10   161     5   163     2   165 0.92 -
TRINITY_DN4616_c0_g1_i9:82-627     -            182 112711at7898         -            195   1.9e-27   94.9   0.2   1   1   1.2e-28   2.4e-27   94.6   0.2     9   168     6   172     1   178 0.90 -
TRINITY_DN11294_c0_g1_i1:555-1061  -            169 112711at7898         -            195   2.2e-27   94.8   0.4   1   1   1.2e-28   2.4e-27   94.6   0.4     9   161     6   166     1   169 0.89 -
TRINITY_DN11294_c0_g1_i2:555-1061  -            169 112711at7898         -            195   2.2e-27   94.8   0.4   1   1   1.2e-28   2.4e-27   94.6   0.4     9   161     6   166     1   169 0.89 -
TRINITY_DN775_c0_g1_i12:2255-2812  -            186 112711at7898         -            195   2.3e-27   94.7   0.0   1   1   1.3e-28   2.7e-27   94.4   0.0    10   158     4   159     1   182 0.88 -
TRINITY_DN775_c0_g1_i13:697-1254   -            186 112711at7898         -            195   2.3e-27   94.7   0.0   1   1   1.3e-28   2.7e-27   94.4   0.0    10   158     4   159     1   182 0.88 -
TRINITY_DN775_c0_g1_i6:2255-2812   -            186 112711at7898         -            195   2.3e-27   94.7   0.0   1   1   1.3e-28   2.7e-27   94.4   0.0    10   158     4   159     1   182 0.88 -
TRINITY_DN4616_c0_g1_i4:659-1189   -            177 112711at7898         -            195   2.7e-27   94.4   0.3   1   1   1.6e-28   3.4e-27   94.1   0.3     9   168     6   172     1   175 0.90 -
TRINITY_DN4616_c0_g1_i6:1177-1707  -            177 112711at7898         -            195   2.7e-27   94.4   0.3   1   1   1.6e-28   3.4e-27   94.1   0.3     9   168     6   172     1   175 0.90 -
TRINITY_DN7058_c1_g1_i1:186-743    -            186 112711at7898         -            195     3e-27   94.3   0.2   1   1   1.9e-28   3.8e-27   94.0   0.2     6   164     5   176     1   181 0.84 -
TRINITY_DN7058_c1_g1_i2:1123-1686  -            188 112711at7898         -            195   3.8e-27   94.0   0.2   1   1   2.3e-28   4.7e-27   93.7   0.2     6   164     5   176     1   182 0.84 -
TRINITY_DN7058_c1_g1_i3:1142-1705  -            188 112711at7898         -            195   3.8e-27   94.0   0.2   1   1   2.3e-28   4.7e-27   93.7   0.2     6   164     5   176     1   182 0.84 -
TRINITY_DN7058_c1_g1_i5:1233-1796  -            188 112711at7898         -            195   3.8e-27   94.0   0.2   1   1   2.3e-28   4.7e-27   93.7   0.2     6   164     5   176     1   182 0.84 -
TRINITY_DN4616_c0_g1_i2:1177-1698  -            174 112711at7898         -            195   3.8e-27   94.0   0.3   1   1   2.3e-28   4.7e-27   93.7   0.3    10   168     4   169     1   172 0.91 -
TRINITY_DN775_c0_g1_i15:1885-2442  -            186 112711at7898         -            195   5.7e-27   93.4   0.0   1   1   3.3e-28   6.7e-27   93.2   0.0    10   158     4   159     1   182 0.88 -
TRINITY_DN775_c0_g1_i3:1943-2500   -            186 112711at7898         -            195   5.7e-27   93.4   0.0   1   1   3.3e-28   6.7e-27   93.2   0.0    10   158     4   159     1   182 0.88 -
TRINITY_DN775_c0_g1_i9:1943-2500   -            186 112711at7898         -            195   5.7e-27   93.4   0.0   1   1   3.3e-28   6.7e-27   93.2   0.0    10   158     4   159     1   182 0.88 -
TRINITY_DN2916_c0_g1_i5:502-921    -            140 112711at7898         -            195   1.2e-26   92.3   0.1   1   1   6.7e-28   1.4e-26   92.1   0.1    11   139     1   137     1   140 0.89 -
TRINITY_DN18093_c0_g2_i2:54-638    -            195 112711at7898         -            195   1.9e-26   91.7   0.0   1   1   1.3e-27   2.6e-26   91.3   0.0    10   158     2   161     1   183 0.83 -
TRINITY_DN1097_c0_g2_i1:2138-2668  -            177 112711at7898         -            195   3.9e-26   90.7   0.0   1   1   2.3e-27   4.8e-26   90.4   0.0     9   167     6   171     1   175 0.89 -
TRINITY_DN4916_c0_g1_i1:442-1038   -            199 112711at7898         -            195   7.5e-26   89.7   0.4   1   1   4.4e-27     9e-26   89.5   0.4     6   164     3   172     1   186 0.85 -
TRINITY_DN18093_c0_g2_i3:54-659    -            202 112711at7898         -            195     1e-25   89.3   0.0   1   1   7.3e-27   1.5e-25   88.8   0.0    10   158     9   168     4   189 0.83 -
TRINITY_DN12377_c1_g4_i1:1715-2305 -            197 112711at7898         -            195   2.2e-25   88.2   0.1   1   1   1.3e-26   2.6e-25   88.0   0.1    11   161     1   158     1   184 0.86 -
TRINITY_DN358_c0_g1_i10:213-680    -            156 112711at7898         -            195   2.7e-25   87.9   0.2   1   1   1.6e-26   3.3e-25   87.6   0.2    11   134     1   131     1   142 0.88 -
TRINITY_DN358_c0_g1_i13:213-680    -            156 112711at7898         -            195   2.7e-25   87.9   0.2   1   1   1.6e-26   3.3e-25   87.6   0.2    11   134     1   131     1   142 0.88 -
TRINITY_DN5021_c2_g1_i1:492-998    -            169 112711at7898         -            195   3.2e-25   87.7   0.2   1   1   1.7e-26   3.5e-25   87.6   0.2     7   162     4   167     1   169 0.87 -
TRINITY_DN18093_c0_g2_i5:134-718   -            195 112711at7898         -            195   3.4e-25   87.6   0.0   1   1   2.3e-26   4.7e-25   87.1   0.0    10   163     2   166     1   178 0.82 -
TRINITY_DN6600_c3_g2_i1:961-1443   -            161 112711at7898         -            195   7.6e-25   86.5   0.3   1   1   4.3e-26   8.8e-25   86.3   0.3    10   154     4   161     1   161 0.83 -
TRINITY_DN12377_c1_g2_i1:1040-1630 -            197 112711at7898         -            195   7.8e-25   86.4   0.1   1   1   4.7e-26   9.5e-25   86.1   0.1    11   172     1   169     1   183 0.85 -
TRINITY_DN4916_c0_g1_i2:420-1016   -            199 112711at7898         -            195   1.5e-24   85.5   0.2   1   1   8.7e-26   1.8e-24   85.2   0.2     6   164     3   172     1   186 0.84 -
TRINITY_DN5174_c0_g2_i4:845-1306   -            154 112711at7898         -            195   2.1e-24   85.0   0.3   1   1   1.2e-25   2.4e-24   84.8   0.3    11   156     1   154     1   154 0.89 -
TRINITY_DN175_c1_g1_i1:1607-2068   -            154 112711at7898         -            195   2.3e-24   84.9   0.2   1   1   1.3e-25   2.7e-24   84.7   0.2    11   156     1   154     1   154 0.89 -
TRINITY_DN175_c1_g1_i2:1606-2067   -            154 112711at7898         -            195   2.3e-24   84.9   0.2   1   1   1.3e-25   2.7e-24   84.7   0.2    11   156     1   154     1   154 0.89 -
TRINITY_DN175_c1_g1_i5:1535-1996   -            154 112711at7898         -            195   2.3e-24   84.9   0.2   1   1   1.3e-25   2.7e-24   84.7   0.2    11   156     1   154     1   154 0.89 -
TRINITY_DN175_c1_g1_i6:1534-1995   -            154 112711at7898         -            195   2.3e-24   84.9   0.2   1   1   1.3e-25   2.7e-24   84.7   0.2    11   156     1   154     1   154 0.89 -
TRINITY_DN5931_c0_g1_i2:187-768    -            194 112711at7898         -            195   3.4e-24   84.3   0.0   1   1   2.2e-25   4.5e-24   83.9   0.0    10   161     6   164     2   191 0.88 -
TRINITY_DN5931_c0_g1_i1:142-723    -            194 112711at7898         -            195   3.4e-24   84.3   0.0   1   1   2.2e-25   4.5e-24   83.9   0.0    10   161     6   164     2   191 0.88 -
TRINITY_DN4916_c0_g1_i4:420-1016   -            199 112711at7898         -            195   4.8e-24   83.8   0.2   1   1   2.9e-25   5.8e-24   83.6   0.2     6   163     3   171     1   186 0.84 -
TRINITY_DN30543_c0_g1_i1:615-1115  -            167 112711at7898         -            195   5.3e-24   83.7   0.0   1   1   3.2e-25   6.6e-24   83.4   0.0    10   156    10   167     6   167 0.86 -
TRINITY_DN4890_c0_g1_i13:12-398    -            129 112711at7898         -            195   7.9e-24   83.1   0.0   1   1   4.5e-25   9.2e-24   82.9   0.0     9   119     6   123     1   128 0.85 -
TRINITY_DN4890_c0_g1_i7:12-398     -            129 112711at7898         -            195   7.9e-24   83.1   0.0   1   1   4.5e-25   9.2e-24   82.9   0.0     9   119     6   123     1   128 0.85 -
TRINITY_DN5174_c0_g2_i3:921-1457   -            179 112711at7898         -            195   1.1e-23   82.7   0.8   1   1     6e-25   1.2e-23   82.5   0.8    11   163     2   162     1   178 0.85 -
TRINITY_DN5174_c0_g2_i6:895-1431   -            179 112711at7898         -            195   1.1e-23   82.7   0.8   1   1     6e-25   1.2e-23   82.5   0.8    11   163     2   162     1   178 0.85 -
TRINITY_DN1599_c0_g1_i13:320-700   -            127 112711at7898         -            195   1.2e-23   82.6   0.2   1   1   7.2e-25   1.5e-23   82.3   0.2    10   121     7   125     5   127 0.91 -
TRINITY_DN5174_c0_g2_i1:895-1431   -            179 112711at7898         -            195   1.2e-23   82.5   0.7   1   1   6.9e-25   1.4e-23   82.3   0.7    11   162     2   161     1   178 0.86 -
TRINITY_DN4890_c0_g1_i9:12-398     -            129 112711at7898         -            195   1.5e-23   82.2   0.0   1   1   8.7e-25   1.8e-23   82.0   0.0     8   119     5   123     1   128 0.85 -
TRINITY_DN4951_c0_g1_i16:251-769   -            173 112711at7898         -            195   1.7e-23   82.1   1.2   1   1     1e-24   2.1e-23   81.8   1.2    11   159     3   159     1   172 0.88 -
TRINITY_DN4951_c0_g1_i4:251-769    -            173 112711at7898         -            195   1.7e-23   82.1   1.2   1   1     1e-24   2.1e-23   81.8   1.2    11   159     3   159     1   172 0.88 -
TRINITY_DN4890_c0_g1_i21:12-398    -            129 112711at7898         -            195   1.7e-23   82.0   0.1   1   1   9.9e-25     2e-23   81.8   0.1     9   119     6   123     1   128 0.85 -
TRINITY_DN10242_c0_g1_i3:58-694    -            161 112711at7898         -            195   1.9e-23   81.9   0.1   1   1   1.1e-24   2.3e-23   81.6   0.1    11   159     2   156     1   159 0.88 -
TRINITY_DN4890_c0_g1_i19:2-370     -            123 112711at7898         -            195   3.8e-23   80.9   0.1   1   1     2e-24   4.1e-23   80.8   0.1     8   119     5   123     1   123 0.82 -
TRINITY_DN4890_c0_g1_i6:2-370      -            123 112711at7898         -            195   4.3e-23   80.7   0.1   1   1   2.3e-24   4.6e-23   80.6   0.1     9   119     6   123     1   123 0.82 -
TRINITY_DN4890_c0_g1_i17:0-308     -            103 112711at7898         -            195   4.5e-23   80.7   0.1   1   1   2.4e-24   4.8e-23   80.6   0.1     3    93     5    95     3   103 0.93 -
TRINITY_DN18598_c0_g2_i1:540-1052  -            171 112711at7898         -            195   4.7e-23   80.6   0.0   1   1   2.7e-24   5.4e-23   80.4   0.0    10   165     5   166     1   170 0.94 -
TRINITY_DN52876_c0_g1_i1:522-1037  -            172 112711at7898         -            195   4.8e-23   80.6   0.0   1   1   2.6e-24   5.3e-23   80.4   0.0    11   165     3   168     1   172 0.88 -
TRINITY_DN5924_c0_g1_i2:490-966    -            159 112711at7898         -            195   5.6e-23   80.4   0.2   1   1   3.1e-24   6.4e-23   80.2   0.2    11   163     2   158     1   159 0.88 -
TRINITY_DN5924_c0_g1_i3:483-959    -            159 112711at7898         -            195   5.6e-23   80.4   0.2   1   1   3.1e-24   6.4e-23   80.2   0.2    11   163     2   158     1   159 0.88 -
TRINITY_DN5924_c0_g1_i4:483-959    -            159 112711at7898         -            195   5.6e-23   80.4   0.2   1   1   3.1e-24   6.4e-23   80.2   0.2    11   163     2   158     1   159 0.88 -
TRINITY_DN18598_c0_g2_i3:540-1052  -            171 112711at7898         -            195   8.7e-23   79.7   0.0   1   1   4.9e-24     1e-22   79.5   0.0    10   165     5   166     1   170 0.94 -
TRINITY_DN18598_c0_g2_i4:540-1052  -            171 112711at7898         -            195   8.7e-23   79.7   0.0   1   1   4.9e-24     1e-22   79.5   0.0    10   165     5   166     1   170 0.94 -
TRINITY_DN4951_c0_g1_i13:251-769   -            173 112711at7898         -            195   1.2e-22   79.3   1.1   1   1     7e-24   1.4e-22   79.0   1.1    11   159     3   159     1   172 0.88 -
TRINITY_DN260_c0_g2_i13:3533-4039  -            169 112711at7898         -            195   1.6e-22   78.9   0.0   1   1   8.6e-24   1.8e-22   78.7   0.0    11   169     2   167     1   169 0.87 -
TRINITY_DN260_c0_g2_i21:3551-4057  -            169 112711at7898         -            195   1.6e-22   78.9   0.0   1   1   8.6e-24   1.8e-22   78.7   0.0    11   169     2   167     1   169 0.87 -
TRINITY_DN10242_c0_g1_i4:161-652   -            164 112711at7898         -            195     2e-22   78.6   0.1   1   1   1.1e-23   2.3e-22   78.3   0.1    11   159     2   158     1   164 0.88 -
TRINITY_DN4951_c0_g1_i14:213-731   -            173 112711at7898         -            195   3.8e-22   77.6   0.9   1   1   2.3e-23   4.7e-22   77.3   0.9    11   159     3   159     1   172 0.88 -
TRINITY_DN4951_c0_g1_i1:43-561     -            173 112711at7898         -            195   3.8e-22   77.6   0.9   1   1   2.3e-23   4.7e-22   77.3   0.9    11   159     3   159     1   172 0.88 -
TRINITY_DN4951_c0_g1_i2:213-731    -            173 112711at7898         -            195   3.8e-22   77.6   0.9   1   1   2.3e-23   4.7e-22   77.3   0.9    11   159     3   159     1   172 0.88 -
TRINITY_DN4951_c0_g1_i8:213-731    -            173 112711at7898         -            195   3.8e-22   77.6   0.9   1   1   2.3e-23   4.7e-22   77.3   0.9    11   159     3   159     1   172 0.88 -
TRINITY_DN4951_c0_g1_i9:251-769    -            173 112711at7898         -            195   3.8e-22   77.6   0.9   1   1   2.3e-23   4.7e-22   77.3   0.9    11   159     3   159     1   172 0.88 -
TRINITY_DN46059_c0_g1_i1:76-489    -            138 112711at7898         -            195   4.1e-22   77.5   0.2   1   1   2.3e-23   4.6e-22   77.4   0.2    42   170     1   136     1   138 0.88 -
TRINITY_DN4951_c0_g1_i15:213-731   -            173 112711at7898         -            195   4.2e-22   77.5   1.0   1   1   2.5e-23   5.2e-22   77.2   1.0    11   159     3   159     1   172 0.88 -
TRINITY_DN4890_c0_g1_i18:2-370     -            123 112711at7898         -            195   4.6e-22   77.4   0.1   1   1   2.4e-23     5e-22   77.3   0.1     9   119     6   123     1   123 0.82 -
TRINITY_DN790_c0_g1_i2:293-811     -            173 112711at7898         -            195     7e-22   76.8   0.0   1   1   4.1e-23   8.5e-22   76.5   0.0    10   166     9   172     4   173 0.90 -
TRINITY_DN790_c0_g1_i3:293-811     -            173 112711at7898         -            195     7e-22   76.8   0.0   1   1   4.1e-23   8.5e-22   76.5   0.0    10   166     9   172     4   173 0.90 -
TRINITY_DN19745_c0_g2_i4:1597-2058 -            154 112711at7898         -            195   1.3e-21   75.9   0.1   1   1   7.1e-23   1.4e-21   75.8   0.1    11   157     1   154     1   154 0.92 -
TRINITY_DN19745_c0_g2_i6:757-1218  -            154 112711at7898         -            195   1.3e-21   75.9   0.1   1   1   7.1e-23   1.4e-21   75.8   0.1    11   157     1   154     1   154 0.92 -
TRINITY_DN5877_c0_g2_i1:219-704    -            162 112711at7898         -            195   1.5e-21   75.7   0.2   1   1   7.9e-23   1.6e-21   75.6   0.2    11   159     1   156     1   162 0.91 -
TRINITY_DN14110_c0_g2_i1:263-631   -            123 112711at7898         -            195   1.6e-21   75.6   0.1   1   1   9.6e-23     2e-21   75.3   0.1    10   119     1   122     1   123 0.80 -
TRINITY_DN4890_c0_g1_i14:0-338     -            113 112711at7898         -            195   1.9e-21   75.4   0.0   1   1     1e-22   2.1e-21   75.2   0.0     8    95     5    92     1   107 0.91 -
TRINITY_DN260_c0_g2_i14:1799-2251  -            151 112711at7898         -            195   2.3e-21   75.1   0.0   1   1   1.2e-22   2.5e-21   75.0   0.0    11   147     2   146     1   151 0.88 -
TRINITY_DN260_c0_g2_i2:3533-3985   -            151 112711at7898         -            195   2.3e-21   75.1   0.0   1   1   1.2e-22   2.5e-21   75.0   0.0    11   147     2   146     1   151 0.88 -
TRINITY_DN260_c0_g2_i3:3509-3961   -            151 112711at7898         -            195   2.3e-21   75.1   0.0   1   1   1.2e-22   2.5e-21   75.0   0.0    11   147     2   146     1   151 0.88 -
TRINITY_DN5924_c1_g1_i1:115-615    -            167 112711at7898         -            195   2.4e-21   75.0   0.1   1   1   1.4e-22   2.8e-21   74.8   0.1     7   163     6   166     2   167 0.87 -
TRINITY_DN5924_c1_g1_i2:134-634    -            167 112711at7898         -            195   2.4e-21   75.0   0.1   1   1   1.4e-22   2.8e-21   74.8   0.1     7   163     6   166     2   167 0.87 -
TRINITY_DN5924_c1_g1_i3:209-709    -            167 112711at7898         -            195   2.4e-21   75.0   0.1   1   1   1.4e-22   2.8e-21   74.8   0.1     7   163     6   166     2   167 0.87 -
TRINITY_DN1040_c0_g1_i21:103-693   -            197 112711at7898         -            195   4.4e-21   74.2   0.0   1   1   3.2e-22   6.5e-21   73.6   0.0     6   169     2   183     1   191 0.84 -
TRINITY_DN1040_c0_g1_i2:93-695     -            201 112711at7898         -            195     5e-21   74.0   0.0   1   1   3.5e-22   7.2e-21   73.5   0.0     1   169     1   187     1   195 0.85 -
TRINITY_DN19745_c0_g2_i3:1796-2257 -            154 112711at7898         -            195   6.3e-21   73.7   0.1   1   1   3.5e-22   7.2e-21   73.5   0.1    11   157     1   154     1   154 0.91 -
TRINITY_DN19745_c0_g2_i5:1796-2257 -            154 112711at7898         -            195   6.3e-21   73.7   0.1   1   1   3.5e-22   7.2e-21   73.5   0.1    11   157     1   154     1   154 0.91 -
TRINITY_DN7782_c0_g1_i7:1493-2008  -            172 112711at7898         -            195   1.7e-20   72.3   0.1   1   1   1.1e-21   2.2e-20   71.9   0.1    10   159     5   161     2   167 0.89 -
TRINITY_DN6666_c0_g2_i3:260-805    -            182 112711at7898         -            195   1.7e-20   72.3   0.0   1   1   8.9e-22   1.8e-20   72.2   0.0    11   173     2   170     1   182 0.83 -
TRINITY_DN6666_c0_g2_i7:260-805    -            182 112711at7898         -            195   1.7e-20   72.3   0.0   1   1   8.9e-22   1.8e-20   72.2   0.0    11   173     2   170     1   182 0.83 -
TRINITY_DN7782_c0_g1_i1:1133-1651  -            173 112711at7898         -            195     2e-20   72.1   0.1   1   1   1.3e-21   2.6e-20   71.6   0.1    10   159     5   161     2   167 0.89 -
TRINITY_DN6666_c0_g2_i18:260-742   -            161 112711at7898         -            195   2.4e-20   71.8   0.1   1   1   1.4e-21   2.8e-20   71.6   0.1    11   159     2   156     1   160 0.86 -
TRINITY_DN6666_c0_g2_i9:260-742    -            161 112711at7898         -            195   2.4e-20   71.8   0.1   1   1   1.4e-21   2.8e-20   71.6   0.1    11   159     2   156     1   160 0.86 -
TRINITY_DN175_c3_g1_i1:24-419      -            132 112711at7898         -            195     4e-20   71.1   0.2   1   1   2.2e-21   4.6e-20   70.9   0.2    11   134     1   131     1   132 0.88 -
TRINITY_DN13780_c0_g1_i1:982-1524  -            181 112711at7898         -            195   4.3e-20   70.9   0.0   1   1     3e-21   6.1e-20   70.5   0.0     2   155     2   173     1   180 0.81 -
TRINITY_DN13780_c0_g1_i2:814-1356  -            181 112711at7898         -            195   4.3e-20   70.9   0.0   1   1     3e-21   6.1e-20   70.5   0.0     2   155     2   173     1   180 0.81 -
TRINITY_DN13780_c0_g1_i4:876-1418  -            181 112711at7898         -            195   4.3e-20   70.9   0.0   1   1     3e-21   6.1e-20   70.5   0.0     2   155     2   173     1   180 0.81 -
TRINITY_DN3426_c1_g1_i1:647-1168   -            174 112711at7898         -            195   7.2e-20   70.2   0.0   1   1   4.4e-21     9e-20   69.9   0.0    10   164     8   168     2   172 0.92 -
TRINITY_DN3426_c1_g1_i2:647-1168   -            174 112711at7898         -            195   7.2e-20   70.2   0.0   1   1   4.4e-21     9e-20   69.9   0.0    10   164     8   168     2   172 0.92 -
TRINITY_DN44324_c0_g1_i1:293-841   -            183 112711at7898         -            195   7.6e-20   70.1   0.3   1   1   4.3e-21   8.8e-20   69.9   0.3    11   179     2   174     1   182 0.83 -
TRINITY_DN44324_c0_g1_i2:293-841   -            183 112711at7898         -            195   7.6e-20   70.1   0.3   1   1   4.3e-21   8.8e-20   69.9   0.3    11   179     2   174     1   182 0.83 -
TRINITY_DN44324_c0_g1_i4:293-841   -            183 112711at7898         -            195   7.6e-20   70.1   0.3   1   1   4.3e-21   8.8e-20   69.9   0.3    11   179     2   174     1   182 0.83 -
TRINITY_DN44324_c0_g1_i5:293-841   -            183 112711at7898         -            195   7.6e-20   70.1   0.3   1   1   4.3e-21   8.8e-20   69.9   0.3    11   179     2   174     1   182 0.83 -
TRINITY_DN1040_c0_g1_i16:93-659    -            189 112711at7898         -            195   9.1e-20   69.9   0.0   1   1   6.1e-21   1.3e-19   69.4   0.0     1   170     1   188     1   189 0.86 -
TRINITY_DN9338_c0_g1_i2:1013-1522  -            170 112711at7898         -            195   1.2e-19   69.5   0.1   1   1   7.3e-21   1.5e-19   69.2   0.1    10   158    10   165     5   170 0.90 -
TRINITY_DN9338_c0_g1_i4:1043-1552  -            170 112711at7898         -            195   1.2e-19   69.5   0.1   1   1   7.3e-21   1.5e-19   69.2   0.1    10   158    10   165     5   170 0.90 -
TRINITY_DN36324_c0_g2_i1:861-1280  -            140 112711at7898         -            195     2e-19   68.7   0.1   1   1   1.2e-20   2.5e-19   68.5   0.1    41   166     1   133     1   138 0.87 -
TRINITY_DN16903_c0_g1_i2:283-651   -            123 112711at7898         -            195     7e-19   67.0   0.0   1   1   3.9e-20     8e-19   66.8   0.0    10    99     6    95     3   122 0.92 -
TRINITY_DN16330_c1_g1_i1:134-634   -            167 112711at7898         -            195   8.8e-19   66.7   0.0   1   1   4.8e-20   9.8e-19   66.5   0.0    10   124     2   122     1   159 0.85 -
TRINITY_DN10242_c0_g1_i2:58-667    -            152 112711at7898         -            195     1e-18   66.5   0.0   1   1   6.2e-20   1.3e-18   66.2   0.0    20   159     2   147     1   150 0.87 -
TRINITY_DN27548_c0_g1_i1:452-769   -            106 112711at7898         -            195   3.5e-18   64.7   0.1   1   1     2e-19   4.1e-18   64.5   0.1    62   157     1   104     1   106 0.86 -
TRINITY_DN13467_c0_g1_i12:849-1349 -            167 112711at7898         -            195   4.2e-18   64.5   0.0   1   1     3e-19   6.1e-18   63.9   0.0    10   126     2   125     1   167 0.84 -
TRINITY_DN13467_c0_g1_i5:683-1183  -            167 112711at7898         -            195   4.2e-18   64.5   0.0   1   1     3e-19   6.1e-18   63.9   0.0    10   126     2   125     1   167 0.84 -
TRINITY_DN13467_c0_g1_i8:734-1234  -            167 112711at7898         -            195   4.2e-18   64.5   0.0   1   1     3e-19   6.1e-18   63.9   0.0    10   126     2   125     1   167 0.84 -
TRINITY_DN13467_c0_g1_i9:148-648   -            167 112711at7898         -            195   4.2e-18   64.5   0.0   1   1     3e-19   6.1e-18   63.9   0.0    10   126     2   125     1   167 0.84 -
TRINITY_DN682_c0_g2_i1:1134-1535   -            134 112711at7898         -            195     7e-18   63.7   0.0   1   1   4.3e-19   8.8e-18   63.4   0.0    59   166     2   120     1   126 0.78 -
TRINITY_DN682_c0_g2_i2:1134-1535   -            134 112711at7898         -            195     7e-18   63.7   0.0   1   1   4.3e-19   8.8e-18   63.4   0.0    59   166     2   120     1   126 0.78 -
TRINITY_DN16903_c0_g1_i1:214-564   -            117 112711at7898         -            195     8e-18   63.6   0.0   1   1     4e-19   8.1e-18   63.5   0.0    12    99     2    89     1   116 0.91 -
TRINITY_DN14852_c0_g1_i5:124-675   -            184 112711at7898         -            195   9.2e-18   63.3   0.0   1   1   5.5e-19   1.1e-17   63.1   0.0    10   134     1   132     1   182 0.85 -
TRINITY_DN2161_c0_g1_i1:366-725    -            120 112711at7898         -            195   9.6e-18   63.3   0.2   1   1   5.3e-19   1.1e-17   63.1   0.2    58   169     2   119     1   120 0.92 -
TRINITY_DN14852_c0_g1_i3:119-670   -            184 112711at7898         -            195   1.2e-17   63.0   0.0   1   1   6.8e-19   1.4e-17   62.8   0.0    10   134     1   132     1   182 0.85 -
TRINITY_DN2161_c0_g1_i2:498-857    -            120 112711at7898         -            195   1.2e-17   63.0   0.2   1   1   6.5e-19   1.3e-17   62.8   0.2    58   169     2   119     1   120 0.92 -
TRINITY_DN7782_c0_g1_i2:5-418      -            138 112711at7898         -            195   1.7e-17   62.5   0.0   1   1     1e-18   2.1e-17   62.2   0.0    11   136     1   133     1   138 0.88 -
TRINITY_DN4265_c0_g2_i1:1057-1608  -            184 112711at7898         -            195   4.2e-17   61.2   0.0   1   1   4.1e-18   8.4e-17   60.2   0.0     7   130     6   135     1   184 0.81 -
TRINITY_DN19521_c0_g2_i1:971-1747  -            259 112711at7898         -            195   1.4e-16   59.5   1.0   1   1   9.9e-18     2e-16   59.0   1.0     8   181    36   218    32   231 0.82 -
TRINITY_DN4265_c0_g1_i1:878-1414   -            179 112711at7898         -            195   1.8e-16   59.1   0.0   1   1   1.8e-17   3.7e-16   58.1   0.0     8   130     2   130     1   179 0.80 -
TRINITY_DN1304_c0_g1_i4:1406-1933  -            176 112711at7898         -            195   1.9e-16   59.1   0.0   1   1     4e-17   8.2e-16   57.0   0.0    11   164     1   173     1   176 0.78 -
TRINITY_DN1304_c0_g1_i7:1368-1895  -            176 112711at7898         -            195   1.9e-16   59.1   0.0   1   1     4e-17   8.2e-16   57.0   0.0    11   164     1   173     1   176 0.78 -
TRINITY_DN8495_c0_g1_i2:860-1276   -            139 112711at7898         -            195   2.6e-16   58.6   0.0   1   1   1.4e-17   2.9e-16   58.4   0.0     9   122     1   120     1   136 0.82 -
TRINITY_DN539_c0_g1_i14:945-1331   -            129 112711at7898         -            195   3.4e-16   58.2   0.0   1   1   1.9e-17   3.8e-16   58.1   0.0     9   123     1   121     1   129 0.87 -
TRINITY_DN539_c0_g1_i32:956-1342   -            129 112711at7898         -            195   3.4e-16   58.2   0.0   1   1   1.9e-17   3.8e-16   58.1   0.0     9   123     1   121     1   129 0.87 -
TRINITY_DN539_c0_g1_i11:3088-3447  -            120 112711at7898         -            195   8.7e-16   56.9   0.0   1   1   4.9e-17     1e-15   56.7   0.0     9   122     1   120     1   120 0.88 -
TRINITY_DN539_c0_g1_i12:3253-3612  -            120 112711at7898         -            195   8.7e-16   56.9   0.0   1   1   4.9e-17     1e-15   56.7   0.0     9   122     1   120     1   120 0.88 -
TRINITY_DN539_c0_g1_i18:1710-2069  -            120 112711at7898         -            195   8.7e-16   56.9   0.0   1   1   4.9e-17     1e-15   56.7   0.0     9   122     1   120     1   120 0.88 -
TRINITY_DN539_c0_g1_i27:1732-2091  -            120 112711at7898         -            195   8.7e-16   56.9   0.0   1   1   4.9e-17     1e-15   56.7   0.0     9   122     1   120     1   120 0.88 -
TRINITY_DN539_c0_g1_i2:3088-3447   -            120 112711at7898         -            195   8.7e-16   56.9   0.0   1   1   4.9e-17     1e-15   56.7   0.0     9   122     1   120     1   120 0.88 -
TRINITY_DN42503_c0_g1_i1:389-610   -             74 112711at7898         -            195   1.1e-15   56.6   0.1   1   1   5.5e-17   1.1e-15   56.5   0.1    29    98     2    72     1    74 0.94 -
TRINITY_DN178_c2_g2_i1:156-515     -            120 112711at7898         -            195   1.5e-15   56.2   0.0   1   1   8.2e-17   1.7e-15   56.0   0.0     9   122     1   120     1   120 0.87 -
TRINITY_DN1304_c0_g1_i3:133-627    -            165 112711at7898         -            195   1.5e-15   56.2   0.0   1   1   1.6e-16   3.3e-15   55.0   0.0    11   132     1   128     1   165 0.81 -
TRINITY_DN1304_c0_g1_i5:133-627    -            165 112711at7898         -            195   1.5e-15   56.2   0.0   1   1   1.6e-16   3.3e-15   55.0   0.0    11   132     1   128     1   165 0.81 -
TRINITY_DN178_c2_g1_i1:166-525     -            120 112711at7898         -            195   1.6e-15   56.0   0.0   1   1     9e-17   1.8e-15   55.8   0.0     9   122     1   120     1   120 0.88 -
TRINITY_DN178_c2_g1_i2:287-646     -            120 112711at7898         -            195   1.6e-15   56.0   0.0   1   1     9e-17   1.8e-15   55.8   0.0     9   122     1   120     1   120 0.88 -
TRINITY_DN606_c0_g3_i1:55-549      -            165 112711at7898         -            195   3.6e-15   54.9   0.0   1   1   2.3e-16   4.7e-15   54.5   0.0    11   131     1   127     1   165 0.86 -
TRINITY_DN606_c0_g3_i2:55-549      -            165 112711at7898         -            195   3.6e-15   54.9   0.0   1   1   2.3e-16   4.7e-15   54.5   0.0    11   131     1   127     1   165 0.86 -
TRINITY_DN1304_c0_g2_i1:133-627    -            165 112711at7898         -            195   3.8e-15   54.8   0.0   1   1   2.3e-16   4.7e-15   54.5   0.0    11   131     1   127     1   165 0.87 -
TRINITY_DN28574_c0_g1_i1:3-257     -             85 112711at7898         -            195   4.3e-15   54.6   0.1   1   1   2.1e-16   4.4e-15   54.6   0.1    36    98    10    72     1    83 0.88 -
TRINITY_DN15222_c0_g4_i1:321-719   -            133 112711at7898         -            195   5.6e-15   54.3   0.0   1   1     3e-16   6.1e-15   54.1   0.0     7   125     4   128     1   133 0.82 -
TRINITY_DN15222_c0_g4_i2:321-719   -            133 112711at7898         -            195   5.6e-15   54.3   0.0   1   1     3e-16   6.1e-15   54.1   0.0     7   125     4   128     1   133 0.82 -
TRINITY_DN15210_c0_g1_i1:120-599   -            160 112711at7898         -            195   1.5e-13   49.6   0.0   1   1   8.5e-15   1.7e-13   49.4   0.0    14   158     2   158     1   160 0.79 -
TRINITY_DN13780_c0_g1_i3:889-1311  -            141 112711at7898         -            195   1.7e-13   49.4   0.0   1   1   1.2e-14   2.4e-13   48.9   0.0    41   155     1   133     1   140 0.75 -
TRINITY_DN7385_c0_g2_i1:887-1243   -            119 112711at7898         -            195   2.3e-13   49.0   0.0   1   1   1.3e-14   2.6e-13   48.8   0.0    10   121     1   118     1   119 0.86 -
TRINITY_DN7385_c0_g2_i3:2883-3239  -            119 112711at7898         -            195   2.3e-13   49.0   0.0   1   1   1.3e-14   2.6e-13   48.8   0.0    10   121     1   118     1   119 0.86 -
TRINITY_DN7385_c0_g2_i4:672-1028   -            119 112711at7898         -            195   2.3e-13   49.0   0.0   1   1   1.3e-14   2.6e-13   48.8   0.0    10   121     1   118     1   119 0.86 -
TRINITY_DN7385_c0_g2_i5:4382-4738  -            119 112711at7898         -            195   2.3e-13   49.0   0.0   1   1   1.3e-14   2.6e-13   48.8   0.0    10   121     1   118     1   119 0.86 -
TRINITY_DN18056_c0_g1_i5:43-504    -            125 112711at7898         -            195   2.7e-13   48.8   0.1   1   1   1.7e-14   3.5e-13   48.4   0.1     6    97    18   109    14   117 0.91 -
TRINITY_DN177_c0_g1_i11:88-585     -            166 112711at7898         -            195   2.9e-13   48.7   0.0   1   1   2.1e-14   4.3e-13   48.1   0.0    10   139     1   136     1   166 0.71 -
TRINITY_DN18056_c0_g1_i1:0-374     -            125 112711at7898         -            195   3.4e-13   48.4   0.1   1   1   2.1e-14   4.3e-13   48.1   0.1     6    97    18   109    14   117 0.92 -
TRINITY_DN1826_c0_g1_i1:51-449     -            133 112711at7898         -            195   5.5e-13   47.8   0.0   1   1   2.9e-14   5.9e-13   47.7   0.0     8   123     4   125     1   133 0.80 -
TRINITY_DN1826_c0_g1_i4:51-449     -            133 112711at7898         -            195   5.5e-13   47.8   0.0   1   1   2.9e-14   5.9e-13   47.7   0.0     8   123     4   125     1   133 0.80 -
TRINITY_DN1826_c0_g1_i2:78-476     -            133 112711at7898         -            195   5.8e-13   47.7   0.0   1   1   3.1e-14   6.3e-13   47.6   0.0     9   123     5   125     1   133 0.80 -
TRINITY_DN1826_c0_g1_i3:78-476     -            133 112711at7898         -            195   5.8e-13   47.7   0.0   1   1   3.1e-14   6.3e-13   47.6   0.0     9   123     5   125     1   133 0.80 -
TRINITY_DN177_c0_g1_i5:119-616     -            166 112711at7898         -            195   7.4e-13   47.3   0.0   1   1     5e-14     1e-12   46.9   0.0    10   125     1   122     1   166 0.74 -
TRINITY_DN177_c0_g1_i8:119-616     -            166 112711at7898         -            195   7.4e-13   47.3   0.0   1   1     5e-14     1e-12   46.9   0.0    10   125     1   122     1   166 0.74 -
TRINITY_DN177_c0_g1_i9:119-616     -            166 112711at7898         -            195   7.4e-13   47.3   0.0   1   1     5e-14     1e-12   46.9   0.0    10   125     1   122     1   166 0.74 -
TRINITY_DN6764_c0_g1_i2:311-808    -            166 112711at7898         -            195   9.6e-13   47.0   0.0   1   1   6.1e-14   1.2e-12   46.6   0.0    10   127     1   124     1   166 0.77 -
TRINITY_DN6764_c0_g1_i5:311-808    -            166 112711at7898         -            195   9.6e-13   47.0   0.0   1   1   6.1e-14   1.2e-12   46.6   0.0    10   127     1   124     1   166 0.77 -
TRINITY_DN6764_c0_g1_i7:311-808    -            166 112711at7898         -            195   9.6e-13   47.0   0.0   1   1   6.1e-14   1.2e-12   46.6   0.0    10   127     1   124     1   166 0.77 -
TRINITY_DN6764_c0_g1_i3:311-808    -            166 112711at7898         -            195   9.9e-13   46.9   0.0   1   1   6.3e-14   1.3e-12   46.6   0.0    10   126     1   123     1   166 0.77 -
TRINITY_DN3483_c0_g1_i3:480-824    -            115 112711at7898         -            195   1.3e-12   46.6   0.0   1   1   7.3e-14   1.5e-12   46.4   0.0    10   102     2    89     1   115 0.80 -
TRINITY_DN2759_c0_g2_i1:731-1225   -            165 112711at7898         -            195   1.8e-12   46.1   0.1   1   1   3.3e-12   6.7e-11   41.0   0.1    12   159     2   165     1   165 0.85 -
TRINITY_DN2759_c0_g2_i2:731-1225   -            165 112711at7898         -            195   1.8e-12   46.1   0.1   1   1   3.3e-12   6.7e-11   41.0   0.1    12   159     2   165     1   165 0.85 -
TRINITY_DN2759_c0_g2_i3:285-779    -            165 112711at7898         -            195   1.8e-12   46.1   0.1   1   1   3.3e-12   6.7e-11   41.0   0.1    12   159     2   165     1   165 0.85 -
TRINITY_DN8901_c1_g1_i1:378-965    -            196 112711at7898         -            195   2.9e-12   45.4   0.0   1   1   1.9e-13     4e-12   45.0   0.0    10   123     2   121     1   153 0.85 -
TRINITY_DN8376_c0_g1_i2:1072-1431  -            120 112711at7898         -            195   3.7e-12   45.0   0.0   1   1   2.1e-13   4.2e-12   44.9   0.0    10   122     1   119     1   120 0.83 -
TRINITY_DN3483_c0_g1_i4:942-1292   -            117 112711at7898         -            195   4.6e-12   44.8   0.1   1   1   2.7e-13   5.5e-12   44.5   0.1    10   101     2    88     1   116 0.82 -
TRINITY_DN40505_c0_g2_i1:201-614   -            138 112711at7898         -            195   7.4e-12   44.1   0.0   1   1   5.1e-13     1e-11   43.6   0.0     9   123     3   132     1   138 0.75 -
TRINITY_DN2409_c0_g1_i1:2205-2525  -            107 112711at7898         -            195   8.5e-12   43.9   0.1   1   1   4.6e-13   9.5e-12   43.7   0.1    71   160     1    98     1   107 0.83 -
TRINITY_DN2409_c0_g1_i2:2206-2526  -            107 112711at7898         -            195   8.5e-12   43.9   0.1   1   1   4.6e-13   9.5e-12   43.7   0.1    71   160     1    98     1   107 0.83 -
TRINITY_DN2759_c0_g1_i1:121-654    -            178 112711at7898         -            195   2.1e-11   42.6   0.0   1   1   3.1e-11   6.3e-10   37.8   0.0    10   158    12   177     1   178 0.80 -
TRINITY_DN2759_c0_g1_i3:723-1256   -            178 112711at7898         -            195   2.6e-11   42.3   0.1   1   1   3.5e-11   7.1e-10   37.6   0.1    10   158    12   177     1   178 0.79 -
TRINITY_DN2759_c0_g1_i5:724-1257   -            178 112711at7898         -            195   2.6e-11   42.3   0.1   1   1   3.5e-11   7.1e-10   37.6   0.1    10   158    12   177     1   178 0.79 -
TRINITY_DN4210_c0_g1_i1:435-791    -            119 112711at7898         -            195   6.6e-11   41.0   0.0   1   1   3.4e-12   6.9e-11   40.9   0.0     7   105     2   102     1   119 0.81 -
TRINITY_DN606_c0_g1_i1:61-408      -            116 112711at7898         -            195   2.4e-10   39.1   0.0   1   1   1.3e-11   2.7e-10   39.0   0.0    21   128     1   114     1   116 0.81 -
TRINITY_DN606_c0_g1_i2:61-408      -            116 112711at7898         -            195   2.4e-10   39.1   0.0   1   1   1.3e-11   2.7e-10   39.0   0.0    21   128     1   114     1   116 0.81 -
TRINITY_DN8376_c0_g1_i1:934-1699   -            159 112711at7898         -            195   6.9e-10   37.7   0.0   1   1     6e-11   1.2e-09   36.8   0.0    10   125     1   115     1   128 0.81 -
TRINITY_DN35291_c0_g1_i3:9-317     -            103 112711at7898         -            195   8.8e-09   34.0   0.1   1   1   5.9e-10   1.2e-08   33.6   0.1    96   169    17    91     1   100 0.84 -
TRINITY_DN13347_c0_g1_i1:299-802   -            168 112711at7898         -            195   1.3e-08   33.5   0.0   1   1   7.7e-10   1.6e-08   33.2   0.0     9   117     2   109     1   131 0.79 -
TRINITY_DN2725_c0_g1_i2:95-574     -            160 112711at7898         -            195   1.3e-08   33.5   0.2   1   1   8.7e-10   1.8e-08   33.1   0.2    11   160     1   160     1   160 0.80 -
TRINITY_DN2725_c0_g1_i5:129-608    -            160 112711at7898         -            195   1.3e-08   33.5   0.2   1   1   8.7e-10   1.8e-08   33.1   0.2    11   160     1   160     1   160 0.80 -
TRINITY_DN2725_c0_g1_i1:53-532     -            160 112711at7898         -            195   1.5e-08   33.3   0.2   1   1   9.8e-10     2e-08   32.9   0.2    11   160     1   160     1   160 0.80 -
TRINITY_DN18056_c0_g1_i4:52-276    -             75 112711at7898         -            195     2e-08   32.9   0.1   1   1   9.9e-10     2e-08   32.9   0.1    51    98    16    63     5    71 0.84 -
TRINITY_DN13347_c0_g1_i2:299-811   -            171 112711at7898         -            195   3.2e-08   32.2   0.0   1   1   1.9e-09   3.9e-08   31.9   0.0     7   126     6   131     1   140 0.79 -
TRINITY_DN13347_c0_g1_i3:299-820   -            174 112711at7898         -            195   5.3e-08   31.5   0.0   1   1     3e-09   6.2e-08   31.3   0.0     7   116     6   121     1   137 0.77 -
TRINITY_DN11852_c0_g1_i2:407-919   -            171 112711at7898         -            195   7.1e-08   31.1   0.1   1   1   4.8e-09   9.8e-08   30.6   0.1    12   171     2   165     1   171 0.80 -
TRINITY_DN9832_c0_g1_i4:1142-1408  -             89 112711at7898         -            195   1.4e-07   30.1   0.1   1   1   9.6e-09     2e-07   29.6   0.1    96   160    21    86     2    89 0.84 -
TRINITY_DN1542_c0_g1_i1:43-456     -            138 112711at7898         -            195   1.5e-07   30.0   0.0   1   1   1.1e-08   2.2e-07   29.5   0.0    50   123     4    84     1    98 0.81 -
TRINITY_DN1542_c0_g1_i2:43-456     -            138 112711at7898         -            195   1.5e-07   30.0   0.0   1   1   1.1e-08   2.2e-07   29.5   0.0    50   123     4    84     1    98 0.81 -
TRINITY_DN1542_c0_g1_i3:43-456     -            138 112711at7898         -            195   1.5e-07   30.0   0.0   1   1   1.1e-08   2.2e-07   29.5   0.0    50   123     4    84     1    98 0.81 -
TRINITY_DN1542_c0_g1_i4:43-456     -            138 112711at7898         -            195   1.5e-07   30.0   0.0   1   1   1.1e-08   2.2e-07   29.5   0.0    50   123     4    84     1    98 0.81 -
TRINITY_DN1542_c0_g1_i5:43-456     -            138 112711at7898         -            195   1.5e-07   30.0   0.0   1   1   1.1e-08   2.2e-07   29.5   0.0    50   123     4    84     1    98 0.81 -
TRINITY_DN1542_c0_g1_i6:43-456     -            138 112711at7898         -            195   1.5e-07   30.0   0.0   1   1   1.1e-08   2.2e-07   29.5   0.0    50   123     4    84     1    98 0.81 -
TRINITY_DN9247_c0_g2_i1:20-430     -            137 112711at7898         -            195   2.1e-07   29.6   0.0   1   1   1.3e-08   2.6e-07   29.3   0.0    10   120     8   124     2   133 0.79 -
TRINITY_DN1434_c1_g1_i1:189-593    -            135 112711at7898         -            195   3.6e-07   28.8   0.0   1   1     2e-08     4e-07   28.6   0.0    14   104     4    86     1   128 0.79 -
TRINITY_DN9400_c0_g1_i2:567-1079   -            171 112711at7898         -            195   4.9e-07   28.3   0.0   1   1     3e-08   6.1e-07   28.0   0.0    16   103     5    95     1   131 0.64 -
TRINITY_DN9400_c0_g2_i1:577-1089   -            171 112711at7898         -            195   4.9e-07   28.3   0.0   1   1     3e-08   6.1e-07   28.0   0.0    16   103     5    95     1   131 0.64 -
TRINITY_DN9170_c0_g1_i4:387-830    -            148 112711at7898         -            195   7.5e-07   27.8   0.2   1   1   5.3e-08   1.1e-06   27.2   0.2    11    98     1    83     1   126 0.69 -
TRINITY_DN9170_c0_g1_i1:348-641    -             98 112711at7898         -            195   9.5e-07   27.4   0.0   1   1   5.8e-08   1.2e-06   27.1   0.0    11    95    18    97    13    98 0.83 -
TRINITY_DN2360_c0_g1_i3:135-539    -            135 112711at7898         -            195   1.7e-06   26.6   0.0   1   1   9.3e-08   1.9e-06   26.4   0.0    14   105     4    87     1   128 0.79 -
TRINITY_DN33472_c0_g1_i2:20-301    -             94 112711at7898         -            195   2.1e-06   26.3   0.0   1   1   1.1e-07   2.3e-06   26.2   0.0    14    96     4    82     1    93 0.86 -
TRINITY_DN1434_c0_g1_i16:339-743   -            135 112711at7898         -            195   2.4e-06   26.1   0.0   1   1   1.3e-07   2.6e-06   26.0   0.0    14    98     4    84     1   128 0.77 -
TRINITY_DN1434_c0_g1_i18:339-743   -            135 112711at7898         -            195   2.4e-06   26.1   0.0   1   1   1.3e-07   2.6e-06   26.0   0.0    14    98     4    84     1   128 0.77 -
TRINITY_DN1434_c0_g1_i29:339-743   -            135 112711at7898         -            195   2.4e-06   26.1   0.0   1   1   1.3e-07   2.6e-06   26.0   0.0    14    98     4    84     1   128 0.77 -
TRINITY_DN1434_c0_g1_i2:339-743    -            135 112711at7898         -            195   2.4e-06   26.1   0.0   1   1   1.3e-07   2.6e-06   26.0   0.0    14    98     4    84     1   128 0.77 -
TRINITY_DN1434_c0_g1_i10:339-743   -            135 112711at7898         -            195   2.4e-06   26.1   0.0   1   1   1.3e-07   2.6e-06   26.0   0.0    14    98     4    84     1   129 0.78 -
TRINITY_DN1434_c0_g1_i12:339-743   -            135 112711at7898         -            195   2.4e-06   26.1   0.0   1   1   1.3e-07   2.6e-06   26.0   0.0    14    98     4    84     1   129 0.78 -
TRINITY_DN8875_c0_g1_i4:992-1486   -            165 112711at7898         -            195   2.6e-06   26.0   0.0   1   1   1.8e-07   3.6e-06   25.5   0.0    12   159     1   160     1   164 0.79 -
TRINITY_DN2360_c0_g1_i4:150-554    -            135 112711at7898         -            195   2.8e-06   25.9   0.0   1   1   1.5e-07     3e-06   25.8   0.0    14   104     4    86     1   132 0.80 -
TRINITY_DN30543_c0_g3_i1:0-281     -             94 112711at7898         -            195     3e-06   25.8   0.0   1   1   1.5e-07     3e-06   25.8   0.0    68   125     1    65     1    94 0.74 -
TRINITY_DN30543_c0_g3_i2:0-281     -             94 112711at7898         -            195   4.9e-06   25.1   0.0   1   1   2.4e-07   4.9e-06   25.1   0.0    68   125     1    65     1    94 0.70 -
TRINITY_DN4241_c0_g1_i1:1242-1547  -            102 112711at7898         -            195   5.4e-06   24.9   0.0   1   1   2.6e-07   5.4e-06   24.9   0.0   105   189    12    95     1   100 0.77 -
TRINITY_DN4241_c0_g1_i3:1242-1547  -            102 112711at7898         -            195   5.4e-06   24.9   0.0   1   1   2.6e-07   5.4e-06   24.9   0.0   105   189    12    95     1   100 0.77 -
TRINITY_DN36496_c0_g1_i1:91-642    -            184 112711at7898         -            195   6.2e-06   24.8   0.0   1   1   3.6e-07   7.4e-06   24.5   0.0    48   175     1   135     1   171 0.83 -
TRINITY_DN4241_c0_g2_i11:1831-2136 -            102 112711at7898         -            195   7.9e-06   24.4   0.0   1   1   3.8e-07   7.9e-06   24.4   0.0   105   189    12    95     1   100 0.77 -
TRINITY_DN11852_c0_g1_i1:407-889   -            161 112711at7898         -            195   9.9e-06   24.1   0.1   1   1   9.7e-07     2e-05   23.1   0.1    14   164     4   158     1   161 0.74 -
TRINITY_DN21421_c0_g1_i1:979-1428  -            150 112711at7898         -            195   1.3e-05   23.7   0.1   1   1   1.1e-06   2.3e-05   22.9   0.1    11    97     1    82     1   114 0.85 -
TRINITY_DN33708_c0_g1_i1:87-389    -            101 112711at7898         -            195   1.5e-05   23.5   0.0   1   1   7.8e-07   1.6e-05   23.4   0.0    14    96     4    82     1    97 0.85 -
TRINITY_DN9982_c0_g1_i2:650-1132   -            161 112711at7898         -            195   3.3e-05   22.4   0.1   1   1   2.7e-06   5.6e-05   21.6   0.1    12    96     1    80     1    88 0.82 -
TRINITY_DN9982_c0_g1_i3:106-588    -            161 112711at7898         -            195   3.3e-05   22.4   0.1   1   1   2.7e-06   5.6e-05   21.6   0.1    12    96     1    80     1    88 0.82 -
TRINITY_DN9982_c0_g1_i5:650-1132   -            161 112711at7898         -            195   3.3e-05   22.4   0.1   1   1   2.7e-06   5.6e-05   21.6   0.1    12    96     1    80     1    88 0.82 -
TRINITY_DN63708_c0_g1_i1:1049-1543 -            165 112711at7898         -            195   3.9e-05   22.2   0.0   1   1   2.9e-06   5.9e-05   21.6   0.0    14   149     3   149     1   163 0.75 -
TRINITY_DN8942_c0_g1_i1:0-491      -            164 112711at7898         -            195   4.9e-05   21.8   0.2   1   1   2.9e-06   5.9e-05   21.5   0.2    57   163     4   120     1   147 0.73 -
TRINITY_DN8942_c0_g1_i4:0-491      -            164 112711at7898         -            195   4.9e-05   21.8   0.2   1   1   2.9e-06   5.9e-05   21.5   0.2    57   163     4   120     1   147 0.73 -
TRINITY_DN5750_c0_g1_i2:812-1312   -            167 112711at7898         -            195   5.1e-05   21.8   0.0   1   1   2.9e-06   5.9e-05   21.6   0.0    56   125    45   122     2   134 0.77 -
TRINITY_DN5750_c0_g1_i3:792-1292   -            167 112711at7898         -            195   5.1e-05   21.8   0.0   1   1   2.9e-06   5.9e-05   21.6   0.0    56   125    45   122     2   134 0.77 -
TRINITY_DN5750_c0_g1_i4:792-1292   -            167 112711at7898         -            195   5.1e-05   21.8   0.0   1   1   2.9e-06   5.9e-05   21.6   0.0    56   125    45   122     2   134 0.77 -
TRINITY_DN24852_c0_g2_i1:69-437    -            123 112711at7898         -            195     6e-05   21.5   0.0   1   1   3.3e-06   6.8e-05   21.4   0.0    11   108     2   102     1   118 0.73 -
TRINITY_DN8875_c0_g1_i2:955-1449   -            165 112711at7898         -            195   6.5e-05   21.4   0.0   1   1   4.8e-06   9.9e-05   20.8   0.0    12   158     1   159     1   163 0.76 -
TRINITY_DN3954_c0_g1_i3:1060-1584  -            175 112711at7898         -            195   8.5e-05   21.0   0.0   1   1   5.2e-06   0.00011   20.7   0.0    52   100    51    99    11   144 0.78 -
TRINITY_DN3954_c0_g1_i4:1060-1590  -            177 112711at7898         -            195   8.7e-05   21.0   0.0   1   1   5.3e-06   0.00011   20.7   0.0    52   100    53   101    13   146 0.78 -
TRINITY_DN7259_c0_g1_i10:1389-1934 -            182 112711at7898         -            195   9.2e-05   20.9   0.0   1   1   5.7e-06   0.00012   20.6   0.0    52   100    58   106    18   151 0.78 -
TRINITY_DN7259_c0_g1_i3:1389-1934  -            182 112711at7898         -            195   9.2e-05   20.9   0.0   1   1   5.7e-06   0.00012   20.6   0.0    52   100    58   106    18   151 0.78 -
TRINITY_DN9787_c1_g1_i1:1183-1755  -            191 112711at7898         -            195   9.2e-05   20.9   0.0   1   1   6.6e-06   0.00013   20.4   0.0    58   122    71   143    16   155 0.65 -
TRINITY_DN7259_c0_g1_i1:1351-1896  -            182 112711at7898         -            195   9.3e-05   20.9   0.0   1   1   5.8e-06   0.00012   20.6   0.0    52   100    58   106    18   150 0.78 -
TRINITY_DN8376_c0_g1_i4:932-1309   -            126 112711at7898         -            195    0.0001   20.8   0.0   1   1   6.5e-06   0.00013   20.4   0.0    53   126     3    83     1    97 0.74 -
TRINITY_DN8376_c0_g1_i6:934-1311   -            126 112711at7898         -            195    0.0001   20.8   0.0   1   1   6.5e-06   0.00013   20.4   0.0    53   126     3    83     1    97 0.74 -
TRINITY_DN8376_c0_g1_i7:927-1304   -            126 112711at7898         -            195    0.0001   20.8   0.0   1   1   6.5e-06   0.00013   20.4   0.0    53   126     3    83     1    97 0.74 -
TRINITY_DN9400_c0_g1_i6:778-1324   -            134 112711at7898         -            195   0.00023   19.6   0.0   1   1   1.4e-05   0.00029   19.3   0.0    56   103    16    61     5    98 0.72 -
TRINITY_DN67452_c0_g1_i1:495-986   -            164 112711at7898         -            195    0.0003   19.2   0.0   1   1   1.8e-05   0.00036   19.0   0.0    15   123     4   119     1   135 0.68 -
TRINITY_DN1330_c0_g1_i1:109-603    -            165 112711at7898         -            195   0.00033   19.1   0.0   1   1   2.1e-05   0.00043   18.8   0.0    11   102     5    91     2   135 0.78 -
TRINITY_DN1330_c0_g1_i2:125-619    -            165 112711at7898         -            195   0.00033   19.1   0.0   1   1   2.1e-05   0.00043   18.8   0.0    11   102     5    91     2   135 0.78 -
TRINITY_DN1330_c0_g2_i1:143-637    -            165 112711at7898         -            195   0.00034   19.1   0.0   1   1   2.1e-05   0.00043   18.7   0.0    11   102     5    91     2   134 0.78 -
TRINITY_DN1330_c0_g2_i2:143-637    -            165 112711at7898         -            195   0.00034   19.1   0.0   1   1   2.1e-05   0.00043   18.7   0.0    11   102     5    91     2   134 0.78 -
TRINITY_DN1330_c0_g2_i3:143-637    -            165 112711at7898         -            195   0.00034   19.1   0.0   1   1   2.1e-05   0.00043   18.7   0.0    11   102     5    91     2   134 0.78 -
TRINITY_DN1330_c0_g2_i4:143-637    -            165 112711at7898         -            195   0.00034   19.1   0.0   1   1   2.1e-05   0.00043   18.7   0.0    11   102     5    91     2   134 0.78 -
TRINITY_DN179_c0_g1_i2:851-1318    -            156 112711at7898         -            195   0.00035   19.0   0.0   1   1   2.1e-05   0.00043   18.7   0.0    11   102     5    91     2   139 0.80 -
TRINITY_DN179_c0_g1_i5:410-877     -            156 112711at7898         -            195   0.00035   19.0   0.0   1   1   2.1e-05   0.00043   18.7   0.0    11   102     5    91     2   139 0.80 -
TRINITY_DN1000_c0_g1_i1:2647-3105  -            153 112711at7898         -            195   0.00035   19.0   0.0   1   1   2.2e-05   0.00044   18.7   0.0    11   102    21   107    17   141 0.81 -
TRINITY_DN4444_c1_g1_i1:455-826    -            124 112711at7898         -            195   0.00038   18.9   0.0   1   1   2.4e-05    0.0005   18.5   0.0    10    98     5   102     3   114 0.73 -
TRINITY_DN2143_c0_g1_i2:149-643    -            165 112711at7898         -            195   0.00041   18.8   0.0   1   1   2.5e-05   0.00052   18.5   0.0    11   102     5    91     2   129 0.81 -
TRINITY_DN2143_c0_g1_i6:149-643    -            165 112711at7898         -            195   0.00041   18.8   0.0   1   1   2.5e-05   0.00052   18.5   0.0    11   102     5    91     2   129 0.81 -
TRINITY_DN2143_c0_g1_i7:149-643    -            165 112711at7898         -            195   0.00041   18.8   0.0   1   1   2.5e-05   0.00052   18.5   0.0    11   102     5    91     2   129 0.81 -
TRINITY_DN2143_c0_g1_i8:149-643    -            165 112711at7898         -            195   0.00041   18.8   0.0   1   1   2.5e-05   0.00052   18.5   0.0    11   102     5    91     2   129 0.81 -
TRINITY_DN2143_c0_g1_i9:149-643    -            165 112711at7898         -            195   0.00041   18.8   0.0   1   1   2.5e-05   0.00052   18.5   0.0    11   102     5    91     2   129 0.81 -
TRINITY_DN1000_c0_g1_i2:2483-2998  -            172 112711at7898         -            195   0.00043   18.7   0.0   1   1   2.6e-05   0.00053   18.4   0.0    11   102    21   107    17   154 0.81 -
TRINITY_DN1000_c0_g1_i3:2518-3033  -            172 112711at7898         -            195   0.00043   18.7   0.0   1   1   2.6e-05   0.00053   18.4   0.0    11   102    21   107    17   154 0.81 -
TRINITY_DN179_c0_g1_i3:414-929     -            172 112711at7898         -            195   0.00043   18.7   0.0   1   1   2.6e-05   0.00053   18.4   0.0    11   102    21   107    17   154 0.81 -
TRINITY_DN179_c0_g1_i4:851-1366    -            172 112711at7898         -            195   0.00043   18.7   0.0   1   1   2.6e-05   0.00053   18.4   0.0    11   102    21   107    17   154 0.81 -
TRINITY_DN7297_c0_g1_i2:1256-1729  -            158 112711at7898         -            195   0.00069   18.1   0.0   1   1   3.4e-05    0.0007   18.0   0.0    52    99    37    84     1   128 0.79 -
TRINITY_DN7297_c0_g1_i3:188-661    -            158 112711at7898         -            195   0.00069   18.1   0.0   1   1   3.4e-05    0.0007   18.0   0.0    52    99    37    84     1   128 0.79 -
TRINITY_DN7297_c0_g1_i9:1256-1729  -            158 112711at7898         -            195   0.00069   18.1   0.0   1   1   3.4e-05    0.0007   18.0   0.0    52    99    37    84     1   128 0.79 -
TRINITY_DN13086_c2_g1_i3:134-613   -            160 112711at7898         -            195   0.00098   17.6   0.1   1   1   5.5e-05    0.0011   17.4   0.1    52   161    37   157     1   159 0.72 -
TRINITY_DN9400_c0_g1_i4:567-1182   -            158 112711at7898         -            195     0.001   17.5   0.1   1   1     6e-05    0.0012   17.3   0.1    16   118     5   117     1   130 0.57 -
TRINITY_DN4890_c1_g1_i1:4-288      -             95 112711at7898         -            195    0.0011   17.4   0.0   1   1   5.4e-05    0.0011   17.4   0.0   111   171     3    63     1    92 0.79 -
TRINITY_DN18803_c1_g1_i1:139-525   -            129 112711at7898         -            195    0.0011   17.4   0.0   1   1     8e-05    0.0016   16.8   0.0    55   124     8    84     2    95 0.75 -
TRINITY_DN13312_c0_g1_i2:808-1353  -            182 112711at7898         -            195    0.0011   17.4   0.0   1   1   7.1e-05    0.0014   17.0   0.0    10   102    14   107    10   147 0.69 -
TRINITY_DN13312_c0_g1_i3:808-1353  -            182 112711at7898         -            195    0.0011   17.4   0.0   1   1   7.1e-05    0.0014   17.0   0.0    10   102    14   107    10   147 0.69 -
TRINITY_DN13312_c0_g1_i5:781-1326  -            182 112711at7898         -            195    0.0011   17.4   0.0   1   1   7.1e-05    0.0014   17.0   0.0    10   102    14   107    10   147 0.69 -
TRINITY_DN10100_c0_g1_i12:877-1356 -            160 112711at7898         -            195    0.0012   17.3   0.1   1   1   6.6e-05    0.0013   17.1   0.1    52   161    37   157     1   159 0.72 -
TRINITY_DN10100_c0_g1_i14:821-1300 -            160 112711at7898         -            195    0.0012   17.3   0.1   1   1   6.6e-05    0.0013   17.1   0.1    52   161    37   157     1   159 0.72 -
TRINITY_DN10100_c0_g1_i1:823-1302  -            160 112711at7898         -            195    0.0012   17.3   0.1   1   1   6.6e-05    0.0013   17.1   0.1    52   161    37   157     1   159 0.72 -
TRINITY_DN10100_c0_g1_i5:876-1355  -            160 112711at7898         -            195    0.0012   17.3   0.1   1   1   6.6e-05    0.0013   17.1   0.1    52   161    37   157     1   159 0.72 -
TRINITY_DN10100_c0_g1_i9:814-1293  -            160 112711at7898         -            195    0.0012   17.3   0.1   1   1   6.6e-05    0.0013   17.1   0.1    52   161    37   157     1   159 0.72 -
TRINITY_DN7133_c2_g1_i1:235-750    -            172 112711at7898         -            195    0.0022   16.4   0.0   1   1   0.00014    0.0028   16.1   0.0    11   101    10    95     5   141 0.73 -
TRINITY_DN8788_c0_g1_i2:100-576    -            159 112711at7898         -            195    0.0022   16.4   0.0   1   1   0.00015     0.003   16.0   0.0    53   133    38   125    31   141 0.79 -
TRINITY_DN8788_c0_g1_i3:100-576    -            159 112711at7898         -            195    0.0022   16.4   0.0   1   1   0.00015     0.003   16.0   0.0    53   133    38   125    31   141 0.79 -
TRINITY_DN60013_c0_g1_i1:16-309    -             98 112711at7898         -            195    0.0044   15.5   0.0   1   1   0.00021    0.0044   15.5   0.0    58   102     3    48     1    90 0.82 -
TRINITY_DN13312_c0_g1_i7:776-1261  -            162 112711at7898         -            195    0.0064   14.9   0.0   1   1   0.00037    0.0075   14.7   0.0    56   119    40   111     4   128 0.71 -
TRINITY_DN7225_c0_g1_i1:406-783    -            126 112711at7898         -            195    0.0066   14.9   0.0   1   1   0.00034     0.007   14.8   0.0    12    92     2    78     1   122 0.81 -
TRINITY_DN7225_c0_g1_i2:361-759    -            133 112711at7898         -            195    0.0083   14.5   0.0   1   1   0.00043    0.0087   14.5   0.0    12    93     2    79     1   126 0.80 -
TRINITY_DN19469_c0_g2_i1:1189-1665 -            159 112711at7898         -            195     0.056   11.8   0.0   1   1     0.003     0.062   11.7   0.0    11   122     1   126     1   159 0.60 -
TRINITY_DN19469_c0_g2_i2:1155-1631 -            159 112711at7898         -            195     0.056   11.8   0.0   1   1     0.003     0.062   11.7   0.0    11   122     1   126     1   159 0.60 -
#
# Program:         hmmsearch
# Version:         3.1b2 (February 2015)
# Pipeline mode:   SEARCH
# Query file:      /home/ericjuo/Projects/salmo_trutta_rna_seq/busco_downloads/lineages/actinopterygii_odb10/hmms/112711at7898.hmm
# Target file:     /home/ericjuo/Projects/salmo_trutta_rna_seq/data/02_intermediate/busco/run_actinopterygii_odb10/metaeuk_output/rerun_results/trinity.Trinity.fasta.modified.fas
# Option settings: hmmsearch --domtblout /home/ericjuo/Projects/salmo_trutta_rna_seq/data/02_intermediate/busco/run_actinopterygii_odb10/hmmer_output/rerun_results/112711at7898.out --cpu 1 /home/ericjuo/Projects/salmo_trutta_rna_seq/busco_downloads/lineages/actinopterygii_odb10/hmms/112711at7898.hmm /home/ericjuo/Projects/salmo_trutta_rna_seq/data/02_intermediate/busco/run_actinopterygii_odb10/metaeuk_output/rerun_results/trinity.Trinity.fasta.modified.fas 
# Current dir:     /home/ericjuo/Projects/salmo_trutta_rna_seq
# Date:            Fri Apr 29 13:04:22 2022
# [ok]
