#                                                                                         --- full sequence --- -------------- this domain -------------   hmm coord   ali coord   env coord
# target name                     accession   tlen query name           accession   qlen   E-value  score  bias   #  of  c-Evalue  i-Evalue  score  bias  from    to  from    to  from    to  acc description of target
#             ------------------- ---------- ----- -------------------- ---------- ----- --------- ------ ----- --- --- --------- --------- ------ ----- ----- ----- ----- ----- ----- ----- ---- ---------------------
TRINITY_DN132_c3_g1_i11:143-836   -            119 114650at7898         -            190   4.3e-45  152.6   0.0   1   1   3.6e-48   4.8e-45  152.5   0.0    82   190     1   115     1   115 0.94 -
TRINITY_DN132_c3_g1_i1:143-824    -            119 114650at7898         -            190   4.3e-45  152.6   0.0   1   1   3.6e-48   4.8e-45  152.5   0.0    82   190     1   115     1   115 0.94 -
TRINITY_DN132_c3_g1_i5:143-836    -            119 114650at7898         -            190   4.3e-45  152.6   0.0   1   1   3.6e-48   4.8e-45  152.5   0.0    82   190     1   115     1   115 0.94 -
TRINITY_DN132_c3_g1_i4:143-842    -            121 114650at7898         -            190   4.6e-45  152.5   0.0   1   1   3.9e-48   5.1e-45  152.4   0.0    82   190     1   115     1   115 0.94 -
TRINITY_DN132_c3_g1_i7:143-830    -            121 114650at7898         -            190   4.6e-45  152.5   0.0   1   1   3.9e-48   5.1e-45  152.4   0.0    82   190     1   115     1   115 0.94 -
TRINITY_DN18260_c1_g3_i1:811-1755 -            315 114650at7898         -            190    0.0042   15.7   0.0   1   2     0.013        17    3.9   0.0    70   112   157   198   133   203 0.82 -
TRINITY_DN18260_c1_g3_i1:811-1755 -            315 114650at7898         -            190    0.0042   15.7   0.0   2   2   0.00035      0.47    9.0   0.0    66   102   207   243   200   260 0.84 -
#
# Program:         hmmsearch
# Version:         3.1b2 (February 2015)
# Pipeline mode:   SEARCH
# Query file:      /home/ericjuo/Projects/salmo_trutta_rna_seq/busco_downloads/lineages/actinopterygii_odb10/hmms/114650at7898.hmm
# Target file:     /home/ericjuo/Projects/salmo_trutta_rna_seq/data/02_intermediate/busco/run_actinopterygii_odb10/metaeuk_output/rerun_results/trinity.Trinity.fasta.modified.fas
# Option settings: hmmsearch --domtblout /home/ericjuo/Projects/salmo_trutta_rna_seq/data/02_intermediate/busco/run_actinopterygii_odb10/hmmer_output/rerun_results/114650at7898.out --cpu 1 /home/ericjuo/Projects/salmo_trutta_rna_seq/busco_downloads/lineages/actinopterygii_odb10/hmms/114650at7898.hmm /home/ericjuo/Projects/salmo_trutta_rna_seq/data/02_intermediate/busco/run_actinopterygii_odb10/metaeuk_output/rerun_results/trinity.Trinity.fasta.modified.fas 
# Current dir:     /home/ericjuo/Projects/salmo_trutta_rna_seq
# Date:            Fri Apr 29 13:04:24 2022
# [ok]
