#                                                                                          --- full sequence --- -------------- this domain -------------   hmm coord   ali coord   env coord
# target name                      accession   tlen query name           accession   qlen   E-value  score  bias   #  of  c-Evalue  i-Evalue  score  bias  from    to  from    to  from    to  acc description of target
#              ------------------- ---------- ----- -------------------- ---------- ----- --------- ------ ----- --- --- --------- --------- ------ ----- ----- ----- ----- ----- ----- ----- ---- ---------------------
TRINITY_DN23445_c0_g1_i1:1-414     -            138 118342at7898         -            202   4.7e-75  250.5   0.4   1   1   2.6e-78   5.2e-75  250.3   0.4    26   154     1   138     1   138 0.97 -
TRINITY_DN40723_c0_g3_i2:1767-2246 -            160 118342at7898         -            202   0.00059   18.3   0.2   1   2   1.4e-05     0.028   12.9   0.0     2    30     1    30     1    46 0.82 -
TRINITY_DN40723_c0_g3_i2:1767-2246 -            160 118342at7898         -            202   0.00059   18.3   0.2   2   2    0.0094        19    3.6   0.1   103   144   112   153   101   157 0.85 -
TRINITY_DN9357_c0_g4_i2:866-1342   -            159 118342at7898         -            202    0.0013   17.2   1.1   1   2   1.9e-06    0.0038   15.7   0.0     2    30     1    30     1    58 0.80 -
TRINITY_DN9357_c0_g4_i2:866-1342   -            159 118342at7898         -            202    0.0013   17.2   1.1   2   2      0.11   2.2e+02    0.2   0.3   103   142   112   151    91   157 0.81 -
TRINITY_DN9357_c0_g4_i1:866-1342   -            159 118342at7898         -            202     0.002   16.6   1.2   1   2   2.8e-06    0.0056   15.1   0.0     2    24     1    23     1    48 0.83 -
TRINITY_DN9357_c0_g4_i1:866-1342   -            159 118342at7898         -            202     0.002   16.6   1.2   2   2      0.12   2.3e+02    0.1   0.2   103   142   112   151    95   156 0.81 -
#
# Program:         hmmsearch
# Version:         3.1b2 (February 2015)
# Pipeline mode:   SEARCH
# Query file:      /home/ericjuo/Projects/salmo_trutta_rna_seq/busco_downloads/lineages/actinopterygii_odb10/hmms/118342at7898.hmm
# Target file:     /home/ericjuo/Projects/salmo_trutta_rna_seq/data/02_intermediate/busco/run_actinopterygii_odb10/metaeuk_output/rerun_results/trinity.Trinity.fasta.modified.fas
# Option settings: hmmsearch --domtblout /home/ericjuo/Projects/salmo_trutta_rna_seq/data/02_intermediate/busco/run_actinopterygii_odb10/hmmer_output/rerun_results/118342at7898.out --cpu 1 /home/ericjuo/Projects/salmo_trutta_rna_seq/busco_downloads/lineages/actinopterygii_odb10/hmms/118342at7898.hmm /home/ericjuo/Projects/salmo_trutta_rna_seq/data/02_intermediate/busco/run_actinopterygii_odb10/metaeuk_output/rerun_results/trinity.Trinity.fasta.modified.fas 
# Current dir:     /home/ericjuo/Projects/salmo_trutta_rna_seq
# Date:            Fri Apr 29 13:03:57 2022
# [ok]
