#                                                                                           --- full sequence --- -------------- this domain -------------   hmm coord   ali coord   env coord
# target name                       accession   tlen query name           accession   qlen   E-value  score  bias   #  of  c-Evalue  i-Evalue  score  bias  from    to  from    to  from    to  acc description of target
#               ------------------- ---------- ----- -------------------- ---------- ----- --------- ------ ----- --- --- --------- --------- ------ ----- ----- ----- ----- ----- ----- ----- ---- ---------------------
TRINITY_DN36523_c0_g1_i1:178-657    -            160 125983at7898         -            123   5.5e-26   89.9   0.3   1   1     1e-27   1.5e-25   88.4   0.3     4   120    12   151     9   154 0.81 -
TRINITY_DN6225_c0_g1_i10:252-1121   -            290 125983at7898         -            123   3.1e-16   58.4   0.0   1   1   3.4e-18   5.3e-16   57.6   0.0    22   118   173   288   162   290 0.79 -
TRINITY_DN6225_c0_g1_i9:252-1121    -            290 125983at7898         -            123   3.1e-16   58.4   0.0   1   1   3.4e-18   5.3e-16   57.6   0.0    22   118   173   288   162   290 0.79 -
TRINITY_DN6225_c0_g1_i5:490-1359    -            290 125983at7898         -            123   3.1e-16   58.4   0.0   1   1   3.4e-18   5.3e-16   57.6   0.0    22   118   173   288   162   290 0.79 -
TRINITY_DN6225_c0_g1_i8:490-1359    -            290 125983at7898         -            123   3.1e-16   58.4   0.0   1   1   3.4e-18   5.3e-16   57.6   0.0    22   118   173   288   162   290 0.79 -
TRINITY_DN13295_c1_g3_i5:139-561    -            141 125983at7898         -            123   3.8e-15   54.8   0.0   1   1   3.7e-17   5.8e-15   54.3   0.0    20   117    19   135    10   141 0.77 -
TRINITY_DN22047_c0_g3_i1:175-1044   -            290 125983at7898         -            123   3.9e-15   54.8   0.0   1   1   4.5e-17   6.9e-15   54.0   0.0    39   118   198   288   171   290 0.82 -
TRINITY_DN22047_c0_g3_i2:175-1044   -            290 125983at7898         -            123   3.9e-15   54.8   0.0   1   1   4.5e-17   6.9e-15   54.0   0.0    39   118   198   288   171   290 0.82 -
TRINITY_DN13295_c1_g3_i3:139-561    -            141 125983at7898         -            123   7.6e-15   53.9   0.0   1   1   7.4e-17   1.2e-14   53.3   0.0    20   117    19   135    10   141 0.76 -
TRINITY_DN6225_c0_g1_i12:194-439    -             82 125983at7898         -            123   7.9e-15   53.8   0.1   1   1   7.6e-17   1.2e-14   53.3   0.1    61   119     3    69     1    73 0.83 -
TRINITY_DN13295_c1_g3_i6:139-627    -            163 125983at7898         -            123   1.2e-14   53.2   0.0   1   1   1.2e-16   1.9e-14   52.6   0.0    20   117    41   157    31   163 0.76 -
TRINITY_DN13295_c1_g3_i1:160-510    -            117 125983at7898         -            123   1.4e-14   53.0   0.0   1   1   1.3e-16   2.1e-14   52.5   0.0    24   115     6   116     2   117 0.74 -
TRINITY_DN13295_c1_g1_i2:120-539    -            140 125983at7898         -            123     5e-14   51.2   0.0   1   1   4.6e-16   7.1e-14   50.7   0.0    20   119    19   137     9   140 0.75 -
TRINITY_DN13295_c1_g1_i4:120-539    -            140 125983at7898         -            123     5e-14   51.2   0.0   1   1   4.6e-16   7.1e-14   50.7   0.0    20   119    19   137     9   140 0.75 -
TRINITY_DN6225_c0_g2_i1:155-1051    -            299 125983at7898         -            123   5.4e-14   51.1   0.0   1   1   7.6e-16   1.2e-13   50.0   0.0    22   119   182   298   170   299 0.76 -
TRINITY_DN60517_c0_g1_i1:14-418     -            135 125983at7898         -            123   2.6e-13   48.9   0.0   1   1   3.9e-15     6e-13   47.7   0.0    38   120    34   127     1   129 0.71 -
TRINITY_DN67097_c0_g1_i1:49-324     -             92 125983at7898         -            123   2.7e-13   48.9   0.0   1   1     3e-15   4.6e-13   48.1   0.0    52   119     1    74     1    78 0.80 -
TRINITY_DN13295_c1_g1_i3:129-458    -            110 125983at7898         -            123   3.6e-13   48.5   0.0   1   1   2.9e-15   4.5e-13   48.1   0.0    38   116    18   107     3   110 0.81 -
TRINITY_DN13295_c1_g1_i5:129-458    -            110 125983at7898         -            123   3.8e-13   48.4   0.0   1   1   3.1e-15   4.9e-13   48.0   0.0    38   116    18   107     5   110 0.81 -
TRINITY_DN23357_c1_g2_i1:276-686    -            137 125983at7898         -            123   5.2e-13   47.9   0.0   1   1   4.6e-15   7.2e-13   47.5   0.0    38   115    49   137    11   137 0.77 -
TRINITY_DN8586_c0_g1_i1:125-649     -            175 125983at7898         -            123   2.9e-10   39.1   0.0   1   1   2.6e-12   4.1e-10   38.6   0.0    41   116    89   175    54   175 0.82 -
TRINITY_DN8586_c0_g1_i4:125-649     -            175 125983at7898         -            123   2.9e-10   39.1   0.0   1   1   2.6e-12   4.1e-10   38.6   0.0    41   116    89   175    54   175 0.82 -
TRINITY_DN8586_c0_g1_i3:130-654     -            175 125983at7898         -            123   2.9e-10   39.1   0.0   1   1   2.7e-12   4.1e-10   38.6   0.0    41   116    89   175    54   175 0.82 -
TRINITY_DN5211_c0_g1_i5:611-1018    -            136 125983at7898         -            123   3.1e-10   39.0   0.0   1   1   3.2e-12     5e-10   38.3   0.0    20   116    21   136     7   136 0.69 -
TRINITY_DN5211_c0_g1_i7:538-945     -            136 125983at7898         -            123   3.1e-10   39.0   0.0   1   1   3.2e-12     5e-10   38.3   0.0    20   116    21   136     7   136 0.69 -
TRINITY_DN28287_c0_g2_i1:54-884     -            277 125983at7898         -            123   5.5e-10   38.2   0.0   1   1   8.1e-12   1.3e-09   37.0   0.0    37   118   184   276   150   277 0.77 -
TRINITY_DN4126_c0_g1_i1:451-822     -            124 125983at7898         -            123   2.4e-09   36.1   0.1   1   1     2e-11   3.2e-09   35.7   0.1    45   112    46   124     5   124 0.75 -
TRINITY_DN4126_c0_g1_i2:1337-1708   -            124 125983at7898         -            123   2.4e-09   36.1   0.1   1   1     2e-11   3.2e-09   35.7   0.1    45   112    46   124     5   124 0.75 -
TRINITY_DN4126_c0_g1_i4:1283-1654   -            124 125983at7898         -            123   2.4e-09   36.1   0.1   1   1     2e-11   3.2e-09   35.7   0.1    45   112    46   124     5   124 0.75 -
TRINITY_DN11831_c0_g1_i9:1433-1849  -            139 125983at7898         -            123   4.8e-09   35.2   0.0   1   1   4.2e-11   6.6e-09   34.7   0.0    38   118    47   138    27   139 0.77 -
TRINITY_DN11831_c0_g1_i1:1606-2022  -            139 125983at7898         -            123   5.6e-09   34.9   0.0   1   1     5e-11   7.7e-09   34.5   0.0    38   118    47   138    26   139 0.78 -
TRINITY_DN11831_c0_g1_i3:1405-1821  -            139 125983at7898         -            123   5.6e-09   34.9   0.0   1   1     5e-11   7.7e-09   34.5   0.0    38   118    47   138    26   139 0.78 -
TRINITY_DN43461_c0_g1_i1:34-387     -            118 125983at7898         -            123   6.8e-09   34.7   0.0   1   1   9.8e-11   1.5e-08   33.5   0.0    21    91    23   105    16   113 0.79 -
TRINITY_DN11831_c0_g1_i10:1541-2476 -            312 125983at7898         -            123   3.8e-08   32.2   0.0   1   1   4.1e-10   6.4e-08   31.5   0.0    38   118   220   311   210   312 0.76 -
TRINITY_DN11831_c0_g1_i2:1607-2542  -            312 125983at7898         -            123   3.8e-08   32.2   0.0   1   1   4.1e-10   6.4e-08   31.5   0.0    38   118   220   311   210   312 0.76 -
TRINITY_DN11831_c0_g1_i8:1541-2476  -            312 125983at7898         -            123   3.8e-08   32.2   0.0   1   1   4.1e-10   6.4e-08   31.5   0.0    38   118   220   311   210   312 0.76 -
TRINITY_DN2866_c3_g2_i1:514-1440    -            309 125983at7898         -            123   3.9e-08   32.2   0.0   1   1   5.1e-10     8e-08   31.2   0.0    38   118   217   308   207   309 0.76 -
TRINITY_DN2866_c3_g2_i2:514-1440    -            309 125983at7898         -            123     4e-08   32.2   0.0   1   1   5.1e-10     8e-08   31.2   0.0    38   118   217   308   207   309 0.76 -
TRINITY_DN41484_c0_g1_i1:271-720    -            150 125983at7898         -            123   2.5e-07   29.6   0.0   1   2         2   3.2e+02    0.2   0.0    10    34    12    34     6    41 0.72 -
TRINITY_DN41484_c0_g1_i1:271-720    -            150 125983at7898         -            123   2.5e-07   29.6   0.0   2   2     1e-08   1.5e-06   27.0   0.0    51   122    68   147    49   148 0.73 -
TRINITY_DN50089_c0_g1_i1:5-217      -             71 125983at7898         -            123   5.8e-06   25.2   0.1   1   1   5.1e-08     8e-06   24.7   0.1    58   109    12    71     3    71 0.69 -
TRINITY_DN53755_c0_g1_i1:6-338      -            111 125983at7898         -            123   1.1e-05   24.3   0.0   1   1   1.1e-07   1.7e-05   23.7   0.0    40   116    24   111    12   111 0.81 -
TRINITY_DN2272_c3_g1_i1:567-959     -            131 125983at7898         -            123   1.4e-05   24.0   0.0   1   1   1.1e-07   1.8e-05   23.6   0.0    54    92    58    96    37   131 0.75 -
TRINITY_DN28479_c0_g3_i1:150-500    -            117 125983at7898         -            123   9.6e-05   21.2   0.0   1   1   7.9e-07   0.00012   20.9   0.0    15    90    18   103     6   108 0.68 -
TRINITY_DN67807_c0_g1_i1:123-386    -             88 125983at7898         -            123   0.00018   20.4   0.0   1   1   1.2e-06   0.00018   20.4   0.0    57    97    21    66     7    88 0.70 -
TRINITY_DN9828_c0_g1_i4:1192-1539   -            116 125983at7898         -            123    0.0043   15.9   0.0   1   1     4e-05    0.0061   15.4   0.0    57    97    58   102    50   112 0.72 -
TRINITY_DN9828_c0_g1_i5:1192-1539   -            116 125983at7898         -            123    0.0043   15.9   0.0   1   1     4e-05    0.0061   15.4   0.0    57    97    58   102    50   112 0.72 -
TRINITY_DN9828_c0_g1_i6:1188-1535   -            116 125983at7898         -            123    0.0043   15.9   0.0   1   1     4e-05    0.0061   15.4   0.0    57    97    58   102    50   112 0.72 -
TRINITY_DN11385_c0_g1_i1:132-449    -            106 125983at7898         -            123     0.015   14.2   0.0   1   1   0.00011     0.017   14.0   0.0    66    93    51    78    35   104 0.85 -
TRINITY_DN11385_c0_g1_i2:132-449    -            106 125983at7898         -            123     0.015   14.2   0.0   1   1   0.00011     0.017   14.0   0.0    66    93    51    78    35   104 0.85 -
TRINITY_DN5844_c1_g1_i8:609-917     -            103 125983at7898         -            123     0.036   12.9   0.1   1   1   0.00029     0.045   12.6   0.1    65    94    50    79    33    90 0.83 -
TRINITY_DN5844_c1_g1_i11:914-1222   -            103 125983at7898         -            123     0.036   12.9   0.1   1   1   0.00029     0.045   12.6   0.1    65    94    50    79    33    90 0.84 -
#
# Program:         hmmsearch
# Version:         3.1b2 (February 2015)
# Pipeline mode:   SEARCH
# Query file:      /home/ericjuo/Projects/salmo_trutta_rna_seq/busco_downloads/lineages/actinopterygii_odb10/hmms/125983at7898.hmm
# Target file:     /home/ericjuo/Projects/salmo_trutta_rna_seq/data/02_intermediate/busco/run_actinopterygii_odb10/metaeuk_output/rerun_results/trinity.Trinity.fasta.modified.fas
# Option settings: hmmsearch --domtblout /home/ericjuo/Projects/salmo_trutta_rna_seq/data/02_intermediate/busco/run_actinopterygii_odb10/hmmer_output/rerun_results/125983at7898.out --cpu 1 /home/ericjuo/Projects/salmo_trutta_rna_seq/busco_downloads/lineages/actinopterygii_odb10/hmms/125983at7898.hmm /home/ericjuo/Projects/salmo_trutta_rna_seq/data/02_intermediate/busco/run_actinopterygii_odb10/metaeuk_output/rerun_results/trinity.Trinity.fasta.modified.fas 
# Current dir:     /home/ericjuo/Projects/salmo_trutta_rna_seq
# Date:            Fri Apr 29 13:04:21 2022
# [ok]
