#                                                                                          --- full sequence --- -------------- this domain -------------   hmm coord   ali coord   env coord
# target name                      accession   tlen query name           accession   qlen   E-value  score  bias   #  of  c-Evalue  i-Evalue  score  bias  from    to  from    to  from    to  acc description of target
#              ------------------- ---------- ----- -------------------- ---------- ----- --------- ------ ----- --- --- --------- --------- ------ ----- ----- ----- ----- ----- ----- ----- ---- ---------------------
TRINITY_DN2262_c0_g1_i2:167-1520   -            417 14089at7898          -            794  3.2e-158  527.2  52.4   1   2  5.6e-105    4e-103  345.0  37.6     1   192    29   231    29   239 0.94 -
TRINITY_DN2262_c0_g1_i2:167-1520   -            417 14089at7898          -            794  3.2e-158  527.2  52.4   2   2   2.5e-57   1.7e-55  187.5   7.4   336   500   240   417   233   417 0.93 -
TRINITY_DN2262_c0_g2_i1:105-1238   -            378 14089at7898          -            794  1.1e-154  515.5   0.1   1   1  1.9e-156  1.3e-154  515.3   0.1   454   793     1   363     1   364 0.94 -
TRINITY_DN2262_c0_g1_i3:167-1382   -            371 14089at7898          -            794  8.6e-139  463.0  50.0   1   2  3.7e-105  2.6e-103  345.6  37.7     1   192    29   231    29   240 0.93 -
TRINITY_DN2262_c0_g1_i3:167-1382   -            371 14089at7898          -            794  8.6e-139  463.0  50.0   2   2   8.6e-38   6.1e-36  122.8   4.9   335   455   239   371   232   371 0.91 -
TRINITY_DN105_c0_g1_i10:549-2510   -            654 14089at7898          -            794   7.2e-48  162.3  61.1   1   3   1.7e-10   1.2e-08   32.5   7.9   419   573    27   191     1   194 0.82 -
TRINITY_DN105_c0_g1_i10:549-2510   -            654 14089at7898          -            794   7.2e-48  162.3  61.1   2   3     2e-19   1.4e-17   62.1  11.1   281   543   114   401   114   403 0.73 -
TRINITY_DN105_c0_g1_i10:549-2510   -            654 14089at7898          -            794   7.2e-48  162.3  61.1   3   3   7.5e-30   5.3e-28   96.6  26.1   173   532   234   631   232   654 0.73 -
TRINITY_DN105_c0_g1_i8:549-2510    -            654 14089at7898          -            794   7.2e-48  162.3  61.1   1   3   1.7e-10   1.2e-08   32.5   7.9   419   573    27   191     1   194 0.82 -
TRINITY_DN105_c0_g1_i8:549-2510    -            654 14089at7898          -            794   7.2e-48  162.3  61.1   2   3     2e-19   1.4e-17   62.1  11.1   281   543   114   401   114   403 0.73 -
TRINITY_DN105_c0_g1_i8:549-2510    -            654 14089at7898          -            794   7.2e-48  162.3  61.1   3   3   7.5e-30   5.3e-28   96.6  26.1   173   532   234   631   232   654 0.73 -
TRINITY_DN27462_c0_g1_i1:618-2285  -            556 14089at7898          -            794   1.2e-37  128.5 111.3   1   6   4.8e-08   3.4e-06   24.5  25.2    38   136    63   150    48   197 0.77 -
TRINITY_DN27462_c0_g1_i1:618-2285  -            556 14089at7898          -            794   1.2e-37  128.5 111.3   2   6     3e-06   0.00021   18.5   3.6    89   123   222   256   206   261 0.84 -
TRINITY_DN27462_c0_g1_i1:618-2285  -            556 14089at7898          -            794   1.2e-37  128.5 111.3   3   6   3.6e-09   2.6e-07   28.2   4.2    89   125   264   300   256   305 0.87 -
TRINITY_DN27462_c0_g1_i1:618-2285  -            556 14089at7898          -            794   1.2e-37  128.5 111.3   4   6   2.5e-08   1.8e-06   25.4  15.6    37   127   305   383   301   386 0.87 -
TRINITY_DN27462_c0_g1_i1:618-2285  -            556 14089at7898          -            794   1.2e-37  128.5 111.3   5   6   9.6e-13   6.8e-11   40.0  18.6    37   127   386   466   383   468 0.88 -
TRINITY_DN27462_c0_g1_i1:618-2285  -            556 14089at7898          -            794   1.2e-37  128.5 111.3   6   6   7.7e-07   5.5e-05   20.5   5.1    89   127   468   506   465   522 0.84 -
TRINITY_DN27462_c0_g2_i1:26-1576   -            517 14089at7898          -            794   3.2e-37  127.1 147.7   1   7   1.1e-06   7.9e-05   19.9   3.0    92   126     4    38     2    42 0.87 -
TRINITY_DN27462_c0_g2_i1:26-1576   -            517 14089at7898          -            794   3.2e-37  127.1 147.7   2   7   4.3e-08     3e-06   24.6  18.8    37   127    43   120    40   123 0.89 -
TRINITY_DN27462_c0_g2_i1:26-1576   -            517 14089at7898          -            794   3.2e-37  127.1 147.7   3   7   1.8e-07   1.2e-05   22.6  27.5    35   160   122   239   118   260 0.71 -
TRINITY_DN27462_c0_g2_i1:26-1576   -            517 14089at7898          -            794   3.2e-37  127.1 147.7   4   7   4.8e-05    0.0034   14.5  15.9    70   124   260   314   225   318 0.80 -
TRINITY_DN27462_c0_g2_i1:26-1576   -            517 14089at7898          -            794   3.2e-37  127.1 147.7   5   7   8.3e-09   5.9e-07   27.0  15.8    36   124   320   396   316   399 0.88 -
TRINITY_DN27462_c0_g2_i1:26-1576   -            517 14089at7898          -            794   3.2e-37  127.1 147.7   6   7   7.1e-10     5e-08   30.5  21.9    35   124   399   477   395   484 0.90 -
TRINITY_DN27462_c0_g2_i1:26-1576   -            517 14089at7898          -            794   3.2e-37  127.1 147.7   7   7   1.1e-05   0.00081   16.6   6.2    37    72   484   516   481   517 0.63 -
TRINITY_DN8816_c0_g1_i9:254-2149   -            632 14089at7898          -            794   1.5e-36  124.8  21.9   1   4     8e-10   5.7e-08   30.3   1.7   418   506    25   111     9   119 0.87 -
TRINITY_DN8816_c0_g1_i9:254-2149   -            632 14089at7898          -            794   1.5e-36  124.8  21.9   2   4   2.1e-12   1.5e-10   38.9   2.8   323   528   108   324   101   333 0.75 -
TRINITY_DN8816_c0_g1_i9:254-2149   -            632 14089at7898          -            794   1.5e-36  124.8  21.9   3   4   5.6e-11     4e-09   34.1   1.5   396   525   317   468   308   473 0.70 -
TRINITY_DN8816_c0_g1_i9:254-2149   -            632 14089at7898          -            794   1.5e-36  124.8  21.9   4   4   6.2e-18   4.4e-16   57.2   4.6   256   452   415   629   395   632 0.77 -
TRINITY_DN8816_c0_g1_i13:254-2164  -            637 14089at7898          -            794   2.6e-36  124.1  22.1   1   4   6.2e-10   4.4e-08   30.7   1.6   418   507    25   112     8   121 0.86 -
TRINITY_DN8816_c0_g1_i13:254-2164  -            637 14089at7898          -            794   2.6e-36  124.1  22.1   2   4   6.7e-12   4.8e-10   37.2   2.7   324   528   109   329   105   336 0.72 -
TRINITY_DN8816_c0_g1_i13:254-2164  -            637 14089at7898          -            794   2.6e-36  124.1  22.1   3   4     6e-11   4.3e-09   34.0   1.5   397   525   323   473   314   478 0.70 -
TRINITY_DN8816_c0_g1_i13:254-2164  -            637 14089at7898          -            794   2.6e-36  124.1  22.1   4   4   5.4e-18   3.8e-16   57.4   4.6   256   452   420   634   398   637 0.77 -
TRINITY_DN105_c0_g1_i9:549-2330    -            594 14089at7898          -            794   3.4e-33  113.8  60.4   1   4   1.4e-10   9.9e-09   32.8   7.8   419   573    27   191     1   194 0.82 -
TRINITY_DN105_c0_g1_i9:549-2330    -            594 14089at7898          -            794   3.4e-33  113.8  60.4   2   4     1e-10   7.4e-09   33.3   1.9   426   507   219   305   211   307 0.81 -
TRINITY_DN105_c0_g1_i9:549-2330    -            594 14089at7898          -            794   3.4e-33  113.8  60.4   3   4   9.1e-19   6.4e-17   59.9  19.2   328   562   233   488   232   493 0.73 -
TRINITY_DN105_c0_g1_i9:549-2330    -            594 14089at7898          -            794   3.4e-33  113.8  60.4   4   4   8.1e-10   5.7e-08   30.3   7.9   231   365   424   573   421   582 0.77 -
TRINITY_DN8428_c0_g1_i8:156-533    -            126 14089at7898          -            794   1.2e-30  105.3  47.4   1   2   3.7e-18   2.6e-16   57.9  17.1    48   126     8    85     1    89 0.84 -
TRINITY_DN8428_c0_g1_i8:156-533    -            126 14089at7898          -            794   1.2e-30  105.3  47.4   2   2   1.2e-18   8.3e-17   59.5  22.4    37   123    47   125    45   126 0.93 -
TRINITY_DN3800_c0_g1_i11:2740-3432 -            231 14089at7898          -            794   2.2e-30  104.4  40.3   1   3   6.1e-19   4.3e-17   60.5  14.1    48   132    31   116     1   116 0.81 -
TRINITY_DN3800_c0_g1_i11:2740-3432 -            231 14089at7898          -            794   2.2e-30  104.4  40.3   2   3     7e-18     5e-16   57.0  18.2    49   157    83   190    80   196 0.88 -
TRINITY_DN3800_c0_g1_i11:2740-3432 -            231 14089at7898          -            794   2.2e-30  104.4  40.3   3   3     0.063       4.4    4.2   6.5    41    73   199   231   191   231 0.83 -
TRINITY_DN3800_c0_g1_i17:2740-3432 -            231 14089at7898          -            794   2.2e-30  104.4  40.3   1   3   6.1e-19   4.3e-17   60.5  14.1    48   132    31   116     1   116 0.81 -
TRINITY_DN3800_c0_g1_i17:2740-3432 -            231 14089at7898          -            794   2.2e-30  104.4  40.3   2   3     7e-18     5e-16   57.0  18.2    49   157    83   190    80   196 0.88 -
TRINITY_DN3800_c0_g1_i17:2740-3432 -            231 14089at7898          -            794   2.2e-30  104.4  40.3   3   3     0.063       4.4    4.2   6.5    41    73   199   231   191   231 0.83 -
TRINITY_DN8428_c0_g1_i6:477-896    -            140 14089at7898          -            794   4.3e-28   96.9  28.4   1   2   5.7e-23     4e-21   73.8  15.1    26   125     2   101     1   105 0.90 -
TRINITY_DN8428_c0_g1_i6:477-896    -            140 14089at7898          -            794   4.3e-28   96.9  28.4   2   2   1.3e-09   9.5e-08   29.6   5.3    36    70   106   139   102   140 0.93 -
TRINITY_DN8816_c0_g1_i6:57-1709    -            551 14089at7898          -            794   9.7e-28   95.7  40.3   1   4   7.5e-12   5.3e-10   37.0   3.7   418   561    25   182     9   183 0.71 -
TRINITY_DN8816_c0_g1_i6:57-1709    -            551 14089at7898          -            794   9.7e-28   95.7  40.3   2   4   3.7e-13   2.6e-11   41.4   4.4   323   561   108   374   101   374 0.68 -
TRINITY_DN8816_c0_g1_i6:57-1709    -            551 14089at7898          -            794   9.7e-28   95.7  40.3   3   4   1.2e-09   8.2e-08   29.8   4.5   397   557   318   509   308   510 0.69 -
TRINITY_DN8816_c0_g1_i6:57-1709    -            551 14089at7898          -            794   9.7e-28   95.7  40.3   4   4   1.1e-09   7.9e-08   29.8   4.0   312   412   424   531   395   551 0.39 -
TRINITY_DN26981_c0_g2_i2:16-1023   -            336 14089at7898          -            794   6.6e-26   89.6  75.9   1   5   2.3e-06   0.00016   18.9   3.0    90   123     1    33     1    37 0.94 -
TRINITY_DN26981_c0_g2_i2:16-1023   -            336 14089at7898          -            794   6.6e-26   89.6  75.9   2   5   5.1e-08   3.6e-06   24.4   7.8    86   124    38    75    33    80 0.88 -
TRINITY_DN26981_c0_g2_i2:16-1023   -            336 14089at7898          -            794   6.6e-26   89.6  75.9   3   5   1.1e-08     8e-07   26.5   6.2    86   128    79   120    76   122 0.91 -
TRINITY_DN26981_c0_g2_i2:16-1023   -            336 14089at7898          -            794   6.6e-26   89.6  75.9   4   5   1.3e-06   9.3e-05   19.7  10.5    87   128   120   162   118   205 0.86 -
TRINITY_DN26981_c0_g2_i2:16-1023   -            336 14089at7898          -            794   6.6e-26   89.6  75.9   5   5   6.2e-09   4.4e-07   27.4  16.6    29   121   242   324   233   333 0.88 -
TRINITY_DN10584_c0_g1_i3:645-1898  -            418 14089at7898          -            794   4.2e-25   87.0 113.3   1   6    0.0002     0.014   12.5  15.4    63   127    33    94    18    97 0.77 -
TRINITY_DN10584_c0_g1_i3:645-1898  -            418 14089at7898          -            794   4.2e-25   87.0 113.3   2   6   9.8e-08   6.9e-06   23.4  21.0    36   126    96   186    93   188 0.83 -
TRINITY_DN10584_c0_g1_i3:645-1898  -            418 14089at7898          -            794   4.2e-25   87.0 113.3   3   6   5.5e-08   3.9e-06   24.3  23.7    26   124   132   226   132   232 0.83 -
TRINITY_DN10584_c0_g1_i3:645-1898  -            418 14089at7898          -            794   4.2e-25   87.0 113.3   4   6   3.2e-11   2.3e-09   34.9  23.5    24   126   219   309   219   312 0.90 -
TRINITY_DN10584_c0_g1_i3:645-1898  -            418 14089at7898          -            794   4.2e-25   87.0 113.3   5   6   4.3e-10     3e-08   31.2  19.7    37   125   275   353   271   355 0.83 -
TRINITY_DN10584_c0_g1_i3:645-1898  -            418 14089at7898          -            794   4.2e-25   87.0 113.3   6   6   3.3e-08   2.3e-06   25.0  19.9    37   118   315   389   313   407 0.82 -
TRINITY_DN10584_c0_g1_i12:684-1922 -            413 14089at7898          -            794   8.7e-25   85.9 113.3   1   5   0.00032     0.023   11.8  16.1    63   127    20    81     5    84 0.77 -
TRINITY_DN10584_c0_g1_i12:684-1922 -            413 14089at7898          -            794   8.7e-25   85.9 113.3   2   5   4.3e-07   3.1e-05   21.3  24.1    34   126    81   173    72   175 0.80 -
TRINITY_DN10584_c0_g1_i12:684-1922 -            413 14089at7898          -            794   8.7e-25   85.9 113.3   3   5   3.7e-08   2.6e-06   24.8  23.9    26   124   119   213   118   219 0.83 -
TRINITY_DN10584_c0_g1_i12:684-1922 -            413 14089at7898          -            794   8.7e-25   85.9 113.3   4   5   1.1e-09   7.5e-08   29.9  18.9    29   126   211   296   211   301 0.87 -
TRINITY_DN10584_c0_g1_i12:684-1922 -            413 14089at7898          -            794   8.7e-25   85.9 113.3   5   5   7.2e-09   5.1e-07   27.2  19.3    37   124   302   385   298   409 0.80 -
TRINITY_DN10584_c0_g1_i1:628-1929  -            434 14089at7898          -            794   1.4e-24   85.2 115.5   1   5   0.00016     0.011   12.8  17.7    53   127    31   102    18   105 0.81 -
TRINITY_DN10584_c0_g1_i1:628-1929  -            434 14089at7898          -            794   1.4e-24   85.2 115.5   2   5   1.4e-06   9.6e-05   19.6  25.4    35   126   103   194    93   198 0.80 -
TRINITY_DN10584_c0_g1_i1:628-1929  -            434 14089at7898          -            794   1.4e-24   85.2 115.5   3   5   5.4e-08   3.8e-06   24.3  24.8    26   123   140   233   139   239 0.84 -
TRINITY_DN10584_c0_g1_i1:628-1929  -            434 14089at7898          -            794   1.4e-24   85.2 115.5   4   5   1.8e-10   1.2e-08   32.5  20.9    26   126   229   317   229   322 0.90 -
TRINITY_DN10584_c0_g1_i1:628-1929  -            434 14089at7898          -            794   1.4e-24   85.2 115.5   5   5   8.3e-09   5.9e-07   27.0  19.3    37   124   323   406   320   430 0.80 -
TRINITY_DN2163_c0_g1_i31:21-836    -            272 14089at7898          -            794   3.5e-24   83.9  10.9   1   1   5.8e-26   4.1e-24   83.7  10.9   268   504     2   260     1   271 0.79 -
TRINITY_DN2163_c0_g1_i4:21-836     -            272 14089at7898          -            794   3.5e-24   83.9  10.9   1   1   5.8e-26   4.1e-24   83.7  10.9   268   504     2   260     1   271 0.79 -
TRINITY_DN16346_c0_g1_i1:41-847    -            269 14089at7898          -            794     4e-24   83.8  80.1   1   5   4.4e-11   3.1e-09   34.5  17.5    37   124     6    83     3    87 0.84 -
TRINITY_DN16346_c0_g1_i1:41-847    -            269 14089at7898          -            794     4e-24   83.8  80.1   2   5   4.4e-11   3.1e-09   34.5  16.2    36   126    47   128    47   132 0.91 -
TRINITY_DN16346_c0_g1_i1:41-847    -            269 14089at7898          -            794     4e-24   83.8  80.1   3   5   1.4e-05   0.00098   16.3   4.6    89   128   132   171   127   172 0.89 -
TRINITY_DN16346_c0_g1_i1:41-847    -            269 14089at7898          -            794     4e-24   83.8  80.1   4   5   7.9e-07   5.6e-05   20.4   9.3    86   125   169   207   167   213 0.90 -
TRINITY_DN16346_c0_g1_i1:41-847    -            269 14089at7898          -            794     4e-24   83.8  80.1   5   5   5.3e-06   0.00037   17.7  13.1    37    97   213   262   211   266 0.86 -
TRINITY_DN10584_c0_g1_i10:684-1922 -            413 14089at7898          -            794   4.6e-24   83.5 115.0   1   6   0.00029     0.021   11.9  16.2    63   127    20    81     5    84 0.77 -
TRINITY_DN10584_c0_g1_i10:684-1922 -            413 14089at7898          -            794   4.6e-24   83.5 115.0   2   6   4.6e-08   3.2e-06   24.5  22.0    37   129    84   176    81   178 0.84 -
TRINITY_DN10584_c0_g1_i10:684-1922 -            413 14089at7898          -            794   4.6e-24   83.5 115.0   3   6   6.4e-08   4.5e-06   24.0  24.5    26   124   119   213   119   219 0.83 -
TRINITY_DN10584_c0_g1_i10:684-1922 -            413 14089at7898          -            794   4.6e-24   83.5 115.0   4   6   1.7e-10   1.2e-08   32.6  20.7    26   126   208   296   208   298 0.90 -
TRINITY_DN10584_c0_g1_i10:684-1922 -            413 14089at7898          -            794   4.6e-24   83.5 115.0   5   6   3.6e-10   2.5e-08   31.5  19.5    37   125   262   340   260   345 0.83 -
TRINITY_DN10584_c0_g1_i10:684-1922 -            413 14089at7898          -            794   4.6e-24   83.5 115.0   6   6     2e-07   1.4e-05   22.4  19.9    38   124   303   385   302   409 0.80 -
TRINITY_DN2163_c0_g1_i13:142-870   -            243 14089at7898          -            794     8e-23   79.4   5.6   1   1   1.5e-24     1e-22   79.1   5.6   295   503    12   234     2   239 0.81 -
TRINITY_DN2163_c0_g1_i22:142-870   -            243 14089at7898          -            794     8e-23   79.4   5.6   1   1   1.5e-24     1e-22   79.1   5.6   295   503    12   234     2   239 0.81 -
TRINITY_DN1898_c0_g1_i20:1331-2014 -            228 14089at7898          -            794   8.3e-23   79.4  49.1   1   2   1.6e-06   0.00012   19.4   7.3    32    79    45    91    43    93 0.91 -
TRINITY_DN1898_c0_g1_i20:1331-2014 -            228 14089at7898          -            794   8.3e-23   79.4  49.1   2   2   1.9e-18   1.4e-16   58.8  24.3    23   124    78   173    78   193 0.91 -
TRINITY_DN2163_c0_g1_i15:114-824   -            237 14089at7898          -            794   8.5e-23   79.4   5.1   1   1   1.4e-24     1e-22   79.1   5.1   296   503     7   228     1   233 0.82 -
TRINITY_DN2163_c0_g1_i23:114-824   -            237 14089at7898          -            794   8.5e-23   79.4   5.1   1   1   1.4e-24     1e-22   79.1   5.1   296   503     7   228     1   233 0.82 -
TRINITY_DN2163_c0_g1_i35:114-824   -            237 14089at7898          -            794   8.5e-23   79.4   5.1   1   1   1.4e-24     1e-22   79.1   5.1   296   503     7   228     1   233 0.82 -
TRINITY_DN2163_c0_g1_i36:114-824   -            237 14089at7898          -            794   8.5e-23   79.4   5.1   1   1   1.4e-24     1e-22   79.1   5.1   296   503     7   228     1   233 0.82 -
TRINITY_DN8428_c0_g1_i2:2428-2715  -             96 14089at7898          -            794   5.1e-22   76.8  18.1   1   1   8.1e-24   5.7e-22   76.6  18.1    26   120     1    95     1    96 0.90 -
TRINITY_DN8428_c0_g1_i4:2357-2644  -             96 14089at7898          -            794   5.1e-22   76.8  18.1   1   1   8.1e-24   5.7e-22   76.6  18.1    26   120     1    95     1    96 0.90 -
TRINITY_DN8428_c0_g1_i9:2125-2412  -             96 14089at7898          -            794   5.1e-22   76.8  18.1   1   1   8.1e-24   5.7e-22   76.6  18.1    26   120     1    95     1    96 0.90 -
TRINITY_DN16346_c0_g1_i2:7-789     -            261 14089at7898          -            794   1.6e-21   75.1  78.5   1   5   1.3e-08   8.9e-07   26.4  16.7    42   124     3    75     1    78 0.85 -
TRINITY_DN16346_c0_g1_i2:7-789     -            261 14089at7898          -            794   1.6e-21   75.1  78.5   2   5   2.1e-11   1.5e-09   35.6  16.6    35   126    38   120    36   124 0.91 -
TRINITY_DN16346_c0_g1_i2:7-789     -            261 14089at7898          -            794   1.6e-21   75.1  78.5   3   5   7.6e-05    0.0054   13.9   4.2    89   128   124   163   121   164 0.89 -
TRINITY_DN16346_c0_g1_i2:7-789     -            261 14089at7898          -            794   1.6e-21   75.1  78.5   4   5   5.4e-07   3.8e-05   21.0   8.9    86   125   161   199   158   205 0.90 -
TRINITY_DN16346_c0_g1_i2:7-789     -            261 14089at7898          -            794   1.6e-21   75.1  78.5   5   5   3.7e-06   0.00026   18.2  13.1    37    97   205   254   202   258 0.71 -
TRINITY_DN105_c0_g1_i12:630-1868   -            413 14089at7898          -            794     3e-21   74.2  23.2   1   3   4.3e-10     3e-08   31.2   8.7   420   573     1   164     1   167 0.81 -
TRINITY_DN105_c0_g1_i12:630-1868   -            413 14089at7898          -            794     3e-21   74.2  23.2   2   3   2.4e-15   1.7e-13   48.6   1.6   426   530   192   301   185   306 0.83 -
TRINITY_DN105_c0_g1_i12:630-1868   -            413 14089at7898          -            794     3e-21   74.2  23.2   3   3      0.17        12    2.8   0.3   421   493   309   382   302   397 0.80 -
TRINITY_DN1953_c1_g1_i3:519-1394   -            292 14089at7898          -            794   2.3e-20   71.3  71.8   1   4   8.9e-06   0.00063   17.0  15.7    36   124    12   120     4   122 0.72 -
TRINITY_DN1953_c1_g1_i3:519-1394   -            292 14089at7898          -            794   2.3e-20   71.3  71.8   2   4   1.2e-06   8.4e-05   19.8   5.3    87   126   123   159   121   163 0.89 -
TRINITY_DN1953_c1_g1_i3:519-1394   -            292 14089at7898          -            794   2.3e-20   71.3  71.8   3   4     2e-12   1.4e-10   38.9  18.3    32   125   160   239   158   243 0.86 -
TRINITY_DN1953_c1_g1_i3:519-1394   -            292 14089at7898          -            794   2.3e-20   71.3  71.8   4   4   0.00031     0.022   11.9   8.2    89   118   244   274   240   287 0.81 -
TRINITY_DN2163_c0_g1_i18:321-950   -            210 14089at7898          -            794   1.3e-19   68.8   4.6   1   1   2.2e-21   1.5e-19   68.6   4.6   322   504     2   198     1   209 0.79 -
TRINITY_DN2163_c0_g1_i28:321-950   -            210 14089at7898          -            794   1.3e-19   68.8   4.6   1   1   2.2e-21   1.5e-19   68.6   4.6   322   504     2   198     1   209 0.79 -
TRINITY_DN2163_c0_g1_i30:253-882   -            210 14089at7898          -            794   1.3e-19   68.8   4.6   1   1   2.2e-21   1.5e-19   68.6   4.6   322   504     2   198     1   209 0.79 -
TRINITY_DN2163_c0_g1_i7:253-882    -            210 14089at7898          -            794   1.3e-19   68.8   4.6   1   1   2.2e-21   1.5e-19   68.6   4.6   322   504     2   198     1   209 0.79 -
TRINITY_DN1953_c1_g1_i8:243-1118   -            292 14089at7898          -            794   2.5e-19   67.9  72.3   1   4     8e-06   0.00057   17.1  15.5    36   124    12   120     8   122 0.72 -
TRINITY_DN1953_c1_g1_i8:243-1118   -            292 14089at7898          -            794   2.5e-19   67.9  72.3   2   4   1.1e-06   7.5e-05   20.0   5.3    87   126   123   159   121   164 0.88 -
TRINITY_DN1953_c1_g1_i8:243-1118   -            292 14089at7898          -            794   2.5e-19   67.9  72.3   3   4   1.4e-12     1e-10   39.4  18.3    31   125   159   239   156   243 0.86 -
TRINITY_DN1953_c1_g1_i8:243-1118   -            292 14089at7898          -            794   2.5e-19   67.9  72.3   4   4    0.0042       0.3    8.1   9.0    89   123   244   283   240   289 0.77 -
TRINITY_DN1953_c1_g1_i15:522-1397  -            292 14089at7898          -            794   2.8e-19   67.7  72.4   1   4   9.3e-06   0.00066   16.9  15.4    36   124    12   120     8   122 0.72 -
TRINITY_DN1953_c1_g1_i15:522-1397  -            292 14089at7898          -            794   2.8e-19   67.7  72.4   2   4   1.1e-06   7.5e-05   20.0   5.3    87   126   123   159   121   164 0.88 -
TRINITY_DN1953_c1_g1_i15:522-1397  -            292 14089at7898          -            794   2.8e-19   67.7  72.4   3   4   1.4e-12     1e-10   39.4  18.3    31   125   159   239   156   243 0.86 -
TRINITY_DN1953_c1_g1_i15:522-1397  -            292 14089at7898          -            794   2.8e-19   67.7  72.4   4   4    0.0044      0.31    8.0   9.1    89   123   244   283   240   289 0.77 -
TRINITY_DN1953_c1_g1_i17:522-1397  -            292 14089at7898          -            794   2.8e-19   67.7  72.4   1   4   9.3e-06   0.00066   16.9  15.4    36   124    12   120     8   122 0.72 -
TRINITY_DN1953_c1_g1_i17:522-1397  -            292 14089at7898          -            794   2.8e-19   67.7  72.4   2   4   1.1e-06   7.5e-05   20.0   5.3    87   126   123   159   121   164 0.88 -
TRINITY_DN1953_c1_g1_i17:522-1397  -            292 14089at7898          -            794   2.8e-19   67.7  72.4   3   4   1.4e-12     1e-10   39.4  18.3    31   125   159   239   156   243 0.86 -
TRINITY_DN1953_c1_g1_i17:522-1397  -            292 14089at7898          -            794   2.8e-19   67.7  72.4   4   4    0.0044      0.31    8.0   9.1    89   123   244   283   240   289 0.77 -
TRINITY_DN153_c0_g1_i19:259-1065   -            269 14089at7898          -            794   3.1e-19   67.6   3.2   1   1   5.8e-21   4.1e-19   67.2   3.2   314   516     4   225     1   237 0.81 -
TRINITY_DN153_c0_g1_i13:264-1070   -            269 14089at7898          -            794   3.5e-19   67.4   3.3   1   1   6.9e-21   4.9e-19   66.9   3.3   314   516     4   225     1   237 0.80 -
TRINITY_DN153_c0_g1_i21:186-941    -            252 14089at7898          -            794     6e-19   66.6   4.4   1   1   1.3e-20     9e-19   66.0   4.4   310   516    26   251     4   252 0.77 -
TRINITY_DN7760_c0_g1_i11:519-1226  -            236 14089at7898          -            794   7.9e-19   66.2   5.7   1   1     2e-20   1.4e-18   65.4   5.7   256   449    20   231     7   236 0.78 -
TRINITY_DN7760_c0_g1_i16:268-975   -            236 14089at7898          -            794   7.9e-19   66.2   5.7   1   1     2e-20   1.4e-18   65.4   5.7   256   449    20   231     7   236 0.78 -
TRINITY_DN7760_c0_g1_i37:120-827   -            236 14089at7898          -            794   7.9e-19   66.2   5.7   1   1     2e-20   1.4e-18   65.4   5.7   256   449    20   231     7   236 0.78 -
TRINITY_DN7760_c0_g1_i45:281-988   -            236 14089at7898          -            794   7.9e-19   66.2   5.7   1   1     2e-20   1.4e-18   65.4   5.7   256   449    20   231     7   236 0.78 -
TRINITY_DN7760_c0_g1_i47:519-1226  -            236 14089at7898          -            794   7.9e-19   66.2   5.7   1   1     2e-20   1.4e-18   65.4   5.7   256   449    20   231     7   236 0.78 -
TRINITY_DN7760_c0_g1_i6:434-1141   -            236 14089at7898          -            794   7.9e-19   66.2   5.7   1   1     2e-20   1.4e-18   65.4   5.7   256   449    20   231     7   236 0.78 -
TRINITY_DN201_c0_g2_i3:323-1027    -            235 14089at7898          -            794   3.4e-18   64.1   7.2   1   1   9.9e-20     7e-18   63.1   7.2   259   512     6   224     2   232 0.49 -
TRINITY_DN153_c0_g1_i3:286-945     -            220 14089at7898          -            794   1.2e-17   62.3   3.6   1   1   2.4e-19   1.7e-17   61.8   3.6   321   516     2   216     1   219 0.79 -
TRINITY_DN67803_c0_g1_i1:660-1538  -            293 14089at7898          -            794   4.3e-17   60.5  31.7   1   1   1.5e-18   1.1e-16   59.2  31.8   260   508    14   288     9   293 0.76 -
TRINITY_DN8816_c0_g1_i8:2-880      -            293 14089at7898          -            794   7.2e-17   59.7  10.7   1   1   4.2e-18     3e-16   57.7  10.7   316   558     2   285     1   291 0.72 -
TRINITY_DN28776_c0_g1_i3:2720-3430 -            237 14089at7898          -            794   3.3e-16   57.5   9.4   1   1   2.2e-17   1.6e-15   55.3   9.4   313   507    13   229     8   235 0.44 -
TRINITY_DN8656_c0_g1_i2:479-1168   -            230 14089at7898          -            794   1.8e-15   55.1   8.2   1   3   3.3e-07   2.4e-05   21.7   0.8   419   522     1   111     1   123 0.64 -
TRINITY_DN8656_c0_g1_i2:479-1168   -            230 14089at7898          -            794   1.8e-15   55.1   8.2   2   3   7.5e-10   5.3e-08   30.4   0.1   420   507    66   158    61   174 0.79 -
TRINITY_DN8656_c0_g1_i2:479-1168   -            230 14089at7898          -            794   1.8e-15   55.1   8.2   3   3   9.1e-07   6.4e-05   20.2   0.1   419   510   129   225   123   230 0.77 -
TRINITY_DN1898_c0_g1_i14:1331-1807 -            159 14089at7898          -            794   1.9e-15   55.0  29.8   1   1   3.2e-17   2.2e-15   54.8  29.8    19   124     5   104     1   128 0.89 -
TRINITY_DN37366_c0_g1_i1:42-482    -            147 14089at7898          -            794   2.5e-15   54.7  42.5   1   2   2.3e-14   1.6e-12   45.4  27.0    10   125     8   109     2   113 0.82 -
TRINITY_DN37366_c0_g1_i1:42-482    -            147 14089at7898          -            794   2.5e-15   54.7  42.5   2   2   2.5e-05    0.0017   15.5   7.5    88   123   113   147   110   147 0.83 -
TRINITY_DN67803_c0_g1_i2:244-933   -            230 14089at7898          -            794   3.1e-15   54.3  22.9   1   1   8.8e-17   6.2e-15   53.3  22.9   309   508     7   225     1   230 0.76 -
TRINITY_DN52927_c0_g1_i1:130-3579  -           1150 14089at7898          -            794   1.2e-13   49.1  60.3   1   3       6.7   4.7e+02   -2.5   7.3     6    38   345   374   336   391 0.72 -
TRINITY_DN52927_c0_g1_i1:130-3579  -           1150 14089at7898          -            794   1.2e-13   49.1  60.3   2   3     2e-09   1.4e-07   29.0  24.1     6    87   622   700   618   721 0.83 -
TRINITY_DN52927_c0_g1_i1:130-3579  -           1150 14089at7898          -            794   1.2e-13   49.1  60.3   3   3   1.1e-09   7.8e-08   29.9  18.4    11    74   718   776   702   782 0.83 -
TRINITY_DN1636_c0_g1_i7:291-1328   -            346 14089at7898          -            794   1.4e-13   48.9  47.9   1   3    0.0003     0.022   11.9   1.8    89   122    13    47     7    61 0.80 -
TRINITY_DN1636_c0_g1_i7:291-1328   -            346 14089at7898          -            794   1.4e-13   48.9  47.9   2   3   3.6e-12   2.5e-10   38.1  22.0    24   127    92   182    83   185 0.87 -
TRINITY_DN1636_c0_g1_i7:291-1328   -            346 14089at7898          -            794   1.4e-13   48.9  47.9   3   3   0.00071      0.05   10.7   9.0    89   118   185   214   181   241 0.86 -
TRINITY_DN1636_c0_g1_i3:291-1328   -            346 14089at7898          -            794   1.5e-13   48.8  47.5   1   3    0.0003     0.022   11.9   1.8    89   122    13    47     7    61 0.80 -
TRINITY_DN1636_c0_g1_i3:291-1328   -            346 14089at7898          -            794   1.5e-13   48.8  47.5   2   3   3.8e-12   2.7e-10   38.0  21.6    24   127    92   182    83   185 0.87 -
TRINITY_DN1636_c0_g1_i3:291-1328   -            346 14089at7898          -            794   1.5e-13   48.8  47.5   3   3   0.00071      0.05   10.7   9.0    89   118   185   214   181   241 0.86 -
TRINITY_DN1636_c0_g1_i5:291-1328   -            346 14089at7898          -            794   1.5e-13   48.8  47.5   1   3    0.0003     0.022   11.9   1.8    89   122    13    47     7    61 0.80 -
TRINITY_DN1636_c0_g1_i5:291-1328   -            346 14089at7898          -            794   1.5e-13   48.8  47.5   2   3   3.8e-12   2.7e-10   38.0  21.6    24   127    92   182    83   185 0.87 -
TRINITY_DN1636_c0_g1_i5:291-1328   -            346 14089at7898          -            794   1.5e-13   48.8  47.5   3   3   0.00071      0.05   10.7   9.0    89   118   185   214   181   241 0.86 -
TRINITY_DN638_c0_g1_i6:442-1374    -            311 14089at7898          -            794   4.7e-13   47.1   9.6   1   2   2.6e-08   1.9e-06   25.3   1.2   398   527    24   158    11   162 0.74 -
TRINITY_DN638_c0_g1_i6:442-1374    -            311 14089at7898          -            794   4.7e-13   47.1   9.6   2   2   3.2e-08   2.3e-06   25.0   4.1   414   526   167   288   137   309 0.79 -
TRINITY_DN638_c0_g1_i1:496-1392    -            299 14089at7898          -            794   5.9e-13   46.8  10.4   1   2   3.5e-08   2.5e-06   24.9   1.1   415   527    26   140     2   145 0.75 -
TRINITY_DN638_c0_g1_i1:496-1392    -            299 14089at7898          -            794   5.9e-13   46.8  10.4   2   2   3.3e-08   2.3e-06   25.0   5.1   414   527   149   271   119   296 0.69 -
TRINITY_DN638_c0_g1_i2:496-1392    -            299 14089at7898          -            794   5.9e-13   46.8  10.4   1   2   3.5e-08   2.5e-06   24.9   1.1   415   527    26   140     2   145 0.75 -
TRINITY_DN638_c0_g1_i2:496-1392    -            299 14089at7898          -            794   5.9e-13   46.8  10.4   2   2   3.3e-08   2.3e-06   25.0   5.1   414   527   149   271   119   296 0.69 -
TRINITY_DN57052_c0_g1_i1:960-1577  -            206 14089at7898          -            794   2.3e-12   44.9  47.4   1   3   4.2e-07     3e-05   21.3  10.9    83   127    10    55     1    57 0.86 -
TRINITY_DN57052_c0_g1_i1:960-1577  -            206 14089at7898          -            794   2.3e-12   44.9  47.4   2   3   0.00023     0.016   12.3   6.3    37    74    57    89    55    98 0.67 -
TRINITY_DN57052_c0_g1_i1:960-1577  -            206 14089at7898          -            794   2.3e-12   44.9  47.4   3   3   1.1e-07     8e-06   23.2  15.3    11    74   104   166    93   172 0.85 -
TRINITY_DN22120_c0_g1_i1:501-995   -            165 14089at7898          -            794   4.2e-12   44.0  36.2   1   2   4.7e-12   3.4e-10   37.7  20.5    16   124    12   112     4   117 0.85 -
TRINITY_DN22120_c0_g1_i1:501-995   -            165 14089at7898          -            794   4.2e-12   44.0  36.2   2   2   0.00032     0.023   11.8   7.6    89   120   119   147   116   163 0.80 -
TRINITY_DN22120_c0_g1_i2:501-995   -            165 14089at7898          -            794   4.2e-12   44.0  36.2   1   2   4.7e-12   3.4e-10   37.7  20.5    16   124    12   112     4   117 0.85 -
TRINITY_DN22120_c0_g1_i2:501-995   -            165 14089at7898          -            794   4.2e-12   44.0  36.2   2   2   0.00032     0.023   11.8   7.6    89   120   119   147   116   163 0.80 -
TRINITY_DN22120_c0_g1_i3:501-995   -            165 14089at7898          -            794   4.2e-12   44.0  36.2   1   2   4.7e-12   3.4e-10   37.7  20.5    16   124    12   112     4   117 0.85 -
TRINITY_DN22120_c0_g1_i3:501-995   -            165 14089at7898          -            794   4.2e-12   44.0  36.2   2   2   0.00032     0.023   11.8   7.6    89   120   119   147   116   163 0.80 -
TRINITY_DN22120_c0_g1_i4:501-995   -            165 14089at7898          -            794   4.2e-12   44.0  36.2   1   2   4.7e-12   3.4e-10   37.7  20.5    16   124    12   112     4   117 0.85 -
TRINITY_DN22120_c0_g1_i4:501-995   -            165 14089at7898          -            794   4.2e-12   44.0  36.2   2   2   0.00032     0.023   11.8   7.6    89   120   119   147   116   163 0.80 -
TRINITY_DN34744_c0_g2_i1:21-413    -            131 14089at7898          -            794     7e-12   43.3  37.3   1   2    0.0019      0.14    9.2   3.0    92   118     1    26     1    37 0.85 -
TRINITY_DN34744_c0_g2_i1:21-413    -            131 14089at7898          -            794     7e-12   43.3  37.3   2   2   4.6e-12   3.3e-10   37.7  27.7    33   129    36   122    28   130 0.86 -
TRINITY_DN10173_c0_g1_i1:32-448    -            139 14089at7898          -            794   3.5e-11   41.0  38.9   1   2   2.2e-05    0.0016   15.6  15.4    55   119     6    62     3    67 0.83 -
TRINITY_DN10173_c0_g1_i1:32-448    -            139 14089at7898          -            794   3.5e-11   41.0  38.9   2   2   2.7e-08   1.9e-06   25.3  16.9    55   124    69   130    66   137 0.85 -
TRINITY_DN24791_c0_g3_i1:117-626   -            170 14089at7898          -            794   5.9e-10   36.9  19.0   1   3      0.36        26    1.7   0.4    60   125     1    16     1    41 0.66 -
TRINITY_DN24791_c0_g3_i1:117-626   -            170 14089at7898          -            794   5.9e-10   36.9  19.0   2   3         3   2.1e+02   -1.3   0.4   208   241    34    67    22    79 0.81 -
TRINITY_DN24791_c0_g3_i1:117-626   -            170 14089at7898          -            794   5.9e-10   36.9  19.0   3   3   8.4e-12   5.9e-10   36.9  19.0    32   119    93   170    68   170 0.88 -
TRINITY_DN26879_c0_g1_i1:81-353    -             91 14089at7898          -            794   1.2e-09   35.8  29.5   1   2   1.6e-08   1.2e-06   26.0  12.8    63   125     2    54     1    56 0.87 -
TRINITY_DN26879_c0_g1_i1:81-353    -             91 14089at7898          -            794   1.2e-09   35.8  29.5   2   2   5.9e-05    0.0042   14.2   8.8    88   120    58    89    55    91 0.85 -
TRINITY_DN162_c0_g1_i7:532-2487    -            652 14089at7898          -            794   1.4e-09   35.7   9.0   1   2   8.8e-05    0.0062   13.7   2.1    48    74   108   132    88   149 0.66 -
TRINITY_DN162_c0_g1_i7:532-2487    -            652 14089at7898          -            794   1.4e-09   35.7   9.0   2   2   1.6e-08   1.1e-06   26.0   0.7   399   515   258   390   235   406 0.63 -
TRINITY_DN19713_c0_g1_i1:160-480   -            107 14089at7898          -            794     2e-09   35.1   7.5   1   1   3.5e-11   2.5e-09   34.8   7.5    86   126    60    99    42   103 0.87 -
TRINITY_DN4009_c0_g4_i1:1303-1989  -            229 14089at7898          -            794   7.6e-09   33.2  51.4   1   2   1.3e-10   9.5e-09   32.9  32.9    11   127    98   197    84   200 0.81 -
TRINITY_DN4009_c0_g4_i1:1303-1989  -            229 14089at7898          -            794   7.6e-09   33.2  51.4   2   2    0.0034      0.24    8.4   9.1    85   120   197   228   194   229 0.89 -
TRINITY_DN53400_c0_g1_i1:9-287     -             93 14089at7898          -            794   1.2e-08   32.6  22.4   1   2   1.8e-05    0.0013   15.9   4.8    93   125     1    31     1    35 0.92 -
TRINITY_DN53400_c0_g1_i1:9-287     -             93 14089at7898          -            794   1.2e-08   32.6  22.4   2   2   1.1e-07   7.8e-06   23.3   9.6    88   127    35    73    32    84 0.87 -
TRINITY_DN23061_c0_g1_i1:1039-2070 -            344 14089at7898          -            794   1.4e-07   29.1  47.3   1   3   9.4e-06   0.00067   16.9  23.3    38   121    43   116    24   188 0.83 -
TRINITY_DN23061_c0_g1_i1:1039-2070 -            344 14089at7898          -            794   1.4e-07   29.1  47.3   2   3       0.2        14    2.5   4.5    93   125   258   289   248   292 0.84 -
TRINITY_DN23061_c0_g1_i1:1039-2070 -            344 14089at7898          -            794   1.4e-07   29.1  47.3   3   3   1.1e-05   0.00081   16.6  15.5    19    79   276   338   258   343 0.79 -
TRINITY_DN23061_c0_g1_i2:1021-2052 -            344 14089at7898          -            794   1.4e-07   29.1  47.3   1   3   9.4e-06   0.00067   16.9  23.3    38   121    43   116    24   188 0.83 -
TRINITY_DN23061_c0_g1_i2:1021-2052 -            344 14089at7898          -            794   1.4e-07   29.1  47.3   2   3       0.2        14    2.5   4.5    93   125   258   289   248   292 0.84 -
TRINITY_DN23061_c0_g1_i2:1021-2052 -            344 14089at7898          -            794   1.4e-07   29.1  47.3   3   3   1.1e-05   0.00081   16.6  15.5    19    79   276   338   258   343 0.79 -
TRINITY_DN18064_c0_g2_i1:148-672   -            175 14089at7898          -            794   2.2e-07   28.4   6.6   1   3      0.13         9    3.2   2.1   102   127     1    26     1    29 0.91 -
TRINITY_DN18064_c0_g2_i1:148-672   -            175 14089at7898          -            794   2.2e-07   28.4   6.6   2   3   3.1e-09   2.2e-07   28.4   6.6    87   124    24    62    23    77 0.86 -
TRINITY_DN18064_c0_g2_i1:148-672   -            175 14089at7898          -            794   2.2e-07   28.4   6.6   3   3       8.2   5.8e+02   -2.8   4.9   100   128    76   105    62   110 0.76 -
TRINITY_DN26013_c0_g1_i1:344-1138  -            265 14089at7898          -            794   3.9e-07   27.5   3.3   1   1   8.1e-09   5.7e-07   27.0   3.3   345   457    37   151    25   177 0.63 -
TRINITY_DN105_c0_g1_i7:17-1009     -            331 14089at7898          -            794   5.4e-07   27.1   9.2   1   3   1.5e-05    0.0011   16.2   2.1   433   527    38   134    30   172 0.68 -
TRINITY_DN105_c0_g1_i7:17-1009     -            331 14089at7898          -            794   5.4e-07   27.1   9.2   2   3      0.22        15    2.4   0.4   419   496   144   222   132   235 0.65 -
TRINITY_DN105_c0_g1_i7:17-1009     -            331 14089at7898          -            794   5.4e-07   27.1   9.2   3   3   0.00029      0.02   11.9   0.1   171   199   292   320   271   327 0.56 -
TRINITY_DN7390_c0_g1_i2:349-1890   -            514 14089at7898          -            794   9.1e-07   26.3   3.1   1   1   1.8e-08   1.3e-06   25.9   3.1   394   508   114   233    91   252 0.72 -
TRINITY_DN162_c0_g1_i2:1624-2709   -            362 14089at7898          -            794   1.6e-06   25.5   0.1   1   1   3.1e-08   2.2e-06   25.1   0.1   382   510    17    95     4   119 0.52 -
TRINITY_DN162_c0_g1_i4:305-1390    -            362 14089at7898          -            794   1.6e-06   25.5   0.1   1   1   3.1e-08   2.2e-06   25.1   0.1   382   510    17    95     4   119 0.52 -
TRINITY_DN162_c0_g1_i3:92-1183     -            364 14089at7898          -            794   1.6e-06   25.5   0.1   1   1   3.2e-08   2.2e-06   25.0   0.1   382   510    17    95     4   119 0.52 -
TRINITY_DN162_c0_g1_i1:92-1183     -            364 14089at7898          -            794   1.6e-06   25.5   0.1   1   1   3.2e-08   2.2e-06   25.0   0.1   382   510    17    95     4   119 0.52 -
TRINITY_DN15979_c0_g2_i1:133-579   -            149 14089at7898          -            794     4e-06   24.2  44.5   1   4     0.066       4.7    4.1   3.3    91   122     4    34     1    37 0.86 -
TRINITY_DN15979_c0_g2_i1:133-579   -            149 14089at7898          -            794     4e-06   24.2  44.5   2   4   0.00029     0.021   11.9   4.8    87   124    37    75    34    77 0.83 -
TRINITY_DN15979_c0_g2_i1:133-579   -            149 14089at7898          -            794     4e-06   24.2  44.5   3   4   7.5e-08   5.3e-06   23.8   6.7    87   123    76   114    75   115 0.86 -
TRINITY_DN15979_c0_g2_i1:133-579   -            149 14089at7898          -            794     4e-06   24.2  44.5   4   4     0.049       3.5    4.6   6.6    86   119   115   148   114   149 0.91 -
TRINITY_DN22059_c0_g3_i1:0-959     -            320 14089at7898          -            794   5.3e-06   23.8  11.6   1   2   1.2e-06   8.2e-05   19.9   5.9   261   351     2   100     1   123 0.72 -
TRINITY_DN22059_c0_g3_i1:0-959     -            320 14089at7898          -            794   5.3e-06   23.8  11.6   2   2    0.0065      0.46    7.5   0.3   415   461   198   244   157   260 0.79 -
TRINITY_DN16298_c1_g1_i2:399-734   -            112 14089at7898          -            794   8.7e-06   23.1  33.0   1   1     1e-06   7.4e-05   20.0  32.5     3   119     7   110     5   112 0.87 -
TRINITY_DN30604_c0_g1_i2:323-922   -            200 14089at7898          -            794   8.3e-05   19.9  44.7   1   2   4.2e-06    0.0003   18.0  29.3     7   124     4   123     2   141 0.80 -
TRINITY_DN30604_c0_g1_i2:323-922   -            200 14089at7898          -            794   8.3e-05   19.9  44.7   2   2    0.0043       0.3    8.1   7.4     6    58   143   194   139   198 0.83 -
TRINITY_DN15979_c0_g1_i3:490-1965  -            492 14089at7898          -            794   0.00042   17.5 148.7   1   7   5.6e-05     0.004   14.3  26.0     6   123    66   166    60   169 0.87 -
TRINITY_DN15979_c0_g1_i3:490-1965  -            492 14089at7898          -            794   0.00042   17.5 148.7   2   7    0.0031      0.22    8.6   4.7    86   123   167   204   166   208 0.89 -
TRINITY_DN15979_c0_g1_i3:490-1965  -            492 14089at7898          -            794   0.00042   17.5 148.7   3   7    0.0012     0.085    9.9  33.0     5   124   219   319   215   339 0.85 -
TRINITY_DN15979_c0_g1_i3:490-1965  -            492 14089at7898          -            794   0.00042   17.5 148.7   4   7    0.0043       0.3    8.1   3.5    95   124   338   367   324   368 0.81 -
TRINITY_DN15979_c0_g1_i3:490-1965  -            492 14089at7898          -            794   0.00042   17.5 148.7   5   7   0.00031     0.022   11.9  11.2    87   124   368   405   367   410 0.87 -
TRINITY_DN15979_c0_g1_i3:490-1965  -            492 14089at7898          -            794   0.00042   17.5 148.7   6   7     0.013      0.93    6.5   8.1    87   122   406   441   405   457 0.88 -
TRINITY_DN15979_c0_g1_i3:490-1965  -            492 14089at7898          -            794   0.00042   17.5 148.7   7   7      0.68        48    0.8   4.2   101   123   464   486   442   490 0.77 -
TRINITY_DN7480_c0_g1_i1:1317-2582  -            422 14089at7898          -            794   0.00061   17.0  18.3   1   2   0.00092     0.065   10.3   3.9    90   126   111   147    98   158 0.68 -
TRINITY_DN7480_c0_g1_i1:1317-2582  -            422 14089at7898          -            794   0.00061   17.0  18.3   2   2   0.00021     0.015   12.4   6.6    37    78   266   304   256   314 0.83 -
TRINITY_DN7480_c0_g1_i3:1323-2588  -            422 14089at7898          -            794   0.00061   17.0  18.3   1   2   0.00092     0.065   10.3   3.9    90   126   111   147    98   158 0.68 -
TRINITY_DN7480_c0_g1_i3:1323-2588  -            422 14089at7898          -            794   0.00061   17.0  18.3   2   2   0.00021     0.015   12.4   6.6    37    78   266   304   256   314 0.83 -
TRINITY_DN7480_c0_g1_i5:678-1943   -            422 14089at7898          -            794   0.00061   17.0  18.3   1   2   0.00092     0.065   10.3   3.9    90   126   111   147    98   158 0.68 -
TRINITY_DN7480_c0_g1_i5:678-1943   -            422 14089at7898          -            794   0.00061   17.0  18.3   2   2   0.00021     0.015   12.4   6.6    37    78   266   304   256   314 0.83 -
TRINITY_DN38170_c0_g3_i1:0-446     -            149 14089at7898          -            794    0.0014   15.8  18.1   1   2     0.073       5.2    4.0  15.7     6    86     3    76     1    82 0.84 -
TRINITY_DN38170_c0_g3_i1:0-446     -            149 14089at7898          -            794    0.0014   15.8  18.1   2   2     2e-05    0.0014   15.8  18.1     6    77    79   145    69   148 0.82 -
TRINITY_DN31173_c0_g1_i12:144-947  -            268 14089at7898          -            794    0.0092   13.1   4.4   1   1   0.00018     0.013   12.6   4.4    91   128   110   149   100   162 0.61 -
TRINITY_DN31173_c0_g1_i6:144-947   -            268 14089at7898          -            794    0.0092   13.1   4.4   1   1   0.00018     0.013   12.6   4.4    91   128   110   149   100   162 0.61 -
TRINITY_DN7390_c0_g1_i2:1555-2364  -            270 14089at7898          -            794     0.051   10.6   5.6   1   1   0.00094     0.066   10.3   5.6    90   126   115   151    91   161 0.84 -
TRINITY_DN19813_c0_g2_i1:6-452     -            149 14089at7898          -            794     0.077   10.0  42.6   1   2    0.0028       0.2    8.7   4.2    88   119     6    36     3    44 0.88 -
TRINITY_DN19813_c0_g2_i1:6-452     -            149 14089at7898          -            794     0.077   10.0  42.6   2   2     0.011      0.78    6.7  30.5     6   119    55   149    47   149 0.82 -
TRINITY_DN16298_c2_g1_i2:279-611   -            111 14089at7898          -            794      0.13    9.3  29.9   1   2    0.0019      0.13    9.3  18.5    51   122     5    64     2    66 0.87 -
TRINITY_DN16298_c2_g1_i2:279-611   -            111 14089at7898          -            794      0.13    9.3  29.9   2   2      0.27        19    2.1  17.0    42   123    37   104    29   108 0.84 -
TRINITY_DN15979_c1_g2_i1:221-775   -            185 14089at7898          -            794      0.15    9.0  42.1   1   2      0.83        59    0.5  21.0    13   123    10   108     3   110 0.82 -
TRINITY_DN15979_c1_g2_i1:221-775   -            185 14089at7898          -            794      0.15    9.0  42.1   2   2   0.00032     0.023   11.8  13.1    39    97   115   172   110   184 0.63 -
TRINITY_DN15979_c0_g1_i1:65-574    -            170 14089at7898          -            794      0.21    8.6  57.6   1   3     0.042         3    4.8   2.4   102   123     1    22     1    23 0.95 -
TRINITY_DN15979_c0_g1_i1:65-574    -            170 14089at7898          -            794      0.21    8.6  57.6   2   3    0.0012     0.086    9.9   6.1    86   123    23    60    21    63 0.89 -
TRINITY_DN15979_c0_g1_i1:65-574    -            170 14089at7898          -            794      0.21    8.6  57.6   3   3     0.012      0.85    6.6  33.5     5   119    75   170    71   170 0.86 -
TRINITY_DN16836_c0_g1_i2:185-571   -            129 14089at7898          -            794       1.1    6.3  31.7   1   1   0.00024     0.017   12.2  12.5    86   123    80   117    68   123 0.86 -
TRINITY_DN47121_c0_g1_i1:450-767   -            106 14089at7898          -            794       2.7    4.9  20.0   1   1      0.06       4.2    4.3  20.0    20   124     6   100     4   105 0.81 -
TRINITY_DN9048_c1_g2_i1:47-727     -            227 14089at7898          -            794       3.1    4.7  68.3   1   4   0.00064     0.045   10.8  10.1    87   152     4    68     2    75 0.87 -
TRINITY_DN9048_c1_g2_i1:47-727     -            227 14089at7898          -            794       3.1    4.7  68.3   2   4      0.48        34    1.3  21.3    48   123    80   144    77   149 0.87 -
TRINITY_DN9048_c1_g2_i1:47-727     -            227 14089at7898          -            794       3.1    4.7  68.3   3   4    0.0074      0.52    7.3   8.2    87   124   146   183   144   191 0.85 -
TRINITY_DN9048_c1_g2_i1:47-727     -            227 14089at7898          -            794       3.1    4.7  68.3   4   4      0.75        53    0.6   7.5    87   123   184   220   182   224 0.82 -
TRINITY_DN48106_c0_g1_i1:2-349     -            116 14089at7898          -            794       4.2    4.3  31.0   1   1      0.25        18    2.2  31.0     7   124     3   100     1   111 0.81 -
TRINITY_DN15979_c0_g1_i4:127-1167  -            347 14089at7898          -            794       6.1    3.8 103.6   1   5      0.22        15    2.4  13.4    63   124     4    53     1    69 0.81 -
TRINITY_DN15979_c0_g1_i4:127-1167  -            347 14089at7898          -            794       6.1    3.8 103.6   2   5   0.00045     0.032   11.3  20.6    38   124    64   139    61   144 0.83 -
TRINITY_DN15979_c0_g1_i4:127-1167  -            347 14089at7898          -            794       6.1    3.8 103.6   3   5     0.003      0.21    8.6   6.4    87   122   140   175   139   181 0.87 -
TRINITY_DN15979_c0_g1_i4:127-1167  -            347 14089at7898          -            794       6.1    3.8 103.6   4   5      0.45        32    1.4   4.0   100   123   197   220   176   221 0.76 -
TRINITY_DN15979_c0_g1_i4:127-1167  -            347 14089at7898          -            794       6.1    3.8 103.6   5   5    0.0039      0.28    8.2   4.0    87   124   222   261   218   266 0.85 -
#
# Program:         hmmsearch
# Version:         3.1b2 (February 2015)
# Pipeline mode:   SEARCH
# Query file:      /home/ericjuo/Projects/salmo_trutta_rna_seq/busco_downloads/lineages/actinopterygii_odb10/hmms/14089at7898.hmm
# Target file:     /home/ericjuo/Projects/salmo_trutta_rna_seq/data/02_intermediate/busco/run_actinopterygii_odb10/metaeuk_output/rerun_results/trinity.Trinity.fasta.modified.fas
# Option settings: hmmsearch --domtblout /home/ericjuo/Projects/salmo_trutta_rna_seq/data/02_intermediate/busco/run_actinopterygii_odb10/hmmer_output/rerun_results/14089at7898.out --cpu 1 /home/ericjuo/Projects/salmo_trutta_rna_seq/busco_downloads/lineages/actinopterygii_odb10/hmms/14089at7898.hmm /home/ericjuo/Projects/salmo_trutta_rna_seq/data/02_intermediate/busco/run_actinopterygii_odb10/metaeuk_output/rerun_results/trinity.Trinity.fasta.modified.fas 
# Current dir:     /home/ericjuo/Projects/salmo_trutta_rna_seq
# Date:            Fri Apr 29 13:04:29 2022
# [ok]
