#                                                                                         --- full sequence --- -------------- this domain -------------   hmm coord   ali coord   env coord
# target name                     accession   tlen query name           accession   qlen   E-value  score  bias   #  of  c-Evalue  i-Evalue  score  bias  from    to  from    to  from    to  acc description of target
#             ------------------- ---------- ----- -------------------- ---------- ----- --------- ------ ----- --- --- --------- --------- ------ ----- ----- ----- ----- ----- ----- ----- ---- ---------------------
TRINITY_DN4737_c0_g2_i1:1322-3091 -            590 24246at7898          -            616  2.6e-202  672.4   7.5   1   2  1.1e-204    3e-202  672.2   6.9   142   604     1   470     1   475 0.98 -
TRINITY_DN4737_c0_g2_i1:1322-3091 -            590 24246at7898          -            616  2.6e-202  672.4   7.5   2   2         5   1.4e+03   -3.8   0.0   539   574   503   538   499   553 0.76 -
TRINITY_DN4737_c0_g2_i5:1321-3090 -            590 24246at7898          -            616  2.6e-202  672.4   7.5   1   2  1.1e-204    3e-202  672.2   6.9   142   604     1   470     1   475 0.98 -
TRINITY_DN4737_c0_g2_i5:1321-3090 -            590 24246at7898          -            616  2.6e-202  672.4   7.5   2   2         5   1.4e+03   -3.8   0.0   539   574   503   538   499   553 0.76 -
TRINITY_DN39392_c5_g1_i1:563-2299 -            579 24246at7898          -            616   3.9e-05   21.1   0.1   1   2       4.8   1.3e+03   -3.7   0.4   272   314   228   270   227   293 0.60 -
TRINITY_DN39392_c5_g1_i1:563-2299 -            579 24246at7898          -            616   3.9e-05   21.1   0.1   2   2   1.4e-07   3.9e-05   21.1   0.1   435   500   388   454   382   478 0.80 -
TRINITY_DN14025_c0_g1_i1:82-477   -            132 24246at7898          -            616     0.001   16.5   0.6   1   2       0.4   1.1e+02   -0.2   0.0   566   603     1    36     1    44 0.71 -
TRINITY_DN14025_c0_g1_i1:82-477   -            132 24246at7898          -            616     0.001   16.5   0.6   2   2   8.4e-06    0.0023   15.3   0.5   536   594    41   102    20   115 0.77 -
TRINITY_DN1645_c0_g2_i1:1-396     -            132 24246at7898          -            616    0.0013   16.1   0.5   1   2       0.4   1.1e+02   -0.2   0.0   566   603     1    36     1    44 0.71 -
TRINITY_DN1645_c0_g2_i1:1-396     -            132 24246at7898          -            616    0.0013   16.1   0.5   2   2     1e-05    0.0028   15.0   0.3   536   594    41   102    18   114 0.77 -
TRINITY_DN1645_c0_g2_i3:1-396     -            132 24246at7898          -            616    0.0013   16.1   0.5   1   2       0.4   1.1e+02   -0.2   0.0   566   603     1    36     1    44 0.71 -
TRINITY_DN1645_c0_g2_i3:1-396     -            132 24246at7898          -            616    0.0013   16.1   0.5   2   2     1e-05    0.0028   15.0   0.3   536   594    41   102    18   114 0.77 -
TRINITY_DN1645_c0_g2_i4:1-396     -            132 24246at7898          -            616    0.0013   16.1   0.5   1   2       0.4   1.1e+02   -0.2   0.0   566   603     1    36     1    44 0.71 -
TRINITY_DN1645_c0_g2_i4:1-396     -            132 24246at7898          -            616    0.0013   16.1   0.5   2   2     1e-05    0.0028   15.0   0.3   536   594    41   102    18   114 0.77 -
TRINITY_DN1645_c0_g2_i5:1-396     -            132 24246at7898          -            616    0.0013   16.1   0.5   1   2       0.4   1.1e+02   -0.2   0.0   566   603     1    36     1    44 0.71 -
TRINITY_DN1645_c0_g2_i5:1-396     -            132 24246at7898          -            616    0.0013   16.1   0.5   2   2     1e-05    0.0028   15.0   0.3   536   594    41   102    18   114 0.77 -
TRINITY_DN1645_c0_g2_i6:1-396     -            132 24246at7898          -            616    0.0013   16.1   0.5   1   2       0.4   1.1e+02   -0.2   0.0   566   603     1    36     1    44 0.71 -
TRINITY_DN1645_c0_g2_i6:1-396     -            132 24246at7898          -            616    0.0013   16.1   0.5   2   2     1e-05    0.0028   15.0   0.3   536   594    41   102    18   114 0.77 -
TRINITY_DN205_c0_g1_i2:146-541    -            132 24246at7898          -            616    0.0013   16.1   0.5   1   2       0.4   1.1e+02   -0.2   0.0   566   603     1    36     1    44 0.71 -
TRINITY_DN205_c0_g1_i2:146-541    -            132 24246at7898          -            616    0.0013   16.1   0.5   2   2     1e-05    0.0028   15.0   0.3   536   594    41   102    18   114 0.77 -
TRINITY_DN205_c0_g1_i5:146-541    -            132 24246at7898          -            616    0.0013   16.1   0.5   1   2       0.4   1.1e+02   -0.2   0.0   566   603     1    36     1    44 0.71 -
TRINITY_DN205_c0_g1_i5:146-541    -            132 24246at7898          -            616    0.0013   16.1   0.5   2   2     1e-05    0.0028   15.0   0.3   536   594    41   102    18   114 0.77 -
TRINITY_DN205_c0_g1_i6:146-541    -            132 24246at7898          -            616    0.0013   16.1   0.5   1   2       0.4   1.1e+02   -0.2   0.0   566   603     1    36     1    44 0.71 -
TRINITY_DN205_c0_g1_i6:146-541    -            132 24246at7898          -            616    0.0013   16.1   0.5   2   2     1e-05    0.0028   15.0   0.3   536   594    41   102    18   114 0.77 -
TRINITY_DN205_c0_g1_i9:146-541    -            132 24246at7898          -            616    0.0013   16.1   0.5   1   2       0.4   1.1e+02   -0.2   0.0   566   603     1    36     1    44 0.71 -
TRINITY_DN205_c0_g1_i9:146-541    -            132 24246at7898          -            616    0.0013   16.1   0.5   2   2     1e-05    0.0028   15.0   0.3   536   594    41   102    18   114 0.77 -
TRINITY_DN205_c0_g2_i1:146-541    -            132 24246at7898          -            616    0.0013   16.1   0.5   1   2       0.4   1.1e+02   -0.2   0.0   566   603     1    36     1    44 0.71 -
TRINITY_DN205_c0_g2_i1:146-541    -            132 24246at7898          -            616    0.0013   16.1   0.5   2   2     1e-05    0.0028   15.0   0.3   536   594    41   102    18   114 0.77 -
TRINITY_DN205_c0_g2_i2:146-541    -            132 24246at7898          -            616    0.0013   16.1   0.5   1   2       0.4   1.1e+02   -0.2   0.0   566   603     1    36     1    44 0.71 -
TRINITY_DN205_c0_g2_i2:146-541    -            132 24246at7898          -            616    0.0013   16.1   0.5   2   2     1e-05    0.0028   15.0   0.3   536   594    41   102    18   114 0.77 -
TRINITY_DN1208_c0_g1_i13:0-380    -            127 24246at7898          -            616    0.0019   15.6   0.3   1   1   7.6e-06    0.0021   15.4   0.3   535   594    35    97     6   111 0.77 -
TRINITY_DN1208_c0_g1_i15:0-380    -            127 24246at7898          -            616    0.0019   15.6   0.3   1   1   7.6e-06    0.0021   15.4   0.3   535   594    35    97     6   111 0.77 -
TRINITY_DN1208_c0_g1_i3:0-380     -            127 24246at7898          -            616    0.0019   15.6   0.3   1   1   7.6e-06    0.0021   15.4   0.3   535   594    35    97     6   111 0.77 -
TRINITY_DN1208_c0_g1_i10:1-330    -            110 24246at7898          -            616    0.0026   15.1   0.8   1   1   1.1e-05    0.0031   14.9   0.8   537   594    20    80     8    94 0.77 -
TRINITY_DN1208_c0_g1_i11:1-330    -            110 24246at7898          -            616    0.0026   15.1   0.8   1   1   1.1e-05    0.0031   14.9   0.8   537   594    20    80     8    94 0.77 -
TRINITY_DN1208_c0_g1_i12:1-330    -            110 24246at7898          -            616    0.0026   15.1   0.8   1   1   1.1e-05    0.0031   14.9   0.8   537   594    20    80     8    94 0.77 -
TRINITY_DN1208_c0_g1_i16:1-330    -            110 24246at7898          -            616    0.0026   15.1   0.8   1   1   1.1e-05    0.0031   14.9   0.8   537   594    20    80     8    94 0.77 -
TRINITY_DN1208_c0_g1_i2:1-330     -            110 24246at7898          -            616    0.0026   15.1   0.8   1   1   1.1e-05    0.0031   14.9   0.8   537   594    20    80     8    94 0.77 -
TRINITY_DN1208_c0_g1_i4:1-330     -            110 24246at7898          -            616    0.0026   15.1   0.8   1   1   1.1e-05    0.0031   14.9   0.8   537   594    20    80     8    94 0.77 -
TRINITY_DN4520_c0_g1_i1:209-559   -            117 24246at7898          -            616    0.0036   14.6   3.7   1   2      0.07        19    2.3   0.1   563   604     1    44     1    46 0.70 -
TRINITY_DN4520_c0_g1_i1:209-559   -            117 24246at7898          -            616    0.0036   14.6   3.7   2   2   1.8e-05    0.0048   14.2   2.2   526   593    33   104    23   116 0.78 -
TRINITY_DN4520_c0_g1_i2:209-559   -            117 24246at7898          -            616    0.0036   14.6   3.7   1   2      0.07        19    2.3   0.1   563   604     1    44     1    46 0.70 -
TRINITY_DN4520_c0_g1_i2:209-559   -            117 24246at7898          -            616    0.0036   14.6   3.7   2   2   1.8e-05    0.0048   14.2   2.2   526   593    33   104    23   116 0.78 -
TRINITY_DN4520_c0_g1_i3:236-586   -            117 24246at7898          -            616    0.0049   14.2   3.9   1   2     0.086        24    2.0   0.2   563   604     1    44     1    47 0.67 -
TRINITY_DN4520_c0_g1_i3:236-586   -            117 24246at7898          -            616    0.0049   14.2   3.9   2   2   2.7e-05    0.0073   13.6   2.7   526   593    33   104    22   116 0.76 -
TRINITY_DN10163_c0_g2_i1:410-814  -            135 24246at7898          -            616     0.073   10.3   0.3   1   1   0.00029     0.078   10.2   0.3   534   588    60   120    33   134 0.78 -
TRINITY_DN48131_c0_g1_i1:104-514  -            137 24246at7898          -            616     0.076   10.3   4.1   1   3       0.7   1.9e+02   -1.0   0.1   563   589     1    27     1    46 0.66 -
TRINITY_DN48131_c0_g1_i1:104-514  -            137 24246at7898          -            616     0.076   10.3   4.1   2   3   0.00025     0.069   10.4   1.0   526   593    33   104    17   117 0.73 -
TRINITY_DN48131_c0_g1_i1:104-514  -            137 24246at7898          -            616     0.076   10.3   4.1   3   3    0.0017      0.46    7.7   0.5   529   582    73   129    65   135 0.78 -
#
# Program:         hmmsearch
# Version:         3.1b2 (February 2015)
# Pipeline mode:   SEARCH
# Query file:      /home/ericjuo/Projects/salmo_trutta_rna_seq/busco_downloads/lineages/actinopterygii_odb10/hmms/24246at7898.hmm
# Target file:     /home/ericjuo/Projects/salmo_trutta_rna_seq/data/02_intermediate/busco/run_actinopterygii_odb10/metaeuk_output/rerun_results/trinity.Trinity.fasta.modified.fas
# Option settings: hmmsearch --domtblout /home/ericjuo/Projects/salmo_trutta_rna_seq/data/02_intermediate/busco/run_actinopterygii_odb10/hmmer_output/rerun_results/24246at7898.out --cpu 1 /home/ericjuo/Projects/salmo_trutta_rna_seq/busco_downloads/lineages/actinopterygii_odb10/hmms/24246at7898.hmm /home/ericjuo/Projects/salmo_trutta_rna_seq/data/02_intermediate/busco/run_actinopterygii_odb10/metaeuk_output/rerun_results/trinity.Trinity.fasta.modified.fas 
# Current dir:     /home/ericjuo/Projects/salmo_trutta_rna_seq
# Date:            Fri Apr 29 13:03:55 2022
# [ok]
