#                                                                                         --- full sequence --- -------------- this domain -------------   hmm coord   ali coord   env coord
# target name                     accession   tlen query name           accession   qlen   E-value  score  bias   #  of  c-Evalue  i-Evalue  score  bias  from    to  from    to  from    to  acc description of target
#             ------------------- ---------- ----- -------------------- ---------- ----- --------- ------ ----- --- --- --------- --------- ------ ----- ----- ----- ----- ----- ----- ----- ---- ---------------------
TRINITY_DN23250_c3_g1_i2:373-1902 -            510 24753at7898          -            658   2.3e-58  197.2  25.5   1   4   1.3e-07   2.5e-05   22.0   1.2   196   258     4    75     1    80 0.84 -
TRINITY_DN23250_c3_g1_i2:373-1902 -            510 24753at7898          -            658   2.3e-58  197.2  25.5   2   4   2.5e-08   4.9e-06   24.3   3.7   261   322   108   169    99   173 0.87 -
TRINITY_DN23250_c3_g1_i2:373-1902 -            510 24753at7898          -            658   2.3e-58  197.2  25.5   3   4   6.6e-20   1.3e-17   62.5   0.7   324   427   213   313   210   318 0.91 -
TRINITY_DN23250_c3_g1_i2:373-1902 -            510 24753at7898          -            658   2.3e-58  197.2  25.5   4   4   4.9e-31   9.8e-29   99.3   0.4   457   658   325   510   322   510 0.82 -
TRINITY_DN343_c0_g1_i10:200-1741  -            514 24753at7898          -            658   2.8e-58  196.9  20.1   1   3   1.8e-09   3.6e-07   28.0   0.9   194   258     2    71     1    92 0.79 -
TRINITY_DN343_c0_g1_i10:200-1741  -            514 24753at7898          -            658   2.8e-58  196.9  20.1   2   3   2.5e-08     5e-06   24.3   2.1   262   320   110   168   103   173 0.93 -
TRINITY_DN343_c0_g1_i10:200-1741  -            514 24753at7898          -            658   2.8e-58  196.9  20.1   3   3   1.6e-46   3.1e-44  150.5   2.8   324   658   216   514   213   514 0.85 -
TRINITY_DN343_c0_g1_i12:200-1741  -            514 24753at7898          -            658   2.8e-58  196.9  20.1   1   3   1.8e-09   3.6e-07   28.0   0.9   194   258     2    71     1    92 0.79 -
TRINITY_DN343_c0_g1_i12:200-1741  -            514 24753at7898          -            658   2.8e-58  196.9  20.1   2   3   2.5e-08     5e-06   24.3   2.1   262   320   110   168   103   173 0.93 -
TRINITY_DN343_c0_g1_i12:200-1741  -            514 24753at7898          -            658   2.8e-58  196.9  20.1   3   3   1.6e-46   3.1e-44  150.5   2.8   324   658   216   514   213   514 0.85 -
TRINITY_DN343_c0_g1_i14:200-1741  -            514 24753at7898          -            658   2.8e-58  196.9  20.1   1   3   1.8e-09   3.6e-07   28.0   0.9   194   258     2    71     1    92 0.79 -
TRINITY_DN343_c0_g1_i14:200-1741  -            514 24753at7898          -            658   2.8e-58  196.9  20.1   2   3   2.5e-08     5e-06   24.3   2.1   262   320   110   168   103   173 0.93 -
TRINITY_DN343_c0_g1_i14:200-1741  -            514 24753at7898          -            658   2.8e-58  196.9  20.1   3   3   1.6e-46   3.1e-44  150.5   2.8   324   658   216   514   213   514 0.85 -
TRINITY_DN343_c0_g1_i2:200-1741   -            514 24753at7898          -            658   2.8e-58  196.9  20.1   1   3   1.8e-09   3.6e-07   28.0   0.9   194   258     2    71     1    92 0.79 -
TRINITY_DN343_c0_g1_i2:200-1741   -            514 24753at7898          -            658   2.8e-58  196.9  20.1   2   3   2.5e-08     5e-06   24.3   2.1   262   320   110   168   103   173 0.93 -
TRINITY_DN343_c0_g1_i2:200-1741   -            514 24753at7898          -            658   2.8e-58  196.9  20.1   3   3   1.6e-46   3.1e-44  150.5   2.8   324   658   216   514   213   514 0.85 -
TRINITY_DN343_c0_g1_i4:200-1741   -            514 24753at7898          -            658   2.8e-58  196.9  20.1   1   3   1.8e-09   3.6e-07   28.0   0.9   194   258     2    71     1    92 0.79 -
TRINITY_DN343_c0_g1_i4:200-1741   -            514 24753at7898          -            658   2.8e-58  196.9  20.1   2   3   2.5e-08     5e-06   24.3   2.1   262   320   110   168   103   173 0.93 -
TRINITY_DN343_c0_g1_i4:200-1741   -            514 24753at7898          -            658   2.8e-58  196.9  20.1   3   3   1.6e-46   3.1e-44  150.5   2.8   324   658   216   514   213   514 0.85 -
TRINITY_DN23250_c3_g1_i1:373-1902 -            510 24753at7898          -            658   3.1e-58  196.7  25.6   1   4   1.3e-07   2.5e-05   22.0   1.2   196   258     4    75     1    80 0.84 -
TRINITY_DN23250_c3_g1_i1:373-1902 -            510 24753at7898          -            658   3.1e-58  196.7  25.6   2   4   2.5e-08   4.9e-06   24.3   3.7   261   322   108   169    99   173 0.87 -
TRINITY_DN23250_c3_g1_i1:373-1902 -            510 24753at7898          -            658   3.1e-58  196.7  25.6   3   4   6.6e-20   1.3e-17   62.5   0.7   324   427   213   313   210   318 0.91 -
TRINITY_DN23250_c3_g1_i1:373-1902 -            510 24753at7898          -            658   3.1e-58  196.7  25.6   4   4   6.4e-31   1.3e-28   98.9   0.4   457   658   325   510   322   510 0.82 -
TRINITY_DN10163_c0_g2_i1:410-814  -            135 24753at7898          -            658   2.1e-09   35.4   1.2   1   1   1.2e-11   2.4e-09   35.2   1.2    52   156    27   127     2   133 0.85 -
TRINITY_DN10163_c0_g1_i1:759-1163 -            135 24753at7898          -            658   3.1e-09   34.9   1.3   1   1   1.8e-11   3.5e-09   34.7   1.3    52   155    27   126     2   133 0.85 -
TRINITY_DN1645_c0_g2_i1:1-396     -            132 24753at7898          -            658   2.8e-07   28.4   1.2   1   2   5.9e-05     0.012   13.1   0.0    48   106     2    60     1    66 0.89 -
TRINITY_DN1645_c0_g2_i1:1-396     -            132 24753at7898          -            658   2.8e-07   28.4   1.2   2   2   3.8e-07   7.6e-05   20.4   0.3    50   144    40   127    34   131 0.82 -
TRINITY_DN1645_c0_g2_i3:1-396     -            132 24753at7898          -            658   2.8e-07   28.4   1.2   1   2   5.9e-05     0.012   13.1   0.0    48   106     2    60     1    66 0.89 -
TRINITY_DN1645_c0_g2_i3:1-396     -            132 24753at7898          -            658   2.8e-07   28.4   1.2   2   2   3.8e-07   7.6e-05   20.4   0.3    50   144    40   127    34   131 0.82 -
TRINITY_DN1645_c0_g2_i4:1-396     -            132 24753at7898          -            658   2.8e-07   28.4   1.2   1   2   5.9e-05     0.012   13.1   0.0    48   106     2    60     1    66 0.89 -
TRINITY_DN1645_c0_g2_i4:1-396     -            132 24753at7898          -            658   2.8e-07   28.4   1.2   2   2   3.8e-07   7.6e-05   20.4   0.3    50   144    40   127    34   131 0.82 -
TRINITY_DN1645_c0_g2_i5:1-396     -            132 24753at7898          -            658   2.8e-07   28.4   1.2   1   2   5.9e-05     0.012   13.1   0.0    48   106     2    60     1    66 0.89 -
TRINITY_DN1645_c0_g2_i5:1-396     -            132 24753at7898          -            658   2.8e-07   28.4   1.2   2   2   3.8e-07   7.6e-05   20.4   0.3    50   144    40   127    34   131 0.82 -
TRINITY_DN1645_c0_g2_i6:1-396     -            132 24753at7898          -            658   2.8e-07   28.4   1.2   1   2   5.9e-05     0.012   13.1   0.0    48   106     2    60     1    66 0.89 -
TRINITY_DN1645_c0_g2_i6:1-396     -            132 24753at7898          -            658   2.8e-07   28.4   1.2   2   2   3.8e-07   7.6e-05   20.4   0.3    50   144    40   127    34   131 0.82 -
TRINITY_DN205_c0_g1_i2:146-541    -            132 24753at7898          -            658   2.8e-07   28.4   1.2   1   2   5.9e-05     0.012   13.1   0.0    48   106     2    60     1    66 0.89 -
TRINITY_DN205_c0_g1_i2:146-541    -            132 24753at7898          -            658   2.8e-07   28.4   1.2   2   2   3.8e-07   7.6e-05   20.4   0.3    50   144    40   127    34   131 0.82 -
TRINITY_DN205_c0_g1_i5:146-541    -            132 24753at7898          -            658   2.8e-07   28.4   1.2   1   2   5.9e-05     0.012   13.1   0.0    48   106     2    60     1    66 0.89 -
TRINITY_DN205_c0_g1_i5:146-541    -            132 24753at7898          -            658   2.8e-07   28.4   1.2   2   2   3.8e-07   7.6e-05   20.4   0.3    50   144    40   127    34   131 0.82 -
TRINITY_DN205_c0_g1_i6:146-541    -            132 24753at7898          -            658   2.8e-07   28.4   1.2   1   2   5.9e-05     0.012   13.1   0.0    48   106     2    60     1    66 0.89 -
TRINITY_DN205_c0_g1_i6:146-541    -            132 24753at7898          -            658   2.8e-07   28.4   1.2   2   2   3.8e-07   7.6e-05   20.4   0.3    50   144    40   127    34   131 0.82 -
TRINITY_DN205_c0_g1_i9:146-541    -            132 24753at7898          -            658   2.8e-07   28.4   1.2   1   2   5.9e-05     0.012   13.1   0.0    48   106     2    60     1    66 0.89 -
TRINITY_DN205_c0_g1_i9:146-541    -            132 24753at7898          -            658   2.8e-07   28.4   1.2   2   2   3.8e-07   7.6e-05   20.4   0.3    50   144    40   127    34   131 0.82 -
TRINITY_DN205_c0_g2_i1:146-541    -            132 24753at7898          -            658   2.8e-07   28.4   1.2   1   2   5.9e-05     0.012   13.1   0.0    48   106     2    60     1    66 0.89 -
TRINITY_DN205_c0_g2_i1:146-541    -            132 24753at7898          -            658   2.8e-07   28.4   1.2   2   2   3.8e-07   7.6e-05   20.4   0.3    50   144    40   127    34   131 0.82 -
TRINITY_DN205_c0_g2_i2:146-541    -            132 24753at7898          -            658   2.8e-07   28.4   1.2   1   2   5.9e-05     0.012   13.1   0.0    48   106     2    60     1    66 0.89 -
TRINITY_DN205_c0_g2_i2:146-541    -            132 24753at7898          -            658   2.8e-07   28.4   1.2   2   2   3.8e-07   7.6e-05   20.4   0.3    50   144    40   127    34   131 0.82 -
TRINITY_DN14025_c0_g1_i1:82-477   -            132 24753at7898          -            658   7.2e-07   27.0   2.0   1   2   4.5e-05    0.0088   13.5   0.1    48   108     2    62     1    73 0.88 -
TRINITY_DN14025_c0_g1_i1:82-477   -            132 24753at7898          -            658   7.2e-07   27.0   2.0   2   2   8.2e-07   0.00016   19.3   0.4    51   144    41   127    36   131 0.79 -
TRINITY_DN4520_c0_g1_i1:209-559   -            117 24753at7898          -            658   9.8e-07   26.6   1.3   1   1   5.8e-09   1.1e-06   26.4   1.3    47   153     4   103     1   112 0.82 -
TRINITY_DN4520_c0_g1_i2:209-559   -            117 24753at7898          -            658   9.8e-07   26.6   1.3   1   1   5.8e-09   1.1e-06   26.4   1.3    47   153     4   103     1   112 0.82 -
TRINITY_DN16424_c0_g1_i1:238-612  -            125 24753at7898          -            658   1.5e-06   26.0   0.4   1   1   2.3e-08   4.5e-06   24.4   0.4    47   146    12   107     3   123 0.86 -
TRINITY_DN4520_c0_g1_i3:236-586   -            117 24753at7898          -            658   1.7e-06   25.8   1.6   1   1     1e-08     2e-06   25.6   1.6    47   153     4   103     1   112 0.81 -
TRINITY_DN48131_c0_g1_i1:104-514  -            137 24753at7898          -            658   3.2e-06   24.9   3.3   1   2   0.00036     0.071   10.5   0.2    47   105     4    62     1    75 0.82 -
TRINITY_DN48131_c0_g1_i1:104-514  -            137 24753at7898          -            658   3.2e-06   24.9   3.3   2   2     1e-05     0.002   15.7   0.3    47   103    77   133    71   136 0.91 -
TRINITY_DN48131_c0_g2_i1:504-914  -            137 24753at7898          -            658   6.6e-06   23.9   3.5   1   2   0.00056      0.11    9.9   0.2    47   105     4    62     1    69 0.77 -
TRINITY_DN48131_c0_g2_i1:504-914  -            137 24753at7898          -            658   6.6e-06   23.9   3.5   2   2   1.3e-05    0.0025   15.3   0.4    46   102    76   132    65   136 0.90 -
TRINITY_DN48131_c0_g2_i2:715-1125 -            137 24753at7898          -            658   6.6e-06   23.9   3.5   1   2   0.00056      0.11    9.9   0.2    47   105     4    62     1    69 0.77 -
TRINITY_DN48131_c0_g2_i2:715-1125 -            137 24753at7898          -            658   6.6e-06   23.9   3.5   2   2   1.3e-05    0.0025   15.3   0.4    46   102    76   132    65   136 0.90 -
TRINITY_DN1208_c0_g1_i13:0-380    -            127 24753at7898          -            658   2.1e-05   22.2   0.4   1   2         1     2e+02   -0.9   0.0    88   107     1    20     1    32 0.83 -
TRINITY_DN1208_c0_g1_i13:0-380    -            127 24753at7898          -            658   2.1e-05   22.2   0.4   2   2   2.8e-07   5.6e-05   20.8   0.2    50   144    35   122    25   126 0.82 -
TRINITY_DN1208_c0_g1_i15:0-380    -            127 24753at7898          -            658   2.1e-05   22.2   0.4   1   2         1     2e+02   -0.9   0.0    88   107     1    20     1    32 0.83 -
TRINITY_DN1208_c0_g1_i15:0-380    -            127 24753at7898          -            658   2.1e-05   22.2   0.4   2   2   2.8e-07   5.6e-05   20.8   0.2    50   144    35   122    25   126 0.82 -
TRINITY_DN1208_c0_g1_i3:0-380     -            127 24753at7898          -            658   2.1e-05   22.2   0.4   1   2         1     2e+02   -0.9   0.0    88   107     1    20     1    32 0.83 -
TRINITY_DN1208_c0_g1_i3:0-380     -            127 24753at7898          -            658   2.1e-05   22.2   0.4   2   2   2.8e-07   5.6e-05   20.8   0.2    50   144    35   122    25   126 0.82 -
TRINITY_DN1208_c0_g1_i10:1-330    -            110 24753at7898          -            658   3.2e-05   21.6   0.2   1   1   1.9e-07   3.8e-05   21.3   0.2    50   144    18   105    10   109 0.82 -
TRINITY_DN1208_c0_g1_i11:1-330    -            110 24753at7898          -            658   3.2e-05   21.6   0.2   1   1   1.9e-07   3.8e-05   21.3   0.2    50   144    18   105    10   109 0.82 -
TRINITY_DN1208_c0_g1_i12:1-330    -            110 24753at7898          -            658   3.2e-05   21.6   0.2   1   1   1.9e-07   3.8e-05   21.3   0.2    50   144    18   105    10   109 0.82 -
TRINITY_DN1208_c0_g1_i16:1-330    -            110 24753at7898          -            658   3.2e-05   21.6   0.2   1   1   1.9e-07   3.8e-05   21.3   0.2    50   144    18   105    10   109 0.82 -
TRINITY_DN1208_c0_g1_i2:1-330     -            110 24753at7898          -            658   3.2e-05   21.6   0.2   1   1   1.9e-07   3.8e-05   21.3   0.2    50   144    18   105    10   109 0.82 -
TRINITY_DN1208_c0_g1_i4:1-330     -            110 24753at7898          -            658   3.2e-05   21.6   0.2   1   1   1.9e-07   3.8e-05   21.3   0.2    50   144    18   105    10   109 0.82 -
TRINITY_DN3880_c0_g2_i2:1-1497    -            499 24753at7898          -            658      0.01   13.4   0.0   1   1   8.4e-05     0.017   12.6   0.0    47    87   350   390   340   405 0.89 -
TRINITY_DN3880_c0_g2_i1:1-1497    -            499 24753at7898          -            658      0.01   13.4   0.0   1   1   8.3e-05     0.016   12.6   0.0    47    87   350   390   340   406 0.89 -
TRINITY_DN24674_c0_g4_i4:5-1786   -            594 24753at7898          -            658     0.031   11.7   0.0   1   2       4.5   8.8e+02   -3.0   1.9   195   260     4    73     2   126 0.56 -
TRINITY_DN24674_c0_g4_i4:5-1786   -            594 24753at7898          -            658     0.031   11.7   0.0   2   2   0.00016     0.031   11.7   0.0    43    86   298   341   274   358 0.93 -
#
# Program:         hmmsearch
# Version:         3.1b2 (February 2015)
# Pipeline mode:   SEARCH
# Query file:      /home/ericjuo/Projects/salmo_trutta_rna_seq/busco_downloads/lineages/actinopterygii_odb10/hmms/24753at7898.hmm
# Target file:     /home/ericjuo/Projects/salmo_trutta_rna_seq/data/02_intermediate/busco/run_actinopterygii_odb10/metaeuk_output/rerun_results/trinity.Trinity.fasta.modified.fas
# Option settings: hmmsearch --domtblout /home/ericjuo/Projects/salmo_trutta_rna_seq/data/02_intermediate/busco/run_actinopterygii_odb10/hmmer_output/rerun_results/24753at7898.out --cpu 1 /home/ericjuo/Projects/salmo_trutta_rna_seq/busco_downloads/lineages/actinopterygii_odb10/hmms/24753at7898.hmm /home/ericjuo/Projects/salmo_trutta_rna_seq/data/02_intermediate/busco/run_actinopterygii_odb10/metaeuk_output/rerun_results/trinity.Trinity.fasta.modified.fas 
# Current dir:     /home/ericjuo/Projects/salmo_trutta_rna_seq
# Date:            Fri Apr 29 13:04:07 2022
# [ok]
