#                                                                                          --- full sequence --- -------------- this domain -------------   hmm coord   ali coord   env coord
# target name                      accession   tlen query name           accession   qlen   E-value  score  bias   #  of  c-Evalue  i-Evalue  score  bias  from    to  from    to  from    to  acc description of target
#              ------------------- ---------- ----- -------------------- ---------- ----- --------- ------ ----- --- --- --------- --------- ------ ----- ----- ----- ----- ----- ----- ----- ---- ---------------------
TRINITY_DN16270_c0_g2_i1:4-846     -            281 30568at7898          -            478  1.2e-118  395.8   8.4   1   2   2.1e-20   1.2e-18   66.1   0.2   202   240     5    43     2    54 0.90 -
TRINITY_DN16270_c0_g2_i1:4-846     -            281 30568at7898          -            478  1.2e-118  395.8   8.4   2   2  2.3e-101   1.3e-99  333.0   3.1   237   424    77   281    69   281 0.95 -
TRINITY_DN3550_c0_g1_i3:449-1936   -            496 30568at7898          -            478    4e-111  371.0  23.1   1   3   7.4e-31   4.3e-29  100.5   9.6   123   240     5   128     1   131 0.89 -
TRINITY_DN3550_c0_g1_i3:449-1936   -            496 30568at7898          -            478    4e-111  371.0  23.1   2   3     3e-21   1.8e-19   68.8   0.8   161   239   133   217   128   224 0.86 -
TRINITY_DN3550_c0_g1_i3:449-1936   -            496 30568at7898          -            478    4e-111  371.0  23.1   3   3   2.5e-64   1.4e-62  210.9   0.3   240   471   240   496   232   496 0.86 -
TRINITY_DN3550_c0_g1_i4:1172-2659  -            496 30568at7898          -            478    4e-111  371.0  23.1   1   3   7.4e-31   4.3e-29  100.5   9.6   123   240     5   128     1   131 0.89 -
TRINITY_DN3550_c0_g1_i4:1172-2659  -            496 30568at7898          -            478    4e-111  371.0  23.1   2   3     3e-21   1.8e-19   68.8   0.8   161   239   133   217   128   224 0.86 -
TRINITY_DN3550_c0_g1_i4:1172-2659  -            496 30568at7898          -            478    4e-111  371.0  23.1   3   3   2.5e-64   1.4e-62  210.9   0.3   240   471   240   496   232   496 0.86 -
TRINITY_DN3550_c0_g1_i5:839-2326   -            496 30568at7898          -            478    4e-111  371.0  23.1   1   3   7.4e-31   4.3e-29  100.5   9.6   123   240     5   128     1   131 0.89 -
TRINITY_DN3550_c0_g1_i5:839-2326   -            496 30568at7898          -            478    4e-111  371.0  23.1   2   3     3e-21   1.8e-19   68.8   0.8   161   239   133   217   128   224 0.86 -
TRINITY_DN3550_c0_g1_i5:839-2326   -            496 30568at7898          -            478    4e-111  371.0  23.1   3   3   2.5e-64   1.4e-62  210.9   0.3   240   471   240   496   232   496 0.86 -
TRINITY_DN48_c0_g1_i11:839-2704    -            622 30568at7898          -            478  2.9e-107  358.3  28.8   1   4   1.4e-15   7.8e-14   50.2   1.4   161   239     2    82     1    87 0.90 -
TRINITY_DN48_c0_g1_i11:839-2704    -            622 30568at7898          -            478  2.9e-107  358.3  28.8   2   4   2.2e-16   1.3e-14   52.8   1.5   158   239    89   172    83   180 0.81 -
TRINITY_DN48_c0_g1_i11:839-2704    -            622 30568at7898          -            478  2.9e-107  358.3  28.8   3   4   6.2e-20   3.6e-18   64.5   0.6   159   242   185   270   176   279 0.85 -
TRINITY_DN48_c0_g1_i11:839-2704    -            622 30568at7898          -            478  2.9e-107  358.3  28.8   4   4   3.1e-63   1.8e-61  207.3   4.1   160   475   294   621   284   622 0.83 -
TRINITY_DN48_c0_g1_i12:723-2576    -            618 30568at7898          -            478  1.5e-106  355.9  27.0   1   4   1.3e-14   7.4e-13   47.0   0.5   167   240     4    79     1    86 0.89 -
TRINITY_DN48_c0_g1_i12:723-2576    -            618 30568at7898          -            478  1.5e-106  355.9  27.0   2   4   2.2e-16   1.3e-14   52.8   1.4   158   239    85   168    79   175 0.81 -
TRINITY_DN48_c0_g1_i12:723-2576    -            618 30568at7898          -            478  1.5e-106  355.9  27.0   3   4   6.6e-20   3.8e-18   64.4   0.7   159   242   181   266   173   275 0.85 -
TRINITY_DN48_c0_g1_i12:723-2576    -            618 30568at7898          -            478  1.5e-106  355.9  27.0   4   4     3e-63   1.7e-61  207.3   4.1   160   475   290   617   280   618 0.83 -
TRINITY_DN48_c0_g1_i5:615-2468     -            618 30568at7898          -            478  1.5e-106  355.9  27.0   1   4   1.3e-14   7.4e-13   47.0   0.5   167   240     4    79     1    86 0.89 -
TRINITY_DN48_c0_g1_i5:615-2468     -            618 30568at7898          -            478  1.5e-106  355.9  27.0   2   4   2.2e-16   1.3e-14   52.8   1.4   158   239    85   168    79   175 0.81 -
TRINITY_DN48_c0_g1_i5:615-2468     -            618 30568at7898          -            478  1.5e-106  355.9  27.0   3   4   6.6e-20   3.8e-18   64.4   0.7   159   242   181   266   173   275 0.85 -
TRINITY_DN48_c0_g1_i5:615-2468     -            618 30568at7898          -            478  1.5e-106  355.9  27.0   4   4     3e-63   1.7e-61  207.3   4.1   160   475   290   617   280   618 0.83 -
TRINITY_DN60265_c0_g1_i1:281-1465  -            395 30568at7898          -            478   9.5e-88  293.9  14.4   1   2   9.5e-25   5.5e-23   80.4   5.9   127   242     1   115     1   120 0.92 -
TRINITY_DN60265_c0_g1_i1:281-1465  -            395 30568at7898          -            478   9.5e-88  293.9  14.4   2   2   8.4e-67   4.8e-65  219.0   1.3   239   471   139   395   127   395 0.86 -
TRINITY_DN19517_c0_g2_i1:336-1934  -            533 30568at7898          -            478     2e-86  289.6  28.0   1   2   2.5e-29   1.5e-27   95.4  17.9    48   240     4   201     1   208 0.82 -
TRINITY_DN19517_c0_g2_i1:336-1934  -            533 30568at7898          -            478     2e-86  289.6  28.0   2   2   5.6e-61   3.2e-59  199.8   2.4   238   471   282   533   275   533 0.88 -
TRINITY_DN48_c0_g1_i14:615-2294    -            560 30568at7898          -            478   8.2e-85  284.2  21.8   1   4   1.1e-14   6.4e-13   47.2   0.5   167   240     4    79     1    86 0.89 -
TRINITY_DN48_c0_g1_i14:615-2294    -            560 30568at7898          -            478   8.2e-85  284.2  21.8   2   4   1.9e-16   1.1e-14   53.0   1.4   158   239    85   168    79   175 0.81 -
TRINITY_DN48_c0_g1_i14:615-2294    -            560 30568at7898          -            478   8.2e-85  284.2  21.8   3   4   5.7e-20   3.3e-18   64.6   0.7   159   242   181   266   173   275 0.85 -
TRINITY_DN48_c0_g1_i14:615-2294    -            560 30568at7898          -            478   8.2e-85  284.2  21.8   4   4   7.6e-41   4.4e-39  133.4   0.5   160   421   290   559   280   560 0.80 -
TRINITY_DN48_c0_g1_i3:723-2348     -            542 30568at7898          -            478   2.2e-83  279.5  21.3   1   4   1.1e-14   6.1e-13   47.2   0.5   167   240     4    79     1    86 0.89 -
TRINITY_DN48_c0_g1_i3:723-2348     -            542 30568at7898          -            478   2.2e-83  279.5  21.3   2   4   1.8e-16     1e-14   53.1   1.4   158   239    85   168    79   175 0.81 -
TRINITY_DN48_c0_g1_i3:723-2348     -            542 30568at7898          -            478   2.2e-83  279.5  21.3   3   4   5.4e-20   3.1e-18   64.7   0.7   159   242   181   266   173   275 0.85 -
TRINITY_DN48_c0_g1_i3:723-2348     -            542 30568at7898          -            478   2.2e-83  279.5  21.3   4   4   3.2e-39   1.9e-37  128.1   0.4   160   385   290   520   280   537 0.81 -
TRINITY_DN48_c0_g1_i8:22-1290      -            423 30568at7898          -            478   5.2e-67  225.5  17.4   1   3     3e-10   1.7e-08   32.6   2.8   205   239    16    49    12    57 0.88 -
TRINITY_DN48_c0_g1_i8:22-1290      -            423 30568at7898          -            478   5.2e-67  225.5  17.4   2   3   3.2e-20   1.8e-18   65.5   1.0   159   243    62   148    55   156 0.84 -
TRINITY_DN48_c0_g1_i8:22-1290      -            423 30568at7898          -            478   5.2e-67  225.5  17.4   3   3   6.1e-42   3.5e-40  137.1   0.5   156   385   167   401   159   418 0.83 -
TRINITY_DN48_c0_g1_i4:1488-2486    -            333 30568at7898          -            478   3.8e-64  216.1   5.2   1   1   7.3e-66   4.2e-64  215.9   5.2   158   475     3   332     1   333 0.84 -
TRINITY_DN2604_c0_g1_i2:329-1705   -            459 30568at7898          -            478   7.7e-58  195.3  21.6   1   3      0.16       9.3    3.8   0.1   219   247     1    28     1    33 0.89 -
TRINITY_DN2604_c0_g1_i2:329-1705   -            459 30568at7898          -            478   7.7e-58  195.3  21.6   2   3   1.8e-12     1e-10   39.9   0.7   160   223    32    98    28   115 0.82 -
TRINITY_DN2604_c0_g1_i2:329-1705   -            459 30568at7898          -            478   7.7e-58  195.3  21.6   3   3   3.1e-47   1.8e-45  154.5  11.4   160   475   119   459   105   459 0.81 -
TRINITY_DN2604_c0_g1_i1:329-1702   -            458 30568at7898          -            478   1.8e-56  190.8  20.8   1   3      0.17       9.9    3.7   0.1   219   247     1    28     1    32 0.89 -
TRINITY_DN2604_c0_g1_i1:329-1702   -            458 30568at7898          -            478   1.8e-56  190.8  20.8   2   3   1.9e-12   1.1e-10   39.8   0.7   160   223    32    98    28   114 0.83 -
TRINITY_DN2604_c0_g1_i1:329-1702   -            458 30568at7898          -            478   1.8e-56  190.8  20.8   3   3   2.2e-46   1.2e-44  151.7  10.6   160   475   119   458   103   458 0.80 -
TRINITY_DN2604_c0_g1_i3:329-1702   -            458 30568at7898          -            478   1.8e-56  190.8  20.8   1   3      0.17       9.9    3.7   0.1   219   247     1    28     1    32 0.89 -
TRINITY_DN2604_c0_g1_i3:329-1702   -            458 30568at7898          -            478   1.8e-56  190.8  20.8   2   3   1.9e-12   1.1e-10   39.8   0.7   160   223    32    98    28   114 0.83 -
TRINITY_DN2604_c0_g1_i3:329-1702   -            458 30568at7898          -            478   1.8e-56  190.8  20.8   3   3   2.2e-46   1.2e-44  151.7  10.6   160   475   119   458   103   458 0.80 -
TRINITY_DN19517_c0_g2_i1:1236-1952 -            239 30568at7898          -            478   1.1e-55  188.1   1.7   1   1   2.2e-57   1.2e-55  188.0   1.7   259   474     3   236     1   239 0.85 -
TRINITY_DN7445_c0_g1_i7:468-1532   -            355 30568at7898          -            478   1.1e-49  168.3   1.2   1   1     2e-51   1.1e-49  168.3   1.2   241   475   112   353    94   355 0.87 -
TRINITY_DN7445_c0_g1_i3:468-1529   -            354 30568at7898          -            478   1.2e-49  168.3   1.2   1   1     2e-51   1.2e-49  168.3   1.2   241   475   111   352    93   354 0.87 -
TRINITY_DN1627_c0_g1_i1:1415-2227  -            271 30568at7898          -            478   4.6e-49  166.3   0.9   1   1   9.5e-51   5.5e-49  166.1   0.9   238   473    15   269     5   271 0.83 -
TRINITY_DN1627_c0_g1_i3:1400-2212  -            271 30568at7898          -            478   4.6e-49  166.3   0.9   1   1   9.5e-51   5.5e-49  166.1   0.9   238   473    15   269     5   271 0.83 -
TRINITY_DN1627_c0_g1_i6:1400-2212  -            271 30568at7898          -            478   4.6e-49  166.3   0.9   1   1   9.5e-51   5.5e-49  166.1   0.9   238   473    15   269     5   271 0.83 -
TRINITY_DN7445_c0_g1_i8:468-2630   -            721 30568at7898          -            478   6.1e-49  166.0   1.0   1   1     1e-50   6.1e-49  166.0   1.0   241   475   478   719   460   721 0.87 -
TRINITY_DN463_c0_g2_i5:123-1241    -            373 30568at7898          -            478   6.4e-47  159.3  16.5   1   1   1.7e-48   9.6e-47  158.7  16.5   123   473    10   371     5   373 0.72 -
TRINITY_DN463_c0_g2_i2:322-1560    -            413 30568at7898          -            478   1.6e-46  158.0  19.1   1   1   4.5e-48   2.6e-46  157.3  19.1   120   473    47   411    31   413 0.76 -
TRINITY_DN463_c0_g2_i4:322-1560    -            413 30568at7898          -            478   1.6e-46  158.0  19.1   1   1   4.5e-48   2.6e-46  157.3  19.1   120   473    47   411    31   413 0.76 -
TRINITY_DN463_c0_g2_i1:322-1530    -            403 30568at7898          -            478   1.7e-46  157.9  19.3   1   1   4.8e-48   2.8e-46  157.2  19.3   120   473    37   401    22   403 0.76 -
TRINITY_DN463_c0_g2_i3:322-1530    -            403 30568at7898          -            478   1.7e-46  157.9  19.3   1   1   4.8e-48   2.8e-46  157.2  19.3   120   473    37   401    22   403 0.76 -
TRINITY_DN11030_c0_g1_i2:99-1316   -            406 30568at7898          -            478   3.8e-46  156.7  12.9   1   2   0.00067     0.039   11.6   5.7   122   158    67   103    32   123 0.63 -
TRINITY_DN11030_c0_g1_i2:99-1316   -            406 30568at7898          -            478   3.8e-46  156.7  12.9   2   2   7.7e-46   4.5e-44  149.9   0.1   250   471   175   406   161   406 0.86 -
TRINITY_DN11030_c0_g1_i1:80-1342   -            421 30568at7898          -            478   4.1e-46  156.6  12.8   1   2   0.00071     0.041   11.5   5.7   122   158    82   118    47   138 0.63 -
TRINITY_DN11030_c0_g1_i1:80-1342   -            421 30568at7898          -            478   4.1e-46  156.6  12.8   2   2   8.5e-46   4.9e-44  149.8   0.1   250   471   190   421   176   421 0.86 -
TRINITY_DN1212_c0_g1_i9:114-1443   -            366 30568at7898          -            478   1.2e-45  155.1   1.0   1   1   3.7e-47   2.2e-45  154.2   1.0   163   475     1   366     1   366 0.75 -
TRINITY_DN1212_c0_g1_i1:24-1229    -            402 30568at7898          -            478   5.3e-45  153.0   1.9   1   2   2.3e-13   1.3e-11   42.8   0.5   163   239     2    82     1    99 0.81 -
TRINITY_DN1212_c0_g1_i1:24-1229    -            402 30568at7898          -            478   5.3e-45  153.0   1.9   2   2   1.2e-33   6.8e-32  109.7   0.0   251   476   146   401   135   402 0.78 -
TRINITY_DN1212_c0_g1_i7:108-1313   -            402 30568at7898          -            478   8.7e-45  152.2   1.4   1   2   4.8e-13   2.8e-11   41.8   0.3   163   239     2    82     1    99 0.80 -
TRINITY_DN1212_c0_g1_i7:108-1313   -            402 30568at7898          -            478   8.7e-45  152.2   1.4   2   2   1.2e-33   6.8e-32  109.7   0.0   251   476   146   401   135   402 0.78 -
TRINITY_DN1212_c0_g1_i3:24-1229    -            402 30568at7898          -            478   9.6e-45  152.1   2.4   1   2   3.4e-13     2e-11   42.3   0.6   163   239     2    82     1    99 0.80 -
TRINITY_DN1212_c0_g1_i3:24-1229    -            402 30568at7898          -            478   9.6e-45  152.1   2.4   2   2   1.2e-33   6.8e-32  109.7   0.0   251   476   146   401   135   402 0.78 -
TRINITY_DN24195_c1_g1_i3:470-1834  -            455 30568at7898          -            478   6.3e-44  149.4  15.5   1   1   3.5e-45     2e-43  147.7  15.6   124   475    86   455    77   455 0.79 -
TRINITY_DN2388_c0_g1_i11:1146-2243 -            366 30568at7898          -            478   7.6e-44  149.1   4.2   1   1   1.5e-45   8.8e-44  148.9   4.2   218   472   108   366    48   366 0.85 -
TRINITY_DN2388_c0_g1_i7:1128-2225  -            366 30568at7898          -            478   7.6e-44  149.1   4.2   1   1   1.5e-45   8.8e-44  148.9   4.2   218   472   108   366    48   366 0.85 -
TRINITY_DN2388_c0_g1_i9:1146-2243  -            366 30568at7898          -            478   7.6e-44  149.1   4.2   1   1   1.5e-45   8.8e-44  148.9   4.2   218   472   108   366    48   366 0.85 -
TRINITY_DN2388_c0_g1_i3:1146-2243  -            366 30568at7898          -            478   9.4e-43  145.5   3.8   1   1   1.9e-44   1.1e-42  145.3   3.8   218   472   108   366    48   366 0.85 -
TRINITY_DN60175_c0_g1_i1:621-2834  -            738 30568at7898          -            478     3e-42  143.9  21.3   1   1   1.7e-43     1e-41  142.1  21.3   240   473   490   736   359   738 0.87 -
TRINITY_DN359_c0_g2_i13:204-1292   -            363 30568at7898          -            478   5.7e-42  143.0   3.8   1   1   1.3e-43   7.6e-42  142.5   3.8   229   472   106   361    96   363 0.85 -
TRINITY_DN359_c0_g2_i14:381-1469   -            363 30568at7898          -            478   5.7e-42  143.0   3.8   1   1   1.3e-43   7.6e-42  142.5   3.8   229   472   106   361    96   363 0.85 -
TRINITY_DN4051_c0_g1_i2:180-1631   -            484 30568at7898          -            478   7.7e-42  142.5  12.7   1   2   0.00025     0.014   13.1   9.1   123   168    71   115    47   136 0.81 -
TRINITY_DN4051_c0_g1_i2:180-1631   -            484 30568at7898          -            478   7.7e-42  142.5  12.7   2   2   5.9e-40   3.4e-38  130.5   0.0   250   471   249   484   238   484 0.84 -
TRINITY_DN12089_c0_g1_i1:628-1473  -            282 30568at7898          -            478   9.7e-42  142.2   3.1   1   1   2.1e-43   1.2e-41  141.9   3.1   229   475    14   278     7   280 0.82 -
TRINITY_DN12089_c0_g1_i2:623-1468  -            282 30568at7898          -            478   9.7e-42  142.2   3.1   1   1   2.1e-43   1.2e-41  141.9   3.1   229   475    14   278     7   280 0.82 -
TRINITY_DN24195_c1_g1_i2:470-1826  -            376 30568at7898          -            478   9.8e-42  142.2  18.3   1   2      0.42        24    2.4  14.0    47   121    13    94     5   114 0.67 -
TRINITY_DN24195_c1_g1_i2:470-1826  -            376 30568at7898          -            478   9.8e-42  142.2  18.3   2   2   2.5e-43   1.5e-41  141.6   0.1   249   475   136   376   123   376 0.84 -
TRINITY_DN4807_c0_g1_i1:250-1497   -            416 30568at7898          -            478   1.8e-41  141.3  12.8   1   2     0.021       1.2    6.7   3.0    48    78    88   119    76   132 0.84 -
TRINITY_DN4807_c0_g1_i1:250-1497   -            416 30568at7898          -            478   1.8e-41  141.3  12.8   2   2   1.1e-42   6.5e-41  139.5   2.9   206   474   136   415   127   416 0.80 -
TRINITY_DN4807_c0_g1_i2:250-1497   -            416 30568at7898          -            478   1.8e-41  141.3  12.8   1   2     0.021       1.2    6.7   3.0    48    78    88   119    76   132 0.84 -
TRINITY_DN4807_c0_g1_i2:250-1497   -            416 30568at7898          -            478   1.8e-41  141.3  12.8   2   2   1.1e-42   6.5e-41  139.5   2.9   206   474   136   415   127   416 0.80 -
TRINITY_DN4807_c0_g1_i3:251-1498   -            416 30568at7898          -            478   1.8e-41  141.3  12.8   1   2     0.021       1.2    6.7   3.0    48    78    88   119    76   132 0.84 -
TRINITY_DN4807_c0_g1_i3:251-1498   -            416 30568at7898          -            478   1.8e-41  141.3  12.8   2   2   1.1e-42   6.5e-41  139.5   2.9   206   474   136   415   127   416 0.80 -
TRINITY_DN12668_c0_g1_i1:430-2772  -            781 30568at7898          -            478   2.5e-41  140.8  29.2   1   1   1.7e-42     1e-40  138.9  28.5   231   473   527   779   401   781 0.74 -
TRINITY_DN12668_c0_g1_i2:336-2678  -            781 30568at7898          -            478   2.5e-41  140.8  29.2   1   1   1.7e-42     1e-40  138.9  28.5   231   473   527   779   401   781 0.74 -
TRINITY_DN359_c0_g2_i18:204-1349   -            382 30568at7898          -            478   4.7e-41  140.0   4.5   1   2       2.6   1.5e+02   -0.2   0.0   354   420    62   132    58   148 0.67 -
TRINITY_DN359_c0_g2_i18:204-1349   -            382 30568at7898          -            478   4.7e-41  140.0   4.5   2   2   1.7e-42   9.6e-41  138.9   4.0   237   472   137   380   119   382 0.88 -
TRINITY_DN359_c0_g2_i8:381-1526    -            382 30568at7898          -            478     5e-41  139.8   4.4   1   2       2.6   1.5e+02   -0.2   0.0   354   420    62   132    58   148 0.67 -
TRINITY_DN359_c0_g2_i8:381-1526    -            382 30568at7898          -            478     5e-41  139.8   4.4   2   2   1.8e-42     1e-40  138.8   3.9   237   472   137   380   119   382 0.88 -
TRINITY_DN359_c0_g2_i10:204-1349   -            382 30568at7898          -            478     6e-41  139.6   4.2   1   2       2.6   1.5e+02   -0.2   0.0   354   420    62   132    57   147 0.67 -
TRINITY_DN359_c0_g2_i10:204-1349   -            382 30568at7898          -            478     6e-41  139.6   4.2   2   2     3e-42   1.7e-40  138.1   4.0   237   472   137   380   127   382 0.89 -
TRINITY_DN359_c0_g2_i7:204-1349    -            382 30568at7898          -            478     6e-41  139.6   4.2   1   2       2.6   1.5e+02   -0.2   0.0   354   420    62   132    57   147 0.67 -
TRINITY_DN359_c0_g2_i7:204-1349    -            382 30568at7898          -            478     6e-41  139.6   4.2   2   2     3e-42   1.7e-40  138.1   4.0   237   472   137   380   127   382 0.89 -
TRINITY_DN359_c0_g2_i1:204-1349    -            382 30568at7898          -            478   6.5e-41  139.5   4.0   1   2       2.6   1.5e+02   -0.2   0.0   354   420    62   132    57   147 0.67 -
TRINITY_DN359_c0_g2_i1:204-1349    -            382 30568at7898          -            478   6.5e-41  139.5   4.0   2   2   3.2e-42   1.9e-40  138.0   3.8   237   472   137   380   127   382 0.89 -
TRINITY_DN857_c0_g1_i10:8979-9635  -            219 30568at7898          -            478   1.9e-40  137.9   7.1   1   1   3.6e-42   2.1e-40  137.8   7.1   262   475     7   219     1   219 0.81 -
TRINITY_DN857_c0_g1_i11:9021-9677  -            219 30568at7898          -            478   1.9e-40  137.9   7.1   1   1   3.6e-42   2.1e-40  137.8   7.1   262   475     7   219     1   219 0.81 -
TRINITY_DN857_c0_g1_i15:8946-9602  -            219 30568at7898          -            478   1.9e-40  137.9   7.1   1   1   3.6e-42   2.1e-40  137.8   7.1   262   475     7   219     1   219 0.81 -
TRINITY_DN857_c0_g1_i24:8978-9634  -            219 30568at7898          -            478   1.9e-40  137.9   7.1   1   1   3.6e-42   2.1e-40  137.8   7.1   262   475     7   219     1   219 0.81 -
TRINITY_DN857_c0_g1_i43:8917-9573  -            219 30568at7898          -            478   1.9e-40  137.9   7.1   1   1   3.6e-42   2.1e-40  137.8   7.1   262   475     7   219     1   219 0.81 -
TRINITY_DN857_c0_g1_i51:9018-9674  -            219 30568at7898          -            478   1.9e-40  137.9   7.1   1   1   3.6e-42   2.1e-40  137.8   7.1   262   475     7   219     1   219 0.81 -
TRINITY_DN857_c0_g1_i68:9053-9709  -            219 30568at7898          -            478   1.9e-40  137.9   7.1   1   1   3.6e-42   2.1e-40  137.8   7.1   262   475     7   219     1   219 0.81 -
TRINITY_DN618_c0_g3_i1:204-947     -            248 30568at7898          -            478   2.2e-40  137.7   2.1   1   1   4.2e-42   2.4e-40  137.6   2.1   250   474    15   245     2   248 0.84 -
TRINITY_DN716_c0_g2_i1:101-754     -            218 30568at7898          -            478   2.7e-40  137.4   5.2   1   1   5.4e-42   3.1e-40  137.2   5.2   273   475    20   216     2   218 0.86 -
TRINITY_DN4051_c0_g1_i1:159-1718   -            485 30568at7898          -            478   3.6e-40  137.0  14.0   1   2   0.00024     0.014   13.1   9.1   123   168    69   113    45   134 0.81 -
TRINITY_DN4051_c0_g1_i1:159-1718   -            485 30568at7898          -            478   3.6e-40  137.0  14.0   2   2   1.1e-38   6.6e-37  126.3   0.1   250   475   247   482   236   485 0.80 -
TRINITY_DN1830_c0_g1_i4:227-1597   -            457 30568at7898          -            478   7.5e-40  136.0  14.1   1   2     0.039       2.3    5.8   8.4    45   111    70   134    43   161 0.72 -
TRINITY_DN1830_c0_g1_i4:227-1597   -            457 30568at7898          -            478   7.5e-40  136.0  14.1   2   2   6.8e-41   3.9e-39  133.6   0.3   247   475   220   457   190   457 0.84 -
TRINITY_DN1830_c0_g1_i10:548-1714  -            389 30568at7898          -            478   7.8e-40  135.9  14.0   1   2      0.12         7    4.2   9.4    47   110     9    70     2    99 0.67 -
TRINITY_DN1830_c0_g1_i10:548-1714  -            389 30568at7898          -            478   7.8e-40  135.9  14.0   2   2   4.1e-41   2.4e-39  134.3   0.1   247   475   151   388   115   389 0.84 -
TRINITY_DN1830_c0_g1_i18:167-1597  -            477 30568at7898          -            478   8.9e-40  135.7  13.7   1   2     0.045       2.6    5.6   8.5    45   111    90   154    64   181 0.71 -
TRINITY_DN1830_c0_g1_i18:167-1597  -            477 30568at7898          -            478   8.9e-40  135.7  13.7   2   2   9.3e-41   5.4e-39  133.2   0.2   246   475   239   477   207   477 0.84 -
TRINITY_DN1830_c0_g1_i11:278-1648  -            457 30568at7898          -            478     1e-39  135.5  14.1   1   2     0.039       2.3    5.8   8.4    45   111    70   134    43   161 0.72 -
TRINITY_DN1830_c0_g1_i11:278-1648  -            457 30568at7898          -            478     1e-39  135.5  14.1   2   2     9e-41   5.2e-39  133.2   0.3   247   475   220   457   190   457 0.84 -
TRINITY_DN1830_c0_g1_i14:227-1597  -            457 30568at7898          -            478     1e-39  135.5  14.1   1   2     0.039       2.3    5.8   8.4    45   111    70   134    43   161 0.72 -
TRINITY_DN1830_c0_g1_i14:227-1597  -            457 30568at7898          -            478     1e-39  135.5  14.1   2   2     9e-41   5.2e-39  133.2   0.3   247   475   220   457   190   457 0.84 -
TRINITY_DN1830_c0_g1_i9:278-1648   -            457 30568at7898          -            478     1e-39  135.5  14.1   1   2     0.039       2.3    5.8   8.4    45   111    70   134    43   161 0.72 -
TRINITY_DN1830_c0_g1_i9:278-1648   -            457 30568at7898          -            478     1e-39  135.5  14.1   2   2     9e-41   5.2e-39  133.2   0.3   247   475   220   457   190   457 0.84 -
TRINITY_DN1830_c0_g1_i6:167-1838   -            471 30568at7898          -            478   2.1e-39  134.5  14.9   1   2      0.17       9.8    3.7  10.5    44   111    89   154    57   181 0.71 -
TRINITY_DN1830_c0_g1_i6:167-1838   -            471 30568at7898          -            478   2.1e-39  134.5  14.9   2   2     9e-41   5.2e-39  133.2   0.1   247   475   234   471   202   471 0.84 -
TRINITY_DN3989_c1_g1_i1:85-762     -            226 30568at7898          -            478   2.8e-39  134.1   1.2   1   1   5.9e-41   3.4e-39  133.8   1.2   274   475    17   223    13   226 0.89 -
TRINITY_DN1212_c0_g1_i6:111-1193   -            361 30568at7898          -            478   5.3e-39  133.2   1.5   1   2   4.2e-07   2.4e-05   22.2   0.3   207   239     8    41     4    58 0.88 -
TRINITY_DN1212_c0_g1_i6:111-1193   -            361 30568at7898          -            478   5.3e-39  133.2   1.5   2   2   8.5e-34   4.9e-32  110.2   0.0   251   476   105   360    94   361 0.78 -
TRINITY_DN858_c0_g1_i3:153-1364    -            404 30568at7898          -            478   2.5e-38  130.9  13.2   1   2      0.21        12    3.4  11.8    43   111    65   133    53   159 0.72 -
TRINITY_DN858_c0_g1_i3:153-1364    -            404 30568at7898          -            478   2.5e-38  130.9  13.2   2   2   1.5e-38   8.9e-37  125.8   1.7   247   474   166   404   111   404 0.79 -
TRINITY_DN858_c0_g1_i5:153-1492    -            351 30568at7898          -            478   2.8e-38  130.8  12.7   1   2      0.36        21    2.6  11.3    44    80    18    54     9   107 0.80 -
TRINITY_DN858_c0_g1_i5:153-1492    -            351 30568at7898          -            478   2.8e-38  130.8  12.7   2   2   5.3e-39   3.1e-37  127.4   0.8   247   474   113   351    57   351 0.79 -
TRINITY_DN858_c0_g1_i2:153-1636    -            399 30568at7898          -            478   5.3e-38  129.9  13.0   1   2      0.21        12    3.4   9.8    44    79    66   101    57   129 0.85 -
TRINITY_DN858_c0_g1_i2:153-1636    -            399 30568at7898          -            478   5.3e-38  129.9  13.0   2   2   8.9e-39   5.1e-37  126.6   0.9   247   474   161   399   106   399 0.79 -
TRINITY_DN858_c0_g1_i4:153-1636    -            399 30568at7898          -            478   5.3e-38  129.9  13.0   1   2      0.21        12    3.4   9.8    44    79    66   101    57   129 0.85 -
TRINITY_DN858_c0_g1_i4:153-1636    -            399 30568at7898          -            478   5.3e-38  129.9  13.0   2   2   8.9e-39   5.1e-37  126.6   0.9   247   474   161   399   106   399 0.79 -
TRINITY_DN1749_c0_g3_i1:220-891    -            224 30568at7898          -            478   5.4e-38  129.9   3.0   1   1     1e-39   5.9e-38  129.7   3.0   265   475     1   222     1   224 0.83 -
TRINITY_DN4008_c0_g1_i4:580-2871   -            764 30568at7898          -            478     6e-38  129.7  36.3   1   1   1.6e-38   9.1e-37  125.8  36.3   233   473   511   762   349   764 0.74 -
TRINITY_DN3975_c0_g1_i1:801-2201   -            467 30568at7898          -            478     7e-38  129.5  14.8   1   2    0.0071      0.41    8.2  10.1    46    82    85   121    66   172 0.64 -
TRINITY_DN3975_c0_g1_i1:801-2201   -            467 30568at7898          -            478     7e-38  129.5  14.8   2   2   8.5e-38   4.9e-36  123.4   0.1   251   476   233   466   215   467 0.85 -
TRINITY_DN3975_c0_g1_i2:917-2317   -            467 30568at7898          -            478     7e-38  129.5  14.8   1   2    0.0071      0.41    8.2  10.1    46    82    85   121    66   172 0.64 -
TRINITY_DN3975_c0_g1_i2:917-2317   -            467 30568at7898          -            478     7e-38  129.5  14.8   2   2   8.5e-38   4.9e-36  123.4   0.1   251   476   233   466   215   467 0.85 -
TRINITY_DN3975_c0_g1_i8:778-2178   -            467 30568at7898          -            478     7e-38  129.5  14.8   1   2    0.0071      0.41    8.2  10.1    46    82    85   121    66   172 0.64 -
TRINITY_DN3975_c0_g1_i8:778-2178   -            467 30568at7898          -            478     7e-38  129.5  14.8   2   2   8.5e-38   4.9e-36  123.4   0.1   251   476   233   466   215   467 0.85 -
TRINITY_DN3989_c1_g2_i1:74-754     -            227 30568at7898          -            478     2e-37  128.0   1.6   1   1   4.1e-39   2.4e-37  127.7   1.6   273   476    16   226     8   227 0.87 -
TRINITY_DN3975_c0_g1_i5:801-2162   -            454 30568at7898          -            478   2.8e-37  127.5  15.1   1   2    0.0092      0.53    7.9  10.3    46    82    70   106    56   152 0.63 -
TRINITY_DN3975_c0_g1_i5:801-2162   -            454 30568at7898          -            478   2.8e-37  127.5  15.1   2   2   2.9e-37   1.7e-35  121.6   0.1   251   476   220   453   203   454 0.84 -
TRINITY_DN716_c0_g2_i2:893-1546    -            218 30568at7898          -            478   7.1e-37  126.2   4.1   1   1   1.4e-38   8.2e-37  126.0   4.1   273   475    20   216     2   218 0.86 -
TRINITY_DN1268_c0_g1_i24:1247-2065 -            273 30568at7898          -            478   7.5e-37  126.1   0.3   1   1   1.6e-38   9.2e-37  125.8   0.3   235   475    18   273    10   273 0.78 -
TRINITY_DN3975_c0_g1_i6:917-2206   -            430 30568at7898          -            478   8.7e-37  125.9  15.5   1   2    0.0094      0.55    7.8  10.6    46    82    46    82    33   133 0.63 -
TRINITY_DN3975_c0_g1_i6:917-2206   -            430 30568at7898          -            478   8.7e-37  125.9  15.5   2   2   7.7e-37   4.4e-35  120.2   0.2   251   476   196   429   179   430 0.84 -
TRINITY_DN618_c0_g1_i1:232-897     -            222 30568at7898          -            478   2.3e-36  124.5   2.8   1   1   4.3e-38   2.5e-36  124.3   2.8   262   476     2   220     1   222 0.84 -
TRINITY_DN2098_c0_g1_i10:552-1799  -            416 30568at7898          -            478   2.5e-36  124.3  12.3   1   2   0.00042     0.024   12.3   7.9   124   168    73   117    64   134 0.75 -
TRINITY_DN2098_c0_g1_i10:552-1799  -            416 30568at7898          -            478   2.5e-36  124.3  12.3   2   2   1.1e-34   6.1e-33  113.2   1.1   246   476   165   415   115   416 0.77 -
TRINITY_DN2098_c0_g1_i14:576-1823  -            416 30568at7898          -            478   2.5e-36  124.3  12.3   1   2   0.00042     0.024   12.3   7.9   124   168    73   117    64   134 0.75 -
TRINITY_DN2098_c0_g1_i14:576-1823  -            416 30568at7898          -            478   2.5e-36  124.3  12.3   2   2   1.1e-34   6.1e-33  113.2   1.1   246   476   165   415   115   416 0.77 -
TRINITY_DN2098_c0_g1_i17:427-1674  -            416 30568at7898          -            478   2.5e-36  124.3  12.3   1   2   0.00042     0.024   12.3   7.9   124   168    73   117    64   134 0.75 -
TRINITY_DN2098_c0_g1_i17:427-1674  -            416 30568at7898          -            478   2.5e-36  124.3  12.3   2   2   1.1e-34   6.1e-33  113.2   1.1   246   476   165   415   115   416 0.77 -
TRINITY_DN2098_c0_g1_i23:555-1799  -            415 30568at7898          -            478   3.7e-36  123.8  12.5   1   2   0.00045     0.026   12.2   8.1   124   168    73   117    63   134 0.75 -
TRINITY_DN2098_c0_g1_i23:555-1799  -            415 30568at7898          -            478   3.7e-36  123.8  12.5   2   2   1.6e-34   9.5e-33  112.5   1.3   246   475   165   414   117   415 0.77 -
TRINITY_DN2098_c0_g1_i2:430-1674   -            415 30568at7898          -            478   3.7e-36  123.8  12.5   1   2   0.00045     0.026   12.2   8.1   124   168    73   117    63   134 0.75 -
TRINITY_DN2098_c0_g1_i2:430-1674   -            415 30568at7898          -            478   3.7e-36  123.8  12.5   2   2   1.6e-34   9.5e-33  112.5   1.3   246   475   165   414   117   415 0.77 -
TRINITY_DN2098_c0_g1_i30:507-1751  -            415 30568at7898          -            478   3.7e-36  123.8  12.5   1   2   0.00045     0.026   12.2   8.1   124   168    73   117    63   134 0.75 -
TRINITY_DN2098_c0_g1_i30:507-1751  -            415 30568at7898          -            478   3.7e-36  123.8  12.5   2   2   1.6e-34   9.5e-33  112.5   1.3   246   475   165   414   117   415 0.77 -
TRINITY_DN5797_c0_g3_i1:100-810    -            237 30568at7898          -            478     4e-36  123.7   2.1   1   1   7.4e-38   4.3e-36  123.6   2.1   259   475     4   235     1   237 0.83 -
TRINITY_DN2516_c1_g1_i1:4-675      -            224 30568at7898          -            478   4.3e-36  123.6   1.9   1   1   8.3e-38   4.8e-36  123.4   1.9   265   475     1   222     1   224 0.83 -
TRINITY_DN1268_c0_g1_i37:1179-1991 -            271 30568at7898          -            478   8.7e-36  122.6   0.1   1   1   1.8e-37   1.1e-35  122.3   0.1   235   472    18   270    10   271 0.78 -
TRINITY_DN178_c0_g1_i1:192-860     -            223 30568at7898          -            478     1e-33  115.7   2.0   1   1     2e-35   1.1e-33  115.6   2.0   257   476     2   221     1   223 0.83 -
TRINITY_DN178_c0_g1_i2:84-752      -            223 30568at7898          -            478   1.7e-33  115.0   2.5   1   1   3.2e-35   1.8e-33  114.9   2.5   257   476     2   221     1   223 0.83 -
TRINITY_DN3975_c0_g1_i7:914-1579   -            222 30568at7898          -            478   3.8e-33  113.9   0.3   1   1   7.2e-35   4.2e-33  113.7   0.3   272   477    12   221     1   222 0.82 -
TRINITY_DN23206_c0_g1_i1:168-818   -            217 30568at7898          -            478   1.4e-30  105.4   2.5   1   1   2.6e-32   1.5e-30  105.3   2.5   272   475    11   217     1   217 0.81 -
TRINITY_DN162_c0_g1_i1:92-1183     -            364 30568at7898          -            478     6e-29  100.0   0.1   1   1   1.5e-30   8.8e-29   99.5   0.1   235   473   100   364    82   364 0.75 -
TRINITY_DN162_c0_g1_i2:1624-2709   -            362 30568at7898          -            478   8.3e-29   99.6   0.1   1   1   2.2e-30   1.3e-28   99.0   0.1   235   473   100   362    82   362 0.75 -
TRINITY_DN162_c0_g1_i4:305-1390    -            362 30568at7898          -            478   8.3e-29   99.6   0.1   1   1   2.2e-30   1.3e-28   99.0   0.1   235   473   100   362    82   362 0.75 -
TRINITY_DN162_c0_g1_i3:92-1183     -            364 30568at7898          -            478   3.4e-28   97.5   0.1   1   1   8.7e-30     5e-28   97.0   0.1   235   473   100   364    82   364 0.75 -
TRINITY_DN162_c0_g1_i7:532-2487    -            652 30568at7898          -            478   6.3e-28   96.6   0.1   1   1   1.1e-29   6.3e-28   96.6   0.1   235   473   390   652   373   652 0.75 -
TRINITY_DN4839_c0_g1_i9:97-747     -            217 30568at7898          -            478   4.7e-26   90.5   0.0   1   1   9.1e-28   5.3e-26   90.3   0.0   257   474     2   216     1   217 0.82 -
TRINITY_DN60342_c0_g1_i1:156-842   -            229 30568at7898          -            478   5.7e-26   90.2   1.3   1   1   1.1e-27   6.3e-26   90.1   1.3   253   475     2   228     1   229 0.84 -
TRINITY_DN162_c0_g1_i7:1795-2496   -            234 30568at7898          -            478   6.1e-25   86.8   0.1   1   1   1.5e-26   8.8e-25   86.3   0.1   266   475     2   233     1   234 0.73 -
TRINITY_DN7390_c0_g1_i2:349-1890   -            514 30568at7898          -            478   9.7e-24   82.8   0.1   1   1     6e-25   3.4e-23   81.0   0.1   235   472   240   513   224   514 0.69 -
TRINITY_DN4839_c0_g1_i5:1432-2082  -            217 30568at7898          -            478   1.6e-22   78.9   0.0   1   1     3e-24   1.7e-22   78.7   0.0   257   474     2   216     1   217 0.81 -
TRINITY_DN1268_c0_g1_i2:305-1015   -            237 30568at7898          -            478     2e-22   78.5   0.0   1   1   4.3e-24   2.5e-22   78.2   0.0   262   475     1   236     1   237 0.74 -
TRINITY_DN1268_c0_g1_i37:305-1015  -            237 30568at7898          -            478   8.2e-22   76.5   0.0   1   1   1.8e-23     1e-21   76.2   0.0   265   475     4   236     1   237 0.73 -
TRINITY_DN6214_c0_g1_i1:890-2791   -            634 30568at7898          -            478     4e-21   74.2  12.2   1   3     2e-07   1.2e-05   23.2   0.2     6    48   209   255   205   258 0.86 -
TRINITY_DN6214_c0_g1_i1:890-2791   -            634 30568at7898          -            478     4e-21   74.2  12.2   2   3     7e-10     4e-08   31.3   0.6     6    49   267   314   264   325 0.84 -
TRINITY_DN6214_c0_g1_i1:890-2791   -            634 30568at7898          -            478     4e-21   74.2  12.2   3   3   1.8e-08     1e-06   26.7   0.8     6    49   325   372   319   385 0.86 -
TRINITY_DN6214_c0_g1_i3:871-2772   -            634 30568at7898          -            478     4e-21   74.2  12.2   1   3     2e-07   1.2e-05   23.2   0.2     6    48   209   255   205   258 0.86 -
TRINITY_DN6214_c0_g1_i3:871-2772   -            634 30568at7898          -            478     4e-21   74.2  12.2   2   3     7e-10     4e-08   31.3   0.6     6    49   267   314   264   325 0.84 -
TRINITY_DN6214_c0_g1_i3:871-2772   -            634 30568at7898          -            478     4e-21   74.2  12.2   3   3   1.8e-08     1e-06   26.7   0.8     6    49   325   372   319   385 0.86 -
TRINITY_DN15029_c0_g1_i3:967-2733  -            589 30568at7898          -            478   4.9e-20   70.6  14.7   1   3   2.4e-08   1.4e-06   26.3   0.7     6    47   160   205   155   209 0.88 -
TRINITY_DN15029_c0_g1_i3:967-2733  -            589 30568at7898          -            478   4.9e-20   70.6  14.7   2   3   9.1e-09   5.2e-07   27.7   0.8     6    51   218   267   215   275 0.85 -
TRINITY_DN15029_c0_g1_i3:967-2733  -            589 30568at7898          -            478   4.9e-20   70.6  14.7   3   3   4.7e-08   2.7e-06   25.3   0.9     6    48   276   322   272   335 0.86 -
TRINITY_DN15029_c0_g1_i2:969-2735  -            589 30568at7898          -            478   4.9e-20   70.6  14.7   1   3   2.4e-08   1.4e-06   26.3   0.7     6    47   160   205   155   209 0.88 -
TRINITY_DN15029_c0_g1_i2:969-2735  -            589 30568at7898          -            478   4.9e-20   70.6  14.7   2   3   9.1e-09   5.2e-07   27.7   0.8     6    51   218   267   215   275 0.85 -
TRINITY_DN15029_c0_g1_i2:969-2735  -            589 30568at7898          -            478   4.9e-20   70.6  14.7   3   3   4.7e-08   2.7e-06   25.3   0.9     6    48   276   322   272   335 0.86 -
TRINITY_DN1258_c2_g2_i1:343-981    -            213 30568at7898          -            478   5.4e-18   63.9   0.2   1   1     1e-19     6e-18   63.7   0.2   265   475     1   212     1   213 0.78 -
TRINITY_DN130_c0_g1_i2:364-1077    -            238 30568at7898          -            478     5e-17   60.7   0.0   1   1   9.8e-19   5.7e-17   60.5   0.0   266   475     2   238     1   238 0.73 -
TRINITY_DN15979_c0_g1_i3:490-1965  -            492 30568at7898          -            478   2.7e-13   48.4 127.3   1   9      0.57        33    2.0   0.7   143   161     5    23     2    27 0.79 -
TRINITY_DN15979_c0_g1_i3:490-1965  -            492 30568at7898          -            478   2.7e-13   48.4 127.3   2   9   5.6e-05    0.0032   15.2  26.7    48   160    27   138    22   141 0.82 -
TRINITY_DN15979_c0_g1_i3:490-1965  -            492 30568at7898          -            478   2.7e-13   48.4 127.3   3   9   0.00037     0.022   12.4  25.1    48   161    65   177    61   179 0.77 -
TRINITY_DN15979_c0_g1_i3:490-1965  -            492 30568at7898          -            478   2.7e-13   48.4 127.3   4   9    0.0019      0.11   10.1  24.3    48   160   143   252   138   254 0.78 -
TRINITY_DN15979_c0_g1_i3:490-1965  -            492 30568at7898          -            478   2.7e-13   48.4 127.3   5   9    0.0021      0.12   10.0  25.5    47   156   180   286   174   286 0.81 -
TRINITY_DN15979_c0_g1_i3:490-1965  -            492 30568at7898          -            478   2.7e-13   48.4 127.3   6   9    0.0027      0.16    9.6   5.0    48    77   257   287   252   296 0.87 -
TRINITY_DN15979_c0_g1_i3:490-1965  -            492 30568at7898          -            478   2.7e-13   48.4 127.3   7   9   1.6e-05   0.00094   16.9  25.8    49   161   296   415   286   418 0.77 -
TRINITY_DN15979_c0_g1_i3:490-1965  -            492 30568at7898          -            478   2.7e-13   48.4 127.3   8   9    0.0022      0.13    9.9   3.8    45    77   416   449   410   457 0.82 -
TRINITY_DN15979_c0_g1_i3:490-1965  -            492 30568at7898          -            478   2.7e-13   48.4 127.3   9   9     0.018         1    6.9   1.9    49    76   464   492   457   492 0.88 -
TRINITY_DN16298_c3_g1_i3:115-1224  -            370 30568at7898          -            478   1.3e-11   42.8  97.1   1   4    0.0009     0.052   11.2   8.4    47    79    16    49     5    56 0.82 -
TRINITY_DN16298_c3_g1_i3:115-1224  -            370 30568at7898          -            478   1.3e-11   42.8  97.1   2   4   0.00018      0.01   13.5  27.1    49   159    56   163    51   176 0.77 -
TRINITY_DN16298_c3_g1_i3:115-1224  -            370 30568at7898          -            478   1.3e-11   42.8  97.1   3   4   0.00021     0.012   13.3  28.7    43   160   126   250   123   253 0.76 -
TRINITY_DN16298_c3_g1_i3:115-1224  -            370 30568at7898          -            478   1.3e-11   42.8  97.1   4   4   6.2e-07   3.6e-05   21.6  25.0    45   156   252   370   247   370 0.77 -
TRINITY_DN64372_c0_g1_i1:147-545   -            133 30568at7898          -            478   1.1e-10   39.8  23.0   1   3   0.00048     0.028   12.1   4.2    46    78     7    44     2    49 0.61 -
TRINITY_DN64372_c0_g1_i1:147-545   -            133 30568at7898          -            478   1.1e-10   39.8  23.0   2   3   2.4e-07   1.4e-05   22.9   2.5   124   160    51    93    45    98 0.82 -
TRINITY_DN64372_c0_g1_i1:147-545   -            133 30568at7898          -            478   1.1e-10   39.8  23.0   3   3   4.7e-05    0.0027   15.4   3.0    48    78    98   129    94   132 0.84 -
TRINITY_DN3667_c0_g1_i11:2325-6314 -           1330 30568at7898          -            478   1.1e-08   33.2   0.9   1   1   3.8e-10   2.2e-08   32.2   0.9     4    52   111   163   108   180 0.85 -
TRINITY_DN3667_c0_g1_i7:2325-6344  -           1340 30568at7898          -            478   1.1e-08   33.2   0.9   1   1   3.9e-10   2.2e-08   32.2   0.9     4    52   111   163   108   180 0.85 -
TRINITY_DN16836_c0_g1_i2:185-571   -            129 30568at7898          -            478   4.7e-08   31.1  26.9   1   1   4.6e-08   2.6e-06   25.3  27.0    46   158     4   125     1   126 0.77 -
TRINITY_DN38170_c0_g3_i1:0-446     -            149 30568at7898          -            478   7.2e-08   30.5  36.4   1   4   0.00037     0.021   12.5   4.2    49    77     3    32     1    38 0.74 -
TRINITY_DN38170_c0_g3_i1:0-446     -            149 30568at7898          -            478   7.2e-08   30.5  36.4   2   4    0.0051      0.29    8.7   3.7    48    76    40    69    33    75 0.79 -
TRINITY_DN38170_c0_g3_i1:0-446     -            149 30568at7898          -            478   7.2e-08   30.5  36.4   3   4   0.00093     0.054   11.1   3.3   125   158    78   111    71   116 0.55 -
TRINITY_DN38170_c0_g3_i1:0-446     -            149 30568at7898          -            478   7.2e-08   30.5  36.4   4   4   8.4e-05    0.0048   14.6   5.3    46    76   116   147   109   149 0.60 -
TRINITY_DN15979_c1_g2_i1:221-775   -            185 30568at7898          -            478     2e-07   29.0  38.0   1   5   4.9e-05    0.0028   15.4   4.3   127   176     4    55     2    61 0.90 -
TRINITY_DN15979_c1_g2_i1:221-775   -            185 30568at7898          -            478     2e-07   29.0  38.0   2   5   0.00023     0.013   13.1   1.8    48    77    46    77    44    83 0.77 -
TRINITY_DN15979_c1_g2_i1:221-775   -            185 30568at7898          -            478     2e-07   29.0  38.0   3   5   7.3e-06   0.00042   18.1   6.5   105   163    63   120    58   124 0.79 -
TRINITY_DN15979_c1_g2_i1:221-775   -            185 30568at7898          -            478     2e-07   29.0  38.0   4   5    0.0018      0.11   10.2   5.5    43    77   120   155   115   160 0.82 -
TRINITY_DN15979_c1_g2_i1:221-775   -            185 30568at7898          -            478     2e-07   29.0  38.0   5   5      0.84        48    1.4   1.1   125   146   163   183   156   185 0.51 -
TRINITY_DN18094_c0_g2_i1:139-516   -            126 30568at7898          -            478     5e-06   24.4  29.1   1   1   0.00011    0.0062   14.2  29.1    50   169     1   114     1   125 0.56 -
TRINITY_DN16298_c0_g1_i2:15-362    -            116 30568at7898          -            478   2.4e-05   22.2  24.5   1   3     0.033       1.9    6.0   1.0   143   161     3    21     1    25 0.84 -
TRINITY_DN16298_c0_g1_i2:15-362    -            116 30568at7898          -            478   2.4e-05   22.2  24.5   2   3   0.00074     0.043   11.5   3.6    47    77    24    55    20    61 0.84 -
TRINITY_DN16298_c0_g1_i2:15-362    -            116 30568at7898          -            478   2.4e-05   22.2  24.5   3   3   4.6e-05    0.0026   15.5   6.2    48    77    63    95    57   107 0.74 -
TRINITY_DN16298_c2_g1_i2:279-611   -            111 30568at7898          -            478   0.00011   20.0  23.0   1   1   1.8e-05     0.001   16.8  23.0    48   156     4   110     2   111 0.81 -
TRINITY_DN16836_c0_g1_i3:233-565   -            111 30568at7898          -            478   0.00033   18.4  22.3   1   1   1.4e-05   0.00082   17.1  22.3    46   138     2   105     1   111 0.69 -
TRINITY_DN63941_c0_g1_i1:27-302    -             92 30568at7898          -            478    0.0014   16.3  12.4   1   2   0.00029     0.017   12.8  11.3   119   179    17    74    13    81 0.80 -
TRINITY_DN63941_c0_g1_i1:27-302    -             92 30568at7898          -            478    0.0014   16.3  12.4   2   2      0.15       8.5    3.9   0.9   141   158    74    91    56    92 0.77 -
TRINITY_DN16298_c1_g1_i2:399-734   -            112 30568at7898          -            478    0.0036   15.0  25.3   1   3    0.0022      0.13    9.9   4.2   123   161     9    47     4    52 0.87 -
TRINITY_DN16298_c1_g1_i2:399-734   -            112 30568at7898          -            478    0.0036   15.0  25.3   2   3   0.00018      0.01   13.5   5.3    47    78    52    84    44    90 0.82 -
TRINITY_DN16298_c1_g1_i2:399-734   -            112 30568at7898          -            478    0.0036   15.0  25.3   3   3      0.21        12    3.4   2.4    43    67    86   111    82   112 0.74 -
TRINITY_DN24485_c0_g1_i1:118-1395  -            426 30568at7898          -            478       0.6    7.7  60.5   1   4       5.7   3.3e+02   -1.4   0.0   352   379    89   116    79   123 0.88 -
TRINITY_DN24485_c0_g1_i1:118-1395  -            426 30568at7898          -            478       0.6    7.7  60.5   2   4     0.014      0.84    7.2   6.5    45    85   243   286   237   288 0.82 -
TRINITY_DN24485_c0_g1_i1:118-1395  -            426 30568at7898          -            478       0.6    7.7  60.5   3   4    0.0077      0.45    8.1   8.3    41    78   277   319   276   324 0.68 -
TRINITY_DN24485_c0_g1_i1:118-1395  -            426 30568at7898          -            478       0.6    7.7  60.5   4   4   0.00017    0.0099   13.6  19.7    48   150   326   426   320   426 0.73 -
TRINITY_DN19813_c0_g1_i2:145-600   -            152 30568at7898          -            478       2.2    5.8  34.6   1   3      0.28        16    3.0   5.8    45    78    50    86    45    90 0.78 -
TRINITY_DN19813_c0_g1_i2:145-600   -            152 30568at7898          -            478       2.2    5.8  34.6   2   3    0.0015     0.088   10.4  12.3    18    77    60   125    56   132 0.69 -
TRINITY_DN19813_c0_g1_i2:145-600   -            152 30568at7898          -            478       2.2    5.8  34.6   3   3     0.028       1.6    6.3   2.8    46    66   131   152   126   152 0.86 -
#
# Program:         hmmsearch
# Version:         3.1b2 (February 2015)
# Pipeline mode:   SEARCH
# Query file:      /home/ericjuo/Projects/salmo_trutta_rna_seq/busco_downloads/lineages/actinopterygii_odb10/hmms/30568at7898.hmm
# Target file:     /home/ericjuo/Projects/salmo_trutta_rna_seq/data/02_intermediate/busco/run_actinopterygii_odb10/metaeuk_output/rerun_results/trinity.Trinity.fasta.modified.fas
# Option settings: hmmsearch --domtblout /home/ericjuo/Projects/salmo_trutta_rna_seq/data/02_intermediate/busco/run_actinopterygii_odb10/hmmer_output/rerun_results/30568at7898.out --cpu 1 /home/ericjuo/Projects/salmo_trutta_rna_seq/busco_downloads/lineages/actinopterygii_odb10/hmms/30568at7898.hmm /home/ericjuo/Projects/salmo_trutta_rna_seq/data/02_intermediate/busco/run_actinopterygii_odb10/metaeuk_output/rerun_results/trinity.Trinity.fasta.modified.fas 
# Current dir:     /home/ericjuo/Projects/salmo_trutta_rna_seq
# Date:            Fri Apr 29 13:04:13 2022
# [ok]
