#                                                                                           --- full sequence --- -------------- this domain -------------   hmm coord   ali coord   env coord
# target name                       accession   tlen query name           accession   qlen   E-value  score  bias   #  of  c-Evalue  i-Evalue  score  bias  from    to  from    to  from    to  acc description of target
#               ------------------- ---------- ----- -------------------- ---------- ----- --------- ------ ----- --- --- --------- --------- ------ ----- ----- ----- ----- ----- ----- ----- ---- ---------------------
TRINITY_DN27462_c0_g2_i1:26-1576    -            517 31260at7898          -            659   1.7e-68  230.5 135.0   1   4   6.6e-23   3.7e-21   74.1  30.3   134   264     4   139     1   143 0.88 -
TRINITY_DN27462_c0_g2_i1:26-1576    -            517 31260at7898          -            659   1.7e-68  230.5 135.0   2   4   2.6e-11   1.5e-09   35.8  24.8   140   241   136   247   133   255 0.75 -
TRINITY_DN27462_c0_g2_i1:26-1576    -            517 31260at7898          -            659   1.7e-68  230.5 135.0   3   4   1.1e-22   6.2e-21   73.3  25.1   123   239   269   391   256   392 0.83 -
TRINITY_DN27462_c0_g2_i1:26-1576    -            517 31260at7898          -            659   1.7e-68  230.5 135.0   4   4   1.7e-24   9.6e-23   79.3  38.1   147   278   379   517   377   517 0.90 -
TRINITY_DN27462_c0_g1_i1:618-2285   -            556 31260at7898          -            659   1.5e-55  187.7 115.5   1   2   1.8e-11   9.9e-10   36.3  30.4   132   301    63   237    41   240 0.71 -
TRINITY_DN27462_c0_g1_i1:618-2285   -            556 31260at7898          -            659   1.5e-55  187.7 115.5   2   2   2.7e-49   1.5e-47  161.3  72.0    36   315   238   544   235   548 0.85 -
TRINITY_DN10584_c0_g1_i12:684-1922  -            413 31260at7898          -            659   4.5e-48  163.0 101.7   1   3     6e-21   3.3e-19   67.6  49.9   142   306     8   199     3   199 0.84 -
TRINITY_DN10584_c0_g1_i12:684-1922  -            413 31260at7898          -            659   4.5e-48  163.0 101.7   2   3   9.2e-29   5.1e-27   93.4  32.3   189   316   197   335   194   341 0.88 -
TRINITY_DN10584_c0_g1_i12:684-1922  -            413 31260at7898          -            659   4.5e-48  163.0 101.7   3   3     1e-07   5.8e-06   23.9  11.4   148   202   322   379   322   412 0.76 -
TRINITY_DN10584_c0_g1_i1:628-1929   -            434 31260at7898          -            659   1.3e-47  161.5 103.4   1   3   1.6e-20   8.9e-19   66.2  51.6   141   306    27   220    20   220 0.84 -
TRINITY_DN10584_c0_g1_i1:628-1929   -            434 31260at7898          -            659   1.3e-47  161.5 103.4   2   3   9.9e-29   5.5e-27   93.3  32.2   189   316   218   356   215   361 0.88 -
TRINITY_DN10584_c0_g1_i1:628-1929   -            434 31260at7898          -            659   1.3e-47  161.5 103.4   3   3     5e-08   2.8e-06   24.9  11.0   148   201   343   399   342   433 0.75 -
TRINITY_DN10584_c0_g1_i3:645-1898   -            418 31260at7898          -            659   1.9e-47  161.0 103.2   1   3     6e-21   3.3e-19   67.6  50.3   141   306    20   212     9   212 0.84 -
TRINITY_DN10584_c0_g1_i3:645-1898   -            418 31260at7898          -            659   1.9e-47  161.0 103.2   2   3   1.2e-28   6.8e-27   93.0  32.6   189   316   210   348   206   354 0.88 -
TRINITY_DN10584_c0_g1_i3:645-1898   -            418 31260at7898          -            659   1.9e-47  161.0 103.2   3   3   2.1e-07   1.2e-05   22.8  12.2   148   201   335   391   334   416 0.62 -
TRINITY_DN10584_c0_g1_i10:684-1922  -            413 31260at7898          -            659   1.1e-46  158.5 104.1   1   3   5.3e-20     3e-18   64.5  51.0   142   306     8   199     3   200 0.84 -
TRINITY_DN10584_c0_g1_i10:684-1922  -            413 31260at7898          -            659   1.1e-46  158.5 104.1   2   3   1.4e-28   7.7e-27   92.8  32.9   189   316   197   335   193   341 0.88 -
TRINITY_DN10584_c0_g1_i10:684-1922  -            413 31260at7898          -            659   1.1e-46  158.5 104.1   3   3   1.9e-07     1e-05   23.0  12.1   148   201   322   378   322   412 0.73 -
TRINITY_DN1953_c1_g1_i3:519-1394    -            292 31260at7898          -            659   6.4e-44  149.3  68.9   1   3   5.7e-05    0.0032   14.8   0.9   159   198     1    42     1    55 0.72 -
TRINITY_DN1953_c1_g1_i3:519-1394    -            292 31260at7898          -            659   6.4e-44  149.3  68.9   2   3     1e-35   5.8e-34  116.4  34.1   159   309    74   227    64   228 0.94 -
TRINITY_DN1953_c1_g1_i3:519-1394    -            292 31260at7898          -            659   6.4e-44  149.3  68.9   3   3   1.1e-13   6.1e-12   43.6  19.1   207   278   201   283   199   292 0.78 -
TRINITY_DN1953_c1_g1_i8:243-1118    -            292 31260at7898          -            659     2e-43  147.6  67.8   1   3   5.7e-05    0.0032   14.8   0.9   159   198     1    42     1    55 0.72 -
TRINITY_DN1953_c1_g1_i8:243-1118    -            292 31260at7898          -            659     2e-43  147.6  67.8   2   3   4.4e-36   2.4e-34  117.6  33.7   159   310    74   228    64   230 0.94 -
TRINITY_DN1953_c1_g1_i8:243-1118    -            292 31260at7898          -            659     2e-43  147.6  67.8   3   3   8.2e-13   4.6e-11   40.7  18.3   207   273   201   274   199   292 0.75 -
TRINITY_DN1953_c1_g1_i15:522-1397   -            292 31260at7898          -            659   1.2e-42  145.0  60.0   1   3   0.00013    0.0074   13.6   1.9   159   198     1    42     1    49 0.74 -
TRINITY_DN1953_c1_g1_i15:522-1397   -            292 31260at7898          -            659   1.2e-42  145.0  60.0   2   3   4.4e-36   2.4e-34  117.6  33.7   159   310    74   228    64   230 0.94 -
TRINITY_DN1953_c1_g1_i15:522-1397   -            292 31260at7898          -            659   1.2e-42  145.0  60.0   3   3   8.2e-13   4.6e-11   40.7  18.3   207   273   201   274   199   292 0.75 -
TRINITY_DN1953_c1_g1_i17:522-1397   -            292 31260at7898          -            659   1.2e-42  145.0  60.0   1   3   0.00013    0.0074   13.6   1.9   159   198     1    42     1    49 0.74 -
TRINITY_DN1953_c1_g1_i17:522-1397   -            292 31260at7898          -            659   1.2e-42  145.0  60.0   2   3   4.4e-36   2.4e-34  117.6  33.7   159   310    74   228    64   230 0.94 -
TRINITY_DN1953_c1_g1_i17:522-1397   -            292 31260at7898          -            659   1.2e-42  145.0  60.0   3   3   8.2e-13   4.6e-11   40.7  18.3   207   273   201   274   199   292 0.75 -
TRINITY_DN16346_c0_g1_i1:41-847     -            269 31260at7898          -            659   3.9e-38  130.2  68.8   1   2     9e-16     5e-14   50.5  20.5   213   294     9    98     5   104 0.66 -
TRINITY_DN16346_c0_g1_i1:41-847     -            269 31260at7898          -            659   3.9e-38  130.2  68.8   2   2   2.6e-26   1.4e-24   85.4  41.4   140   295   101   263    99   269 0.86 -
TRINITY_DN16346_c0_g1_i2:7-789      -            261 31260at7898          -            659   3.6e-37  127.0  67.2   1   2   1.6e-15   8.6e-14   49.7  19.8   213   295     1    91     1    96 0.80 -
TRINITY_DN16346_c0_g1_i2:7-789      -            261 31260at7898          -            659   3.6e-37  127.0  67.2   2   2     1e-25   5.8e-24   83.3  40.6   140   295    93   255    91   261 0.88 -
TRINITY_DN1636_c0_g1_i3:291-1328    -            346 31260at7898          -            659   2.2e-36  124.4  85.1   1   3   2.3e-19   1.3e-17   62.4  27.6   159   315     1   175     1   175 0.79 -
TRINITY_DN1636_c0_g1_i3:291-1328    -            346 31260at7898          -            659   2.2e-36  124.4  85.1   2   3   2.4e-21   1.3e-19   68.9  31.0   159   275    94   216    75   226 0.83 -
TRINITY_DN1636_c0_g1_i3:291-1328    -            346 31260at7898          -            659   2.2e-36  124.4  85.1   3   3   1.4e-06   7.5e-05   20.2  10.5   350   408   171   234   170   242 0.76 -
TRINITY_DN1636_c0_g1_i5:291-1328    -            346 31260at7898          -            659   2.2e-36  124.4  85.1   1   3   2.3e-19   1.3e-17   62.4  27.6   159   315     1   175     1   175 0.79 -
TRINITY_DN1636_c0_g1_i5:291-1328    -            346 31260at7898          -            659   2.2e-36  124.4  85.1   2   3   2.4e-21   1.3e-19   68.9  31.0   159   275    94   216    75   226 0.83 -
TRINITY_DN1636_c0_g1_i5:291-1328    -            346 31260at7898          -            659   2.2e-36  124.4  85.1   3   3   1.4e-06   7.5e-05   20.2  10.5   350   408   171   234   170   242 0.76 -
TRINITY_DN26981_c0_g2_i2:16-1023    -            336 31260at7898          -            659   6.3e-35  119.5  77.8   1   3     1e-16   5.7e-15   53.6  19.9   211   294     1    90     1    96 0.85 -
TRINITY_DN26981_c0_g2_i2:16-1023    -            336 31260at7898          -            659   6.3e-35  119.5  77.8   2   3   9.6e-16   5.3e-14   50.4  21.8   166   263    79   179    77   192 0.58 -
TRINITY_DN26981_c0_g2_i2:16-1023    -            336 31260at7898          -            659   6.3e-35  119.5  77.8   3   3   3.3e-10   1.9e-08   32.1  30.3   133   288   174   336   171   336 0.78 -
TRINITY_DN1636_c0_g1_i7:291-1328    -            346 31260at7898          -            659   1.9e-33  114.7  69.9   1   2   3.1e-19   1.7e-17   61.9  28.2   159   315     1   175     1   175 0.79 -
TRINITY_DN1636_c0_g1_i7:291-1328    -            346 31260at7898          -            659   1.9e-33  114.7  69.9   2   2   1.5e-20   8.1e-19   66.3  33.8   159   275    94   216    83   231 0.84 -
TRINITY_DN37366_c0_g1_i1:42-482     -            147 31260at7898          -            659   2.7e-31  107.6  38.1   1   2     1e-19   5.6e-18   63.5  12.9   332   404     2    74     1    75 0.91 -
TRINITY_DN37366_c0_g1_i1:42-482     -            147 31260at7898          -            659   2.7e-31  107.6  38.1   2   2   2.1e-16   1.1e-14   52.6  16.9   244   316    70   145    69   147 0.75 -
TRINITY_DN15979_c0_g1_i3:490-1965   -            492 31260at7898          -            659   1.1e-29  102.2 145.1   1   5   1.6e-05    0.0009   16.6  22.8   524   595    14    95     2    97 0.53 -
TRINITY_DN15979_c0_g1_i3:490-1965   -            492 31260at7898          -            659   1.1e-29  102.2 145.1   2   5   5.7e-20   3.2e-18   64.4  48.1    25   207    97   283    96   284 0.83 -
TRINITY_DN15979_c0_g1_i3:490-1965   -            492 31260at7898          -            659   1.1e-29  102.2 145.1   3   5   7.2e-08     4e-06   24.4  21.8   524   596   244   324   242   336 0.86 -
TRINITY_DN15979_c0_g1_i3:490-1965   -            492 31260at7898          -            659   1.1e-29  102.2 145.1   4   5     6e-07   3.3e-05   21.4  18.3   535   596   343   410   324   413 0.72 -
TRINITY_DN15979_c0_g1_i3:490-1965   -            492 31260at7898          -            659   1.1e-29  102.2 145.1   5   5     2e-05    0.0011   16.3  24.0   426   501   397   491   395   492 0.60 -
TRINITY_DN52927_c0_g1_i1:130-3579   -           1150 31260at7898          -            659   4.8e-29  100.1  68.0   1   3   0.00043     0.024   11.9   5.1   171   215   334   378   318   400 0.80 -
TRINITY_DN52927_c0_g1_i1:130-3579   -           1150 31260at7898          -            659   4.8e-29  100.1  68.0   2   3   1.7e-19   9.6e-18   62.8  26.6   164   269   604   709   586   721 0.80 -
TRINITY_DN52927_c0_g1_i1:130-3579   -           1150 31260at7898          -            659   4.8e-29  100.1  68.0   3   3   7.9e-11   4.4e-09   34.2  24.1   144   264   716   836   711   843 0.79 -
TRINITY_DN22120_c0_g1_i1:501-995    -            165 31260at7898          -            659   2.4e-27   94.5  28.1   1   1   4.8e-29   2.7e-27   94.4  28.1   107   252     4   163     2   165 0.83 -
TRINITY_DN22120_c0_g1_i2:501-995    -            165 31260at7898          -            659   2.4e-27   94.5  28.1   1   1   4.8e-29   2.7e-27   94.4  28.1   107   252     4   163     2   165 0.83 -
TRINITY_DN22120_c0_g1_i3:501-995    -            165 31260at7898          -            659   2.4e-27   94.5  28.1   1   1   4.8e-29   2.7e-27   94.4  28.1   107   252     4   163     2   165 0.83 -
TRINITY_DN22120_c0_g1_i4:501-995    -            165 31260at7898          -            659   2.4e-27   94.5  28.1   1   1   4.8e-29   2.7e-27   94.4  28.1   107   252     4   163     2   165 0.83 -
TRINITY_DN34744_c0_g2_i1:21-413     -            131 31260at7898          -            659   3.5e-25   87.4  29.3   1   1   6.9e-27   3.8e-25   87.2  29.3   134   256     1   130     1   131 0.90 -
TRINITY_DN43917_c0_g1_i14:1418-5872 -           1485 31260at7898          -            659   2.3e-23   81.3 227.2   1   6   1.1e-10   6.1e-09   33.7  19.0   139   228    21   113     1   123 0.83 -
TRINITY_DN43917_c0_g1_i14:1418-5872 -           1485 31260at7898          -            659   2.3e-23   81.3 227.2   2   6   1.5e-09   8.3e-08   29.9  17.2   153   212   121   180   108   189 0.91 -
TRINITY_DN43917_c0_g1_i14:1418-5872 -           1485 31260at7898          -            659   2.3e-23   81.3 227.2   3   6       3.2   1.8e+02   -0.9  26.4   138   225   580   665   578   668 0.79 -
TRINITY_DN43917_c0_g1_i14:1418-5872 -           1485 31260at7898          -            659   2.3e-23   81.3 227.2   4   6   5.3e-11   2.9e-09   34.8  28.0   142   251   664   779   662   783 0.86 -
TRINITY_DN43917_c0_g1_i14:1418-5872 -           1485 31260at7898          -            659   2.3e-23   81.3 227.2   5   6   3.7e-08     2e-06   25.4  34.6   138   262  1230  1359  1226  1367 0.82 -
TRINITY_DN43917_c0_g1_i14:1418-5872 -           1485 31260at7898          -            659   2.3e-23   81.3 227.2   6   6     0.018         1    6.5   8.8   142   192  1314  1369  1314  1386 0.85 -
TRINITY_DN57052_c0_g1_i1:960-1577   -            206 31260at7898          -            659   3.1e-23   80.9  49.4   1   3   4.9e-10   2.7e-08   31.6  11.8    48   107     2    64     1    65 0.68 -
TRINITY_DN57052_c0_g1_i1:960-1577   -            206 31260at7898          -            659   3.1e-23   80.9  49.4   2   3   1.9e-13   1.1e-11   42.8  17.0   363   433    56   124    54   129 0.96 -
TRINITY_DN57052_c0_g1_i1:960-1577   -            206 31260at7898          -            659   3.1e-23   80.9  49.4   3   3   8.1e-08   4.5e-06   24.2   9.0   210   258   134   181   127   186 0.82 -
TRINITY_DN43917_c0_g1_i11:1418-5914 -           1499 31260at7898          -            659   5.2e-23   80.2 233.0   1   6   2.2e-10   1.2e-08   32.7  24.6   119   228     7   127     2   136 0.80 -
TRINITY_DN43917_c0_g1_i11:1418-5914 -           1499 31260at7898          -            659   5.2e-23   80.2 233.0   2   6   1.4e-09   7.6e-08   30.1  16.9   153   212   135   194   123   203 0.91 -
TRINITY_DN43917_c0_g1_i11:1418-5914 -           1499 31260at7898          -            659   5.2e-23   80.2 233.0   3   6       3.3   1.8e+02   -0.9  26.4   138   225   594   679   592   682 0.79 -
TRINITY_DN43917_c0_g1_i11:1418-5914 -           1499 31260at7898          -            659   5.2e-23   80.2 233.0   4   6   5.2e-11   2.9e-09   34.8  28.1   142   251   678   793   676   799 0.86 -
TRINITY_DN43917_c0_g1_i11:1418-5914 -           1499 31260at7898          -            659   5.2e-23   80.2 233.0   5   6   2.5e-08   1.4e-06   25.9  21.8   138   229  1244  1333  1242  1339 0.89 -
TRINITY_DN43917_c0_g1_i11:1418-5914 -           1499 31260at7898          -            659   5.2e-23   80.2 233.0   6   6     0.018      0.98    6.6   9.0   142   192  1328  1383  1327  1400 0.85 -
TRINITY_DN9299_c0_g2_i1:1008-6071   -           1688 31260at7898          -            659   2.1e-22   78.2 159.7   1   7   6.7e-07   3.7e-05   21.2  35.7   107   228   120   256   115   262 0.69 -
TRINITY_DN9299_c0_g2_i1:1008-6071   -           1688 31260at7898          -            659   2.1e-22   78.2 159.7   2   7   2.7e-08   1.5e-06   25.8  15.3   142   215   252   327   248   337 0.85 -
TRINITY_DN9299_c0_g2_i1:1008-6071   -           1688 31260at7898          -            659   2.1e-22   78.2 159.7   3   7   2.8e-14   1.5e-12   45.6  30.8   119   226   743   856   738   866 0.87 -
TRINITY_DN9299_c0_g2_i1:1008-6071   -           1688 31260at7898          -            659   2.1e-22   78.2 159.7   4   7   1.1e-09   6.1e-08   30.4  25.0   147   251   817   926   816   933 0.88 -
TRINITY_DN9299_c0_g2_i1:1008-6071   -           1688 31260at7898          -            659   2.1e-22   78.2 159.7   5   7     0.044       2.4    5.3  17.6   536   591  1360  1421  1350  1429 0.66 -
TRINITY_DN9299_c0_g2_i1:1008-6071   -           1688 31260at7898          -            659   2.1e-22   78.2 159.7   6   7   4.1e-06   0.00023   18.6  20.9   139   242  1437  1547  1424  1593 0.83 -
TRINITY_DN9299_c0_g2_i1:1008-6071   -           1688 31260at7898          -            659   2.1e-22   78.2 159.7   7   7      0.19        10    3.2   0.8   155   173  1643  1661  1634  1673 0.82 -
TRINITY_DN9299_c0_g2_i4:1008-6071   -           1688 31260at7898          -            659   2.1e-22   78.2 159.7   1   7   6.7e-07   3.7e-05   21.2  35.7   107   228   120   256   115   262 0.69 -
TRINITY_DN9299_c0_g2_i4:1008-6071   -           1688 31260at7898          -            659   2.1e-22   78.2 159.7   2   7   2.7e-08   1.5e-06   25.8  15.3   142   215   252   327   248   337 0.85 -
TRINITY_DN9299_c0_g2_i4:1008-6071   -           1688 31260at7898          -            659   2.1e-22   78.2 159.7   3   7   2.8e-14   1.5e-12   45.6  30.8   119   226   743   856   738   866 0.87 -
TRINITY_DN9299_c0_g2_i4:1008-6071   -           1688 31260at7898          -            659   2.1e-22   78.2 159.7   4   7   1.1e-09   6.1e-08   30.4  25.0   147   251   817   926   816   933 0.88 -
TRINITY_DN9299_c0_g2_i4:1008-6071   -           1688 31260at7898          -            659   2.1e-22   78.2 159.7   5   7     0.044       2.4    5.3  17.6   536   591  1360  1421  1350  1429 0.66 -
TRINITY_DN9299_c0_g2_i4:1008-6071   -           1688 31260at7898          -            659   2.1e-22   78.2 159.7   6   7   4.1e-06   0.00023   18.6  20.9   139   242  1437  1547  1424  1593 0.83 -
TRINITY_DN9299_c0_g2_i4:1008-6071   -           1688 31260at7898          -            659   2.1e-22   78.2 159.7   7   7      0.19        10    3.2   0.8   155   173  1643  1661  1634  1673 0.82 -
TRINITY_DN16298_c3_g1_i3:115-1224   -            370 31260at7898          -            659   1.1e-21   75.8 111.3   1   4   0.00033     0.018   12.3  11.1   554   598     1    48     1    53 0.79 -
TRINITY_DN16298_c3_g1_i3:115-1224   -            370 31260at7898          -            659   1.1e-21   75.8 111.3   2   4   4.5e-11   2.5e-09   35.0  67.5   413   579    17   226    13   230 0.72 -
TRINITY_DN16298_c3_g1_i3:115-1224   -            370 31260at7898          -            659   1.1e-21   75.8 111.3   3   4   2.3e-07   1.3e-05   22.7  11.1   548   599   233   287   228   301 0.81 -
TRINITY_DN16298_c3_g1_i3:115-1224   -            370 31260at7898          -            659   1.1e-21   75.8 111.3   4   4   4.6e-07   2.6e-05   21.7  16.3   141   207   302   367   288   369 0.87 -
TRINITY_DN1898_c0_g1_i20:1331-2014  -            228 31260at7898          -            659   1.1e-20   72.5  43.3   1   1   1.3e-21     7e-20   69.9  43.3   133   291     8   186     2   193 0.84 -
TRINITY_DN4009_c0_g4_i1:1303-1989   -            229 31260at7898          -            659   1.5e-20   72.0  43.4   1   1   5.4e-21     3e-19   67.8  40.3   148   274   100   227   100   229 0.78 -
TRINITY_DN26879_c0_g1_i1:81-353     -             91 31260at7898          -            659   2.4e-20   71.4  22.1   1   2   1.6e-15   8.8e-14   49.7   7.4   347   399     2    54     1    57 0.92 -
TRINITY_DN26879_c0_g1_i1:81-353     -             91 31260at7898          -            659   2.4e-20   71.4  22.1   2   2   4.7e-09   2.6e-07   28.3   6.6   210   239    59    88    55    91 0.88 -
TRINITY_DN43917_c0_g1_i14:3677-5845 -            723 31260at7898          -            659   6.4e-20   70.0 122.6   1   4   1.8e-11     1e-09   36.3  16.9   140   228    13   104     4   111 0.87 -
TRINITY_DN43917_c0_g1_i14:3677-5845 -            723 31260at7898          -            659   6.4e-20   70.0 122.6   2   4   7.7e-10   4.3e-08   30.9  17.5   153   212   112   171    98   180 0.90 -
TRINITY_DN43917_c0_g1_i14:3677-5845 -            723 31260at7898          -            659   6.4e-20   70.0 122.6   3   4       6.5   3.6e+02   -1.9  29.0   138   225   571   656   562   659 0.79 -
TRINITY_DN43917_c0_g1_i14:3677-5845 -            723 31260at7898          -            659   6.4e-20   70.0 122.6   4   4     6e-09   3.3e-07   28.0  14.5   142   208   655   723   654   723 0.92 -
TRINITY_DN4248_c0_g1_i1:34-819      -            262 31260at7898          -            659   1.5e-19   68.7  96.8   1   3   3.5e-06    0.0002   18.8  15.0   458   516     1    59     1    60 0.83 -
TRINITY_DN4248_c0_g1_i1:34-819      -            262 31260at7898          -            659   1.5e-19   68.7  96.8   2   3   4.7e-09   2.6e-07   28.3  34.6   410   517    47   153    45   155 0.91 -
TRINITY_DN4248_c0_g1_i1:34-819      -            262 31260at7898          -            659   1.5e-19   68.7  96.8   3   3   1.9e-12   1.1e-10   39.5  43.9   410   525   140   253   137   262 0.88 -
TRINITY_DN8428_c0_g1_i8:156-533     -            126 31260at7898          -            659   1.4e-18   65.6  26.5   1   2   4.2e-07   2.3e-05   21.9   2.5   179   206     8    35     1    41 0.74 -
TRINITY_DN8428_c0_g1_i8:156-533     -            126 31260at7898          -            659   1.4e-18   65.6  26.5   2   2   7.6e-16   4.2e-14   50.7  16.2    14    94    38   125    34   126 0.84 -
TRINITY_DN10173_c0_g1_i1:32-448     -            139 31260at7898          -            659   2.5e-18   64.7  32.5   1   2   3.1e-10   1.7e-08   32.2  11.7   142   204     4    66     2    70 0.85 -
TRINITY_DN10173_c0_g1_i1:32-448     -            139 31260at7898          -            659   2.5e-18   64.7  32.5   2   2   4.1e-12   2.3e-10   38.4  14.2   142   211    67   138    64   139 0.83 -
TRINITY_DN23061_c0_g1_i1:1039-2070  -            344 31260at7898          -            659     8e-18   63.0  41.3   1   2   8.4e-12   4.7e-10   37.4  21.7   210   334    42   178    33   206 0.70 -
TRINITY_DN23061_c0_g1_i1:1039-2070  -            344 31260at7898          -            659     8e-18   63.0  41.3   2   2     5e-10   2.8e-08   31.5  11.6   212   287   256   341   247   343 0.77 -
TRINITY_DN23061_c0_g1_i2:1021-2052  -            344 31260at7898          -            659     8e-18   63.0  41.3   1   2   8.4e-12   4.7e-10   37.4  21.7   210   334    42   178    33   206 0.70 -
TRINITY_DN23061_c0_g1_i2:1021-2052  -            344 31260at7898          -            659     8e-18   63.0  41.3   2   2     5e-10   2.8e-08   31.5  11.6   212   287   256   341   247   343 0.77 -
TRINITY_DN8428_c0_g1_i6:477-896     -            140 31260at7898          -            659   1.2e-17   62.5  24.6   1   2   7.4e-08   4.1e-06   24.3   6.1    14    68    10    72     2    74 0.71 -
TRINITY_DN8428_c0_g1_i6:477-896     -            140 31260at7898          -            659   1.2e-17   62.5  24.6   2   2   2.3e-13   1.3e-11   42.6  14.7   133   200    66   138    63   140 0.54 -
TRINITY_DN15979_c0_g1_i4:127-1167   -            347 31260at7898          -            659     7e-17   59.9  95.1   1   2   6.2e-11   3.4e-09   34.5  50.6   426   597     7   183     2   190 0.72 -
TRINITY_DN15979_c0_g1_i4:127-1167   -            347 31260at7898          -            659     7e-17   59.9  95.1   2   2     5e-07   2.7e-05   21.6  37.4   142   279   199   342   184   346 0.72 -
TRINITY_DN43917_c0_g1_i14:5333-6112 -            260 31260at7898          -            659   2.3e-15   54.9  68.3   1   2   4.6e-11   2.5e-09   35.0  22.0   139   228   101   193    79   199 0.80 -
TRINITY_DN43917_c0_g1_i14:5333-6112 -            260 31260at7898          -            659   2.3e-15   54.9  68.3   2   2   2.8e-10   1.6e-08   32.4  17.0   153   212   201   260   188   260 0.92 -
TRINITY_DN53400_c0_g1_i1:9-287      -             93 31260at7898          -            659   6.9e-15   53.3  22.4   1   1   1.4e-15   7.7e-14   49.9  22.4   336   415     9    87     3    91 0.65 -
TRINITY_DN3800_c0_g1_i11:2740-3432  -            231 31260at7898          -            659   9.7e-15   52.9  44.8   1   3     1e-06   5.7e-05   20.6   3.0   159   206     1    58     1    64 0.64 -
TRINITY_DN3800_c0_g1_i11:2740-3432  -            231 31260at7898          -            659   9.7e-15   52.9  44.8   2   3   7.4e-08   4.1e-06   24.4   9.2   168   216    71   129    62   130 0.76 -
TRINITY_DN3800_c0_g1_i11:2740-3432  -            231 31260at7898          -            659   9.7e-15   52.9  44.8   3   3   2.9e-05    0.0016   15.8  21.5   165   278   119   231   109   231 0.59 -
TRINITY_DN3800_c0_g1_i17:2740-3432  -            231 31260at7898          -            659   9.7e-15   52.9  44.8   1   3     1e-06   5.7e-05   20.6   3.0   159   206     1    58     1    64 0.64 -
TRINITY_DN3800_c0_g1_i17:2740-3432  -            231 31260at7898          -            659   9.7e-15   52.9  44.8   2   3   7.4e-08   4.1e-06   24.4   9.2   168   216    71   129    62   130 0.76 -
TRINITY_DN3800_c0_g1_i17:2740-3432  -            231 31260at7898          -            659   9.7e-15   52.9  44.8   3   3   2.9e-05    0.0016   15.8  21.5   165   278   119   231   109   231 0.59 -
TRINITY_DN7480_c0_g1_i1:1317-2582   -            422 31260at7898          -            659   1.2e-14   52.5  15.2   1   2   1.1e-08   6.1e-07   27.1   3.2   367   411   113   157   102   183 0.72 -
TRINITY_DN7480_c0_g1_i1:1317-2582   -            422 31260at7898          -            659   1.2e-14   52.5  15.2   2   2   6.5e-10   3.6e-08   31.1   4.3   212   266   268   319   234   347 0.62 -
TRINITY_DN7480_c0_g1_i3:1323-2588   -            422 31260at7898          -            659   1.2e-14   52.5  15.2   1   2   1.1e-08   6.1e-07   27.1   3.2   367   411   113   157   102   183 0.72 -
TRINITY_DN7480_c0_g1_i3:1323-2588   -            422 31260at7898          -            659   1.2e-14   52.5  15.2   2   2   6.5e-10   3.6e-08   31.1   4.3   212   266   268   319   234   347 0.62 -
TRINITY_DN7480_c0_g1_i5:678-1943    -            422 31260at7898          -            659   1.2e-14   52.5  15.2   1   2   1.1e-08   6.1e-07   27.1   3.2   367   411   113   157   102   183 0.72 -
TRINITY_DN7480_c0_g1_i5:678-1943    -            422 31260at7898          -            659   1.2e-14   52.5  15.2   2   2   6.5e-10   3.6e-08   31.1   4.3   212   266   268   319   234   347 0.62 -
TRINITY_DN1898_c0_g1_i14:1331-1807  -            159 31260at7898          -            659   2.6e-14   51.4  25.7   1   1   8.3e-16   4.6e-14   50.6  25.7   148   254     1   117     1   137 0.79 -
TRINITY_DN15979_c0_g1_i1:65-574     -            170 31260at7898          -            659   4.4e-13   47.4  46.1   1   2   3.5e-10   1.9e-08   32.0  25.8   112   217     4   110     1   112 0.79 -
TRINITY_DN15979_c0_g1_i1:65-574     -            170 31260at7898          -            659   4.4e-13   47.4  46.1   2   2   8.3e-07   4.6e-05   20.9  16.6   524   584   100   165    99   170 0.83 -
TRINITY_DN60202_c0_g1_i1:58-399     -            114 31260at7898          -            659   4.9e-13   47.2  22.1   1   1   1.2e-14   6.8e-13   46.8  22.1   141   239     6   112     1   114 0.74 -
TRINITY_DN18064_c0_g2_i1:148-672    -            175 31260at7898          -            659   6.6e-13   46.8  45.1   1   1   1.9e-14     1e-12   46.2  45.1    33   200     1   174     1   175 0.84 -
TRINITY_DN43917_c0_g1_i11:5417-5911 -            165 31260at7898          -            659   1.1e-12   46.0  37.5   1   2   3.5e-12   1.9e-10   38.7  24.7   119   228     6   126     1   134 0.80 -
TRINITY_DN43917_c0_g1_i11:5417-5911 -            165 31260at7898          -            659   1.1e-12   46.0  37.5   2   2   0.00076     0.042   11.1   7.7   153   183   134   164   122   165 0.83 -
TRINITY_DN1854_c0_g1_i2:328-2352    -            675 31260at7898          -            659   1.2e-12   45.9  16.4   1   2   2.2e-14   1.2e-12   45.9  16.4   215   287   290   367   283   373 0.84 -
TRINITY_DN1854_c0_g1_i2:328-2352    -            675 31260at7898          -            659   1.2e-12   45.9  16.4   2   2      0.58        32    1.6   0.5   369   386   644   661   633   675 0.71 -
TRINITY_DN1854_c0_g1_i3:328-2352    -            675 31260at7898          -            659   1.2e-12   45.9  16.4   1   2   2.2e-14   1.2e-12   45.9  16.4   215   287   290   367   283   373 0.84 -
TRINITY_DN1854_c0_g1_i3:328-2352    -            675 31260at7898          -            659   1.2e-12   45.9  16.4   2   2      0.58        32    1.6   0.5   369   386   644   661   633   675 0.71 -
TRINITY_DN1854_c0_g1_i5:328-2352    -            675 31260at7898          -            659   1.2e-12   45.9  16.4   1   2   2.2e-14   1.2e-12   45.9  16.4   215   287   290   367   283   373 0.84 -
TRINITY_DN1854_c0_g1_i5:328-2352    -            675 31260at7898          -            659   1.2e-12   45.9  16.4   2   2      0.58        32    1.6   0.5   369   386   644   661   633   675 0.71 -
TRINITY_DN1854_c0_g1_i6:323-2347    -            675 31260at7898          -            659   1.2e-12   45.9  16.4   1   2   2.2e-14   1.2e-12   45.9  16.4   215   287   290   367   283   373 0.84 -
TRINITY_DN1854_c0_g1_i6:323-2347    -            675 31260at7898          -            659   1.2e-12   45.9  16.4   2   2      0.58        32    1.6   0.5   369   386   644   661   633   675 0.71 -
TRINITY_DN24485_c0_g1_i1:118-1395   -            426 31260at7898          -            659   1.5e-12   45.6  74.2   1   2   1.6e-11   8.6e-10   36.5  54.3   429   598   170   357   167   362 0.84 -
TRINITY_DN24485_c0_g1_i1:118-1395   -            426 31260at7898          -            659   1.5e-12   45.6  74.2   2   2   2.4e-06   0.00013   19.3  19.8   426   492   342   422   341   426 0.73 -
TRINITY_DN15979_c0_g2_i1:133-579    -            149 31260at7898          -            659   1.6e-12   45.5  36.6   1   2     1e-07   5.8e-06   23.9  18.6   132   226     3    95     1    97 0.79 -
TRINITY_DN15979_c0_g2_i1:133-579    -            149 31260at7898          -            659   1.6e-12   45.5  36.6   2   2   2.4e-08   1.3e-06   26.0  12.5   110   159    94   148    93   149 0.85 -
TRINITY_DN4248_c0_g1_i3:10-609      -            200 31260at7898          -            659   1.9e-12   45.3  74.2   1   2   4.6e-08   2.5e-06   25.0  29.4   426   517    42   133    41   134 0.91 -
TRINITY_DN4248_c0_g1_i3:10-609      -            200 31260at7898          -            659   1.9e-12   45.3  74.2   2   2     2e-07   1.1e-05   23.0  29.4   410   490   120   198   117   200 0.88 -
TRINITY_DN30604_c0_g1_i2:323-922    -            200 31260at7898          -            659   1.1e-11   42.8  42.0   1   2   4.8e-07   2.6e-05   21.7  13.2   188   258     9    94     2    97 0.71 -
TRINITY_DN30604_c0_g1_i2:323-922    -            200 31260at7898          -            659   1.1e-11   42.8  42.0   2   2   3.8e-08   2.1e-06   25.3  27.2   130   227    84   192    60   199 0.74 -
TRINITY_DN38170_c0_g3_i1:0-446      -            149 31260at7898          -            659   1.1e-11   42.8  35.3   1   1   3.9e-13   2.1e-11   41.8  35.3   113   248     8   144     2   149 0.68 -
TRINITY_DN2262_c0_g1_i3:167-1382    -            371 31260at7898          -            659   1.7e-11   42.1  34.4   1   2   3.1e-13   1.7e-11   42.1  34.4   134   250    28   159    17   176 0.80 -
TRINITY_DN2262_c0_g1_i3:167-1382    -            371 31260at7898          -            659   1.7e-11   42.1  34.4   2   2     0.023       1.2    6.2  16.5    61   400   118   154   118   319 0.77 -
TRINITY_DN2262_c0_g1_i2:167-1520    -            417 31260at7898          -            659   2.1e-11   41.8  34.3   1   1   3.8e-13   2.1e-11   41.8  34.3   135   250    29   159    18   176 0.80 -
TRINITY_DN32059_c0_g1_i1:275-958    -            228 31260at7898          -            659   4.5e-11   40.7  38.0   1   1     9e-13     5e-11   40.6  37.0   219   366    67   223    55   228 0.73 -
TRINITY_DN16298_c1_g1_i2:399-734    -            112 31260at7898          -            659   1.2e-10   39.4  23.8   1   1   2.6e-12   1.5e-10   39.1  23.8   140   239    11   110     2   112 0.52 -
TRINITY_DN8428_c0_g1_i2:2428-2715   -             96 31260at7898          -            659   1.8e-10   38.7  15.5   1   1   2.1e-11   1.2e-09   36.1  15.5    15    91    10    95     1    96 0.69 -
TRINITY_DN8428_c0_g1_i4:2357-2644   -             96 31260at7898          -            659   1.8e-10   38.7  15.5   1   1   2.1e-11   1.2e-09   36.1  15.5    15    91    10    95     1    96 0.69 -
TRINITY_DN8428_c0_g1_i9:2125-2412   -             96 31260at7898          -            659   1.8e-10   38.7  15.5   1   1   2.1e-11   1.2e-09   36.1  15.5    15    91    10    95     1    96 0.69 -
TRINITY_DN16298_c0_g1_i1:15-515     -            167 31260at7898          -            659     2e-10   38.6  46.4   1   1   4.3e-11   2.4e-09   35.1  46.4    78   239     5   167     4   167 0.83 -
TRINITY_DN43917_c0_g1_i11:3533-4258 -            242 31260at7898          -            659   2.3e-10   38.4  28.2   1   1   4.2e-12   2.3e-10   38.4  28.2   142   250   126   240   125   242 0.86 -
TRINITY_DN24791_c0_g3_i1:117-626    -            170 31260at7898          -            659   2.5e-10   38.3  30.5   1   1   3.2e-11   1.8e-09   35.5  30.5    81   239     1   170     1   170 0.63 -
TRINITY_DN16518_c0_g1_i1:97-531     -            145 31260at7898          -            659   8.1e-10   36.6  38.0   1   2   1.1e-06   5.8e-05   20.5  13.5   536   596     2    69     1    70 0.85 -
TRINITY_DN16518_c0_g1_i1:97-531     -            145 31260at7898          -            659   8.1e-10   36.6  38.0   2   2     3e-07   1.7e-05   22.3  12.5   114   164    84   139    80   144 0.66 -
TRINITY_DN38170_c0_g2_i1:230-775    -            182 31260at7898          -            659   1.8e-09   35.5  45.8   1   1   2.2e-08   1.2e-06   26.1  28.2   112   206     4   100     1   111 0.78 -
TRINITY_DN15979_c1_g2_i1:221-775    -            185 31260at7898          -            659   5.8e-09   33.8  53.6   1   2   1.8e-07   9.9e-06   23.1  37.9   420   517    17   135     2   137 0.72 -
TRINITY_DN15979_c1_g2_i1:221-775    -            185 31260at7898          -            659   5.8e-09   33.8  53.6   2   2   8.7e-06   0.00048   17.5  15.3   535   584   125   177   118   184 0.82 -
TRINITY_DN10067_c1_g1_i3:194-1378   -            395 31260at7898          -            659   7.1e-09   33.5  74.5   1   2   0.00052     0.029   11.7  27.5   429   523   157   254   152   254 0.85 -
TRINITY_DN10067_c1_g1_i3:194-1378   -            395 31260at7898          -            659   7.1e-09   33.5  74.5   2   2   9.9e-07   5.5e-05   20.6  48.1   347   481   248   395   236   395 0.71 -
TRINITY_DN48106_c0_g1_i1:2-349      -            116 31260at7898          -            659   1.1e-08   32.9  32.7   1   1   1.4e-09   7.8e-08   30.0  32.7   142   259     3   114     1   116 0.83 -
TRINITY_DN19713_c0_g1_i1:160-480    -            107 31260at7898          -            659   2.8e-08   31.5   9.8   1   1   5.1e-10   2.8e-08   31.5   9.8   151   212    44   104    16   106 0.75 -
TRINITY_DN9048_c1_g2_i1:47-727      -            227 31260at7898          -            659   3.1e-08   31.4  58.4   1   2   1.1e-07   6.3e-06   23.7  33.0   475   597    16   151     1   158 0.68 -
TRINITY_DN9048_c1_g2_i1:47-727      -            227 31260at7898          -            659   3.1e-08   31.4  58.4   2   2   0.00038     0.021   12.1  19.0   413   469   159   225   152   227 0.51 -
TRINITY_DN19813_c0_g1_i2:145-600    -            152 31260at7898          -            659   1.6e-07   29.0  41.0   1   1   3.8e-09   2.1e-07   28.6  41.0   457   580     7   143     1   152 0.80 -
TRINITY_DN897_c0_g1_i8:1884-2201    -            106 31260at7898          -            659   1.7e-07   28.9  28.0   1   1   8.5e-09   4.7e-07   27.5  28.0   508   596     2   106     1   106 0.82 -
TRINITY_DN19813_c0_g2_i1:6-452      -            149 31260at7898          -            659     2e-07   28.7  41.2   1   2   2.9e-05    0.0016   15.8  13.8   440   486    13    64     1    67 0.76 -
TRINITY_DN19813_c0_g2_i1:6-452      -            149 31260at7898          -            659     2e-07   28.7  41.2   2   2   7.3e-06    0.0004   17.8  24.0   112   200    59   149    55   149 0.54 -
TRINITY_DN897_c0_g1_i4:1803-2117    -            105 31260at7898          -            659   2.9e-07   28.2  27.3   1   1   3.2e-08   1.8e-06   25.6  27.3   508   595     2   105     1   105 0.81 -
TRINITY_DN897_c0_g1_i6:1536-1850    -            105 31260at7898          -            659   2.9e-07   28.2  27.3   1   1   3.2e-08   1.8e-06   25.6  27.3   508   595     2   105     1   105 0.81 -
TRINITY_DN64372_c0_g1_i1:147-545    -            133 31260at7898          -            659   3.3e-07   28.0  27.2   1   2   7.6e-05    0.0042   14.4   9.1   532   579     8    61     1    69 0.80 -
TRINITY_DN64372_c0_g1_i1:147-545    -            133 31260at7898          -            659   3.3e-07   28.0  27.2   2   2   1.5e-06   8.5e-05   20.0  10.2   453   505    72   130    62   132 0.79 -
TRINITY_DN7390_c0_g1_i2:1555-2364   -            270 31260at7898          -            659   3.5e-07   27.9   2.0   1   1   9.7e-09   5.4e-07   27.3   2.0   366   413   116   163    97   192 0.78 -
TRINITY_DN14625_c0_g1_i2:342-1364   -            341 31260at7898          -            659   4.2e-07   27.6   3.8   1   1   1.2e-08   6.5e-07   27.0   3.8   361   435   130   205   121   211 0.69 -
TRINITY_DN14625_c0_g1_i3:659-1681   -            341 31260at7898          -            659   4.2e-07   27.6   3.8   1   1   1.2e-08   6.5e-07   27.0   3.8   361   435   130   205   121   211 0.69 -
TRINITY_DN18094_c0_g2_i1:139-516    -            126 31260at7898          -            659   4.9e-07   27.4  33.9   1   1   1.3e-08   7.5e-07   26.8  33.9   415   519     1   119     1   126 0.78 -
TRINITY_DN47121_c0_g1_i1:450-767    -            106 31260at7898          -            659     7e-07   26.9  18.8   1   2   4.9e-08   2.7e-06   24.9   7.4   548   597     9    61     1    70 0.80 -
TRINITY_DN47121_c0_g1_i1:450-767    -            106 31260at7898          -            659     7e-07   26.9  18.8   2   2    0.0043      0.24    8.6   3.4   528   561    69   105    66   106 0.74 -
TRINITY_DN3967_c0_g1_i11:98-2104    -            669 31260at7898          -            659   7.3e-07   26.8  59.5   1   2   1.3e-08   7.3e-07   26.8  59.5   158   408   116   366   110   376 0.75 -
TRINITY_DN3967_c0_g1_i11:98-2104    -            669 31260at7898          -            659   7.3e-07   26.8  59.5   2   2      0.13       7.2    3.7   0.2   369   386   638   655   622   669 0.65 -
TRINITY_DN3967_c0_g1_i1:98-2104     -            669 31260at7898          -            659   7.3e-07   26.8  59.5   1   2   1.3e-08   7.3e-07   26.8  59.5   158   408   116   366   110   376 0.75 -
TRINITY_DN3967_c0_g1_i1:98-2104     -            669 31260at7898          -            659   7.3e-07   26.8  59.5   2   2      0.13       7.2    3.7   0.2   369   386   638   655   622   669 0.65 -
TRINITY_DN3967_c0_g1_i6:98-2104     -            669 31260at7898          -            659   7.3e-07   26.8  59.5   1   2   1.3e-08   7.3e-07   26.8  59.5   158   408   116   366   110   376 0.75 -
TRINITY_DN3967_c0_g1_i6:98-2104     -            669 31260at7898          -            659   7.3e-07   26.8  59.5   2   2      0.13       7.2    3.7   0.2   369   386   638   655   622   669 0.65 -
TRINITY_DN16298_c0_g1_i2:15-362     -            116 31260at7898          -            659   8.1e-07   26.7  28.4   1   2   1.3e-05   0.00072   16.9  16.7   457   516     3    72     1    75 0.75 -
TRINITY_DN16298_c0_g1_i2:15-362     -            116 31260at7898          -            659   8.1e-07   26.7  28.4   2   2   1.9e-05     0.001   16.4  10.2   531   580    59   113    57   116 0.81 -
TRINITY_DN162_c0_g1_i7:532-2487     -            652 31260at7898          -            659   1.8e-06   25.5   2.3   1   2   3.2e-08   1.8e-06   25.5   2.3   363   414    91   143    76   174 0.62 -
TRINITY_DN162_c0_g1_i7:532-2487     -            652 31260at7898          -            659   1.8e-06   25.5   2.3   2   2         2   1.1e+02   -0.2   0.2   271   319   288   336   283   388 0.71 -
TRINITY_DN12151_c0_g1_i1:264-1079   -            272 31260at7898          -            659   1.9e-06   25.5  66.7   1   1   1.1e-06     6e-05   20.5  66.7   192   407    38   267     1   271 0.51 -
TRINITY_DN16836_c0_g1_i2:185-571    -            129 31260at7898          -            659   2.7e-06   25.0  29.8   1   1   5.8e-05    0.0032   14.8  10.3   533   580     6    58     2    65 0.83 -
TRINITY_DN858_c0_g1_i3:153-1364     -            404 31260at7898          -            659   2.7e-06   24.9  16.4   1   1   7.6e-08   4.2e-06   24.3  16.4   169   270    60   161    39   167 0.81 -
TRINITY_DN2080_c3_g1_i3:7632-10841  -           1070 31260at7898          -            659   3.3e-06   24.7  28.8   1   4      0.15       8.3    3.5   0.5   334   367   112   146    99   155 0.71 -
TRINITY_DN2080_c3_g1_i3:7632-10841  -           1070 31260at7898          -            659   3.3e-06   24.7  28.8   2   4    0.0025      0.14    9.4   3.1   363   404   408   450   368   458 0.61 -
TRINITY_DN2080_c3_g1_i3:7632-10841  -           1070 31260at7898          -            659   3.3e-06   24.7  28.8   3   4   2.5e-06   0.00014   19.3   1.6   328   370   723   765   705   771 0.91 -
TRINITY_DN2080_c3_g1_i3:7632-10841  -           1070 31260at7898          -            659   3.3e-06   24.7  28.8   4   4    0.0068      0.38    8.0   2.6   323   353  1040  1070  1029  1070 0.86 -
TRINITY_DN2080_c3_g1_i4:7704-10913  -           1070 31260at7898          -            659   3.3e-06   24.7  28.8   1   4      0.15       8.3    3.5   0.5   334   367   112   146    99   155 0.71 -
TRINITY_DN2080_c3_g1_i4:7704-10913  -           1070 31260at7898          -            659   3.3e-06   24.7  28.8   2   4    0.0025      0.14    9.4   3.1   363   404   408   450   368   458 0.61 -
TRINITY_DN2080_c3_g1_i4:7704-10913  -           1070 31260at7898          -            659   3.3e-06   24.7  28.8   3   4   2.5e-06   0.00014   19.3   1.6   328   370   723   765   705   771 0.91 -
TRINITY_DN2080_c3_g1_i4:7704-10913  -           1070 31260at7898          -            659   3.3e-06   24.7  28.8   4   4    0.0068      0.38    8.0   2.6   323   353  1040  1070  1029  1070 0.86 -
TRINITY_DN3975_c0_g1_i5:801-2162    -            454 31260at7898          -            659   6.6e-06   23.7  14.3   1   1   2.8e-07   1.5e-05   22.5  14.1   302   367    78   146    62   158 0.70 -
TRINITY_DN3975_c0_g1_i6:917-2206    -            430 31260at7898          -            659   8.7e-06   23.3  14.8   1   1   3.9e-07   2.1e-05   22.0  14.5   302   367    54   122    39   132 0.71 -
TRINITY_DN3975_c0_g1_i1:801-2201    -            467 31260at7898          -            659   1.2e-05   22.8  15.3   1   1   4.9e-07   2.7e-05   21.6  15.1   301   367    92   161    54   175 0.73 -
TRINITY_DN3975_c0_g1_i2:917-2317    -            467 31260at7898          -            659   1.2e-05   22.8  15.3   1   1   4.9e-07   2.7e-05   21.6  15.1   301   367    92   161    54   175 0.73 -
TRINITY_DN3975_c0_g1_i8:778-2178    -            467 31260at7898          -            659   1.2e-05   22.8  15.3   1   1   4.9e-07   2.7e-05   21.6  15.1   301   367    92   161    54   175 0.73 -
TRINITY_DN31173_c0_g1_i12:144-947   -            268 31260at7898          -            659   1.4e-05   22.6   2.5   1   1   3.2e-07   1.8e-05   22.2   2.5   363   411   107   157    89   185 0.69 -
TRINITY_DN31173_c0_g1_i6:144-947    -            268 31260at7898          -            659   1.4e-05   22.6   2.5   1   1   3.2e-07   1.8e-05   22.2   2.5   363   411   107   157    89   185 0.69 -
TRINITY_DN15900_c0_g1_i1:190-1230   -            347 31260at7898          -            659   2.9e-05   21.6  15.3   1   1   8.4e-07   4.6e-05   20.9  15.3   213   290     9    90     4   135 0.75 -
TRINITY_DN15900_c0_g1_i6:345-1592   -            416 31260at7898          -            659   2.9e-05   21.6  15.1   1   1   8.4e-07   4.7e-05   20.9  15.1   212   290    76   158    63   202 0.76 -
TRINITY_DN15900_c0_g1_i7:345-1592   -            416 31260at7898          -            659   2.9e-05   21.6  15.1   1   1   8.4e-07   4.7e-05   20.9  15.1   212   290    76   158    63   202 0.76 -
TRINITY_DN16836_c0_g1_i3:233-565    -            111 31260at7898          -            659   3.9e-05   21.1  29.3   1   1   4.8e-06   0.00027   18.4  29.3   139   239     5   111     1   111 0.77 -
TRINITY_DN1830_c0_g1_i10:548-1714   -            389 31260at7898          -            659   4.7e-05   20.8  18.3   1   2    0.0021      0.11    9.7   3.7   134   167     3    37     1    44 0.74 -
TRINITY_DN1830_c0_g1_i10:548-1714   -            389 31260at7898          -            659   4.7e-05   20.8  18.3   2   2     4e-05    0.0022   15.3   8.2   329   374    45    92    36   126 0.80 -
TRINITY_DN16298_c2_g1_i2:279-611    -            111 31260at7898          -            659   4.8e-05   20.8  29.8   1   1   2.4e-06   0.00013   19.4  30.0   141   239     5   100     2   109 0.66 -
TRINITY_DN4807_c0_g1_i1:250-1497    -            416 31260at7898          -            659   5.2e-05   20.7  11.0   1   2     0.088       4.9    4.3   3.6    31   469    88   116    76   123 0.40 -
TRINITY_DN4807_c0_g1_i1:250-1497    -            416 31260at7898          -            659   5.2e-05   20.7  11.0   2   2   1.8e-06    0.0001   19.8   2.0   328   366   125   164   116   172 0.83 -
TRINITY_DN4807_c0_g1_i2:250-1497    -            416 31260at7898          -            659   5.2e-05   20.7  11.0   1   2     0.088       4.9    4.3   3.6    31   469    88   116    76   123 0.40 -
TRINITY_DN4807_c0_g1_i2:250-1497    -            416 31260at7898          -            659   5.2e-05   20.7  11.0   2   2   1.8e-06    0.0001   19.8   2.0   328   366   125   164   116   172 0.83 -
TRINITY_DN4807_c0_g1_i3:251-1498    -            416 31260at7898          -            659   5.2e-05   20.7  11.0   1   2     0.088       4.9    4.3   3.6    31   469    88   116    76   123 0.40 -
TRINITY_DN4807_c0_g1_i3:251-1498    -            416 31260at7898          -            659   5.2e-05   20.7  11.0   2   2   1.8e-06    0.0001   19.8   2.0   328   366   125   164   116   172 0.83 -
TRINITY_DN1830_c0_g1_i6:167-1838    -            471 31260at7898          -            659   5.2e-05   20.7  19.3   1   2    0.0022      0.12    9.6   5.3   131   167    83   120    52   126 0.71 -
TRINITY_DN1830_c0_g1_i6:167-1838    -            471 31260at7898          -            659   5.2e-05   20.7  19.3   2   2   3.4e-05    0.0019   15.6   7.5   329   373   128   174   119   204 0.81 -
TRINITY_DN2098_c0_g1_i23:555-1799   -            415 31260at7898          -            659   5.9e-05   20.5  17.7   1   2   1.3e-06   7.5e-05   20.2  16.5   181   251    74   148    64   158 0.83 -
TRINITY_DN2098_c0_g1_i23:555-1799   -            415 31260at7898          -            659   5.9e-05   20.5  17.7   2   2   6.7e-05    0.0037   14.6   5.4   256   292   115   152   103   198 0.59 -
TRINITY_DN2098_c0_g1_i2:430-1674    -            415 31260at7898          -            659   5.9e-05   20.5  17.7   1   2   1.3e-06   7.5e-05   20.2  16.5   181   251    74   148    64   158 0.83 -
TRINITY_DN2098_c0_g1_i2:430-1674    -            415 31260at7898          -            659   5.9e-05   20.5  17.7   2   2   6.7e-05    0.0037   14.6   5.4   256   292   115   152   103   198 0.59 -
TRINITY_DN2098_c0_g1_i30:507-1751   -            415 31260at7898          -            659   5.9e-05   20.5  17.7   1   2   1.3e-06   7.5e-05   20.2  16.5   181   251    74   148    64   158 0.83 -
TRINITY_DN2098_c0_g1_i30:507-1751   -            415 31260at7898          -            659   5.9e-05   20.5  17.7   2   2   6.7e-05    0.0037   14.6   5.4   256   292   115   152   103   198 0.59 -
TRINITY_DN2098_c0_g1_i10:552-1799   -            416 31260at7898          -            659   6.3e-05   20.4  17.8   1   2   1.2e-06   6.4e-05   20.4  16.4   181   251    74   148    64   163 0.84 -
TRINITY_DN2098_c0_g1_i10:552-1799   -            416 31260at7898          -            659   6.3e-05   20.4  17.8   2   2   8.9e-05    0.0049   14.2   5.5   256   292   115   152   106   198 0.59 -
TRINITY_DN2098_c0_g1_i14:576-1823   -            416 31260at7898          -            659   6.3e-05   20.4  17.8   1   2   1.2e-06   6.4e-05   20.4  16.4   181   251    74   148    64   163 0.84 -
TRINITY_DN2098_c0_g1_i14:576-1823   -            416 31260at7898          -            659   6.3e-05   20.4  17.8   2   2   8.9e-05    0.0049   14.2   5.5   256   292   115   152   106   198 0.59 -
TRINITY_DN2098_c0_g1_i17:427-1674   -            416 31260at7898          -            659   6.3e-05   20.4  17.8   1   2   1.2e-06   6.4e-05   20.4  16.4   181   251    74   148    64   163 0.84 -
TRINITY_DN2098_c0_g1_i17:427-1674   -            416 31260at7898          -            659   6.3e-05   20.4  17.8   2   2   8.9e-05    0.0049   14.2   5.5   256   292   115   152   106   198 0.59 -
TRINITY_DN4444_c0_g1_i5:2561-3283   -            241 31260at7898          -            659   6.4e-05   20.4  35.2   1   2     0.008      0.44    7.7  18.6     9   238    53   140    21   163 0.55 -
TRINITY_DN4444_c0_g1_i5:2561-3283   -            241 31260at7898          -            659   6.4e-05   20.4  35.2   2   2   5.8e-06   0.00032   18.1  14.0   141   237   123   235   116   240 0.64 -
TRINITY_DN1830_c0_g1_i4:227-1597    -            457 31260at7898          -            659   6.7e-05   20.3  19.1   1   2    0.0037       0.2    8.8   5.4   132   167    64   100    33   105 0.72 -
TRINITY_DN1830_c0_g1_i4:227-1597    -            457 31260at7898          -            659   6.7e-05   20.3  19.1   2   2   3.8e-05    0.0021   15.4   7.5   330   373   109   154   100   174 0.81 -
TRINITY_DN1830_c0_g1_i11:278-1648   -            457 31260at7898          -            659   6.7e-05   20.3  19.1   1   2    0.0037       0.2    8.8   5.4   132   167    64   100    33   105 0.72 -
TRINITY_DN1830_c0_g1_i11:278-1648   -            457 31260at7898          -            659   6.7e-05   20.3  19.1   2   2   3.8e-05    0.0021   15.4   7.5   330   373   109   154   100   174 0.81 -
TRINITY_DN1830_c0_g1_i14:227-1597   -            457 31260at7898          -            659   6.7e-05   20.3  19.1   1   2    0.0037       0.2    8.8   5.4   132   167    64   100    33   105 0.72 -
TRINITY_DN1830_c0_g1_i14:227-1597   -            457 31260at7898          -            659   6.7e-05   20.3  19.1   2   2   3.8e-05    0.0021   15.4   7.5   330   373   109   154   100   174 0.81 -
TRINITY_DN1830_c0_g1_i9:278-1648    -            457 31260at7898          -            659   6.7e-05   20.3  19.1   1   2    0.0037       0.2    8.8   5.4   132   167    64   100    33   105 0.72 -
TRINITY_DN1830_c0_g1_i9:278-1648    -            457 31260at7898          -            659   6.7e-05   20.3  19.1   2   2   3.8e-05    0.0021   15.4   7.5   330   373   109   154   100   174 0.81 -
TRINITY_DN1830_c0_g1_i18:167-1597   -            477 31260at7898          -            659   7.2e-05   20.2  19.0   1   2    0.0038      0.21    8.8   5.3   132   167    84   120    53   125 0.72 -
TRINITY_DN1830_c0_g1_i18:167-1597   -            477 31260at7898          -            659   7.2e-05   20.2  19.0   2   2   4.1e-05    0.0023   15.3   7.5   330   373   129   174   120   192 0.81 -
TRINITY_DN12597_c0_g1_i1:3-953      -            317 31260at7898          -            659   0.00014   19.3  22.3   1   2   0.00048     0.027   11.8   8.5   134   178    88   132    52   136 0.77 -
TRINITY_DN12597_c0_g1_i1:3-953      -            317 31260at7898          -            659   0.00014   19.3  22.3   2   2    0.0002     0.011   13.0   7.5   375   418   135   178   125   211 0.74 -
TRINITY_DN24195_c1_g1_i3:470-1834   -            455 31260at7898          -            659   0.00027   18.3  19.0   1   1    0.0011      0.06   10.6   8.7   368   416   120   168   113   179 0.76 -
TRINITY_DN11030_c0_g1_i1:80-1342    -            421 31260at7898          -            659   0.00039   17.8  18.7   1   2      0.02       1.1    6.4   4.6   130   166    74   113    34   118 0.59 -
TRINITY_DN11030_c0_g1_i1:80-1342    -            421 31260at7898          -            659   0.00039   17.8  18.7   2   2   1.4e-05   0.00076   16.9   5.7   369   415   124   169   116   187 0.83 -
TRINITY_DN11030_c0_g1_i2:99-1316    -            406 31260at7898          -            659   0.00043   17.7  18.9   1   2     0.016      0.88    6.7   4.5   136   166    66    98    22   106 0.59 -
TRINITY_DN11030_c0_g1_i2:99-1316    -            406 31260at7898          -            659   0.00043   17.7  18.9   2   2   1.7e-05   0.00096   16.5   6.1   369   415   109   154   103   172 0.83 -
TRINITY_DN16512_c0_g2_i1:2404-6165  -           1254 31260at7898          -            659   0.00064   17.1  25.8   1   4     0.039       2.1    5.5   0.2   337   370   283   319   272   325 0.75 -
TRINITY_DN16512_c0_g2_i1:2404-6165  -           1254 31260at7898          -            659   0.00064   17.1  25.8   2   4   0.00015    0.0084   13.4   0.8   369   408   594   633   583   641 0.66 -
TRINITY_DN16512_c0_g2_i1:2404-6165  -           1254 31260at7898          -            659   0.00064   17.1  25.8   3   4     0.052       2.9    5.0   1.9   328   365   918   956   909   963 0.53 -
TRINITY_DN16512_c0_g2_i1:2404-6165  -           1254 31260at7898          -            659   0.00064   17.1  25.8   4   4     0.014      0.79    6.9   3.6   291   316  1227  1253  1211  1254 0.80 -
TRINITY_DN24195_c1_g1_i2:470-1826   -            376 31260at7898          -            659   0.00084   16.7  19.3   1   2    0.0018       0.1    9.9   4.2    26    55     7    38     2    42 0.56 -
TRINITY_DN24195_c1_g1_i2:470-1826   -            376 31260at7898          -            659   0.00084   16.7  19.3   2   2   0.00066     0.037   11.3   8.5   370   416    43    89    40   100 0.83 -
TRINITY_DN19055_c0_g1_i1:149-472    -            108 31260at7898          -            659   0.00089   16.6  32.2   1   1   2.7e-05    0.0015   15.9  31.0   408   485    24   106     7   108 0.68 -
TRINITY_DN3967_c0_g1_i8:56-2239     -            685 31260at7898          -            659      0.01   13.1  94.3   1   2     0.026       1.5    6.0  87.9    58   408    17   366     5   373 0.68 -
TRINITY_DN3967_c0_g1_i8:56-2239     -            685 31260at7898          -            659      0.01   13.1  94.3   2   2     0.012      0.67    7.1   0.4   369   401   640   678   625   685 0.48 -
TRINITY_DN4051_c0_g1_i1:159-1718    -            485 31260at7898          -            659     0.024   11.9  21.2   1   2      0.18       9.9    3.3   6.6   136   564    67   104    24   108 0.60 -
TRINITY_DN4051_c0_g1_i1:159-1718    -            485 31260at7898          -            659     0.024   11.9  21.2   2   2   8.2e-05    0.0046   14.3  16.4   176   249    69   141    57   154 0.84 -
TRINITY_DN4051_c0_g1_i2:180-1631    -            484 31260at7898          -            659     0.024   11.9  21.2   1   2      0.18        10    3.3   6.6   136   564    69   106    26   110 0.60 -
TRINITY_DN4051_c0_g1_i2:180-1631    -            484 31260at7898          -            659     0.024   11.9  21.2   2   2   8.2e-05    0.0045   14.3  16.4   176   249    71   143    59   156 0.84 -
TRINITY_DN670_c0_g1_i12:575-1171    -            199 31260at7898          -            659     0.082   10.1  60.8   1   2   0.00014    0.0076   13.5  14.9   337   392    79   138    77   141 0.77 -
TRINITY_DN670_c0_g1_i12:575-1171    -            199 31260at7898          -            659     0.082   10.1  60.8   2   2    0.0023      0.13    9.5  16.4   336   391   139   198   138   199 0.63 -
TRINITY_DN670_c0_g1_i15:575-1171    -            199 31260at7898          -            659     0.082   10.1  60.8   1   2   0.00014    0.0076   13.5  14.9   337   392    79   138    77   141 0.77 -
TRINITY_DN670_c0_g1_i15:575-1171    -            199 31260at7898          -            659     0.082   10.1  60.8   2   2    0.0023      0.13    9.5  16.4   336   391   139   198   138   199 0.63 -
TRINITY_DN670_c0_g1_i2:575-1171     -            199 31260at7898          -            659     0.082   10.1  60.8   1   2   0.00014    0.0076   13.5  14.9   337   392    79   138    77   141 0.77 -
TRINITY_DN670_c0_g1_i2:575-1171     -            199 31260at7898          -            659     0.082   10.1  60.8   2   2    0.0023      0.13    9.5  16.4   336   391   139   198   138   199 0.63 -
TRINITY_DN14718_c0_g1_i1:770-1135   -            122 31260at7898          -            659       7.1    3.7  39.5   1   2    0.0025      0.14    9.4  15.4   428   473     5    50     3    55 0.88 -
TRINITY_DN14718_c0_g1_i1:770-1135   -            122 31260at7898          -            659       7.1    3.7  39.5   2   2       1.2        64    0.6  16.1   406   460    58   111    53   119 0.78 -
#
# Program:         hmmsearch
# Version:         3.1b2 (February 2015)
# Pipeline mode:   SEARCH
# Query file:      /home/ericjuo/Projects/salmo_trutta_rna_seq/busco_downloads/lineages/actinopterygii_odb10/hmms/31260at7898.hmm
# Target file:     /home/ericjuo/Projects/salmo_trutta_rna_seq/data/02_intermediate/busco/run_actinopterygii_odb10/metaeuk_output/rerun_results/trinity.Trinity.fasta.modified.fas
# Option settings: hmmsearch --domtblout /home/ericjuo/Projects/salmo_trutta_rna_seq/data/02_intermediate/busco/run_actinopterygii_odb10/hmmer_output/rerun_results/31260at7898.out --cpu 1 /home/ericjuo/Projects/salmo_trutta_rna_seq/busco_downloads/lineages/actinopterygii_odb10/hmms/31260at7898.hmm /home/ericjuo/Projects/salmo_trutta_rna_seq/data/02_intermediate/busco/run_actinopterygii_odb10/metaeuk_output/rerun_results/trinity.Trinity.fasta.modified.fas 
# Current dir:     /home/ericjuo/Projects/salmo_trutta_rna_seq
# Date:            Fri Apr 29 13:04:17 2022
# [ok]
