#                                                                                          --- full sequence --- -------------- this domain -------------   hmm coord   ali coord   env coord
# target name                      accession   tlen query name           accession   qlen   E-value  score  bias   #  of  c-Evalue  i-Evalue  score  bias  from    to  from    to  from    to  acc description of target
#              ------------------- ---------- ----- -------------------- ---------- ----- --------- ------ ----- --- --- --------- --------- ------ ----- ----- ----- ----- ----- ----- ----- ---- ---------------------
TRINITY_DN23132_c0_g2_i5:135-818   -            228 31814at7898          -            768   0.00047   17.3   4.4   1   2   7.4e-06    0.0029   14.7   0.3   202   232    88   118    78   123 0.83 -
TRINITY_DN23132_c0_g2_i5:135-818   -            228 31814at7898          -            768   0.00047   17.3   4.4   2   2     0.011       4.2    4.3   0.3   204   230   128   154   120   157 0.85 -
TRINITY_DN23132_c0_g2_i1:997-1590  -            198 31814at7898          -            768   0.00059   17.0   4.6   1   2   5.9e-06    0.0023   15.0   0.5   202   231    78   107    37   112 0.87 -
TRINITY_DN23132_c0_g2_i1:997-1590  -            198 31814at7898          -            768   0.00059   17.0   4.6   2   2     0.012       4.8    4.1   0.3   204   230   118   144   110   148 0.85 -
TRINITY_DN23132_c0_g2_i2:446-1039  -            198 31814at7898          -            768   0.00059   17.0   4.6   1   2   5.9e-06    0.0023   15.0   0.5   202   231    78   107    37   112 0.87 -
TRINITY_DN23132_c0_g2_i2:446-1039  -            198 31814at7898          -            768   0.00059   17.0   4.6   2   2     0.012       4.8    4.1   0.3   204   230   118   144   110   148 0.85 -
TRINITY_DN23132_c0_g2_i4:1076-1669 -            198 31814at7898          -            768   0.00059   17.0   4.6   1   2   5.9e-06    0.0023   15.0   0.5   202   231    78   107    37   112 0.87 -
TRINITY_DN23132_c0_g2_i4:1076-1669 -            198 31814at7898          -            768   0.00059   17.0   4.6   2   2     0.012       4.8    4.1   0.3   204   230   118   144   110   148 0.85 -
TRINITY_DN7380_c0_g1_i15:543-1286  -            248 31814at7898          -            768    0.0017   15.5   4.9   1   2   1.4e-05    0.0057   13.7   0.6   202   231    14    43     3    48 0.82 -
TRINITY_DN7380_c0_g1_i15:543-1286  -            248 31814at7898          -            768    0.0017   15.5   4.9   2   2     0.016       6.4    3.6   0.3   204   230    54    80    45    83 0.85 -
TRINITY_DN7380_c0_g1_i25:543-1286  -            248 31814at7898          -            768    0.0017   15.5   4.9   1   2   1.4e-05    0.0057   13.7   0.6   202   231    14    43     3    48 0.82 -
TRINITY_DN7380_c0_g1_i25:543-1286  -            248 31814at7898          -            768    0.0017   15.5   4.9   2   2     0.016       6.4    3.6   0.3   204   230    54    80    45    83 0.85 -
TRINITY_DN424_c0_g1_i1:112-1191    -            360 31814at7898          -            768    0.0023   15.0   0.5   1   2   0.00016     0.064   10.3   0.0   202   231   114   144    98   147 0.84 -
TRINITY_DN424_c0_g1_i1:112-1191    -            360 31814at7898          -            768    0.0023   15.0   0.5   2   2     0.032        13    2.7   0.3   204   231   155   182   151   267 0.69 -
TRINITY_DN424_c0_g1_i3:112-1191    -            360 31814at7898          -            768    0.0023   15.0   0.5   1   2   0.00016     0.064   10.3   0.0   202   231   114   144    98   147 0.84 -
TRINITY_DN424_c0_g1_i3:112-1191    -            360 31814at7898          -            768    0.0023   15.0   0.5   2   2     0.032        13    2.7   0.3   204   231   155   182   151   267 0.69 -
TRINITY_DN424_c0_g1_i4:112-1173    -            354 31814at7898          -            768    0.0024   15.0   0.4   1   2   0.00016     0.062   10.3   0.0   202   231   114   144    98   147 0.84 -
TRINITY_DN424_c0_g1_i4:112-1173    -            354 31814at7898          -            768    0.0024   15.0   0.4   2   2     0.031        12    2.7   0.3   204   231   155   182   151   267 0.69 -
TRINITY_DN424_c0_g1_i5:112-1191    -            360 31814at7898          -            768    0.0031   14.6   0.5   1   2   0.00019     0.075   10.0   0.0   202   231   114   144    98   147 0.85 -
TRINITY_DN424_c0_g1_i5:112-1191    -            360 31814at7898          -            768    0.0031   14.6   0.5   2   2     0.032        13    2.7   0.3   204   231   155   182   151   267 0.69 -
TRINITY_DN424_c0_g1_i7:112-1191    -            360 31814at7898          -            768    0.0031   14.6   0.5   1   2   0.00019     0.075   10.0   0.0   202   231   114   144    98   147 0.85 -
TRINITY_DN424_c0_g1_i7:112-1191    -            360 31814at7898          -            768    0.0031   14.6   0.5   2   2     0.032        13    2.7   0.3   204   231   155   182   151   267 0.69 -
TRINITY_DN7380_c0_g1_i24:568-1275  -            236 31814at7898          -            768    0.0042   14.2   5.2   1   2   3.2e-05     0.013   12.6   0.6   203   231     3    31     1    36 0.85 -
TRINITY_DN7380_c0_g1_i24:568-1275  -            236 31814at7898          -            768    0.0042   14.2   5.2   2   2     0.016       6.3    3.7   0.3   204   230    42    68    34    71 0.85 -
TRINITY_DN7380_c0_g1_i16:543-1301  -            253 31814at7898          -            768    0.0058   13.7   0.6   1   2   1.5e-05    0.0058   13.7   0.6   202   231    14    43     3    48 0.82 -
TRINITY_DN7380_c0_g1_i16:543-1301  -            253 31814at7898          -            768    0.0058   13.7   0.6   2   2     0.017       6.6    3.6   0.3   204   230    54    80    45    83 0.85 -
TRINITY_DN7380_c0_g1_i22:568-1290  -            241 31814at7898          -            768     0.013   12.6   0.6   1   2   3.3e-05     0.013   12.6   0.6   203   231     3    31     1    36 0.85 -
TRINITY_DN7380_c0_g1_i22:568-1290  -            241 31814at7898          -            768     0.013   12.6   0.6   2   2     0.016       6.5    3.6   0.3   204   230    42    68    34    71 0.85 -
TRINITY_DN513_c0_g1_i10:1507-2352  -            282 31814at7898          -            768     0.023   11.7   5.4   1   2   0.00026       0.1    9.6   0.6   204   231     4    31     1    36 0.84 -
TRINITY_DN513_c0_g1_i10:1507-2352  -            282 31814at7898          -            768     0.023   11.7   5.4   2   2    0.0085       3.4    4.6   0.4   204   231    42    69    35    73 0.87 -
TRINITY_DN513_c0_g1_i1:1565-2410   -            282 31814at7898          -            768     0.023   11.7   5.4   1   2   0.00026       0.1    9.6   0.6   204   231     4    31     1    36 0.84 -
TRINITY_DN513_c0_g1_i1:1565-2410   -            282 31814at7898          -            768     0.023   11.7   5.4   2   2    0.0085       3.4    4.6   0.4   204   231    42    69    35    73 0.87 -
TRINITY_DN513_c0_g1_i6:1513-2358   -            282 31814at7898          -            768     0.023   11.7   5.4   1   2   0.00026       0.1    9.6   0.6   204   231     4    31     1    36 0.84 -
TRINITY_DN513_c0_g1_i6:1513-2358   -            282 31814at7898          -            768     0.023   11.7   5.4   2   2    0.0085       3.4    4.6   0.4   204   231    42    69    35    73 0.87 -
TRINITY_DN513_c0_g1_i8:1568-2413   -            282 31814at7898          -            768     0.023   11.7   5.4   1   2   0.00026       0.1    9.6   0.6   204   231     4    31     1    36 0.84 -
TRINITY_DN513_c0_g1_i8:1568-2413   -            282 31814at7898          -            768     0.023   11.7   5.4   2   2    0.0085       3.4    4.6   0.4   204   231    42    69    35    73 0.87 -
TRINITY_DN513_c0_g1_i7:1537-2391   -            285 31814at7898          -            768     0.028   11.5   5.5   1   2   0.00027      0.11    9.5   0.6   204   231     4    31     1    35 0.83 -
TRINITY_DN513_c0_g1_i7:1537-2391   -            285 31814at7898          -            768     0.028   11.5   5.5   2   2    0.0092       3.7    4.5   0.4   204   231    42    69    34    71 0.87 -
TRINITY_DN513_c0_g1_i9:1537-2391   -            285 31814at7898          -            768     0.028   11.5   5.5   1   2   0.00027      0.11    9.5   0.6   204   231     4    31     1    35 0.83 -
TRINITY_DN513_c0_g1_i9:1537-2391   -            285 31814at7898          -            768     0.028   11.5   5.5   2   2    0.0092       3.7    4.5   0.4   204   231    42    69    34    71 0.87 -
#
# Program:         hmmsearch
# Version:         3.1b2 (February 2015)
# Pipeline mode:   SEARCH
# Query file:      /home/ericjuo/Projects/salmo_trutta_rna_seq/busco_downloads/lineages/actinopterygii_odb10/hmms/31814at7898.hmm
# Target file:     /home/ericjuo/Projects/salmo_trutta_rna_seq/data/02_intermediate/busco/run_actinopterygii_odb10/metaeuk_output/rerun_results/trinity.Trinity.fasta.modified.fas
# Option settings: hmmsearch --domtblout /home/ericjuo/Projects/salmo_trutta_rna_seq/data/02_intermediate/busco/run_actinopterygii_odb10/hmmer_output/rerun_results/31814at7898.out --cpu 1 /home/ericjuo/Projects/salmo_trutta_rna_seq/busco_downloads/lineages/actinopterygii_odb10/hmms/31814at7898.hmm /home/ericjuo/Projects/salmo_trutta_rna_seq/data/02_intermediate/busco/run_actinopterygii_odb10/metaeuk_output/rerun_results/trinity.Trinity.fasta.modified.fas 
# Current dir:     /home/ericjuo/Projects/salmo_trutta_rna_seq
# Date:            Fri Apr 29 13:03:59 2022
# [ok]
