#                                                                                           --- full sequence --- -------------- this domain -------------   hmm coord   ali coord   env coord
# target name                       accession   tlen query name           accession   qlen   E-value  score  bias   #  of  c-Evalue  i-Evalue  score  bias  from    to  from    to  from    to  acc description of target
#               ------------------- ---------- ----- -------------------- ---------- ----- --------- ------ ----- --- --- --------- --------- ------ ----- ----- ----- ----- ----- ----- ----- ---- ---------------------
TRINITY_DN53559_c0_g1_i1:118-648    -            177 36114at7898          -            485   1.1e-15   56.3   1.1   1   1   1.4e-17   1.4e-15   55.8   1.1    75   213    19   146    14   175 0.87 -
TRINITY_DN11406_c0_g1_i2:407-775    -            123 36114at7898          -            485   6.4e-10   37.2   6.4   1   1   1.3e-11   1.4e-09   36.1   6.2    99   213    10   120     4   122 0.91 -
TRINITY_DN19162_c0_g1_i1:471-1010   -            180 36114at7898          -            485   3.9e-09   34.6   8.0   1   3   6.1e-05    0.0061   14.2   0.2   115   175     1    60     1    64 0.86 -
TRINITY_DN19162_c0_g1_i1:471-1010   -            180 36114at7898          -            485   3.9e-09   34.6   8.0   2   3     0.024       2.4    5.6   1.5    96   177    50   107    45   112 0.52 -
TRINITY_DN19162_c0_g1_i1:471-1010   -            180 36114at7898          -            485   3.9e-09   34.6   8.0   3   3   1.4e-07   1.4e-05   22.9   0.5    59   132   101   175    93   178 0.81 -
TRINITY_DN19162_c0_g1_i4:471-1010   -            180 36114at7898          -            485   3.9e-09   34.6   8.0   1   3   6.1e-05    0.0061   14.2   0.2   115   175     1    60     1    64 0.86 -
TRINITY_DN19162_c0_g1_i4:471-1010   -            180 36114at7898          -            485   3.9e-09   34.6   8.0   2   3     0.024       2.4    5.6   1.5    96   177    50   107    45   112 0.52 -
TRINITY_DN19162_c0_g1_i4:471-1010   -            180 36114at7898          -            485   3.9e-09   34.6   8.0   3   3   1.4e-07   1.4e-05   22.9   0.5    59   132   101   175    93   178 0.81 -
TRINITY_DN1864_c0_g1_i11:1039-1401  -            121 36114at7898          -            485   1.4e-08   32.8   3.8   1   1     2e-10   2.1e-08   32.2   3.8    93   215     5   119     1   121 0.87 -
TRINITY_DN1864_c0_g1_i13:1033-1395  -            121 36114at7898          -            485   1.4e-08   32.8   3.8   1   1     2e-10   2.1e-08   32.2   3.8    93   215     5   119     1   121 0.87 -
TRINITY_DN1864_c0_g1_i14:1027-1389  -            121 36114at7898          -            485   1.4e-08   32.8   3.8   1   1     2e-10   2.1e-08   32.2   3.8    93   215     5   119     1   121 0.87 -
TRINITY_DN1864_c0_g1_i1:1021-1383   -            121 36114at7898          -            485   1.4e-08   32.8   3.8   1   1     2e-10   2.1e-08   32.2   3.8    93   215     5   119     1   121 0.87 -
TRINITY_DN4184_c0_g1_i2:2192-2671   -            160 36114at7898          -            485   3.9e-08   31.3  14.0   1   3     4e-06   0.00041   18.1   9.6    63   159     5   102     1   113 0.83 -
TRINITY_DN4184_c0_g1_i2:2192-2671   -            160 36114at7898          -            485   3.9e-08   31.3  14.0   2   3   0.00052     0.052   11.1   0.2   114   156   101   143    97   147 0.90 -
TRINITY_DN4184_c0_g1_i2:2192-2671   -            160 36114at7898          -            485   3.9e-08   31.3  14.0   3   3   0.00045     0.046   11.3   0.2    96   129   127   160   125   160 0.95 -
TRINITY_DN4184_c0_g1_i3:2170-2649   -            160 36114at7898          -            485   3.9e-08   31.3  14.0   1   3     4e-06   0.00041   18.1   9.6    63   159     5   102     1   113 0.83 -
TRINITY_DN4184_c0_g1_i3:2170-2649   -            160 36114at7898          -            485   3.9e-08   31.3  14.0   2   3   0.00052     0.052   11.1   0.2   114   156   101   143    97   147 0.90 -
TRINITY_DN4184_c0_g1_i3:2170-2649   -            160 36114at7898          -            485   3.9e-08   31.3  14.0   3   3   0.00045     0.046   11.3   0.2    96   129   127   160   125   160 0.95 -
TRINITY_DN14453_c0_g2_i2:427-1842   -            359 36114at7898          -            485   5.4e-08   30.9   3.4   1   2   5.5e-07   5.6e-05   20.9   1.4    95   153    35    97    31   117 0.86 -
TRINITY_DN14453_c0_g2_i2:427-1842   -            359 36114at7898          -            485   5.4e-08   30.9   3.4   2   2    0.0012      0.12   10.0   0.1    96   146   108   166   101   174 0.80 -
TRINITY_DN67851_c0_g1_i1:5-493      -            163 36114at7898          -            485   8.1e-08   30.3   1.6   1   1   9.4e-10   9.5e-08   30.0   1.6   104   219    39   158    33   163 0.83 -
TRINITY_DN4184_c0_g1_i10:1530-1976  -            149 36114at7898          -            485   8.2e-08   30.3  14.1   1   2   3.1e-06   0.00032   18.4   6.2    74   153     7    85     1    91 0.90 -
TRINITY_DN4184_c0_g1_i10:1530-1976  -            149 36114at7898          -            485   8.2e-08   30.3  14.1   2   2   9.4e-05    0.0096   13.5   1.5   117   162    93   138    85   149 0.60 -
TRINITY_DN14453_c0_g2_i3:427-1503   -            359 36114at7898          -            485   9.3e-08   30.1   2.2   1   2   4.4e-07   4.4e-05   21.2   0.7    95   152    35    96    31   105 0.88 -
TRINITY_DN14453_c0_g2_i3:427-1503   -            359 36114at7898          -            485   9.3e-08   30.1   2.2   2   2    0.0041      0.42    8.1   0.0    96   146   108   166   100   171 0.79 -
TRINITY_DN1692_c0_g1_i1:985-2451    -            489 36114at7898          -            485   2.6e-07   28.6  20.8   1   5   0.00068     0.069   10.7   1.6    74   178   113   221   106   223 0.83 -
TRINITY_DN1692_c0_g1_i1:985-2451    -            489 36114at7898          -            485   2.6e-07   28.6  20.8   2   5    0.0014      0.14    9.7   0.1   117   179   207   270   199   278 0.86 -
TRINITY_DN1692_c0_g1_i1:985-2451    -            489 36114at7898          -            485   2.6e-07   28.6  20.8   3   5   0.00086     0.088   10.4   0.5   116   164   278   328   259   347 0.74 -
TRINITY_DN1692_c0_g1_i1:985-2451    -            489 36114at7898          -            485   2.6e-07   28.6  20.8   4   5   0.00045     0.046   11.3   4.6    73   176   328   435   318   479 0.82 -
TRINITY_DN1692_c0_g1_i1:985-2451    -            489 36114at7898          -            485   2.6e-07   28.6  20.8   5   5       3.7   3.8e+02   -1.6   0.1   140   178   448   485   442   489 0.61 -
TRINITY_DN35607_c0_g1_i1:41-382     -            114 36114at7898          -            485   2.9e-07   28.4   4.2   1   1   4.4e-09   4.4e-07   27.8   4.2    99   213     6   110     3   114 0.90 -
TRINITY_DN16127_c0_g1_i2:601-1128   -            176 36114at7898          -            485   1.1e-06   26.5   6.2   1   3    0.0006     0.061   10.9   0.3   109   156     7    55     4    59 0.92 -
TRINITY_DN16127_c0_g1_i2:601-1128   -            176 36114at7898          -            485   1.1e-06   26.5   6.2   2   3   0.00079      0.08   10.5   0.1   115   155    59   100    57   103 0.92 -
TRINITY_DN16127_c0_g1_i2:601-1128   -            176 36114at7898          -            485   1.1e-06   26.5   6.2   3   3    0.0051      0.52    7.8   0.2   118   182   110   173   101   175 0.82 -
TRINITY_DN16127_c0_g1_i3:326-853    -            176 36114at7898          -            485   1.1e-06   26.5   6.2   1   3    0.0006     0.061   10.9   0.3   109   156     7    55     4    59 0.92 -
TRINITY_DN16127_c0_g1_i3:326-853    -            176 36114at7898          -            485   1.1e-06   26.5   6.2   2   3   0.00079      0.08   10.5   0.1   115   155    59   100    57   103 0.92 -
TRINITY_DN16127_c0_g1_i3:326-853    -            176 36114at7898          -            485   1.1e-06   26.5   6.2   3   3    0.0051      0.52    7.8   0.2   118   182   110   173   101   175 0.82 -
TRINITY_DN16127_c0_g1_i4:223-750    -            176 36114at7898          -            485   1.1e-06   26.5   6.2   1   3    0.0006     0.061   10.9   0.3   109   156     7    55     4    59 0.92 -
TRINITY_DN16127_c0_g1_i4:223-750    -            176 36114at7898          -            485   1.1e-06   26.5   6.2   2   3   0.00079      0.08   10.5   0.1   115   155    59   100    57   103 0.92 -
TRINITY_DN16127_c0_g1_i4:223-750    -            176 36114at7898          -            485   1.1e-06   26.5   6.2   3   3    0.0051      0.52    7.8   0.2   118   182   110   173   101   175 0.82 -
TRINITY_DN16127_c0_g1_i5:235-762    -            176 36114at7898          -            485   1.1e-06   26.5   6.2   1   3    0.0006     0.061   10.9   0.3   109   156     7    55     4    59 0.92 -
TRINITY_DN16127_c0_g1_i5:235-762    -            176 36114at7898          -            485   1.1e-06   26.5   6.2   2   3   0.00079      0.08   10.5   0.1   115   155    59   100    57   103 0.92 -
TRINITY_DN16127_c0_g1_i5:235-762    -            176 36114at7898          -            485   1.1e-06   26.5   6.2   3   3    0.0051      0.52    7.8   0.2   118   182   110   173   101   175 0.82 -
TRINITY_DN2232_c2_g1_i1:4-594       -            197 36114at7898          -            485   2.4e-06   25.4   6.9   1   2   9.5e-07   9.6e-05   20.1   1.0    95   182    39   128    19   130 0.87 -
TRINITY_DN2232_c2_g1_i1:4-594       -            197 36114at7898          -            485   2.4e-06   25.4   6.9   2   2    0.0021      0.22    9.1   0.4   136   182   130   174   128   179 0.90 -
TRINITY_DN2232_c2_g1_i3:4-594       -            197 36114at7898          -            485   2.6e-06   25.3   7.0   1   2   9.4e-07   9.6e-05   20.1   1.1    95   182    39   128    17   130 0.87 -
TRINITY_DN2232_c2_g1_i3:4-594       -            197 36114at7898          -            485   2.6e-06   25.3   7.0   2   2    0.0026      0.26    8.8   0.5   136   182   130   174   129   178 0.89 -
TRINITY_DN18259_c0_g1_i1:5-550      -            182 36114at7898          -            485   7.3e-06   23.8   0.6   1   1   8.2e-08   8.3e-06   23.6   0.6    72   182    67   181    45   182 0.88 -
TRINITY_DN17537_c0_g1_i1:502-1470   -            323 36114at7898          -            485   1.8e-05   22.6   2.4   1   2       9.9     1e+03   -3.0   0.0   120   134    55    69    51    80 0.79 -
TRINITY_DN17537_c0_g1_i1:502-1470   -            323 36114at7898          -            485   1.8e-05   22.6   2.4   2   2   1.7e-07   1.8e-05   22.6   2.4    21   179   141   305   124   314 0.79 -
TRINITY_DN40428_c0_g1_i1:123-656    -            178 36114at7898          -            485   2.7e-05   22.0   7.9   1   1   3.3e-07   3.4e-05   21.6   7.8    66   184    19   137     2   155 0.88 -
TRINITY_DN10110_c0_g1_i2:243-1166   -            308 36114at7898          -            485   2.8e-05   21.9  27.0   1   4      0.02       2.1    5.8   9.8    71   174    64   167    41   175 0.82 -
TRINITY_DN10110_c0_g1_i2:243-1166   -            308 36114at7898          -            485   2.8e-05   21.9  27.0   2   4     0.005       0.5    7.9   0.8   117   178   157   217   150   227 0.68 -
TRINITY_DN10110_c0_g1_i2:243-1166   -            308 36114at7898          -            485   2.8e-05   21.9  27.0   3   4    0.0049       0.5    7.9   0.7    97   156   205   265   201   267 0.79 -
TRINITY_DN10110_c0_g1_i2:243-1166   -            308 36114at7898          -            485   2.8e-05   21.9  27.0   4   4   2.9e-05     0.003   15.2   2.8   116   178   247   308   244   308 0.88 -
TRINITY_DN4898_c0_g2_i1:1-1146      -            382 36114at7898          -            485   2.8e-05   21.9  11.3   1   2      0.02         2    5.9   5.3    98   178   257   335   251   336 0.85 -
TRINITY_DN4898_c0_g2_i1:1-1146      -            382 36114at7898          -            485   2.8e-05   21.9  11.3   2   2   1.1e-06   0.00011   19.9  10.3   119   185   301   367   269   373 0.79 -
TRINITY_DN4898_c0_g2_i2:1-1146      -            382 36114at7898          -            485   2.8e-05   21.9  11.3   1   2      0.02         2    5.9   5.3    98   178   257   335   251   336 0.85 -
TRINITY_DN4898_c0_g2_i2:1-1146      -            382 36114at7898          -            485   2.8e-05   21.9  11.3   2   2   1.1e-06   0.00011   19.9  10.3   119   185   301   367   269   373 0.79 -
TRINITY_DN37419_c0_g1_i1:52-507     -            152 36114at7898          -            485   4.4e-05   21.2   1.4   1   2         3     3e+02   -1.3   0.1   145   156     2    13     1    21 0.87 -
TRINITY_DN37419_c0_g1_i1:52-507     -            152 36114at7898          -            485   4.4e-05   21.2   1.4   2   2   4.4e-07   4.4e-05   21.2   1.4    59   157    32   139    23   146 0.80 -
TRINITY_DN15575_c0_g1_i1:326-2140   -            605 36114at7898          -            485   6.6e-05   20.7   9.5   1   4      0.84        85    0.5   0.1   155   185   101   132    58   141 0.63 -
TRINITY_DN15575_c0_g1_i1:326-2140   -            605 36114at7898          -            485   6.6e-05   20.7   9.5   2   4      0.18        19    2.7   0.0    97   156   257   320   253   325 0.81 -
TRINITY_DN15575_c0_g1_i1:326-2140   -            605 36114at7898          -            485   6.6e-05   20.7   9.5   3   4   1.1e-06   0.00011   19.9   0.2   118   178   328   390   324   394 0.88 -
TRINITY_DN15575_c0_g1_i1:326-2140   -            605 36114at7898          -            485   6.6e-05   20.7   9.5   4   4       1.3   1.3e+02   -0.1   0.3    96   151   482   539   477   542 0.78 -
TRINITY_DN15234_c0_g1_i2:384-1112   -            243 36114at7898          -            485   6.9e-05   20.6   6.7   1   2    0.0001     0.011   13.4   0.3   135   183    60   108    13   115 0.79 -
TRINITY_DN15234_c0_g1_i2:384-1112   -            243 36114at7898          -            485   6.9e-05   20.6   6.7   2   2   0.00085     0.086   10.4   0.9   118   178   136   195   111   209 0.79 -
TRINITY_DN15234_c0_g1_i1:410-1138   -            243 36114at7898          -            485     7e-05   20.6   6.6   1   2    0.0001      0.01   13.4   0.3   135   183    60   108    13   117 0.79 -
TRINITY_DN15234_c0_g1_i1:410-1138   -            243 36114at7898          -            485     7e-05   20.6   6.6   2   2   0.00087     0.088   10.4   0.9   118   178   136   195   111   208 0.79 -
TRINITY_DN22773_c0_g1_i4:172-960    -            263 36114at7898          -            485   7.7e-05   20.5   6.1   1   4   0.00056     0.057   11.0   0.1   121   153    47    80    22   101 0.79 -
TRINITY_DN22773_c0_g1_i4:172-960    -            263 36114at7898          -            485   7.7e-05   20.5   6.1   2   4    0.0032      0.33    8.5   0.1   113   182    85   154    79   158 0.77 -
TRINITY_DN22773_c0_g1_i4:172-960    -            263 36114at7898          -            485   7.7e-05   20.5   6.1   3   4       3.1   3.2e+02   -1.4   0.1   137   155   157   175   155   225 0.61 -
TRINITY_DN22773_c0_g1_i4:172-960    -            263 36114at7898          -            485   7.7e-05   20.5   6.1   4   4      0.13        13    3.2   0.1   166   181   230   245   202   252 0.84 -
TRINITY_DN15628_c1_g1_i1:6-749      -            248 36114at7898          -            485     8e-05   20.4   3.8   1   2     4e-05     0.004   14.8   1.2    73   183    63   176    42   180 0.85 -
TRINITY_DN15628_c1_g1_i1:6-749      -            248 36114at7898          -            485     8e-05   20.4   3.8   2   2     0.015       1.5    6.3   0.0    73   135   181   246   176   247 0.59 -
TRINITY_DN15628_c1_g1_i2:6-749      -            248 36114at7898          -            485     8e-05   20.4   3.8   1   2     4e-05     0.004   14.8   1.2    73   183    63   176    42   180 0.85 -
TRINITY_DN15628_c1_g1_i2:6-749      -            248 36114at7898          -            485     8e-05   20.4   3.8   2   2     0.015       1.5    6.3   0.0    73   135   181   246   176   247 0.59 -
TRINITY_DN4197_c0_g1_i1:2121-2786   -            222 36114at7898          -            485    0.0001   20.1   7.1   1   3     0.013       1.3    6.5   0.0   140   184    28    72    23    78 0.87 -
TRINITY_DN4197_c0_g1_i1:2121-2786   -            222 36114at7898          -            485    0.0001   20.1   7.1   2   3   2.2e-06   0.00022   18.9   0.4    72   184    52   164    50   170 0.86 -
TRINITY_DN4197_c0_g1_i1:2121-2786   -            222 36114at7898          -            485    0.0001   20.1   7.1   3   3      0.93        95    0.4   0.3   137   172   165   198   163   202 0.84 -
TRINITY_DN4197_c0_g1_i5:1931-2596   -            222 36114at7898          -            485    0.0001   20.1   7.1   1   3     0.013       1.3    6.5   0.0   140   184    28    72    23    78 0.87 -
TRINITY_DN4197_c0_g1_i5:1931-2596   -            222 36114at7898          -            485    0.0001   20.1   7.1   2   3   2.2e-06   0.00022   18.9   0.4    72   184    52   164    50   170 0.86 -
TRINITY_DN4197_c0_g1_i5:1931-2596   -            222 36114at7898          -            485    0.0001   20.1   7.1   3   3      0.93        95    0.4   0.3   137   172   165   198   163   202 0.84 -
TRINITY_DN4197_c0_g1_i6:2480-3145   -            222 36114at7898          -            485    0.0001   20.1   7.1   1   3     0.013       1.3    6.5   0.0   140   184    28    72    23    78 0.87 -
TRINITY_DN4197_c0_g1_i6:2480-3145   -            222 36114at7898          -            485    0.0001   20.1   7.1   2   3   2.2e-06   0.00022   18.9   0.4    72   184    52   164    50   170 0.86 -
TRINITY_DN4197_c0_g1_i6:2480-3145   -            222 36114at7898          -            485    0.0001   20.1   7.1   3   3      0.93        95    0.4   0.3   137   172   165   198   163   202 0.84 -
TRINITY_DN4197_c0_g1_i7:2121-2786   -            222 36114at7898          -            485    0.0001   20.1   7.1   1   3     0.013       1.3    6.5   0.0   140   184    28    72    23    78 0.87 -
TRINITY_DN4197_c0_g1_i7:2121-2786   -            222 36114at7898          -            485    0.0001   20.1   7.1   2   3   2.2e-06   0.00022   18.9   0.4    72   184    52   164    50   170 0.86 -
TRINITY_DN4197_c0_g1_i7:2121-2786   -            222 36114at7898          -            485    0.0001   20.1   7.1   3   3      0.93        95    0.4   0.3   137   172   165   198   163   202 0.84 -
TRINITY_DN37520_c0_g1_i2:0-590      -            197 36114at7898          -            485    0.0001   20.0   0.1   1   2    0.0003      0.03   11.9   0.0   101   156    13    72     7    94 0.83 -
TRINITY_DN37520_c0_g1_i2:0-590      -            197 36114at7898          -            485    0.0001   20.0   0.1   2   2     0.012       1.3    6.6   0.0   120   191   106   178    78   183 0.81 -
TRINITY_DN5279_c0_g1_i2:482-952     -            157 36114at7898          -            485   0.00011   20.0   9.7   1   2   0.00012     0.012   13.2   2.9    96   183     6    93     3    97 0.86 -
TRINITY_DN5279_c0_g1_i2:482-952     -            157 36114at7898          -            485   0.00011   20.0   9.7   2   2   0.00044     0.045   11.3   0.6   129   176   109   155    93   157 0.84 -
TRINITY_DN19345_c0_g1_i1:28-459     -            144 36114at7898          -            485   0.00018   19.2   1.7   1   3     0.012       1.2    6.6   0.1   118   156    22    60    18    64 0.77 -
TRINITY_DN19345_c0_g1_i1:28-459     -            144 36114at7898          -            485   0.00018   19.2   1.7   2   3   0.00034     0.034   11.7   0.2   114   154    64   106    60   126 0.82 -
TRINITY_DN19345_c0_g1_i1:28-459     -            144 36114at7898          -            485   0.00018   19.2   1.7   3   3       4.1   4.1e+02   -1.8   0.0    40    52   118   130   110   134 0.84 -
TRINITY_DN14395_c0_g1_i2:1643-2584  -            314 36114at7898          -            485   0.00019   19.1   7.2   1   4      0.31        32    1.9   0.2   111   151    23    67     8    70 0.70 -
TRINITY_DN14395_c0_g1_i2:1643-2584  -            314 36114at7898          -            485   0.00019   19.1   7.2   2   4       3.1   3.2e+02   -1.4   3.6    68    90    81   103    33   152 0.68 -
TRINITY_DN14395_c0_g1_i2:1643-2584  -            314 36114at7898          -            485   0.00019   19.1   7.2   3   4      0.16        16    2.9   1.4    94   176    84   176    71   182 0.72 -
TRINITY_DN14395_c0_g1_i2:1643-2584  -            314 36114at7898          -            485   0.00019   19.1   7.2   4   4   1.9e-06   0.00019   19.1   7.2    49   179   140   277   137   282 0.77 -
TRINITY_DN24852_c0_g1_i1:20-469     -            150 36114at7898          -            485   0.00026   18.7   5.9   1   2    0.0088      0.89    7.0   2.6   103   182     4    83     1    94 0.79 -
TRINITY_DN24852_c0_g1_i1:20-469     -            150 36114at7898          -            485   0.00026   18.7   5.9   2   2   4.3e-05    0.0043   14.7   0.4    75   134    68   127    61   134 0.73 -
TRINITY_DN37520_c0_g1_i1:3-1044     -            267 36114at7898          -            485   0.00027   18.6   0.1   1   2   0.00056     0.057   11.0   0.0   101   156    12    71     6    90 0.84 -
TRINITY_DN37520_c0_g1_i1:3-1044     -            267 36114at7898          -            485   0.00027   18.6   0.1   2   2     0.024       2.5    5.6   0.0   120   191   105   177    79   182 0.82 -
TRINITY_DN11818_c0_g3_i1:44-817     -            258 36114at7898          -            485   0.00037   18.2   1.1   1   1   2.3e-05    0.0024   15.5   1.1    73   176    24   131     4   138 0.81 -
TRINITY_DN25636_c1_g2_i1:647-1438   -            264 36114at7898          -            485   0.00048   17.8   5.9   1   2    0.0066      0.67    7.5   0.0   124   178     4    57     1    65 0.88 -
TRINITY_DN25636_c1_g2_i1:647-1438   -            264 36114at7898          -            485   0.00048   17.8   5.9   2   2   0.00048     0.048   11.2   3.0    94   175   117   203    89   209 0.82 -
TRINITY_DN2534_c0_g2_i1:122-952     -            277 36114at7898          -            485   0.00056   17.6   5.3   1   2     0.001       0.1   10.1   0.2   118   154    57    95    37   122 0.82 -
TRINITY_DN2534_c0_g2_i1:122-952     -            277 36114at7898          -            485   0.00056   17.6   5.3   2   2    0.0025      0.25    8.9   1.7   117   173   151   208   107   220 0.80 -
TRINITY_DN2534_c0_g2_i3:180-1010    -            277 36114at7898          -            485   0.00056   17.6   5.3   1   2     0.001       0.1   10.1   0.2   118   154    57    95    37   122 0.82 -
TRINITY_DN2534_c0_g2_i3:180-1010    -            277 36114at7898          -            485   0.00056   17.6   5.3   2   2    0.0025      0.25    8.9   1.7   117   173   151   208   107   220 0.80 -
TRINITY_DN18259_c0_g2_i1:16-705     -            230 36114at7898          -            485   0.00065   17.4   1.2   1   2   8.5e-05    0.0087   13.7   0.8    96   176    19   102     6   112 0.75 -
TRINITY_DN18259_c0_g2_i1:16-705     -            230 36114at7898          -            485   0.00065   17.4   1.2   2   2      0.22        23    2.4   0.0   138   179   116   156    90   170 0.77 -
TRINITY_DN13639_c0_g1_i1:67-630     -            188 36114at7898          -            485   0.00069   17.3   0.9   1   2   6.8e-06   0.00069   17.3   0.9    96   177    16    97    12   105 0.75 -
TRINITY_DN13639_c0_g1_i1:67-630     -            188 36114at7898          -            485   0.00069   17.3   0.9   2   2      0.78        79    0.6   2.2    96   156   108   170   105   188 0.56 -
TRINITY_DN22773_c0_g1_i9:1072-1797  -            242 36114at7898          -            485   0.00084   17.0   7.4   1   4   0.00049     0.049   11.2   0.1   121   154    47    81    22   101 0.79 -
TRINITY_DN22773_c0_g1_i9:1072-1797  -            242 36114at7898          -            485   0.00084   17.0   7.4   2   4    0.0029       0.3    8.6   0.0   113   182    85   154    83   162 0.77 -
TRINITY_DN22773_c0_g1_i9:1072-1797  -            242 36114at7898          -            485   0.00084   17.0   7.4   3   4       3.4   3.5e+02   -1.5   0.0   137   155   157   175   152   200 0.63 -
TRINITY_DN22773_c0_g1_i9:1072-1797  -            242 36114at7898          -            485   0.00084   17.0   7.4   4   4         1     1e+02    0.3   0.2   166   178   230   242   201   242 0.81 -
TRINITY_DN1725_c0_g1_i2:313-870     -            186 36114at7898          -            485   0.00092   16.9   2.2   1   1   1.3e-05    0.0013   16.4   2.2    94   156    64   130    33   153 0.82 -
TRINITY_DN14395_c0_g1_i2:194-3250   -           1019 36114at7898          -            485    0.0016   16.1   7.3   1   6       1.4   1.5e+02   -0.3   0.3   136   183    79   128    56   135 0.68 -
TRINITY_DN14395_c0_g1_i2:194-3250   -           1019 36114at7898          -            485    0.0016   16.1   7.3   2   6     0.081       8.2    3.9   0.1   116   179   185   247   153   256 0.84 -
TRINITY_DN14395_c0_g1_i2:194-3250   -           1019 36114at7898          -            485    0.0016   16.1   7.3   3   6      0.11        11    3.4   0.3    96   149   272   331   270   337 0.71 -
TRINITY_DN14395_c0_g1_i2:194-3250   -           1019 36114at7898          -            485    0.0016   16.1   7.3   4   6      0.88        89    0.5   0.6   111   152   506   551   474   588 0.68 -
TRINITY_DN14395_c0_g1_i2:194-3250   -           1019 36114at7898          -            485    0.0016   16.1   7.3   5   6         1     1e+02    0.2   1.3    94   176   567   659   557   662 0.67 -
TRINITY_DN14395_c0_g1_i2:194-3250   -           1019 36114at7898          -            485    0.0016   16.1   7.3   6   6   1.6e-05    0.0016   16.1   7.3    49   179   623   760   618   765 0.76 -
TRINITY_DN40089_c0_g1_i1:5-535      -            177 36114at7898          -            485    0.0032   15.1   1.9   1   2   3.1e-05    0.0032   15.1   1.9   120   180     4    65     3    74 0.88 -
TRINITY_DN40089_c0_g1_i1:5-535      -            177 36114at7898          -            485    0.0032   15.1   1.9   2   2       1.7   1.7e+02   -0.5   0.2   118   152   141   175    96   176 0.72 -
TRINITY_DN18660_c0_g1_i1:2-517      -            172 36114at7898          -            485    0.0042   14.7   8.4   1   2    0.0005     0.051   11.1   2.5   113   182    10    80     3    82 0.85 -
TRINITY_DN18660_c0_g1_i1:2-517      -            172 36114at7898          -            485    0.0042   14.7   8.4   2   2    0.0006     0.061   10.9   0.7    73   164    63   159    57   171 0.61 -
TRINITY_DN4763_c1_g1_i3:273-920     -            216 36114at7898          -            485    0.0047   14.6   2.5   1   1   6.3e-05    0.0064   14.1   2.5    98   179    61   141    37   148 0.84 -
TRINITY_DN11968_c0_g1_i1:664-1455   -            264 36114at7898          -            485    0.0054   14.4   2.8   1   2     0.067       6.8    4.1   0.2   117   184    51   119    48   129 0.80 -
TRINITY_DN11968_c0_g1_i1:664-1455   -            264 36114at7898          -            485    0.0054   14.4   2.8   2   2    0.0014      0.14    9.7   0.1   113   184   167   238   147   244 0.75 -
TRINITY_DN11968_c0_g1_i2:655-1446   -            264 36114at7898          -            485    0.0054   14.4   2.8   1   2     0.067       6.8    4.1   0.2   117   184    51   119    48   129 0.80 -
TRINITY_DN11968_c0_g1_i2:655-1446   -            264 36114at7898          -            485    0.0054   14.4   2.8   2   2    0.0014      0.14    9.7   0.1   113   184   167   238   147   244 0.75 -
TRINITY_DN15628_c1_g2_i1:4-1440     -            479 36114at7898          -            485     0.006   14.2   1.8   1   2   0.00018     0.018   12.6   0.2    75   178    10   120     6   126 0.78 -
TRINITY_DN15628_c1_g2_i1:4-1440     -            479 36114at7898          -            485     0.006   14.2   1.8   2   2    0.0035      0.36    8.4   0.7    96   155    80   146    79   170 0.76 -
TRINITY_DN8002_c0_g2_i1:115-1464    -            450 36114at7898          -            485    0.0063   14.1  36.6   1   4    0.0086      0.87    7.1   4.3    49   156    18   126     3   151 0.77 -
TRINITY_DN8002_c0_g2_i1:115-1464    -            450 36114at7898          -            485    0.0063   14.1  36.6   2   4     0.002      0.21    9.1   2.9   102   187   162   248   153   257 0.82 -
TRINITY_DN8002_c0_g2_i1:115-1464    -            450 36114at7898          -            485    0.0063   14.1  36.6   3   4   0.00095     0.097   10.2   4.4    76   182   277   383   260   385 0.79 -
TRINITY_DN8002_c0_g2_i1:115-1464    -            450 36114at7898          -            485    0.0063   14.1  36.6   4   4     0.037       3.8    5.0   4.5    96   178   366   449   365   450 0.87 -
TRINITY_DN8002_c0_g2_i1:952-1509    -            186 36114at7898          -            485    0.0075   13.9  12.5   1   1   0.00031     0.032   11.8  12.1    31   182    21   174    18   179 0.85 -
TRINITY_DN22773_c0_g1_i6:862-1479   -            206 36114at7898          -            485    0.0092   13.6   4.8   1   2   0.00014     0.015   12.9   0.2    96   182    20   107    17   121 0.88 -
TRINITY_DN22773_c0_g1_i6:862-1479   -            206 36114at7898          -            485    0.0092   13.6   4.8   2   2      0.22        22    2.5   0.7   161   181   179   198   132   204 0.66 -
TRINITY_DN4073_c0_g2_i1:4489-5502   -            338 36114at7898          -            485     0.012   13.2   0.0   1   1    0.0002      0.02   12.4   0.0    99   164   120   189   113   203 0.81 -
TRINITY_DN4073_c0_g2_i3:4891-5904   -            338 36114at7898          -            485     0.012   13.2   0.0   1   1    0.0002      0.02   12.4   0.0    99   164   120   189   113   203 0.81 -
TRINITY_DN22773_c0_g1_i11:1024-1608 -            195 36114at7898          -            485     0.013   13.1   0.2   1   2   0.00013     0.013   13.1   0.2    96   182    20   107    17   120 0.88 -
TRINITY_DN22773_c0_g1_i11:1024-1608 -            195 36114at7898          -            485     0.013   13.1   0.2   2   2      0.79        80    0.6   0.8   161   178   179   195   132   195 0.61 -
TRINITY_DN22773_c0_g1_i2:1072-1656  -            195 36114at7898          -            485     0.013   13.1   0.2   1   2   0.00013     0.013   13.1   0.2    96   182    20   107    17   120 0.88 -
TRINITY_DN22773_c0_g1_i2:1072-1656  -            195 36114at7898          -            485     0.013   13.1   0.2   2   2      0.79        80    0.6   0.8   161   178   179   195   132   195 0.61 -
TRINITY_DN4648_c0_g1_i4:1818-2432   -            205 36114at7898          -            485      0.12   10.0   9.9   1   2     0.012       1.2    6.6   0.0    96   153    18    77     7    84 0.67 -
TRINITY_DN4648_c0_g1_i4:1818-2432   -            205 36114at7898          -            485      0.12   10.0   9.9   2   2      0.17        17    2.8   8.4    96   183    87   174    83   185 0.87 -
TRINITY_DN25647_c0_g2_i1:225-899    -            225 36114at7898          -            485      0.13    9.8   6.9   1   1    0.0025      0.26    8.8   6.8   111   182    71   143    53   206 0.79 -
TRINITY_DN22773_c0_g1_i7:287-907    -            207 36114at7898          -            485      0.15    9.6   5.3   1   2    0.0058      0.59    7.6   0.4   143   182    61    98    11   106 0.78 -
TRINITY_DN22773_c0_g1_i7:287-907    -            207 36114at7898          -            485      0.15    9.6   5.3   2   2      0.12        13    3.2   0.1   166   181   174   189   145   196 0.82 -
TRINITY_DN12944_c0_g3_i1:1176-1748  -            191 36114at7898          -            485      0.29    8.7   8.1   1   2     0.096       9.7    3.6   0.0   121   182    21    81    15    89 0.58 -
TRINITY_DN12944_c0_g3_i1:1176-1748  -            191 36114at7898          -            485      0.29    8.7   8.1   2   2     0.047       4.8    4.6   6.8    71   149   108   188    83   191 0.59 -
TRINITY_DN14395_c0_g1_i1:1292-2563  -            424 36114at7898          -            485      0.36    8.4  17.3   1   3      0.34        35    1.8   0.1   102   151   130   184   107   188 0.73 -
TRINITY_DN14395_c0_g1_i1:1292-2563  -            424 36114at7898          -            485      0.36    8.4  17.3   2   3       0.3        30    2.0   1.3    94   176   201   293   197   299 0.71 -
TRINITY_DN14395_c0_g1_i1:1292-2563  -            424 36114at7898          -            485      0.36    8.4  17.3   3   3    0.0018      0.18    9.4   8.0    76   177   285   387   254   394 0.51 -
TRINITY_DN4648_c0_g1_i1:871-1485    -            205 36114at7898          -            485       1.1    6.8  16.2   1   2     0.017       1.7    6.1   7.1    96   183     8    95     6   102 0.87 -
TRINITY_DN4648_c0_g1_i1:871-1485    -            205 36114at7898          -            485       1.1    6.8  16.2   2   2     0.013       1.3    6.5   1.6   103   184   107   188    96   198 0.84 -
TRINITY_DN4648_c0_g1_i5:871-1485    -            205 36114at7898          -            485       1.1    6.8  16.2   1   2     0.017       1.7    6.1   7.1    96   183     8    95     6   102 0.87 -
TRINITY_DN4648_c0_g1_i5:871-1485    -            205 36114at7898          -            485       1.1    6.8  16.2   2   2     0.013       1.3    6.5   1.6   103   184   107   188    96   198 0.84 -
TRINITY_DN2534_c0_g2_i4:241-1131    -            297 36114at7898          -            485       1.1    6.7   6.9   1   1     0.069         7    4.1   6.7   117   173   151   208    62   219 0.78 -
TRINITY_DN7137_c0_g1_i1:517-1086    -            190 36114at7898          -            485         5    4.6  13.3   1   3      0.42        42    1.5   1.7   145   180     4    37     1    59 0.77 -
TRINITY_DN7137_c0_g1_i1:517-1086    -            190 36114at7898          -            485         5    4.6  13.3   2   3    0.0041      0.42    8.1   2.4   114   158    90   135    63   159 0.77 -
TRINITY_DN7137_c0_g1_i1:517-1086    -            190 36114at7898          -            485         5    4.6  13.3   3   3       1.1   1.1e+02    0.1   0.1   111   131   154   178   138   181 0.68 -
TRINITY_DN36422_c0_g1_i1:1-966      -            322 36114at7898          -            485       6.5    4.2  18.0   1   4      0.19        19    2.6   1.9    53   119    30    99    22   111 0.83 -
TRINITY_DN36422_c0_g1_i1:1-966      -            322 36114at7898          -            485       6.5    4.2  18.0   2   4     0.092       9.3    3.7   0.3    58   108   113   166   106   170 0.74 -
TRINITY_DN36422_c0_g1_i1:1-966      -            322 36114at7898          -            485       6.5    4.2  18.0   3   4       2.7   2.8e+02   -1.2   0.1    91   111   175   195   171   210 0.78 -
TRINITY_DN36422_c0_g1_i1:1-966      -            322 36114at7898          -            485       6.5    4.2  18.0   4   4    0.0038      0.39    8.2   0.8    55   109   214   274   204   296 0.59 -
TRINITY_DN18518_c0_g1_i1:595-3117   -            841 36114at7898          -            485       7.8    3.9  23.5   1   5     0.012       1.2    6.6   1.4   116   184    32   101    18   107 0.84 -
TRINITY_DN18518_c0_g1_i1:595-3117   -            841 36114at7898          -            485       7.8    3.9  23.5   2   5      0.14        15    3.0   4.6    28   104    82   164    59   174 0.73 -
TRINITY_DN18518_c0_g1_i1:595-3117   -            841 36114at7898          -            485       7.8    3.9  23.5   3   5     0.067       6.8    4.1   0.3    91   174   201   291   179   311 0.70 -
TRINITY_DN18518_c0_g1_i1:595-3117   -            841 36114at7898          -            485       7.8    3.9  23.5   4   5     0.057       5.8    4.4   0.2   140   178   466   503   457   514 0.86 -
TRINITY_DN18518_c0_g1_i1:595-3117   -            841 36114at7898          -            485       7.8    3.9  23.5   5   5      0.19        20    2.6   0.2    68   105   565   604   520   612 0.76 -
#
# Program:         hmmsearch
# Version:         3.1b2 (February 2015)
# Pipeline mode:   SEARCH
# Query file:      /home/ericjuo/Projects/salmo_trutta_rna_seq/busco_downloads/lineages/actinopterygii_odb10/hmms/36114at7898.hmm
# Target file:     /home/ericjuo/Projects/salmo_trutta_rna_seq/data/02_intermediate/busco/run_actinopterygii_odb10/metaeuk_output/rerun_results/trinity.Trinity.fasta.modified.fas
# Option settings: hmmsearch --domtblout /home/ericjuo/Projects/salmo_trutta_rna_seq/data/02_intermediate/busco/run_actinopterygii_odb10/hmmer_output/rerun_results/36114at7898.out --cpu 1 /home/ericjuo/Projects/salmo_trutta_rna_seq/busco_downloads/lineages/actinopterygii_odb10/hmms/36114at7898.hmm /home/ericjuo/Projects/salmo_trutta_rna_seq/data/02_intermediate/busco/run_actinopterygii_odb10/metaeuk_output/rerun_results/trinity.Trinity.fasta.modified.fas 
# Current dir:     /home/ericjuo/Projects/salmo_trutta_rna_seq
# Date:            Fri Apr 29 13:04:34 2022
# [ok]
