#                                                                                          --- full sequence --- -------------- this domain -------------   hmm coord   ali coord   env coord
# target name                      accession   tlen query name           accession   qlen   E-value  score  bias   #  of  c-Evalue  i-Evalue  score  bias  from    to  from    to  from    to  acc description of target
#              ------------------- ---------- ----- -------------------- ---------- ----- --------- ------ ----- --- --- --------- --------- ------ ----- ----- ----- ----- ----- ----- ----- ---- ---------------------
TRINITY_DN2391_c0_g2_i1:11-1627    -            539 36538at7898          -            517  1.3e-166  554.3  43.7   1   1    2e-167  3.1e-165  549.7  43.7    21   486     3   522     1   533 0.89 -
TRINITY_DN2391_c0_g2_i2:11-1666    -            552 36538at7898          -            517  1.7e-166  553.9  44.0   1   1  2.8e-167  4.2e-165  549.3  44.0    21   486     3   522     1   533 0.89 -
TRINITY_DN8085_c0_g2_i1:106-1704   -            533 36538at7898          -            517  5.1e-140  466.6  30.8   1   1    7e-142  1.1e-139  465.5  30.8    21   479     1   500     1   529 0.89 -
TRINITY_DN13243_c0_g1_i4:696-2459  -            588 36538at7898          -            517  6.4e-137  456.3  46.2   1   2   1.6e-48   2.5e-46  157.4  11.2    20   149    14   146     6   160 0.95 -
TRINITY_DN13243_c0_g1_i4:696-2459  -            588 36538at7898          -            517  6.4e-137  456.3  46.2   2   2   1.3e-92   1.9e-90  303.0  27.0   150   486   175   548   152   557 0.85 -
TRINITY_DN13243_c0_g1_i5:765-2420  -            552 36538at7898          -            517  1.1e-136  455.5  46.6   1   2   3.4e-48   5.2e-46  156.4  11.7    20   149     1   133     1   146 0.95 -
TRINITY_DN13243_c0_g1_i5:765-2420  -            552 36538at7898          -            517  1.1e-136  455.5  46.6   2   2     1e-92   1.6e-90  303.2  27.0   150   486   162   535   139   544 0.85 -
TRINITY_DN1182_c0_g1_i11:2793-4421 -            543 36538at7898          -            517  8.9e-136  452.6  37.4   1   1  3.5e-136  5.4e-134  446.7  37.4    20   474     1   505     1   530 0.89 -
TRINITY_DN1182_c0_g1_i16:2713-4341 -            543 36538at7898          -            517  8.9e-136  452.6  37.4   1   1  3.5e-136  5.4e-134  446.7  37.4    20   474     1   505     1   530 0.89 -
TRINITY_DN1182_c0_g1_i17:2577-4205 -            543 36538at7898          -            517  8.9e-136  452.6  37.4   1   1  3.5e-136  5.4e-134  446.7  37.4    20   474     1   505     1   530 0.89 -
TRINITY_DN1182_c0_g1_i24:2893-4521 -            543 36538at7898          -            517  8.9e-136  452.6  37.4   1   1  3.5e-136  5.4e-134  446.7  37.4    20   474     1   505     1   530 0.89 -
TRINITY_DN1182_c0_g1_i5:2613-4241  -            543 36538at7898          -            517  8.9e-136  452.6  37.4   1   1  3.5e-136  5.4e-134  446.7  37.4    20   474     1   505     1   530 0.89 -
TRINITY_DN1182_c0_g1_i8:2713-4341  -            543 36538at7898          -            517  8.9e-136  452.6  37.4   1   1  3.5e-136  5.4e-134  446.7  37.4    20   474     1   505     1   530 0.89 -
TRINITY_DN5482_c0_g1_i12:727-2388  -            554 36538at7898          -            517  3.7e-131  437.3  37.8   1   1  4.1e-132  6.3e-130  433.2  37.8    17   486     4   531     1   543 0.87 -
TRINITY_DN5482_c0_g1_i16:746-2407  -            554 36538at7898          -            517  3.7e-131  437.3  37.8   1   1  4.1e-132  6.3e-130  433.2  37.8    17   486     4   531     1   543 0.87 -
TRINITY_DN5482_c0_g1_i3:727-2388   -            554 36538at7898          -            517  3.7e-131  437.3  37.8   1   1  4.1e-132  6.3e-130  433.2  37.8    17   486     4   531     1   543 0.87 -
TRINITY_DN48583_c0_g1_i1:635-2290  -            552 36538at7898          -            517  3.5e-130  434.1  34.4   1   1  9.2e-131  1.4e-128  428.8  34.4    19   488     3   520     1   532 0.89 -
TRINITY_DN5482_c0_g1_i5:746-2407   -            554 36538at7898          -            517  4.9e-130  433.6  39.7   1   1  5.9e-131    9e-129  429.4  39.7    17   486     4   531     1   540 0.87 -
TRINITY_DN1167_c0_g1_i6:119-1771   -            551 36538at7898          -            517  1.3e-127  425.6  33.1   1   1  4.1e-128  6.3e-126  420.1  33.1    20   483     7   527     2   535 0.86 -
TRINITY_DN1167_c0_g1_i8:119-1771   -            551 36538at7898          -            517  1.3e-127  425.6  33.1   1   1  4.1e-128  6.3e-126  420.1  33.1    20   483     7   527     2   535 0.86 -
TRINITY_DN2391_c0_g1_i1:33-1661    -            543 36538at7898          -            517    5e-127  423.7  30.5   1   1  3.6e-128  5.5e-126  420.3  30.5    21   493     1   522     1   535 0.86 -
TRINITY_DN6712_c0_g1_i5:711-2330   -            540 36538at7898          -            517  8.9e-127  422.9  38.4   1   1  6.5e-128  9.8e-126  419.4  38.4    21   476     1   504     1   529 0.86 -
TRINITY_DN6712_c0_g1_i10:1031-3106 -            507 36538at7898          -            517    1e-123  412.8  34.8   1   1  6.9e-125  1.1e-122  409.4  34.8    21   452     1   476     1   507 0.87 -
TRINITY_DN1706_c0_g3_i4:1-1638     -            546 36538at7898          -            517  6.4e-120  400.2  33.5   1   1  3.4e-121  5.2e-119  397.2  33.5    17   478    10   512     4   533 0.90 -
TRINITY_DN1182_c0_g1_i9:60-1289    -            410 36538at7898          -            517  2.7e-119  398.2  20.1   1   1    3e-120  4.5e-118  394.1  20.1    20   383     1   394     1   407 0.91 -
TRINITY_DN288_c0_g1_i10:402-2171   -            590 36538at7898          -            517  1.7e-111  372.4  35.0   1   2   4.7e-84   7.2e-82  274.7  14.7    17   314     3   310     1   320 0.94 -
TRINITY_DN288_c0_g1_i10:402-2171   -            590 36538at7898          -            517  1.7e-111  372.4  35.0   2   2   1.5e-31   2.2e-29  101.5  12.2   316   486   367   553   358   563 0.80 -
TRINITY_DN288_c0_g1_i1:402-2171    -            590 36538at7898          -            517  1.7e-111  372.4  35.0   1   2   4.7e-84   7.2e-82  274.7  14.7    17   314     3   310     1   320 0.94 -
TRINITY_DN288_c0_g1_i1:402-2171    -            590 36538at7898          -            517  1.7e-111  372.4  35.0   2   2   1.5e-31   2.2e-29  101.5  12.2   316   486   367   553   358   563 0.80 -
TRINITY_DN288_c0_g1_i3:402-2171    -            590 36538at7898          -            517  1.7e-111  372.4  35.0   1   2   4.7e-84   7.2e-82  274.7  14.7    17   314     3   310     1   320 0.94 -
TRINITY_DN288_c0_g1_i3:402-2171    -            590 36538at7898          -            517  1.7e-111  372.4  35.0   2   2   1.5e-31   2.2e-29  101.5  12.2   316   486   367   553   358   563 0.80 -
TRINITY_DN100_c0_g3_i1:203-1990    -            596 36538at7898          -            517  7.5e-107  357.1  32.3   1   2   1.6e-84   2.5e-82  276.2  11.4    19   309    21   321    12   334 0.94 -
TRINITY_DN100_c0_g3_i1:203-1990    -            596 36538at7898          -            517  7.5e-107  357.1  32.3   2   2   1.8e-26   2.8e-24   84.7  12.8   317   481   384   564   371   578 0.80 -
TRINITY_DN13243_c0_g1_i2:85-1131   -            349 36538at7898          -            517  5.8e-102  341.0  22.3   1   2   5.7e-49   8.6e-47  158.9  11.2    20   150    14   147     6   161 0.95 -
TRINITY_DN13243_c0_g1_i2:85-1131   -            349 36538at7898          -            517  5.8e-102  341.0  22.3   2   2   8.6e-58   1.3e-55  188.0   3.5   150   316   175   343   147   348 0.92 -
TRINITY_DN2639_c0_g1_i11:246-1955  -            570 36538at7898          -            517    8e-102  340.5  29.9   1   2     2e-78     3e-76  256.2  10.2    20   309    11   310     3   324 0.94 -
TRINITY_DN2639_c0_g1_i11:246-1955  -            570 36538at7898          -            517    8e-102  340.5  29.9   2   2   1.4e-27   2.1e-25   88.3  11.8   317   460   373   533   366   553 0.79 -
TRINITY_DN2639_c0_g1_i12:246-1997  -            584 36538at7898          -            517  8.1e-102  340.5  32.0   1   2   1.2e-78   1.8e-76  256.9  11.8    20   309    11   310     3   320 0.94 -
TRINITY_DN2639_c0_g1_i12:246-1997  -            584 36538at7898          -            517  8.1e-102  340.5  32.0   2   2   2.4e-27   3.7e-25   87.6  12.2   317   461   373   534   366   552 0.79 -
TRINITY_DN2639_c0_g1_i5:246-1997   -            584 36538at7898          -            517  8.7e-102  340.4  29.9   1   2   2.1e-78   3.2e-76  256.1  10.2    20   309    11   310     3   324 0.94 -
TRINITY_DN2639_c0_g1_i5:246-1997   -            584 36538at7898          -            517  8.7e-102  340.4  29.9   2   2   1.5e-27   2.2e-25   88.3  11.8   317   460   373   533   366   553 0.79 -
TRINITY_DN2639_c0_g1_i9:180-1901   -            574 36538at7898          -            517    2e-101  339.2  33.7   1   2   2.8e-78   4.3e-76  255.6  13.5    21   309     2   300     1   310 0.95 -
TRINITY_DN2639_c0_g1_i9:180-1901   -            574 36538at7898          -            517    2e-101  339.2  33.7   2   2   2.6e-27     4e-25   87.5  12.2   317   461   363   524   358   541 0.79 -
TRINITY_DN2639_c0_g1_i1:180-1901   -            574 36538at7898          -            517  2.1e-101  339.2  31.5   1   2   4.8e-78   7.2e-76  254.9  11.8    21   309     2   300     1   314 0.94 -
TRINITY_DN2639_c0_g1_i1:180-1901   -            574 36538at7898          -            517  2.1e-101  339.2  31.5   2   2   1.4e-27   2.2e-25   88.3  11.8   317   460   363   523   356   543 0.79 -
TRINITY_DN1351_c0_g2_i1:204-1121   -            306 36538at7898          -            517     1e-91  307.2  16.4   1   1   1.3e-92     2e-90  302.9  16.4    20   290    12   306     5   306 0.92 -
TRINITY_DN1351_c0_g2_i2:330-1247   -            306 36538at7898          -            517     1e-91  307.2  16.4   1   1   1.3e-92     2e-90  302.9  16.4    20   290    12   306     5   306 0.92 -
TRINITY_DN5482_c0_g1_i9:746-1819   -            358 36538at7898          -            517   2.9e-76  256.2  24.0   1   1   1.5e-77   2.2e-75  253.3  24.0   189   486     2   335     1   348 0.86 -
TRINITY_DN25107_c0_g2_i1:0-950     -            317 36538at7898          -            517   6.3e-64  215.5  23.1   1   1   9.2e-65   1.4e-62  211.0  23.1   216   487     1   305     1   312 0.87 -
TRINITY_DN1706_c0_g3_i6:248-1261   -            338 36538at7898          -            517   1.3e-61  207.8  21.3   1   1   9.4e-63   1.4e-60  204.4  21.3   202   478     2   304     1   325 0.90 -
TRINITY_DN64073_c0_g1_i1:178-783   -            202 36538at7898          -            517   6.4e-54  182.5  14.0   1   1   2.3e-55   3.5e-53  180.0  14.0    20   200     1   202     1   202 0.90 -
TRINITY_DN6712_c0_g1_i1:1831-2418  -            196 36538at7898          -            517   7.3e-54  182.3   9.6   1   1   5.7e-56   8.7e-54  182.0   9.6    21   201     1   196     1   196 0.86 -
TRINITY_DN1706_c0_g3_i1:37-627     -            197 36538at7898          -            517   1.7e-52  177.8   6.7   1   1   1.2e-54   1.9e-52  177.6   6.7    20   201     1   197     1   197 0.90 -
TRINITY_DN2639_c0_g1_i2:267-848    -            194 36538at7898          -            517   2.1e-44  151.0   5.2   1   1   1.7e-46   2.6e-44  150.8   5.2    20   201     4   194     2   194 0.93 -
TRINITY_DN6712_c0_g1_i1:711-1502   -            264 36538at7898          -            517   1.9e-39  134.7  18.2   1   1   2.3e-40   3.5e-38  130.5  18.2   283   476     3   228     1   254 0.80 -
TRINITY_DN288_c0_g1_i5:1-957       -            319 36538at7898          -            517   2.7e-35  121.0  17.1   1   2   5.2e-06   0.00079   17.2   0.1   276   314     1    39     1    49 0.90 -
TRINITY_DN288_c0_g1_i5:1-957       -            319 36538at7898          -            517   2.7e-35  121.0  17.1   2   2   3.8e-32   5.8e-30  103.4  12.4   316   487    96   283    87   293 0.80 -
TRINITY_DN288_c0_g1_i8:164-1120    -            319 36538at7898          -            517   2.7e-35  121.0  17.1   1   2   5.2e-06   0.00079   17.2   0.1   276   314     1    39     1    49 0.90 -
TRINITY_DN288_c0_g1_i8:164-1120    -            319 36538at7898          -            517   2.7e-35  121.0  17.1   2   2   3.8e-32   5.8e-30  103.4  12.4   316   487    96   283    87   293 0.80 -
TRINITY_DN13243_c0_g1_i1:744-1424  -            227 36538at7898          -            517   7.7e-32  109.6  19.6   1   1   4.9e-33   7.5e-31  106.3  19.6   318   486     3   203     1   212 0.78 -
TRINITY_DN40569_c0_g1_i1:0-638     -            213 36538at7898          -            517   2.2e-30  104.8   8.4   1   1   1.8e-31   2.8e-29  101.2   8.4   314   475     9   193     6   213 0.80 -
TRINITY_DN5482_c0_g1_i15:941-1612  -            224 36538at7898          -            517   2.9e-29  101.1  18.4   1   1   2.1e-30   3.2e-28   97.7  18.4   315   486     1   204     1   216 0.80 -
TRINITY_DN5482_c0_g1_i19:950-1621  -            224 36538at7898          -            517   2.9e-29  101.1  18.4   1   1   2.1e-30   3.2e-28   97.7  18.4   315   486     1   204     1   216 0.80 -
TRINITY_DN5482_c0_g1_i23:733-1404  -            224 36538at7898          -            517   2.9e-29  101.1  18.4   1   1   2.1e-30   3.2e-28   97.7  18.4   315   486     1   204     1   216 0.80 -
TRINITY_DN28330_c0_g1_i1:129-557   -            143 36538at7898          -            517   1.1e-26   92.7   6.4   1   1     5e-28   7.6e-26   89.8   6.4   318   444     1   143     1   143 0.87 -
TRINITY_DN6712_c0_g1_i4:711-1127   -            139 36538at7898          -            517     8e-15   53.5   7.7   1   1   5.8e-17   8.8e-15   53.3   7.7   384   477     1   104     1   130 0.81 -
#
# Program:         hmmsearch
# Version:         3.1b2 (February 2015)
# Pipeline mode:   SEARCH
# Query file:      /home/ericjuo/Projects/salmo_trutta_rna_seq/busco_downloads/lineages/actinopterygii_odb10/hmms/36538at7898.hmm
# Target file:     /home/ericjuo/Projects/salmo_trutta_rna_seq/data/02_intermediate/busco/run_actinopterygii_odb10/metaeuk_output/rerun_results/trinity.Trinity.fasta.modified.fas
# Option settings: hmmsearch --domtblout /home/ericjuo/Projects/salmo_trutta_rna_seq/data/02_intermediate/busco/run_actinopterygii_odb10/hmmer_output/rerun_results/36538at7898.out --cpu 1 /home/ericjuo/Projects/salmo_trutta_rna_seq/busco_downloads/lineages/actinopterygii_odb10/hmms/36538at7898.hmm /home/ericjuo/Projects/salmo_trutta_rna_seq/data/02_intermediate/busco/run_actinopterygii_odb10/metaeuk_output/rerun_results/trinity.Trinity.fasta.modified.fas 
# Current dir:     /home/ericjuo/Projects/salmo_trutta_rna_seq
# Date:            Fri Apr 29 13:04:14 2022
# [ok]
