#                                                                                         --- full sequence --- -------------- this domain -------------   hmm coord   ali coord   env coord
# target name                     accession   tlen query name           accession   qlen   E-value  score  bias   #  of  c-Evalue  i-Evalue  score  bias  from    to  from    to  from    to  acc description of target
#             ------------------- ---------- ----- -------------------- ---------- ----- --------- ------ ----- --- --- --------- --------- ------ ----- ----- ----- ----- ----- ----- ----- ---- ---------------------
TRINITY_DN14025_c0_g1_i1:82-477   -            132 38025at7898          -            418   1.1e-19   69.5   0.9   1   2   2.9e-10     4e-08   31.3   0.0   226   286     1    61     1    66 0.95 -
TRINITY_DN14025_c0_g1_i1:82-477   -            132 38025at7898          -            418   1.1e-19   69.5   0.9   2   2   4.9e-12   6.8e-10   37.2   0.4   223   283    71   131    61   132 0.93 -
TRINITY_DN1645_c0_g2_i1:1-396     -            132 38025at7898          -            418   1.4e-19   69.1   0.5   1   2   2.9e-10     4e-08   31.3   0.0   226   286     1    61     1    66 0.95 -
TRINITY_DN1645_c0_g2_i1:1-396     -            132 38025at7898          -            418   1.4e-19   69.1   0.5   2   2   7.2e-12     1e-09   36.6   0.2   223   283    71   131    61   132 0.93 -
TRINITY_DN1645_c0_g2_i3:1-396     -            132 38025at7898          -            418   1.4e-19   69.1   0.5   1   2   2.9e-10     4e-08   31.3   0.0   226   286     1    61     1    66 0.95 -
TRINITY_DN1645_c0_g2_i3:1-396     -            132 38025at7898          -            418   1.4e-19   69.1   0.5   2   2   7.2e-12     1e-09   36.6   0.2   223   283    71   131    61   132 0.93 -
TRINITY_DN1645_c0_g2_i4:1-396     -            132 38025at7898          -            418   1.4e-19   69.1   0.5   1   2   2.9e-10     4e-08   31.3   0.0   226   286     1    61     1    66 0.95 -
TRINITY_DN1645_c0_g2_i4:1-396     -            132 38025at7898          -            418   1.4e-19   69.1   0.5   2   2   7.2e-12     1e-09   36.6   0.2   223   283    71   131    61   132 0.93 -
TRINITY_DN1645_c0_g2_i5:1-396     -            132 38025at7898          -            418   1.4e-19   69.1   0.5   1   2   2.9e-10     4e-08   31.3   0.0   226   286     1    61     1    66 0.95 -
TRINITY_DN1645_c0_g2_i5:1-396     -            132 38025at7898          -            418   1.4e-19   69.1   0.5   2   2   7.2e-12     1e-09   36.6   0.2   223   283    71   131    61   132 0.93 -
TRINITY_DN1645_c0_g2_i6:1-396     -            132 38025at7898          -            418   1.4e-19   69.1   0.5   1   2   2.9e-10     4e-08   31.3   0.0   226   286     1    61     1    66 0.95 -
TRINITY_DN1645_c0_g2_i6:1-396     -            132 38025at7898          -            418   1.4e-19   69.1   0.5   2   2   7.2e-12     1e-09   36.6   0.2   223   283    71   131    61   132 0.93 -
TRINITY_DN205_c0_g1_i2:146-541    -            132 38025at7898          -            418   1.4e-19   69.1   0.5   1   2   2.9e-10     4e-08   31.3   0.0   226   286     1    61     1    66 0.95 -
TRINITY_DN205_c0_g1_i2:146-541    -            132 38025at7898          -            418   1.4e-19   69.1   0.5   2   2   7.2e-12     1e-09   36.6   0.2   223   283    71   131    61   132 0.93 -
TRINITY_DN205_c0_g1_i5:146-541    -            132 38025at7898          -            418   1.4e-19   69.1   0.5   1   2   2.9e-10     4e-08   31.3   0.0   226   286     1    61     1    66 0.95 -
TRINITY_DN205_c0_g1_i5:146-541    -            132 38025at7898          -            418   1.4e-19   69.1   0.5   2   2   7.2e-12     1e-09   36.6   0.2   223   283    71   131    61   132 0.93 -
TRINITY_DN205_c0_g1_i6:146-541    -            132 38025at7898          -            418   1.4e-19   69.1   0.5   1   2   2.9e-10     4e-08   31.3   0.0   226   286     1    61     1    66 0.95 -
TRINITY_DN205_c0_g1_i6:146-541    -            132 38025at7898          -            418   1.4e-19   69.1   0.5   2   2   7.2e-12     1e-09   36.6   0.2   223   283    71   131    61   132 0.93 -
TRINITY_DN205_c0_g1_i9:146-541    -            132 38025at7898          -            418   1.4e-19   69.1   0.5   1   2   2.9e-10     4e-08   31.3   0.0   226   286     1    61     1    66 0.95 -
TRINITY_DN205_c0_g1_i9:146-541    -            132 38025at7898          -            418   1.4e-19   69.1   0.5   2   2   7.2e-12     1e-09   36.6   0.2   223   283    71   131    61   132 0.93 -
TRINITY_DN205_c0_g2_i1:146-541    -            132 38025at7898          -            418   1.4e-19   69.1   0.5   1   2   2.9e-10     4e-08   31.3   0.0   226   286     1    61     1    66 0.95 -
TRINITY_DN205_c0_g2_i1:146-541    -            132 38025at7898          -            418   1.4e-19   69.1   0.5   2   2   7.2e-12     1e-09   36.6   0.2   223   283    71   131    61   132 0.93 -
TRINITY_DN205_c0_g2_i2:146-541    -            132 38025at7898          -            418   1.4e-19   69.1   0.5   1   2   2.9e-10     4e-08   31.3   0.0   226   286     1    61     1    66 0.95 -
TRINITY_DN205_c0_g2_i2:146-541    -            132 38025at7898          -            418   1.4e-19   69.1   0.5   2   2   7.2e-12     1e-09   36.6   0.2   223   283    71   131    61   132 0.93 -
TRINITY_DN1208_c0_g1_i13:0-380    -            127 38025at7898          -            418   1.9e-17   62.1   0.5   1   2   4.2e-08   5.8e-06   24.2   0.0   231   286     1    56     1    62 0.94 -
TRINITY_DN1208_c0_g1_i13:0-380    -            127 38025at7898          -            418   1.9e-17   62.1   0.5   2   2   5.8e-12     8e-10   36.9   0.2   223   283    66   126    54   127 0.93 -
TRINITY_DN1208_c0_g1_i15:0-380    -            127 38025at7898          -            418   1.9e-17   62.1   0.5   1   2   4.2e-08   5.8e-06   24.2   0.0   231   286     1    56     1    62 0.94 -
TRINITY_DN1208_c0_g1_i15:0-380    -            127 38025at7898          -            418   1.9e-17   62.1   0.5   2   2   5.8e-12     8e-10   36.9   0.2   223   283    66   126    54   127 0.93 -
TRINITY_DN1208_c0_g1_i3:0-380     -            127 38025at7898          -            418   1.9e-17   62.1   0.5   1   2   4.2e-08   5.8e-06   24.2   0.0   231   286     1    56     1    62 0.94 -
TRINITY_DN1208_c0_g1_i3:0-380     -            127 38025at7898          -            418   1.9e-17   62.1   0.5   2   2   5.8e-12     8e-10   36.9   0.2   223   283    66   126    54   127 0.93 -
TRINITY_DN1208_c0_g1_i10:1-330    -            110 38025at7898          -            418   8.5e-13   46.7   1.0   1   2    0.0021      0.29    8.7   0.1   256   286     9    39     5    45 0.86 -
TRINITY_DN1208_c0_g1_i10:1-330    -            110 38025at7898          -            418   8.5e-13   46.7   1.0   2   2   4.5e-12   6.2e-10   37.3   0.2   223   283    49   109    39   110 0.93 -
TRINITY_DN1208_c0_g1_i11:1-330    -            110 38025at7898          -            418   8.5e-13   46.7   1.0   1   2    0.0021      0.29    8.7   0.1   256   286     9    39     5    45 0.86 -
TRINITY_DN1208_c0_g1_i11:1-330    -            110 38025at7898          -            418   8.5e-13   46.7   1.0   2   2   4.5e-12   6.2e-10   37.3   0.2   223   283    49   109    39   110 0.93 -
TRINITY_DN1208_c0_g1_i12:1-330    -            110 38025at7898          -            418   8.5e-13   46.7   1.0   1   2    0.0021      0.29    8.7   0.1   256   286     9    39     5    45 0.86 -
TRINITY_DN1208_c0_g1_i12:1-330    -            110 38025at7898          -            418   8.5e-13   46.7   1.0   2   2   4.5e-12   6.2e-10   37.3   0.2   223   283    49   109    39   110 0.93 -
TRINITY_DN1208_c0_g1_i16:1-330    -            110 38025at7898          -            418   8.5e-13   46.7   1.0   1   2    0.0021      0.29    8.7   0.1   256   286     9    39     5    45 0.86 -
TRINITY_DN1208_c0_g1_i16:1-330    -            110 38025at7898          -            418   8.5e-13   46.7   1.0   2   2   4.5e-12   6.2e-10   37.3   0.2   223   283    49   109    39   110 0.93 -
TRINITY_DN1208_c0_g1_i2:1-330     -            110 38025at7898          -            418   8.5e-13   46.7   1.0   1   2    0.0021      0.29    8.7   0.1   256   286     9    39     5    45 0.86 -
TRINITY_DN1208_c0_g1_i2:1-330     -            110 38025at7898          -            418   8.5e-13   46.7   1.0   2   2   4.5e-12   6.2e-10   37.3   0.2   223   283    49   109    39   110 0.93 -
TRINITY_DN1208_c0_g1_i4:1-330     -            110 38025at7898          -            418   8.5e-13   46.7   1.0   1   2    0.0021      0.29    8.7   0.1   256   286     9    39     5    45 0.86 -
TRINITY_DN1208_c0_g1_i4:1-330     -            110 38025at7898          -            418   8.5e-13   46.7   1.0   2   2   4.5e-12   6.2e-10   37.3   0.2   223   283    49   109    39   110 0.93 -
TRINITY_DN4520_c0_g1_i1:209-559   -            117 38025at7898          -            418   3.6e-11   41.4   2.5   1   2   2.1e-08     3e-06   25.2   0.3   225   286     3    64     1    68 0.95 -
TRINITY_DN4520_c0_g1_i1:209-559   -            117 38025at7898          -            418   3.6e-11   41.4   2.5   2   2   6.9e-06   0.00096   16.9   0.2   222   264    73   115    64   117 0.91 -
TRINITY_DN4520_c0_g1_i2:209-559   -            117 38025at7898          -            418   3.6e-11   41.4   2.5   1   2   2.1e-08     3e-06   25.2   0.3   225   286     3    64     1    68 0.95 -
TRINITY_DN4520_c0_g1_i2:209-559   -            117 38025at7898          -            418   3.6e-11   41.4   2.5   2   2   6.9e-06   0.00096   16.9   0.2   222   264    73   115    64   117 0.91 -
TRINITY_DN16424_c0_g1_i1:238-612  -            125 38025at7898          -            418   4.6e-11   41.0   0.3   1   2   3.8e-09   5.2e-07   27.7   0.1   225   280    11    66     4    76 0.93 -
TRINITY_DN16424_c0_g1_i1:238-612  -            125 38025at7898          -            418   4.6e-11   41.0   0.3   2   2   0.00017     0.024   12.3   0.0   222   263    84   125    66   125 0.85 -
TRINITY_DN4520_c0_g1_i3:236-586   -            117 38025at7898          -            418   4.7e-11   41.0   2.7   1   2   2.5e-08   3.4e-06   25.0   0.3   225   286     3    64     1    68 0.95 -
TRINITY_DN4520_c0_g1_i3:236-586   -            117 38025at7898          -            418   4.7e-11   41.0   2.7   2   2   6.9e-06   0.00096   16.9   0.2   222   264    73   115    64   117 0.91 -
TRINITY_DN1657_c0_g1_i13:362-760  -            133 38025at7898          -            418   2.9e-10   38.4   0.5   1   2   1.2e-06   0.00016   19.4   0.1   226   282     2    58     1    64 0.93 -
TRINITY_DN1657_c0_g1_i13:362-760  -            133 38025at7898          -            418   2.9e-10   38.4   0.5   2   2   3.8e-06   0.00052   17.8   0.1   222   282    71   131    65   133 0.95 -
TRINITY_DN1657_c0_g1_i17:362-760  -            133 38025at7898          -            418   2.9e-10   38.4   0.5   1   2   1.2e-06   0.00016   19.4   0.1   226   282     2    58     1    64 0.93 -
TRINITY_DN1657_c0_g1_i17:362-760  -            133 38025at7898          -            418   2.9e-10   38.4   0.5   2   2   3.8e-06   0.00052   17.8   0.1   222   282    71   131    65   133 0.95 -
TRINITY_DN1657_c0_g1_i5:692-1090  -            133 38025at7898          -            418   2.9e-10   38.4   0.5   1   2   1.2e-06   0.00016   19.4   0.1   226   282     2    58     1    64 0.93 -
TRINITY_DN1657_c0_g1_i5:692-1090  -            133 38025at7898          -            418   2.9e-10   38.4   0.5   2   2   3.8e-06   0.00052   17.8   0.1   222   282    71   131    65   133 0.95 -
TRINITY_DN1657_c0_g1_i9:692-1090  -            133 38025at7898          -            418   2.9e-10   38.4   0.5   1   2   1.2e-06   0.00016   19.4   0.1   226   282     2    58     1    64 0.93 -
TRINITY_DN1657_c0_g1_i9:692-1090  -            133 38025at7898          -            418   2.9e-10   38.4   0.5   2   2   3.8e-06   0.00052   17.8   0.1   222   282    71   131    65   133 0.95 -
TRINITY_DN48131_c0_g2_i1:504-914  -            137 38025at7898          -            418   3.1e-10   38.3   5.2   1   2    0.0002     0.027   12.1   0.8   225   283     3    61     1    66 0.64 -
TRINITY_DN48131_c0_g2_i1:504-914  -            137 38025at7898          -            418   3.1e-10   38.3   5.2   2   2   2.8e-09   3.9e-07   28.1   0.2   223   282    74   133    69   135 0.95 -
TRINITY_DN48131_c0_g2_i2:715-1125 -            137 38025at7898          -            418   3.1e-10   38.3   5.2   1   2    0.0002     0.027   12.1   0.8   225   283     3    61     1    66 0.64 -
TRINITY_DN48131_c0_g2_i2:715-1125 -            137 38025at7898          -            418   3.1e-10   38.3   5.2   2   2   2.8e-09   3.9e-07   28.1   0.2   223   282    74   133    69   135 0.95 -
TRINITY_DN110_c1_g1_i16:87-467    -            127 38025at7898          -            418   5.2e-10   37.6   0.4   1   2   1.8e-05    0.0025   15.6   0.0   226   281     1    52     1    62 0.90 -
TRINITY_DN110_c1_g1_i16:87-467    -            127 38025at7898          -            418   5.2e-10   37.6   0.4   2   2   4.6e-07   6.4e-05   20.8   0.1   225   283    69   127    63   127 0.96 -
TRINITY_DN48131_c0_g1_i1:104-514  -            137 38025at7898          -            418     6e-10   37.4   4.9   1   2    0.0017      0.23    9.1   1.1   225   283     3    61     1    66 0.68 -
TRINITY_DN48131_c0_g1_i1:104-514  -            137 38025at7898          -            418     6e-10   37.4   4.9   2   2   8.4e-10   1.2e-07   29.8   0.1   223   283    74   134    69   136 0.95 -
TRINITY_DN110_c1_g1_i14:1034-1414 -            127 38025at7898          -            418   1.1e-09   36.5   0.3   1   2   4.2e-05    0.0059   14.3   0.0   226   281     1    52     1    60 0.90 -
TRINITY_DN110_c1_g1_i14:1034-1414 -            127 38025at7898          -            418   1.1e-09   36.5   0.3   2   2   4.7e-07   6.5e-05   20.8   0.1   225   283    69   127    64   127 0.96 -
TRINITY_DN110_c1_g1_i3:1043-1423  -            127 38025at7898          -            418   1.1e-09   36.5   0.3   1   2   4.2e-05    0.0059   14.3   0.0   226   281     1    52     1    60 0.90 -
TRINITY_DN110_c1_g1_i3:1043-1423  -            127 38025at7898          -            418   1.1e-09   36.5   0.3   2   2   4.7e-07   6.5e-05   20.8   0.1   225   283    69   127    64   127 0.96 -
TRINITY_DN110_c1_g1_i4:1043-1423  -            127 38025at7898          -            418   1.1e-09   36.5   0.3   1   2   4.2e-05    0.0059   14.3   0.0   226   281     1    52     1    60 0.90 -
TRINITY_DN110_c1_g1_i4:1043-1423  -            127 38025at7898          -            418   1.1e-09   36.5   0.3   2   2   4.7e-07   6.5e-05   20.8   0.1   225   283    69   127    64   127 0.96 -
TRINITY_DN110_c1_g1_i5:1034-1414  -            127 38025at7898          -            418   1.1e-09   36.5   0.3   1   2   4.2e-05    0.0059   14.3   0.0   226   281     1    52     1    60 0.90 -
TRINITY_DN110_c1_g1_i5:1034-1414  -            127 38025at7898          -            418   1.1e-09   36.5   0.3   2   2   4.7e-07   6.5e-05   20.8   0.1   225   283    69   127    64   127 0.96 -
TRINITY_DN110_c1_g1_i8:1043-1423  -            127 38025at7898          -            418   1.1e-09   36.5   0.3   1   2   4.2e-05    0.0059   14.3   0.0   226   281     1    52     1    60 0.90 -
TRINITY_DN110_c1_g1_i8:1043-1423  -            127 38025at7898          -            418   1.1e-09   36.5   0.3   2   2   4.7e-07   6.5e-05   20.8   0.1   225   283    69   127    64   127 0.96 -
TRINITY_DN16166_c0_g2_i1:760-1125 -            122 38025at7898          -            418   2.9e-07   28.5   1.3   1   2   6.2e-06   0.00086   17.1   0.5   223   283     4    64     2    76 0.94 -
TRINITY_DN16166_c0_g2_i1:760-1125 -            122 38025at7898          -            418   2.9e-07   28.5   1.3   2   2   0.00051     0.071   10.8   0.0   223   250    81   108    73   122 0.86 -
TRINITY_DN382_c0_g1_i1:165-569    -            135 38025at7898          -            418     5e-07   27.7   0.2   1   2   2.2e-05    0.0031   15.3   0.2   225   280     6    58     2    68 0.85 -
TRINITY_DN382_c0_g1_i1:165-569    -            135 38025at7898          -            418     5e-07   27.7   0.2   2   2   0.00017     0.024   12.3   0.0   204   278    57   129    41   135 0.75 -
TRINITY_DN382_c0_g1_i4:364-768    -            135 38025at7898          -            418     5e-07   27.7   0.2   1   2   2.2e-05    0.0031   15.3   0.2   225   280     6    58     2    68 0.85 -
TRINITY_DN382_c0_g1_i4:364-768    -            135 38025at7898          -            418     5e-07   27.7   0.2   2   2   0.00017     0.024   12.3   0.0   204   278    57   129    41   135 0.75 -
TRINITY_DN10163_c0_g2_i1:410-814  -            135 38025at7898          -            418     8e-07   27.1   0.4   1   2   0.00026     0.036   11.7   0.1   235   280    31    76    16    80 0.92 -
TRINITY_DN10163_c0_g2_i1:410-814  -            135 38025at7898          -            418     8e-07   27.1   0.4   2   2   4.3e-05     0.006   14.3   0.0   219   263    91   135    76   135 0.78 -
TRINITY_DN2700_c0_g1_i1:842-1246  -            135 38025at7898          -            418     3e-06   25.2   0.1   1   2   6.3e-06   0.00087   17.0   0.0   225   281     2    55     1    64 0.87 -
TRINITY_DN2700_c0_g1_i1:842-1246  -            135 38025at7898          -            418     3e-06   25.2   0.1   2   2    0.0089       1.2    6.7   0.0   223   278    70   125    59   134 0.85 -
TRINITY_DN1921_c0_g1_i17:29-292   -             88 38025at7898          -            418   3.2e-06   25.1   0.1   1   1   2.8e-08   3.9e-06   24.8   0.1   225   283    30    88    25    88 0.96 -
TRINITY_DN1921_c0_g2_i1:948-1211  -             88 38025at7898          -            418   3.2e-06   25.1   0.1   1   1   2.8e-08   3.9e-06   24.8   0.1   225   283    30    88    25    88 0.96 -
TRINITY_DN1921_c0_g2_i6:956-1219  -             88 38025at7898          -            418   3.2e-06   25.1   0.1   1   1   2.8e-08   3.9e-06   24.8   0.1   225   283    30    88    25    88 0.96 -
TRINITY_DN1921_c0_g2_i7:930-1193  -             88 38025at7898          -            418   3.2e-06   25.1   0.1   1   1   2.8e-08   3.9e-06   24.8   0.1   225   283    30    88    25    88 0.96 -
TRINITY_DN1921_c0_g1_i11:2-310    -            103 38025at7898          -            418   4.6e-06   24.5   0.1   1   1   4.4e-08   6.1e-06   24.2   0.1   225   283    45   103    40   103 0.96 -
TRINITY_DN1921_c0_g1_i21:2-310    -            103 38025at7898          -            418   4.6e-06   24.5   0.1   1   1   4.4e-08   6.1e-06   24.2   0.1   225   283    45   103    40   103 0.96 -
TRINITY_DN1921_c0_g1_i2:2-310     -            103 38025at7898          -            418   4.6e-06   24.5   0.1   1   1   4.4e-08   6.1e-06   24.2   0.1   225   283    45   103    40   103 0.96 -
TRINITY_DN11271_c0_g1_i1:112-510  -            133 38025at7898          -            418   1.2e-05   23.2   0.0   1   1   9.2e-08   1.3e-05   23.1   0.0   215   279    69   132    23   133 0.86 -
TRINITY_DN110_c1_g1_i11:1043-1297 -             85 38025at7898          -            418   1.7e-05   22.7   0.0   1   1   1.4e-07     2e-05   22.5   0.0   225   283    27    85    19    85 0.96 -
TRINITY_DN110_c1_g1_i15:391-645   -             85 38025at7898          -            418   1.7e-05   22.7   0.0   1   1   1.4e-07     2e-05   22.5   0.0   225   283    27    85    19    85 0.96 -
TRINITY_DN10163_c0_g1_i1:759-1163 -            135 38025at7898          -            418   8.2e-05   20.4   0.7   1   2   0.00022     0.031   12.0   0.1   235   281    31    77    20    88 0.92 -
TRINITY_DN10163_c0_g1_i1:759-1163 -            135 38025at7898          -            418   8.2e-05   20.4   0.7   2   2    0.0043       0.6    7.7   0.1   222   263    94   135    76   135 0.77 -
TRINITY_DN29399_c0_g1_i1:843-2786 -            648 38025at7898          -            418    0.0016   16.2   1.2   1   2   3.3e-05    0.0045   14.7   0.6   204   293    13   107     2   123 0.83 -
TRINITY_DN29399_c0_g1_i1:843-2786 -            648 38025at7898          -            418    0.0016   16.2   1.2   2   2       1.8   2.5e+02   -0.9   0.0    87   120   174   207   160   212 0.57 -
TRINITY_DN29399_c0_g1_i6:843-3056 -            738 38025at7898          -            418    0.0019   16.0   2.4   1   2   2.9e-05     0.004   14.9   1.5   198   293    97   197    16   213 0.78 -
TRINITY_DN29399_c0_g1_i6:843-3056 -            738 38025at7898          -            418    0.0019   16.0   2.4   2   2       2.1   2.9e+02   -1.2   0.0    87   120   264   297   252   302 0.55 -
TRINITY_DN818_c0_g2_i1:148-501    -            118 38025at7898          -            418     0.013   13.2   2.8   1   2     0.011       1.5    6.4   0.5   226   287    11    72     6    77 0.90 -
TRINITY_DN818_c0_g2_i1:148-501    -            118 38025at7898          -            418     0.013   13.2   2.8   2   2    0.0021      0.28    8.8   1.2   206   263    62   115    38   118 0.73 -
#
# Program:         hmmsearch
# Version:         3.1b2 (February 2015)
# Pipeline mode:   SEARCH
# Query file:      /home/ericjuo/Projects/salmo_trutta_rna_seq/busco_downloads/lineages/actinopterygii_odb10/hmms/38025at7898.hmm
# Target file:     /home/ericjuo/Projects/salmo_trutta_rna_seq/data/02_intermediate/busco/run_actinopterygii_odb10/metaeuk_output/rerun_results/trinity.Trinity.fasta.modified.fas
# Option settings: hmmsearch --domtblout /home/ericjuo/Projects/salmo_trutta_rna_seq/data/02_intermediate/busco/run_actinopterygii_odb10/hmmer_output/rerun_results/38025at7898.out --cpu 1 /home/ericjuo/Projects/salmo_trutta_rna_seq/busco_downloads/lineages/actinopterygii_odb10/hmms/38025at7898.hmm /home/ericjuo/Projects/salmo_trutta_rna_seq/data/02_intermediate/busco/run_actinopterygii_odb10/metaeuk_output/rerun_results/trinity.Trinity.fasta.modified.fas 
# Current dir:     /home/ericjuo/Projects/salmo_trutta_rna_seq
# Date:            Fri Apr 29 13:04:23 2022
# [ok]
