#                                                                                           --- full sequence --- -------------- this domain -------------   hmm coord   ali coord   env coord
# target name                       accession   tlen query name           accession   qlen   E-value  score  bias   #  of  c-Evalue  i-Evalue  score  bias  from    to  from    to  from    to  acc description of target
#               ------------------- ---------- ----- -------------------- ---------- ----- --------- ------ ----- --- --- --------- --------- ------ ----- ----- ----- ----- ----- ----- ----- ---- ---------------------
TRINITY_DN7269_c1_g5_i2:42-950      -            303 43181at7898          -            522  2.1e-146  487.2   0.0   1   1  2.2e-148  2.3e-146  487.1   0.0   255   522    19   302     1   302 0.93 -
TRINITY_DN7269_c1_g5_i1:42-965      -            308 43181at7898          -            522  1.6e-143  477.8   0.0   1   1  1.6e-145  1.7e-143  477.6   0.0   255   522    19   307     1   307 0.93 -
TRINITY_DN7269_c1_g4_i2:261-1523    -            421 43181at7898          -            522  1.1e-127  425.5  10.1   1   2   6.7e-94   7.1e-92  307.3   9.9     3   273     6   323     4   332 0.83 -
TRINITY_DN7269_c1_g4_i2:261-1523    -            421 43181at7898          -            522  1.1e-127  425.5  10.1   2   2   1.2e-34   1.2e-32  111.8   0.0   255   335   332   421   323   421 0.90 -
TRINITY_DN7269_c1_g4_i1:261-1523    -            421 43181at7898          -            522  1.3e-127  425.2  10.1   1   2   8.2e-94   8.7e-92  307.0   9.8     3   273     6   323     4   332 0.83 -
TRINITY_DN7269_c1_g4_i1:261-1523    -            421 43181at7898          -            522  1.3e-127  425.2  10.1   2   2   1.2e-34   1.2e-32  111.8   0.0   255   335   332   421   323   421 0.90 -
TRINITY_DN3114_c0_g1_i5:964-1941    -            326 43181at7898          -            522   3.3e-78  262.2  13.5   1   2   5.2e-39   5.5e-37  126.2   9.6    87   167     3    83     1   125 0.91 -
TRINITY_DN3114_c0_g1_i5:964-1941    -            326 43181at7898          -            522   3.3e-78  262.2  13.5   2   2   1.2e-42   1.3e-40  138.2   0.1   318   511   130   323   119   325 0.92 -
TRINITY_DN14684_c1_g1_i2:981-1958   -            326 43181at7898          -            522   9.7e-77  257.4  14.7   1   2     3e-38   3.2e-36  123.7  10.4    87   169     3    85     1   123 0.91 -
TRINITY_DN14684_c1_g1_i2:981-1958   -            326 43181at7898          -            522   9.7e-77  257.4  14.7   2   2   4.6e-42   4.9e-40  136.3   0.1   318   511   130   323   118   325 0.92 -
TRINITY_DN14684_c1_g1_i3:426-1403   -            326 43181at7898          -            522   9.7e-77  257.4  14.7   1   2     3e-38   3.2e-36  123.7  10.4    87   169     3    85     1   123 0.91 -
TRINITY_DN14684_c1_g1_i3:426-1403   -            326 43181at7898          -            522   9.7e-77  257.4  14.7   2   2   4.6e-42   4.9e-40  136.3   0.1   318   511   130   323   118   325 0.92 -
TRINITY_DN4412_c0_g1_i22:1844-2878  -            345 43181at7898          -            522   4.7e-75  251.8  13.4   1   2   6.9e-38   7.3e-36  122.5   8.5    84   161    18    95     5   103 0.93 -
TRINITY_DN4412_c0_g1_i22:1844-2878  -            345 43181at7898          -            522   4.7e-75  251.8  13.4   2   2   9.1e-41   9.6e-39  132.0   0.2   319   509   149   339   141   343 0.93 -
TRINITY_DN4412_c0_g1_i23:1854-2888  -            345 43181at7898          -            522   4.7e-75  251.8  13.4   1   2   6.9e-38   7.3e-36  122.5   8.5    84   161    18    95     5   103 0.93 -
TRINITY_DN4412_c0_g1_i23:1854-2888  -            345 43181at7898          -            522   4.7e-75  251.8  13.4   2   2   9.1e-41   9.6e-39  132.0   0.2   319   509   149   339   141   343 0.93 -
TRINITY_DN4412_c0_g1_i28:1867-2901  -            345 43181at7898          -            522   4.7e-75  251.8  13.4   1   2   6.9e-38   7.3e-36  122.5   8.5    84   161    18    95     5   103 0.93 -
TRINITY_DN4412_c0_g1_i28:1867-2901  -            345 43181at7898          -            522   4.7e-75  251.8  13.4   2   2   9.1e-41   9.6e-39  132.0   0.2   319   509   149   339   141   343 0.93 -
TRINITY_DN4412_c0_g1_i4:1873-2907   -            345 43181at7898          -            522   4.7e-75  251.8  13.4   1   2   6.9e-38   7.3e-36  122.5   8.5    84   161    18    95     5   103 0.93 -
TRINITY_DN4412_c0_g1_i4:1873-2907   -            345 43181at7898          -            522   4.7e-75  251.8  13.4   2   2   9.1e-41   9.6e-39  132.0   0.2   319   509   149   339   141   343 0.93 -
TRINITY_DN4412_c0_g1_i7:1852-2886   -            345 43181at7898          -            522   4.7e-75  251.8  13.4   1   2   6.9e-38   7.3e-36  122.5   8.5    84   161    18    95     5   103 0.93 -
TRINITY_DN4412_c0_g1_i7:1852-2886   -            345 43181at7898          -            522   4.7e-75  251.8  13.4   2   2   9.1e-41   9.6e-39  132.0   0.2   319   509   149   339   141   343 0.93 -
TRINITY_DN56_c0_g1_i2:481-1500      -            340 43181at7898          -            522   2.2e-61  206.7  13.7   1   2   1.9e-36     2e-34  117.7  12.6    87   167     1    82     1   100 0.91 -
TRINITY_DN56_c0_g1_i2:481-1500      -            340 43181at7898          -            522   2.2e-61  206.7  13.7   2   2   2.2e-27   2.3e-25   87.8   0.0   320   510   135   336   122   340 0.83 -
TRINITY_DN56_c0_g1_i5:481-1500      -            340 43181at7898          -            522   2.2e-61  206.7  13.7   1   2   1.9e-36     2e-34  117.7  12.6    87   167     1    82     1   100 0.91 -
TRINITY_DN56_c0_g1_i5:481-1500      -            340 43181at7898          -            522   2.2e-61  206.7  13.7   2   2   2.2e-27   2.3e-25   87.8   0.0   320   510   135   336   122   340 0.83 -
TRINITY_DN56_c0_g1_i8:481-1500      -            340 43181at7898          -            522   2.2e-61  206.7  13.7   1   2   1.9e-36     2e-34  117.7  12.6    87   167     1    82     1   100 0.91 -
TRINITY_DN56_c0_g1_i8:481-1500      -            340 43181at7898          -            522   2.2e-61  206.7  13.7   2   2   2.2e-27   2.3e-25   87.8   0.0   320   510   135   336   122   340 0.83 -
TRINITY_DN56_c0_g1_i9:481-1500      -            340 43181at7898          -            522   2.2e-61  206.7  13.7   1   2   1.9e-36     2e-34  117.7  12.6    87   167     1    82     1   100 0.91 -
TRINITY_DN56_c0_g1_i9:481-1500      -            340 43181at7898          -            522   2.2e-61  206.7  13.7   2   2   2.2e-27   2.3e-25   87.8   0.0   320   510   135   336   122   340 0.83 -
TRINITY_DN2131_c0_g1_i2:658-1584    -            309 43181at7898          -            522   4.5e-47  159.5  13.5   1   2   9.6e-33     1e-30  105.5  13.1    87   168     1    82     1   103 0.94 -
TRINITY_DN2131_c0_g1_i2:658-1584    -            309 43181at7898          -            522   4.5e-47  159.5  13.5   2   2   1.4e-16   1.5e-14   52.1   0.0   320   508   124   306   107   309 0.82 -
TRINITY_DN2131_c0_g1_i1:660-1586    -            309 43181at7898          -            522   5.2e-47  159.3  13.6   1   2   1.1e-32   1.1e-30  105.4  13.2    87   168     1    82     1   103 0.94 -
TRINITY_DN2131_c0_g1_i1:660-1586    -            309 43181at7898          -            522   5.2e-47  159.3  13.6   2   2   1.2e-16   1.3e-14   52.4   0.0   320   508   124   306    97   309 0.82 -
TRINITY_DN2131_c0_g1_i3:714-1640    -            309 43181at7898          -            522   5.2e-47  159.3  13.6   1   2   1.1e-32   1.1e-30  105.4  13.2    87   168     1    82     1   103 0.94 -
TRINITY_DN2131_c0_g1_i3:714-1640    -            309 43181at7898          -            522   5.2e-47  159.3  13.6   2   2   1.2e-16   1.3e-14   52.4   0.0   320   508   124   306    97   309 0.82 -
TRINITY_DN1470_c3_g1_i2:1168-2631   -            488 43181at7898          -            522   1.9e-42  144.2  15.3   1   2   3.5e-29   3.7e-27   93.8   8.8    80   161     2    83     1    88 0.97 -
TRINITY_DN1470_c3_g1_i2:1168-2631   -            488 43181at7898          -            522   1.9e-42  144.2  15.3   2   2   2.8e-17   2.9e-15   54.5   0.4   319   509   291   485   279   488 0.85 -
TRINITY_DN15148_c0_g1_i7:4-702      -            233 43181at7898          -            522   2.3e-42  143.9  13.2   1   2   2.9e-37   3.1e-35  120.4   9.2    87   199     1   114     1   124 0.89 -
TRINITY_DN15148_c0_g1_i7:4-702      -            233 43181at7898          -            522   2.3e-42  143.9  13.2   2   2   1.9e-08     2e-06   25.4   0.1   320   437   124   233   117   233 0.80 -
TRINITY_DN15148_c0_g1_i8:4-702      -            233 43181at7898          -            522   2.3e-42  143.9  13.2   1   2   2.9e-37   3.1e-35  120.4   9.2    87   199     1   114     1   124 0.89 -
TRINITY_DN15148_c0_g1_i8:4-702      -            233 43181at7898          -            522   2.3e-42  143.9  13.2   2   2   1.9e-08     2e-06   25.4   0.1   320   437   124   233   117   233 0.80 -
TRINITY_DN15148_c0_g1_i9:4-702      -            233 43181at7898          -            522   1.2e-41  141.6  13.3   1   2   8.9e-37   9.4e-35  118.8   9.1    87   199     1   114     1   124 0.89 -
TRINITY_DN15148_c0_g1_i9:4-702      -            233 43181at7898          -            522   1.2e-41  141.6  13.3   2   2   3.2e-08   3.4e-06   24.6   0.1   321   437   125   233   119   233 0.79 -
TRINITY_DN3114_c0_g1_i1:933-1511    -            193 43181at7898          -            522   1.2e-40  138.2   0.1   1   1   1.4e-42   1.5e-40  138.0   0.1   324   511     3   190     1   192 0.93 -
TRINITY_DN15148_c0_g1_i12:4-732     -            243 43181at7898          -            522   4.4e-38  129.8  15.7   1   2   7.2e-33   7.6e-31  105.9  11.8    87   161     1    75     1   124 0.86 -
TRINITY_DN15148_c0_g1_i12:4-732     -            243 43181at7898          -            522   4.4e-38  129.8  15.7   2   2   2.1e-08   2.2e-06   25.2   0.1   320   437   134   243   129   243 0.79 -
TRINITY_DN4969_c0_g1_i1:196-1557    -            371 43181at7898          -            522   5.7e-36  122.8  10.1   1   2   1.4e-29   1.4e-27   95.1  11.0    86   160    39   113    30   128 0.95 -
TRINITY_DN4969_c0_g1_i1:196-1557    -            371 43181at7898          -            522   5.7e-36  122.8  10.1   2   2   8.8e-08   9.3e-06   23.1   0.0   337   508   190   361   183   369 0.80 -
TRINITY_DN4969_c0_g1_i4:196-1326    -            377 43181at7898          -            522     6e-36  122.8  10.1   1   2   1.3e-29   1.4e-27   95.1  11.0    86   160    39   113    30   129 0.95 -
TRINITY_DN4969_c0_g1_i4:196-1326    -            377 43181at7898          -            522     6e-36  122.8  10.1   2   2   9.1e-08   9.7e-06   23.1   0.0   337   508   196   367   189   375 0.80 -
TRINITY_DN3114_c0_g1_i4:260-796     -            179 43181at7898          -            522   5.4e-35  119.6   0.0   1   1   6.1e-37   6.5e-35  119.4   0.0   337   511     2   176     1   178 0.93 -
TRINITY_DN5842_c1_g1_i1:16-909      -            298 43181at7898          -            522   4.2e-33  113.4  13.4   1   2   1.5e-26   1.6e-24   85.0   5.8    87   164     1    78     1   101 0.90 -
TRINITY_DN5842_c1_g1_i1:16-909      -            298 43181at7898          -            522   4.2e-33  113.4  13.4   2   2   1.6e-10   1.7e-08   32.2   0.8   310   483   124   298   103   298 0.80 -
TRINITY_DN5842_c1_g1_i2:16-909      -            298 43181at7898          -            522   4.2e-33  113.4  13.4   1   2   1.5e-26   1.6e-24   85.0   5.8    87   164     1    78     1   101 0.90 -
TRINITY_DN5842_c1_g1_i2:16-909      -            298 43181at7898          -            522   4.2e-33  113.4  13.4   2   2   1.6e-10   1.7e-08   32.2   0.8   310   483   124   298   103   298 0.80 -
TRINITY_DN5908_c0_g2_i10:619-1587   -            323 43181at7898          -            522   6.4e-33  112.8  14.4   1   2   2.3e-29   2.4e-27   94.4  11.3    85   163     1    79     1    98 0.90 -
TRINITY_DN5908_c0_g2_i10:619-1587   -            323 43181at7898          -            522   6.4e-33  112.8  14.4   2   2   1.7e-06   0.00018   18.9   0.0   325   485   167   322   151   323 0.84 -
TRINITY_DN7182_c0_g1_i3:47-1066     -            340 43181at7898          -            522   1.1e-32  111.9  13.5   1   3   1.1e-33   1.2e-31  108.6  10.7    85   171    11    96     6   118 0.89 -
TRINITY_DN7182_c0_g1_i3:47-1066     -            340 43181at7898          -            522   1.1e-32  111.9  13.5   2   3       2.8   2.9e+02   -1.6   0.0   328   368   157   197   151   204 0.77 -
TRINITY_DN7182_c0_g1_i3:47-1066     -            340 43181at7898          -            522   1.1e-32  111.9  13.5   3   3      0.13        14    2.8   0.0   416   491   237   318   232   328 0.80 -
TRINITY_DN6491_c0_g1_i4:792-2228    -            479 43181at7898          -            522   1.3e-31  108.4   9.2   1   2   1.5e-26   1.6e-24   85.1   8.1    87   166     1    81     1   115 0.89 -
TRINITY_DN6491_c0_g1_i4:792-2228    -            479 43181at7898          -            522   1.3e-31  108.4   9.2   2   2   1.4e-07   1.5e-05   22.5   0.0   337   492   325   478   319   479 0.81 -
TRINITY_DN7182_c0_g1_i4:54-794      -            247 43181at7898          -            522   2.6e-31  107.4  10.5   1   1   2.5e-33   2.6e-31  107.4  10.5    87   163     2    78     1    90 0.94 -
TRINITY_DN10031_c2_g1_i4:70-1242    -            391 43181at7898          -            522   3.9e-30  103.6   6.1   1   2   5.9e-26   6.2e-24   83.1   5.6    86   176    24   117    16   150 0.79 -
TRINITY_DN10031_c2_g1_i4:70-1242    -            391 43181at7898          -            522   3.9e-30  103.6   6.1   2   2   1.6e-06   0.00017   19.0   0.0   337   483   241   388   228   391 0.82 -
TRINITY_DN5842_c2_g1_i1:27-632      -            202 43181at7898          -            522   4.1e-30  103.5   8.5   1   2   2.6e-26   2.7e-24   84.3   6.9    85   161    11    87     5   109 0.93 -
TRINITY_DN5842_c2_g1_i1:27-632      -            202 43181at7898          -            522   4.1e-30  103.5   8.5   2   2   1.5e-06   0.00015   19.1   0.0   311   370   140   202   124   202 0.85 -
TRINITY_DN5842_c0_g2_i1:456-1493    -            346 43181at7898          -            522   3.9e-29  100.3  12.5   1   2   3.9e-25   4.1e-23   80.4   8.9    85   161    63   139    50   159 0.92 -
TRINITY_DN5842_c0_g2_i1:456-1493    -            346 43181at7898          -            522   3.9e-29  100.3  12.5   2   2   2.8e-07   2.9e-05   21.5   0.1   316   460   204   337   182   346 0.75 -
TRINITY_DN5842_c0_g2_i2:456-1493    -            346 43181at7898          -            522   3.9e-29  100.3  12.5   1   2   3.9e-25   4.1e-23   80.4   8.9    85   161    63   139    50   159 0.92 -
TRINITY_DN5842_c0_g2_i2:456-1493    -            346 43181at7898          -            522   3.9e-29  100.3  12.5   2   2   2.8e-07   2.9e-05   21.5   0.1   316   460   204   337   182   346 0.75 -
TRINITY_DN10031_c2_g1_i14:1066-2121 -            352 43181at7898          -            522   5.1e-28   96.6   6.1   1   2   4.8e-26   5.1e-24   83.4   5.4    86   176    18   111    11   144 0.79 -
TRINITY_DN10031_c2_g1_i14:1066-2121 -            352 43181at7898          -            522   5.1e-28   96.6   6.1   2   2   0.00023     0.024   11.9   0.0   336   457   234   346   221   352 0.80 -
TRINITY_DN35429_c0_g2_i1:273-845    -            191 43181at7898          -            522   4.1e-26   90.3   0.0   1   1   4.3e-28   4.5e-26   90.2   0.0   324   510     2   187     1   191 0.87 -
TRINITY_DN7182_c0_g1_i6:54-770      -            239 43181at7898          -            522     1e-25   89.0   6.4   1   2   9.9e-28     1e-25   89.0   6.4    95   170     1    76     1    91 0.92 -
TRINITY_DN7182_c0_g1_i6:54-770      -            239 43181at7898          -            522     1e-25   89.0   6.4   2   2       8.6   9.1e+02   -3.2   0.0   334   363   145   175   136   183 0.64 -
TRINITY_DN3509_c0_g1_i7:852-1808    -            319 43181at7898          -            522   1.7e-25   88.2  11.8   1   2   1.2e-25   1.3e-23   82.1  10.3    87   170     1    82     1    89 0.93 -
TRINITY_DN3509_c0_g1_i7:852-1808    -            319 43181at7898          -            522   1.7e-25   88.2  11.8   2   2     0.017       1.8    5.7   0.0   413   448   265   300   191   318 0.66 -
TRINITY_DN3509_c0_g1_i1:852-1808    -            319 43181at7898          -            522   1.4e-24   85.3  11.1   1   2   9.8e-25     1e-22   79.1   9.6    87   170     1    82     1    89 0.93 -
TRINITY_DN3509_c0_g1_i1:852-1808    -            319 43181at7898          -            522   1.4e-24   85.3  11.1   2   2     0.017       1.8    5.7   0.0   413   448   265   300   191   318 0.66 -
TRINITY_DN5908_c0_g2_i6:1364-2038   -            225 43181at7898          -            522   2.7e-24   84.3  14.0   1   2   2.5e-26   2.7e-24   84.3  14.0    85   162    17    94    10   107 0.92 -
TRINITY_DN5908_c0_g2_i6:1364-2038   -            225 43181at7898          -            522   2.7e-24   84.3  14.0   2   2       6.2   6.5e+02   -2.7   0.0   337   367   191   221   188   225 0.71 -
TRINITY_DN10031_c2_g1_i12:76-1134   -            353 43181at7898          -            522   3.9e-24   83.8   4.3   1   2   1.2e-19   1.2e-17   62.3   3.8    98   192     1    99     1   115 0.77 -
TRINITY_DN10031_c2_g1_i12:76-1134   -            353 43181at7898          -            522   3.9e-24   83.8   4.3   2   2   8.1e-07   8.5e-05   20.0   0.0   337   478   206   346   193   353 0.80 -
TRINITY_DN2504_c0_g3_i1:1526-2593   -            356 43181at7898          -            522     6e-24   83.2  11.3   1   2     2e-23   2.1e-21   74.8   7.2    87   170     1    84     1   109 0.89 -
TRINITY_DN2504_c0_g3_i1:1526-2593   -            356 43181at7898          -            522     6e-24   83.2  11.3   2   2   0.00064     0.068   10.4   0.1   314   370   157   213   148   275 0.89 -
TRINITY_DN2504_c0_g3_i2:1541-2608   -            356 43181at7898          -            522     6e-24   83.2  11.3   1   2     2e-23   2.1e-21   74.8   7.2    87   170     1    84     1   109 0.89 -
TRINITY_DN2504_c0_g3_i2:1541-2608   -            356 43181at7898          -            522     6e-24   83.2  11.3   2   2   0.00064     0.068   10.4   0.1   314   370   157   213   148   275 0.89 -
TRINITY_DN10031_c2_g1_i18:159-899   -            247 43181at7898          -            522   7.4e-24   82.9   6.4   1   2   1.2e-25   1.3e-23   82.1   6.3    87   176     1    93     1   126 0.79 -
TRINITY_DN10031_c2_g1_i18:159-899   -            247 43181at7898          -            522   7.4e-24   82.9   6.4   2   2       7.6   8.1e+02   -3.1   0.0   337   365   217   245   211   247 0.83 -
TRINITY_DN10031_c2_g1_i8:973-2034   -            354 43181at7898          -            522   1.1e-23   82.3   4.3   1   2   1.2e-19   1.2e-17   62.3   3.8    98   192     1    99     1   115 0.77 -
TRINITY_DN10031_c2_g1_i8:973-2034   -            354 43181at7898          -            522   1.1e-23   82.3   4.3   2   2   2.2e-06   0.00023   18.5   0.0   336   478   205   347   192   354 0.82 -
TRINITY_DN4562_c0_g3_i1:841-1896    -            352 43181at7898          -            522   1.4e-23   82.0   9.4   1   2   7.1e-23   7.5e-21   72.9   4.5    85   155    81   151    75   171 0.93 -
TRINITY_DN4562_c0_g3_i1:841-1896    -            352 43181at7898          -            522   1.4e-23   82.0   9.4   2   2   0.00028      0.03   11.6   0.2   326   440   227   335   212   347 0.82 -
TRINITY_DN7269_c1_g1_i2:477-1133    -            219 43181at7898          -            522   1.5e-23   81.9   9.8   1   2   1.6e-25   1.7e-23   81.7   8.8    87   165     9    86     3   103 0.92 -
TRINITY_DN7269_c1_g1_i2:477-1133    -            219 43181at7898          -            522   1.5e-23   81.9   9.8   2   2       2.3   2.4e+02   -1.3   0.0   325   352   185   213   105   219 0.65 -
TRINITY_DN766_c0_g2_i4:0-1244       -            415 43181at7898          -            522   2.7e-23   81.0  14.2   1   2   4.2e-20   4.4e-18   63.8   7.7   104   162     1    59     1    86 0.90 -
TRINITY_DN766_c0_g2_i4:0-1244       -            415 43181at7898          -            522   2.7e-23   81.0  14.2   2   2   2.8e-07   2.9e-05   21.5   0.5   354   491   263   407   235   415 0.71 -
TRINITY_DN5908_c0_g2_i4:1298-1984   -            229 43181at7898          -            522   4.6e-23   80.3  16.5   1   2   1.6e-24   1.7e-22   78.3  15.2    87   162     1    76     1    89 0.94 -
TRINITY_DN5908_c0_g2_i4:1298-1984   -            229 43181at7898          -            522   4.6e-23   80.3  16.5   2   2      0.44        47    1.0   0.0   336   371   172   208   162   217 0.76 -
TRINITY_DN730_c0_g1_i6:141-755      -            205 43181at7898          -            522   7.7e-23   79.5   0.0   1   1   9.5e-25     1e-22   79.1   0.0   325   503     4   197     2   203 0.84 -
TRINITY_DN2124_c0_g1_i1:276-857     -            194 43181at7898          -            522     6e-22   76.6   0.0   1   1   6.7e-24     7e-22   76.3   0.0   324   503     1   186     1   193 0.84 -
TRINITY_DN2124_c0_g1_i6:276-857     -            194 43181at7898          -            522     2e-21   74.8   0.0   1   1   2.2e-23   2.3e-21   74.6   0.0   324   503     1   186     1   193 0.86 -
TRINITY_DN730_c0_g1_i4:238-852      -            205 43181at7898          -            522   2.9e-20   71.0   0.0   1   1   3.6e-22   3.8e-20   70.6   0.0   325   503     4   197     2   203 0.81 -
TRINITY_DN730_c0_g1_i7:141-755      -            205 43181at7898          -            522   2.9e-20   71.0   0.0   1   1   3.6e-22   3.8e-20   70.6   0.0   325   503     4   197     2   203 0.81 -
TRINITY_DN3542_c0_g1_i1:1266-2060   -            265 43181at7898          -            522   1.5e-19   68.6  11.4   1   2   1.8e-19   1.9e-17   61.7   8.2    87   163     1    85     1    97 0.84 -
TRINITY_DN3542_c0_g1_i1:1266-2060   -            265 43181at7898          -            522   1.5e-19   68.6  11.4   2   2    0.0029       0.3    8.3   0.1   335   371   163   199   154   263 0.81 -
TRINITY_DN3542_c0_g1_i3:1311-2105   -            265 43181at7898          -            522   1.5e-19   68.6  11.4   1   2   1.8e-19   1.9e-17   61.7   8.2    87   163     1    85     1    97 0.84 -
TRINITY_DN3542_c0_g1_i3:1311-2105   -            265 43181at7898          -            522   1.5e-19   68.6  11.4   2   2    0.0029       0.3    8.3   0.1   335   371   163   199   154   263 0.81 -
TRINITY_DN3542_c0_g1_i4:1311-2105   -            265 43181at7898          -            522   1.5e-19   68.6  11.4   1   2   1.8e-19   1.9e-17   61.7   8.2    87   163     1    85     1    97 0.84 -
TRINITY_DN3542_c0_g1_i4:1311-2105   -            265 43181at7898          -            522   1.5e-19   68.6  11.4   2   2    0.0029       0.3    8.3   0.1   335   371   163   199   154   263 0.81 -
TRINITY_DN809_c1_g1_i3:651-1436     -            262 43181at7898          -            522   2.1e-19   68.1  12.2   1   2   5.4e-20   5.7e-18   63.4   8.5    87   159     1    78     1    95 0.90 -
TRINITY_DN809_c1_g1_i3:651-1436     -            262 43181at7898          -            522   2.1e-19   68.1  12.2   2   2    0.0097         1    6.5   0.1   335   369   160   194   150   260 0.80 -
TRINITY_DN809_c1_g1_i4:3730-4515    -            262 43181at7898          -            522   2.1e-19   68.1  12.2   1   2   5.4e-20   5.7e-18   63.4   8.5    87   159     1    78     1    95 0.90 -
TRINITY_DN809_c1_g1_i4:3730-4515    -            262 43181at7898          -            522   2.1e-19   68.1  12.2   2   2    0.0097         1    6.5   0.1   335   369   160   194   150   260 0.80 -
TRINITY_DN809_c1_g1_i5:2122-2907    -            262 43181at7898          -            522   2.1e-19   68.1  12.2   1   2   5.4e-20   5.7e-18   63.4   8.5    87   159     1    78     1    95 0.90 -
TRINITY_DN809_c1_g1_i5:2122-2907    -            262 43181at7898          -            522   2.1e-19   68.1  12.2   2   2    0.0097         1    6.5   0.1   335   369   160   194   150   260 0.80 -
TRINITY_DN2755_c0_g1_i7:1332-2261   -            310 43181at7898          -            522   5.9e-16   56.8  10.4   1   2   4.8e-09   5.1e-07   27.3   5.6   117   172     1    55     1    71 0.82 -
TRINITY_DN2755_c0_g1_i7:1332-2261   -            310 43181at7898          -            522   5.9e-16   56.8  10.4   2   2   1.7e-10   1.8e-08   32.1   0.2   338   495   142   298   127   304 0.75 -
TRINITY_DN2755_c0_g1_i8:357-1286    -            310 43181at7898          -            522   5.9e-16   56.8  10.4   1   2   4.8e-09   5.1e-07   27.3   5.6   117   172     1    55     1    71 0.82 -
TRINITY_DN2755_c0_g1_i8:357-1286    -            310 43181at7898          -            522   5.9e-16   56.8  10.4   2   2   1.7e-10   1.8e-08   32.1   0.2   338   495   142   298   127   304 0.75 -
TRINITY_DN86_c1_g1_i3:407-928       -            174 43181at7898          -            522   6.2e-15   53.4   0.1   1   1   1.2e-16   1.2e-14   52.4   0.1   337   508     2   171     1   174 0.82 -
TRINITY_DN19598_c0_g1_i2:4-540      -            179 43181at7898          -            522   1.1e-14   52.7   0.7   1   1   1.2e-16   1.3e-14   52.4   0.7   337   507     2   175     1   178 0.81 -
TRINITY_DN19598_c0_g1_i3:4-540      -            179 43181at7898          -            522   1.1e-14   52.7   0.7   1   1   1.2e-16   1.3e-14   52.4   0.7   337   507     2   175     1   178 0.81 -
TRINITY_DN17666_c0_g1_i1:14-547     -            178 43181at7898          -            522   8.7e-14   49.6   0.0   1   1     2e-15   2.2e-13   48.3   0.0   334   508     3   175     1   178 0.82 -
TRINITY_DN7182_c0_g1_i2:54-704      -            217 43181at7898          -            522   1.7e-13   48.6   6.3   1   2   1.7e-15   1.7e-13   48.6   6.3   117   163     2    48     1    61 0.91 -
TRINITY_DN7182_c0_g1_i2:54-704      -            217 43181at7898          -            522   1.7e-13   48.6   6.3   2   2       7.5   7.9e+02   -3.0   0.0   334   363   123   153   114   161 0.64 -
TRINITY_DN17666_c0_g1_i4:14-547     -            178 43181at7898          -            522   5.9e-13   46.9   0.0   1   1   1.4e-14   1.5e-12   45.6   0.0   334   508     3   175     1   178 0.82 -
TRINITY_DN7182_c0_g1_i5:54-653      -            200 43181at7898          -            522   2.8e-07   28.1   1.1   1   2   2.7e-09   2.8e-07   28.1   1.1   134   163     2    31     1    47 0.85 -
TRINITY_DN7182_c0_g1_i5:54-653      -            200 43181at7898          -            522   2.8e-07   28.1   1.1   2   2       6.6   6.9e+02   -2.8   0.0   334   363   106   136    97   144 0.64 -
TRINITY_DN6491_c0_g1_i1:813-1379    -            189 43181at7898          -            522     6e-06   23.8   0.0   1   1   8.4e-08   8.8e-06   23.2   0.0   337   485    42   188    36   189 0.81 -
TRINITY_DN2504_c1_g1_i1:0-569       -            190 43181at7898          -            522      0.01   13.1   0.3   1   2   0.00019      0.02   12.1   0.2   336   370     5    39     1    44 0.91 -
TRINITY_DN2504_c1_g1_i1:0-569       -            190 43181at7898          -            522      0.01   13.1   0.3   2   2         4   4.2e+02   -2.1   0.0   429   441    91   103    77   153 0.64 -
#
# Program:         hmmsearch
# Version:         3.1b2 (February 2015)
# Pipeline mode:   SEARCH
# Query file:      /home/ericjuo/Projects/salmo_trutta_rna_seq/busco_downloads/lineages/actinopterygii_odb10/hmms/43181at7898.hmm
# Target file:     /home/ericjuo/Projects/salmo_trutta_rna_seq/data/02_intermediate/busco/run_actinopterygii_odb10/metaeuk_output/rerun_results/trinity.Trinity.fasta.modified.fas
# Option settings: hmmsearch --domtblout /home/ericjuo/Projects/salmo_trutta_rna_seq/data/02_intermediate/busco/run_actinopterygii_odb10/hmmer_output/rerun_results/43181at7898.out --cpu 1 /home/ericjuo/Projects/salmo_trutta_rna_seq/busco_downloads/lineages/actinopterygii_odb10/hmms/43181at7898.hmm /home/ericjuo/Projects/salmo_trutta_rna_seq/data/02_intermediate/busco/run_actinopterygii_odb10/metaeuk_output/rerun_results/trinity.Trinity.fasta.modified.fas 
# Current dir:     /home/ericjuo/Projects/salmo_trutta_rna_seq
# Date:            Fri Apr 29 13:04:34 2022
# [ok]
