#                                                                                          --- full sequence --- -------------- this domain -------------   hmm coord   ali coord   env coord
# target name                      accession   tlen query name           accession   qlen   E-value  score  bias   #  of  c-Evalue  i-Evalue  score  bias  from    to  from    to  from    to  acc description of target
#              ------------------- ---------- ----- -------------------- ---------- ----- --------- ------ ----- --- --- --------- --------- ------ ----- ----- ----- ----- ----- ----- ----- ---- ---------------------
TRINITY_DN4281_c0_g1_i1:19-993     -            325 46948at7898          -            454  3.3e-159  529.5  12.8   1   2  3.6e-158  2.9e-156  519.8  12.4   110   388     1   286     1   292 0.96 -
TRINITY_DN4281_c0_g1_i1:19-993     -            325 46948at7898          -            454  3.3e-159  529.5  12.8   2   2    0.0015      0.12   10.1   0.0   365   392   284   319   279   323 0.81 -
TRINITY_DN4292_c0_g1_i10:2194-3102 -            303 46948at7898          -            454     4e-55  186.4   4.5   1   1   6.1e-57   4.9e-55  186.1   4.5    41   329     1   302     1   303 0.85 -
TRINITY_DN4292_c0_g1_i1:2190-3098  -            303 46948at7898          -            454     4e-55  186.4   4.5   1   1   6.1e-57   4.9e-55  186.1   4.5    41   329     1   302     1   303 0.85 -
TRINITY_DN4292_c0_g1_i5:2181-3089  -            303 46948at7898          -            454     4e-55  186.4   4.5   1   1   6.1e-57   4.9e-55  186.1   4.5    41   329     1   302     1   303 0.85 -
TRINITY_DN36255_c0_g1_i2:1526-2677 -            384 46948at7898          -            454   3.9e-48  163.4   9.6   1   4   6.3e-05     0.005   14.6   0.0   229   266    22    61     1    63 0.77 -
TRINITY_DN36255_c0_g1_i2:1526-2677 -            384 46948at7898          -            454   3.9e-48  163.4   9.6   2   4   5.7e-26   4.6e-24   84.0   0.2    79   257    63   238    60   241 0.88 -
TRINITY_DN36255_c0_g1_i2:1526-2677 -            384 46948at7898          -            454   3.9e-48  163.4   9.6   3   4   2.3e-09   1.9e-07   29.3   0.4    93   153   230   290   230   293 0.95 -
TRINITY_DN36255_c0_g1_i2:1526-2677 -            384 46948at7898          -            454   3.9e-48  163.4   9.6   4   4   5.5e-14   4.4e-12   44.5   0.3   197   286   291   384   289   384 0.87 -
TRINITY_DN36255_c0_g1_i5:1695-2846 -            384 46948at7898          -            454   3.9e-48  163.4   9.6   1   4   6.3e-05     0.005   14.6   0.0   229   266    22    61     1    63 0.77 -
TRINITY_DN36255_c0_g1_i5:1695-2846 -            384 46948at7898          -            454   3.9e-48  163.4   9.6   2   4   5.7e-26   4.6e-24   84.0   0.2    79   257    63   238    60   241 0.88 -
TRINITY_DN36255_c0_g1_i5:1695-2846 -            384 46948at7898          -            454   3.9e-48  163.4   9.6   3   4   2.3e-09   1.9e-07   29.3   0.4    93   153   230   290   230   293 0.95 -
TRINITY_DN36255_c0_g1_i5:1695-2846 -            384 46948at7898          -            454   3.9e-48  163.4   9.6   4   4   5.5e-14   4.4e-12   44.5   0.3   197   286   291   384   289   384 0.87 -
TRINITY_DN16079_c0_g1_i8:842-2038  -            399 46948at7898          -            454   1.3e-46  158.3   8.2   1   6   5.6e-10   4.5e-08   31.3   0.0    74   265    10    78     1    81 0.53 -
TRINITY_DN16079_c0_g1_i8:842-2038  -            399 46948at7898          -            454   1.3e-46  158.3   8.2   2   6   3.9e-05    0.0031   15.3   0.0   231   266    77   112    75   114 0.87 -
TRINITY_DN16079_c0_g1_i8:842-2038  -            399 46948at7898          -            454   1.3e-46  158.3   8.2   3   6   8.6e-09   6.9e-07   27.4   0.3    78   137   113   172   111   174 0.96 -
TRINITY_DN16079_c0_g1_i8:842-2038  -            399 46948at7898          -            454   1.3e-46  158.3   8.2   4   6   4.4e-11   3.5e-09   35.0   0.0    64   144   165   245   164   250 0.93 -
TRINITY_DN16079_c0_g1_i8:842-2038  -            399 46948at7898          -            454   1.3e-46  158.3   8.2   5   6   2.3e-08   1.9e-06   26.0   0.1    79   138   246   305   239   314 0.64 -
TRINITY_DN16079_c0_g1_i8:842-2038  -            399 46948at7898          -            454   1.3e-46  158.3   8.2   6   6   4.6e-10   3.7e-08   31.6   0.0   203   278   310   388   305   399 0.83 -
TRINITY_DN13356_c0_g2_i1:333-1574  -            414 46948at7898          -            454   2.3e-44  150.9  21.5   1   6   2.9e-09   2.3e-07   29.0   0.2   203   271    14    86     1    88 0.67 -
TRINITY_DN13356_c0_g2_i1:333-1574  -            414 46948at7898          -            454   2.3e-44  150.9  21.5   2   6   5.2e-09   4.1e-07   28.1   0.1    80   139    84   143    81   149 0.94 -
TRINITY_DN13356_c0_g2_i1:333-1574  -            414 46948at7898          -            454   2.3e-44  150.9  21.5   3   6   1.8e-16   1.4e-14   52.7   0.5    54   148   158   252   145   253 0.92 -
TRINITY_DN13356_c0_g2_i1:333-1574  -            414 46948at7898          -            454   2.3e-44  150.9  21.5   4   6   4.6e-05    0.0037   15.1   0.0   233   267   247   281   244   288 0.83 -
TRINITY_DN13356_c0_g2_i1:333-1574  -            414 46948at7898          -            454   2.3e-44  150.9  21.5   5   6   1.8e-09   1.5e-07   29.6   3.3    55   149   257   350   256   356 0.83 -
TRINITY_DN13356_c0_g2_i1:333-1574  -            414 46948at7898          -            454   2.3e-44  150.9  21.5   6   6   3.3e-07   2.7e-05   22.2   0.3    80   140   347   407   343   414 0.86 -
TRINITY_DN26115_c0_g1_i1:800-1747  -            316 46948at7898          -            454   1.2e-38  132.0   8.4   1   6   2.3e-09   1.9e-07   29.3   0.0    80   144     2    66     1    69 0.92 -
TRINITY_DN26115_c0_g1_i1:800-1747  -            316 46948at7898          -            454   1.2e-38  132.0   8.4   2   6   3.3e-06   0.00027   18.8   0.0   233   275    65   107    60   111 0.91 -
TRINITY_DN26115_c0_g1_i1:800-1747  -            316 46948at7898          -            454   1.2e-38  132.0   8.4   3   6   1.4e-07   1.1e-05   23.4   0.0    78   137    99   158    95   162 0.92 -
TRINITY_DN26115_c0_g1_i1:800-1747  -            316 46948at7898          -            454   1.2e-38  132.0   8.4   4   6   1.3e-10     1e-08   33.4   0.0    63   135   117   189   113   197 0.95 -
TRINITY_DN26115_c0_g1_i1:800-1747  -            316 46948at7898          -            454   1.2e-38  132.0   8.4   5   6   8.8e-07     7e-05   20.8   0.0   204   261   165   225   160   228 0.84 -
TRINITY_DN26115_c0_g1_i1:800-1747  -            316 46948at7898          -            454   1.2e-38  132.0   8.4   6   6   4.3e-13   3.5e-11   41.5   0.3    49   156   201   309   194   316 0.90 -
TRINITY_DN36255_c0_g1_i7:52-948    -            299 46948at7898          -            454   1.4e-38  131.8   7.2   1   3   7.5e-05     0.006   14.4   0.0   231   265    22    58     3    60 0.84 -
TRINITY_DN36255_c0_g1_i7:52-948    -            299 46948at7898          -            454   1.4e-38  131.8   7.2   2   3   6.5e-26   5.2e-24   83.8   0.9    79   264    61   243    59   248 0.88 -
TRINITY_DN36255_c0_g1_i7:52-948    -            299 46948at7898          -            454   1.4e-38  131.8   7.2   3   3   9.3e-16   7.4e-14   50.3   0.3   198   287   206   299   206   299 0.89 -
TRINITY_DN36255_c0_g1_i4:258-1568  -            437 46948at7898          -            454   3.3e-37  127.3  12.5   1   5   4.4e-05    0.0035   15.2   0.0    86   146     7    68     2    71 0.77 -
TRINITY_DN36255_c0_g1_i4:258-1568  -            437 46948at7898          -            454   3.3e-37  127.3  12.5   2   5   5.9e-13   4.7e-11   41.1   0.2    78   158    66   146    62   180 0.91 -
TRINITY_DN36255_c0_g1_i4:258-1568  -            437 46948at7898          -            454   3.3e-37  127.3  12.5   3   5   5.1e-05    0.0041   15.0   0.0   113   265   195   224   177   228 0.61 -
TRINITY_DN36255_c0_g1_i4:258-1568  -            437 46948at7898          -            454   3.3e-37  127.3  12.5   4   5   3.8e-10   3.1e-08   31.8   0.3    79   152   227   300   224   313 0.92 -
TRINITY_DN36255_c0_g1_i4:258-1568  -            437 46948at7898          -            454   3.3e-37  127.3  12.5   5   5   7.9e-10   6.3e-08   30.8   0.1    49   148   317   419   303   424 0.86 -
TRINITY_DN16079_c0_g1_i4:3-992     -            330 46948at7898          -            454   1.6e-36  125.1   7.6   1   5   4.2e-09   3.4e-07   28.4   0.3    78   138    10    70     3    77 0.95 -
TRINITY_DN16079_c0_g1_i4:3-992     -            330 46948at7898          -            454   1.6e-36  125.1   7.6   2   5   3.1e-11   2.5e-09   35.4   0.0    64   144    62   142    59   147 0.93 -
TRINITY_DN16079_c0_g1_i4:3-992     -            330 46948at7898          -            454   1.6e-36  125.1   7.6   3   5   3.3e-10   2.6e-08   32.1   0.1    66   143   130   207   129   213 0.90 -
TRINITY_DN16079_c0_g1_i4:3-992     -            330 46948at7898          -            454   1.6e-36  125.1   7.6   4   5   2.4e-09     2e-07   29.2   0.0   203   264   207   271   201   274 0.83 -
TRINITY_DN16079_c0_g1_i4:3-992     -            330 46948at7898          -            454   1.6e-36  125.1   7.6   5   5   2.7e-06   0.00021   19.2   0.0    66   129   262   325   262   330 0.89 -
TRINITY_DN18260_c1_g3_i1:811-1755  -            315 46948at7898          -            454   6.2e-34  116.5  13.2   1   4   7.7e-11   6.2e-09   34.1   0.3    77   140     6    69     1    76 0.92 -
TRINITY_DN18260_c1_g3_i1:811-1755  -            315 46948at7898          -            454   6.2e-34  116.5  13.2   2   4   1.6e-15   1.3e-13   49.6   0.7    51   151    79   180    71   183 0.91 -
TRINITY_DN18260_c1_g3_i1:811-1755  -            315 46948at7898          -            454   6.2e-34  116.5  13.2   3   4   2.1e-09   1.7e-07   29.4   0.0    66   140   161   235   161   244 0.93 -
TRINITY_DN18260_c1_g3_i1:811-1755  -            315 46948at7898          -            454   6.2e-34  116.5  13.2   4   4   3.9e-06   0.00031   18.6   0.4    80   138   241   299   237   312 0.80 -
TRINITY_DN24765_c2_g2_i2:130-1098  -            323 46948at7898          -            454   6.9e-34  116.4   0.8   1   5   6.2e-10     5e-08   31.1   0.1    82   141     1    60     1    66 0.95 -
TRINITY_DN24765_c2_g2_i2:130-1098  -            323 46948at7898          -            454   6.9e-34  116.4   0.8   2   5    0.0012     0.094   10.5   0.0   237   276    67   106    58   110 0.86 -
TRINITY_DN24765_c2_g2_i2:130-1098  -            323 46948at7898          -            454   6.9e-34  116.4   0.8   3   5   1.5e-07   1.2e-05   23.3   0.0    63   141    82   162    78   175 0.85 -
TRINITY_DN24765_c2_g2_i2:130-1098  -            323 46948at7898          -            454   6.9e-34  116.4   0.8   4   5   6.3e-10     5e-08   31.1   0.0    60   152   181   275   164   281 0.86 -
TRINITY_DN24765_c2_g2_i2:130-1098  -            323 46948at7898          -            454   6.9e-34  116.4   0.8   5   5   5.9e-10   4.7e-08   31.2   0.0    61   134   250   323   236   323 0.89 -
TRINITY_DN24329_c0_g2_i1:19-783    -            255 46948at7898          -            454   1.4e-31  108.8  11.8   1   3   1.3e-11     1e-09   36.7   1.1    73   149     4    80     1    88 0.93 -
TRINITY_DN24329_c0_g2_i1:19-783    -            255 46948at7898          -            454   1.4e-31  108.8  11.8   2   3   2.1e-10   1.7e-08   32.7   0.5    91   148    93   150    82   152 0.88 -
TRINITY_DN24329_c0_g2_i1:19-783    -            255 46948at7898          -            454   1.4e-31  108.8  11.8   3   3   1.7e-14   1.3e-12   46.2   0.3    51   150   152   251   144   255 0.95 -
TRINITY_DN14679_c1_g5_i1:181-1197  -            339 46948at7898          -            454   6.4e-31  106.6  17.2   1   5    0.0092      0.73    7.5   0.0   230   265     3    38     1    41 0.63 -
TRINITY_DN14679_c1_g5_i1:181-1197  -            339 46948at7898          -            454   6.4e-31  106.6  17.2   2   5   2.2e-13   1.8e-11   42.5   1.6    62   138    24   100    23   105 0.91 -
TRINITY_DN14679_c1_g5_i1:181-1197  -            339 46948at7898          -            454   6.4e-31  106.6  17.2   3   5   6.7e-05    0.0054   14.6   0.0   198   255   104   163    99   164 0.81 -
TRINITY_DN14679_c1_g5_i1:181-1197  -            339 46948at7898          -            454   6.4e-31  106.6  17.2   4   5   1.3e-10     1e-08   33.4   1.7    47   147   143   248   138   254 0.83 -
TRINITY_DN14679_c1_g5_i1:181-1197  -            339 46948at7898          -            454   6.4e-31  106.6  17.2   5   5   3.1e-09   2.5e-07   28.8   1.8    56   153   221   323   220   336 0.80 -
TRINITY_DN13356_c0_g2_i3:129-875   -            249 46948at7898          -            454   1.6e-30  105.3   7.8   1   3   6.3e-11   5.1e-09   34.4   0.3    59   147     2    91     1    92 0.89 -
TRINITY_DN13356_c0_g2_i3:129-875   -            249 46948at7898          -            454   1.6e-30  105.3   7.8   2   3   1.7e-09   1.4e-07   29.7   0.1    79   139    89   149    84   157 0.94 -
TRINITY_DN13356_c0_g2_i3:129-875   -            249 46948at7898          -            454   1.6e-30  105.3   7.8   3   3     1e-14   8.2e-13   46.9   0.5    54   139   164   249   155   249 0.93 -
TRINITY_DN36255_c0_g1_i2:101-1231  -            377 46948at7898          -            454     2e-30  105.0   6.6   1   4   3.9e-05    0.0031   15.3   0.0    88   145     5    63     1    67 0.70 -
TRINITY_DN36255_c0_g1_i2:101-1231  -            377 46948at7898          -            454     2e-30  105.0   6.6   2   4   4.6e-13   3.7e-11   41.5   0.2    78   158    62   142    58   176 0.91 -
TRINITY_DN36255_c0_g1_i2:101-1231  -            377 46948at7898          -            454     2e-30  105.0   6.6   3   4     6e-05    0.0048   14.7   0.0   114   265   192   220   180   223 0.62 -
TRINITY_DN36255_c0_g1_i2:101-1231  -            377 46948at7898          -            454     2e-30  105.0   6.6   4   4   1.3e-10     1e-08   33.4   0.2    79   155   223   299   220   370 0.80 -
TRINITY_DN36255_c0_g1_i5:270-1400  -            377 46948at7898          -            454   3.2e-30  104.3   6.8   1   5   4.8e-05    0.0038   15.0   0.0    88   146     5    64     1    67 0.75 -
TRINITY_DN36255_c0_g1_i5:270-1400  -            377 46948at7898          -            454   3.2e-30  104.3   6.8   2   5   4.5e-13   3.6e-11   41.5   0.3    78   158    62   142    58   181 0.90 -
TRINITY_DN36255_c0_g1_i5:270-1400  -            377 46948at7898          -            454   3.2e-30  104.3   6.8   3   5   2.8e-05    0.0022   15.8   0.0   112   144   190   222   174   227 0.66 -
TRINITY_DN36255_c0_g1_i5:270-1400  -            377 46948at7898          -            454   3.2e-30  104.3   6.8   4   5   3.1e-10   2.5e-08   32.1   0.3    79   152   223   296   220   307 0.92 -
TRINITY_DN36255_c0_g1_i5:270-1400  -            377 46948at7898          -            454   3.2e-30  104.3   6.8   5   5      0.33        26    2.4   0.0    50   107   314   374   298   377 0.73 -
TRINITY_DN26115_c0_g1_i1:1268-2005 -            246 46948at7898          -            454   3.4e-30  104.2   9.4   1   5   3.8e-08   3.1e-06   25.2   0.5    65   138     6    80     1    85 0.85 -
TRINITY_DN26115_c0_g1_i1:1268-2005 -            246 46948at7898          -            454   3.4e-30  104.2   9.4   2   5   4.1e-10   3.3e-08   31.7   0.1   207   264    56   116    50   119 0.87 -
TRINITY_DN26115_c0_g1_i1:1268-2005 -            246 46948at7898          -            454   3.4e-30  104.2   9.4   3   5   1.5e-10   1.2e-08   33.2   0.0    72   148    80   156    75   157 0.90 -
TRINITY_DN26115_c0_g1_i1:1268-2005 -            246 46948at7898          -            454   3.4e-30  104.2   9.4   4   5   2.4e-06   0.00019   19.3   0.0   233   275   151   193   146   196 0.91 -
TRINITY_DN26115_c0_g1_i1:1268-2005 -            246 46948at7898          -            454   3.4e-30  104.2   9.4   5   5   1.1e-07     9e-06   23.7   0.0    78   137   185   244   181   245 0.92 -
TRINITY_DN4699_c0_g1_i2:25-870     -            282 46948at7898          -            454   1.9e-29  101.7  11.5   1   5   1.3e-10   1.1e-08   33.4   0.2    74   140    14    80     2    86 0.86 -
TRINITY_DN4699_c0_g1_i2:25-870     -            282 46948at7898          -            454   1.9e-29  101.7  11.5   2   5   2.7e-11   2.2e-09   35.6   0.4    81   152    54   126    53   131 0.92 -
TRINITY_DN4699_c0_g1_i2:25-870     -            282 46948at7898          -            454   1.9e-29  101.7  11.5   3   5   4.3e-11   3.4e-09   35.0   0.1    78   145   118   185   113   186 0.94 -
TRINITY_DN4699_c0_g1_i2:25-870     -            282 46948at7898          -            454   1.9e-29  101.7  11.5   4   5   4.2e-06   0.00034   18.5   0.1    79   134   185   241   182   248 0.88 -
TRINITY_DN4699_c0_g1_i2:25-870     -            282 46948at7898          -            454   1.9e-29  101.7  11.5   5   5     0.009      0.72    7.5   0.0   106   138   246   278   235   281 0.64 -
TRINITY_DN4699_c0_g1_i1:25-864     -            280 46948at7898          -            454   4.3e-29  100.6  11.2   1   4   1.3e-10   1.1e-08   33.4   0.2    74   140    14    80     2    86 0.86 -
TRINITY_DN4699_c0_g1_i1:25-864     -            280 46948at7898          -            454   4.3e-29  100.6  11.2   2   4   2.4e-11   1.9e-09   35.8   0.3    81   152    54   126    53   132 0.92 -
TRINITY_DN4699_c0_g1_i1:25-864     -            280 46948at7898          -            454   4.3e-29  100.6  11.2   3   4   4.6e-11   3.7e-09   34.9   0.1    78   145   118   185   114   186 0.94 -
TRINITY_DN4699_c0_g1_i1:25-864     -            280 46948at7898          -            454   4.3e-29  100.6  11.2   4   4     6e-06   0.00048   18.0   0.1    79   133   185   240   182   246 0.90 -
TRINITY_DN16079_c0_g1_i6:2-772     -            257 46948at7898          -            454   6.4e-29  100.0   2.8   1   4   3.9e-05    0.0031   15.3   0.0    91   137     3    49     1    53 0.93 -
TRINITY_DN16079_c0_g1_i6:2-772     -            257 46948at7898          -            454   6.4e-29  100.0   2.8   2   4   1.1e-06     9e-05   20.4   0.0   210   263    58   114    52   118 0.87 -
TRINITY_DN16079_c0_g1_i6:2-772     -            257 46948at7898          -            454   6.4e-29  100.0   2.8   3   4   3.7e-10     3e-08   31.9   0.0    79   264   119   181   116   184 0.59 -
TRINITY_DN16079_c0_g1_i6:2-772     -            257 46948at7898          -            454   6.4e-29  100.0   2.8   4   4   3.9e-09   3.1e-07   28.5   0.3    78   138   184   244   182   247 0.96 -
TRINITY_DN26419_c0_g1_i1:6-740     -            245 46948at7898          -            454   8.3e-29   99.6   5.6   1   5   6.9e-06   0.00055   17.8   0.0   106   138     2    34     1    35 0.93 -
TRINITY_DN26419_c0_g1_i1:6-740     -            245 46948at7898          -            454   8.3e-29   99.6   5.6   2   5   7.9e-06   0.00064   17.6   0.1   100   141    29    70    28    71 0.89 -
TRINITY_DN26419_c0_g1_i1:6-740     -            245 46948at7898          -            454   8.3e-29   99.6   5.6   3   5   2.1e-12   1.6e-10   39.3   0.2   196   265    64   137    62   145 0.88 -
TRINITY_DN26419_c0_g1_i1:6-740     -            245 46948at7898          -            454   8.3e-29   99.6   5.6   4   5   1.8e-08   1.4e-06   26.3   0.0    82   149   143   210   136   211 0.93 -
TRINITY_DN26419_c0_g1_i1:6-740     -            245 46948at7898          -            454   8.3e-29   99.6   5.6   5   5   1.1e-05   0.00086   17.2   0.0    63   118   190   245   187   245 0.58 -
TRINITY_DN26419_c0_g1_i2:6-740     -            245 46948at7898          -            454   8.3e-29   99.6   5.6   1   5   6.9e-06   0.00055   17.8   0.0   106   138     2    34     1    35 0.93 -
TRINITY_DN26419_c0_g1_i2:6-740     -            245 46948at7898          -            454   8.3e-29   99.6   5.6   2   5   7.9e-06   0.00064   17.6   0.1   100   141    29    70    28    71 0.89 -
TRINITY_DN26419_c0_g1_i2:6-740     -            245 46948at7898          -            454   8.3e-29   99.6   5.6   3   5   2.1e-12   1.6e-10   39.3   0.2   196   265    64   137    62   145 0.88 -
TRINITY_DN26419_c0_g1_i2:6-740     -            245 46948at7898          -            454   8.3e-29   99.6   5.6   4   5   1.8e-08   1.4e-06   26.3   0.0    82   149   143   210   136   211 0.93 -
TRINITY_DN26419_c0_g1_i2:6-740     -            245 46948at7898          -            454   8.3e-29   99.6   5.6   5   5   1.1e-05   0.00086   17.2   0.0    63   118   190   245   187   245 0.58 -
TRINITY_DN11475_c0_g1_i3:202-777   -            192 46948at7898          -            454   5.8e-28   96.9   0.2   1   3   7.3e-16   5.9e-14   50.7   0.1    78   149     2    73     1    74 0.96 -
TRINITY_DN11475_c0_g1_i3:202-777   -            192 46948at7898          -            454   5.8e-28   96.9   0.2   2   3   5.8e-11   4.7e-09   34.5   0.0    76   137    66   127    64   131 0.96 -
TRINITY_DN11475_c0_g1_i3:202-777   -            192 46948at7898          -            454   5.8e-28   96.9   0.2   3   3   3.1e-05    0.0025   15.7   0.0    74   129   130   184   126   192 0.73 -
TRINITY_DN11475_c0_g1_i5:82-738    -            219 46948at7898          -            454   1.5e-27   95.5   0.5   1   3   3.7e-16     3e-14   51.7   0.2    76   149    40   113     7   114 0.90 -
TRINITY_DN11475_c0_g1_i5:82-738    -            219 46948at7898          -            454   1.5e-27   95.5   0.5   2   3   7.5e-11     6e-09   34.2   0.0    76   137   106   167   104   171 0.96 -
TRINITY_DN11475_c0_g1_i5:82-738    -            219 46948at7898          -            454   1.5e-27   95.5   0.5   3   3   0.00012    0.0095   13.7   0.0    74   118   170   214   166   218 0.66 -
TRINITY_DN26419_c0_g4_i1:340-1368  -            343 46948at7898          -            454   9.1e-26   89.6   8.8   1   5   4.4e-08   3.5e-06   25.0   0.1   198   293     7   106     1   108 0.78 -
TRINITY_DN26419_c0_g4_i1:340-1368  -            343 46948at7898          -            454   9.1e-26   89.6   8.8   2   5     0.001     0.082   10.7   0.0   204   285    80   162    75   166 0.75 -
TRINITY_DN26419_c0_g4_i1:340-1368  -            343 46948at7898          -            454   9.1e-26   89.6   8.8   3   5    0.0011     0.086   10.6   0.0   115   153   163   201   161   205 0.89 -
TRINITY_DN26419_c0_g4_i1:340-1368  -            343 46948at7898          -            454   9.1e-26   89.6   8.8   4   5   1.2e-09   9.7e-08   30.2   0.4    66   143   180   258   175   265 0.85 -
TRINITY_DN26419_c0_g4_i1:340-1368  -            343 46948at7898          -            454   9.1e-26   89.6   8.8   5   5   5.6e-09   4.5e-07   28.0   0.2    74   153   258   337   253   343 0.80 -
TRINITY_DN6584_c0_g1_i2:0-785      -            262 46948at7898          -            454   3.4e-25   87.7   6.3   1   2   2.7e-15   2.2e-13   48.8   1.5    49   153    33   138     7   164 0.80 -
TRINITY_DN6584_c0_g1_i2:0-785      -            262 46948at7898          -            454   3.4e-25   87.7   6.3   2   2   1.3e-12     1e-10   40.0   0.2    71   139   190   259   166   261 0.86 -
TRINITY_DN14934_c0_g1_i1:1296-2204 -            303 46948at7898          -            454   4.2e-25   87.4  11.2   1   4   8.3e-06   0.00066   17.6   0.1   112   139    58    85    32    88 0.80 -
TRINITY_DN14934_c0_g1_i1:1296-2204 -            303 46948at7898          -            454   4.2e-25   87.4  11.2   2   4   1.5e-08   1.2e-06   26.6   0.3    74   146    86   158    84   162 0.93 -
TRINITY_DN14934_c0_g1_i1:1296-2204 -            303 46948at7898          -            454   4.2e-25   87.4  11.2   3   4   5.8e-08   4.6e-06   24.7   0.4    91   147   170   226   156   228 0.90 -
TRINITY_DN14934_c0_g1_i1:1296-2204 -            303 46948at7898          -            454   4.2e-25   87.4  11.2   4   4   6.4e-11   5.1e-09   34.4   2.0   206   308   192   297   186   303 0.80 -
TRINITY_DN14934_c0_g1_i7:289-1197  -            303 46948at7898          -            454   4.2e-25   87.4  11.2   1   4   8.3e-06   0.00066   17.6   0.1   112   139    58    85    32    88 0.80 -
TRINITY_DN14934_c0_g1_i7:289-1197  -            303 46948at7898          -            454   4.2e-25   87.4  11.2   2   4   1.5e-08   1.2e-06   26.6   0.3    74   146    86   158    84   162 0.93 -
TRINITY_DN14934_c0_g1_i7:289-1197  -            303 46948at7898          -            454   4.2e-25   87.4  11.2   3   4   5.8e-08   4.6e-06   24.7   0.4    91   147   170   226   156   228 0.90 -
TRINITY_DN14934_c0_g1_i7:289-1197  -            303 46948at7898          -            454   4.2e-25   87.4  11.2   4   4   6.4e-11   5.1e-09   34.4   2.0   206   308   192   297   186   303 0.80 -
TRINITY_DN6584_c0_g1_i4:0-785      -            262 46948at7898          -            454   6.8e-25   86.7   6.1   1   2   2.7e-15   2.2e-13   48.8   1.5    49   153    33   138     7   164 0.80 -
TRINITY_DN6584_c0_g1_i4:0-785      -            262 46948at7898          -            454   6.8e-25   86.7   6.1   2   2   2.8e-12   2.3e-10   38.9   0.2    71   139   190   259   166   261 0.86 -
TRINITY_DN6584_c0_g1_i1:0-785      -            262 46948at7898          -            454   7.5e-25   86.6   5.5   1   2   4.5e-15   3.6e-13   48.1   1.3    49   153    33   138     9   164 0.80 -
TRINITY_DN6584_c0_g1_i1:0-785      -            262 46948at7898          -            454   7.5e-25   86.6   5.5   2   2   2.9e-12   2.3e-10   38.8   0.2    72   139   191   259   167   261 0.87 -
TRINITY_DN14934_c0_g1_i6:1069-1956 -            296 46948at7898          -            454   1.7e-24   85.5  10.4   1   4   8.1e-06   0.00065   17.6   0.1   112   139    62    89    31    91 0.80 -
TRINITY_DN14934_c0_g1_i6:1069-1956 -            296 46948at7898          -            454   1.7e-24   85.5  10.4   2   4   1.3e-08   1.1e-06   26.8   0.3    74   146    90   162    88   170 0.92 -
TRINITY_DN14934_c0_g1_i6:1069-1956 -            296 46948at7898          -            454   1.7e-24   85.5  10.4   3   4   5.4e-08   4.3e-06   24.8   0.4    91   147   174   230   160   232 0.90 -
TRINITY_DN14934_c0_g1_i6:1069-1956 -            296 46948at7898          -            454   1.7e-24   85.5  10.4   4   4   3.1e-07   2.5e-05   22.2   0.1   237   301   230   294   228   296 0.81 -
TRINITY_DN14934_c0_g1_i3:1069-1953 -            295 46948at7898          -            454   1.8e-24   85.3  10.5   1   4     8e-06   0.00064   17.6   0.1   112   139    61    88    30    90 0.80 -
TRINITY_DN14934_c0_g1_i3:1069-1953 -            295 46948at7898          -            454   1.8e-24   85.3  10.5   2   4   1.3e-08   1.1e-06   26.8   0.3    74   146    89   161    87   169 0.92 -
TRINITY_DN14934_c0_g1_i3:1069-1953 -            295 46948at7898          -            454   1.8e-24   85.3  10.5   3   4     8e-08   6.4e-06   24.2   0.3    93   147   175   229   168   231 0.94 -
TRINITY_DN14934_c0_g1_i3:1069-1953 -            295 46948at7898          -            454   1.8e-24   85.3  10.5   4   4   3.1e-07   2.5e-05   22.3   0.1   237   301   229   293   227   295 0.81 -
TRINITY_DN11069_c0_g1_i2:23-766    -            248 46948at7898          -            454   2.2e-24   85.0   8.0   1   3     8e-09   6.4e-07   27.5   0.0    53   139     3    91     1    95 0.91 -
TRINITY_DN11069_c0_g1_i2:23-766    -            248 46948at7898          -            454   2.2e-24   85.0   8.0   2   3   1.8e-12   1.4e-10   39.5   0.6    51   140    69   159    69   167 0.94 -
TRINITY_DN11069_c0_g1_i2:23-766    -            248 46948at7898          -            454   2.2e-24   85.0   8.0   3   3   3.5e-11   2.8e-09   35.3   0.3    54   154   139   239   136   245 0.92 -
TRINITY_DN35448_c1_g2_i1:9-866     -            286 46948at7898          -            454   9.8e-24   82.9   0.7   1   3   6.7e-09   5.4e-07   27.7   0.1    55   139     9    94     3   103 0.84 -
TRINITY_DN35448_c1_g2_i1:9-866     -            286 46948at7898          -            454   9.8e-24   82.9   0.7   2   3   3.4e-11   2.7e-09   35.3   0.0    48   140   101   194    96   214 0.87 -
TRINITY_DN35448_c1_g2_i1:9-866     -            286 46948at7898          -            454   9.8e-24   82.9   0.7   3   3   3.6e-05    0.0029   15.4   0.0    57   131   210   284   198   286 0.66 -
TRINITY_DN6513_c0_g2_i5:1419-2207  -            263 46948at7898          -            454   2.3e-23   81.7   6.0   1   3   6.2e-08     5e-06   24.6   0.1   206   278     2    77     1    80 0.74 -
TRINITY_DN6513_c0_g2_i5:1419-2207  -            263 46948at7898          -            454   2.3e-23   81.7   6.0   2   3   3.1e-08   2.5e-06   25.6   0.1    57   133    78   154    75   158 0.89 -
TRINITY_DN6513_c0_g2_i5:1419-2207  -            263 46948at7898          -            454   2.3e-23   81.7   6.0   3   3   2.2e-11   1.8e-09   35.9   0.7    53   152   140   243   137   262 0.82 -
TRINITY_DN6513_c0_g2_i7:2514-3302  -            263 46948at7898          -            454   2.3e-23   81.7   6.0   1   3   6.2e-08     5e-06   24.6   0.1   206   278     2    77     1    80 0.74 -
TRINITY_DN6513_c0_g2_i7:2514-3302  -            263 46948at7898          -            454   2.3e-23   81.7   6.0   2   3   3.1e-08   2.5e-06   25.6   0.1    57   133    78   154    75   158 0.89 -
TRINITY_DN6513_c0_g2_i7:2514-3302  -            263 46948at7898          -            454   2.3e-23   81.7   6.0   3   3   2.2e-11   1.8e-09   35.9   0.7    53   152   140   243   137   262 0.82 -
TRINITY_DN26946_c0_g1_i1:24-941    -            306 46948at7898          -            454   3.9e-23   80.9  12.2   1   4     0.014       1.1    6.9   0.0   233   265     1    33     1    35 0.89 -
TRINITY_DN26946_c0_g1_i1:24-941    -            306 46948at7898          -            454   3.9e-23   80.9  12.2   2   4   4.1e-07   3.3e-05   21.9   0.2   196   267    26   104    24   116 0.79 -
TRINITY_DN26946_c0_g1_i1:24-941    -            306 46948at7898          -            454   3.9e-23   80.9  12.2   3   4   2.5e-09     2e-07   29.2   0.6    52   136   111   195   102   195 0.89 -
TRINITY_DN26946_c0_g1_i1:24-941    -            306 46948at7898          -            454   3.9e-23   80.9  12.2   4   4   1.9e-11   1.5e-09   36.2   1.0    62   167   187   292   184   301 0.94 -
TRINITY_DN16079_c0_g1_i8:1493-2059 -            189 46948at7898          -            454   4.6e-23   80.7   1.8   1   3   2.4e-11   1.9e-09   35.8   0.1    63   138    13    88     1    96 0.94 -
TRINITY_DN16079_c0_g1_i8:1493-2059 -            189 46948at7898          -            454   4.6e-23   80.7   1.8   2   3   1.3e-10   1.1e-08   33.4   0.1   202   277    92   170    85   173 0.82 -
TRINITY_DN16079_c0_g1_i8:1493-2059 -            189 46948at7898          -            454   4.6e-23   80.7   1.8   3   3   2.4e-07   1.9e-05   22.6   0.0   206   260   129   186   128   188 0.84 -
TRINITY_DN36763_c1_g1_i1:72-650    -            193 46948at7898          -            454   5.4e-23   80.5   3.8   1   4   5.2e-06   0.00042   18.2   0.1   206   264     5    68     1    71 0.82 -
TRINITY_DN36763_c1_g1_i1:72-650    -            193 46948at7898          -            454   5.4e-23   80.5   3.8   2   4   7.6e-11   6.1e-09   34.2   0.2   196   276    29   113    18   116 0.87 -
TRINITY_DN36763_c1_g1_i1:72-650    -            193 46948at7898          -            454   5.4e-23   80.5   3.8   3   4   3.1e-10   2.5e-08   32.1   0.0    77   151    70   144    67   161 0.92 -
TRINITY_DN36763_c1_g1_i1:72-650    -            193 46948at7898          -            454   5.4e-23   80.5   3.8   4   4   0.00011    0.0092   13.8   0.0    93   139   119   165   116   180 0.93 -
TRINITY_DN18260_c1_g2_i2:389-1375  -            329 46948at7898          -            454   1.1e-22   79.5  23.5   1   5   2.1e-08   1.6e-06   26.1   1.4    54   139     8    97     1   104 0.85 -
TRINITY_DN18260_c1_g2_i2:389-1375  -            329 46948at7898          -            454   1.1e-22   79.5  23.5   2   5   4.4e-10   3.5e-08   31.6   2.6    54   130    78   154    75   163 0.91 -
TRINITY_DN18260_c1_g2_i2:389-1375  -            329 46948at7898          -            454   1.1e-22   79.5  23.5   3   5     0.013       1.1    7.0   0.0   232   257   170   195   165   200 0.82 -
TRINITY_DN18260_c1_g2_i2:389-1375  -            329 46948at7898          -            454   1.1e-22   79.5  23.5   4   5   1.2e-09   9.5e-08   30.2   3.8    80   167   206   295   198   307 0.86 -
TRINITY_DN18260_c1_g2_i2:389-1375  -            329 46948at7898          -            454   1.1e-22   79.5  23.5   5   5      0.07       5.6    4.6   0.1    51    97   278   325   274   329 0.79 -
TRINITY_DN3820_c0_g1_i10:1149-1999 -            262 46948at7898          -            454   6.4e-22   76.9   8.0   1   3     3e-11   2.4e-09   35.5   0.8    83   154     2    71     1    75 0.91 -
TRINITY_DN3820_c0_g1_i10:1149-1999 -            262 46948at7898          -            454   6.4e-22   76.9   8.0   2   3   2.3e-09   1.9e-07   29.3   2.1    52   139    70   163    69   167 0.81 -
TRINITY_DN3820_c0_g1_i10:1149-1999 -            262 46948at7898          -            454   6.4e-22   76.9   8.0   3   3   0.00084     0.067   10.9   0.0   238   275   171   208   168   219 0.83 -
TRINITY_DN3820_c0_g1_i7:1039-1889  -            262 46948at7898          -            454   6.4e-22   76.9   8.0   1   3     3e-11   2.4e-09   35.5   0.8    83   154     2    71     1    75 0.91 -
TRINITY_DN3820_c0_g1_i7:1039-1889  -            262 46948at7898          -            454   6.4e-22   76.9   8.0   2   3   2.3e-09   1.9e-07   29.3   2.1    52   139    70   163    69   167 0.81 -
TRINITY_DN3820_c0_g1_i7:1039-1889  -            262 46948at7898          -            454   6.4e-22   76.9   8.0   3   3   0.00084     0.067   10.9   0.0   238   275   171   208   168   219 0.83 -
TRINITY_DN11069_c0_g1_i1:23-796    -            258 46948at7898          -            454   1.7e-20   72.2   2.9   1   3   9.4e-09   7.5e-07   27.3   0.0    53   139     3    91     1    94 0.91 -
TRINITY_DN11069_c0_g1_i1:23-796    -            258 46948at7898          -            454   1.7e-20   72.2   2.9   2   3    0.0046      0.36    8.5   0.0   233   264    95   127    92   134 0.80 -
TRINITY_DN11069_c0_g1_i1:23-796    -            258 46948at7898          -            454   1.7e-20   72.2   2.9   3   3   5.5e-11   4.4e-09   34.6   0.3    52   151   157   256   145   258 0.86 -
TRINITY_DN20512_c0_g2_i1:1-723     -            241 46948at7898          -            454   8.5e-20   69.9   0.3   1   3   4.4e-09   3.5e-07   28.4   0.1    94   167     4    77     2    79 0.87 -
TRINITY_DN20512_c0_g2_i1:1-723     -            241 46948at7898          -            454   8.5e-20   69.9   0.3   2   3   5.5e-08   4.4e-06   24.7   0.0    65   139    74   156    70   163 0.79 -
TRINITY_DN20512_c0_g2_i1:1-723     -            241 46948at7898          -            454   8.5e-20   69.9   0.3   3   3   0.00039     0.031   12.0   0.0   238   276   164   202   157   229 0.60 -
TRINITY_DN14679_c1_g1_i1:14-598    -            195 46948at7898          -            454   1.4e-19   69.2   0.5   1   3   1.6e-05    0.0012   16.7   0.0   108   150     4    46     1    53 0.84 -
TRINITY_DN14679_c1_g1_i1:14-598    -            195 46948at7898          -            454   1.4e-19   69.2   0.5   2   3   4.4e-12   3.5e-10   38.2   0.1    62   146    57   142    44   143 0.85 -
TRINITY_DN14679_c1_g1_i1:14-598    -            195 46948at7898          -            454   1.4e-19   69.2   0.5   3   3   0.00011    0.0088   13.8   0.0   230   274   136   180   134   186 0.86 -
TRINITY_DN11443_c0_g1_i1:310-882   -            191 46948at7898          -            454   6.4e-19   67.0   5.7   1   2   1.9e-12   1.6e-10   39.4   1.2    53   137     9    93     3    97 0.94 -
TRINITY_DN11443_c0_g1_i1:310-882   -            191 46948at7898          -            454   6.4e-19   67.0   5.7   2   2   3.6e-09   2.9e-07   28.6   0.2    52   138   106   191   101   191 0.94 -
TRINITY_DN11443_c0_g1_i3:250-882   -            211 46948at7898          -            454   9.5e-19   66.5   5.8   1   2   2.5e-12     2e-10   39.1   1.4    53   138    29   114    21   122 0.94 -
TRINITY_DN11443_c0_g1_i3:250-882   -            211 46948at7898          -            454   9.5e-19   66.5   5.8   2   2     4e-09   3.2e-07   28.5   0.2    51   138   125   211   118   211 0.93 -
TRINITY_DN9639_c0_g1_i2:66-854     -            263 46948at7898          -            454     3e-18   64.8   5.0   1   3    0.0014      0.11   10.2   0.0   108   136     3    31     1    78 0.74 -
TRINITY_DN9639_c0_g1_i2:66-854     -            263 46948at7898          -            454     3e-18   64.8   5.0   2   3      0.77        62    1.2   0.0   202   247    38    86    32   101 0.68 -
TRINITY_DN9639_c0_g1_i2:66-854     -            263 46948at7898          -            454     3e-18   64.8   5.0   3   3   6.7e-14   5.3e-12   44.2   2.6    67   226    97   263    76   263 0.79 -
TRINITY_DN6914_c1_g1_i1:375-950    -            192 46948at7898          -            454   9.9e-18   63.1   4.3   1   2   2.5e-08     2e-06   25.9   0.9    51   138     8    96     4   102 0.89 -
TRINITY_DN6914_c1_g1_i1:375-950    -            192 46948at7898          -            454   9.9e-18   63.1   4.3   2   2   2.3e-12   1.8e-10   39.2   0.3    74   164    98   187    94   192 0.89 -
TRINITY_DN24765_c2_g3_i1:19-630    -            204 46948at7898          -            454   2.1e-17   62.1   0.3   1   3      0.03       2.4    5.8   0.1   115   141     5    31     2    55 0.67 -
TRINITY_DN24765_c2_g3_i1:19-630    -            204 46948at7898          -            454   2.1e-17   62.1   0.3   2   3   2.3e-09   1.8e-07   29.3   0.0    60   152    50   144    36   149 0.87 -
TRINITY_DN24765_c2_g3_i1:19-630    -            204 46948at7898          -            454   2.1e-17   62.1   0.3   3   3     1e-10   8.4e-09   33.7   0.0    63   135   121   193   107   197 0.90 -
TRINITY_DN5165_c0_g2_i1:0-986      -            329 46948at7898          -            454   2.3e-17   61.9   4.2   1   4     0.076       6.1    4.5   0.0   232   256    31    55    16    62 0.82 -
TRINITY_DN5165_c0_g2_i1:0-986      -            329 46948at7898          -            454   2.3e-17   61.9   4.2   2   4   2.7e-08   2.2e-06   25.7   0.3    84   147    81   144    63   149 0.85 -
TRINITY_DN5165_c0_g2_i1:0-986      -            329 46948at7898          -            454   2.3e-17   61.9   4.2   3   4   2.2e-08   1.8e-06   26.0   0.1    59   137   122   200   116   202 0.69 -
TRINITY_DN5165_c0_g2_i1:0-986      -            329 46948at7898          -            454   2.3e-17   61.9   4.2   4   4     5e-08     4e-06   24.9   0.0    64   135   160   230   148   242 0.88 -
TRINITY_DN28299_c0_g2_i1:1-963     -            321 46948at7898          -            454   3.2e-17   61.4  11.3   1   4     0.031       2.5    5.8   0.1   206   262     9    70     3    75 0.72 -
TRINITY_DN28299_c0_g2_i1:1-963     -            321 46948at7898          -            454   3.2e-17   61.4  11.3   2   4   3.1e-05    0.0025   15.7   0.1   111   150    77   116    70   123 0.78 -
TRINITY_DN28299_c0_g2_i1:1-963     -            321 46948at7898          -            454   3.2e-17   61.4  11.3   3   4   8.6e-08   6.8e-06   24.1   0.5    76   140   108   172   104   184 0.92 -
TRINITY_DN28299_c0_g2_i1:1-963     -            321 46948at7898          -            454   3.2e-17   61.4  11.3   4   4   2.3e-08   1.8e-06   26.0   0.5    77   170   175   269   170   282 0.78 -
TRINITY_DN3820_c0_g2_i2:5-652      -            216 46948at7898          -            454   2.7e-16   58.4  13.6   1   3   8.2e-07   6.6e-05   20.9   0.6    94   139     4    49     2    51 0.93 -
TRINITY_DN3820_c0_g2_i2:5-652      -            216 46948at7898          -            454   2.7e-16   58.4  13.6   2   3   4.5e-09   3.6e-07   28.3   1.9    82   141    57   116    48   121 0.93 -
TRINITY_DN3820_c0_g2_i2:5-652      -            216 46948at7898          -            454   2.7e-16   58.4  13.6   3   3   1.4e-09   1.1e-07   30.0   0.2    82   153    90   160    88   203 0.85 -
TRINITY_DN26419_c0_g3_i1:1066-1761 -            232 46948at7898          -            454   3.5e-16   58.0  12.2   1   3     0.012      0.94    7.2   0.0   109   134    23    48     2    62 0.57 -
TRINITY_DN26419_c0_g3_i1:1066-1761 -            232 46948at7898          -            454   3.5e-16   58.0  12.2   2   3   1.4e-09   1.1e-07   30.0   1.1    81   165    60   146    52   151 0.75 -
TRINITY_DN26419_c0_g3_i1:1066-1761 -            232 46948at7898          -            454   3.5e-16   58.0  12.2   3   3   3.9e-09   3.1e-07   28.5   2.5    52   146   131   230   128   232 0.84 -
TRINITY_DN5165_c0_g1_i1:107-841    -            245 46948at7898          -            454   5.8e-16   57.3   1.4   1   3   2.6e-07   2.1e-05   22.5   0.1   202   278    26   115    13   117 0.75 -
TRINITY_DN5165_c0_g1_i1:107-841    -            245 46948at7898          -            454   5.8e-16   57.3   1.4   2   3   4.3e-06   0.00035   18.5   0.1    60   137   118   195   116   195 0.88 -
TRINITY_DN5165_c0_g1_i1:107-841    -            245 46948at7898          -            454   5.8e-16   57.3   1.4   3   3   1.8e-07   1.4e-05   23.0   0.0    77   135   168   225   151   236 0.85 -
TRINITY_DN837_c0_g2_i1:1034-2113   -            360 46948at7898          -            454   1.3e-15   56.1  10.2   1   4      0.29        23    2.6   0.1    78   139     5    66     1    72 0.90 -
TRINITY_DN837_c0_g2_i1:1034-2113   -            360 46948at7898          -            454   1.3e-15   56.1  10.2   2   4   3.2e-09   2.5e-07   28.8   0.1    78   135   120   177   116   197 0.91 -
TRINITY_DN837_c0_g2_i1:1034-2113   -            360 46948at7898          -            454   1.3e-15   56.1  10.2   3   4     0.084       6.7    4.4   0.0   230   276   217   265   178   272 0.56 -
TRINITY_DN837_c0_g2_i1:1034-2113   -            360 46948at7898          -            454   1.3e-15   56.1  10.2   4   4   1.2e-08   9.3e-07   27.0   2.4    56   174   232   352   221   358 0.87 -
TRINITY_DN837_c0_g2_i2:1072-2151   -            360 46948at7898          -            454   1.3e-15   56.1  10.2   1   4      0.29        23    2.6   0.1    78   139     5    66     1    72 0.90 -
TRINITY_DN837_c0_g2_i2:1072-2151   -            360 46948at7898          -            454   1.3e-15   56.1  10.2   2   4   3.2e-09   2.5e-07   28.8   0.1    78   135   120   177   116   197 0.91 -
TRINITY_DN837_c0_g2_i2:1072-2151   -            360 46948at7898          -            454   1.3e-15   56.1  10.2   3   4     0.084       6.7    4.4   0.0   230   276   217   265   178   272 0.56 -
TRINITY_DN837_c0_g2_i2:1072-2151   -            360 46948at7898          -            454   1.3e-15   56.1  10.2   4   4   1.2e-08   9.3e-07   27.0   2.4    56   174   232   352   221   358 0.87 -
TRINITY_DN15811_c0_g2_i1:9-710     -            234 46948at7898          -            454   1.4e-15   56.1   0.0   1   3   7.5e-09     6e-07   27.6   0.0    48   142     8   103     3   108 0.87 -
TRINITY_DN15811_c0_g2_i1:9-710     -            234 46948at7898          -            454   1.4e-15   56.1   0.0   2   3   9.8e-10   7.9e-08   30.5   0.0   206   279    74   153    69   173 0.83 -
TRINITY_DN15811_c0_g2_i1:9-710     -            234 46948at7898          -            454   1.4e-15   56.1   0.0   3   3      0.19        15    3.2   0.0    63   105   189   232   163   234 0.57 -
TRINITY_DN23281_c0_g1_i1:5-829     -            275 46948at7898          -            454   1.3e-14   52.8   3.9   1   4   0.00088      0.07   10.9   0.0   110   147     6    43     1    50 0.61 -
TRINITY_DN23281_c0_g1_i1:5-829     -            275 46948at7898          -            454   1.3e-14   52.8   3.9   2   4   2.4e-07   1.9e-05   22.6   0.0   231   275    88   132    62   139 0.85 -
TRINITY_DN23281_c0_g1_i1:5-829     -            275 46948at7898          -            454   1.3e-14   52.8   3.9   3   4   0.00073     0.059   11.1   0.1    74   122   118   168   118   182 0.69 -
TRINITY_DN23281_c0_g1_i1:5-829     -            275 46948at7898          -            454   1.3e-14   52.8   3.9   4   4   0.00033     0.026   12.3   0.1    64   132   197   267   184   274 0.84 -
TRINITY_DN10947_c0_g1_i1:2420-3034 -            205 46948at7898          -            454   1.6e-14   52.6   0.7   1   3   1.4e-07   1.1e-05   23.4   0.0    60   138     7    86     1    94 0.90 -
TRINITY_DN10947_c0_g1_i1:2420-3034 -            205 46948at7898          -            454   1.6e-14   52.6   0.7   2   3   0.00024     0.019   12.7   0.0    62   121    76   135    74   138 0.95 -
TRINITY_DN10947_c0_g1_i1:2420-3034 -            205 46948at7898          -            454   1.6e-14   52.6   0.7   3   3   6.3e-07   5.1e-05   21.2   0.8    98   153   146   202   141   205 0.91 -
TRINITY_DN712_c0_g1_i7:580-1194    -            205 46948at7898          -            454   2.1e-14   52.1   2.6   1   2   1.9e-07   1.5e-05   22.9   0.4    77   172     3   101     1   107 0.90 -
TRINITY_DN712_c0_g1_i7:580-1194    -            205 46948at7898          -            454   2.1e-14   52.1   2.6   2   2   1.8e-09   1.4e-07   29.6   0.1    77   153   112   189   105   203 0.89 -
TRINITY_DN16079_c1_g2_i1:276-1028  -            251 46948at7898          -            454   4.6e-14   51.0   1.4   1   3   7.3e-07   5.9e-05   21.0   0.6    80   142    17    78     1    84 0.83 -
TRINITY_DN16079_c1_g2_i1:276-1028  -            251 46948at7898          -            454   4.6e-14   51.0   1.4   2   3   2.3e-11   1.9e-09   35.9   0.0    50   149    52   151    49   157 0.95 -
TRINITY_DN16079_c1_g2_i1:276-1028  -            251 46948at7898          -            454   4.6e-14   51.0   1.4   3   3         3   2.4e+02   -0.8   0.0   130   169   173   212   166   223 0.80 -
TRINITY_DN4214_c0_g1_i1:147-857    -            237 46948at7898          -            454   5.5e-14   50.8   0.1   1   2   2.4e-09   1.9e-07   29.2   0.0    77   147    24    94     6    95 0.90 -
TRINITY_DN4214_c0_g1_i1:147-857    -            237 46948at7898          -            454   5.5e-14   50.8   0.1   2   2   1.2e-07   9.8e-06   23.6   0.0   232   276    89   133    85   204 0.88 -
TRINITY_DN4214_c0_g1_i4:1469-2764  -            432 46948at7898          -            454   2.1e-13   48.9   0.1   1   2   2.7e-09   2.2e-07   29.1   0.0    77   147    16    86     2    87 0.92 -
TRINITY_DN4214_c0_g1_i4:1469-2764  -            432 46948at7898          -            454   2.1e-13   48.9   0.1   2   2   7.1e-07   5.7e-05   21.1   0.0   234   276    83   125    79   161 0.89 -
TRINITY_DN4214_c0_g1_i5:1470-2765  -            432 46948at7898          -            454   2.1e-13   48.9   0.1   1   2   2.7e-09   2.2e-07   29.1   0.0    77   147    16    86     2    87 0.92 -
TRINITY_DN4214_c0_g1_i5:1470-2765  -            432 46948at7898          -            454   2.1e-13   48.9   0.1   2   2   7.1e-07   5.7e-05   21.1   0.0   234   276    83   125    79   161 0.89 -
TRINITY_DN4214_c0_g1_i7:1456-2751  -            432 46948at7898          -            454   2.1e-13   48.9   0.1   1   2   2.7e-09   2.2e-07   29.1   0.0    77   147    16    86     2    87 0.92 -
TRINITY_DN4214_c0_g1_i7:1456-2751  -            432 46948at7898          -            454   2.1e-13   48.9   0.1   2   2   7.1e-07   5.7e-05   21.1   0.0   234   276    83   125    79   161 0.89 -
TRINITY_DN4214_c0_g1_i9:1461-2756  -            432 46948at7898          -            454   2.1e-13   48.9   0.1   1   2   2.7e-09   2.2e-07   29.1   0.0    77   147    16    86     2    87 0.92 -
TRINITY_DN4214_c0_g1_i9:1461-2756  -            432 46948at7898          -            454   2.1e-13   48.9   0.1   2   2   7.1e-07   5.7e-05   21.1   0.0   234   276    83   125    79   161 0.89 -
TRINITY_DN34969_c1_g2_i2:710-1297  -            196 46948at7898          -            454   2.2e-12   45.5   0.1   1   2   0.00016     0.013   13.3   0.0    74   121    35    82    20    90 0.92 -
TRINITY_DN34969_c1_g2_i2:710-1297  -            196 46948at7898          -            454   2.2e-12   45.5   0.1   2   2     1e-09   8.1e-08   30.5   0.0    62   139    89   170    82   181 0.86 -
TRINITY_DN34969_c1_g2_i1:732-1328  -            199 46948at7898          -            454   2.3e-12   45.5   0.0   1   2   0.00017     0.013   13.3   0.0    74   121    35    82    20    90 0.92 -
TRINITY_DN34969_c1_g2_i1:732-1328  -            199 46948at7898          -            454   2.3e-12   45.5   0.0   2   2     1e-09   8.4e-08   30.4   0.0    62   139    89   170    82   181 0.86 -
TRINITY_DN712_c0_g1_i15:815-1393   -            193 46948at7898          -            454   2.7e-12   45.2   2.3   1   2   2.8e-05    0.0023   15.8   0.3    82   171     3    95     1   101 0.72 -
TRINITY_DN712_c0_g1_i15:815-1393   -            193 46948at7898          -            454   2.7e-12   45.2   2.3   2   2     2e-09   1.6e-07   29.5   0.1    77   153   107   184    99   191 0.90 -
TRINITY_DN712_c0_g1_i6:601-1179    -            193 46948at7898          -            454   2.7e-12   45.2   2.3   1   2   2.8e-05    0.0023   15.8   0.3    82   171     3    95     1   101 0.72 -
TRINITY_DN712_c0_g1_i6:601-1179    -            193 46948at7898          -            454   2.7e-12   45.2   2.3   2   2     2e-09   1.6e-07   29.5   0.1    77   153   107   184    99   191 0.90 -
TRINITY_DN11578_c0_g2_i1:310-1008  -            233 46948at7898          -            454   7.9e-12   43.7   2.5   1   2   2.6e-08   2.1e-06   25.8   0.2    78   162    46   131    28   138 0.87 -
TRINITY_DN11578_c0_g2_i1:310-1008  -            233 46948at7898          -            454   7.9e-12   43.7   2.5   2   2   3.2e-06   0.00025   18.9   0.3   191   277   131   222   122   232 0.76 -
TRINITY_DN712_c0_g1_i18:767-1363   -            199 46948at7898          -            454   9.2e-12   43.5   2.6   1   2   3.6e-05    0.0029   15.5   0.2    84   171     3    93     1    97 0.75 -
TRINITY_DN712_c0_g1_i18:767-1363   -            199 46948at7898          -            454   9.2e-12   43.5   2.6   2   2   4.1e-09   3.3e-07   28.5   0.2    77   153   105   182    98   196 0.89 -
TRINITY_DN3721_c0_g1_i13:871-1587  -            239 46948at7898          -            454   1.5e-11   42.8   2.0   1   3     5e-05     0.004   15.0   0.0    74   126    29    81    21    91 0.88 -
TRINITY_DN3721_c0_g1_i13:871-1587  -            239 46948at7898          -            454   1.5e-11   42.8   2.0   2   3   0.00057     0.046   11.5   0.0   231   277   102   149    91   159 0.80 -
TRINITY_DN3721_c0_g1_i13:871-1587  -            239 46948at7898          -            454   1.5e-11   42.8   2.0   3   3   2.6e-05    0.0021   15.9   0.5    80   153   141   214   138   225 0.78 -
TRINITY_DN8907_c0_g1_i2:598-1224   -            209 46948at7898          -            454   1.6e-11   42.6   3.0   1   2     0.012      0.93    7.2   0.1   230   276    42    92    27   100 0.76 -
TRINITY_DN8907_c0_g1_i2:598-1224   -            209 46948at7898          -            454   1.6e-11   42.6   3.0   2   2   3.6e-11   2.8e-09   35.2   1.0    62   144   100   185    92   209 0.84 -
TRINITY_DN712_c0_g1_i4:779-1357    -            193 46948at7898          -            454     2e-11   42.3   2.3   1   2   8.5e-05    0.0068   14.2   0.2    55   101    41    87     7   109 0.68 -
TRINITY_DN712_c0_g1_i4:779-1357    -            193 46948at7898          -            454     2e-11   42.3   2.3   2   2   4.2e-09   3.4e-07   28.4   0.1    77   153   103   180    96   190 0.89 -
TRINITY_DN2431_c1_g1_i10:1659-2600 -            314 46948at7898          -            454     6e-11   40.8   3.9   1   4      0.17        14    3.3   0.0   231   270    31    70     7    76 0.84 -
TRINITY_DN2431_c1_g1_i10:1659-2600 -            314 46948at7898          -            454     6e-11   40.8   3.9   2   4   3.1e-05    0.0025   15.7   0.1    75   133    70   128    62   142 0.86 -
TRINITY_DN2431_c1_g1_i10:1659-2600 -            314 46948at7898          -            454     6e-11   40.8   3.9   3   4   2.9e-06   0.00023   19.0   0.1    58   141    86   174    79   179 0.81 -
TRINITY_DN2431_c1_g1_i10:1659-2600 -            314 46948at7898          -            454     6e-11   40.8   3.9   4   4   1.4e-05    0.0012   16.8   0.2    79   139   179   240   175   248 0.91 -
TRINITY_DN14679_c1_g3_i1:150-515   -            122 46948at7898          -            454   9.3e-11   40.1   0.1   1   2   7.4e-10   5.9e-08   30.9   0.2    51   138     8    95     6    98 0.93 -
TRINITY_DN14679_c1_g3_i1:150-515   -            122 46948at7898          -            454   9.3e-11   40.1   0.1   2   2     0.068       5.5    4.6   0.0   231   254    98   121    94   122 0.87 -
TRINITY_DN2431_c1_g1_i7:1659-2600  -            314 46948at7898          -            454   1.1e-10   39.9   5.8   1   3     0.001     0.084   10.6   0.1   205   261    40   100     6   101 0.66 -
TRINITY_DN2431_c1_g1_i7:1659-2600  -            314 46948at7898          -            454   1.1e-10   39.9   5.8   2   3   3.2e-07   2.6e-05   22.2   0.1    59   141    87   174    81   178 0.81 -
TRINITY_DN2431_c1_g1_i7:1659-2600  -            314 46948at7898          -            454   1.1e-10   39.9   5.8   3   3   1.5e-05    0.0012   16.7   0.2    79   139   179   240   174   247 0.91 -
TRINITY_DN25134_c0_g2_i1:35-352    -            106 46948at7898          -            454   3.5e-10   38.2   0.0   1   2   9.4e-10   7.5e-08   30.6   0.0    50   137     2    89     1    91 0.96 -
TRINITY_DN25134_c0_g2_i1:35-352    -            106 46948at7898          -            454   3.5e-10   38.2   0.0   2   2   0.00053     0.042   11.6   0.0   230   276    59   105    58   106 0.89 -
TRINITY_DN505_c1_g5_i1:194-805     -            204 46948at7898          -            454   4.1e-10   38.0   3.3   1   2   0.00051     0.041   11.7   0.0   231   263    26    58     9    62 0.83 -
TRINITY_DN505_c1_g5_i1:194-805     -            204 46948at7898          -            454   4.1e-10   38.0   3.3   2   2   4.1e-07   3.3e-05   21.8   2.2    59   161    76   180    60   191 0.80 -
TRINITY_DN15058_c0_g1_i1:387-1166  -            260 46948at7898          -            454   1.1e-09   36.7   1.9   1   3   1.5e-05    0.0012   16.7   0.2   196   275    24   109     8   111 0.73 -
TRINITY_DN15058_c0_g1_i1:387-1166  -            260 46948at7898          -            454   1.1e-09   36.7   1.9   2   3     0.024       1.9    6.1   0.1    76   135    99   157    76   189 0.66 -
TRINITY_DN15058_c0_g1_i1:387-1166  -            260 46948at7898          -            454   1.1e-09   36.7   1.9   3   3   7.1e-05    0.0057   14.5   0.0    58   106   211   259   198   260 0.85 -
TRINITY_DN712_c0_g1_i11:444-1040   -            199 46948at7898          -            454   1.3e-09   36.4   4.2   1   2   1.2e-07   9.8e-06   23.6   0.4    76   172    30   129    26   137 0.90 -
TRINITY_DN712_c0_g1_i11:444-1040   -            199 46948at7898          -            454   1.3e-09   36.4   4.2   2   2   7.2e-05    0.0058   14.5   0.3    78   134   141   198   136   199 0.81 -
TRINITY_DN3721_c0_g1_i7:345-941    -            199 46948at7898          -            454   4.7e-09   34.5   0.7   1   3   3.1e-05    0.0024   15.7   0.0    74   126    31    83    19    99 0.88 -
TRINITY_DN3721_c0_g1_i7:345-941    -            199 46948at7898          -            454   4.7e-09   34.5   0.7   2   3   0.00048     0.039   11.7   0.0   231   276   104   150    93   157 0.80 -
TRINITY_DN3721_c0_g1_i7:345-941    -            199 46948at7898          -            454   4.7e-09   34.5   0.7   3   3     0.031       2.4    5.8   0.1    81   135   144   198   140   199 0.52 -
TRINITY_DN2431_c1_g1_i12:1736-2338 -            201 46948at7898          -            454   6.1e-09   34.2   5.9   1   3    0.0019      0.15    9.8   0.1   208   261    10    67     4    68 0.76 -
TRINITY_DN2431_c1_g1_i12:1736-2338 -            201 46948at7898          -            454   6.1e-09   34.2   5.9   2   3   3.2e-07   2.5e-05   22.2   0.1    58   139    53   139    44   143 0.81 -
TRINITY_DN2431_c1_g1_i12:1736-2338 -            201 46948at7898          -            454   6.1e-09   34.2   5.9   3   3   0.00034     0.027   12.3   0.5    79   133   146   201   141   201 0.91 -
TRINITY_DN2431_c1_g1_i4:1758-2360  -            201 46948at7898          -            454   6.1e-09   34.2   5.9   1   3    0.0019      0.15    9.8   0.1   208   261    10    67     4    68 0.76 -
TRINITY_DN2431_c1_g1_i4:1758-2360  -            201 46948at7898          -            454   6.1e-09   34.2   5.9   2   3   3.2e-07   2.5e-05   22.2   0.1    58   139    53   139    44   143 0.81 -
TRINITY_DN2431_c1_g1_i4:1758-2360  -            201 46948at7898          -            454   6.1e-09   34.2   5.9   3   3   0.00034     0.027   12.3   0.5    79   133   146   201   141   201 0.91 -
TRINITY_DN2431_c1_g1_i6:1670-2272  -            201 46948at7898          -            454   6.1e-09   34.2   5.9   1   3    0.0019      0.15    9.8   0.1   208   261    10    67     4    68 0.76 -
TRINITY_DN2431_c1_g1_i6:1670-2272  -            201 46948at7898          -            454   6.1e-09   34.2   5.9   2   3   3.2e-07   2.5e-05   22.2   0.1    58   139    53   139    44   143 0.81 -
TRINITY_DN2431_c1_g1_i6:1670-2272  -            201 46948at7898          -            454   6.1e-09   34.2   5.9   3   3   0.00034     0.027   12.3   0.5    79   133   146   201   141   201 0.91 -
TRINITY_DN3721_c0_g1_i14:0-581     -            194 46948at7898          -            454   1.1e-08   33.3   0.6   1   3   2.8e-05    0.0023   15.8   0.1    74   126    41    93    14   102 0.89 -
TRINITY_DN3721_c0_g1_i14:0-581     -            194 46948at7898          -            454   1.1e-08   33.3   0.6   2   3   0.00058     0.046   11.5   0.0   230   275   113   159   102   162 0.79 -
TRINITY_DN3721_c0_g1_i14:0-581     -            194 46948at7898          -            454   1.1e-08   33.3   0.6   3   3   0.00023     0.019   12.8   0.1    80   139   119   179   117   194 0.54 -
TRINITY_DN837_c0_g2_i3:811-1440    -            210 46948at7898          -            454   7.4e-08   30.6   2.1   1   1   2.8e-09   2.2e-07   29.0   2.0    55   175    25   147    15   161 0.87 -
TRINITY_DN7158_c1_g1_i1:0-1013     -            338 46948at7898          -            454   2.4e-07   28.9   0.1   1   1   4.1e-09   3.3e-07   28.4   0.1    93   158   230   295   201   311 0.85 -
TRINITY_DN6504_c0_g2_i1:24-2261    -            746 46948at7898          -            454   4.1e-07   28.1   2.4   1   2      0.52        42    1.7   0.1    75   105   609   639   593   659 0.62 -
TRINITY_DN6504_c0_g2_i1:24-2261    -            746 46948at7898          -            454   4.1e-07   28.1   2.4   2   2   3.2e-08   2.5e-06   25.5   1.1    56   135   662   741   639   746 0.88 -
TRINITY_DN64338_c0_g1_i1:113-952   -            280 46948at7898          -            454   8.2e-07   27.1   0.2   1   3    0.0001    0.0081   14.0   0.0   222   274    14    73     1    79 0.72 -
TRINITY_DN64338_c0_g1_i1:113-952   -            280 46948at7898          -            454   8.2e-07   27.1   0.2   2   3    0.0024      0.19    9.4   0.0    82   139    70   127    62   133 0.89 -
TRINITY_DN64338_c0_g1_i1:113-952   -            280 46948at7898          -            454   8.2e-07   27.1   0.2   3   3      0.85        68    1.0   0.0   126   182   199   249   147   266 0.67 -
TRINITY_DN837_c0_g1_i1:2-577       -            192 46948at7898          -            454   9.9e-07   26.9   0.5   1   2   0.00085     0.068   10.9   0.0    92   134    22    64    15    85 0.79 -
TRINITY_DN837_c0_g1_i1:2-577       -            192 46948at7898          -            454   9.9e-07   26.9   0.5   2   2   7.2e-05    0.0057   14.5   0.2    63   136   118   192    96   192 0.79 -
TRINITY_DN427_c0_g3_i1:27-725      -            233 46948at7898          -            454   1.3e-06   26.5   7.4   1   2   4.2e-05    0.0033   15.2   0.4   204   278     3    83     1    84 0.86 -
TRINITY_DN427_c0_g3_i1:27-725      -            233 46948at7898          -            454   1.3e-06   26.5   7.4   2   2   5.1e-07   4.1e-05   21.6   1.7    74   252    35   229    32   232 0.70 -
TRINITY_DN4066_c0_g2_i5:1236-2921  -            562 46948at7898          -            454    0.0022   15.9   0.3   1   2   0.00081     0.065   11.0   0.0    80   140     1    66     1    73 0.70 -
TRINITY_DN4066_c0_g2_i5:1236-2921  -            562 46948at7898          -            454    0.0022   15.9   0.3   2   2      0.21        17    3.0   0.1    93   118    99   124    85   182 0.69 -
TRINITY_DN7205_c0_g4_i1:2-883      -            294 46948at7898          -            454    0.0024   15.7   0.1   1   1   0.00012    0.0096   13.7   0.1    93   156   179   250   165   282 0.65 -
#
# Program:         hmmsearch
# Version:         3.1b2 (February 2015)
# Pipeline mode:   SEARCH
# Query file:      /home/ericjuo/Projects/salmo_trutta_rna_seq/busco_downloads/lineages/actinopterygii_odb10/hmms/46948at7898.hmm
# Target file:     /home/ericjuo/Projects/salmo_trutta_rna_seq/data/02_intermediate/busco/run_actinopterygii_odb10/metaeuk_output/rerun_results/trinity.Trinity.fasta.modified.fas
# Option settings: hmmsearch --domtblout /home/ericjuo/Projects/salmo_trutta_rna_seq/data/02_intermediate/busco/run_actinopterygii_odb10/hmmer_output/rerun_results/46948at7898.out --cpu 1 /home/ericjuo/Projects/salmo_trutta_rna_seq/busco_downloads/lineages/actinopterygii_odb10/hmms/46948at7898.hmm /home/ericjuo/Projects/salmo_trutta_rna_seq/data/02_intermediate/busco/run_actinopterygii_odb10/metaeuk_output/rerun_results/trinity.Trinity.fasta.modified.fas 
# Current dir:     /home/ericjuo/Projects/salmo_trutta_rna_seq
# Date:            Fri Apr 29 13:04:39 2022
# [ok]
