#                                                                                         --- full sequence --- -------------- this domain -------------   hmm coord   ali coord   env coord
# target name                     accession   tlen query name           accession   qlen   E-value  score  bias   #  of  c-Evalue  i-Evalue  score  bias  from    to  from    to  from    to  acc description of target
#             ------------------- ---------- ----- -------------------- ---------- ----- --------- ------ ----- --- --- --------- --------- ------ ----- ----- ----- ----- ----- ----- ----- ---- ---------------------
TRINITY_DN6863_c0_g2_i1:3979-5313 -            445 48424at7898          -            455  1.1e-128  428.7  23.2   1   3   1.1e-46   2.6e-44  150.7   4.4     9   218    10   227     1   232 0.91 -
TRINITY_DN6863_c0_g2_i1:3979-5313 -            445 48424at7898          -            455  1.1e-128  428.7  23.2   2   3     5e-54   1.1e-51  174.9   2.1    11   250   126   380   125   385 0.87 -
TRINITY_DN6863_c0_g2_i1:3979-5313 -            445 48424at7898          -            455  1.1e-128  428.7  23.2   3   3   2.1e-40   4.8e-38  130.0   1.6     4   202   234   443   232   445 0.86 -
TRINITY_DN6863_c0_g2_i2:3979-5313 -            445 48424at7898          -            455  1.1e-128  428.7  23.2   1   3   1.1e-46   2.6e-44  150.7   4.4     9   218    10   227     1   232 0.91 -
TRINITY_DN6863_c0_g2_i2:3979-5313 -            445 48424at7898          -            455  1.1e-128  428.7  23.2   2   3     5e-54   1.1e-51  174.9   2.1    11   250   126   380   125   385 0.87 -
TRINITY_DN6863_c0_g2_i2:3979-5313 -            445 48424at7898          -            455  1.1e-128  428.7  23.2   3   3   2.1e-40   4.8e-38  130.0   1.6     4   202   234   443   232   445 0.86 -
TRINITY_DN6863_c0_g2_i1:2932-3969 -            346 48424at7898          -            455   1.6e-82  276.6  13.0   1   2   9.6e-46   2.2e-43  147.6   3.6     4   218     1   230     1   230 0.92 -
TRINITY_DN6863_c0_g2_i1:2932-3969 -            346 48424at7898          -            455   1.6e-82  276.6  13.0   2   2   4.7e-44   1.1e-41  142.0   2.0    10   218   128   346   117   346 0.90 -
TRINITY_DN6863_c0_g2_i2:2932-3969 -            346 48424at7898          -            455   1.6e-82  276.6  13.0   1   2   9.6e-46   2.2e-43  147.6   3.6     4   218     1   230     1   230 0.92 -
TRINITY_DN6863_c0_g2_i2:2932-3969 -            346 48424at7898          -            455   1.6e-82  276.6  13.0   2   2   4.7e-44   1.1e-41  142.0   2.0    10   218   128   346   117   346 0.90 -
TRINITY_DN6863_c0_g2_i1:1897-2913 -            339 48424at7898          -            455   7.7e-69  231.5   4.9   1   2   1.3e-50   2.9e-48  163.7   0.4     4   249     1   261     1   261 0.89 -
TRINITY_DN6863_c0_g2_i1:1897-2913 -            339 48424at7898          -            455   7.7e-69  231.5   4.9   2   2   1.9e-24   4.3e-22   77.4   0.4    84   218   204   339   203   339 0.90 -
TRINITY_DN6863_c0_g2_i2:1897-2913 -            339 48424at7898          -            455   7.7e-69  231.5   4.9   1   2   1.3e-50   2.9e-48  163.7   0.4     4   249     1   261     1   261 0.89 -
TRINITY_DN6863_c0_g2_i2:1897-2913 -            339 48424at7898          -            455   7.7e-69  231.5   4.9   2   2   1.9e-24   4.3e-22   77.4   0.4    84   218   204   339   203   339 0.90 -
TRINITY_DN7480_c0_g1_i1:1317-2582 -            422 48424at7898          -            455   1.8e-65  220.4   3.2   1   3   6.8e-24   1.5e-21   75.6   0.1     4   112     1   114     1   123 0.90 -
TRINITY_DN7480_c0_g1_i1:1317-2582 -            422 48424at7898          -            455   1.8e-65  220.4   3.2   2   3   1.6e-23   3.6e-21   74.4   0.1   111   224   155   274   135   286 0.89 -
TRINITY_DN7480_c0_g1_i1:1317-2582 -            422 48424at7898          -            455   1.8e-65  220.4   3.2   3   3   3.5e-22     8e-20   69.9   0.0    10   107   321   421   311   422 0.91 -
TRINITY_DN7480_c0_g1_i3:1323-2588 -            422 48424at7898          -            455   1.8e-65  220.4   3.2   1   3   6.8e-24   1.5e-21   75.6   0.1     4   112     1   114     1   123 0.90 -
TRINITY_DN7480_c0_g1_i3:1323-2588 -            422 48424at7898          -            455   1.8e-65  220.4   3.2   2   3   1.6e-23   3.6e-21   74.4   0.1   111   224   155   274   135   286 0.89 -
TRINITY_DN7480_c0_g1_i3:1323-2588 -            422 48424at7898          -            455   1.8e-65  220.4   3.2   3   3   3.5e-22     8e-20   69.9   0.0    10   107   321   421   311   422 0.91 -
TRINITY_DN7480_c0_g1_i5:678-1943  -            422 48424at7898          -            455   1.8e-65  220.4   3.2   1   3   6.8e-24   1.5e-21   75.6   0.1     4   112     1   114     1   123 0.90 -
TRINITY_DN7480_c0_g1_i5:678-1943  -            422 48424at7898          -            455   1.8e-65  220.4   3.2   2   3   1.6e-23   3.6e-21   74.4   0.1   111   224   155   274   135   286 0.89 -
TRINITY_DN7480_c0_g1_i5:678-1943  -            422 48424at7898          -            455   1.8e-65  220.4   3.2   3   3   3.5e-22     8e-20   69.9   0.0    10   107   321   421   311   422 0.91 -
TRINITY_DN3533_c0_g1_i2:108-905   -            266 48424at7898          -            455   1.9e-43  147.8   4.6   1   2   8.4e-24   1.9e-21   75.3   0.5   112   221    30   143    18   149 0.93 -
TRINITY_DN3533_c0_g1_i2:108-905   -            266 48424at7898          -            455   1.9e-43  147.8   4.6   2   2   1.3e-23     3e-21   74.6   0.3   111   220   151   266   146   266 0.90 -
TRINITY_DN7199_c0_g1_i1:7-1131    -            375 48424at7898          -            455   7.3e-43  145.9   0.0   1   2   1.3e-29   2.8e-27   94.5   0.0    27   219     1   211     1   221 0.89 -
TRINITY_DN7199_c0_g1_i1:7-1131    -            375 48424at7898          -            455   7.3e-43  145.9   0.0   2   2   2.8e-18   6.4e-16   57.1   0.0    11   140   104   250   102   264 0.82 -
TRINITY_DN236_c0_g1_i8:747-2429   -            561 48424at7898          -            455   2.9e-34  117.5  26.6   1   4   1.5e-18   3.3e-16   58.0   6.7     3   111     4   117     2   158 0.71 -
TRINITY_DN236_c0_g1_i8:747-2429   -            561 48424at7898          -            455   2.9e-34  117.5  26.6   2   4      0.47   1.1e+02    0.3   0.2    49    69   195   215   190   230 0.87 -
TRINITY_DN236_c0_g1_i8:747-2429   -            561 48424at7898          -            455   2.9e-34  117.5  26.6   3   4   1.4e-20   3.1e-18   64.7   2.6   110   221   323   437   316   443 0.86 -
TRINITY_DN236_c0_g1_i8:747-2429   -            561 48424at7898          -            455   2.9e-34  117.5  26.6   4   4     0.011       2.4    5.7   0.1   328   420   445   546   437   556 0.68 -
TRINITY_DN236_c0_g1_i8:1128-2474  -            449 48424at7898          -            455   5.2e-34  116.7  19.0   1   3   5.3e-19   1.2e-16   59.5   5.9     3   111    19   132    17   174 0.71 -
TRINITY_DN236_c0_g1_i8:1128-2474  -            449 48424at7898          -            455   5.2e-34  116.7  19.0   2   3      0.36        82    0.7   0.2    49    69   210   230   205   245 0.87 -
TRINITY_DN236_c0_g1_i8:1128-2474  -            449 48424at7898          -            455   5.2e-34  116.7  19.0   3   3   2.1e-20   4.8e-18   64.1   1.1   110   218   338   449   330   449 0.84 -
TRINITY_DN236_c0_g1_i9:747-2159   -            471 48424at7898          -            455   5.3e-34  116.7  28.5   1   4     7e-19   1.6e-16   59.1   5.7     4   111     5   117     2   159 0.72 -
TRINITY_DN236_c0_g1_i9:747-2159   -            471 48424at7898          -            455   5.3e-34  116.7  28.5   2   4      0.78   1.8e+02   -0.4   1.0    49    69   195   215   190   221 0.87 -
TRINITY_DN236_c0_g1_i9:747-2159   -            471 48424at7898          -            455   5.3e-34  116.7  28.5   3   4   6.3e-21   1.4e-18   65.8   2.5   107   221   230   347   212   353 0.85 -
TRINITY_DN236_c0_g1_i9:747-2159   -            471 48424at7898          -            455   5.3e-34  116.7  28.5   4   4    0.0081       1.8    6.1   0.1   328   421   355   457   348   466 0.68 -
TRINITY_DN236_c0_g1_i9:1128-2222  -            365 48424at7898          -            455   5.8e-33  113.2  23.2   1   3   5.6e-19   1.3e-16   59.4   5.9     4   111    26   138    23   170 0.71 -
TRINITY_DN236_c0_g1_i9:1128-2222  -            365 48424at7898          -            455   5.8e-33  113.2  23.2   2   3      0.61   1.4e+02   -0.1   1.0    49    68   216   235   211   241 0.87 -
TRINITY_DN236_c0_g1_i9:1128-2222  -            365 48424at7898          -            455   5.8e-33  113.2  23.2   3   3   1.4e-20   3.1e-18   64.7   1.5   108   218   252   365   236   365 0.84 -
TRINITY_DN4810_c1_g1_i5:683-1522  -            280 48424at7898          -            455   2.8e-29  101.1   0.2   1   1   1.5e-31   3.4e-29  100.8   0.2     3   219     4   241     2   251 0.86 -
TRINITY_DN4810_c1_g1_i7:454-1338  -            295 48424at7898          -            455   3.3e-29  100.9   0.2   1   1   1.8e-31     4e-29  100.6   0.2     3   219    19   256    17   266 0.86 -
TRINITY_DN4810_c1_g1_i2:461-1723  -            421 48424at7898          -            455   9.2e-29   99.4   0.2   1   1   5.3e-31   1.2e-28   99.0   0.2     3   219    21   258    19   268 0.86 -
TRINITY_DN4810_c1_g1_i3:461-1723  -            421 48424at7898          -            455   9.2e-29   99.4   0.2   1   1   5.3e-31   1.2e-28   99.0   0.2     3   219    21   258    19   268 0.86 -
TRINITY_DN25190_c0_g1_i1:2-889    -            296 48424at7898          -            455   8.9e-28   96.2   0.4   1   2    0.0069       1.6    6.3   0.0   295   325     4    35     2    42 0.86 -
TRINITY_DN25190_c0_g1_i1:2-889    -            296 48424at7898          -            455   8.9e-28   96.2   0.4   2   2   1.8e-25   4.1e-23   80.8   0.1    10   218    52   287    41   293 0.82 -
TRINITY_DN12668_c0_g1_i1:430-2772 -            781 48424at7898          -            455   1.7e-27   95.2   0.2   1   1   1.4e-29   3.2e-27   94.3   0.2    13   220   163   380   150   394 0.83 -
TRINITY_DN12668_c0_g1_i2:336-2678 -            781 48424at7898          -            455   1.7e-27   95.2   0.2   1   1   1.4e-29   3.2e-27   94.3   0.2    13   220   163   380   150   394 0.83 -
TRINITY_DN31173_c0_g1_i12:144-947 -            268 48424at7898          -            455   1.6e-25   88.7   6.9   1   3   5.4e-13   1.2e-10   39.6   0.3    11    66     1    57     1    67 0.88 -
TRINITY_DN31173_c0_g1_i12:144-947 -            268 48424at7898          -            455   1.6e-25   88.7   6.9   2   3   1.2e-05    0.0027   15.4   0.3   192   252    79   136    68   157 0.74 -
TRINITY_DN31173_c0_g1_i12:144-947 -            268 48424at7898          -            455   1.6e-25   88.7   6.9   3   3   5.4e-12   1.2e-09   36.4   0.0     9   108   165   266   154   268 0.82 -
TRINITY_DN31173_c0_g1_i6:144-947  -            268 48424at7898          -            455   1.6e-25   88.7   6.9   1   3   5.4e-13   1.2e-10   39.6   0.3    11    66     1    57     1    67 0.88 -
TRINITY_DN31173_c0_g1_i6:144-947  -            268 48424at7898          -            455   1.6e-25   88.7   6.9   2   3   1.2e-05    0.0027   15.4   0.3   192   252    79   136    68   157 0.74 -
TRINITY_DN31173_c0_g1_i6:144-947  -            268 48424at7898          -            455   1.6e-25   88.7   6.9   3   3   5.4e-12   1.2e-09   36.4   0.0     9   108   165   266   154   268 0.82 -
TRINITY_DN4008_c0_g1_i4:580-2871  -            764 48424at7898          -            455   1.1e-22   79.3   0.7   1   1   1.1e-24   2.5e-22   78.2   0.7    13   218   138   357   132   374 0.83 -
TRINITY_DN60175_c0_g1_i1:621-2834 -            738 48424at7898          -            455   2.7e-21   74.8   0.2   1   1   1.9e-23   4.3e-21   74.1   0.2    12   218   149   366   144   377 0.85 -
TRINITY_DN16416_c0_g1_i1:463-1824 -            454 48424at7898          -            455   7.2e-21   73.4   0.3   1   2   3.9e-08   8.8e-06   23.6   0.0    10   109    12   109     1   117 0.79 -
TRINITY_DN16416_c0_g1_i1:463-1824 -            454 48424at7898          -            455   7.2e-21   73.4   0.3   2   2   1.8e-15   4.1e-13   47.8   0.0   122   221   320   420   308   426 0.90 -
TRINITY_DN14625_c0_g1_i2:342-1364 -            341 48424at7898          -            455   5.4e-20   70.5   3.4   1   3   7.8e-12   1.8e-09   35.8   0.1    11    80    26    91    20   119 0.86 -
TRINITY_DN14625_c0_g1_i2:342-1364 -            341 48424at7898          -            455   5.4e-20   70.5   3.4   2   3      0.93   2.1e+02   -0.7   0.1   197   239   109   157    97   169 0.64 -
TRINITY_DN14625_c0_g1_i2:342-1364 -            341 48424at7898          -            455   5.4e-20   70.5   3.4   3   3   2.2e-11   4.9e-09   34.4   0.1   112   225   182   298   168   322 0.76 -
TRINITY_DN14625_c0_g1_i3:659-1681 -            341 48424at7898          -            455   5.4e-20   70.5   3.4   1   3   7.8e-12   1.8e-09   35.8   0.1    11    80    26    91    20   119 0.86 -
TRINITY_DN14625_c0_g1_i3:659-1681 -            341 48424at7898          -            455   5.4e-20   70.5   3.4   2   3      0.93   2.1e+02   -0.7   0.1   197   239   109   157    97   169 0.64 -
TRINITY_DN14625_c0_g1_i3:659-1681 -            341 48424at7898          -            455   5.4e-20   70.5   3.4   3   3   2.2e-11   4.9e-09   34.4   0.1   112   225   182   298   168   322 0.76 -
TRINITY_DN7390_c0_g1_i2:1555-2364 -            270 48424at7898          -            455   2.2e-10   38.8   0.0   1   2     1e-06   0.00023   18.9   0.0   119   221     3   116     1   138 0.74 -
TRINITY_DN7390_c0_g1_i2:1555-2364 -            270 48424at7898          -            455   2.2e-10   38.8   0.0   2   2     2e-06   0.00046   18.0   0.0   120   218   169   270   145   270 0.49 -
TRINITY_DN162_c0_g1_i7:532-2487   -            652 48424at7898          -            455     1e-07   30.0   0.4   1   3   0.00044     0.099   10.3   0.0    29    79     2    47     1    54 0.85 -
TRINITY_DN162_c0_g1_i7:532-2487   -            652 48424at7898          -            455     1e-07   30.0   0.4   2   3      0.29        65    1.0   0.0   293   321    59    92    44    95 0.71 -
TRINITY_DN162_c0_g1_i7:532-2487   -            652 48424at7898          -            455     1e-07   30.0   0.4   3   3   1.5e-05    0.0033   15.1   0.3   113   243   145   286   127   348 0.71 -
TRINITY_DN25487_c0_g1_i2:5-655    -            217 48424at7898          -            455   6.6e-07   27.3   0.0   1   1   3.9e-09   8.7e-07   26.9   0.0   230   310    57   146    47   169 0.63 -
TRINITY_DN25487_c0_g1_i1:5-655    -            217 48424at7898          -            455   7.3e-07   27.2   0.0   1   1   4.4e-09   9.9e-07   26.8   0.0   229   310    56   146    46   169 0.59 -
TRINITY_DN7390_c0_g1_i2:349-1890  -            514 48424at7898          -            455   1.4e-06   26.2   0.1   1   1   8.6e-09   1.9e-06   25.8   0.1    10   135    12   139     1   152 0.79 -
TRINITY_DN7445_c0_g1_i8:468-2630  -            721 48424at7898          -            455   0.00013   19.8   0.0   1   1   9.9e-07   0.00022   19.0   0.0    25   218   149   359   133   377 0.79 -
#
# Program:         hmmsearch
# Version:         3.1b2 (February 2015)
# Pipeline mode:   SEARCH
# Query file:      /home/ericjuo/Projects/salmo_trutta_rna_seq/busco_downloads/lineages/actinopterygii_odb10/hmms/48424at7898.hmm
# Target file:     /home/ericjuo/Projects/salmo_trutta_rna_seq/data/02_intermediate/busco/run_actinopterygii_odb10/metaeuk_output/rerun_results/trinity.Trinity.fasta.modified.fas
# Option settings: hmmsearch --domtblout /home/ericjuo/Projects/salmo_trutta_rna_seq/data/02_intermediate/busco/run_actinopterygii_odb10/hmmer_output/rerun_results/48424at7898.out --cpu 1 /home/ericjuo/Projects/salmo_trutta_rna_seq/busco_downloads/lineages/actinopterygii_odb10/hmms/48424at7898.hmm /home/ericjuo/Projects/salmo_trutta_rna_seq/data/02_intermediate/busco/run_actinopterygii_odb10/metaeuk_output/rerun_results/trinity.Trinity.fasta.modified.fas 
# Current dir:     /home/ericjuo/Projects/salmo_trutta_rna_seq
# Date:            Fri Apr 29 13:04:20 2022
# [ok]
