#                                                                                           --- full sequence --- -------------- this domain -------------   hmm coord   ali coord   env coord
# target name                       accession   tlen query name           accession   qlen   E-value  score  bias   #  of  c-Evalue  i-Evalue  score  bias  from    to  from    to  from    to  acc description of target
#               ------------------- ---------- ----- -------------------- ---------- ----- --------- ------ ----- --- --- --------- --------- ------ ----- ----- ----- ----- ----- ----- ----- ---- ---------------------
TRINITY_DN9706_c0_g2_i1:146-634     -            163 67503at7898          -            285   6.6e-69  231.0   6.2   1   2   6.8e-26   1.4e-23   82.3   1.3   150   201     1    53     1    57 0.94 -
TRINITY_DN9706_c0_g2_i1:146-634     -            163 67503at7898          -            285   6.6e-69  231.0   6.2   2   2   4.7e-47   9.6e-45  151.8   0.2   191   285    59   161    54   161 0.92 -
TRINITY_DN12522_c0_g1_i4:1091-2176  -            362 67503at7898          -            285   7.8e-58  194.7  20.3   1   7       3.4   6.9e+02   -2.0   0.0   177   186     1    10     1    21 0.80 -
TRINITY_DN12522_c0_g1_i4:1091-2176  -            362 67503at7898          -            285   7.8e-58  194.7  20.3   2   7   2.2e-07   4.5e-05   21.6   0.3   106   169    33    98    12    99 0.82 -
TRINITY_DN12522_c0_g1_i4:1091-2176  -            362 67503at7898          -            285   7.8e-58  194.7  20.3   3   7   1.6e-18   3.2e-16   58.2   0.3   108   171    89   152    86   153 0.95 -
TRINITY_DN12522_c0_g1_i4:1091-2176  -            362 67503at7898          -            285   7.8e-58  194.7  20.3   4   7   6.3e-12   1.3e-09   36.5   0.0   117   166   150   199   150   207 0.88 -
TRINITY_DN12522_c0_g1_i4:1091-2176  -            362 67503at7898          -            285   7.8e-58  194.7  20.3   5   7   6.2e-08   1.3e-05   23.4   0.1   113   169   200   256   196   257 0.93 -
TRINITY_DN12522_c0_g1_i4:1091-2176  -            362 67503at7898          -            285   7.8e-58  194.7  20.3   6   7   8.4e-22   1.7e-19   68.9   0.6   107   186   246   325   243   325 0.97 -
TRINITY_DN12522_c0_g1_i4:1091-2176  -            362 67503at7898          -            285   7.8e-58  194.7  20.3   7   7     6e-11   1.2e-08   33.3   0.1   119   171   309   361   308   362 0.93 -
TRINITY_DN12522_c0_g1_i7:1091-2176  -            362 67503at7898          -            285   7.8e-58  194.7  20.3   1   7       3.4   6.9e+02   -2.0   0.0   177   186     1    10     1    21 0.80 -
TRINITY_DN12522_c0_g1_i7:1091-2176  -            362 67503at7898          -            285   7.8e-58  194.7  20.3   2   7   2.2e-07   4.5e-05   21.6   0.3   106   169    33    98    12    99 0.82 -
TRINITY_DN12522_c0_g1_i7:1091-2176  -            362 67503at7898          -            285   7.8e-58  194.7  20.3   3   7   1.6e-18   3.2e-16   58.2   0.3   108   171    89   152    86   153 0.95 -
TRINITY_DN12522_c0_g1_i7:1091-2176  -            362 67503at7898          -            285   7.8e-58  194.7  20.3   4   7   6.3e-12   1.3e-09   36.5   0.0   117   166   150   199   150   207 0.88 -
TRINITY_DN12522_c0_g1_i7:1091-2176  -            362 67503at7898          -            285   7.8e-58  194.7  20.3   5   7   6.2e-08   1.3e-05   23.4   0.1   113   169   200   256   196   257 0.93 -
TRINITY_DN12522_c0_g1_i7:1091-2176  -            362 67503at7898          -            285   7.8e-58  194.7  20.3   6   7   8.4e-22   1.7e-19   68.9   0.6   107   186   246   325   243   325 0.97 -
TRINITY_DN12522_c0_g1_i7:1091-2176  -            362 67503at7898          -            285   7.8e-58  194.7  20.3   7   7     6e-11   1.2e-08   33.3   0.1   119   171   309   361   308   362 0.93 -
TRINITY_DN1487_c0_g1_i14:232-1299   -            356 67503at7898          -            285   8.3e-53  178.2  16.9   1   5     0.085        17    3.3   0.1   123   136     1    14     1    20 0.85 -
TRINITY_DN1487_c0_g1_i14:232-1299   -            356 67503at7898          -            285   8.3e-53  178.2  16.9   2   5   9.6e-07   0.00019   19.5   0.1   103   159    30    86    18    92 0.85 -
TRINITY_DN1487_c0_g1_i14:232-1299   -            356 67503at7898          -            285   8.3e-53  178.2  16.9   3   5   5.3e-14   1.1e-11   43.3   0.2   110   168    92   150    82   151 0.91 -
TRINITY_DN1487_c0_g1_i14:232-1299   -            356 67503at7898          -            285   8.3e-53  178.2  16.9   4   5   1.1e-13   2.2e-11   42.3   0.2   106   197   192   283   188   295 0.85 -
TRINITY_DN1487_c0_g1_i14:232-1299   -            356 67503at7898          -            285   8.3e-53  178.2  16.9   5   5   1.9e-17   3.8e-15   54.6   0.1    92   165   283   356   273   356 0.93 -
TRINITY_DN1487_c0_g1_i8:232-1299    -            356 67503at7898          -            285   8.3e-53  178.2  16.9   1   5     0.085        17    3.3   0.1   123   136     1    14     1    20 0.85 -
TRINITY_DN1487_c0_g1_i8:232-1299    -            356 67503at7898          -            285   8.3e-53  178.2  16.9   2   5   9.6e-07   0.00019   19.5   0.1   103   159    30    86    18    92 0.85 -
TRINITY_DN1487_c0_g1_i8:232-1299    -            356 67503at7898          -            285   8.3e-53  178.2  16.9   3   5   5.3e-14   1.1e-11   43.3   0.2   110   168    92   150    82   151 0.91 -
TRINITY_DN1487_c0_g1_i8:232-1299    -            356 67503at7898          -            285   8.3e-53  178.2  16.9   4   5   1.1e-13   2.2e-11   42.3   0.2   106   197   192   283   188   295 0.85 -
TRINITY_DN1487_c0_g1_i8:232-1299    -            356 67503at7898          -            285   8.3e-53  178.2  16.9   5   5   1.9e-17   3.8e-15   54.6   0.1    92   165   283   356   273   356 0.93 -
TRINITY_DN19232_c0_g1_i12:2547-3605 -            353 67503at7898          -            285   7.4e-49  165.3  17.5   1   5   0.00021     0.042   11.8   0.1   236   276     1    41     1    42 0.94 -
TRINITY_DN19232_c0_g1_i12:2547-3605 -            353 67503at7898          -            285   7.4e-49  165.3  17.5   2   5   5.7e-05     0.012   13.7   0.0   110   151    38    79    38    83 0.91 -
TRINITY_DN19232_c0_g1_i12:2547-3605 -            353 67503at7898          -            285   7.4e-49  165.3  17.5   3   5   5.3e-10   1.1e-07   30.2   0.2   105   146    83   124    79   129 0.87 -
TRINITY_DN19232_c0_g1_i12:2547-3605 -            353 67503at7898          -            285   7.4e-49  165.3  17.5   4   5   1.4e-31   2.8e-29  101.0   0.6   103   260   137   289   125   294 0.85 -
TRINITY_DN19232_c0_g1_i12:2547-3605 -            353 67503at7898          -            285   7.4e-49  165.3  17.5   5   5   8.2e-07   0.00017   19.7   1.7   106   139   298   331   292   341 0.55 -
TRINITY_DN19232_c0_g1_i14:2519-3577 -            353 67503at7898          -            285   7.4e-49  165.3  17.5   1   5   0.00021     0.042   11.8   0.1   236   276     1    41     1    42 0.94 -
TRINITY_DN19232_c0_g1_i14:2519-3577 -            353 67503at7898          -            285   7.4e-49  165.3  17.5   2   5   5.7e-05     0.012   13.7   0.0   110   151    38    79    38    83 0.91 -
TRINITY_DN19232_c0_g1_i14:2519-3577 -            353 67503at7898          -            285   7.4e-49  165.3  17.5   3   5   5.3e-10   1.1e-07   30.2   0.2   105   146    83   124    79   129 0.87 -
TRINITY_DN19232_c0_g1_i14:2519-3577 -            353 67503at7898          -            285   7.4e-49  165.3  17.5   4   5   1.4e-31   2.8e-29  101.0   0.6   103   260   137   289   125   294 0.85 -
TRINITY_DN19232_c0_g1_i14:2519-3577 -            353 67503at7898          -            285   7.4e-49  165.3  17.5   5   5   8.2e-07   0.00017   19.7   1.7   106   139   298   331   292   341 0.55 -
TRINITY_DN2289_c0_g1_i11:478-1566   -            363 67503at7898          -            285   2.4e-47  160.3  12.6   1   4   1.3e-23   2.6e-21   74.9   1.5   111   262    23   167     5   178 0.82 -
TRINITY_DN2289_c0_g1_i11:478-1566   -            363 67503at7898          -            285   2.4e-47  160.3  12.6   2   4   5.9e-22   1.2e-19   69.4   0.3   100   263    64   243    63   262 0.78 -
TRINITY_DN2289_c0_g1_i11:478-1566   -            363 67503at7898          -            285   2.4e-47  160.3  12.6   3   4     3e-10   6.2e-08   31.0   0.0    98   180   190   275   178   288 0.73 -
TRINITY_DN2289_c0_g1_i11:478-1566   -            363 67503at7898          -            285   2.4e-47  160.3  12.6   4   4   0.00012     0.024   12.7   0.1    99   169   291   363   280   363 0.78 -
TRINITY_DN9706_c0_g1_i1:1-618       -            206 67503at7898          -            285   8.6e-47  158.5   2.1   1   2   2.3e-05    0.0047   15.0   0.5     1    15     1    15     1    23 0.89 -
TRINITY_DN9706_c0_g1_i1:1-618       -            206 67503at7898          -            285   8.6e-47  158.5   2.1   2   2   1.6e-42   3.3e-40  136.9   0.0    13   135    50   206    46   206 0.82 -
TRINITY_DN12522_c0_g3_i1:822-1568   -            249 67503at7898          -            285   3.5e-42  143.4  10.2   1   5      0.35        71    1.3   0.0   132   152     1    21     1    26 0.87 -
TRINITY_DN12522_c0_g3_i1:822-1568   -            249 67503at7898          -            285   3.5e-42  143.4  10.2   2   5   1.1e-17   2.2e-15   55.4   0.1   212   281    20    91    15    95 0.84 -
TRINITY_DN12522_c0_g3_i1:822-1568   -            249 67503at7898          -            285   3.5e-42  143.4  10.2   3   5   1.7e-07   3.4e-05   22.0   0.0   114   163    89   138    86   141 0.89 -
TRINITY_DN12522_c0_g3_i1:822-1568   -            249 67503at7898          -            285   3.5e-42  143.4  10.2   4   5   2.5e-13   5.1e-11   41.1   0.5   107   170   134   197   131   199 0.94 -
TRINITY_DN12522_c0_g3_i1:822-1568   -            249 67503at7898          -            285   3.5e-42  143.4  10.2   5   5   1.1e-12   2.3e-10   39.0   1.6   107   168   186   247   185   249 0.97 -
TRINITY_DN6199_c0_g1_i8:12-791      -            260 67503at7898          -            285   2.3e-39  134.1   9.8   1   3   2.3e-07   4.7e-05   21.5   0.1   217   251     3    37     1    48 0.90 -
TRINITY_DN6199_c0_g1_i8:12-791      -            260 67503at7898          -            285   2.3e-39  134.1   9.8   2   3     2e-27   4.2e-25   87.3   3.6    98   260    50   205    49   213 0.83 -
TRINITY_DN6199_c0_g1_i8:12-791      -            260 67503at7898          -            285   2.3e-39  134.1   9.8   3   3   7.5e-07   0.00015   19.9   0.0   216   255   212   252   204   259 0.83 -
TRINITY_DN16814_c0_g1_i1:2516-4174  -            553 67503at7898          -            285   9.9e-36  122.2   4.9   1   4       3.3   6.7e+02   -1.9   0.0   114   130   166   182   150   187 0.68 -
TRINITY_DN16814_c0_g1_i1:2516-4174  -            553 67503at7898          -            285   9.9e-36  122.2   4.9   2   4   5.6e-14   1.1e-11   43.2   0.1   104   189   197   288   186   296 0.87 -
TRINITY_DN16814_c0_g1_i1:2516-4174  -            553 67503at7898          -            285   9.9e-36  122.2   4.9   3   4   6.3e-21   1.3e-18   66.0   0.1   104   253   308   463   290   471 0.82 -
TRINITY_DN16814_c0_g1_i1:2516-4174  -            553 67503at7898          -            285   9.9e-36  122.2   4.9   4   4   9.9e-05      0.02   12.9   0.0   217   251   480   514   471   553 0.74 -
TRINITY_DN16814_c0_g1_i5:2516-4174  -            553 67503at7898          -            285   9.9e-36  122.2   4.9   1   4       3.3   6.7e+02   -1.9   0.0   114   130   166   182   150   187 0.68 -
TRINITY_DN16814_c0_g1_i5:2516-4174  -            553 67503at7898          -            285   9.9e-36  122.2   4.9   2   4   5.6e-14   1.1e-11   43.2   0.1   104   189   197   288   186   296 0.87 -
TRINITY_DN16814_c0_g1_i5:2516-4174  -            553 67503at7898          -            285   9.9e-36  122.2   4.9   3   4   6.3e-21   1.3e-18   66.0   0.1   104   253   308   463   290   471 0.82 -
TRINITY_DN16814_c0_g1_i5:2516-4174  -            553 67503at7898          -            285   9.9e-36  122.2   4.9   4   4   9.9e-05      0.02   12.9   0.0   217   251   480   514   471   553 0.74 -
TRINITY_DN16814_c0_g1_i3:2517-4544  -            676 67503at7898          -            285   2.2e-35  121.1   4.6   1   4       4.6   9.3e+02   -2.4   0.0   114   130   289   305   277   310 0.67 -
TRINITY_DN16814_c0_g1_i3:2517-4544  -            676 67503at7898          -            285   2.2e-35  121.1   4.6   2   4   7.4e-14   1.5e-11   42.8   0.1   104   189   320   411   309   419 0.87 -
TRINITY_DN16814_c0_g1_i3:2517-4544  -            676 67503at7898          -            285   2.2e-35  121.1   4.6   3   4   8.4e-21   1.7e-18   65.6   0.1   104   253   431   586   412   598 0.82 -
TRINITY_DN16814_c0_g1_i3:2517-4544  -            676 67503at7898          -            285   2.2e-35  121.1   4.6   4   4   0.00012     0.024   12.6   0.0   217   251   603   637   586   676 0.76 -
TRINITY_DN2289_c0_g1_i4:546-1634    -            363 67503at7898          -            285     4e-35  120.2   7.2   1   3   6.4e-24   1.3e-21   75.9   1.8    96   262     6   167     2   178 0.80 -
TRINITY_DN2289_c0_g1_i4:546-1634    -            363 67503at7898          -            285     4e-35  120.2   7.2   2   3   2.8e-10   5.6e-08   31.1   0.0    98   180   190   275   179   290 0.74 -
TRINITY_DN2289_c0_g1_i4:546-1634    -            363 67503at7898          -            285     4e-35  120.2   7.2   3   3   0.00012     0.024   12.7   0.1    99   169   291   363   280   363 0.78 -
TRINITY_DN2289_c0_g1_i1:546-1634    -            363 67503at7898          -            285   5.9e-35  119.7   6.8   1   3   6.7e-24   1.4e-21   75.8   1.8    96   262     6   167     2   178 0.80 -
TRINITY_DN2289_c0_g1_i1:546-1634    -            363 67503at7898          -            285   5.9e-35  119.7   6.8   2   3   2.7e-10   5.5e-08   31.2   0.0    98   180   190   275   178   290 0.74 -
TRINITY_DN2289_c0_g1_i1:546-1634    -            363 67503at7898          -            285   5.9e-35  119.7   6.8   3   3   0.00021     0.042   11.8   0.1    99   168   291   362   278   363 0.77 -
TRINITY_DN2289_c0_g1_i3:546-1634    -            363 67503at7898          -            285   5.9e-35  119.7   6.8   1   3   6.7e-24   1.4e-21   75.8   1.8    96   262     6   167     2   178 0.80 -
TRINITY_DN2289_c0_g1_i3:546-1634    -            363 67503at7898          -            285   5.9e-35  119.7   6.8   2   3   2.7e-10   5.5e-08   31.2   0.0    98   180   190   275   178   290 0.74 -
TRINITY_DN2289_c0_g1_i3:546-1634    -            363 67503at7898          -            285   5.9e-35  119.7   6.8   3   3   0.00021     0.042   11.8   0.1    99   168   291   362   278   363 0.77 -
TRINITY_DN2289_c0_g1_i9:546-1634    -            363 67503at7898          -            285   5.9e-35  119.7   6.8   1   3   6.7e-24   1.4e-21   75.8   1.8    96   262     6   167     2   178 0.80 -
TRINITY_DN2289_c0_g1_i9:546-1634    -            363 67503at7898          -            285   5.9e-35  119.7   6.8   2   3   2.7e-10   5.5e-08   31.2   0.0    98   180   190   275   178   290 0.74 -
TRINITY_DN2289_c0_g1_i9:546-1634    -            363 67503at7898          -            285   5.9e-35  119.7   6.8   3   3   0.00021     0.042   11.8   0.1    99   168   291   362   278   363 0.77 -
TRINITY_DN2289_c0_g1_i2:478-1566    -            363 67503at7898          -            285   7.2e-35  119.4   5.9   1   3   1.2e-23   2.5e-21   74.9   1.3   111   262    23   167     6   178 0.82 -
TRINITY_DN2289_c0_g1_i2:478-1566    -            363 67503at7898          -            285   7.2e-35  119.4   5.9   2   3   2.7e-10   5.5e-08   31.2   0.0    98   180   190   275   178   290 0.74 -
TRINITY_DN2289_c0_g1_i2:478-1566    -            363 67503at7898          -            285   7.2e-35  119.4   5.9   3   3    0.0002     0.042   11.9   0.0    99   168   291   362   277   363 0.77 -
TRINITY_DN2204_c0_g1_i10:8-580      -            191 67503at7898          -            285   5.2e-33  113.3   1.1   1   1   1.1e-34   2.3e-32  111.1   1.1    94   279    10   189     5   191 0.87 -
TRINITY_DN2204_c0_g1_i17:8-580      -            191 67503at7898          -            285   5.2e-33  113.3   1.1   1   1   1.1e-34   2.3e-32  111.1   1.1    94   279    10   189     5   191 0.87 -
TRINITY_DN2204_c0_g1_i1:8-580       -            191 67503at7898          -            285   5.2e-33  113.3   1.1   1   1   1.1e-34   2.3e-32  111.1   1.1    94   279    10   189     5   191 0.87 -
TRINITY_DN2204_c0_g1_i9:8-580       -            191 67503at7898          -            285   5.2e-33  113.3   1.1   1   1   1.1e-34   2.3e-32  111.1   1.1    94   279    10   189     5   191 0.87 -
TRINITY_DN14823_c0_g1_i1:437-1585   -            383 67503at7898          -            285   7.8e-33  112.7  15.8   1   5   1.2e-14   2.3e-12   45.5   0.8   120   240     8   118     2   130 0.80 -
TRINITY_DN14823_c0_g1_i1:437-1585   -            383 67503at7898          -            285   7.8e-33  112.7  15.8   2   5   3.5e-07     7e-05   21.0   0.0   105   136   149   180   133   189 0.72 -
TRINITY_DN14823_c0_g1_i1:437-1585   -            383 67503at7898          -            285   7.8e-33  112.7  15.8   3   5   1.3e-05    0.0027   15.8   0.1   215   253   211   249   200   269 0.80 -
TRINITY_DN14823_c0_g1_i1:437-1585   -            383 67503at7898          -            285   7.8e-33  112.7  15.8   4   5   8.2e-06    0.0017   16.4   0.1   109   151   272   315   247   319 0.69 -
TRINITY_DN14823_c0_g1_i1:437-1585   -            383 67503at7898          -            285   7.8e-33  112.7  15.8   5   5   3.5e-07     7e-05   21.0   0.7   105   268   319   368   314   383 0.53 -
TRINITY_DN16895_c0_g1_i1:307-1068   -            254 67503at7898          -            285   1.4e-30  105.3  12.9   1   3   9.6e-13     2e-10   39.2   3.8   117   256     6   137     2   144 0.82 -
TRINITY_DN16895_c0_g1_i1:307-1068   -            254 67503at7898          -            285   1.4e-30  105.3  12.9   2   3   7.9e-14   1.6e-11   42.8   0.3   217   278   151   212   136   213 0.86 -
TRINITY_DN16895_c0_g1_i1:307-1068   -            254 67503at7898          -            285   1.4e-30  105.3  12.9   3   3   9.2e-10   1.9e-07   29.4   0.2   107   155   204   253   199   254 0.91 -
TRINITY_DN19232_c1_g1_i4:117-752    -            212 67503at7898          -            285   2.4e-30  104.5   8.2   1   3   4.8e-14   9.7e-12   43.5   2.2   121   190     1    72     1    79 0.89 -
TRINITY_DN19232_c1_g1_i4:117-752    -            212 67503at7898          -            285   2.4e-30  104.5   8.2   2   3   2.9e-20   5.9e-18   63.9   0.4   104   188    89   175    75   182 0.88 -
TRINITY_DN19232_c1_g1_i4:117-752    -            212 67503at7898          -            285   2.4e-30  104.5   8.2   3   3   0.00071      0.14   10.1   0.0   122   166   160   208   154   211 0.72 -
TRINITY_DN19232_c1_g1_i5:2252-2887  -            212 67503at7898          -            285   2.4e-30  104.5   8.2   1   3   4.8e-14   9.7e-12   43.5   2.2   121   190     1    72     1    79 0.89 -
TRINITY_DN19232_c1_g1_i5:2252-2887  -            212 67503at7898          -            285   2.4e-30  104.5   8.2   2   3   2.9e-20   5.9e-18   63.9   0.4   104   188    89   175    75   182 0.88 -
TRINITY_DN19232_c1_g1_i5:2252-2887  -            212 67503at7898          -            285   2.4e-30  104.5   8.2   3   3   0.00071      0.14   10.1   0.0   122   166   160   208   154   211 0.72 -
TRINITY_DN19232_c1_g1_i10:1694-2356 -            221 67503at7898          -            285   2.9e-30  104.2   7.7   1   2   4.1e-14   8.4e-12   43.7   2.0   121   191     1    73     1    82 0.90 -
TRINITY_DN19232_c1_g1_i10:1694-2356 -            221 67503at7898          -            285   2.9e-30  104.2   7.7   2   2   6.8e-20   1.4e-17   62.7   0.3   104   189    89   176    76   215 0.84 -
TRINITY_DN19232_c1_g1_i8:1698-2360  -            221 67503at7898          -            285   2.9e-30  104.2   7.7   1   2   4.1e-14   8.4e-12   43.7   2.0   121   191     1    73     1    82 0.90 -
TRINITY_DN19232_c1_g1_i8:1698-2360  -            221 67503at7898          -            285   2.9e-30  104.2   7.7   2   2   6.8e-20   1.4e-17   62.7   0.3   104   189    89   176    76   215 0.84 -
TRINITY_DN57451_c0_g1_i1:10-669     -            220 67503at7898          -            285   2.1e-27   94.8  11.8   1   4   1.8e-09   3.7e-07   28.4   0.2   123   164     1    42     1    48 0.93 -
TRINITY_DN57451_c0_g1_i1:10-669     -            220 67503at7898          -            285   2.1e-27   94.8  11.8   2   4   5.1e-08     1e-05   23.7   0.5   219   261    36    81    34    84 0.75 -
TRINITY_DN57451_c0_g1_i1:10-669     -            220 67503at7898          -            285   2.1e-27   94.8  11.8   3   4   2.1e-10   4.2e-08   31.5   0.2   212   252    83   123    80   127 0.94 -
TRINITY_DN57451_c0_g1_i1:10-669     -            220 67503at7898          -            285   2.1e-27   94.8  11.8   4   4   1.3e-07   2.7e-05   22.3   0.1    93   170   129   206   125   214 0.87 -
TRINITY_DN12877_c0_g1_i12:1916-2716 -            267 67503at7898          -            285   1.7e-25   88.6  19.5   1   2   1.7e-14   3.5e-12   44.9   2.4   103   190    30   120    18   128 0.84 -
TRINITY_DN12877_c0_g1_i12:1916-2716 -            267 67503at7898          -            285   1.7e-25   88.6  19.5   2   2     1e-14   2.1e-12   45.6   9.0    99   240   133   266   129   267 0.84 -
TRINITY_DN12877_c0_g2_i2:578-1252   -            225 67503at7898          -            285     3e-25   87.8  19.3   1   3   0.00047     0.096   10.7   0.4   231   253     4    26     1    36 0.69 -
TRINITY_DN12877_c0_g2_i2:578-1252   -            225 67503at7898          -            285     3e-25   87.8  19.3   2   3     2e-13     4e-11   41.4   0.4   211   281    37   110    29   112 0.81 -
TRINITY_DN12877_c0_g2_i2:578-1252   -            225 67503at7898          -            285     3e-25   87.8  19.3   3   3   2.8e-15   5.6e-13   47.5   8.1    98   240    90   224    85   225 0.84 -
TRINITY_DN4601_c0_g1_i1:115-1158    -            348 67503at7898          -            285   1.9e-24   85.1  13.0   1   3   5.1e-06     0.001   17.1   0.1   168   273    11   127     1   128 0.65 -
TRINITY_DN4601_c0_g1_i1:115-1158    -            348 67503at7898          -            285   1.9e-24   85.1  13.0   2   3   3.2e-15   6.4e-13   47.3   5.1   106   247   123   257   118   274 0.79 -
TRINITY_DN4601_c0_g1_i1:115-1158    -            348 67503at7898          -            285   1.9e-24   85.1  13.0   3   3   1.3e-08   2.7e-06   25.6   0.1   215   275   283   343   279   348 0.85 -
TRINITY_DN4601_c0_g1_i5:115-1158    -            348 67503at7898          -            285   1.9e-24   85.1  13.0   1   3   5.1e-06     0.001   17.1   0.1   168   273    11   127     1   128 0.65 -
TRINITY_DN4601_c0_g1_i5:115-1158    -            348 67503at7898          -            285   1.9e-24   85.1  13.0   2   3   3.2e-15   6.4e-13   47.3   5.1   106   247   123   257   118   274 0.79 -
TRINITY_DN4601_c0_g1_i5:115-1158    -            348 67503at7898          -            285   1.9e-24   85.1  13.0   3   3   1.3e-08   2.7e-06   25.6   0.1   215   275   283   343   279   348 0.85 -
TRINITY_DN5281_c0_g1_i5:1221-2048   -            276 67503at7898          -            285   8.3e-23   79.8   7.1   1   3   4.6e-05    0.0093   14.0   0.0   124   167     1    46     1    47 0.93 -
TRINITY_DN5281_c0_g1_i5:1221-2048   -            276 67503at7898          -            285   8.3e-23   79.8   7.1   2   3   7.1e-16   1.4e-13   49.5   0.4   104   187    35   119    31   121 0.93 -
TRINITY_DN5281_c0_g1_i5:1221-2048   -            276 67503at7898          -            285   8.3e-23   79.8   7.1   3   3   6.6e-11   1.3e-08   33.2   0.3   104   187    87   172    83   223 0.82 -
TRINITY_DN5281_c0_g1_i2:1236-2063   -            276 67503at7898          -            285   2.2e-22   78.4   7.1   1   3   0.00021     0.042   11.9   0.0   124   166     1    45     1    45 0.90 -
TRINITY_DN5281_c0_g1_i2:1236-2063   -            276 67503at7898          -            285   2.2e-22   78.4   7.1   2   3   6.3e-16   1.3e-13   49.6   0.4   104   187    35   119    29   121 0.93 -
TRINITY_DN5281_c0_g1_i2:1236-2063   -            276 67503at7898          -            285   2.2e-22   78.4   7.1   3   3   4.2e-11   8.6e-09   33.8   0.3   102   187    85   172    82   237 0.81 -
TRINITY_DN5281_c0_g1_i4:1226-2053   -            276 67503at7898          -            285   2.2e-22   78.4   7.1   1   3   0.00021     0.042   11.9   0.0   124   166     1    45     1    45 0.90 -
TRINITY_DN5281_c0_g1_i4:1226-2053   -            276 67503at7898          -            285   2.2e-22   78.4   7.1   2   3   6.3e-16   1.3e-13   49.6   0.4   104   187    35   119    29   121 0.93 -
TRINITY_DN5281_c0_g1_i4:1226-2053   -            276 67503at7898          -            285   2.2e-22   78.4   7.1   3   3   4.2e-11   8.6e-09   33.8   0.3   102   187    85   172    82   237 0.81 -
TRINITY_DN4601_c0_g1_i3:262-1059    -            266 67503at7898          -            285   4.7e-21   74.0  10.3   1   3      0.42        85    1.0   0.0   236   273     2    45     1    46 0.62 -
TRINITY_DN4601_c0_g1_i3:262-1059    -            266 67503at7898          -            285   4.7e-21   74.0  10.3   2   3   1.8e-15   3.6e-13   48.2   5.3   106   248    41   176    34   192 0.79 -
TRINITY_DN4601_c0_g1_i3:262-1059    -            266 67503at7898          -            285   4.7e-21   74.0  10.3   3   3   8.5e-09   1.7e-06   26.2   0.1   215   275   201   261   197   266 0.85 -
TRINITY_DN18671_c0_g2_i1:46-672     -            209 67503at7898          -            285   1.3e-19   69.3   1.9   1   2   0.00016     0.033   12.2   0.0    94   172     6    90     3    94 0.74 -
TRINITY_DN18671_c0_g2_i1:46-672     -            209 67503at7898          -            285   1.3e-19   69.3   1.9   2   2   4.1e-19   8.3e-17   60.1   0.6   100   198    70   169    48   209 0.80 -
#
# Program:         hmmsearch
# Version:         3.1b2 (February 2015)
# Pipeline mode:   SEARCH
# Query file:      /home/ericjuo/Projects/salmo_trutta_rna_seq/busco_downloads/lineages/actinopterygii_odb10/hmms/67503at7898.hmm
# Target file:     /home/ericjuo/Projects/salmo_trutta_rna_seq/data/02_intermediate/busco/run_actinopterygii_odb10/metaeuk_output/rerun_results/trinity.Trinity.fasta.modified.fas
# Option settings: hmmsearch --domtblout /home/ericjuo/Projects/salmo_trutta_rna_seq/data/02_intermediate/busco/run_actinopterygii_odb10/hmmer_output/rerun_results/67503at7898.out --cpu 1 /home/ericjuo/Projects/salmo_trutta_rna_seq/busco_downloads/lineages/actinopterygii_odb10/hmms/67503at7898.hmm /home/ericjuo/Projects/salmo_trutta_rna_seq/data/02_intermediate/busco/run_actinopterygii_odb10/metaeuk_output/rerun_results/trinity.Trinity.fasta.modified.fas 
# Current dir:     /home/ericjuo/Projects/salmo_trutta_rna_seq
# Date:            Fri Apr 29 13:03:50 2022
# [ok]
