#                                                                                           --- full sequence --- -------------- this domain -------------   hmm coord   ali coord   env coord
# target name                       accession   tlen query name           accession   qlen   E-value  score  bias   #  of  c-Evalue  i-Evalue  score  bias  from    to  from    to  from    to  acc description of target
#               ------------------- ---------- ----- -------------------- ---------- ----- --------- ------ ----- --- --- --------- --------- ------ ----- ----- ----- ----- ----- ----- ----- ---- ---------------------
TRINITY_DN4412_c0_g1_i22:1844-2878  -            345 69184at7898          -            323   4.3e-71  238.6  11.2   1   1   1.2e-72   1.3e-70  237.0  11.2    10   319    14   343     4   345 0.85 -
TRINITY_DN4412_c0_g1_i23:1854-2888  -            345 69184at7898          -            323   4.3e-71  238.6  11.2   1   1   1.2e-72   1.3e-70  237.0  11.2    10   319    14   343     4   345 0.85 -
TRINITY_DN4412_c0_g1_i28:1867-2901  -            345 69184at7898          -            323   4.3e-71  238.6  11.2   1   1   1.2e-72   1.3e-70  237.0  11.2    10   319    14   343     4   345 0.85 -
TRINITY_DN4412_c0_g1_i4:1873-2907   -            345 69184at7898          -            323   4.3e-71  238.6  11.2   1   1   1.2e-72   1.3e-70  237.0  11.2    10   319    14   343     4   345 0.85 -
TRINITY_DN4412_c0_g1_i7:1852-2886   -            345 69184at7898          -            323   4.3e-71  238.6  11.2   1   1   1.2e-72   1.3e-70  237.0  11.2    10   319    14   343     4   345 0.85 -
TRINITY_DN3114_c0_g1_i5:964-1941    -            326 69184at7898          -            323   2.2e-70  236.2  14.0   1   1   9.2e-72   9.8e-70  234.1  14.0    15   318     1   324     1   326 0.86 -
TRINITY_DN14684_c1_g1_i2:981-1958   -            326 69184at7898          -            323   2.9e-69  232.6  13.4   1   1   8.8e-71   9.3e-69  230.9  13.4    15   318     1   324     1   326 0.86 -
TRINITY_DN14684_c1_g1_i3:426-1403   -            326 69184at7898          -            323   2.9e-69  232.6  13.4   1   1   8.8e-71   9.3e-69  230.9  13.4    15   318     1   324     1   326 0.86 -
TRINITY_DN56_c0_g1_i2:481-1500      -            340 69184at7898          -            323   3.2e-57  193.0  15.2   1   1   4.2e-57   4.4e-55  186.0  15.2    17   318     1   338     1   340 0.77 -
TRINITY_DN56_c0_g1_i5:481-1500      -            340 69184at7898          -            323   3.2e-57  193.0  15.2   1   1   4.2e-57   4.4e-55  186.0  15.2    17   318     1   338     1   340 0.77 -
TRINITY_DN56_c0_g1_i8:481-1500      -            340 69184at7898          -            323   3.2e-57  193.0  15.2   1   1   4.2e-57   4.4e-55  186.0  15.2    17   318     1   338     1   340 0.77 -
TRINITY_DN56_c0_g1_i9:481-1500      -            340 69184at7898          -            323   3.2e-57  193.0  15.2   1   1   4.2e-57   4.4e-55  186.0  15.2    17   318     1   338     1   340 0.77 -
TRINITY_DN2131_c0_g1_i1:660-1586    -            309 69184at7898          -            323     4e-51  173.0   0.7   1   1   4.8e-53   5.1e-51  172.6   0.7    17   315     1   307     1   309 0.83 -
TRINITY_DN2131_c0_g1_i3:714-1640    -            309 69184at7898          -            323     4e-51  173.0   0.7   1   1   4.8e-53   5.1e-51  172.6   0.7    17   315     1   307     1   309 0.83 -
TRINITY_DN2131_c0_g1_i2:658-1584    -            309 69184at7898          -            323   2.3e-49  167.2   5.5   1   1   3.1e-51   3.3e-49  166.7   5.5    17   315     1   307     1   309 0.81 -
TRINITY_DN3114_c0_g1_i1:933-1511    -            193 69184at7898          -            323   7.4e-43  145.8   0.5   1   1     8e-45   8.4e-43  145.6   0.5   140   318     1   191     1   193 0.91 -
TRINITY_DN15148_c0_g1_i9:4-702      -            233 69184at7898          -            323   4.3e-42  143.3   4.9   1   1     6e-44   6.3e-42  142.7   4.9    17   240     1   233     1   233 0.82 -
TRINITY_DN15148_c0_g1_i7:4-702      -            233 69184at7898          -            323   4.9e-42  143.1   5.1   1   1   6.8e-44   7.2e-42  142.6   5.1    17   240     1   233     1   233 0.82 -
TRINITY_DN15148_c0_g1_i8:4-702      -            233 69184at7898          -            323   4.9e-42  143.1   5.1   1   1   6.8e-44   7.2e-42  142.6   5.1    17   240     1   233     1   233 0.82 -
TRINITY_DN1470_c3_g1_i2:1168-2631   -            488 69184at7898          -            323   6.1e-38  129.6  12.8   1   2   9.7e-20     1e-17   63.2   7.0    17    88     9    78     5   128 0.85 -
TRINITY_DN1470_c3_g1_i2:1168-2631   -            488 69184at7898          -            323   6.1e-38  129.6  12.8   2   2   9.5e-22     1e-19   69.8   0.3   142   317   297   487   290   488 0.82 -
TRINITY_DN5842_c1_g1_i1:16-909      -            298 69184at7898          -            323   8.7e-38  129.1  11.0   1   2   3.7e-18   3.9e-16   58.0   8.1    17    88     1    70     1    93 0.89 -
TRINITY_DN5842_c1_g1_i1:16-909      -            298 69184at7898          -            323   8.7e-38  129.1  11.0   2   2   1.6e-22   1.7e-20   72.3   0.0   138   292   137   298   111   298 0.88 -
TRINITY_DN5842_c1_g1_i2:16-909      -            298 69184at7898          -            323   8.7e-38  129.1  11.0   1   2   3.7e-18   3.9e-16   58.0   8.1    17    88     1    70     1    93 0.89 -
TRINITY_DN5842_c1_g1_i2:16-909      -            298 69184at7898          -            323   8.7e-38  129.1  11.0   2   2   1.6e-22   1.7e-20   72.3   0.0   138   292   137   298   111   298 0.88 -
TRINITY_DN15148_c0_g1_i12:4-732     -            243 69184at7898          -            323     9e-38  129.1  15.8   1   2   1.5e-24   1.6e-22   79.0  12.0    17    87     1    69     1    87 0.95 -
TRINITY_DN15148_c0_g1_i12:4-732     -            243 69184at7898          -            323     9e-38  129.1  15.8   2   2   2.1e-16   2.2e-14   52.2   0.1   138   240   133   243   105   243 0.87 -
TRINITY_DN3114_c0_g1_i4:260-796     -            179 69184at7898          -            323   1.2e-36  125.4   0.1   1   1   1.3e-38   1.4e-36  125.2   0.1   154   318     1   177     1   179 0.91 -
TRINITY_DN35429_c0_g2_i1:273-845    -            191 69184at7898          -            323     2e-36  124.7   0.0   1   1   2.1e-38   2.3e-36  124.5   0.0   142   318     2   189     1   191 0.88 -
TRINITY_DN7182_c0_g1_i3:47-1066     -            340 69184at7898          -            323   9.4e-35  119.2  13.1   1   1   1.5e-35   1.6e-33  115.1  13.1    15   296    11   314     7   328 0.75 -
TRINITY_DN2504_c0_g3_i1:1526-2593   -            356 69184at7898          -            323   9.5e-35  119.2  14.3   1   2   7.9e-20   8.4e-18   63.5  10.2    17    87     1    69     1    84 0.94 -
TRINITY_DN2504_c0_g3_i1:1526-2593   -            356 69184at7898          -            323   9.5e-35  119.2  14.3   2   2   4.1e-18   4.4e-16   57.8   0.1   145   295   170   339   152   356 0.73 -
TRINITY_DN2504_c0_g3_i2:1541-2608   -            356 69184at7898          -            323   9.5e-35  119.2  14.3   1   2   7.9e-20   8.4e-18   63.5  10.2    17    87     1    69     1    84 0.94 -
TRINITY_DN2504_c0_g3_i2:1541-2608   -            356 69184at7898          -            323   9.5e-35  119.2  14.3   2   2   4.1e-18   4.4e-16   57.8   0.1   145   295   170   339   152   356 0.73 -
TRINITY_DN7269_c1_g5_i2:42-950      -            303 69184at7898          -            323   6.8e-31  106.5   0.1   1   1   1.4e-32   1.5e-30  105.3   0.1   138   317    93   291    75   298 0.81 -
TRINITY_DN6491_c0_g1_i4:792-2228    -            479 69184at7898          -            323   9.5e-31  106.0   6.7   1   2   8.3e-23   8.8e-21   73.3   5.1    17    88     1    71     1   116 0.90 -
TRINITY_DN6491_c0_g1_i4:792-2228    -            479 69184at7898          -            323   9.5e-31  106.0   6.7   2   2   2.4e-10   2.5e-08   32.3   0.0   154   294   324   471   296   476 0.86 -
TRINITY_DN4969_c0_g1_i4:196-1326    -            377 69184at7898          -            323   2.6e-30  104.6  11.4   1   2   3.1e-23   3.2e-21   74.7  10.6    16    92    39   114    34   136 0.91 -
TRINITY_DN4969_c0_g1_i4:196-1326    -            377 69184at7898          -            323   2.6e-30  104.6  11.4   2   2   3.1e-09   3.2e-07   28.7   0.0   154   295   195   345   182   371 0.67 -
TRINITY_DN4969_c0_g1_i1:196-1557    -            371 69184at7898          -            323   4.6e-30  103.7  12.2   1   2   5.4e-23   5.7e-21   73.9  11.4    16    92    39   114    34   130 0.91 -
TRINITY_DN4969_c0_g1_i1:196-1557    -            371 69184at7898          -            323   4.6e-30  103.7  12.2   2   2   3.1e-09   3.2e-07   28.7   0.0   154   295   189   339   180   365 0.67 -
TRINITY_DN7269_c1_g5_i1:42-965      -            308 69184at7898          -            323   5.3e-30  103.5   0.2   1   1     1e-30   1.1e-28   99.2   0.2   138   317    93   296    75   303 0.79 -
TRINITY_DN5842_c0_g2_i1:456-1493    -            346 69184at7898          -            323   6.3e-30  103.3  12.4   1   2   2.3e-18   2.4e-16   58.7   8.0    16    87    64   133    53   155 0.88 -
TRINITY_DN5842_c0_g2_i1:456-1493    -            346 69184at7898          -            323   6.3e-30  103.3  12.4   2   2   8.3e-15   8.8e-13   47.0   0.1   141   267   211   344   202   346 0.83 -
TRINITY_DN5842_c0_g2_i2:456-1493    -            346 69184at7898          -            323   6.3e-30  103.3  12.4   1   2   2.3e-18   2.4e-16   58.7   8.0    16    87    64   133    53   155 0.88 -
TRINITY_DN5842_c0_g2_i2:456-1493    -            346 69184at7898          -            323   6.3e-30  103.3  12.4   2   2   8.3e-15   8.8e-13   47.0   0.1   141   267   211   344   202   346 0.83 -
TRINITY_DN86_c1_g1_i3:407-928       -            174 69184at7898          -            323   7.4e-27   93.2   0.0   1   1     8e-29   8.5e-27   93.0   0.0   154   317     1   174     1   174 0.91 -
TRINITY_DN17666_c0_g1_i1:14-547     -            178 69184at7898          -            323   8.1e-27   93.1   0.0   1   1   8.5e-29   8.9e-27   92.9   0.0   151   317     2   178     1   178 0.91 -
TRINITY_DN5842_c2_g1_i1:27-632      -            202 69184at7898          -            323     1e-26   92.8   8.0   1   2   1.3e-19   1.4e-17   62.7   5.6    16    88    12    82     2   110 0.87 -
TRINITY_DN5842_c2_g1_i1:27-632      -            202 69184at7898          -            323     1e-26   92.8   8.0   2   2   6.3e-10   6.7e-08   30.9   0.0   140   188   154   202   111   202 0.89 -
TRINITY_DN17666_c0_g1_i4:14-547     -            178 69184at7898          -            323   4.1e-26   90.8   0.0   1   1   4.2e-28   4.5e-26   90.7   0.0   151   317     2   178     1   178 0.90 -
TRINITY_DN7182_c0_g1_i4:54-794      -            247 69184at7898          -            323   1.6e-25   88.8  13.1   1   2   9.2e-23   9.7e-21   73.1  11.8    16    89     1    72     1    84 0.91 -
TRINITY_DN7182_c0_g1_i4:54-794      -            247 69184at7898          -            323   1.6e-25   88.8  13.1   2   2   3.9e-05    0.0041   15.2   0.0   145   194   146   195   136   232 0.85 -
TRINITY_DN2124_c0_g1_i1:276-857     -            194 69184at7898          -            323   2.6e-23   81.5   0.0   1   1   3.2e-25   3.4e-23   81.2   0.0   142   317     1   194     1   194 0.85 -
TRINITY_DN19598_c0_g1_i2:4-540      -            179 69184at7898          -            323     3e-23   81.4   0.2   1   1   4.1e-25   4.3e-23   80.8   0.2   154   317     1   179     1   179 0.82 -
TRINITY_DN19598_c0_g1_i3:4-540      -            179 69184at7898          -            323     3e-23   81.4   0.2   1   1   4.1e-25   4.3e-23   80.8   0.2   154   317     1   179     1   179 0.82 -
TRINITY_DN2124_c0_g1_i6:276-857     -            194 69184at7898          -            323   4.6e-23   80.8   0.0   1   1   5.6e-25   5.9e-23   80.4   0.0   142   317     1   194     1   194 0.85 -
TRINITY_DN7269_c1_g1_i2:477-1133    -            219 69184at7898          -            323   5.9e-23   80.4   7.6   1   2   1.1e-21   1.1e-19   69.6   6.3     9    87     1    76     1   102 0.91 -
TRINITY_DN7269_c1_g1_i2:477-1133    -            219 69184at7898          -            323   5.9e-23   80.4   7.6   2   2    0.0012      0.12   10.3   0.0   154   175   197   218   172   219 0.81 -
TRINITY_DN7269_c1_g4_i2:261-1523    -            421 69184at7898          -            323   8.9e-23   79.8  12.0   1   2     7e-24   7.4e-22   76.8   9.6    16    89   120   191   107   215 0.89 -
TRINITY_DN7269_c1_g4_i2:261-1523    -            421 69184at7898          -            323   8.9e-23   79.8  12.0   2   2      0.18        19    3.2   0.0   138   153   406   421   387   421 0.77 -
TRINITY_DN7269_c1_g4_i1:261-1523    -            421 69184at7898          -            323   9.7e-23   79.7  11.8   1   2   7.6e-24     8e-22   76.7   9.4    16    89   120   191   107   215 0.89 -
TRINITY_DN7269_c1_g4_i1:261-1523    -            421 69184at7898          -            323   9.7e-23   79.7  11.8   2   2      0.18        19    3.2   0.0   138   153   406   421   387   421 0.77 -
TRINITY_DN10031_c2_g1_i4:70-1242    -            391 69184at7898          -            323   1.1e-22   79.5   5.2   1   2   1.2e-19   1.2e-17   62.9   5.5    10    87    18    93     8   114 0.89 -
TRINITY_DN10031_c2_g1_i4:70-1242    -            391 69184at7898          -            323   1.1e-22   79.5   5.2   2   2   9.6e-05      0.01   13.9   0.0   153   294   239   390   227   391 0.83 -
TRINITY_DN4562_c0_g3_i1:841-1896    -            352 69184at7898          -            323   1.9e-22   78.7  10.7   1   2   2.2e-15   2.3e-13   48.9   8.7    16    89    82   153    80   161 0.92 -
TRINITY_DN4562_c0_g3_i1:841-1896    -            352 69184at7898          -            323   1.9e-22   78.7  10.7   2   2   1.5e-09   1.6e-07   29.7   0.0   140   242   223   334   208   339 0.79 -
TRINITY_DN5908_c0_g2_i10:619-1587   -            323 69184at7898          -            323   2.3e-22   78.4  12.9   1   2   3.3e-19   3.5e-17   61.4  11.3    17    87     3    71     2    88 0.92 -
TRINITY_DN5908_c0_g2_i10:619-1587   -            323 69184at7898          -            323   2.3e-22   78.4  12.9   2   2   1.6e-05    0.0017   16.5   0.0   144   293   168   321   153   323 0.84 -
TRINITY_DN5908_c0_g2_i6:1364-2038   -            225 69184at7898          -            323   7.5e-21   73.5  13.9   1   2   1.9e-20     2e-18   65.5  11.9    11    96    13    96     9   107 0.89 -
TRINITY_DN5908_c0_g2_i6:1364-2038   -            225 69184at7898          -            323   7.5e-21   73.5  13.9   2   2    0.0059      0.62    8.0   0.0   154   186   190   222   179   225 0.87 -
TRINITY_DN730_c0_g1_i6:141-755      -            205 69184at7898          -            323   1.1e-20   73.0   0.1   1   2   1.5e-10   1.6e-08   33.0   0.0   140   190     1    51     1    65 0.93 -
TRINITY_DN730_c0_g1_i6:141-755      -            205 69184at7898          -            323   1.1e-20   73.0   0.1   2   2   3.6e-12   3.8e-10   38.3   0.0   214   317    99   205    93   205 0.94 -
TRINITY_DN5908_c0_g2_i4:1298-1984   -            229 69184at7898          -            323   4.1e-20   71.1  15.1   1   2   1.3e-18   1.4e-16   59.5  13.5    17    96     1    78     1    89 0.90 -
TRINITY_DN5908_c0_g2_i4:1298-1984   -            229 69184at7898          -            323   4.1e-20   71.1  15.1   2   2   0.00059     0.062   11.3   0.0   149   190   171   209   146   221 0.77 -
TRINITY_DN3542_c0_g1_i1:1266-2060   -            265 69184at7898          -            323   1.1e-19   69.6  11.9   1   2   7.6e-15   8.1e-13   47.1   8.8    17    91     1    82     1    91 0.79 -
TRINITY_DN3542_c0_g1_i1:1266-2060   -            265 69184at7898          -            323   1.1e-19   69.6  11.9   2   2   1.1e-07   1.2e-05   23.5   0.0   151   240   161   259   151   263 0.71 -
TRINITY_DN3542_c0_g1_i3:1311-2105   -            265 69184at7898          -            323   1.1e-19   69.6  11.9   1   2   7.6e-15   8.1e-13   47.1   8.8    17    91     1    82     1    91 0.79 -
TRINITY_DN3542_c0_g1_i3:1311-2105   -            265 69184at7898          -            323   1.1e-19   69.6  11.9   2   2   1.1e-07   1.2e-05   23.5   0.0   151   240   161   259   151   263 0.71 -
TRINITY_DN3542_c0_g1_i4:1311-2105   -            265 69184at7898          -            323   1.1e-19   69.6  11.9   1   2   7.6e-15   8.1e-13   47.1   8.8    17    91     1    82     1    91 0.79 -
TRINITY_DN3542_c0_g1_i4:1311-2105   -            265 69184at7898          -            323   1.1e-19   69.6  11.9   2   2   1.1e-07   1.2e-05   23.5   0.0   151   240   161   259   151   263 0.71 -
TRINITY_DN730_c0_g1_i4:238-852      -            205 69184at7898          -            323   2.9e-19   68.3   0.1   1   2   1.4e-10   1.5e-08   33.0   0.0   140   190     1    51     1    65 0.93 -
TRINITY_DN730_c0_g1_i4:238-852      -            205 69184at7898          -            323   2.9e-19   68.3   0.1   2   2   9.9e-11     1e-08   33.6   0.0   215   317   100   205    94   205 0.93 -
TRINITY_DN730_c0_g1_i7:141-755      -            205 69184at7898          -            323   2.9e-19   68.3   0.1   1   2   1.4e-10   1.5e-08   33.0   0.0   140   190     1    51     1    65 0.93 -
TRINITY_DN730_c0_g1_i7:141-755      -            205 69184at7898          -            323   2.9e-19   68.3   0.1   2   2   9.9e-11     1e-08   33.6   0.0   215   317   100   205    94   205 0.93 -
TRINITY_DN7182_c0_g1_i6:54-770      -            239 69184at7898          -            323     3e-19   68.2   5.8   1   2   1.8e-16   1.9e-14   52.5   4.6    25    88     1    62     1    91 0.89 -
TRINITY_DN7182_c0_g1_i6:54-770      -            239 69184at7898          -            323     3e-19   68.2   5.8   2   2   3.6e-05    0.0038   15.3   0.0   145   194   138   187   126   225 0.85 -
TRINITY_DN3509_c0_g1_i1:852-1808    -            319 69184at7898          -            323   3.7e-19   67.9  10.4   1   2   2.5e-18   2.7e-16   58.5   8.5    17    88     1    69     1    80 0.92 -
TRINITY_DN3509_c0_g1_i1:852-1808    -            319 69184at7898          -            323   3.7e-19   67.9  10.4   2   2    0.0026      0.27    9.2   0.0   153   187   194   228   146   316 0.77 -
TRINITY_DN3509_c0_g1_i7:852-1808    -            319 69184at7898          -            323   4.5e-19   67.6  11.0   1   2   3.1e-18   3.3e-16   58.2   9.2    17    88     1    69     1    80 0.92 -
TRINITY_DN3509_c0_g1_i7:852-1808    -            319 69184at7898          -            323   4.5e-19   67.6  11.0   2   2    0.0026      0.27    9.2   0.0   153   187   194   228   146   316 0.77 -
TRINITY_DN10031_c2_g1_i14:1066-2121 -            352 69184at7898          -            323   4.7e-19   67.6   7.4   1   2   1.7e-19   1.7e-17   62.4   5.2    16    87    18    87     7   109 0.91 -
TRINITY_DN10031_c2_g1_i14:1066-2121 -            352 69184at7898          -            323   4.7e-19   67.6   7.4   2   2     0.042       4.5    5.2   0.0   153   187   233   267   221   278 0.86 -
TRINITY_DN809_c1_g1_i3:651-1436     -            262 69184at7898          -            323   4.9e-19   67.5  13.6   1   2   5.8e-15   6.1e-13   47.5   9.6    17    91     1    78     1    86 0.87 -
TRINITY_DN809_c1_g1_i3:651-1436     -            262 69184at7898          -            323   4.9e-19   67.5  13.6   2   2   3.2e-07   3.4e-05   22.0   0.1   151   239   158   255   148   260 0.65 -
TRINITY_DN809_c1_g1_i4:3730-4515    -            262 69184at7898          -            323   4.9e-19   67.5  13.6   1   2   5.8e-15   6.1e-13   47.5   9.6    17    91     1    78     1    86 0.87 -
TRINITY_DN809_c1_g1_i4:3730-4515    -            262 69184at7898          -            323   4.9e-19   67.5  13.6   2   2   3.2e-07   3.4e-05   22.0   0.1   151   239   158   255   148   260 0.65 -
TRINITY_DN809_c1_g1_i5:2122-2907    -            262 69184at7898          -            323   4.9e-19   67.5  13.6   1   2   5.8e-15   6.1e-13   47.5   9.6    17    91     1    78     1    86 0.87 -
TRINITY_DN809_c1_g1_i5:2122-2907    -            262 69184at7898          -            323   4.9e-19   67.5  13.6   2   2   3.2e-07   3.4e-05   22.0   0.1   151   239   158   255   148   260 0.65 -
TRINITY_DN10031_c2_g1_i18:159-899   -            247 69184at7898          -            323   4.6e-18   64.3   9.1   1   2   8.5e-19     9e-17   60.1   7.1    17    87     1    69     1    91 0.93 -
TRINITY_DN10031_c2_g1_i18:159-899   -            247 69184at7898          -            323   4.6e-18   64.3   9.1   2   2     0.081       8.6    4.3   0.0   153   184   215   246   203   247 0.85 -
TRINITY_DN10031_c2_g1_i8:973-2034   -            354 69184at7898          -            323   5.4e-17   60.8   3.4   1   2   2.8e-14     3e-12   45.2   3.6    28    87     1    58     1    80 0.91 -
TRINITY_DN10031_c2_g1_i8:973-2034   -            354 69184at7898          -            323   5.4e-17   60.8   3.4   2   2    0.0002     0.021   12.9   0.0   153   293   204   354   192   354 0.82 -
TRINITY_DN10031_c2_g1_i12:76-1134   -            353 69184at7898          -            323   5.8e-17   60.7   3.5   1   2   2.8e-14   2.9e-12   45.2   3.6    28    87     1    58     1    80 0.91 -
TRINITY_DN10031_c2_g1_i12:76-1134   -            353 69184at7898          -            323   5.8e-17   60.7   3.5   2   2   0.00019      0.02   12.9   0.0   153   293   204   353   192   353 0.79 -
TRINITY_DN2755_c0_g1_i7:1332-2261   -            310 69184at7898          -            323   5.3e-14   51.0   6.1   1   2   3.6e-06   0.00038   18.6   3.2    50   144     4    96     1   103 0.91 -
TRINITY_DN2755_c0_g1_i7:1332-2261   -            310 69184at7898          -            323   5.3e-14   51.0   6.1   2   2     1e-10   1.1e-08   33.5   0.0   153   300   139   297   105   303 0.82 -
TRINITY_DN2755_c0_g1_i8:357-1286    -            310 69184at7898          -            323   5.3e-14   51.0   6.1   1   2   3.6e-06   0.00038   18.6   3.2    50   144     4    96     1   103 0.91 -
TRINITY_DN2755_c0_g1_i8:357-1286    -            310 69184at7898          -            323   5.3e-14   51.0   6.1   2   2     1e-10   1.1e-08   33.5   0.0   153   300   139   297   105   303 0.82 -
TRINITY_DN766_c0_g2_i4:0-1244       -            415 69184at7898          -            323   7.8e-14   50.4  12.1   1   2   2.9e-13   3.1e-11   41.9   5.7    34    89     1    54     1    82 0.86 -
TRINITY_DN766_c0_g2_i4:0-1244       -            415 69184at7898          -            323   7.8e-14   50.4  12.1   2   2   0.00024     0.025   12.6   0.4   152   295   254   402   230   413 0.82 -
TRINITY_DN2504_c1_g1_i1:0-569       -            190 69184at7898          -            323   2.2e-10   39.1   0.2   1   1   3.6e-12   3.8e-10   38.3   0.2   153   315     4   188     1   190 0.66 -
TRINITY_DN7182_c0_g1_i2:54-704      -            217 69184at7898          -            323   1.2e-09   36.7   8.7   1   2   7.6e-07     8e-05   20.8   7.3    47    89     2    42     1    54 0.82 -
TRINITY_DN7182_c0_g1_i2:54-704      -            217 69184at7898          -            323   1.2e-09   36.7   8.7   2   2     3e-05    0.0031   15.6   0.0   145   195   116   166   105   206 0.85 -
TRINITY_DN6491_c0_g1_i1:813-1379    -            189 69184at7898          -            323   2.6e-09   35.6   0.0   1   1   2.8e-11   2.9e-09   35.4   0.0   154   294    41   188    14   189 0.86 -
TRINITY_DN7182_c0_g1_i5:54-653      -            200 69184at7898          -            323   1.7e-08   32.9   1.7   1   2   2.7e-05    0.0028   15.7   1.2    65    89     1    25     1    44 0.83 -
TRINITY_DN7182_c0_g1_i5:54-653      -            200 69184at7898          -            323   1.7e-08   32.9   1.7   2   2   1.7e-05    0.0018   16.3   0.0   144   195    98   149    55   192 0.86 -
#
# Program:         hmmsearch
# Version:         3.1b2 (February 2015)
# Pipeline mode:   SEARCH
# Query file:      /home/ericjuo/Projects/salmo_trutta_rna_seq/busco_downloads/lineages/actinopterygii_odb10/hmms/69184at7898.hmm
# Target file:     /home/ericjuo/Projects/salmo_trutta_rna_seq/data/02_intermediate/busco/run_actinopterygii_odb10/metaeuk_output/rerun_results/trinity.Trinity.fasta.modified.fas
# Option settings: hmmsearch --domtblout /home/ericjuo/Projects/salmo_trutta_rna_seq/data/02_intermediate/busco/run_actinopterygii_odb10/hmmer_output/rerun_results/69184at7898.out --cpu 1 /home/ericjuo/Projects/salmo_trutta_rna_seq/busco_downloads/lineages/actinopterygii_odb10/hmms/69184at7898.hmm /home/ericjuo/Projects/salmo_trutta_rna_seq/data/02_intermediate/busco/run_actinopterygii_odb10/metaeuk_output/rerun_results/trinity.Trinity.fasta.modified.fas 
# Current dir:     /home/ericjuo/Projects/salmo_trutta_rna_seq
# Date:            Fri Apr 29 13:04:31 2022
# [ok]
