#                                                                                           --- full sequence --- -------------- this domain -------------   hmm coord   ali coord   env coord
# target name                       accession   tlen query name           accession   qlen   E-value  score  bias   #  of  c-Evalue  i-Evalue  score  bias  from    to  from    to  from    to  acc description of target
#               ------------------- ---------- ----- -------------------- ---------- ----- --------- ------ ----- --- --- --------- --------- ------ ----- ----- ----- ----- ----- ----- ----- ---- ---------------------
TRINITY_DN10156_c0_g2_i1:583-1224   -            214 94808at7898          -            258   1.9e-73  245.9  19.2   1   2   1.8e-40   1.8e-38  131.2   0.9   110   214    34   149    31   155 0.88 -
TRINITY_DN10156_c0_g2_i1:583-1224   -            214 94808at7898          -            258   1.9e-73  245.9  19.2   2   2   5.8e-37   5.9e-35  119.7  11.8   201   257   158   214   140   214 0.94 -
TRINITY_DN2010_c0_g4_i2:195-1376    -            394 94808at7898          -            258   6.7e-10   37.6   4.3   1   1   1.1e-11   1.1e-09   36.9   4.3   204   248     2    47     1    56 0.89 -
TRINITY_DN2010_c0_g4_i1:195-1421    -            409 94808at7898          -            258   7.1e-10   37.5   4.3   1   1   1.1e-11   1.1e-09   36.9   4.3   204   248     2    47     1    56 0.89 -
TRINITY_DN34185_c0_g1_i7:45-365     -            107 94808at7898          -            258   8.8e-10   37.2   6.6   1   2   8.7e-12   8.8e-10   37.2   6.6   205   248     1    46     1    55 0.90 -
TRINITY_DN34185_c0_g1_i7:45-365     -            107 94808at7898          -            258   8.8e-10   37.2   6.6   2   2       4.5   4.5e+02   -1.2   0.1   208   228    86   100    50   107 0.48 -
TRINITY_DN17818_c0_g1_i1:197-1156   -            320 94808at7898          -            258   1.9e-09   36.1   4.5   1   1   4.9e-11   4.9e-09   34.8   4.5   201   248     8    57     4    82 0.87 -
TRINITY_DN2010_c0_g2_i3:195-818     -            208 94808at7898          -            258     3e-09   35.5   5.3   1   2     3e-11     3e-09   35.5   5.3   204   249     2    49     1    57 0.86 -
TRINITY_DN2010_c0_g2_i3:195-818     -            208 94808at7898          -            258     3e-09   35.5   5.3   2   2       2.9     3e+02   -0.6   0.2   198   213   153   168   146   176 0.76 -
TRINITY_DN11729_c1_g1_i1:152-1840   -            563 94808at7898          -            258   1.4e-08   33.3   1.7   1   1   2.8e-10   2.9e-08   32.3   1.7   201   246    27    74     9    81 0.83 -
TRINITY_DN17419_c0_g1_i1:246-1223   -            326 94808at7898          -            258     3e-08   32.2   6.1   1   2   3.4e-10   3.5e-08   32.0   3.0   200   247     8    56     4    64 0.89 -
TRINITY_DN17419_c0_g1_i1:246-1223   -            326 94808at7898          -            258     3e-08   32.2   6.1   2   2       1.2   1.2e+02    0.8   0.1    79   119   147   187   138   218 0.74 -
TRINITY_DN17419_c0_g1_i2:329-1897   -            523 94808at7898          -            258   6.8e-08   31.0   3.0   1   2   6.7e-10   6.8e-08   31.0   3.0   200   247     8    56     4    64 0.89 -
TRINITY_DN17419_c0_g1_i2:329-1897   -            523 94808at7898          -            258   6.8e-08   31.0   3.0   2   2       2.6   2.6e+02   -0.4   0.1    79   118   147   186   141   210 0.72 -
TRINITY_DN1296_c0_g1_i6:0-1154      -            385 94808at7898          -            258     2e-07   29.5   6.5   1   1   3.7e-09   3.7e-07   28.6   6.5   202   247    10    57     6    61 0.86 -
TRINITY_DN2010_c0_g2_i2:11-628      -            206 94808at7898          -            258   2.7e-07   29.1   5.2   1   2   2.6e-09   2.7e-07   29.1   5.2   205   249     1    47     1    55 0.86 -
TRINITY_DN2010_c0_g2_i2:11-628      -            206 94808at7898          -            258   2.7e-07   29.1   5.2   2   2       2.9   2.9e+02   -0.5   0.2   198   213   151   166   144   174 0.76 -
TRINITY_DN1296_c0_g1_i2:3-926       -            308 94808at7898          -            258   2.9e-07   29.0   7.1   1   1   5.2e-09   5.3e-07   28.1   7.1   203   247     4    50     1    54 0.86 -
TRINITY_DN11493_c0_g1_i1:37-1482    -            482 94808at7898          -            258   3.1e-07   28.9   2.3   1   1   3.1e-09   3.1e-07   28.9   2.3   202   252   235   288   223   291 0.86 -
TRINITY_DN3215_c0_g1_i2:458-2259    -            567 94808at7898          -            258   7.2e-07   27.7   3.5   1   1   2.4e-08   2.4e-06   26.0   3.5   202   247     8    58     4    71 0.77 -
TRINITY_DN3215_c0_g1_i11:1475-3331  -            576 94808at7898          -            258   8.9e-07   27.4   3.5   1   1   2.4e-08   2.4e-06   25.9   3.5   202   247     8    58     4    71 0.77 -
TRINITY_DN14449_c0_g1_i1:33-1499    -            489 94808at7898          -            258   2.2e-06   26.1   4.9   1   1   5.6e-08   5.7e-06   24.7   4.9   201   247     6    52     3    56 0.93 -
TRINITY_DN1296_c0_g1_i13:0-1118     -            373 94808at7898          -            258   2.5e-06   25.9   7.8   1   1   4.3e-08   4.4e-06   25.1   7.8   205   247     1    45     1    49 0.88 -
TRINITY_DN7903_c0_g1_i1:22-891      -            290 94808at7898          -            258   2.6e-06   25.8   1.8   1   3   2.6e-08   2.6e-06   25.8   1.8   202   249     9    61     6    68 0.80 -
TRINITY_DN7903_c0_g1_i1:22-891      -            290 94808at7898          -            258   2.6e-06   25.8   1.8   2   3       8.7   8.8e+02   -2.1   0.5   184   211   148   176   134   184 0.66 -
TRINITY_DN7903_c0_g1_i1:22-891      -            290 94808at7898          -            258   2.6e-06   25.8   1.8   3   3       5.3   5.4e+02   -1.4   0.2    83   127   220   267   197   280 0.58 -
TRINITY_DN19043_c0_g2_i1:320-715    -            132 94808at7898          -            258   3.1e-06   25.6   1.4   1   2   3.1e-08   3.1e-06   25.6   1.4   205   250     2    48     1    54 0.86 -
TRINITY_DN19043_c0_g2_i1:320-715    -            132 94808at7898          -            258   3.1e-06   25.6   1.4   2   2       3.6   3.7e+02   -0.9   0.2   237   250    92   105    82   113 0.74 -
TRINITY_DN4327_c0_g1_i1:263-2191    -            480 94808at7898          -            258   3.4e-06   25.5   2.1   1   1   1.1e-07   1.2e-05   23.7   2.1   202   248     4    55     1    61 0.79 -
TRINITY_DN4113_c0_g1_i8:704-1396    -            231 94808at7898          -            258   4.1e-06   25.2   6.9   1   1     8e-08   8.1e-06   24.2   6.9   130   244   119   229   112   231 0.71 -
TRINITY_DN4327_c0_g1_i15:263-2268   -            502 94808at7898          -            258   4.1e-06   25.2   2.1   1   1   1.2e-07   1.2e-05   23.6   2.1   202   248     4    55     1    61 0.79 -
TRINITY_DN3215_c0_g1_i9:309-1997    -            563 94808at7898          -            258   4.4e-06   25.1   3.7   1   1   4.4e-08   4.4e-06   25.1   3.7   203   247     3    52     1    65 0.78 -
TRINITY_DN2010_c0_g2_i1:11-628      -            206 94808at7898          -            258   4.7e-06   25.0   4.8   1   2   4.6e-08   4.7e-06   25.0   4.8   205   248     1    46     1    55 0.84 -
TRINITY_DN2010_c0_g2_i1:11-628      -            206 94808at7898          -            258   4.7e-06   25.0   4.8   2   2       2.9   2.9e+02   -0.5   0.2   198   213   151   166   144   174 0.76 -
TRINITY_DN4327_c0_g1_i9:16-1101     -            316 94808at7898          -            258   5.8e-06   24.7   2.0   1   1   5.7e-08   5.8e-06   24.7   2.0   202   248     4    55     1    62 0.80 -
TRINITY_DN2296_c2_g1_i1:176-1870    -            565 94808at7898          -            258   1.2e-05   23.7   1.2   1   1   2.9e-07   2.9e-05   22.4   1.2   204   247     6    54     2    60 0.77 -
TRINITY_DN4327_c0_g1_i8:272-1969    -            541 94808at7898          -            258   1.4e-05   23.5   2.0   1   1   1.3e-07   1.4e-05   23.5   2.0   202   248     6    57     3    62 0.79 -
TRINITY_DN3822_c1_g1_i1:1088-1930   -            281 94808at7898          -            258   1.5e-05   23.4  10.0   1   3   1.5e-07   1.5e-05   23.4  10.0   205   246     1    44     1    50 0.87 -
TRINITY_DN3822_c1_g1_i1:1088-1930   -            281 94808at7898          -            258   1.5e-05   23.4  10.0   2   3       2.5   2.5e+02   -0.3   0.7    91   133   159   201   145   207 0.52 -
TRINITY_DN3822_c1_g1_i1:1088-1930   -            281 94808at7898          -            258   1.5e-05   23.4  10.0   3   3       4.2   4.3e+02   -1.1   1.0   112   134   180   202   158   253 0.64 -
TRINITY_DN3822_c1_g1_i2:1086-1928   -            281 94808at7898          -            258   1.5e-05   23.4  10.0   1   3   1.5e-07   1.5e-05   23.4  10.0   205   246     1    44     1    50 0.87 -
TRINITY_DN3822_c1_g1_i2:1086-1928   -            281 94808at7898          -            258   1.5e-05   23.4  10.0   2   3       2.5   2.5e+02   -0.3   0.7    91   133   159   201   145   207 0.52 -
TRINITY_DN3822_c1_g1_i2:1086-1928   -            281 94808at7898          -            258   1.5e-05   23.4  10.0   3   3       4.2   4.3e+02   -1.1   1.0   112   134   180   202   158   253 0.64 -
TRINITY_DN16423_c0_g1_i6:430-762    -            111 94808at7898          -            258   1.9e-05   23.0   3.3   1   1   2.4e-07   2.4e-05   22.7   3.3   204   245     2    48     1    55 0.79 -
TRINITY_DN8242_c0_g1_i11:1-1263     -            421 94808at7898          -            258   1.9e-05   23.0   2.7   1   1     5e-07     5e-05   21.6   2.7   204   234    14    44     9    63 0.92 -
TRINITY_DN8242_c0_g1_i12:1-1278     -            426 94808at7898          -            258   1.9e-05   23.0   2.7   1   1     5e-07   5.1e-05   21.6   2.7   204   234    14    44     9    63 0.92 -
TRINITY_DN7903_c1_g2_i1:181-504     -            108 94808at7898          -            258   2.4e-05   22.7   2.4   1   1   3.6e-07   3.7e-05   22.1   2.4   205   249     1    50     1    57 0.82 -
TRINITY_DN11334_c0_g1_i2:0-1127     -            376 94808at7898          -            258     3e-05   22.4   2.7   1   1   5.9e-07     6e-05   21.4   2.7   202   245   288   332   283   337 0.87 -
TRINITY_DN4113_c0_g1_i2:704-1396    -            231 94808at7898          -            258   3.4e-05   22.2  10.2   1   2       1.3   1.3e+02    0.6   0.4   167   189   124   148    68   182 0.51 -
TRINITY_DN4113_c0_g1_i2:704-1396    -            231 94808at7898          -            258   3.4e-05   22.2  10.2   2   2   9.3e-07   9.5e-05   20.7  10.0   131   244   120   229   114   231 0.67 -
TRINITY_DN20116_c0_g1_i1:72-470     -            133 94808at7898          -            258   3.4e-05   22.2   6.9   1   1   4.9e-07     5e-05   21.6   6.9   205   245     2    42     1    46 0.94 -
TRINITY_DN8242_c0_g1_i1:1-1131      -            377 94808at7898          -            258   4.4e-05   21.8   2.7   1   2   4.3e-07   4.4e-05   21.8   2.7   204   234    14    44     9    63 0.92 -
TRINITY_DN8242_c0_g1_i1:1-1131      -            377 94808at7898          -            258   4.4e-05   21.8   2.7   2   2       5.6   5.6e+02   -1.5   0.0    78   132   268   323   259   348 0.59 -
TRINITY_DN5547_c1_g1_i5:236-1174    -            313 94808at7898          -            258   5.7e-05   21.5   4.9   1   1   9.2e-07   9.3e-05   20.8   4.9   195   249   247   302   226   310 0.77 -
TRINITY_DN7957_c0_g6_i1:146-502     -            119 94808at7898          -            258   5.9e-05   21.4   5.7   1   2   5.8e-07   5.9e-05   21.4   5.7   203   245     3    47     1    62 0.84 -
TRINITY_DN7957_c0_g6_i1:146-502     -            119 94808at7898          -            258   5.9e-05   21.4   5.7   2   2       6.1   6.2e+02   -1.6   0.2   193   214    92   113    79   116 0.66 -
TRINITY_DN5030_c0_g1_i10:2932-4854  -            641 94808at7898          -            258   6.1e-05   21.4   9.7   1   2     6e-07   6.1e-05   21.4   9.7   202   249     3    50     1    57 0.91 -
TRINITY_DN5030_c0_g1_i10:2932-4854  -            641 94808at7898          -            258   6.1e-05   21.4   9.7   2   2       3.1   3.1e+02   -0.6   1.3   204   229    98   123    89   129 0.88 -
TRINITY_DN5030_c0_g1_i12:3400-5322  -            641 94808at7898          -            258   6.1e-05   21.4   9.7   1   2     6e-07   6.1e-05   21.4   9.7   202   249     3    50     1    57 0.91 -
TRINITY_DN5030_c0_g1_i12:3400-5322  -            641 94808at7898          -            258   6.1e-05   21.4   9.7   2   2       3.1   3.1e+02   -0.6   1.3   204   229    98   123    89   129 0.88 -
TRINITY_DN5030_c0_g1_i16:1397-3319  -            641 94808at7898          -            258   6.1e-05   21.4   9.7   1   2     6e-07   6.1e-05   21.4   9.7   202   249     3    50     1    57 0.91 -
TRINITY_DN5030_c0_g1_i16:1397-3319  -            641 94808at7898          -            258   6.1e-05   21.4   9.7   2   2       3.1   3.1e+02   -0.6   1.3   204   229    98   123    89   129 0.88 -
TRINITY_DN2566_c0_g1_i6:25-1347     -            441 94808at7898          -            258    0.0001   20.6   5.9   1   2     1e-06    0.0001   20.6   5.9   203   249     7    58     3    65 0.79 -
TRINITY_DN2566_c0_g1_i6:25-1347     -            441 94808at7898          -            258    0.0001   20.6   5.9   2   2       7.4   7.5e+02   -1.9   0.3   193   210   157   174   103   185 0.69 -
TRINITY_DN2566_c0_g1_i9:25-1347     -            441 94808at7898          -            258    0.0001   20.6   5.9   1   3     1e-06    0.0001   20.6   5.9   203   249     7    58     3    65 0.79 -
TRINITY_DN2566_c0_g1_i9:25-1347     -            441 94808at7898          -            258    0.0001   20.6   5.9   2   3       5.6   5.6e+02   -1.5   0.3   223   252   110   139    94   146 0.73 -
TRINITY_DN2566_c0_g1_i9:25-1347     -            441 94808at7898          -            258    0.0001   20.6   5.9   3   3       6.5   6.6e+02   -1.7   0.2   195   212   159   176   133   188 0.66 -
TRINITY_DN2566_c0_g1_i11:154-1752   -            533 94808at7898          -            258   0.00013   20.2   5.9   1   2   1.3e-06   0.00013   20.2   5.9   203   249     7    58     3    65 0.79 -
TRINITY_DN2566_c0_g1_i11:154-1752   -            533 94808at7898          -            258   0.00013   20.2   5.9   2   2       8.6   8.7e+02   -2.1   0.4   223   252   110   139    95   144 0.73 -
TRINITY_DN5547_c1_g1_i2:236-1222    -            329 94808at7898          -            258   0.00018   19.8   5.1   1   1   2.7e-06   0.00028   19.2   5.1   200   248   268   317   249   326 0.84 -
TRINITY_DN5547_c1_g1_i4:186-1172    -            329 94808at7898          -            258   0.00018   19.8   5.1   1   1   2.7e-06   0.00028   19.2   5.1   200   248   268   317   249   326 0.84 -
TRINITY_DN3215_c0_g1_i14:467-2110   -            548 94808at7898          -            258   0.00032   19.0   2.4   1   2   3.1e-06   0.00032   19.0   2.4   204   249     2    52     1    59 0.79 -
TRINITY_DN3215_c0_g1_i14:467-2110   -            548 94808at7898          -            258   0.00032   19.0   2.4   2   2       5.7   5.8e+02   -1.5   0.3   202   251    81   124    64   126 0.60 -
TRINITY_DN3747_c0_g2_i1:613-1830    -            406 94808at7898          -            258   0.00033   19.0   5.3   1   1   6.4e-06   0.00065   18.0   5.3   194   250     6    65     2    73 0.81 -
TRINITY_DN26143_c0_g1_i1:585-1307   -            241 94808at7898          -            258    0.0004   18.7   5.0   1   2     4e-06    0.0004   18.7   5.0   201   244     8    53     2    61 0.84 -
TRINITY_DN26143_c0_g1_i1:585-1307   -            241 94808at7898          -            258    0.0004   18.7   5.0   2   2       1.1   1.2e+02    0.8   0.2    79   128   110   161    89   222 0.67 -
TRINITY_DN26143_c0_g1_i2:481-1203   -            241 94808at7898          -            258    0.0004   18.7   5.0   1   2     4e-06    0.0004   18.7   5.0   201   244     8    53     2    61 0.84 -
TRINITY_DN26143_c0_g1_i2:481-1203   -            241 94808at7898          -            258    0.0004   18.7   5.0   2   2       1.1   1.2e+02    0.8   0.2    79   128   110   161    89   222 0.67 -
TRINITY_DN3215_c0_g1_i12:467-2098   -            544 94808at7898          -            258   0.00041   18.7   2.0   1   2     4e-06   0.00041   18.7   2.0   204   249     2    52     1    59 0.80 -
TRINITY_DN3215_c0_g1_i12:467-2098   -            544 94808at7898          -            258   0.00041   18.7   2.0   2   2       5.3   5.4e+02   -1.4   0.3   202   251    77   120    62   122 0.59 -
TRINITY_DN3215_c0_g1_i8:309-1940    -            544 94808at7898          -            258   0.00041   18.7   2.0   1   2     4e-06   0.00041   18.7   2.0   204   249     2    52     1    59 0.80 -
TRINITY_DN3215_c0_g1_i8:309-1940    -            544 94808at7898          -            258   0.00041   18.7   2.0   2   2       5.3   5.4e+02   -1.4   0.3   202   251    77   120    62   122 0.59 -
TRINITY_DN34173_c0_g1_i1:682-1122   -            147 94808at7898          -            258   0.00064   18.0   4.7   1   1   6.3e-06   0.00064   18.0   4.7   202   248     5    52     1    56 0.83 -
TRINITY_DN30217_c0_g2_i1:1012-1818  -            269 94808at7898          -            258   0.00091   17.5   6.4   1   1   8.9e-06   0.00091   17.5   6.4   202   243     8    49     5    56 0.93 -
TRINITY_DN42441_c0_g3_i1:218-1612   -            465 94808at7898          -            258    0.0016   16.7   3.7   1   2   1.5e-05    0.0016   16.7   3.7   203   248     3    51     1    61 0.83 -
TRINITY_DN42441_c0_g3_i1:218-1612   -            465 94808at7898          -            258    0.0016   16.7   3.7   2   2       6.5   6.6e+02   -1.7   0.6   201   220   101   120    89   126 0.80 -
TRINITY_DN15445_c0_g1_i1:1-1140     -            380 94808at7898          -            258    0.0016   16.7   4.5   1   1   3.7e-05    0.0038   15.5   4.5   202   250     7    60     3    68 0.81 -
TRINITY_DN8005_c0_g2_i1:57-1625     -            523 94808at7898          -            258    0.0031   15.8   7.6   1   2   3.1e-05    0.0031   15.8   7.6   204   245     6    49     2    55 0.89 -
TRINITY_DN8005_c0_g2_i1:57-1625     -            523 94808at7898          -            258    0.0031   15.8   7.6   2   2       5.2   5.3e+02   -1.4   0.2    81   139   236   292   215   325 0.53 -
TRINITY_DN15445_c0_g1_i3:89-913     -            275 94808at7898          -            258    0.0035   15.6   4.9   1   1   3.5e-05    0.0035   15.6   4.9   202   250     4    57     2    65 0.81 -
TRINITY_DN1345_c3_g2_i1:303-1676    -            458 94808at7898          -            258     0.004   15.4   5.3   1   1   7.9e-05     0.008   14.4   5.3   201   245     5    49     3    59 0.91 -
TRINITY_DN1345_c3_g2_i2:303-1676    -            458 94808at7898          -            258     0.004   15.4   5.3   1   1   7.9e-05     0.008   14.4   5.3   201   245     5    49     3    59 0.91 -
TRINITY_DN14899_c0_g2_i1:150-479    -            110 94808at7898          -            258    0.0059   14.9   1.8   1   1   7.5e-05    0.0076   14.5   1.8   200   232     3    36     1    64 0.67 -
TRINITY_DN11430_c0_g1_i4:262-870    -            203 94808at7898          -            258     0.012   13.9   0.8   1   1   0.00023     0.023   12.9   0.8   203   240     4    43     1    50 0.79 -
TRINITY_DN178_c5_g1_i1:95-1507      -            471 94808at7898          -            258     0.012   13.8   3.4   1   1   0.00017     0.017   13.3   3.4   203   254   416   470   397   471 0.80 -
TRINITY_DN30217_c0_g1_i10:840-1757  -            306 94808at7898          -            258     0.047   11.9   4.5   1   1    0.0013      0.14   10.4   4.5   204   255    17    75     8    78 0.77 -
TRINITY_DN527_c3_g1_i5:664-960      -             99 94808at7898          -            258     0.068   11.4   1.2   1   1   0.00079     0.081   11.1   0.4   203   236     4    39     1    44 0.79 -
TRINITY_DN8005_c0_g3_i1:418-1692    -            425 94808at7898          -            258     0.077   11.2  10.4   1   1   0.00064     0.065   11.4   8.9   201   247     8    56     2    69 0.84 -
TRINITY_DN42441_c0_g3_i3:58-1449    -            464 94808at7898          -            258      0.14   10.3  12.9   1   2   7.6e-05    0.0077   14.5   6.1   205   248     4    50     1    60 0.83 -
TRINITY_DN42441_c0_g3_i3:58-1449    -            464 94808at7898          -            258      0.14   10.3  12.9   2   2       5.7   5.8e+02   -1.5   0.6   201   220   100   119    86   125 0.80 -
TRINITY_DN42441_c0_g3_i5:218-1609   -            464 94808at7898          -            258      0.14   10.3  12.9   1   2   7.6e-05    0.0077   14.5   6.1   205   248     4    50     1    60 0.83 -
TRINITY_DN42441_c0_g3_i5:218-1609   -            464 94808at7898          -            258      0.14   10.3  12.9   2   2       5.7   5.8e+02   -1.5   0.6   201   220   100   119    86   125 0.80 -
TRINITY_DN11430_c0_g1_i3:2501-3235  -            245 94808at7898          -            258      0.26    9.5   5.1   1   1   0.00035     0.036   12.3   1.0   203   240     4    43     1    49 0.79 -
TRINITY_DN10549_c0_g1_i1:50-1498    -            483 94808at7898          -            258      0.26    9.5  11.4   1   2   0.00018     0.019   13.2   3.7   202   247     4    51     2    63 0.87 -
TRINITY_DN10549_c0_g1_i1:50-1498    -            483 94808at7898          -            258      0.26    9.5  11.4   2   2       1.9   1.9e+02    0.1   0.9   201   220   124   143   120   146 0.87 -
TRINITY_DN42441_c0_g3_i4:218-1609   -            464 94808at7898          -            258      0.27    9.4  12.8   1   2   0.00011     0.012   13.9   5.7   205   248     4    50     1    60 0.83 -
TRINITY_DN42441_c0_g3_i4:218-1609   -            464 94808at7898          -            258      0.27    9.4  12.8   2   2       6.5   6.6e+02   -1.7   0.6   201   220   100   119    88   125 0.80 -
TRINITY_DN11430_c0_g1_i11:2472-3206 -            245 94808at7898          -            258      0.39    8.9   5.6   1   1   0.00046     0.047   11.9   1.3   203   240     4    43     1    49 0.78 -
TRINITY_DN30217_c0_g1_i11:992-1822  -            277 94808at7898          -            258      0.46    8.7   7.9   1   1    0.0018      0.19    9.9   5.0   204   255    10    68     4    71 0.77 -
TRINITY_DN30217_c0_g1_i7:1002-1742  -            247 94808at7898          -            258      0.48    8.6   8.3   1   1    0.0015      0.15   10.2   5.0   204   255     9    67     4    70 0.77 -
TRINITY_DN30217_c0_g1_i12:248-979   -            244 94808at7898          -            258       0.5    8.5   8.4   1   1    0.0015      0.15   10.3   5.0   204   255     9    67     4    70 0.77 -
TRINITY_DN7957_c0_g3_i1:233-1649    -            433 94808at7898          -            258       7.3    4.7  13.0   1   2     0.013       1.3    7.1   8.3   205   245     3    45     1    53 0.81 -
TRINITY_DN7957_c0_g3_i1:233-1649    -            433 94808at7898          -            258       7.3    4.7  13.0   2   2       4.4   4.4e+02   -1.1   0.1   107   136   176   205   167   227 0.76 -
TRINITY_DN7957_c0_g3_i3:233-1549    -            439 94808at7898          -            258       7.7    4.6  13.4   1   2     0.013       1.4    7.1   8.3   205   245     3    45     1    53 0.81 -
TRINITY_DN7957_c0_g3_i3:233-1549    -            439 94808at7898          -            258       7.7    4.6  13.4   2   2       4.4   4.5e+02   -1.2   0.1   107   136   176   205   167   227 0.76 -
#
# Program:         hmmsearch
# Version:         3.1b2 (February 2015)
# Pipeline mode:   SEARCH
# Query file:      /home/ericjuo/Projects/salmo_trutta_rna_seq/busco_downloads/lineages/actinopterygii_odb10/hmms/94808at7898.hmm
# Target file:     /home/ericjuo/Projects/salmo_trutta_rna_seq/data/02_intermediate/busco/run_actinopterygii_odb10/metaeuk_output/rerun_results/trinity.Trinity.fasta.modified.fas
# Option settings: hmmsearch --domtblout /home/ericjuo/Projects/salmo_trutta_rna_seq/data/02_intermediate/busco/run_actinopterygii_odb10/hmmer_output/rerun_results/94808at7898.out --cpu 1 /home/ericjuo/Projects/salmo_trutta_rna_seq/busco_downloads/lineages/actinopterygii_odb10/hmms/94808at7898.hmm /home/ericjuo/Projects/salmo_trutta_rna_seq/data/02_intermediate/busco/run_actinopterygii_odb10/metaeuk_output/rerun_results/trinity.Trinity.fasta.modified.fas 
# Current dir:     /home/ericjuo/Projects/salmo_trutta_rna_seq
# Date:            Fri Apr 29 13:03:48 2022
# [ok]
