#                                                                                           --- full sequence --- -------------- this domain -------------   hmm coord   ali coord   env coord
# target name                       accession   tlen query name           accession   qlen   E-value  score  bias   #  of  c-Evalue  i-Evalue  score  bias  from    to  from    to  from    to  acc description of target
#               ------------------- ---------- ----- -------------------- ---------- ----- --------- ------ ----- --- --- --------- --------- ------ ----- ----- ----- ----- ----- ----- ----- ---- ---------------------
TRINITY_DN8002_c0_g2_i1:115-1464    -            450 94835at7898          -            280   9.1e-53  178.0  27.3   1   4   1.8e-21   1.1e-19   69.5   4.4    90   236     1   155     1   159 0.88 -
TRINITY_DN8002_c0_g2_i1:115-1464    -            450 94835at7898          -            280   9.1e-53  178.0  27.3   2   4   1.4e-15   8.5e-14   50.2   3.1    72   211   144   291   140   291 0.82 -
TRINITY_DN8002_c0_g2_i1:115-1464    -            450 94835at7898          -            280   9.1e-53  178.0  27.3   3   4     1e-13   6.4e-12   44.0   1.9    46   148   282   383   280   383 0.89 -
TRINITY_DN8002_c0_g2_i1:115-1464    -            450 94835at7898          -            280   9.1e-53  178.0  27.3   4   4   2.1e-11   1.3e-09   36.4   0.5    84   158   366   440   363   448 0.90 -
TRINITY_DN13639_c0_g1_i1:67-630     -            188 94835at7898          -            280   2.1e-29  101.4   3.3   1   1   3.8e-31   2.3e-29  101.2   3.3    70   248     2   188     1   188 0.92 -
TRINITY_DN1692_c0_g1_i1:985-2451    -            489 94835at7898          -            280   3.7e-28   97.3  13.4   1   4   2.4e-06   0.00015   19.9   0.2   142   250    30   149    11   151 0.73 -
TRINITY_DN1692_c0_g1_i1:985-2451    -            489 94835at7898          -            280   3.7e-28   97.3  13.4   2   4   3.2e-11   1.9e-09   35.9   0.9    67   188   118   246   112   251 0.83 -
TRINITY_DN1692_c0_g1_i1:985-2451    -            489 94835at7898          -            280   3.7e-28   97.3  13.4   3   4   2.6e-08   1.6e-06   26.3   0.0    84   178   256   356   247   366 0.80 -
TRINITY_DN1692_c0_g1_i1:985-2451    -            489 94835at7898          -            280   3.7e-28   97.3  13.4   4   4   9.1e-09   5.6e-07   27.8   2.0    86   211   354   489   348   489 0.77 -
TRINITY_DN29863_c0_g1_i6:1229-1876  -            216 94835at7898          -            280   6.7e-28   96.5   2.4   1   1   7.1e-29   4.3e-27   93.8   2.4    43   250     1   216     1   216 0.92 -
TRINITY_DN29863_c0_g1_i7:1211-1858  -            216 94835at7898          -            280   6.7e-28   96.5   2.4   1   1   7.1e-29   4.3e-27   93.8   2.4    43   250     1   216     1   216 0.92 -
TRINITY_DN4197_c0_g1_i1:2121-2786   -            222 94835at7898          -            280   1.7e-27   95.2  12.3   1   3   8.1e-18     5e-16   57.5   1.9    58   169     2   117     1   119 0.90 -
TRINITY_DN4197_c0_g1_i1:2121-2786   -            222 94835at7898          -            280   1.7e-27   95.2  12.3   2   3   1.6e-08   9.7e-07   27.0   0.0    76   136    91   151    89   153 0.89 -
TRINITY_DN4197_c0_g1_i1:2121-2786   -            222 94835at7898          -            280   1.7e-27   95.2  12.3   3   3     2e-09   1.2e-07   30.0   0.9    62   152   123   214   122   219 0.92 -
TRINITY_DN4197_c0_g1_i5:1931-2596   -            222 94835at7898          -            280   1.7e-27   95.2  12.3   1   3   8.1e-18     5e-16   57.5   1.9    58   169     2   117     1   119 0.90 -
TRINITY_DN4197_c0_g1_i5:1931-2596   -            222 94835at7898          -            280   1.7e-27   95.2  12.3   2   3   1.6e-08   9.7e-07   27.0   0.0    76   136    91   151    89   153 0.89 -
TRINITY_DN4197_c0_g1_i5:1931-2596   -            222 94835at7898          -            280   1.7e-27   95.2  12.3   3   3     2e-09   1.2e-07   30.0   0.9    62   152   123   214   122   219 0.92 -
TRINITY_DN4197_c0_g1_i6:2480-3145   -            222 94835at7898          -            280   1.7e-27   95.2  12.3   1   3   8.1e-18     5e-16   57.5   1.9    58   169     2   117     1   119 0.90 -
TRINITY_DN4197_c0_g1_i6:2480-3145   -            222 94835at7898          -            280   1.7e-27   95.2  12.3   2   3   1.6e-08   9.7e-07   27.0   0.0    76   136    91   151    89   153 0.89 -
TRINITY_DN4197_c0_g1_i6:2480-3145   -            222 94835at7898          -            280   1.7e-27   95.2  12.3   3   3     2e-09   1.2e-07   30.0   0.9    62   152   123   214   122   219 0.92 -
TRINITY_DN4197_c0_g1_i7:2121-2786   -            222 94835at7898          -            280   1.7e-27   95.2  12.3   1   3   8.1e-18     5e-16   57.5   1.9    58   169     2   117     1   119 0.90 -
TRINITY_DN4197_c0_g1_i7:2121-2786   -            222 94835at7898          -            280   1.7e-27   95.2  12.3   2   3   1.6e-08   9.7e-07   27.0   0.0    76   136    91   151    89   153 0.89 -
TRINITY_DN4197_c0_g1_i7:2121-2786   -            222 94835at7898          -            280   1.7e-27   95.2  12.3   3   3     2e-09   1.2e-07   30.0   0.9    62   152   123   214   122   219 0.92 -
TRINITY_DN29863_c0_g1_i3:1230-1877  -            216 94835at7898          -            280   2.5e-27   94.6   2.9   1   1   3.4e-28   2.1e-26   91.5   2.9    43   250     1   216     1   216 0.92 -
TRINITY_DN10110_c0_g1_i2:243-1166   -            308 94835at7898          -            280   1.5e-26   92.1  22.0   1   2   6.1e-22   3.7e-20   71.0  12.2    77   233    59   223    44   226 0.88 -
TRINITY_DN10110_c0_g1_i2:243-1166   -            308 94835at7898          -            280   1.5e-26   92.1  22.0   2   2   4.3e-08   2.6e-06   25.6   2.1   108   185   226   306   224   308 0.86 -
TRINITY_DN16127_c0_g1_i2:601-1128   -            176 94835at7898          -            280   1.2e-25   89.1   2.3   1   2   5.7e-22   3.5e-20   71.1   0.8   106   223    15   139     4   145 0.86 -
TRINITY_DN16127_c0_g1_i2:601-1128   -            176 94835at7898          -            280   1.2e-25   89.1   2.3   2   2   8.2e-07     5e-05   21.4   0.1    83   127   132   176   130   176 0.92 -
TRINITY_DN16127_c0_g1_i3:326-853    -            176 94835at7898          -            280   1.2e-25   89.1   2.3   1   2   5.7e-22   3.5e-20   71.1   0.8   106   223    15   139     4   145 0.86 -
TRINITY_DN16127_c0_g1_i3:326-853    -            176 94835at7898          -            280   1.2e-25   89.1   2.3   2   2   8.2e-07     5e-05   21.4   0.1    83   127   132   176   130   176 0.92 -
TRINITY_DN16127_c0_g1_i4:223-750    -            176 94835at7898          -            280   1.2e-25   89.1   2.3   1   2   5.7e-22   3.5e-20   71.1   0.8   106   223    15   139     4   145 0.86 -
TRINITY_DN16127_c0_g1_i4:223-750    -            176 94835at7898          -            280   1.2e-25   89.1   2.3   2   2   8.2e-07     5e-05   21.4   0.1    83   127   132   176   130   176 0.92 -
TRINITY_DN16127_c0_g1_i5:235-762    -            176 94835at7898          -            280   1.2e-25   89.1   2.3   1   2   5.7e-22   3.5e-20   71.1   0.8   106   223    15   139     4   145 0.86 -
TRINITY_DN16127_c0_g1_i5:235-762    -            176 94835at7898          -            280   1.2e-25   89.1   2.3   2   2   8.2e-07     5e-05   21.4   0.1    83   127   132   176   130   176 0.92 -
TRINITY_DN2232_c2_g1_i3:4-594       -            197 94835at7898          -            280   3.2e-25   87.7   8.9   1   2   2.4e-15   1.5e-13   49.4   3.7    56   162    12   122     1   123 0.87 -
TRINITY_DN2232_c2_g1_i3:4-594       -            197 94835at7898          -            280   3.2e-25   87.7   8.9   2   2     6e-15   3.7e-13   48.1   0.2    76   168   103   197   101   197 0.88 -
TRINITY_DN2232_c2_g1_i1:4-594       -            197 94835at7898          -            280   9.5e-25   86.1   7.0   1   2   1.5e-13   9.4e-12   43.5   2.6    56   153    12   110     1   116 0.84 -
TRINITY_DN2232_c2_g1_i1:4-594       -            197 94835at7898          -            280   9.5e-25   86.1   7.0   2   2   8.2e-16   5.1e-14   50.9   0.3    69   168    96   197    95   197 0.89 -
TRINITY_DN4648_c0_g1_i1:871-1485    -            205 94835at7898          -            280   9.6e-25   86.1   6.9   1   3   5.5e-11   3.4e-09   35.1   0.7    54   150     1    96     1    97 0.92 -
TRINITY_DN4648_c0_g1_i1:871-1485    -            205 94835at7898          -            280   9.6e-25   86.1   6.9   2   3   1.3e-11   7.8e-10   37.2   0.1    73   141    89   157    85   158 0.93 -
TRINITY_DN4648_c0_g1_i1:871-1485    -            205 94835at7898          -            280   9.6e-25   86.1   6.9   3   3   1.3e-09   7.7e-08   30.6   0.3    93   157   132   195   132   203 0.89 -
TRINITY_DN4648_c0_g1_i5:871-1485    -            205 94835at7898          -            280   9.6e-25   86.1   6.9   1   3   5.5e-11   3.4e-09   35.1   0.7    54   150     1    96     1    97 0.92 -
TRINITY_DN4648_c0_g1_i5:871-1485    -            205 94835at7898          -            280   9.6e-25   86.1   6.9   2   3   1.3e-11   7.8e-10   37.2   0.1    73   141    89   157    85   158 0.93 -
TRINITY_DN4648_c0_g1_i5:871-1485    -            205 94835at7898          -            280   9.6e-25   86.1   6.9   3   3   1.3e-09   7.7e-08   30.6   0.3    93   157   132   195   132   203 0.89 -
TRINITY_DN22773_c0_g1_i7:287-907    -            207 94835at7898          -            280   1.7e-24   85.2   7.7   1   2   8.9e-16   5.4e-14   50.8   0.5    75   185     2   115     1   116 0.88 -
TRINITY_DN22773_c0_g1_i7:287-907    -            207 94835at7898          -            280   1.7e-24   85.2   7.7   2   2   5.9e-14   3.6e-12   44.8   1.7    54   161    74   181    72   197 0.92 -
TRINITY_DN4648_c0_g1_i4:1818-2432   -            205 94835at7898          -            280     3e-24   84.5   4.1   1   1     1e-25   6.2e-24   83.4   4.1    46   237     3   202     1   205 0.89 -
TRINITY_DN5279_c0_g1_i3:1542-2156   -            205 94835at7898          -            280   4.9e-24   83.8   3.7   1   1     1e-25   6.4e-24   83.4   3.7    95   250    42   205    20   205 0.86 -
TRINITY_DN5279_c0_g1_i4:482-1096    -            205 94835at7898          -            280   4.9e-24   83.8   3.7   1   1     1e-25   6.4e-24   83.4   3.7    95   250    42   205    20   205 0.86 -
TRINITY_DN5279_c0_g1_i2:482-952     -            157 94835at7898          -            280   4.2e-23   80.7   3.2   1   1   4.6e-24   2.8e-22   78.0   3.2   104   250     3   157     2   157 0.88 -
TRINITY_DN20994_c0_g7_i1:221-805    -            195 94835at7898          -            280   4.7e-23   80.6   4.4   1   1   8.5e-25   5.2e-23   80.4   4.4    73   251     6   192     1   194 0.89 -
TRINITY_DN22773_c0_g1_i4:172-960    -            263 94835at7898          -            280   6.5e-23   80.1   6.7   1   3     0.027       1.7    6.6   0.0    89   134    23    71    18    72 0.74 -
TRINITY_DN22773_c0_g1_i4:172-960    -            263 94835at7898          -            280   6.5e-23   80.1   6.7   2   3   1.9e-14   1.2e-12   46.5   0.2    74   185    57   171    54   172 0.88 -
TRINITY_DN22773_c0_g1_i4:172-960    -            263 94835at7898          -            280   6.5e-23   80.1   6.7   3   3   1.7e-13     1e-11   43.4   2.0    44   161   120   237   119   253 0.88 -
TRINITY_DN22773_c0_g1_i9:1072-1797  -            242 94835at7898          -            280   2.4e-22   78.2  10.0   1   2   1.4e-14   8.7e-13   46.9   1.1    73   185    56   171    19   172 0.87 -
TRINITY_DN22773_c0_g1_i9:1072-1797  -            242 94835at7898          -            280   2.4e-22   78.2  10.0   2   2   1.9e-13   1.2e-11   43.1   2.2    43   158   119   233   117   241 0.90 -
TRINITY_DN8002_c0_g2_i1:952-1509    -            186 94835at7898          -            280     3e-22   77.9   4.9   1   2   9.1e-15   5.6e-13   47.5   1.0    46   148     3   104     1   104 0.89 -
TRINITY_DN8002_c0_g2_i1:952-1509    -            186 94835at7898          -            280     3e-22   77.9   4.9   2   2   1.4e-11   8.4e-10   37.1   0.4    92   159    95   162    93   179 0.85 -
TRINITY_DN12944_c0_g3_i1:1176-1748  -            191 94835at7898          -            280   5.5e-22   77.0   3.5   1   1     1e-23   6.4e-22   76.8   3.5    46   222     3   184     1   191 0.90 -
TRINITY_DN7137_c0_g1_i1:517-1086    -            190 94835at7898          -            280   3.3e-21   74.5   9.0   1   2   4.4e-19   2.7e-17   61.7   7.0    87   227     2   153     1   159 0.85 -
TRINITY_DN7137_c0_g1_i1:517-1086    -            190 94835at7898          -            280   3.3e-21   74.5   9.0   2   2   0.00018     0.011   13.8   0.0    99   130   157   188   146   190 0.91 -
TRINITY_DN28114_c0_g1_i1:820-1380   -            187 94835at7898          -            280     6e-21   73.6   5.4   1   2     1e-14   6.1e-13   47.4   0.2    77   175     6   107     1   110 0.81 -
TRINITY_DN28114_c0_g1_i1:820-1380   -            187 94835at7898          -            280     6e-21   73.6   5.4   2   2   5.3e-10   3.3e-08   31.9   0.8    78   151   100   173    97   185 0.86 -
TRINITY_DN28114_c0_g1_i4:214-774    -            187 94835at7898          -            280     6e-21   73.6   5.4   1   2     1e-14   6.1e-13   47.4   0.2    77   175     6   107     1   110 0.81 -
TRINITY_DN28114_c0_g1_i4:214-774    -            187 94835at7898          -            280     6e-21   73.6   5.4   2   2   5.3e-10   3.3e-08   31.9   0.8    78   151   100   173    97   185 0.86 -
TRINITY_DN14395_c0_g1_i1:194-3235   -           1014 94835at7898          -            280   1.3e-20   72.5  21.5   1   4    0.0016     0.095   10.6   0.0    82   141   185   243   177   249 0.78 -
TRINITY_DN14395_c0_g1_i1:194-3235   -           1014 94835at7898          -            280   1.3e-20   72.5  21.5   2   4   0.00042     0.026   12.5   0.1    78   207   266   416   259   438 0.65 -
TRINITY_DN14395_c0_g1_i1:194-3235   -           1014 94835at7898          -            280   1.3e-20   72.5  21.5   3   4   4.1e-08   2.5e-06   25.7   0.2    81   234   487   643   463   649 0.77 -
TRINITY_DN14395_c0_g1_i1:194-3235   -           1014 94835at7898          -            280   1.3e-20   72.5  21.5   4   4   1.5e-09   9.3e-08   30.4   1.9    82   210   621   757   613   786 0.78 -
TRINITY_DN15234_c0_g1_i2:384-1112   -            243 94835at7898          -            280   2.4e-20   71.7   6.7   1   2   1.6e-12   9.6e-11   40.2   1.4   149   244    40   143     3   144 0.59 -
TRINITY_DN15234_c0_g1_i2:384-1112   -            243 94835at7898          -            280   2.4e-20   71.7   6.7   2   2   2.3e-11   1.4e-09   36.3   0.7    87   178   139   232   136   242 0.90 -
TRINITY_DN40428_c0_g1_i1:123-656    -            178 94835at7898          -            280   2.7e-20   71.5   5.1   1   1   9.6e-07   5.9e-05   21.2   0.4    74   137   108   171   105   178 0.84 -
TRINITY_DN15234_c0_g1_i1:410-1138   -            243 94835at7898          -            280   3.9e-20   71.0   7.1   1   2   1.6e-12   9.8e-11   40.1   1.4   149   244    40   143     3   144 0.59 -
TRINITY_DN15234_c0_g1_i1:410-1138   -            243 94835at7898          -            280   3.9e-20   71.0   7.1   2   2   3.7e-11   2.3e-09   35.6   0.8    88   178   140   232   137   242 0.90 -
TRINITY_DN27838_c1_g3_i1:261-842    -            194 94835at7898          -            280   4.1e-20   70.9   5.2   1   1   9.2e-21   5.6e-19   67.2   5.2    77   251    11   191     2   192 0.89 -
TRINITY_DN11968_c0_g1_i1:664-1455   -            264 94835at7898          -            280   5.3e-20   70.5   2.3   1   2   6.3e-13   3.9e-11   41.5   0.2   142   251    18   138     5   143 0.86 -
TRINITY_DN11968_c0_g1_i1:664-1455   -            264 94835at7898          -            280   5.3e-20   70.5   2.3   2   2   1.4e-10   8.8e-09   33.7   0.7    85   208   125   257   124   262 0.79 -
TRINITY_DN11968_c0_g1_i2:655-1446   -            264 94835at7898          -            280   5.3e-20   70.5   2.3   1   2   6.3e-13   3.9e-11   41.5   0.2   142   251    18   138     5   143 0.86 -
TRINITY_DN11968_c0_g1_i2:655-1446   -            264 94835at7898          -            280   5.3e-20   70.5   2.3   2   2   1.4e-10   8.8e-09   33.7   0.7    85   208   125   257   124   262 0.79 -
TRINITY_DN14395_c0_g1_i2:194-3250   -           1019 94835at7898          -            280   7.2e-20   70.1  20.4   1   4    0.0016     0.096   10.6   0.0    82   141   185   243   177   249 0.78 -
TRINITY_DN14395_c0_g1_i2:194-3250   -           1019 94835at7898          -            280   7.2e-20   70.1  20.4   2   4   0.00043     0.026   12.5   0.1    78   207   266   416   259   438 0.65 -
TRINITY_DN14395_c0_g1_i2:194-3250   -           1019 94835at7898          -            280   7.2e-20   70.1  20.4   3   4   4.4e-08   2.7e-06   25.6   0.3    81   234   487   643   463   649 0.77 -
TRINITY_DN14395_c0_g1_i2:194-3250   -           1019 94835at7898          -            280   7.2e-20   70.1  20.4   4   4   4.7e-06   0.00029   18.9   0.4    81   142   669   732   659   766 0.86 -
TRINITY_DN32578_c0_g1_i1:185-775    -            197 94835at7898          -            280   1.4e-19   69.1  12.1   1   2   5.7e-09   3.5e-07   28.5   3.6    91   186     2   101     1   102 0.81 -
TRINITY_DN32578_c0_g1_i1:185-775    -            197 94835at7898          -            280   1.4e-19   69.1  12.1   2   2   3.5e-15   2.2e-13   48.8   3.1    88   187    93   193    91   196 0.91 -
TRINITY_DN32578_c0_g1_i2:185-775    -            197 94835at7898          -            280   1.4e-19   69.1  12.1   1   2   5.7e-09   3.5e-07   28.5   3.6    91   186     2   101     1   102 0.81 -
TRINITY_DN32578_c0_g1_i2:185-775    -            197 94835at7898          -            280   1.4e-19   69.1  12.1   2   2   3.5e-15   2.2e-13   48.8   3.1    88   187    93   193    91   196 0.91 -
TRINITY_DN26898_c0_g1_i2:59-1165    -            369 94835at7898          -            280   3.3e-19   67.9  19.9   1   3   7.8e-05    0.0048   14.9   1.1   131   230     5   108     1   117 0.82 -
TRINITY_DN26898_c0_g1_i2:59-1165    -            369 94835at7898          -            280   3.3e-19   67.9  19.9   2   3     1e-10   6.2e-09   34.2   4.0    87   189   117   221   113   251 0.67 -
TRINITY_DN26898_c0_g1_i2:59-1165    -            369 94835at7898          -            280   3.3e-19   67.9  19.9   3   3   1.6e-08   9.9e-07   27.0   2.2    80   186   252   360   232   367 0.76 -
TRINITY_DN22773_c0_g1_i6:862-1479   -            206 94835at7898          -            280   3.3e-19   67.9   7.1   1   3   2.9e-09   1.8e-07   29.4   0.2    70   157     6    93     1    94 0.73 -
TRINITY_DN22773_c0_g1_i6:862-1479   -            206 94835at7898          -            280   3.3e-19   67.9   7.1   2   3     3e-06   0.00019   19.5   0.0    89   141    72   124    60   125 0.89 -
TRINITY_DN22773_c0_g1_i6:862-1479   -            206 94835at7898          -            280   3.3e-19   67.9   7.1   3   3   9.7e-11     6e-09   34.3   1.2    74   160   103   189   101   203 0.85 -
TRINITY_DN26898_c0_g1_i1:15-1118    -            368 94835at7898          -            280   3.7e-19   67.8  19.9   1   3   0.00016      0.01   13.9   0.9   132   230     5   107     2   113 0.81 -
TRINITY_DN26898_c0_g1_i1:15-1118    -            368 94835at7898          -            280   3.7e-19   67.8  19.9   2   3   8.2e-11     5e-09   34.5   4.3    86   189   115   220   109   245 0.81 -
TRINITY_DN26898_c0_g1_i1:15-1118    -            368 94835at7898          -            280   3.7e-19   67.8  19.9   3   3   1.7e-08     1e-06   27.0   2.4    80   186   251   359   223   366 0.74 -
TRINITY_DN22425_c0_g1_i1:184-696    -            171 94835at7898          -            280     9e-19   66.5  15.3   1   2   2.2e-07   1.3e-05   23.3   2.0   115   176     2    65     1    71 0.82 -
TRINITY_DN22425_c0_g1_i1:184-696    -            171 94835at7898          -            280     9e-19   66.5  15.3   2   2   3.7e-17   2.2e-15   55.4   5.7    53   186    32   165    32   169 0.92 -
TRINITY_DN22425_c0_g1_i2:184-696    -            171 94835at7898          -            280     9e-19   66.5  15.3   1   2   2.2e-07   1.3e-05   23.3   2.0   115   176     2    65     1    71 0.82 -
TRINITY_DN22425_c0_g1_i2:184-696    -            171 94835at7898          -            280     9e-19   66.5  15.3   2   2   3.7e-17   2.2e-15   55.4   5.7    53   186    32   165    32   169 0.92 -
TRINITY_DN22773_c0_g1_i11:1024-1608 -            195 94835at7898          -            280   1.9e-18   65.4   6.1   1   2     5e-13   3.1e-11   41.8   0.5    69   185     5   124     1   126 0.86 -
TRINITY_DN22773_c0_g1_i11:1024-1608 -            195 94835at7898          -            280   1.9e-18   65.4   6.1   2   2   1.7e-10     1e-08   33.5   2.0    74   160   103   189   101   193 0.91 -
TRINITY_DN22773_c0_g1_i2:1072-1656  -            195 94835at7898          -            280   1.9e-18   65.4   6.1   1   2     5e-13   3.1e-11   41.8   0.5    69   185     5   124     1   126 0.86 -
TRINITY_DN22773_c0_g1_i2:1072-1656  -            195 94835at7898          -            280   1.9e-18   65.4   6.1   2   2   1.7e-10     1e-08   33.5   2.0    74   160   103   189   101   193 0.91 -
TRINITY_DN17537_c0_g1_i1:502-1470   -            323 94835at7898          -            280   1.3e-17   62.7   5.1   1   2   2.1e-11   1.3e-09   36.4   1.6   142   251    44   162    25   168 0.85 -
TRINITY_DN17537_c0_g1_i1:502-1470   -            323 94835at7898          -            280   1.3e-17   62.7   5.1   2   2   1.6e-09   9.8e-08   30.3   0.2    69   208   156   305   155   319 0.76 -
TRINITY_DN11092_c2_g1_i1:485-1402   -            306 94835at7898          -            280   2.6e-17   61.7  12.7   1   2   5.3e-09   3.2e-07   28.6   2.6   116   227     2   125     1   130 0.62 -
TRINITY_DN11092_c2_g1_i1:485-1402   -            306 94835at7898          -            280   2.6e-17   61.7  12.7   2   2   3.6e-12   2.2e-10   39.0   5.4   106   254   111   271   108   280 0.79 -
TRINITY_DN13295_c0_g1_i1:4453-5466  -            338 94835at7898          -            280   2.8e-17   61.6  12.6   1   3   1.1e-05   0.00068   17.7   1.1   152   228     8    95     3   102 0.66 -
TRINITY_DN13295_c0_g1_i1:4453-5466  -            338 94835at7898          -            280   2.8e-17   61.6  12.6   2   3   2.6e-06   0.00016   19.8   0.2    73   142   166   238   157   255 0.77 -
TRINITY_DN13295_c0_g1_i1:4453-5466  -            338 94835at7898          -            280   2.8e-17   61.6  12.6   3   3   2.8e-05    0.0017   16.4   0.3    89   157   280   325   268   337 0.58 -
TRINITY_DN2884_c0_g1_i3:446-1363    -            306 94835at7898          -            280     3e-17   61.5  12.8   1   2   3.9e-11   2.4e-09   35.6   5.9   106   238    13   159     1   162 0.79 -
TRINITY_DN2884_c0_g1_i3:446-1363    -            306 94835at7898          -            280     3e-17   61.5  12.8   2   2   8.7e-10   5.3e-08   31.2   0.5   151   249   158   266   152   274 0.61 -
TRINITY_DN2884_c0_g1_i5:446-1363    -            306 94835at7898          -            280     3e-17   61.5  12.8   1   2   3.9e-11   2.4e-09   35.6   5.9   106   238    13   159     1   162 0.79 -
TRINITY_DN2884_c0_g1_i5:446-1363    -            306 94835at7898          -            280     3e-17   61.5  12.8   2   2   8.7e-10   5.3e-08   31.2   0.5   151   249   158   266   152   274 0.61 -
TRINITY_DN15628_c0_g2_i2:1-2181     -            727 94835at7898          -            280   1.3e-15   56.2  26.1   1   3   3.4e-07   2.1e-05   22.6   5.9    72   249    65   256    58   259 0.81 -
TRINITY_DN15628_c0_g2_i2:1-2181     -            727 94835at7898          -            280   1.3e-15   56.2  26.1   2   3     7e-12   4.3e-10   38.0   5.0    68   242   203   396   196   411 0.77 -
TRINITY_DN15628_c0_g2_i2:1-2181     -            727 94835at7898          -            280   1.3e-15   56.2  26.1   3   3   2.1e-07   1.3e-05   23.3   0.7    81   180   313   412   311   446 0.80 -
TRINITY_DN13127_c1_g3_i1:147-1631   -            495 94835at7898          -            280     4e-15   54.5  21.9   1   3     3e-08   1.8e-06   26.1   6.8    77   227    42   205    33   221 0.77 -
TRINITY_DN13127_c1_g3_i1:147-1631   -            495 94835at7898          -            280     4e-15   54.5  21.9   2   3     0.012      0.76    7.7   1.6   110   230   195   331   163   334 0.57 -
TRINITY_DN13127_c1_g3_i1:147-1631   -            495 94835at7898          -            280     4e-15   54.5  21.9   3   3   3.7e-09   2.3e-07   29.1   2.3    83   225   338   493   334   495 0.82 -
TRINITY_DN15628_c0_g2_i5:4-1125     -            374 94835at7898          -            280   6.7e-15   53.8   9.5   1   2   2.3e-06   0.00014   19.9   4.2    77   228    66   230    62   232 0.77 -
TRINITY_DN15628_c0_g2_i5:4-1125     -            374 94835at7898          -            280   6.7e-15   53.8   9.5   2   2   5.3e-11   3.3e-09   35.1   1.2    68   225   199   374   195   374 0.76 -
TRINITY_DN18518_c0_g1_i1:595-3117   -            841 94835at7898          -            280   1.2e-14   52.9  16.5   1   4   7.7e-09   4.7e-07   28.0   1.2    78   188    28   143    11   159 0.84 -
TRINITY_DN18518_c0_g1_i1:595-3117   -            841 94835at7898          -            280   1.2e-14   52.9  16.5   2   4     0.031       1.9    6.4   0.1   152   190   235   274   151   296 0.74 -
TRINITY_DN18518_c0_g1_i1:595-3117   -            841 94835at7898          -            280   1.2e-14   52.9  16.5   3   4   0.00063     0.038   11.9   0.5    68   187   373   503   358   510 0.74 -
TRINITY_DN18518_c0_g1_i1:595-3117   -            841 94835at7898          -            280   1.2e-14   52.9  16.5   4   4   0.00014    0.0083   14.1   0.1    80   180   518   622   515   633 0.72 -
TRINITY_DN1610_c0_g2_i5:3228-4118   -            297 94835at7898          -            280   2.4e-14   52.0   8.1   1   3   1.8e-10   1.1e-08   33.4   0.4   140   250     7   124     4   131 0.83 -
TRINITY_DN1610_c0_g2_i5:3228-4118   -            297 94835at7898          -            280   2.4e-14   52.0   8.1   2   3   1.6e-05   0.00098   17.2   0.8   181   250   128   195   110   199 0.77 -
TRINITY_DN1610_c0_g2_i5:3228-4118   -            297 94835at7898          -            280   2.4e-14   52.0   8.1   3   3   3.1e-06   0.00019   19.5   1.8    64   170   140   246   133   281 0.77 -
TRINITY_DN14395_c0_g1_i1:1292-2563  -            424 94835at7898          -            280   1.3e-13   49.6   7.7   1   2   1.3e-08   7.9e-07   27.3   0.4    80   234   120   277    97   280 0.77 -
TRINITY_DN14395_c0_g1_i1:1292-2563  -            424 94835at7898          -            280   1.3e-13   49.6   7.7   2   2   3.7e-10   2.3e-08   32.4   2.0    82   210   255   391   248   417 0.78 -
TRINITY_DN2534_c0_g2_i1:122-952     -            277 94835at7898          -            280   1.4e-13   49.5   2.9   1   1   2.8e-15   1.7e-13   49.2   2.9    44   235    39   246    34   267 0.81 -
TRINITY_DN2534_c0_g2_i3:180-1010    -            277 94835at7898          -            280   1.4e-13   49.5   2.9   1   1   2.8e-15   1.7e-13   49.2   2.9    44   235    39   246    34   267 0.81 -
TRINITY_DN15575_c0_g1_i1:326-2140   -            605 94835at7898          -            280   4.7e-13   47.7   2.3   1   3    0.0098       0.6    8.0   0.0    94   189    21   126    11   159 0.67 -
TRINITY_DN15575_c0_g1_i1:326-2140   -            605 94835at7898          -            280   4.7e-13   47.7   2.3   2   3   3.8e-07   2.3e-05   22.5   0.1    89   229   261   415   254   446 0.73 -
TRINITY_DN15575_c0_g1_i1:326-2140   -            605 94835at7898          -            280   4.7e-13   47.7   2.3   3   3   7.2e-05    0.0044   15.0   0.1    83   165   481   563   453   576 0.86 -
TRINITY_DN14395_c0_g1_i2:1643-2584  -            314 94835at7898          -            280   5.6e-13   47.5   6.3   1   2     1e-08   6.3e-07   27.6   0.8    84   234     7   160     1   168 0.85 -
TRINITY_DN14395_c0_g1_i2:1643-2584  -            314 94835at7898          -            280   5.6e-13   47.5   6.3   2   2   8.2e-07     5e-05   21.4   0.3    81   142   186   249   178   281 0.86 -
TRINITY_DN2534_c0_g2_i4:241-1131    -            297 94835at7898          -            280     1e-12   46.6   4.5   1   1   2.4e-14   1.5e-12   46.1   4.5    62   236    58   247    38   287 0.83 -
TRINITY_DN18660_c0_g1_i1:2-517      -            172 94835at7898          -            280   1.2e-12   46.4   3.0   1   1   6.5e-14     4e-12   44.7   3.0    60   207    14   172     7   172 0.79 -
TRINITY_DN6022_c0_g1_i1:24-1184     -            387 94835at7898          -            280   2.2e-12   45.6  16.4   1   4     0.001     0.064   11.2   1.4    89   141    56   110    17   113 0.45 -
TRINITY_DN6022_c0_g1_i1:24-1184     -            387 94835at7898          -            280   2.2e-12   45.6  16.4   2   4    0.0031      0.19    9.7   0.0    62   119    76   137    72   144 0.65 -
TRINITY_DN6022_c0_g1_i1:24-1184     -            387 94835at7898          -            280   2.2e-12   45.6  16.4   3   4     7e-06   0.00043   18.4   2.1    80   210   146   281   140   290 0.73 -
TRINITY_DN6022_c0_g1_i1:24-1184     -            387 94835at7898          -            280   2.2e-12   45.6  16.4   4   4   5.5e-06   0.00034   18.7   0.4   106   167   311   376   306   387 0.74 -
TRINITY_DN4763_c0_g1_i2:209-1444    -            412 94835at7898          -            280   3.1e-12   45.1  22.3   1   4   2.1e-06   0.00013   20.1   5.5    96   213    14   142     5   150 0.78 -
TRINITY_DN4763_c0_g1_i2:209-1444    -            412 94835at7898          -            280   3.1e-12   45.1  22.3   2   4   1.8e-07   1.1e-05   23.5  11.4    74   253    88   283    86   292 0.74 -
TRINITY_DN4763_c0_g1_i2:209-1444    -            412 94835at7898          -            280   3.1e-12   45.1  22.3   3   4   8.6e-05    0.0053   14.8   1.7   108   232   239   387   218   389 0.60 -
TRINITY_DN4763_c0_g1_i2:209-1444    -            412 94835at7898          -            280   3.1e-12   45.1  22.3   4   4    0.0025      0.15   10.0   0.1    89   142   348   405   341   412 0.63 -
TRINITY_DN37520_c0_g1_i1:3-1044     -            267 94835at7898          -            280   3.3e-12   45.0   6.0   1   2     2e-09   1.3e-07   29.9   0.3    85   232     8   169     5   175 0.76 -
TRINITY_DN37520_c0_g1_i1:3-1044     -            267 94835at7898          -            280   3.3e-12   45.0   6.0   2   2   7.6e-08   4.7e-06   24.8   1.2    84   225    79   233    75   243 0.77 -
TRINITY_DN1957_c0_g1_i2:157-2451    -            765 94835at7898          -            280   3.4e-12   44.9   7.0   1   2   4.9e-07     3e-05   22.1   0.0    84   186    14   126     6   174 0.73 -
TRINITY_DN1957_c0_g1_i2:157-2451    -            765 94835at7898          -            280   3.4e-12   44.9   7.0   2   2   1.2e-06   7.4e-05   20.9   4.2   104   229   351   482   300   507 0.54 -
TRINITY_DN4003_c0_g1_i1:56-1132     -            359 94835at7898          -            280   4.2e-12   44.6   2.1   1   2   1.5e-09   9.2e-08   30.4   0.9    65   229    61   233    50   236 0.81 -
TRINITY_DN4003_c0_g1_i1:56-1132     -            359 94835at7898          -            280   4.2e-12   44.6   2.1   2   2   5.1e-05    0.0031   15.5   0.0    61   152   197   287   189   305 0.66 -
TRINITY_DN4763_c0_g1_i1:209-1444    -            412 94835at7898          -            280     3e-11   41.8  21.0   1   4   2.7e-07   1.7e-05   23.0   8.4    97   244    15   177     6   181 0.69 -
TRINITY_DN4763_c0_g1_i1:209-1444    -            412 94835at7898          -            280     3e-11   41.8  21.0   2   4   4.5e-07   2.7e-05   22.3  10.0    72   253    86   283    82   292 0.73 -
TRINITY_DN4763_c0_g1_i1:209-1444    -            412 94835at7898          -            280     3e-11   41.8  21.0   3   4     0.015      0.93    7.4   0.3   107   232   191   313   189   327 0.57 -
TRINITY_DN4763_c0_g1_i1:209-1444    -            412 94835at7898          -            280     3e-11   41.8  21.0   4   4   8.5e-05    0.0052   14.8   1.7   146   240   290   396   238   406 0.64 -
TRINITY_DN24852_c0_g1_i1:20-469     -            150 94835at7898          -            280   3.2e-11   41.8   7.4   1   1   1.9e-12   1.2e-10   39.9   7.4    57   170    15   130     3   140 0.51 -
TRINITY_DN15628_c1_g1_i1:6-749      -            248 94835at7898          -            280   3.3e-11   41.7   7.3   1   2   1.1e-06   6.6e-05   21.0   2.1    88   185    43   144    26   150 0.77 -
TRINITY_DN15628_c1_g1_i1:6-749      -            248 94835at7898          -            280   3.3e-11   41.7   7.3   2   2   3.7e-07   2.2e-05   22.6   0.3   153   230   160   245   153   247 0.84 -
TRINITY_DN15628_c1_g1_i2:6-749      -            248 94835at7898          -            280   3.3e-11   41.7   7.3   1   2   1.1e-06   6.6e-05   21.0   2.1    88   185    43   144    26   150 0.77 -
TRINITY_DN15628_c1_g1_i2:6-749      -            248 94835at7898          -            280   3.3e-11   41.7   7.3   2   2   3.7e-07   2.2e-05   22.6   0.3   153   230   160   245   153   247 0.84 -
TRINITY_DN2928_c0_g1_i10:165-1166   -            334 94835at7898          -            280   4.2e-11   41.3   2.8   1   3   5.2e-05    0.0032   15.5   0.2   142   252    52   172    36   177 0.75 -
TRINITY_DN2928_c0_g1_i10:165-1166   -            334 94835at7898          -            280   4.2e-11   41.3   2.8   2   3   2.4e-05    0.0015   16.6   0.3    89   208    93   217    91   226 0.66 -
TRINITY_DN2928_c0_g1_i10:165-1166   -            334 94835at7898          -            280   4.2e-11   41.3   2.8   3   3   1.3e-06   8.3e-05   20.7   0.1   149   217   225   296   219   329 0.73 -
TRINITY_DN2928_c0_g1_i11:165-1166   -            334 94835at7898          -            280   4.2e-11   41.3   2.8   1   3   5.2e-05    0.0032   15.5   0.2   142   252    52   172    36   177 0.75 -
TRINITY_DN2928_c0_g1_i11:165-1166   -            334 94835at7898          -            280   4.2e-11   41.3   2.8   2   3   2.4e-05    0.0015   16.6   0.3    89   208    93   217    91   226 0.66 -
TRINITY_DN2928_c0_g1_i11:165-1166   -            334 94835at7898          -            280   4.2e-11   41.3   2.8   3   3   1.3e-06   8.3e-05   20.7   0.1   149   217   225   296   219   329 0.73 -
TRINITY_DN2928_c0_g1_i3:165-1166    -            334 94835at7898          -            280   4.2e-11   41.3   2.8   1   3   5.2e-05    0.0032   15.5   0.2   142   252    52   172    36   177 0.75 -
TRINITY_DN2928_c0_g1_i3:165-1166    -            334 94835at7898          -            280   4.2e-11   41.3   2.8   2   3   2.4e-05    0.0015   16.6   0.3    89   208    93   217    91   226 0.66 -
TRINITY_DN2928_c0_g1_i3:165-1166    -            334 94835at7898          -            280   4.2e-11   41.3   2.8   3   3   1.3e-06   8.3e-05   20.7   0.1   149   217   225   296   219   329 0.73 -
TRINITY_DN2928_c0_g1_i8:165-1166    -            334 94835at7898          -            280   4.2e-11   41.3   2.8   1   3   5.2e-05    0.0032   15.5   0.2   142   252    52   172    36   177 0.75 -
TRINITY_DN2928_c0_g1_i8:165-1166    -            334 94835at7898          -            280   4.2e-11   41.3   2.8   2   3   2.4e-05    0.0015   16.6   0.3    89   208    93   217    91   226 0.66 -
TRINITY_DN2928_c0_g1_i8:165-1166    -            334 94835at7898          -            280   4.2e-11   41.3   2.8   3   3   1.3e-06   8.3e-05   20.7   0.1   149   217   225   296   219   329 0.73 -
TRINITY_DN19345_c0_g1_i1:28-459     -            144 94835at7898          -            280   6.8e-10   37.4   2.6   1   2   8.7e-11   5.4e-09   34.4   0.4    96   187    10   105     2   110 0.82 -
TRINITY_DN19345_c0_g1_i1:28-459     -            144 94835at7898          -            280   6.8e-10   37.4   2.6   2   2      0.14       8.3    4.3   0.1   119   156   104   141   103   144 0.71 -
TRINITY_DN37419_c0_g1_i1:52-507     -            152 94835at7898          -            280   7.5e-10   37.2   1.8   1   2   1.8e-05    0.0011   17.0   0.1   146   188    21    64     3    66 0.88 -
TRINITY_DN37419_c0_g1_i1:52-507     -            152 94835at7898          -            280   7.5e-10   37.2   1.8   2   2   3.8e-06   0.00023   19.2   0.3    74   145    63   136    63   152 0.78 -
TRINITY_DN19162_c0_g1_i1:471-1010   -            180 94835at7898          -            280   2.4e-09   35.6   0.7   1   1   4.5e-11   2.7e-09   35.4   0.7    81   251     1   175     1   180 0.86 -
TRINITY_DN19162_c0_g1_i4:471-1010   -            180 94835at7898          -            280   2.4e-09   35.6   0.7   1   1   4.5e-11   2.7e-09   35.4   0.7    81   251     1   175     1   180 0.86 -
TRINITY_DN40089_c0_g1_i1:5-535      -            177 94835at7898          -            280   2.5e-09   35.5   3.3   1   2   2.1e-07   1.3e-05   23.3   0.4   132   231     4   113     2   119 0.80 -
TRINITY_DN40089_c0_g1_i1:5-535      -            177 94835at7898          -            280   2.5e-09   35.5   3.3   2   2   0.00026     0.016   13.2   0.2    87   138   120   171   116   176 0.80 -
TRINITY_DN1725_c0_g1_i2:313-870     -            186 94835at7898          -            280   3.5e-09   35.0   3.2   1   2       8.2     5e+02   -1.6   0.0   206   226     7    28     4    35 0.65 -
TRINITY_DN1725_c0_g1_i2:313-870     -            186 94835at7898          -            280   3.5e-09   35.0   3.2   2   2   1.2e-10   7.3e-09   34.0   2.8    56   165    37   150    20   163 0.78 -
TRINITY_DN37520_c0_g1_i2:0-590      -            197 94835at7898          -            280   3.6e-09   35.0   0.3   1   1     6e-10   3.7e-08   31.7   0.3    84   232     8   170     5   179 0.77 -
TRINITY_DN1692_c0_g1_i1:1795-2430   -            212 94835at7898          -            280   5.9e-09   34.3   0.8   1   2   3.5e-07   2.2e-05   22.6   0.2   141   250    22   142     5   145 0.73 -
TRINITY_DN1692_c0_g1_i1:1795-2430   -            212 94835at7898          -            280   5.9e-09   34.3   0.8   2   2     6e-06   0.00037   18.6   0.3    86   183   107   210   102   212 0.73 -
TRINITY_DN2534_c0_g2_i2:11-632      -            198 94835at7898          -            280   3.9e-08   31.6   5.4   1   2   6.4e-10   3.9e-08   31.6   5.4   111   231     5   138     2   167 0.54 -
TRINITY_DN2534_c0_g2_i2:11-632      -            198 94835at7898          -            280   3.9e-08   31.6   5.4   2   2       0.1       6.3    4.7   0.2   150   222   120   193   116   198 0.69 -
TRINITY_DN4073_c0_g2_i1:4489-5502   -            338 94835at7898          -            280   6.8e-08   30.8   0.5   1   1   2.8e-09   1.7e-07   29.5   0.2    87   189    97   205    89   223 0.82 -
TRINITY_DN4073_c0_g2_i3:4891-5904   -            338 94835at7898          -            280   6.8e-08   30.8   0.5   1   1   2.8e-09   1.7e-07   29.5   0.2    87   189    97   205    89   223 0.82 -
TRINITY_DN2534_c0_g2_i5:23-634      -            204 94835at7898          -            280   7.8e-08   30.6   4.6   1   1   1.3e-09   7.8e-08   30.6   4.6   138   251     9   131     1   134 0.81 -
TRINITY_DN4717_c0_g1_i8:642-1439    -            266 94835at7898          -            280   9.5e-08   30.3   6.1   1   2   0.00024     0.015   13.3   0.2   155   228    16    99     9   105 0.56 -
TRINITY_DN4717_c0_g1_i8:642-1439    -            266 94835at7898          -            280   9.5e-08   30.3   6.1   2   2   1.4e-05   0.00085   17.4   1.4    88   215   115   252   101   266 0.69 -
TRINITY_DN4717_c0_g1_i10:642-1439   -            266 94835at7898          -            280   1.8e-07   29.4   7.3   1   3   0.00024     0.015   13.3   0.2   155   228    16    99     9   105 0.56 -
TRINITY_DN4717_c0_g1_i10:642-1439   -            266 94835at7898          -            280   1.8e-07   29.4   7.3   2   3     0.032         2    6.3   0.2    87   160   114   190   101   193 0.69 -
TRINITY_DN4717_c0_g1_i10:642-1439   -            266 94835at7898          -            280   1.8e-07   29.4   7.3   3   3   0.00021     0.013   13.5   0.5   121   184   197   265   160   266 0.58 -
TRINITY_DN4717_c0_g1_i3:628-1425    -            266 94835at7898          -            280   1.8e-07   29.4   7.3   1   3   0.00024     0.015   13.3   0.2   155   228    16    99     9   105 0.56 -
TRINITY_DN4717_c0_g1_i3:628-1425    -            266 94835at7898          -            280   1.8e-07   29.4   7.3   2   3     0.032         2    6.3   0.2    87   160   114   190   101   193 0.69 -
TRINITY_DN4717_c0_g1_i3:628-1425    -            266 94835at7898          -            280   1.8e-07   29.4   7.3   3   3   0.00021     0.013   13.5   0.5   121   184   197   265   160   266 0.58 -
TRINITY_DN4717_c0_g1_i9:642-1439    -            266 94835at7898          -            280   1.8e-07   29.4   7.3   1   3   0.00024     0.015   13.3   0.2   155   228    16    99     9   105 0.56 -
TRINITY_DN4717_c0_g1_i9:642-1439    -            266 94835at7898          -            280   1.8e-07   29.4   7.3   2   3     0.032         2    6.3   0.2    87   160   114   190   101   193 0.69 -
TRINITY_DN4717_c0_g1_i9:642-1439    -            266 94835at7898          -            280   1.8e-07   29.4   7.3   3   3   0.00021     0.013   13.5   0.5   121   184   197   265   160   266 0.58 -
TRINITY_DN15628_c1_g2_i1:4-1440     -            479 94835at7898          -            280   3.4e-07   28.5   1.9   1   2    0.0011     0.069   11.1   0.1   111   208    12    94     5   100 0.47 -
TRINITY_DN15628_c1_g2_i1:4-1440     -            479 94835at7898          -            280   3.4e-07   28.5   1.9   2   2   3.1e-06   0.00019   19.5   0.8    85   173    81   175    77   182 0.79 -
TRINITY_DN18259_c0_g2_i1:16-705     -            230 94835at7898          -            280   3.6e-07   28.5   0.3   1   2   1.7e-05     0.001   17.1   0.1    84   142    19    79     2   110 0.72 -
TRINITY_DN18259_c0_g2_i1:16-705     -            230 94835at7898          -            280   3.6e-07   28.5   0.3   2   2   0.00075     0.046   11.7   0.1   112   206    72   178    64   184 0.44 -
TRINITY_DN4717_c0_g1_i5:642-1568    -            309 94835at7898          -            280   4.1e-07   28.2   7.3   1   4   0.00032      0.02   12.9   0.2   156   227    60   141    51   148 0.55 -
TRINITY_DN4717_c0_g1_i5:642-1568    -            309 94835at7898          -            280   4.1e-07   28.2   7.3   2   4   0.00061     0.037   12.0   0.2    84   177    81   180    78   192 0.74 -
TRINITY_DN4717_c0_g1_i5:642-1568    -            309 94835at7898          -            280   4.1e-07   28.2   7.3   3   4     0.034       2.1    6.2   0.2    87   160   157   233   144   242 0.70 -
TRINITY_DN4717_c0_g1_i5:642-1568    -            309 94835at7898          -            280   4.1e-07   28.2   7.3   4   4   0.00029     0.018   13.0   0.4   121   184   240   308   205   309 0.58 -
TRINITY_DN4717_c0_g1_i7:642-1550    -            303 94835at7898          -            280   4.4e-07   28.2   7.4   1   2   0.00037     0.023   12.7   0.2   156   228    54   136    49   143 0.56 -
TRINITY_DN4717_c0_g1_i7:642-1550    -            303 94835at7898          -            280   4.4e-07   28.2   7.4   2   2   0.00029     0.018   13.0   1.9    88   213   152   287   140   288 0.70 -
TRINITY_DN27588_c0_g1_i1:298-1128   -            277 94835at7898          -            280   6.5e-07   27.6  11.3   1   1   5.4e-08   3.3e-06   25.3  10.6    83   222    77   229    67   271 0.73 -
TRINITY_DN4763_c0_g1_i2:815-1441    -            209 94835at7898          -            280   2.3e-06   25.8   2.7   1   2    0.0005     0.031   12.3   0.7   108   198    37   141    14   164 0.59 -
TRINITY_DN4763_c0_g1_i2:815-1441    -            209 94835at7898          -            280   2.3e-06   25.8   2.7   2   2    0.0012     0.072   11.0   0.1    87   142   144   203   141   205 0.74 -
TRINITY_DN3323_c1_g2_i1:173-1306    -            378 94835at7898          -            280   3.6e-06   25.2   3.7   1   1   1.2e-06   7.2e-05   20.9   3.7    86   214    30   174    21   208 0.74 -
TRINITY_DN35607_c0_g1_i1:41-382     -            114 94835at7898          -            280   7.7e-06   24.1   0.4   1   1   1.5e-07   9.5e-06   23.8   0.4    86   181     5   106     2   112 0.71 -
TRINITY_DN53559_c0_g1_i1:118-648    -            177 94835at7898          -            280   7.8e-06   24.1   1.7   1   1   1.6e-07   9.8e-06   23.7   1.7    82   187    15   121     2   159 0.60 -
TRINITY_DN11406_c0_g1_i2:407-775    -            123 94835at7898          -            280   8.5e-06   23.9   2.4   1   1   1.5e-07   9.2e-06   23.8   2.4    84   166     7    91     2   115 0.82 -
TRINITY_DN1870_c0_g1_i1:970-1512    -            181 94835at7898          -            280   9.1e-06   23.8   0.2   1   1   1.8e-07   1.1e-05   23.6   0.2   116   229    17   137     6   167 0.64 -
TRINITY_DN18259_c0_g1_i1:5-550      -            182 94835at7898          -            280   1.2e-05   23.5   1.9   1   2   0.00026     0.016   13.2   0.2   179   230    49   107     4   119 0.68 -
TRINITY_DN18259_c0_g1_i1:5-550      -            182 94835at7898          -            280   1.2e-05   23.5   1.9   2   2    0.0045      0.27    9.1   0.3    87   142   118   176    99   182 0.71 -
TRINITY_DN11818_c0_g3_i1:44-817     -            258 94835at7898          -            280   2.2e-05   22.6   1.8   1   1   7.1e-07   4.4e-05   21.6   1.8    89   208     5   134     2   147 0.75 -
TRINITY_DN4763_c1_g1_i3:273-920     -            216 94835at7898          -            280   6.8e-05   21.0   0.4   1   1   1.8e-06   0.00011   20.2   0.4   143   237    23   125     8   146 0.74 -
TRINITY_DN4763_c0_g1_i1:821-1420    -            200 94835at7898          -            280   0.00012   20.2   4.2   1   1   3.7e-05    0.0023   16.0   3.8   108   238    35   190    14   200 0.60 -
TRINITY_DN25358_c0_g2_i11:975-1721  -            249 94835at7898          -            280   0.00012   20.2   0.2   1   2   0.00031     0.019   13.0   0.1    91   166    70   157    63   184 0.70 -
TRINITY_DN25358_c0_g2_i11:975-1721  -            249 94835at7898          -            280   0.00012   20.2   0.2   2   2    0.0049       0.3    9.0   0.0    76   168   134   241   126   246 0.72 -
TRINITY_DN25358_c0_g2_i20:2282-3028 -            249 94835at7898          -            280   0.00012   20.2   0.2   1   2   0.00031     0.019   13.0   0.1    91   166    70   157    63   184 0.70 -
TRINITY_DN25358_c0_g2_i20:2282-3028 -            249 94835at7898          -            280   0.00012   20.2   0.2   2   2    0.0049       0.3    9.0   0.0    76   168   134   241   126   246 0.72 -
TRINITY_DN12116_c0_g1_i1:530-901    -            124 94835at7898          -            280   0.00016   19.8   0.0   1   1   4.2e-06   0.00026   19.1   0.0   157   268     1   119     1   123 0.83 -
TRINITY_DN12116_c0_g1_i3:269-640    -            124 94835at7898          -            280   0.00016   19.8   0.0   1   1   4.2e-06   0.00026   19.1   0.0   157   268     1   119     1   123 0.83 -
TRINITY_DN6022_c0_g3_i1:142-717     -            192 94835at7898          -            280   0.00023   19.3   3.6   1   1   5.3e-06   0.00033   18.7   3.6   109   228    10   140     4   184 0.66 -
TRINITY_DN32389_c0_g2_i1:106-819    -            238 94835at7898          -            280   0.00035   18.6   1.9   1   1   4.1e-05    0.0025   15.8   2.0   133   231    79   194    53   223 0.51 -
TRINITY_DN1864_c0_g1_i11:1039-1401  -            121 94835at7898          -            280   0.00045   18.3   1.0   1   1     1e-05   0.00064   17.8   1.0   126   181    26    86     2   117 0.43 -
TRINITY_DN1864_c0_g1_i13:1033-1395  -            121 94835at7898          -            280   0.00045   18.3   1.0   1   1     1e-05   0.00064   17.8   1.0   126   181    26    86     2   117 0.43 -
TRINITY_DN1864_c0_g1_i14:1027-1389  -            121 94835at7898          -            280   0.00045   18.3   1.0   1   1     1e-05   0.00064   17.8   1.0   126   181    26    86     2   117 0.43 -
TRINITY_DN1864_c0_g1_i1:1021-1383   -            121 94835at7898          -            280   0.00045   18.3   1.0   1   1     1e-05   0.00064   17.8   1.0   126   181    26    86     2   117 0.43 -
TRINITY_DN25647_c0_g1_i1:7-738      -            244 94835at7898          -            280   0.00075   17.5   0.5   1   1   2.4e-05    0.0015   16.6   0.5   125   233    91   210    53   236 0.63 -
TRINITY_DN3323_c1_g2_i2:173-1198    -            342 94835at7898          -            280    0.0011   17.0   1.4   1   1   0.00023     0.014   13.4   1.5   107   213    18   137     9   171 0.67 -
TRINITY_DN3323_c1_g2_i4:173-1198    -            342 94835at7898          -            280    0.0011   17.0   1.4   1   1   0.00023     0.014   13.4   1.5   107   213    18   137     9   171 0.67 -
TRINITY_DN67851_c0_g1_i1:5-493      -            163 94835at7898          -            280     0.005   14.9   0.4   1   2   0.00022     0.014   13.4   0.2   155   214    35    95    16   114 0.82 -
TRINITY_DN67851_c0_g1_i1:5-493      -            163 94835at7898          -            280     0.005   14.9   0.4   2   2       5.9   3.6e+02   -1.1   0.0   150   182   119   149   101   159 0.61 -
TRINITY_DN7320_c0_g1_i2:102-1781    -            560 94835at7898          -            280    0.0063   14.5   0.0   1   1   0.00029     0.018   13.0   0.0   110   190   103   188    66   202 0.59 -
TRINITY_DN7320_c0_g1_i3:102-1781    -            560 94835at7898          -            280    0.0063   14.5   0.0   1   1   0.00029     0.018   13.0   0.0   110   190   103   188    66   202 0.59 -
TRINITY_DN7320_c0_g1_i4:355-2046    -            564 94835at7898          -            280    0.0063   14.5   0.0   1   1   0.00029     0.018   13.0   0.0   110   190   107   192    70   206 0.59 -
TRINITY_DN4898_c0_g2_i1:1-1146      -            382 94835at7898          -            280     0.033   12.2   7.5   1   2       5.1   3.1e+02   -0.9   0.2   115   147   171   203   164   273 0.67 -
TRINITY_DN4898_c0_g2_i1:1-1146      -            382 94835at7898          -            280     0.033   12.2   7.5   2   2   0.00015    0.0091   14.0   3.9    89   189   260   362   244   375 0.68 -
TRINITY_DN4898_c0_g2_i2:1-1146      -            382 94835at7898          -            280     0.033   12.2   7.5   1   2       5.1   3.1e+02   -0.9   0.2   115   147   171   203   164   273 0.67 -
TRINITY_DN4898_c0_g2_i2:1-1146      -            382 94835at7898          -            280     0.033   12.2   7.5   2   2   0.00015    0.0091   14.0   3.9    89   189   260   362   244   375 0.68 -
#
# Program:         hmmsearch
# Version:         3.1b2 (February 2015)
# Pipeline mode:   SEARCH
# Query file:      /home/ericjuo/Projects/salmo_trutta_rna_seq/busco_downloads/lineages/actinopterygii_odb10/hmms/94835at7898.hmm
# Target file:     /home/ericjuo/Projects/salmo_trutta_rna_seq/data/02_intermediate/busco/run_actinopterygii_odb10/metaeuk_output/rerun_results/trinity.Trinity.fasta.modified.fas
# Option settings: hmmsearch --domtblout /home/ericjuo/Projects/salmo_trutta_rna_seq/data/02_intermediate/busco/run_actinopterygii_odb10/hmmer_output/rerun_results/94835at7898.out --cpu 1 /home/ericjuo/Projects/salmo_trutta_rna_seq/busco_downloads/lineages/actinopterygii_odb10/hmms/94835at7898.hmm /home/ericjuo/Projects/salmo_trutta_rna_seq/data/02_intermediate/busco/run_actinopterygii_odb10/metaeuk_output/rerun_results/trinity.Trinity.fasta.modified.fas 
# Current dir:     /home/ericjuo/Projects/salmo_trutta_rna_seq
# Date:            Fri Apr 29 13:04:00 2022
# [ok]
