#                                                                                           --- full sequence --- -------------- this domain -------------   hmm coord   ali coord   env coord
# target name                       accession   tlen query name           accession   qlen   E-value  score  bias   #  of  c-Evalue  i-Evalue  score  bias  from    to  from    to  from    to  acc description of target
#               ------------------- ---------- ----- -------------------- ---------- ----- --------- ------ ----- --- --- --------- --------- ------ ----- ----- ----- ----- ----- ----- ----- ---- ---------------------
TRINITY_DN18432_c1_g1_i3:889-1848   -            320 9519at7898           -            969  3.7e-171  570.1   0.1   1   1  3.1e-173  4.5e-171  569.8   0.1   694   969    18   320     9   320 0.94 -
TRINITY_DN18432_c1_g1_i1:892-1851   -            320 9519at7898           -            969  4.8e-171  569.7   0.1   1   1    4e-173  5.9e-171  569.4   0.1   694   969    18   320     9   320 0.94 -
TRINITY_DN869_c1_g1_i14:274-2841    -            856 9519at7898           -            969   2.9e-87  292.3   0.0   1   2   1.1e-34   1.7e-32  111.1   0.0    23   304     4   292     1   304 0.84 -
TRINITY_DN869_c1_g1_i14:274-2841    -            856 9519at7898           -            969   2.9e-87  292.3   0.0   2   2   3.1e-55   4.5e-53  179.2   0.2   719   961   619   853   614   856 0.88 -
TRINITY_DN869_c1_g1_i15:274-2841    -            856 9519at7898           -            969   2.9e-87  292.3   0.0   1   2   1.1e-34   1.7e-32  111.1   0.0    23   304     4   292     1   304 0.84 -
TRINITY_DN869_c1_g1_i15:274-2841    -            856 9519at7898           -            969   2.9e-87  292.3   0.0   2   2   3.1e-55   4.5e-53  179.2   0.2   719   961   619   853   614   856 0.88 -
TRINITY_DN3709_c0_g2_i1:58-1071     -            338 9519at7898           -            969   1.3e-50  171.0   1.0   1   1   1.1e-52   1.6e-50  170.7   1.0   682   961    38   337    24   338 0.81 -
TRINITY_DN3919_c0_g1_i14:465-1334   -            290 9519at7898           -            969   1.5e-50  170.9   0.2   1   1   1.2e-52   1.8e-50  170.6   0.2   722   963    46   283    15   289 0.89 -
TRINITY_DN3919_c0_g1_i1:465-1334    -            290 9519at7898           -            969   1.5e-50  170.9   0.2   1   1   1.2e-52   1.8e-50  170.6   0.2   722   963    46   283    15   289 0.89 -
TRINITY_DN3919_c0_g1_i3:465-1334    -            290 9519at7898           -            969   1.5e-50  170.9   0.2   1   1   1.2e-52   1.8e-50  170.6   0.2   722   963    46   283    15   289 0.89 -
TRINITY_DN3919_c0_g1_i5:465-1334    -            290 9519at7898           -            969   1.5e-50  170.9   0.2   1   1   1.2e-52   1.8e-50  170.6   0.2   722   963    46   283    15   289 0.89 -
TRINITY_DN3709_c0_g2_i2:58-1071     -            338 9519at7898           -            969   2.2e-50  170.3   1.0   1   1   1.8e-52   2.7e-50  170.0   1.0   682   961    38   337    24   338 0.81 -
TRINITY_DN655_c0_g1_i3:566-4381     -           1272 9519at7898           -            969   5.3e-50  169.0   0.4   1   1   5.4e-52     8e-50  168.4   0.4   720   964  1027  1262  1008  1265 0.89 -
TRINITY_DN13617_c0_g1_i10:1527-2504 -            326 9519at7898           -            969   7.1e-50  168.6   0.8   1   2    0.0015      0.22    8.1   0.0   936   961     9    34     3    38 0.90 -
TRINITY_DN13617_c0_g1_i10:1527-2504 -            326 9519at7898           -            969   7.1e-50  168.6   0.8   2   2   3.4e-49     5e-47  159.2   0.1   725   962    94   326    65   326 0.90 -
TRINITY_DN9882_c0_g1_i1:391-1254    -            288 9519at7898           -            969   3.9e-46  156.2   0.7   1   1     3e-48   4.5e-46  156.0   0.7   721   963    52   288    29   288 0.87 -
TRINITY_DN9882_c0_g1_i3:490-1353    -            288 9519at7898           -            969   3.9e-46  156.2   0.7   1   1     3e-48   4.5e-46  156.0   0.7   721   963    52   288    29   288 0.87 -
TRINITY_DN42721_c0_g1_i1:213-1142   -            310 9519at7898           -            969     4e-46  156.2   1.9   1   1   3.1e-48   4.6e-46  156.0   1.9   723   961    66   310    26   310 0.85 -
TRINITY_DN13617_c0_g1_i1:2893-3840  -            316 9519at7898           -            969   3.5e-45  153.1   0.2   1   1   2.8e-47   4.1e-45  152.9   0.2   723   961    83   314    21   315 0.89 -
TRINITY_DN13617_c0_g1_i5:573-1520   -            316 9519at7898           -            969   4.8e-45  152.6   0.4   1   1   3.8e-47   5.6e-45  152.4   0.4   723   961    83   314    21   315 0.89 -
TRINITY_DN9882_c0_g1_i4:395-1258    -            288 9519at7898           -            969   7.4e-45  152.0   0.4   1   1   5.8e-47   8.6e-45  151.8   0.4   721   963    52   288    29   288 0.87 -
TRINITY_DN4179_c1_g3_i1:1392-2243   -            284 9519at7898           -            969   1.9e-43  147.3   0.6   1   1   1.5e-45   2.2e-43  147.1   0.6   714   959    45   284    19   284 0.85 -
TRINITY_DN4179_c1_g3_i2:1314-2165   -            284 9519at7898           -            969   1.9e-43  147.3   0.6   1   1   1.5e-45   2.2e-43  147.1   0.6   714   959    45   284    19   284 0.85 -
TRINITY_DN4179_c1_g3_i3:1392-2243   -            284 9519at7898           -            969   1.9e-43  147.3   0.6   1   1   1.5e-45   2.2e-43  147.1   0.6   714   959    45   284    19   284 0.85 -
TRINITY_DN4179_c1_g3_i4:1392-2243   -            284 9519at7898           -            969   1.9e-43  147.3   0.6   1   1   1.5e-45   2.2e-43  147.1   0.6   714   959    45   284    19   284 0.85 -
TRINITY_DN13617_c0_g1_i15:1215-2111 -            299 9519at7898           -            969   4.2e-42  142.9   1.6   1   2   1.9e-05    0.0028   14.3   0.0   721   761    36    77     8    86 0.83 -
TRINITY_DN13617_c0_g1_i15:1215-2111 -            299 9519at7898           -            969   4.2e-42  142.9   1.6   2   2   1.6e-39   2.3e-37  127.2   1.1   764   959   107   298   103   299 0.90 -
TRINITY_DN41673_c0_g1_i1:11-895     -            295 9519at7898           -            969     2e-41  140.6   0.1   1   1   1.7e-43   2.5e-41  140.3   0.1   723   964    38   289    15   294 0.82 -
TRINITY_DN12011_c0_g3_i2:0-902      -            301 9519at7898           -            969   2.3e-40  137.1   0.0   1   1     2e-42   2.9e-40  136.8   0.0    29   305     3   280     1   283 0.87 -
TRINITY_DN12011_c0_g1_i4:1189-2136  -            316 9519at7898           -            969   5.9e-40  135.8   0.2   1   1     5e-42   7.3e-40  135.5   0.2    24   304     3   284     1   287 0.87 -
TRINITY_DN86_c0_g2_i3:344-1396      -            351 9519at7898           -            969   1.5e-38  131.1   0.0   1   1   1.3e-40   1.9e-38  130.8   0.0    26   303     4   278     1   284 0.90 -
TRINITY_DN86_c0_g2_i5:344-1396      -            351 9519at7898           -            969   1.5e-38  131.1   0.0   1   1   1.3e-40   1.9e-38  130.8   0.0    26   303     4   278     1   284 0.90 -
TRINITY_DN2763_c0_g2_i5:2653-3621   -            323 9519at7898           -            969   1.1e-37  128.2   0.0   1   1   9.4e-40   1.4e-37  127.9   0.0    43   304    20   280     2   309 0.88 -
TRINITY_DN2763_c0_g2_i7:2284-3252   -            323 9519at7898           -            969   1.1e-37  128.2   0.0   1   1   9.4e-40   1.4e-37  127.9   0.0    43   304    20   280     2   309 0.88 -
TRINITY_DN2763_c0_g2_i8:2284-3252   -            323 9519at7898           -            969   1.1e-37  128.2   0.0   1   1   9.4e-40   1.4e-37  127.9   0.0    43   304    20   280     2   309 0.88 -
TRINITY_DN703_c0_g2_i1:799-1767     -            323 9519at7898           -            969   5.7e-36  122.6   0.0   1   1   4.4e-38   6.5e-36  122.4   0.0    26   304     2   279     1   315 0.91 -
TRINITY_DN703_c0_g2_i3:1158-2126    -            323 9519at7898           -            969   5.7e-36  122.6   0.0   1   1   4.4e-38   6.5e-36  122.4   0.0    26   304     2   279     1   315 0.91 -
TRINITY_DN703_c0_g2_i4:542-1510     -            323 9519at7898           -            969   5.7e-36  122.6   0.0   1   1   4.4e-38   6.5e-36  122.4   0.0    26   304     2   279     1   315 0.91 -
TRINITY_DN869_c1_g1_i12:280-1368    -            363 9519at7898           -            969     2e-33  114.1   0.0   1   1   1.6e-35   2.3e-33  113.9   0.0    25   304     4   290     1   304 0.84 -
TRINITY_DN28367_c0_g2_i1:414-1244   -            277 9519at7898           -            969   5.1e-32  109.5   0.8   1   1   3.9e-34   5.7e-32  109.4   0.8    36   300     2   275     1   277 0.88 -
TRINITY_DN723_c0_g1_i1:375-1253     -            293 9519at7898           -            969   5.9e-32  109.3   0.4   1   1   4.7e-34   6.9e-32  109.1   0.4    28   301    11   292     4   293 0.91 -
TRINITY_DN8357_c0_g1_i1:1202-2146   -            315 9519at7898           -            969     2e-31  107.5   0.0   1   1   1.6e-33   2.3e-31  107.3   0.0    25   293     3   268     1   287 0.87 -
TRINITY_DN20343_c0_g1_i1:384-1331   -            316 9519at7898           -            969   2.3e-31  107.3   0.0   1   1   1.9e-33   2.7e-31  107.1   0.0    23   304     7   286     2   312 0.90 -
TRINITY_DN869_c1_g1_i8:18-1067      -            350 9519at7898           -            969   1.2e-30  104.9   0.0   1   1   1.1e-32   1.6e-30  104.6   0.0    44   304    10   277     2   291 0.82 -
TRINITY_DN4881_c0_g1_i11:1399-2322  -            308 9519at7898           -            969   1.6e-30  104.5   0.0   1   1   1.3e-32   1.9e-30  104.3   0.0    25   305     3   285     1   298 0.90 -
TRINITY_DN4881_c0_g1_i9:1415-2338   -            308 9519at7898           -            969   1.6e-30  104.5   0.0   1   1   1.3e-32   1.9e-30  104.3   0.0    25   305     3   285     1   298 0.90 -
TRINITY_DN24586_c0_g3_i1:8-856      -            283 9519at7898           -            969   1.2e-29  101.7   0.3   1   1   9.4e-32   1.4e-29  101.4   0.3    26   290     9   280     3   283 0.86 -
TRINITY_DN17447_c0_g1_i2:142-1062   -            307 9519at7898           -            969   1.5e-29  101.3   0.0   1   1   1.2e-31   1.7e-29  101.2   0.0    30   305     4   278     1   305 0.86 -
TRINITY_DN14510_c0_g1_i2:1193-2188  -            332 9519at7898           -            969   1.7e-16   58.1   0.1   1   1   3.3e-18   4.8e-16   56.6   0.1    22   245    12   222     3   231 0.85 -
TRINITY_DN7881_c0_g3_i1:313-1146    -            278 9519at7898           -            969     5e-10   36.7   0.1   1   1   3.9e-12   5.8e-10   36.5   0.1    28   241    15   245     2   271 0.79 -
TRINITY_DN67807_c0_g1_i1:123-386    -             88 9519at7898           -            969   4.8e-05   20.2   0.0   1   1   3.7e-07   5.5e-05   20.0   0.0   880   952    12    87     8    88 0.89 -
TRINITY_DN9828_c0_g1_i4:1192-1539   -            116 9519at7898           -            969   0.00025   17.8   0.0   1   1   1.9e-06   0.00028   17.7   0.0   846   942    15   111     5   114 0.81 -
TRINITY_DN9828_c0_g1_i5:1192-1539   -            116 9519at7898           -            969   0.00025   17.8   0.0   1   1   1.9e-06   0.00028   17.7   0.0   846   942    15   111     5   114 0.81 -
TRINITY_DN9828_c0_g1_i6:1188-1535   -            116 9519at7898           -            969   0.00025   17.8   0.0   1   1   1.9e-06   0.00028   17.7   0.0   846   942    15   111     5   114 0.81 -
TRINITY_DN5844_c1_g1_i11:914-1222   -            103 9519at7898           -            969     0.028   11.0   0.0   1   1   0.00021     0.032   10.9   0.0   888   922    40    74    34    92 0.87 -
TRINITY_DN5844_c1_g1_i8:609-917     -            103 9519at7898           -            969      0.03   11.0   0.0   1   1   0.00023     0.034   10.8   0.0   888   922    40    74    34    91 0.87 -
TRINITY_DN11385_c0_g1_i1:132-449    -            106 9519at7898           -            969     0.067    9.8   0.1   1   2      0.22        32    0.9   0.0   529   563    12    46     2    53 0.79 -
TRINITY_DN11385_c0_g1_i1:132-449    -            106 9519at7898           -            969     0.067    9.8   0.1   2   2    0.0014      0.21    8.2   0.1   892   922    44    74    37    84 0.80 -
TRINITY_DN11385_c0_g1_i2:132-449    -            106 9519at7898           -            969     0.067    9.8   0.1   1   2      0.22        32    0.9   0.0   529   563    12    46     2    53 0.79 -
TRINITY_DN11385_c0_g1_i2:132-449    -            106 9519at7898           -            969     0.067    9.8   0.1   2   2    0.0014      0.21    8.2   0.1   892   922    44    74    37    84 0.80 -
#
# Program:         hmmsearch
# Version:         3.1b2 (February 2015)
# Pipeline mode:   SEARCH
# Query file:      /home/ericjuo/Projects/salmo_trutta_rna_seq/busco_downloads/lineages/actinopterygii_odb10/hmms/9519at7898.hmm
# Target file:     /home/ericjuo/Projects/salmo_trutta_rna_seq/data/02_intermediate/busco/run_actinopterygii_odb10/metaeuk_output/rerun_results/trinity.Trinity.fasta.modified.fas
# Option settings: hmmsearch --domtblout /home/ericjuo/Projects/salmo_trutta_rna_seq/data/02_intermediate/busco/run_actinopterygii_odb10/hmmer_output/rerun_results/9519at7898.out --cpu 1 /home/ericjuo/Projects/salmo_trutta_rna_seq/busco_downloads/lineages/actinopterygii_odb10/hmms/9519at7898.hmm /home/ericjuo/Projects/salmo_trutta_rna_seq/data/02_intermediate/busco/run_actinopterygii_odb10/metaeuk_output/rerun_results/trinity.Trinity.fasta.modified.fas 
# Current dir:     /home/ericjuo/Projects/salmo_trutta_rna_seq
# Date:            Fri Apr 29 13:03:57 2022
# [ok]
